<?xml version="1.0" encoding="UTF-8"?>
<MyLifeOrganized-xml ver="1.2">
  <TaskTree>
    <TaskNode Caption="">
      <Created>2021-07-04T09:00:00</Created>
      <TaskNode Caption="&lt;Inbox&gt;">
        <HideInToDoThisTask>-1</HideInToDoThisTask>
        <Created>2021-07-04T09:00:00</Created>
      </TaskNode>
      <TaskNode Caption="Figure out Stephen Miller's math videos">
        <DueDateTime>2021-06-14T00:00:00</DueDateTime>
        <StartDateTime>2021-06-14T00:00:00</StartDateTime>
        <LeadTime>0</LeadTime>
        <ScheduleType>1</ScheduleType>
        <Places>
          <Place>3. Math</Place>
        </Places>
        <Created>2021-07-04T09:00:00</Created>
      </TaskNode>
      <TaskNode Caption="STUDY-LOGBOOK: ">
        <HideInToDo>-1</HideInToDo>
        <HideInToDoThisTask>-1</HideInToDoThisTask>
        <LeadTime>0</LeadTime>
        <ScheduleType>1</ScheduleType>
        <Created>2021-07-04T09:00:00</Created>
        <TaskNode Caption="2020">
          <Created>2021-07-04T09:00:00</Created>
          <TaskNode Caption="JANUARY">
            <Created>2021-07-04T09:00:00</Created>
            <TaskNode Caption="WEEK-5: ( 11 )">
              <Created>2021-07-04T09:00:00</Created>
              <TaskNode Caption="MONDAY ( 2 )">
                <Created>2021-07-04T09:00:00</Created>
                <TaskNode Caption="13:30 - 13:55">
                  <Created>2021-07-04T09:00:00</Created>
                </TaskNode>
                <TaskNode Caption="14:00 - 14:25 Res: Highest prime power in n!">
                  <Created>2021-07-04T09:00:00</Created>
                </TaskNode>
              </TaskNode>
              <TaskNode Caption="TUESDAY">
                <CustomFormat>
                  <Bold>1</Bold>
                  <FontColor>255</FontColor>
                </CustomFormat>
                <Created>2021-07-04T09:00:00</Created>
                <TaskNode Caption="13:40 - 14:05 FAIL">
                  <CustomFormat>
                    <Bold>1</Bold>
                    <FontColor>255</FontColor>
                  </CustomFormat>
                  <Created>2021-07-04T09:00:00</Created>
                </TaskNode>
              </TaskNode>
              <TaskNode Caption="WEDNESDAY ( 3 )">
                <Created>2021-07-04T09:00:00</Created>
                <TaskNode Caption="10:03 - 10:28 Chebyshev proof doorgelopen">
                  <Created>2021-07-04T09:00:00</Created>
                </TaskNode>
                <TaskNode Caption="11:38 - 12:03 Walkthrough Chebyshev functions Theta, Psi">
                  <Created>2021-07-04T09:00:00</Created>
                </TaskNode>
                <TaskNode Caption="12:10 - 12:35 Scan De Koninck / Luca">
                  <Created>2021-07-04T09:00:00</Created>
                </TaskNode>
              </TaskNode>
              <TaskNode Caption="THURSDAY ( 6 )">
                <Created>2021-07-04T09:00:00</Created>
                <TaskNode Caption="09:53 - 10:18 Indexering/Scan De Koninck / Luca">
                  <Created>2021-07-04T09:00:00</Created>
                </TaskNode>
                <TaskNode Caption="10:25 - 10:50 Indexering/Scan De Koninck / Luca (2)">
                  <Created>2021-07-04T09:00:00</Created>
                </TaskNode>
                <TaskNode Caption="11:00 - 11:25 Indexering/Scan De Koninck / Luca (3)">
                  <Created>2021-07-04T09:00:00</Created>
                </TaskNode>
                <TaskNode Caption="11:30 - 11:55 Indexering/Scan De Koninck / Luca (4)">
                  <Created>2021-07-04T09:00:00</Created>
                </TaskNode>
                <TaskNode Caption="12:05 - 12:30 Calibre Zaken">
                  <Created>2021-07-04T09:00:00</Created>
                </TaskNode>
                <TaskNode Caption="12:42 - 13:07 Planning...">
                  <Created>2021-07-04T09:00:00</Created>
                </TaskNode>
              </TaskNode>
              <TaskNode Caption="FRIDAY">
                <CustomFormat>
                  <Bold>1</Bold>
                  <FontColor>255</FontColor>
                </CustomFormat>
                <Created>2021-07-04T09:00:00</Created>
                <TaskNode Caption="FAIL i.v.m. #Apotheek">
                  <CustomFormat>
                    <Bold>1</Bold>
                    <FontColor>255</FontColor>
                  </CustomFormat>
                  <Created>2021-07-04T09:00:00</Created>
                </TaskNode>
              </TaskNode>
            </TaskNode>
          </TaskNode>
          <TaskNode Caption="FEBRUARY">
            <Created>2021-07-04T09:00:00</Created>
            <TaskNode Caption="WEEK-6: 3/2 ( 17 )">
              <Created>2021-07-04T09:00:00</Created>
              <TaskNode Caption="MONDAY ( 4 )">
                <Created>2021-07-04T09:00:00</Created>
                <TaskNode Caption="09:15 - 09:40 Approximating a sum by an integral">
                  <Created>2021-07-04T09:00:00</Created>
                </TaskNode>
                <TaskNode Caption="10:20 - 10:45 Euler-McLaurin">
                  <Created>2021-07-04T09:00:00</Created>
                </TaskNode>
                <TaskNode Caption="10:55 - 11:20 Euler-McLaurin">
                  <Created>2021-07-04T09:00:00</Created>
                </TaskNode>
                <TaskNode Caption="11:30 - 11:55 Euler-McLaurin">
                  <Created>2021-07-04T09:00:00</Created>
                </TaskNode>
              </TaskNode>
              <TaskNode Caption="TUESDAY ( 4 )">
                <Created>2021-07-04T09:00:00</Created>
                <TaskNode Caption="09:55 - 10:20 Euler-McLaurin">
                  <Created>2021-07-04T09:00:00</Created>
                </TaskNode>
                <TaskNode Caption="10:30 - 10:55 Oscillating Functions">
                  <Created>2021-07-04T09:00:00</Created>
                </TaskNode>
                <TaskNode Caption="11:05 - 11:30 Combinatorial Results">
                  <Created>2021-07-04T09:00:00</Created>
                </TaskNode>
                <TaskNode Caption="12:00 - 12:25 Mma Tests">
                  <Created>2021-07-04T09:00:00</Created>
                </TaskNode>
              </TaskNode>
              <TaskNode Caption="WEDNESDAY ( 6 )">
                <Created>2021-07-04T09:00:00</Created>
                <TaskNode Caption="11:00 - 11:25 Count with Occupancy">
                  <Created>2021-07-04T09:00:00</Created>
                </TaskNode>
                <TaskNode Caption="11:30 - 11:55 Count with Occupancy">
                  <Created>2021-07-04T09:00:00</Created>
                </TaskNode>
                <TaskNode Caption="12:02 - 12:27 n^k Identity">
                  <Created>2021-07-04T09:00:00</Created>
                </TaskNode>
                <TaskNode Caption="13:10 - 13:35 Init Birthday Problem &amp; Planning">
                  <CustomFormat>
                    <Bold>0</Bold>
                  </CustomFormat>
                  <Created>2021-07-04T09:00:00</Created>
                </TaskNode>
                <TaskNode Caption="13:40 - 14:05 Manipulation of Sums BROWSE">
                  <Created>2021-07-04T09:00:00</Created>
                </TaskNode>
                <TaskNode Caption="16:00 - 16:25 Sums Exercise">
                  <CustomFormat>
                    <Bold>0</Bold>
                  </CustomFormat>
                  <Created>2021-07-04T09:00:00</Created>
                </TaskNode>
              </TaskNode>
              <TaskNode Caption="THURSDAY ( 2 )">
                <Created>2021-07-04T09:00:00</Created>
                <TaskNode Caption="09:45 - 10:10 Finite Calculus">
                  <Created>2021-07-04T09:00:00</Created>
                </TaskNode>
                <TaskNode Caption="10:45 - 11:15 MMa Discr Calc">
                  <Created>2021-07-04T09:00:00</Created>
                </TaskNode>
              </TaskNode>
              <TaskNode Caption="SATURDAY ( 1 )">
                <Created>2021-07-04T09:00:00</Created>
                <TaskNode Caption="14:00 - 14:25 Finite Calculus">
                  <Created>2021-07-04T09:00:00</Created>
                </TaskNode>
              </TaskNode>
              <TaskNode Caption="SUNDAY">
                <CustomFormat>
                  <Bold>1</Bold>
                  <FontColor>255</FontColor>
                </CustomFormat>
                <Created>2021-07-04T09:00:00</Created>
              </TaskNode>
            </TaskNode>
            <TaskNode Caption="WEEK-7: 10/2 ( 24 )">
              <Created>2021-07-04T09:00:00</Created>
              <TaskNode Caption="MONDAY ( 6 )">
                <Created>2021-07-04T09:00:00</Created>
                <TaskNode Caption="10:00 - 10:25 Notation Package">
                  <Created>2021-07-04T09:00:00</Created>
                </TaskNode>
                <TaskNode Caption="10:32 - 10:57 Notation Package">
                  <Created>2021-07-04T09:00:00</Created>
                </TaskNode>
                <TaskNode Caption="11:20 - 11:45 Created question SE.MMa about Package">
                  <Created>2021-07-04T09:00:00</Created>
                </TaskNode>
                <TaskNode Caption="11:50 - 12:15 Generating Functions">
                  <Created>2021-07-04T09:00:00</Created>
                </TaskNode>
                <TaskNode Caption="12:25 - 12:50 Scan / Plan">
                  <Created>2021-07-04T09:00:00</Created>
                </TaskNode>
                <TaskNode Caption="13:20 - 13:45 Applying GF's">
                  <Created>2021-07-04T09:00:00</Created>
                </TaskNode>
              </TaskNode>
              <TaskNode Caption="TUESDAY ( 9 )">
                <Created>2021-07-04T09:00:00</Created>
                <TaskNode Caption="09:25 - 09:50 Euler-MacLaurin (as in) Discrete Calculus">
                  <Created>2021-07-04T09:00:00</Created>
                </TaskNode>
                <TaskNode Caption="10:15 - 10:40 Euler-MacLaurin 1st Order">
                  <Created>2021-07-04T09:00:00</Created>
                </TaskNode>
                <TaskNode Caption="11:05 - 11:30 Euler-MacLaurin 1st Order">
                  <Created>2021-07-04T09:00:00</Created>
                </TaskNode>
                <TaskNode Caption="11:35 - 12:00 Euler-McLaurin Estimates">
                  <Created>2021-07-04T09:00:00</Created>
                </TaskNode>
                <TaskNode Caption="14:10 - 14:35 Exc. 3">
                  <Created>2021-07-04T09:00:00</Created>
                </TaskNode>
                <TaskNode Caption="14:45 - 15:10 Exc. 3">
                  <Created>2021-07-04T09:00:00</Created>
                </TaskNode>
                <TaskNode Caption="15:45 - 16:10 Exc. 4">
                  <Created>2021-07-04T09:00:00</Created>
                </TaskNode>
                <TaskNode Caption="16:10 - 16:35 Exc. 4">
                  <Created>2021-07-04T09:00:00</Created>
                </TaskNode>
                <TaskNode Caption="16:35 - 17:00 Exc. 2">
                  <Created>2021-07-04T09:00:00</Created>
                </TaskNode>
              </TaskNode>
              <TaskNode Caption="WEDNESDAY ( 6 )">
                <Created>2021-07-04T09:00:00</Created>
                <TaskNode Caption="10:40 - 11:05 Euler-McLaurin Approximations">
                  <Created>2021-07-04T09:00:00</Created>
                </TaskNode>
                <TaskNode Caption="11:15 - 11:40 Planning">
                  <Created>2021-07-04T09:00:00</Created>
                </TaskNode>
                <TaskNode Caption="11:50 - 12:15 Scan PNT stuff">
                  <Created>2021-07-04T09:00:00</Created>
                </TaskNode>
                <TaskNode Caption="17:50 - 18:15 Exc. 2">
                  <Created>2021-07-04T09:00:00</Created>
                </TaskNode>
                <TaskNode Caption="18:25 - 18:50 Exc. 2">
                  <Created>2021-07-04T09:00:00</Created>
                </TaskNode>
                <TaskNode Caption="20:00 - 20:25 Exc. 2OK Exc. 3">
                  <Created>2021-07-04T09:00:00</Created>
                </TaskNode>
              </TaskNode>
              <TaskNode Caption="THURSDAY ( 3 )">
                <Created>2021-07-04T09:00:00</Created>
                <TaskNode Caption="14:25 - 14:50 Exc. 5">
                  <Created>2021-07-04T09:00:00</Created>
                </TaskNode>
                <TaskNode Caption="15:25 - 15:50 Exc. 5">
                  <Created>2021-07-04T09:00:00</Created>
                </TaskNode>
                <TaskNode Caption="17:17 - 17:47 Exc. 7">
                  <Created>2021-07-04T09:00:00</Created>
                </TaskNode>
              </TaskNode>
              <TaskNode Caption="FRIDAY">
                <CustomFormat>
                  <Bold>1</Bold>
                  <FontColor>255</FontColor>
                </CustomFormat>
                <Created>2021-07-04T09:00:00</Created>
              </TaskNode>
              <TaskNode Caption="SATURDAY">
                <CustomFormat>
                  <Bold>1</Bold>
                  <FontColor>255</FontColor>
                </CustomFormat>
                <Created>2021-07-04T09:00:00</Created>
              </TaskNode>
              <TaskNode Caption="SUNDAY">
                <CustomFormat>
                  <Bold>1</Bold>
                  <FontColor>255</FontColor>
                </CustomFormat>
                <Created>2021-07-04T09:00:00</Created>
              </TaskNode>
            </TaskNode>
            <TaskNode Caption="WEEK-8: 17/2 ( 4 )">
              <Created>2021-07-04T09:00:00</Created>
              <TaskNode Caption="MONDAY ( 4 )">
                <Created>2021-07-04T09:00:00</Created>
                <TaskNode Caption="09:55 - 10:20 Scan ANT">
                  <Created>2021-07-04T09:00:00</Created>
                </TaskNode>
                <TaskNode Caption="10:42 - 11:07 Scan ANT">
                  <Created>2021-07-04T09:00:00</Created>
                </TaskNode>
                <TaskNode Caption="11:13 - 11:38 Scan ANT">
                  <Created>2021-07-04T09:00:00</Created>
                </TaskNode>
                <TaskNode Caption="11:49 - 12:14 Scan DSC">
                  <Created>2021-07-04T09:00:00</Created>
                </TaskNode>
              </TaskNode>
              <TaskNode Caption="TUESDAY">
                <CustomFormat>
                  <Bold>1</Bold>
                  <FontColor>255</FontColor>
                </CustomFormat>
                <Created>2021-07-04T09:00:00</Created>
              </TaskNode>
              <TaskNode Caption="WEDNESDAY">
                <CustomFormat>
                  <Bold>1</Bold>
                  <FontColor>255</FontColor>
                </CustomFormat>
                <Created>2021-07-04T09:00:00</Created>
              </TaskNode>
              <TaskNode Caption="THURSDAY">
                <CustomFormat>
                  <Bold>1</Bold>
                  <FontColor>255</FontColor>
                </CustomFormat>
                <Created>2021-07-04T09:00:00</Created>
              </TaskNode>
              <TaskNode Caption="FRIDAY">
                <CustomFormat>
                  <Bold>1</Bold>
                  <FontColor>255</FontColor>
                </CustomFormat>
                <Created>2021-07-04T09:00:00</Created>
              </TaskNode>
              <TaskNode Caption="SATURDAY">
                <CustomFormat>
                  <Bold>1</Bold>
                  <FontColor>255</FontColor>
                </CustomFormat>
                <Created>2021-07-04T09:00:00</Created>
              </TaskNode>
              <TaskNode Caption="SUNDAY">
                <CustomFormat>
                  <Bold>1</Bold>
                  <FontColor>255</FontColor>
                </CustomFormat>
                <Created>2021-07-04T09:00:00</Created>
              </TaskNode>
            </TaskNode>
            <TaskNode Caption="WEEK-9: 24/2 ( 16 )">
              <Created>2021-07-04T09:00:00</Created>
              <TaskNode Caption="MONDAY ( 4 )">
                <Created>2021-07-04T09:00:00</Created>
                <TaskNode Caption="11:05 - 11:30 Hypergeometric">
                  <Created>2021-07-04T09:00:00</Created>
                </TaskNode>
                <TaskNode Caption="11:43 - 12:08 RH">
                  <Created>2021-07-04T09:00:00</Created>
                </TaskNode>
                <TaskNode Caption="12:10 - 12:35 Apostol">
                  <Created>2021-07-04T09:00:00</Created>
                </TaskNode>
                <TaskNode Caption="22:00 - 22:25 Stand-up KA 7:Math">
                  <Created>2021-07-04T09:00:00</Created>
                </TaskNode>
              </TaskNode>
              <TaskNode Caption="TUESDAY">
                <CustomFormat>
                  <Bold>1</Bold>
                  <FontColor>255</FontColor>
                </CustomFormat>
                <Created>2021-07-04T09:00:00</Created>
              </TaskNode>
              <TaskNode Caption="WEDNESDAY ( 4 )">
                <Created>2021-07-04T09:00:00</Created>
                <TaskNode Caption="11:55 - 12:20 Bouw Apostol PRB Sets 1">
                  <Created>2021-07-04T09:00:00</Created>
                </TaskNode>
                <TaskNode Caption="12:27 - 12:52 Bouw Apostol PRB Sets 2">
                  <Created>2021-07-04T09:00:00</Created>
                </TaskNode>
                <TaskNode Caption="13:03 - 13:28 Bouw Apostol PRB Sets 3">
                  <Created>2021-07-04T09:00:00</Created>
                </TaskNode>
                <TaskNode Caption="13:40 - 14:05 Bouw Apostol PRB Sets 4 + H(n)">
                  <Created>2021-07-04T09:00:00</Created>
                </TaskNode>
              </TaskNode>
              <TaskNode Caption="THURSDAY ( 2 )">
                <Created>2021-07-04T09:00:00</Created>
                <TaskNode Caption="10:16 - 10:41 Calibre Update">
                  <Created>2021-07-04T09:00:00</Created>
                </TaskNode>
                <TaskNode Caption="10:43 - 11:13 (INT) Select Hypergeometric Summation Book">
                  <Created>2021-07-04T09:00:00</Created>
                </TaskNode>
              </TaskNode>
              <TaskNode Caption="FRIDAY">
                <CustomFormat>
                  <Bold>1</Bold>
                  <FontColor>255</FontColor>
                </CustomFormat>
                <Created>2021-07-04T09:00:00</Created>
              </TaskNode>
              <TaskNode Caption="SATURDAY ( 3 )">
                <Created>2021-07-04T09:00:00</Created>
                <TaskNode Caption="20:00 - 21:30 Prove H(n) Formula">
                  <Created>2021-07-04T09:00:00</Created>
                </TaskNode>
              </TaskNode>
              <TaskNode Caption="SUNDAY ( 3 )">
                <Created>2021-07-04T09:00:00</Created>
                <TaskNode Caption="20:00 - 21:30 Prove H(n) Formula">
                  <Created>2021-07-04T09:00:00</Created>
                </TaskNode>
              </TaskNode>
            </TaskNode>
          </TaskNode>
          <TaskNode Caption="MARCH">
            <Created>2021-07-04T09:00:00</Created>
            <TaskNode Caption="WEEK-10: 2/3 ( 0 )">
              <CustomFormat>
                <Bold>1</Bold>
                <FontColor>255</FontColor>
              </CustomFormat>
              <Created>2021-07-04T09:00:00</Created>
              <TaskNode Caption="MONDAY">
                <CustomFormat>
                  <Bold>1</Bold>
                  <FontColor>255</FontColor>
                </CustomFormat>
                <Created>2021-07-04T09:00:00</Created>
              </TaskNode>
              <TaskNode Caption="TUESDAY">
                <CustomFormat>
                  <Bold>1</Bold>
                  <FontColor>255</FontColor>
                </CustomFormat>
                <Created>2021-07-04T09:00:00</Created>
              </TaskNode>
              <TaskNode Caption="WEDNESDAY">
                <CustomFormat>
                  <Bold>1</Bold>
                  <FontColor>255</FontColor>
                </CustomFormat>
                <Created>2021-07-04T09:00:00</Created>
              </TaskNode>
              <TaskNode Caption="THURSDAY">
                <CustomFormat>
                  <Bold>1</Bold>
                  <FontColor>255</FontColor>
                </CustomFormat>
                <Created>2021-07-04T09:00:00</Created>
              </TaskNode>
              <TaskNode Caption="FRIDAY">
                <CustomFormat>
                  <Bold>1</Bold>
                  <FontColor>255</FontColor>
                </CustomFormat>
                <Created>2021-07-04T09:00:00</Created>
              </TaskNode>
              <TaskNode Caption="SATURDAY">
                <CustomFormat>
                  <Bold>1</Bold>
                  <FontColor>255</FontColor>
                </CustomFormat>
                <Created>2021-07-04T09:00:00</Created>
              </TaskNode>
              <TaskNode Caption="SUNDAY">
                <CustomFormat>
                  <Bold>1</Bold>
                  <FontColor>255</FontColor>
                </CustomFormat>
                <Created>2021-07-04T09:00:00</Created>
              </TaskNode>
            </TaskNode>
            <TaskNode Caption="WEEK-11: 9/3 ( 12 )">
              <Created>2021-07-04T09:00:00</Created>
              <TaskNode Caption="MONDAY">
                <CustomFormat>
                  <Bold>1</Bold>
                  <FontColor>255</FontColor>
                </CustomFormat>
                <Created>2021-07-04T09:00:00</Created>
              </TaskNode>
              <TaskNode Caption="TUESDAY">
                <CustomFormat>
                  <Bold>1</Bold>
                  <FontColor>255</FontColor>
                </CustomFormat>
                <Created>2021-07-04T09:00:00</Created>
              </TaskNode>
              <TaskNode Caption="WEDNESDAY ( 4 )">
                <Created>2021-07-04T09:00:00</Created>
                <TaskNode Caption="13:06 - 13:31 Mma ANT">
                  <Created>2021-07-04T09:00:00</Created>
                </TaskNode>
                <TaskNode Caption="13:46 - 14:11 Mma ANT">
                  <Created>2021-07-04T09:00:00</Created>
                </TaskNode>
                <TaskNode Caption="14:27 - 14:52 Proof Psi - Theta">
                  <Created>2021-07-04T09:00:00</Created>
                </TaskNode>
                <TaskNode Caption="15:00 - 15:25 Abel Summation">
                  <Created>2021-07-04T09:00:00</Created>
                </TaskNode>
              </TaskNode>
              <TaskNode Caption="THURSDAY ( 6 )">
                <Created>2021-07-04T09:00:00</Created>
                <TaskNode Caption="10:30 - 10:55 Calc Double # Primes">
                  <Created>2021-07-04T09:00:00</Created>
                </TaskNode>
                <TaskNode Caption="11:02 - 11:27 Abel Summation">
                  <Created>2021-07-04T09:00:00</Created>
                </TaskNode>
                <TaskNode Caption="11:50 - 12:15 Abel Summation">
                  <Created>2021-07-04T09:00:00</Created>
                </TaskNode>
                <TaskNode Caption="12:40 - 13:05 Theorems Psi, Theta">
                  <Created>2021-07-04T09:00:00</Created>
                </TaskNode>
                <TaskNode Caption="13:12 - 13:37 Apostol Scan">
                  <Created>2021-07-04T09:00:00</Created>
                </TaskNode>
                <TaskNode Caption="15:37 - 16:02 Bouw TMA Ch 4">
                  <Created>2021-07-04T09:00:00</Created>
                </TaskNode>
              </TaskNode>
              <TaskNode Caption="FRIDAY">
                <CustomFormat>
                  <Bold>1</Bold>
                  <FontColor>255</FontColor>
                </CustomFormat>
                <Created>2021-07-04T09:00:00</Created>
              </TaskNode>
              <TaskNode Caption="SATURDAY">
                <CustomFormat>
                  <Bold>1</Bold>
                  <FontColor>255</FontColor>
                </CustomFormat>
                <Created>2021-07-04T09:00:00</Created>
              </TaskNode>
              <TaskNode Caption="SUNDAY ( 2 )">
                <Created>2021-07-04T09:00:00</Created>
                <TaskNode Caption="13:30 - 13:55 Bouw Apo Problem Set 3">
                  <Created>2021-07-04T09:00:00</Created>
                </TaskNode>
                <TaskNode Caption="14:18 - 14:43 Bouw Apo Problem Set 3">
                  <Created>2021-07-04T09:00:00</Created>
                </TaskNode>
              </TaskNode>
            </TaskNode>
            <TaskNode Caption="WEEK-12: 16/3 ( 20 )">
              <Created>2021-07-04T09:00:00</Created>
              <TaskNode Caption="MONDAY ( 5 )">
                <Created>2021-07-04T09:00:00</Created>
                <TaskNode Caption="11:23 - 11:48 ( Abel Summation )">
                  <Created>2021-07-04T09:00:00</Created>
                </TaskNode>
                <TaskNode Caption="11:53 - 12:18 ( Abel Summation )">
                  <Created>2021-07-04T09:00:00</Created>
                </TaskNode>
                <TaskNode Caption="12:41 - 13:06 ( Abel Summation )">
                  <Created>2021-07-04T09:00:00</Created>
                </TaskNode>
                <TaskNode Caption="13:19 - 13:44 ( Average d(n) )">
                  <Created>2021-07-04T09:00:00</Created>
                </TaskNode>
                <TaskNode Caption="14:08 - 14:33 ( Averages )">
                  <Created>2021-07-04T09:00:00</Created>
                </TaskNode>
              </TaskNode>
              <TaskNode Caption="TUESDAY ( 5 )">
                <Created>2021-07-04T09:00:00</Created>
                <TaskNode Caption="11:22 - 11:47 Ram Murty 1">
                  <Created>2021-07-04T09:00:00</Created>
                </TaskNode>
                <TaskNode Caption="12:13 - 12:38 Ram Murty 1">
                  <Created>2021-07-04T09:00:00</Created>
                </TaskNode>
                <TaskNode Caption="13:02 - 13:27 Proof Abel Summ">
                  <Created>2021-07-04T09:00:00</Created>
                </TaskNode>
                <TaskNode Caption="14:08 - 14:33 Example Sum 1/n">
                  <Created>2021-07-04T09:00:00</Created>
                </TaskNode>
                <TaskNode Caption="18:56 - 19:21 Elem Asymptotic Formulas">
                  <Created>2021-07-04T09:00:00</Created>
                </TaskNode>
              </TaskNode>
              <TaskNode Caption="WEDNESDAY ( 1 )">
                <Created>2021-07-04T09:00:00</Created>
                <TaskNode Caption="13:39 - 14:04 Onderzoek Sum(d(n))">
                  <Created>2021-07-04T09:00:00</Created>
                </TaskNode>
              </TaskNode>
              <TaskNode Caption="THURSDAY">
                <CustomFormat>
                  <Bold>1</Bold>
                  <FontColor>255</FontColor>
                </CustomFormat>
                <Created>2021-07-04T09:00:00</Created>
              </TaskNode>
              <TaskNode Caption="FRIDAY">
                <CustomFormat>
                  <Bold>1</Bold>
                  <FontColor>255</FontColor>
                </CustomFormat>
                <Created>2021-07-04T09:00:00</Created>
              </TaskNode>
              <TaskNode Caption="SATURDAY ( 4 )">
                <Created>2021-07-04T09:00:00</Created>
                <TaskNode Caption="11:03 - 11:38 - Avg. Order(d)">
                  <Created>2021-07-04T09:00:00</Created>
                </TaskNode>
                <TaskNode Caption="11:52 - 12:17 - Avg. Order(d)">
                  <Created>2021-07-04T09:00:00</Created>
                </TaskNode>
                <TaskNode Caption="12:20 - 12:45 - Avg. Order(d)">
                  <Created>2021-07-04T09:00:00</Created>
                </TaskNode>
                <TaskNode Caption="13:40 - 14:05 - Avg. Order(d)">
                  <Created>2021-07-04T09:00:00</Created>
                </TaskNode>
              </TaskNode>
              <TaskNode Caption="SUNDAY ( 5 )">
                <Created>2021-07-04T09:00:00</Created>
                <TaskNode Caption="15:30 - 15:55 Sum 1/n">
                  <Created>2021-07-04T09:00:00</Created>
                </TaskNode>
                <TaskNode Caption="16:08 - 16:33 Proof Sum 1/n">
                  <Created>2021-07-04T09:00:00</Created>
                </TaskNode>
                <TaskNode Caption="21:18 - 21:43 Indexing Overholt">
                  <Created>2021-07-04T09:00:00</Created>
                </TaskNode>
                <TaskNode Caption="21:46 - 22:11 Indexing Overholt">
                  <Created>2021-07-04T09:00:00</Created>
                </TaskNode>
              </TaskNode>
            </TaskNode>
            <TaskNode Caption="WEEK-13: 23/3 ( 51 )">
              <Created>2021-07-04T09:00:00</Created>
              <TaskNode Caption="MONDAY ( 7 )">
                <Created>2021-07-04T09:00:00</Created>
                <TaskNode Caption="10:30 - 10:55 Study Apo Ch. 3">
                  <Created>2021-07-04T09:00:00</Created>
                </TaskNode>
                <TaskNode Caption="11:02 - 11:27 Study Apo Ch. 3">
                  <Created>2021-07-04T09:00:00</Created>
                </TaskNode>
                <TaskNode Caption="11:32 - 11:57 Study Apo Ch. 3">
                  <Created>2021-07-04T09:00:00</Created>
                </TaskNode>
                <TaskNode Caption="12:47 - 13:12 Study Apo Ch. 3">
                  <Created>2021-07-04T09:00:00</Created>
                </TaskNode>
                <TaskNode Caption="13:16 - 13:41 Study Apo Ch. 3">
                  <Created>2021-07-04T09:00:00</Created>
                </TaskNode>
                <TaskNode Caption="13:45 - 14:10 Study Apo Ch. 3">
                  <Created>2021-07-04T09:00:00</Created>
                </TaskNode>
                <TaskNode Caption="14:12 - 14:37 Study Apo Ch. 3">
                  <Created>2021-07-04T09:00:00</Created>
                </TaskNode>
              </TaskNode>
              <TaskNode Caption="TUESDAY ( 8 )">
                <Created>2021-07-04T09:00:00</Created>
                <TaskNode Caption="10:24 - 10:49 MMa ANT - Apo 3: Theorem 3.2d">
                  <Created>2021-07-04T09:00:00</Created>
                </TaskNode>
                <TaskNode Caption="11:07 - 11:32 MMa ANT - Apo 3: Theorem 3.2d">
                  <Created>2021-07-04T09:00:00</Created>
                </TaskNode>
                <TaskNode Caption="11:39 - 12:04 MMa ANT - Apo 3: Theorem 3.3">
                  <Created>2021-07-04T09:00:00</Created>
                </TaskNode>
                <TaskNode Caption="12:16 - 12:41 MMa ANT - Apo 3: Theorem 3.3">
                  <Created>2021-07-04T09:00:00</Created>
                </TaskNode>
                <TaskNode Caption="13:23 - 13:48 MMa ANT - Apo 3: Theorem 3.3">
                  <Created>2021-07-04T09:00:00</Created>
                </TaskNode>
                <TaskNode Caption="13:52 - 14:17 MMa ANT - Apo 3: Theorem 3.3">
                  <Created>2021-07-04T09:00:00</Created>
                </TaskNode>
                <TaskNode Caption="14:23 - 14:48 MMa ANT - Apo 3: Theorem 3.3">
                  <Created>2021-07-04T09:00:00</Created>
                </TaskNode>
                <TaskNode Caption="15:15 - 15:40 MMa ANT - Apo 3: Theorem 3.4">
                  <Created>2021-07-04T09:00:00</Created>
                </TaskNode>
              </TaskNode>
              <TaskNode Caption="WEDNESDAY ( 8 )">
                <Created>2021-07-04T09:00:00</Created>
                <TaskNode Caption="10:20 - 10:45 MMa Question">
                  <Created>2021-07-04T09:00:00</Created>
                </TaskNode>
                <TaskNode Caption="11:06 - 11:31 MMa ANT - Apo 3: Theorem 3.5 s(n)">
                  <Created>2021-07-04T09:00:00</Created>
                </TaskNode>
                <TaskNode Caption="11:37 - 12:02 MMa ANT - Apo 3: Theorem 3.5 s(n)">
                  <Created>2021-07-04T09:00:00</Created>
                </TaskNode>
                <TaskNode Caption="12:12 - 12:37 MMa ANT - Apo 3: Theorem 3.5 s(n)">
                  <Created>2021-07-04T09:00:00</Created>
                </TaskNode>
                <TaskNode Caption="12:53 - 13:18 MMa ANT - Apo 3: Theorem 3.5 s(n)">
                  <Created>2021-07-04T09:00:00</Created>
                </TaskNode>
                <TaskNode Caption="13:27 - 13:52 MMa ANT - Apo 3: Theorem 3.5">
                  <Created>2021-07-04T09:00:00</Created>
                </TaskNode>
                <TaskNode Caption="14:15 - 14:40 MMa ANT - Apo 3: Theorem 3.6">
                  <Created>2021-07-04T09:00:00</Created>
                </TaskNode>
                <TaskNode Caption="14:47 - 15:12 MMa ANT - Apo 3: Theorem 3.6">
                  <Created>2021-07-04T09:00:00</Created>
                </TaskNode>
              </TaskNode>
              <TaskNode Caption="THURSDAY ( 9 )">
                <Created>2021-07-04T09:00:00</Created>
                <TaskNode Caption="09:57 - 10:23 MMa ANT - Apo 3: Theorem 3.6 s-B(n)">
                  <Created>2021-07-04T09:00:00</Created>
                </TaskNode>
                <TaskNode Caption="10:33 - 10:58 MMa ANT - Apo 3: Theorem 3.6 s-B(n)">
                  <Created>2021-07-04T09:00:00</Created>
                </TaskNode>
                <TaskNode Caption="11:08 - 11:33 MMa ANT - Apo 3: Theorem 3.6 s-B(n)">
                  <Created>2021-07-04T09:00:00</Created>
                </TaskNode>
                <TaskNode Caption="12:36 - 13:01 MMa ANT - Apo 3: Theorem 3.7 Phi(n)">
                  <Created>2021-07-04T09:00:00</Created>
                </TaskNode>
                <TaskNode Caption="13:15 - 13:40 MMa ANT - Apo 3: Theorem 3.7 Phi(n)">
                  <Created>2021-07-04T09:00:00</Created>
                </TaskNode>
                <TaskNode Caption="14:40 - 15:05 MMa ANT - Apo 3: Theorem 3.7 Phi(n)">
                  <Created>2021-07-04T09:00:00</Created>
                </TaskNode>
                <TaskNode Caption="16:41 - 17:06 MMa ANT - Apo 3: Theorem 3.7 Phi(n)">
                  <Created>2021-07-04T09:00:00</Created>
                </TaskNode>
                <TaskNode Caption="17:14 - 17:39 MMa ANT - Apo 3: Theorem 3.8">
                  <Created>2021-07-04T09:00:00</Created>
                </TaskNode>
                <TaskNode Caption="18:02 - 18:27 MMa ANT - Apo 3: Theorem 3.8">
                  <Created>2021-07-04T09:00:00</Created>
                </TaskNode>
              </TaskNode>
              <TaskNode Caption="FRIDAY ( 10 )">
                <Created>2021-07-04T09:00:00</Created>
                <TaskNode Caption="09:00 - 09:25 MMa ANT - Apo 3: Theorem 3.9">
                  <Created>2021-07-04T09:00:00</Created>
                </TaskNode>
                <TaskNode Caption="10:02 - 10:27 MMa ANT - Apo 3: Theorem 3.9">
                  <Created>2021-07-04T09:00:00</Created>
                </TaskNode>
                <TaskNode Caption="10:50 - 11:15 MMa ANT - Apo 3: Theorem 3.9">
                  <Created>2021-07-04T09:00:00</Created>
                </TaskNode>
                <TaskNode Caption="11:18 - 11:43 MMa ANT - Apo 3: Theorem 3.9">
                  <Created>2021-07-04T09:00:00</Created>
                </TaskNode>
                <TaskNode Caption="12:21 - 12:46 Revise Arithmetical Functions">
                  <Created>2021-07-04T09:00:00</Created>
                </TaskNode>
                <TaskNode Caption="12:57 - 13:22 Revise Arithmetical Functions">
                  <Created>2021-07-04T09:00:00</Created>
                </TaskNode>
                <TaskNode Caption="13:43 - 14:08 Revise Arithmetical Functions">
                  <Created>2021-07-04T09:00:00</Created>
                </TaskNode>
                <TaskNode Caption="14:15 - 14:40 Revise Arithmetical Functions">
                  <Created>2021-07-04T09:00:00</Created>
                </TaskNode>
                <TaskNode Caption="18:14 - 18:39 Generalized Convolutions">
                  <Created>2021-07-04T09:00:00</Created>
                </TaskNode>
                <TaskNode Caption="19:27 - 19:52 Apo 3: Theorem 3.10 / 3.11">
                  <Created>2021-07-04T09:00:00</Created>
                </TaskNode>
              </TaskNode>
              <TaskNode Caption="SATURDAY ( 4 )">
                <Created>2021-07-04T09:00:00</Created>
                <TaskNode Caption="11:14 - 11:39 Apo 3: Theorem 3.12">
                  <Created>2021-07-04T09:00:00</Created>
                </TaskNode>
                <TaskNode Caption="11:48 - 12:13 Apo 3: Theorem 3.12">
                  <Created>2021-07-04T09:00:00</Created>
                </TaskNode>
                <TaskNode Caption="12:39 - 13:04 Apo 3: Theorem 3.13">
                  <Created>2021-07-04T09:00:00</Created>
                </TaskNode>
                <TaskNode Caption="13:31 - 13:56 Apo 3: Theorem 3.14">
                  <Created>2021-07-04T09:00:00</Created>
                </TaskNode>
              </TaskNode>
              <TaskNode Caption="SUNDAY ( 5 )">
                <Created>2021-07-04T09:00:00</Created>
                <TaskNode Caption="10:11 - 10:36 Apo 3: Theorem 3.15">
                  <Created>2021-07-04T09:00:00</Created>
                </TaskNode>
                <TaskNode Caption="11:05 - 11:30 Apo 3: Theorem 3.15">
                  <Created>2021-07-04T09:00:00</Created>
                </TaskNode>
                <TaskNode Caption="12:04 - 12:29 Apo 3: Theorem 3.16, 3.17">
                  <Created>2021-07-04T09:00:00</Created>
                </TaskNode>
                <TaskNode Caption="13:36 - 14:01 Apo Exc. 3.1A">
                  <Created>2021-07-04T09:00:00</Created>
                </TaskNode>
                <TaskNode Caption="16:33 - 16:58 Review Integers / Asymptotics">
                  <Created>2021-07-04T09:00:00</Created>
                </TaskNode>
              </TaskNode>
            </TaskNode>
            <TaskNode Caption="WEEK-14: 30/3 ( 53 )">
              <Created>2021-07-04T09:00:00</Created>
              <TaskNode Caption="MONDAY ( 8 )">
                <Created>2021-07-04T09:00:00</Created>
                <TaskNode Caption="09:53 - 10:18 Exc. 3.1A">
                  <Created>2021-07-04T09:00:00</Created>
                </TaskNode>
                <TaskNode Caption="10:40 - 11:05 Exc. 3.1A">
                  <Created>2021-07-04T09:00:00</Created>
                </TaskNode>
                <TaskNode Caption="11:15 - 11:40 Exc. 3.1A">
                  <Created>2021-07-04T09:00:00</Created>
                </TaskNode>
                <TaskNode Caption="11:47 - 12:12 Exc. 3.1B">
                  <Created>2021-07-04T09:00:00</Created>
                </TaskNode>
                <TaskNode Caption="12:16 - 12:41 Exc. 3.1B">
                  <Created>2021-07-04T09:00:00</Created>
                </TaskNode>
                <TaskNode Caption="13:09 - 13:34 Exc. 3.2">
                  <Created>2021-07-04T09:00:00</Created>
                </TaskNode>
                <TaskNode Caption="16:53 - 17:18 Exc. 3.2">
                  <Created>2021-07-04T09:00:00</Created>
                </TaskNode>
                <TaskNode Caption="17:34 - 17:59 Exc. 3.2">
                  <Created>2021-07-04T09:00:00</Created>
                </TaskNode>
              </TaskNode>
              <TaskNode Caption="TUESDAY ( 8 )">
                <Created>2021-07-04T09:00:00</Created>
                <TaskNode Caption="10:05 - 10:30 Exc. 3.2">
                  <Created>2021-07-04T09:00:00</Created>
                </TaskNode>
                <TaskNode Caption="10:57 - 11:22 Exc. 3.2">
                  <Created>2021-07-04T09:00:00</Created>
                </TaskNode>
                <TaskNode Caption="11:42 - 12:07 Exc. 3.2">
                  <Created>2021-07-04T09:00:00</Created>
                </TaskNode>
                <TaskNode Caption="12:33 - 12:58 Exc. 3.2">
                  <Created>2021-07-04T09:00:00</Created>
                </TaskNode>
                <TaskNode Caption="13:27 - 13:52 Exc. 3.3">
                  <Created>2021-07-04T09:00:00</Created>
                </TaskNode>
                <TaskNode Caption="13:58 - 14:23 Exc. 3.3">
                  <Created>2021-07-04T09:00:00</Created>
                </TaskNode>
                <TaskNode Caption="14:57 - 15:22 Exc. 3.3">
                  <Created>2021-07-04T09:00:00</Created>
                </TaskNode>
                <TaskNode Caption="15:50 - 16:15 Exc. 3.4a">
                  <Created>2021-07-04T09:00:00</Created>
                </TaskNode>
              </TaskNode>
              <TaskNode Caption="WEDNESDAY ( 6 )">
                <Created>2021-07-04T09:00:00</Created>
                <TaskNode Caption="09:51 - 10:16 Exc. 3.4a">
                  <Created>2021-07-04T09:00:00</Created>
                </TaskNode>
                <TaskNode Caption="10:50 - 11:15 Exc. 3.4a">
                  <Created>2021-07-04T09:00:00</Created>
                </TaskNode>
                <TaskNode Caption="11:16 - 11:41 Exc. 3.4a">
                  <Created>2021-07-04T09:00:00</Created>
                </TaskNode>
                <TaskNode Caption="13:14 - 13:39 Exc. 3.4a">
                  <Created>2021-07-04T09:00:00</Created>
                </TaskNode>
                <TaskNode Caption="13:54 - 14:19 Exc. 3.4a">
                  <Created>2021-07-04T09:00:00</Created>
                </TaskNode>
                <TaskNode Caption="17:35 - 18:00 Exc. 3.4a">
                  <Created>2021-07-04T09:00:00</Created>
                </TaskNode>
              </TaskNode>
              <TaskNode Caption="THURSDAY ( 8 )">
                <Created>2021-07-04T09:00:00</Created>
                <TaskNode Caption="09:21 - 09:46 Exc. 3.4a">
                  <Created>2021-07-04T09:00:00</Created>
                </TaskNode>
                <TaskNode Caption="10:08 - 10:33 Exc. 3.4a">
                  <Created>2021-07-04T09:00:00</Created>
                </TaskNode>
                <TaskNode Caption="10:52 - 11:17 MMa. Table Issues">
                  <Created>2021-07-04T09:00:00</Created>
                </TaskNode>
                <TaskNode Caption="11:51 - 12:16 MMa. Table Issues">
                  <Created>2021-07-04T09:00:00</Created>
                </TaskNode>
                <TaskNode Caption="13:20 - 13:45 MMa. Table Issues">
                  <Created>2021-07-04T09:00:00</Created>
                </TaskNode>
                <TaskNode Caption="14:10 - 14:35 MMa. Table Issues">
                  <Created>2021-07-04T09:00:00</Created>
                </TaskNode>
                <TaskNode Caption="14:54 - 15:19 MMa. Table Issues">
                  <Created>2021-07-04T09:00:00</Created>
                </TaskNode>
                <TaskNode Caption="15:33 - 15:58 MMa. Table Issues">
                  <Created>2021-07-04T09:00:00</Created>
                </TaskNode>
              </TaskNode>
              <TaskNode Caption="FRIDAY ( 8 )">
                <Created>2021-07-04T09:00:00</Created>
                <TaskNode Caption="09:30 - 09:55 Exc. 3.4a">
                  <Created>2021-07-04T09:00:00</Created>
                </TaskNode>
                <TaskNode Caption="10:16 - 10:41 Exc. 3.4a">
                  <Created>2021-07-04T09:00:00</Created>
                </TaskNode>
                <TaskNode Caption="12:36 - 13:01 MMa. Table Issues">
                  <Created>2021-07-04T09:00:00</Created>
                </TaskNode>
                <TaskNode Caption="13:13 - 13:38 MMa. Table Issues">
                  <Created>2021-07-04T09:00:00</Created>
                </TaskNode>
                <TaskNode Caption="13:39 - 14:04 MMa. Table Issues">
                  <Created>2021-07-04T09:00:00</Created>
                </TaskNode>
                <TaskNode Caption="15:21 - 15:46 Exc. 3.4a">
                  <Created>2021-07-04T09:00:00</Created>
                </TaskNode>
                <TaskNode Caption="16:21 - 16:46 Exc. 3.4a">
                  <Created>2021-07-04T09:00:00</Created>
                </TaskNode>
                <TaskNode Caption="17:15 - 17:40 Exc. 3.4a">
                  <Created>2021-07-04T09:00:00</Created>
                </TaskNode>
              </TaskNode>
              <TaskNode Caption="SATURDAY ( 8 )">
                <Created>2021-07-04T09:00:00</Created>
                <TaskNode Caption="10:09 - 10:34 Exc. 3.4a">
                  <Created>2021-07-04T09:00:00</Created>
                </TaskNode>
                <TaskNode Caption="10:39 - 11:04 Exc. 3.4a">
                  <Created>2021-07-04T09:00:00</Created>
                </TaskNode>
                <TaskNode Caption="11:30 - 11:55 Big Oh zaken">
                  <Created>2021-07-04T09:00:00</Created>
                </TaskNode>
                <TaskNode Caption="13:53 - 14:19 Big Oh zaken">
                  <Created>2021-07-04T09:00:00</Created>
                </TaskNode>
                <TaskNode Caption="14:24 - 14:49 Big Oh zaken">
                  <Created>2021-07-04T09:00:00</Created>
                </TaskNode>
                <TaskNode Caption="15:45 - 16:10 Big Oh zaken">
                  <Created>2021-07-04T09:00:00</Created>
                </TaskNode>
                <TaskNode Caption="16:27 - 16:52 MMa zaken">
                  <Created>2021-07-04T09:00:00</Created>
                </TaskNode>
                <TaskNode Caption="16:55 - 17:20 MMa zaken">
                  <Created>2021-07-04T09:00:00</Created>
                </TaskNode>
              </TaskNode>
              <TaskNode Caption="SUNDAY ( 7 )">
                <Created>2021-07-04T09:00:00</Created>
                <TaskNode Caption="10:48 - 11:17 MMa. Zaken">
                  <Created>2021-07-04T09:00:00</Created>
                </TaskNode>
                <TaskNode Caption="11:47 - 12:12 MMa. Zaken">
                  <Created>2021-07-04T09:00:00</Created>
                </TaskNode>
                <TaskNode Caption="12:19 - 12:44 MMa. Zaken">
                  <Created>2021-07-04T09:00:00</Created>
                </TaskNode>
                <TaskNode Caption="12:56 - 13:21 MMa. Zaken">
                  <Created>2021-07-04T09:00:00</Created>
                </TaskNode>
                <TaskNode Caption="13:50 - 14:15 Exc. 3.4a">
                  <Created>2021-07-04T09:00:00</Created>
                </TaskNode>
                <TaskNode Caption="14:38 - 15:03 Exc. 3.4a">
                  <Created>2021-07-04T09:00:00</Created>
                </TaskNode>
                <TaskNode Caption="15:07 - 15:32 Exc. 3.4a">
                  <Created>2021-07-04T09:00:00</Created>
                </TaskNode>
              </TaskNode>
            </TaskNode>
          </TaskNode>
          <TaskNode Caption="APRIL">
            <Created>2021-07-04T09:00:00</Created>
            <TaskNode Caption="WEEK-15: 6/4 ( 54 )">
              <Created>2021-07-04T09:00:00</Created>
              <TaskNode Caption="MONDAY ( 11 )">
                <Created>2021-07-04T09:00:00</Created>
                <TaskNode Caption="09:20 - 09:45 Exc. 3.4a">
                  <Created>2021-07-04T09:00:00</Created>
                </TaskNode>
                <TaskNode Caption="09:50 - 10:15 Exc. 3.4a">
                  <Created>2021-07-04T09:00:00</Created>
                </TaskNode>
                <TaskNode Caption="10:26 - 10:51 Exc. 3.4a">
                  <Created>2021-07-04T09:00:00</Created>
                </TaskNode>
                <TaskNode Caption="11:08 - 11:33 Exc. 3.4aDone">
                  <Created>2021-07-04T09:00:00</Created>
                </TaskNode>
                <TaskNode Caption="12:00 - 12:25 Exc. 3.4b">
                  <Created>2021-07-04T09:00:00</Created>
                </TaskNode>
                <TaskNode Caption="12:31 - 12:56 Exc. 3.5a">
                  <Created>2021-07-04T09:00:00</Created>
                </TaskNode>
                <TaskNode Caption="13:16 - 13:41 Exc. 3.5a">
                  <Created>2021-07-04T09:00:00</Created>
                </TaskNode>
                <TaskNode Caption="13:49 - 14:14 Exc. 3.5a">
                  <Created>2021-07-04T09:00:00</Created>
                </TaskNode>
                <TaskNode Caption="15:41 - 16:06 Exc. 3.5a">
                  <Created>2021-07-04T09:00:00</Created>
                </TaskNode>
                <TaskNode Caption="16:22 - 16:47 Exc. 3.5a">
                  <Created>2021-07-04T09:00:00</Created>
                </TaskNode>
                <TaskNode Caption="16:52 - 17:17 Exc. 3.5a">
                  <Created>2021-07-04T09:00:00</Created>
                </TaskNode>
              </TaskNode>
              <TaskNode Caption="TUESDAY ( 10 )">
                <Created>2021-07-04T09:00:00</Created>
                <TaskNode Caption="09:20 - 09:45 MMa zaken">
                  <Created>2021-07-04T09:00:00</Created>
                </TaskNode>
                <TaskNode Caption="09:49 - 10:14 MMa zaken">
                  <Created>2021-07-04T09:00:00</Created>
                </TaskNode>
                <TaskNode Caption="10:17 - 10:42 Exc. 3.5a">
                  <Created>2021-07-04T09:00:00</Created>
                </TaskNode>
                <TaskNode Caption="10:48 - 11:14 Exc. 3.5a">
                  <Created>2021-07-04T09:00:00</Created>
                </TaskNode>
                <TaskNode Caption="11:20 - 11:45 Exc. 3.5a">
                  <Created>2021-07-04T09:00:00</Created>
                </TaskNode>
                <TaskNode Caption="14:10 - 14:35 Exc. 3.5a">
                  <Created>2021-07-04T09:00:00</Created>
                </TaskNode>
                <TaskNode Caption="14:43 - 15:08 Exc. 3.5a">
                  <Created>2021-07-04T09:00:00</Created>
                </TaskNode>
                <TaskNode Caption="15:11 - 15:36 Exc. 3.5a">
                  <Created>2021-07-04T09:00:00</Created>
                </TaskNode>
                <TaskNode Caption="15:46 - 16:11 Exc. 3.5a">
                  <Created>2021-07-04T09:00:00</Created>
                </TaskNode>
                <TaskNode Caption="16:24 - 16:49 Exc. 3.5a">
                  <Created>2021-07-04T09:00:00</Created>
                </TaskNode>
              </TaskNode>
              <TaskNode Caption="WEDNESDAY ( 10 )">
                <Created>2021-07-04T09:00:00</Created>
                <TaskNode Caption="09:36 - 10:01 Exc. 3.5a">
                  <Created>2021-07-04T09:00:00</Created>
                </TaskNode>
                <TaskNode Caption="10:04 - 10:29 Exc. 3.5a">
                  <Created>2021-07-04T09:00:00</Created>
                </TaskNode>
                <TaskNode Caption="10:41 - 11:06 Exc. 3.5a">
                  <Created>2021-07-04T09:00:00</Created>
                </TaskNode>
                <TaskNode Caption="11:19 - 11:44 Exc. 3.5a">
                  <Created>2021-07-04T09:00:00</Created>
                </TaskNode>
                <TaskNode Caption="11:52 - 12:18 Exc. 3.5a">
                  <Created>2021-07-04T09:00:00</Created>
                </TaskNode>
                <TaskNode Caption="12:20 - 12:45 Exc. 3.5a">
                  <Created>2021-07-04T09:00:00</Created>
                </TaskNode>
                <TaskNode Caption="12:53 - 13:18 Exc. 3.5a">
                  <Created>2021-07-04T09:00:00</Created>
                </TaskNode>
                <TaskNode Caption="13:35 - 14:00 Exc. 3.5a">
                  <Created>2021-07-04T09:00:00</Created>
                </TaskNode>
                <TaskNode Caption="14:34 - 14:59 Exc. 3.5a">
                  <Created>2021-07-04T09:00:00</Created>
                </TaskNode>
                <TaskNode Caption="15:07 - 15:32 Exc. 3.5a">
                  <Created>2021-07-04T09:00:00</Created>
                </TaskNode>
              </TaskNode>
              <TaskNode Caption="THURSDAY ( 10 )">
                <Created>2021-07-04T09:00:00</Created>
                <TaskNode Caption="10:15 - 10:40 Sum Arithmetical Fn">
                  <Created>2021-07-04T09:00:00</Created>
                </TaskNode>
                <TaskNode Caption="10:49 - 11:14 Sum Arithmetical Fn">
                  <Created>2021-07-04T09:00:00</Created>
                </TaskNode>
                <TaskNode Caption="11:21 - 11:46 Sum Arithmetical Fn">
                  <Created>2021-07-04T09:00:00</Created>
                </TaskNode>
                <TaskNode Caption="12:01 - 12:26 Sum Arithmetical Fn">
                  <Created>2021-07-04T09:00:00</Created>
                </TaskNode>
                <TaskNode Caption="12:53 - 13:18 Sum Arithmetical Fn">
                  <Created>2021-07-04T09:00:00</Created>
                </TaskNode>
                <TaskNode Caption="13:49 - 14:14 Sum Arithmetical Fn">
                  <Created>2021-07-04T09:00:00</Created>
                </TaskNode>
                <TaskNode Caption="15:46 - 16:11 Sum Arithmetical Fn">
                  <Created>2021-07-04T09:00:00</Created>
                </TaskNode>
                <TaskNode Caption="16:19 - 16:44 Sum Arithmetical Fn">
                  <Created>2021-07-04T09:00:00</Created>
                </TaskNode>
                <TaskNode Caption="16:53 - 17:18 Sum Arithmetical Fn">
                  <Created>2021-07-04T09:00:00</Created>
                </TaskNode>
                <TaskNode Caption="17:21 - 17:46 Sum Arithmetical Fn">
                  <Created>2021-07-04T09:00:00</Created>
                </TaskNode>
              </TaskNode>
              <TaskNode Caption="FRIDAY ( 5 )">
                <Created>2021-07-04T09:00:00</Created>
                <TaskNode Caption="10:01 - 10:26 Sum Arithmetical Fn">
                  <Created>2021-07-04T09:00:00</Created>
                </TaskNode>
                <TaskNode Caption="10:44 - 11:09 Sum Arithmetical Fn">
                  <Created>2021-07-04T09:00:00</Created>
                </TaskNode>
                <TaskNode Caption="11:16 - 11:41 Sum Arithmetical Fn">
                  <Created>2021-07-04T09:00:00</Created>
                </TaskNode>
                <TaskNode Caption="12:07 - 12:32 Sum Arithmetical Fn">
                  <Created>2021-07-04T09:00:00</Created>
                </TaskNode>
                <TaskNode Caption="13:01 - 13:26 Sum Arithmetical Fn">
                  <Created>2021-07-04T09:00:00</Created>
                </TaskNode>
              </TaskNode>
              <TaskNode Caption="SATURDAY ( 6 )">
                <Created>2021-07-04T09:00:00</Created>
                <TaskNode Caption="12:22 - 12:47 Partial Summation">
                  <Created>2021-07-04T09:00:00</Created>
                </TaskNode>
                <TaskNode Caption="12:54 - 13:18 Partial Summation">
                  <Created>2021-07-04T09:00:00</Created>
                </TaskNode>
                <TaskNode Caption="13:45 - 14:10 Partial Summation">
                  <Created>2021-07-04T09:00:00</Created>
                </TaskNode>
                <TaskNode Caption="14:21 - 14:46 Partial Summation">
                  <Created>2021-07-04T09:00:00</Created>
                </TaskNode>
                <TaskNode Caption="14:55 - 15:20 Partial Summation">
                  <Created>2021-07-04T09:00:00</Created>
                </TaskNode>
                <TaskNode Caption="16:29 - 16:54 Partial Summation">
                  <Created>2021-07-04T09:00:00</Created>
                </TaskNode>
              </TaskNode>
              <TaskNode Caption="SUNDAY ( 2 )">
                <Created>2021-07-04T09:00:00</Created>
                <TaskNode Caption="12:14 - 12:39">
                  <Created>2021-07-04T09:00:00</Created>
                </TaskNode>
                <TaskNode Caption="12:47 - 13:12">
                  <Created>2021-07-04T09:00:00</Created>
                </TaskNode>
              </TaskNode>
            </TaskNode>
            <TaskNode Caption="WEEK-16: 13/4 ( 39 )">
              <Created>2021-07-04T09:00:00</Created>
              <TaskNode Caption="MONDAY ( 10 )">
                <Created>2021-07-04T09:00:00</Created>
                <TaskNode Caption="09:11 - 09:36 ANT General">
                  <Created>2021-07-04T09:00:00</Created>
                </TaskNode>
                <TaskNode Caption="09:50 - 10:15 ANT General">
                  <Created>2021-07-04T09:00:00</Created>
                </TaskNode>
                <TaskNode Caption="10:18 - 10:43 ANT General + Herrie INTERRUPT">
                  <Created>2021-07-04T09:00:00</Created>
                </TaskNode>
                <TaskNode Caption="10:53 - 11:18 Exc. 3.5a">
                  <Created>2021-07-04T09:00:00</Created>
                </TaskNode>
                <TaskNode Caption="11:28 - 11:53 Exc. 3.5a">
                  <Created>2021-07-04T09:00:00</Created>
                </TaskNode>
                <TaskNode Caption="12:00 - 12:25 Exc. 3.5a">
                  <Created>2021-07-04T09:00:00</Created>
                </TaskNode>
                <TaskNode Caption="13:29 - 13:54 Exc. 3.5a">
                  <Created>2021-07-04T09:00:00</Created>
                </TaskNode>
                <TaskNode Caption="14:12 - 14:37 ANT General">
                  <Created>2021-07-04T09:00:00</Created>
                </TaskNode>
                <TaskNode Caption="16:33 - 16:58 Exc. 3.5a">
                  <Created>2021-07-04T09:00:00</Created>
                </TaskNode>
                <TaskNode Caption="17:04 - 17:29 Exc. 3.5a">
                  <Created>2021-07-04T09:00:00</Created>
                </TaskNode>
              </TaskNode>
              <TaskNode Caption="TUESDAY ( 2 )">
                <Created>2021-07-04T09:00:00</Created>
                <TaskNode Caption="13:17 - 13:42">
                  <Created>2021-07-04T09:00:00</Created>
                </TaskNode>
                <TaskNode Caption="16:05 - 16:30 Exc. 3.5a">
                  <Created>2021-07-04T09:00:00</Created>
                </TaskNode>
              </TaskNode>
              <TaskNode Caption="WEDNESDAY ( 10 )">
                <Created>2021-07-04T09:00:00</Created>
                <TaskNode Caption="08:52 - 09:17 Rewrite sf1 routine">
                  <Created>2021-07-04T09:00:00</Created>
                </TaskNode>
                <TaskNode Caption="09:22 - 09:47 Rewrite sf1 routine">
                  <Created>2021-07-04T09:00:00</Created>
                </TaskNode>
                <TaskNode Caption="09:58 - 10:23 Rewrite sf1 routine">
                  <Created>2021-07-04T09:00:00</Created>
                </TaskNode>
                <TaskNode Caption="10:37 - 11:02 Rewrite sf1 routine">
                  <Created>2021-07-04T09:00:00</Created>
                </TaskNode>
                <TaskNode Caption="11:16 - 11:41 Rewrite sf1 routine Done">
                  <Created>2021-07-04T09:00:00</Created>
                </TaskNode>
                <TaskNode Caption="12:25 - 12:50 Rewrite sf2 routine">
                  <Created>2021-07-04T09:00:00</Created>
                </TaskNode>
                <TaskNode Caption="13:07 - 13:33 Rewrite sf2 routine">
                  <Created>2021-07-04T09:00:00</Created>
                </TaskNode>
                <TaskNode Caption="13:45 - 14:10 Rewrite sf2 routine Not Done Yet">
                  <Created>2021-07-04T09:00:00</Created>
                </TaskNode>
                <TaskNode Caption="16:01 - 16:26 Exc. 3.5a">
                  <Created>2021-07-04T09:00:00</Created>
                </TaskNode>
                <TaskNode Caption="17:30 - 17:55 Exc. 3.5a">
                  <Created>2021-07-04T09:00:00</Created>
                </TaskNode>
              </TaskNode>
              <TaskNode Caption="THURSDAY ( 11 )">
                <Created>2021-07-04T09:00:00</Created>
                <TaskNode Caption="09:21 - 09:46 Exc. 3.5b">
                  <Created>2021-07-04T09:00:00</Created>
                </TaskNode>
                <TaskNode Caption="09:55 - 10:20 Exc. 3.5b">
                  <Created>2021-07-04T09:00:00</Created>
                </TaskNode>
                <TaskNode Caption="10:27 - 10:52 Exc. 3.5b">
                  <Created>2021-07-04T09:00:00</Created>
                </TaskNode>
                <TaskNode Caption="11:04 - 11:29 Exc. 3.5b">
                  <Created>2021-07-04T09:00:00</Created>
                </TaskNode>
                <TaskNode Caption="11:32 - 11:57 Exc. 3.5b">
                  <Created>2021-07-04T09:00:00</Created>
                </TaskNode>
                <TaskNode Caption="12:16 - 12:41 Exc. 3.5b">
                  <Created>2021-07-04T09:00:00</Created>
                </TaskNode>
                <TaskNode Caption="13:04 - 13:29 Exc. 3.6">
                  <Created>2021-07-04T09:00:00</Created>
                </TaskNode>
                <TaskNode Caption="14:51 - 15:16 Exc. 3.6">
                  <Created>2021-07-04T09:00:00</Created>
                </TaskNode>
                <TaskNode Caption="15:33 - 15:58 Exc. 3.6">
                  <Created>2021-07-04T09:00:00</Created>
                </TaskNode>
                <TaskNode Caption="18:43 - 19:07 Planning">
                  <Created>2021-07-04T09:00:00</Created>
                </TaskNode>
                <TaskNode Caption="19:56 - 20:21 Planning">
                  <Created>2021-07-04T09:00:00</Created>
                </TaskNode>
              </TaskNode>
              <TaskNode Caption="FRIDAY ( 4 )">
                <Created>2021-07-04T09:00:00</Created>
                <TaskNode Caption="10:01 - 10:26 Study Apo 4.6">
                  <Created>2021-07-04T09:00:00</Created>
                </TaskNode>
                <TaskNode Caption="10:37 - 11:02 Scan Stieltjes Integral">
                  <Created>2021-07-04T09:00:00</Created>
                </TaskNode>
                <TaskNode Caption="11:15 - 11:40 Study Apo 4.6">
                  <Created>2021-07-04T09:00:00</Created>
                </TaskNode>
                <TaskNode Caption="12:44 - 13:09 Study Apo 4.6">
                  <Created>2021-07-04T09:00:00</Created>
                </TaskNode>
              </TaskNode>
              <TaskNode Caption="SATURDAY ( 1 )">
                <Created>2021-07-04T09:00:00</Created>
                <TaskNode Caption="14:07 - 14:32 Thm 4.8 Text -&gt; Notes ANT">
                  <Created>2021-07-04T09:00:00</Created>
                </TaskNode>
              </TaskNode>
              <TaskNode Caption="SUNDAY ( 1 )">
                <Created>2021-07-04T09:00:00</Created>
                <TaskNode Caption="10:04 - 10:29">
                  <Created>2021-07-04T09:00:00</Created>
                  <TaskNode Caption="Issue | Mu | = Z(s) / Z(2s)">
                    <Created>2021-07-04T09:00:00</Created>
                  </TaskNode>
                </TaskNode>
              </TaskNode>
            </TaskNode>
            <TaskNode Caption="WEEK-17: 20/4 ( 52 )">
              <Created>2021-07-04T09:00:00</Created>
              <TaskNode Caption="MONDAY ( 14 )">
                <Created>2021-07-04T09:00:00</Created>
                <TaskNode Caption="08:45 - 09:10 - Study Proof Thm 4.8">
                  <Created>2021-07-04T09:00:00</Created>
                </TaskNode>
                <TaskNode Caption="09:16 - 09:41 - Study Proof Thm 4.8">
                  <Created>2021-07-04T09:00:00</Created>
                </TaskNode>
                <TaskNode Caption="10:15 - 10:40 - Study Thm 4.9; 4.10; 4.11">
                  <Created>2021-07-04T09:00:00</Created>
                </TaskNode>
                <TaskNode Caption="10:51 - 11:16 - Study Thm 4.12">
                  <Created>2021-07-04T09:00:00</Created>
                  <TaskNode Caption="Thm 4.12 Sum 1/p -&gt; Notes ANT">
                    <Created>2021-07-04T09:00:00</Created>
                  </TaskNode>
                </TaskNode>
                <TaskNode Caption="11:28 - 11:53 - Study Thm 4.12 + Scanning">
                  <Created>2021-07-04T09:00:00</Created>
                </TaskNode>
                <TaskNode Caption="12:07 - 12:32 - Scan for Elem PNT in other books">
                  <Created>2021-07-04T09:00:00</Created>
                </TaskNode>
                <TaskNode Caption="13:57 - 14:22 - Thm 4.13">
                  <Created>2021-07-04T09:00:00</Created>
                </TaskNode>
                <TaskNode Caption="14:54 - 15:19 - Revision">
                  <Created>2021-07-04T09:00:00</Created>
                </TaskNode>
                <TaskNode Caption="15:23 - 15:48 - Revision">
                  <Created>2021-07-04T09:00:00</Created>
                </TaskNode>
                <TaskNode Caption="15:54 - 16:19 - Revision -&gt; MindManager">
                  <Created>2021-07-04T09:00:00</Created>
                </TaskNode>
                <TaskNode Caption="16:28 - 16:53 - Revision -&gt; MindManager">
                  <Created>2021-07-04T09:00:00</Created>
                </TaskNode>
                <TaskNode Caption="16:56 - 17:21 - Revision -&gt; MindManager">
                  <Created>2021-07-04T09:00:00</Created>
                </TaskNode>
                <TaskNode Caption="17:31 - 17:56 - Planning">
                  <Created>2021-07-04T09:00:00</Created>
                </TaskNode>
                <TaskNode Caption="18:07 - 18:32 - Scan CA for NT">
                  <Created>2021-07-04T09:00:00</Created>
                </TaskNode>
              </TaskNode>
              <TaskNode Caption="TUESDAY ( 14 )">
                <Created>2021-07-04T09:00:00</Created>
                <TaskNode Caption="09:24 - 09:49 Theorem 2.21 Proof">
                  <Created>2021-07-04T09:00:00</Created>
                </TaskNode>
                <TaskNode Caption="10:01 - 10:26 Theorem 2.21 Proof">
                  <Created>2021-07-04T09:00:00</Created>
                </TaskNode>
                <TaskNode Caption="10:26 - 10:51 Theorem 2.21 Proof">
                  <Created>2021-07-04T09:00:00</Created>
                </TaskNode>
                <TaskNode Caption="10:59 - 11:24 Theorem 2.21 Proof">
                  <Created>2021-07-04T09:00:00</Created>
                </TaskNode>
                <TaskNode Caption="11:37 - 12:02 Theorem 2.21 Proof">
                  <Created>2021-07-04T09:00:00</Created>
                </TaskNode>
                <TaskNode Caption="12:11 - 12:36 Experiment General Conv.">
                  <Created>2021-07-04T09:00:00</Created>
                </TaskNode>
                <TaskNode Caption="12:56 - 13:21 Experiment General Conv.">
                  <Created>2021-07-04T09:00:00</Created>
                </TaskNode>
                <TaskNode Caption="13:52 - 14:17 Experiment General Conv.">
                  <Created>2021-07-04T09:00:00</Created>
                </TaskNode>
                <TaskNode Caption="14:42 - 15:07 Experiment General Conv.">
                  <Created>2021-07-04T09:00:00</Created>
                </TaskNode>
                <TaskNode Caption="15:15 - 15:40 Experiment General Conv.">
                  <Created>2021-07-04T09:00:00</Created>
                </TaskNode>
                <TaskNode Caption="15:58 - 16:23 Experiment General Conv.">
                  <Created>2021-07-04T09:00:00</Created>
                </TaskNode>
                <TaskNode Caption="16:24 - 16:49 Experiment General Conv.">
                  <Created>2021-07-04T09:00:00</Created>
                </TaskNode>
                <TaskNode Caption="16:53 - 17:18 Experiment General Conv.">
                  <Created>2021-07-04T09:00:00</Created>
                  <TaskNode Caption="Study Thm 2.21">
                    <Created>2021-07-04T09:00:00</Created>
                  </TaskNode>
                </TaskNode>
                <TaskNode Caption="17:19 - 17:44 Study Theorem 2.22">
                  <Created>2021-07-04T09:00:00</Created>
                </TaskNode>
              </TaskNode>
              <TaskNode Caption="WEDNESDAY ( 4 )">
                <Created>2021-07-04T09:00:00</Created>
                <TaskNode Caption="12:21 - 12:46 Study Thm 2.22">
                  <Created>2021-07-04T09:00:00</Created>
                </TaskNode>
                <TaskNode Caption="12:57 - 13:22 Study Thm 2.22">
                  <Created>2021-07-04T09:00:00</Created>
                </TaskNode>
                <TaskNode Caption="13:26 - 13:51 Study Thm 2.22">
                  <Created>2021-07-04T09:00:00</Created>
                  <TaskNode Caption="Study Thm 2.22">
                    <Created>2021-07-04T09:00:00</Created>
                  </TaskNode>
                </TaskNode>
                <TaskNode Caption="13:52 - 14:17 Study Thm 2.23">
                  <Created>2021-07-04T09:00:00</Created>
                  <TaskNode Caption="Study Thm 2.23">
                    <Created>2021-07-04T09:00:00</Created>
                  </TaskNode>
                </TaskNode>
              </TaskNode>
              <TaskNode Caption="THURSDAY ( 10 )">
                <Created>2021-07-04T09:00:00</Created>
                <TaskNode Caption="09:03 - 09:28 Revision">
                  <Created>2021-07-04T09:00:00</Created>
                </TaskNode>
                <TaskNode Caption="09:38 - 10:03 Revision">
                  <Created>2021-07-04T09:00:00</Created>
                </TaskNode>
                <TaskNode Caption="10:23 - 10:48 Revision">
                  <Created>2021-07-04T09:00:00</Created>
                </TaskNode>
                <TaskNode Caption="10:55 - 11:20 Revision">
                  <Created>2021-07-04T09:00:00</Created>
                </TaskNode>
                <TaskNode Caption="13:08 - 13:33 Revision">
                  <Created>2021-07-04T09:00:00</Created>
                </TaskNode>
                <TaskNode Caption="13:43 - 14:08 Revision">
                  <Created>2021-07-04T09:00:00</Created>
                </TaskNode>
                <TaskNode Caption="14:29 - 14:54 Revision">
                  <Created>2021-07-04T09:00:00</Created>
                  <TaskNode Caption="Revision Ch. 2 Session using MMa">
                    <Created>2021-07-04T09:00:00</Created>
                  </TaskNode>
                </TaskNode>
                <TaskNode Caption="15:01 - 15:26 Exercise Planning">
                  <Created>2021-07-04T09:00:00</Created>
                </TaskNode>
                <TaskNode Caption="15:54 - 16:19 Exercise Planning">
                  <Created>2021-07-04T09:00:00</Created>
                </TaskNode>
                <TaskNode Caption="16:30 - 16:55 Exc. 2.3">
                  <Created>2021-07-04T09:00:00</Created>
                </TaskNode>
              </TaskNode>
              <TaskNode Caption="FRIDAY ( 5 )">
                <Created>2021-07-04T09:00:00</Created>
                <TaskNode Caption="11:12 - 11:37 Exc. 2.3">
                  <Created>2021-07-04T09:00:00</Created>
                </TaskNode>
                <TaskNode Caption="11:58 - 12:23 Exc. 2.3">
                  <Created>2021-07-04T09:00:00</Created>
                </TaskNode>
                <TaskNode Caption="12:55 - 13:20 Exc. 2.3">
                  <Created>2021-07-04T09:00:00</Created>
                </TaskNode>
                <TaskNode Caption="13:29 - 13:54 Exc. 2.3">
                  <Created>2021-07-04T09:00:00</Created>
                </TaskNode>
                <TaskNode Caption="16:31 - 16:56 Multiplicative Functions">
                  <Created>2021-07-04T09:00:00</Created>
                </TaskNode>
              </TaskNode>
              <TaskNode Caption="SATURDAY ( 5 )">
                <Created>2021-07-04T09:00:00</Created>
                <TaskNode Caption="11:28 - 11:53 Exc. 2.3">
                  <Created>2021-07-04T09:00:00</Created>
                </TaskNode>
                <TaskNode Caption="12:15 - 12:40 Exc. 2.3">
                  <Created>2021-07-04T09:00:00</Created>
                </TaskNode>
                <TaskNode Caption="13:13 - 13:38 Exc. 2.3">
                  <Created>2021-07-04T09:00:00</Created>
                  <TaskNode Caption="Exercise by Choice: 2.3">
                    <Created>2021-07-04T09:00:00</Created>
                  </TaskNode>
                </TaskNode>
                <TaskNode Caption="14:16 - 14:41 Exc. 2.4">
                  <Created>2021-07-04T09:00:00</Created>
                  <TaskNode Caption="Exercise by Choice: 2.4">
                    <Created>2021-07-04T09:00:00</Created>
                  </TaskNode>
                </TaskNode>
                <TaskNode Caption="17:33 - 17:58 Exc. 2.5">
                  <Created>2021-07-04T09:00:00</Created>
                </TaskNode>
              </TaskNode>
              <TaskNode Caption="SUNDAY ( 0 )">
                <Created>2021-07-04T09:00:00</Created>
              </TaskNode>
            </TaskNode>
            <TaskNode Caption="WEEK-18: 27/4 ( 59 )">
              <Created>2021-07-04T09:00:00</Created>
              <TaskNode Caption="MONDAY ( 11 )">
                <Created>2021-07-04T09:00:00</Created>
                <TaskNode Caption="09:11 - 09:36 Exc. 3.5">
                  <Created>2021-07-04T09:00:00</Created>
                </TaskNode>
                <TaskNode Caption="09:39 - 10:04 Exc. 3.5">
                  <Created>2021-07-04T09:00:00</Created>
                </TaskNode>
                <TaskNode Caption="10:24 - 10:49 Exc. 3.5">
                  <Created>2021-07-04T09:00:00</Created>
                </TaskNode>
                <TaskNode Caption="10:51 - 11:16 Exc. 3.5">
                  <Created>2021-07-04T09:00:00</Created>
                </TaskNode>
                <TaskNode Caption="13:26 - 13:51 Exc. 3.5">
                  <Created>2021-07-04T09:00:00</Created>
                </TaskNode>
                <TaskNode Caption="13:59 - 14:24 Exc. 3.5">
                  <Created>2021-07-04T09:00:00</Created>
                </TaskNode>
                <TaskNode Caption="14:34 - 14:59 Exc. 3.5">
                  <Created>2021-07-04T09:00:00</Created>
                </TaskNode>
                <TaskNode Caption="15:00 - 15:25 Exc. 3.5">
                  <Created>2021-07-04T09:00:00</Created>
                </TaskNode>
                <TaskNode Caption="15:26 - 15:51 Exc. 3.5">
                  <Created>2021-07-04T09:00:00</Created>
                </TaskNode>
                <TaskNode Caption="16:05 - 16:30 Exc. 3.5 DONE">
                  <Created>2021-07-04T09:00:00</Created>
                  <TaskNode Caption="Exercise by Choice: 2.5">
                    <Created>2021-07-04T09:00:00</Created>
                  </TaskNode>
                </TaskNode>
                <TaskNode Caption="17:06 - 17:31 Revision Ch. 3">
                  <Created>2021-07-04T09:00:00</Created>
                </TaskNode>
              </TaskNode>
              <TaskNode Caption="TUESDAY ( 6 )">
                <Created>2021-07-04T09:00:00</Created>
                <TaskNode Caption="10:04 - 10:29 Revision Ch. 3">
                  <Created>2021-07-04T09:00:00</Created>
                  <TaskNode Caption="Revision Ch. 3 Session using MMa">
                    <Created>2021-07-04T09:00:00</Created>
                  </TaskNode>
                </TaskNode>
                <TaskNode Caption="10:32 - 10:57 Exc. 3.6">
                  <Created>2021-07-04T09:00:00</Created>
                </TaskNode>
                <TaskNode Caption="11:32 - 11:57 Exc. 3.6">
                  <Created>2021-07-04T09:00:00</Created>
                  <TaskNode Caption="Exercise by Choice: 2.6">
                    <Created>2021-07-04T09:00:00</Created>
                  </TaskNode>
                </TaskNode>
                <TaskNode Caption="12:09 - 12:34 Exc. 3.7">
                  <Created>2021-07-04T09:00:00</Created>
                  <TaskNode Caption="How to: generate d^2/n set ?">
                    <Created>2021-07-04T09:00:00</Created>
                  </TaskNode>
                </TaskNode>
                <TaskNode Caption="13:03 - 13:28 Exc. 3.7">
                  <Created>2021-07-04T09:00:00</Created>
                </TaskNode>
                <TaskNode Caption="13:36 - 14:01 Exc. 3.7">
                  <Created>2021-07-04T09:00:00</Created>
                </TaskNode>
              </TaskNode>
              <TaskNode Caption="WEDNESDAY ( 12 )">
                <Created>2021-07-04T09:00:00</Created>
                <TaskNode Caption="09:33 - 09:58 Revision Ch. 4">
                  <Created>2021-07-04T09:00:00</Created>
                </TaskNode>
                <TaskNode Caption="10:03 - 10:28 Plan Study Ch. 11">
                  <Created>2021-07-04T09:00:00</Created>
                  <TaskNode Caption="Revision Ch. 4 Session using MMa">
                    <Created>2021-07-04T09:00:00</Created>
                  </TaskNode>
                </TaskNode>
                <TaskNode Caption="10:42 - 11:07 Plan Study Ch. 11">
                  <Created>2021-07-04T09:00:00</Created>
                </TaskNode>
                <TaskNode Caption="11:39 - 12:04 Plan Study Ch. 11">
                  <Created>2021-07-04T09:00:00</Created>
                  <TaskNode Caption="Plan Study Ch. 11">
                    <Created>2021-07-04T09:00:00</Created>
                  </TaskNode>
                </TaskNode>
                <TaskNode Caption="12:15 - 12:40 Exc. 2.7">
                  <Created>2021-07-04T09:00:00</Created>
                </TaskNode>
                <TaskNode Caption="12:50 - 13:15 Exc. 2.7">
                  <Created>2021-07-04T09:00:00</Created>
                  <TaskNode Caption="Exercise by Choice: 2.7">
                    <Created>2021-07-04T09:00:00</Created>
                  </TaskNode>
                </TaskNode>
                <TaskNode Caption="14:15 - 14:40 Exc. 2.8">
                  <Created>2021-07-04T09:00:00</Created>
                </TaskNode>
                <TaskNode Caption="14:48 - 15:13 Exc. 2.8">
                  <Created>2021-07-04T09:00:00</Created>
                </TaskNode>
                <TaskNode Caption="15:22 - 15:47 Exc. 2.8">
                  <Created>2021-07-04T09:00:00</Created>
                </TaskNode>
                <TaskNode Caption="16:09 - 16:34 Exc. 2.8">
                  <Created>2021-07-04T09:00:00</Created>
                </TaskNode>
                <TaskNode Caption="16:35 - 17:00 Exc. 2.8">
                  <Created>2021-07-04T09:00:00</Created>
                </TaskNode>
                <TaskNode Caption="17:04 - 17:29 Exc. 2.8">
                  <Created>2021-07-04T09:00:00</Created>
                </TaskNode>
              </TaskNode>
              <TaskNode Caption="THURSDAY ( 8 )">
                <Created>2021-07-04T09:00:00</Created>
                <TaskNode Caption="09:05 - 09:30 Exc. 2.8">
                  <Created>2021-07-04T09:00:00</Created>
                </TaskNode>
                <TaskNode Caption="09:45 - 10:10 Exc. 2.8">
                  <Created>2021-07-04T09:00:00</Created>
                </TaskNode>
                <TaskNode Caption="11:35 - 12:00 Exc. 2.8">
                  <Created>2021-07-04T09:00:00</Created>
                </TaskNode>
                <TaskNode Caption="12:33 - 12:58 Exc. 2.8">
                  <Created>2021-07-04T09:00:00</Created>
                </TaskNode>
                <TaskNode Caption="13:43 - 14:08 Prep. ARF Table">
                  <Created>2021-07-04T09:00:00</Created>
                </TaskNode>
                <TaskNode Caption="14:17 - 14:42 Prep. ARF Table">
                  <Created>2021-07-04T09:00:00</Created>
                </TaskNode>
                <TaskNode Caption="15:22 - 15:47 Liouville Revision">
                  <Created>2021-07-04T09:00:00</Created>
                </TaskNode>
                <TaskNode Caption="15:48 - 16:13 Liouville Revision">
                  <Created>2021-07-04T09:00:00</Created>
                </TaskNode>
              </TaskNode>
              <TaskNode Caption="FRIDAY ( 8 )">
                <Created>2021-07-04T09:00:00</Created>
                <TaskNode Caption="13:31 - 13:56 Exc. 2.9">
                  <Created>2021-07-04T09:00:00</Created>
                </TaskNode>
                <TaskNode Caption="14:04 - 14:29 Exc. 2.9">
                  <Created>2021-07-04T09:00:00</Created>
                </TaskNode>
                <TaskNode Caption="14:37 - 15:02 Exc. 2.9">
                  <Created>2021-07-04T09:00:00</Created>
                </TaskNode>
                <TaskNode Caption="15:05 - 15:30 Exc. 2.9">
                  <Created>2021-07-04T09:00:00</Created>
                </TaskNode>
                <TaskNode Caption="15:39 - 16:04 Exc. 2.9">
                  <Created>2021-07-04T09:00:00</Created>
                </TaskNode>
                <TaskNode Caption="16:23 - 16:48 Revision">
                  <Created>2021-07-04T09:00:00</Created>
                </TaskNode>
                <TaskNode Caption="16:49 - 17:14 Revision">
                  <Created>2021-07-04T09:00:00</Created>
                </TaskNode>
                <TaskNode Caption="17:53 - 17:18 Plan / Scan Jameson">
                  <Created>2021-07-04T09:00:00</Created>
                </TaskNode>
              </TaskNode>
              <TaskNode Caption="SATURDAY ( 4 )">
                <Created>2021-07-04T09:00:00</Created>
                <TaskNode Caption="13:00 - 13:25 CA">
                  <Created>2021-07-04T09:00:00</Created>
                </TaskNode>
                <TaskNode Caption="13:30 - 13:55 CA">
                  <Created>2021-07-04T09:00:00</Created>
                </TaskNode>
                <TaskNode Caption="14:05 - 14:30 CA">
                  <Created>2021-07-04T09:00:00</Created>
                </TaskNode>
                <TaskNode Caption="15:58 - 16:23 CA">
                  <Created>2021-07-04T09:00:00</Created>
                </TaskNode>
              </TaskNode>
              <TaskNode Caption="SUNDAY ( 10 )">
                <Created>2021-07-04T09:00:00</Created>
                <TaskNode Caption="10:19 - 10:44 CA">
                  <Created>2021-07-04T09:00:00</Created>
                </TaskNode>
                <TaskNode Caption="10:48 - 11:13 CA">
                  <Created>2021-07-04T09:00:00</Created>
                </TaskNode>
                <TaskNode Caption="11:21 - 11:46 CA">
                  <Created>2021-07-04T09:00:00</Created>
                </TaskNode>
                <TaskNode Caption="13:42 - 14:07 CA">
                  <Created>2021-07-04T09:00:00</Created>
                </TaskNode>
                <TaskNode Caption="14:28 - 14:53 CA">
                  <Created>2021-07-04T09:00:00</Created>
                  <TaskNode Caption="Scan CA for ANT">
                    <Created>2021-07-04T09:00:00</Created>
                  </TaskNode>
                </TaskNode>
                <TaskNode Caption="17:02 - 17:27 PNT Scan">
                  <Created>2021-07-04T09:00:00</Created>
                </TaskNode>
                <TaskNode Caption="17:43 - 18:08 Weekplan">
                  <Created>2021-07-04T09:00:00</Created>
                </TaskNode>
                <TaskNode Caption="18:13 - 18:39 Weekplan/Scan">
                  <Created>2021-07-04T09:00:00</Created>
                </TaskNode>
                <TaskNode Caption="18:43 - 19:08 Weekplan">
                  <Created>2021-07-04T09:00:00</Created>
                </TaskNode>
                <TaskNode Caption="19:33 - 19:58 Weekplan">
                  <Created>2021-07-04T09:00:00</Created>
                </TaskNode>
              </TaskNode>
            </TaskNode>
          </TaskNode>
          <TaskNode Caption="MAY">
            <Created>2021-07-04T09:00:00</Created>
            <TaskNode Caption="WEEK-19: 4/5 ( 49 )">
              <Created>2021-07-04T09:00:00</Created>
              <TaskNode Caption="MONDAY ( 8 )">
                <Created>2021-07-04T09:00:00</Created>
                <TaskNode Caption="10:45 - 11:10 Revision Ch. 2 Apostol">
                  <Created>2021-07-04T09:00:00</Created>
                </TaskNode>
                <TaskNode Caption="11:18 - 11:43 Revision Ch. 2 Apostol">
                  <Created>2021-07-04T09:00:00</Created>
                </TaskNode>
                <TaskNode Caption="11:56 - 12:21 Revision Ch. 2 Apostol">
                  <Created>2021-07-04T09:00:00</Created>
                </TaskNode>
                <TaskNode Caption="12:48 - 13:13 Revision Ch. 2 Apostol">
                  <Created>2021-07-04T09:00:00</Created>
                </TaskNode>
                <TaskNode Caption="13:45 - 14:10 Revision Ch. 2 Apostol">
                  <Created>2021-07-04T09:00:00</Created>
                </TaskNode>
                <TaskNode Caption="14:26 - 14:51 Revision Ch. 2 Apostol">
                  <Created>2021-07-04T09:00:00</Created>
                </TaskNode>
                <TaskNode Caption="15:15 - 15:40 Revision Ch. 2 Apostol">
                  <Created>2021-07-04T09:00:00</Created>
                </TaskNode>
                <TaskNode Caption="15:45 - 16:10 Exc. 2.10">
                  <Created>2021-07-04T09:00:00</Created>
                </TaskNode>
              </TaskNode>
              <TaskNode Caption="TUESDAY ( 10 )">
                <Created>2021-07-04T09:00:00</Created>
                <TaskNode Caption="10:13 - 10:38 Planning">
                  <Created>2021-07-04T09:00:00</Created>
                </TaskNode>
                <TaskNode Caption="10:39 - 11:04 Study Berberian Paper">
                  <Created>2021-07-04T09:00:00</Created>
                </TaskNode>
                <TaskNode Caption="11:16 - 11:41 Study Berberian Paper">
                  <Created>2021-07-04T09:00:00</Created>
                </TaskNode>
                <TaskNode Caption="11:43 - 12:08 Study Berberian Paper">
                  <Created>2021-07-04T09:00:00</Created>
                </TaskNode>
                <TaskNode Caption="13:50 - 14:15 Exercise 2.12">
                  <Created>2021-07-04T09:00:00</Created>
                </TaskNode>
                <TaskNode Caption="14:35 - 15:00 Exercise 2.12">
                  <Created>2021-07-04T09:00:00</Created>
                </TaskNode>
                <TaskNode Caption="15:10 - 15:35 Exercise 2.12">
                  <Created>2021-07-04T09:00:00</Created>
                </TaskNode>
                <TaskNode Caption="16:05 - 16:30 Exercise 2.12">
                  <Created>2021-07-04T09:00:00</Created>
                </TaskNode>
                <TaskNode Caption="16:38 - 17:03 Exercise 2.12 Done">
                  <Created>2021-07-04T09:00:00</Created>
                </TaskNode>
                <TaskNode Caption="17:27 - 17:52 Study Delaney Paper">
                  <Created>2021-07-04T09:00:00</Created>
                </TaskNode>
              </TaskNode>
              <TaskNode Caption="WEDNESDAY ( 8 )">
                <Created>2021-07-04T09:00:00</Created>
                <TaskNode Caption="11:47 - 12:12 R&amp;D">
                  <Created>2021-07-04T09:00:00</Created>
                </TaskNode>
                <TaskNode Caption="12:57 - 13:22 Exc. 2.13">
                  <Created>2021-07-04T09:00:00</Created>
                </TaskNode>
                <TaskNode Caption="15:17 - 15:42 Exc. 2.13">
                  <Created>2021-07-04T09:00:00</Created>
                </TaskNode>
                <TaskNode Caption="15:51 - 16:16 Exc. 2.14">
                  <Created>2021-07-04T09:00:00</Created>
                </TaskNode>
                <TaskNode Caption="16:21 - 16:46 Exc. 2.14">
                  <Created>2021-07-04T09:00:00</Created>
                </TaskNode>
                <TaskNode Caption="16:51 - 17:16 Exc. 2.14">
                  <Created>2021-07-04T09:00:00</Created>
                </TaskNode>
                <TaskNode Caption="17:19 - 17:44 Exc. 2.14">
                  <Created>2021-07-04T09:00:00</Created>
                </TaskNode>
                <TaskNode Caption="17:45 - 18:10 Exc. 2.14">
                  <Created>2021-07-04T09:00:00</Created>
                </TaskNode>
              </TaskNode>
              <TaskNode Caption="THURSDAY ( 6 )">
                <Created>2021-07-04T09:00:00</Created>
                <TaskNode Caption="10:54 - 11:19 Exc. 2.14">
                  <Created>2021-07-04T09:00:00</Created>
                </TaskNode>
                <TaskNode Caption="11:54 - 12:19 Exc. 2.14">
                  <Created>2021-07-04T09:00:00</Created>
                </TaskNode>
                <TaskNode Caption="14:59 - 15:24 Exc. 2.14">
                  <Created>2021-07-04T09:00:00</Created>
                </TaskNode>
                <TaskNode Caption="15:51 - 16:16 Exc. 2.14">
                  <Created>2021-07-04T09:00:00</Created>
                </TaskNode>
                <TaskNode Caption="16:22 - 16:47 Delaney">
                  <Created>2021-07-04T09:00:00</Created>
                </TaskNode>
                <TaskNode Caption="16:48 - 17:13 Delaney">
                  <Created>2021-07-04T09:00:00</Created>
                </TaskNode>
              </TaskNode>
              <TaskNode Caption="FRIDAY ( 8 )">
                <Created>2021-07-04T09:00:00</Created>
                <TaskNode Caption="09:56 - 10:21 McCarthy ARF">
                  <Created>2021-07-04T09:00:00</Created>
                </TaskNode>
                <TaskNode Caption="10:35 - 11:00 McCarthy ARF">
                  <Created>2021-07-04T09:00:00</Created>
                </TaskNode>
                <TaskNode Caption="11:05 - 11:30 McCarthy ARF">
                  <Created>2021-07-04T09:00:00</Created>
                </TaskNode>
                <TaskNode Caption="14:04 - 14:29 Exc. 2.14">
                  <Created>2021-07-04T09:00:00</Created>
                </TaskNode>
                <TaskNode Caption="14:31 - 14:56 Exc. 2.14">
                  <Created>2021-07-04T09:00:00</Created>
                </TaskNode>
                <TaskNode Caption="16:11 - 16:36 Exc. 2.14">
                  <Created>2021-07-04T09:00:00</Created>
                </TaskNode>
                <TaskNode Caption="17:06 - 17:32 Exc. 2.14">
                  <Created>2021-07-04T09:00:00</Created>
                </TaskNode>
                <TaskNode Caption="17:32 - 17:57 Exc. 2.14">
                  <Created>2021-07-04T09:00:00</Created>
                </TaskNode>
              </TaskNode>
              <TaskNode Caption="SATURDAY ( 4 )">
                <Created>2021-07-04T09:00:00</Created>
                <TaskNode Caption="11:46 - 12:11 Exc. 2.14">
                  <Created>2021-07-04T09:00:00</Created>
                </TaskNode>
                <TaskNode Caption="12:42 - 13:07 Exc. 2.14">
                  <Created>2021-07-04T09:00:00</Created>
                </TaskNode>
                <TaskNode Caption="13:20 - 13:45 McCarthy">
                  <Created>2021-07-04T09:00:00</Created>
                </TaskNode>
                <TaskNode Caption="14:12 - 14:37 McCarthy">
                  <Created>2021-07-04T09:00:00</Created>
                </TaskNode>
              </TaskNode>
              <TaskNode Caption="SUNDAY ( 5 )">
                <Created>2021-07-04T09:00:00</Created>
                <TaskNode Caption="14:04 - 14:29 Scan">
                  <Created>2021-07-04T09:00:00</Created>
                </TaskNode>
                <TaskNode Caption="14:34 - 14:59 Planning">
                  <Created>2021-07-04T09:00:00</Created>
                </TaskNode>
                <TaskNode Caption="15:10 - 15:35 Planning">
                  <Created>2021-07-04T09:00:00</Created>
                </TaskNode>
                <TaskNode Caption="15:50 - 16:15 Planning">
                  <Created>2021-07-04T09:00:00</Created>
                </TaskNode>
                <TaskNode Caption="16:23 - 16:48 Planning">
                  <Created>2021-07-04T09:00:00</Created>
                </TaskNode>
              </TaskNode>
            </TaskNode>
            <TaskNode Caption="WEEK-20: 11/5 ( 53 )">
              <Created>2021-07-04T09:00:00</Created>
              <TaskNode Caption="MONDAY ( 11 )">
                <Created>2021-07-04T09:00:00</Created>
                <TaskNode Caption="09:00 - 09:25 Floor">
                  <Created>2021-07-04T09:00:00</Created>
                </TaskNode>
                <TaskNode Caption="09:34 - 09:59 Floor">
                  <Created>2021-07-04T09:00:00</Created>
                </TaskNode>
                <TaskNode Caption="10:14 - 10:39 Floor">
                  <Created>2021-07-04T09:00:00</Created>
                </TaskNode>
                <TaskNode Caption="10:49 - 11:14 Floor">
                  <Created>2021-07-04T09:00:00</Created>
                </TaskNode>
                <TaskNode Caption="11:32 - 11:57 Floor / Fraction">
                  <Created>2021-07-04T09:00:00</Created>
                </TaskNode>
                <TaskNode Caption="12:11 - 12:36 Exc. 3.14, 3.15">
                  <Created>2021-07-04T09:00:00</Created>
                </TaskNode>
                <TaskNode Caption="12:55 - 13:20 Exc. 3.15">
                  <Created>2021-07-04T09:00:00</Created>
                </TaskNode>
                <TaskNode Caption="13:29 - 13:54 Exc. 3.15">
                  <Created>2021-07-04T09:00:00</Created>
                </TaskNode>
                <TaskNode Caption="15:27 - 15:52 Congruences">
                  <Created>2021-07-04T09:00:00</Created>
                </TaskNode>
                <TaskNode Caption="16:09 - 16:34 Congruences">
                  <Created>2021-07-04T09:00:00</Created>
                </TaskNode>
                <TaskNode Caption="16:38 - 17:03 Congruences">
                  <Created>2021-07-04T09:00:00</Created>
                </TaskNode>
              </TaskNode>
              <TaskNode Caption="TUESDAY ( 8 )">
                <Created>2021-07-04T09:00:00</Created>
                <TaskNode Caption="10:07 - 10:32 Murty 1.1.9">
                  <Created>2021-07-04T09:00:00</Created>
                </TaskNode>
                <TaskNode Caption="10:56 - 11:21 Floor summation/Murty 1.1.9">
                  <Created>2021-07-04T09:00:00</Created>
                </TaskNode>
                <TaskNode Caption="12:01 - 12:26 Floor summation/Murty 1.1.9">
                  <Created>2021-07-04T09:00:00</Created>
                </TaskNode>
                <TaskNode Caption="12:41 - 13:06 Floor summation/Murty 1.1.9">
                  <Created>2021-07-04T09:00:00</Created>
                </TaskNode>
                <TaskNode Caption="13:54 - 14:19 Floor summation/Murty 1.1.9">
                  <Created>2021-07-04T09:00:00</Created>
                </TaskNode>
                <TaskNode Caption="15:07 - 15:31 Floor summation/Murty 1.1.9">
                  <Created>2021-07-04T09:00:00</Created>
                </TaskNode>
                <TaskNode Caption="15:37 - 16:02 Floor summation/Murty 1.1.9">
                  <Created>2021-07-04T09:00:00</Created>
                </TaskNode>
                <TaskNode Caption="16:30 - 16:55 Planning">
                  <Created>2021-07-04T09:00:00</Created>
                </TaskNode>
              </TaskNode>
              <TaskNode Caption="WEDNESDAY ( 7 )">
                <Created>2021-07-04T09:00:00</Created>
                <TaskNode Caption="10:37 - 11:02 Exc. 2.14A">
                  <Created>2021-07-04T09:00:00</Created>
                </TaskNode>
                <TaskNode Caption="11:03 - 11:28 Exc. 2.14A">
                  <Created>2021-07-04T09:00:00</Created>
                </TaskNode>
                <TaskNode Caption="13:43 - 14:08 Exc. 2.14A">
                  <Created>2021-07-04T09:00:00</Created>
                </TaskNode>
                <TaskNode Caption="14:41 - 15:06 Exc. 2.14A">
                  <Created>2021-07-04T09:00:00</Created>
                </TaskNode>
                <TaskNode Caption="15:37 - 16:02 Exc. 2.14A">
                  <Created>2021-07-04T09:00:00</Created>
                </TaskNode>
                <TaskNode Caption="16:18 - 16:43 Exc. 2.14A">
                  <Created>2021-07-04T09:00:00</Created>
                </TaskNode>
                <TaskNode Caption="16:44 - 17:09 Exc. 2.14A">
                  <Created>2021-07-04T09:00:00</Created>
                </TaskNode>
              </TaskNode>
              <TaskNode Caption="THURSDAY ( 8 )">
                <Created>2021-07-04T09:00:00</Created>
                <TaskNode Caption="11:40 - 12:05 Exc. 2.14A">
                  <Created>2021-07-04T09:00:00</Created>
                </TaskNode>
                <TaskNode Caption="12:19 - 12:44 Exc. 2.14A">
                  <Created>2021-07-04T09:00:00</Created>
                </TaskNode>
                <TaskNode Caption="12:46 - 13:11 Exc. 2.14A">
                  <Created>2021-07-04T09:00:00</Created>
                </TaskNode>
                <TaskNode Caption="13:30 - 13:55 Exc. 2.14A">
                  <Created>2021-07-04T09:00:00</Created>
                </TaskNode>
                <TaskNode Caption="13:56 - 14:21 Exc. 2.14A DONE">
                  <CustomFormat>
                    <Bold>1</Bold>
                  </CustomFormat>
                  <Created>2021-07-04T09:00:00</Created>
                </TaskNode>
                <TaskNode Caption="15:29 - 15:54 Exc. 2.14B">
                  <Created>2021-07-04T09:00:00</Created>
                </TaskNode>
                <TaskNode Caption="16:02 - 16:27 Exc. 2.14B DONE">
                  <CustomFormat>
                    <Bold>1</Bold>
                  </CustomFormat>
                  <Created>2021-07-04T09:00:00</Created>
                </TaskNode>
                <TaskNode Caption="16:30 - 16:55 Murty 1.1.9">
                  <Created>2021-07-04T09:00:00</Created>
                </TaskNode>
              </TaskNode>
              <TaskNode Caption="FRIDAY ( 9 )">
                <Created>2021-07-04T09:00:00</Created>
                <TaskNode Caption="10:00 - 10:25 Murty 1.1.9">
                  <Created>2021-07-04T09:00:00</Created>
                </TaskNode>
                <TaskNode Caption="10:34 - 10:59 Murty 1.1.9">
                  <Created>2021-07-04T09:00:00</Created>
                </TaskNode>
                <TaskNode Caption="11:18 - 11:43 Murty 1.1.9">
                  <Created>2021-07-04T09:00:00</Created>
                </TaskNode>
                <TaskNode Caption="12:04 - 12:29 Murty 1.1.9">
                  <Created>2021-07-04T09:00:00</Created>
                </TaskNode>
                <TaskNode Caption="12:43 - 13:07 Murty 1.1.9">
                  <Created>2021-07-04T09:00:00</Created>
                </TaskNode>
                <TaskNode Caption="13:27 - 13:52 Murty 1.1.9">
                  <Created>2021-07-04T09:00:00</Created>
                </TaskNode>
                <TaskNode Caption="15:30 - 15:55 Murty 1.1.9">
                  <Created>2021-07-04T09:00:00</Created>
                </TaskNode>
                <TaskNode Caption="16:04 - 16:29 Murty 1.1.9">
                  <Created>2021-07-04T09:00:00</Created>
                </TaskNode>
                <TaskNode Caption="16:36 - 17:01 Murty 1.1.9 DONE">
                  <CustomFormat>
                    <Bold>1</Bold>
                  </CustomFormat>
                  <Created>2021-07-04T09:00:00</Created>
                </TaskNode>
              </TaskNode>
              <TaskNode Caption="SATURDAY ( 6 )">
                <Created>2021-07-04T09:00:00</Created>
                <TaskNode Caption="13:31 - 13:56 N-&gt;Q; Q-&gt;N">
                  <Created>2021-07-04T09:00:00</Created>
                </TaskNode>
                <TaskNode Caption="14:04 - 14:29 N-&gt;Q; Q-&gt;N">
                  <Created>2021-07-04T09:00:00</Created>
                </TaskNode>
                <TaskNode Caption="14:31 - 14:56 N-&gt;Q; Q-&gt;N">
                  <Created>2021-07-04T09:00:00</Created>
                </TaskNode>
                <TaskNode Caption="15:03 - 15:28 N-&gt;Q; Q-&gt;N">
                  <Created>2021-07-04T09:00:00</Created>
                </TaskNode>
                <TaskNode Caption="15:40 - 16:05 N-&gt;Q; Q-&gt;N">
                  <Created>2021-07-04T09:00:00</Created>
                </TaskNode>
                <TaskNode Caption="16:13 - 16:38 N-&gt;Q; Q-&gt;N">
                  <Created>2021-07-04T09:00:00</Created>
                </TaskNode>
              </TaskNode>
              <TaskNode Caption="SUNDAY ( 4 )">
                <Created>2021-07-04T09:00:00</Created>
                <TaskNode Caption="14:56 - 15:21 Weekplan">
                  <Created>2021-07-04T09:00:00</Created>
                </TaskNode>
                <TaskNode Caption="15:34 - 15:59 Weekplan">
                  <Created>2021-07-04T09:00:00</Created>
                </TaskNode>
                <TaskNode Caption="16:05 - 16:30 Weekplan">
                  <Created>2021-07-04T09:00:00</Created>
                </TaskNode>
                <TaskNode Caption="16:36 - 17:01 Weekplan">
                  <Created>2021-07-04T09:00:00</Created>
                </TaskNode>
              </TaskNode>
            </TaskNode>
            <TaskNode Caption="WEEK-21: 18/5 ( 51 )">
              <Created>2021-07-04T09:00:00</Created>
              <TaskNode Caption="MONDAY ( 11 )">
                <Created>2021-07-04T09:00:00</Created>
                <TaskNode Caption="10:15 - 10:40 Weekplan">
                  <Created>2021-07-04T09:00:00</Created>
                </TaskNode>
                <TaskNode Caption="10:48 - 11:13 Clean-up Github">
                  <Created>2021-07-04T09:00:00</Created>
                </TaskNode>
                <TaskNode Caption="11:22 - 11:47 Clean-up Github">
                  <Created>2021-07-04T09:00:00</Created>
                </TaskNode>
                <TaskNode Caption="12:11 - 12:36 Exc. 2.1">
                  <Created>2021-07-04T09:00:00</Created>
                </TaskNode>
                <TaskNode Caption="12:38 - 13:03 Exc. 2.1 DONE">
                  <Created>2021-07-04T09:00:00</Created>
                </TaskNode>
                <TaskNode Caption="13:35 - 14:00 Exc. 2.2">
                  <Created>2021-07-04T09:00:00</Created>
                </TaskNode>
                <TaskNode Caption="14:21 - 14:46 Exc. 2.2 DONE">
                  <Created>2021-07-04T09:00:00</Created>
                </TaskNode>
                <TaskNode Caption="14:57 - 15:22 Congruences">
                  <Created>2021-07-04T09:00:00</Created>
                </TaskNode>
                <TaskNode Caption="15:27 - 15:52 Congruences">
                  <Created>2021-07-04T09:00:00</Created>
                </TaskNode>
                <TaskNode Caption="15:58 - 16:23 Congruences">
                  <Created>2021-07-04T09:00:00</Created>
                </TaskNode>
                <TaskNode Caption="16:39 - 17:04 Congruences">
                  <Created>2021-07-04T09:00:00</Created>
                </TaskNode>
              </TaskNode>
              <TaskNode Caption="TUESDAY ( 11 )">
                <Created>2021-07-04T09:00:00</Created>
                <TaskNode Caption="09:17 - 09:42 Mathematica">
                  <Created>2021-07-04T09:00:00</Created>
                </TaskNode>
                <TaskNode Caption="10:10 - 10:35 Mathematica">
                  <Created>2021-07-04T09:00:00</Created>
                </TaskNode>
                <TaskNode Caption="10:44 - 11:09 Mathematica">
                  <Created>2021-07-04T09:00:00</Created>
                </TaskNode>
                <TaskNode Caption="11:21 - 11:46 Exc. 2.3 DONE">
                  <Created>2021-07-04T09:00:00</Created>
                </TaskNode>
                <TaskNode Caption="11:58 - 12:23 Exc. 2.5">
                  <Created>2021-07-04T09:00:00</Created>
                </TaskNode>
                <TaskNode Caption="13:51 - 14:16 Exc. 2.5">
                  <Created>2021-07-04T09:00:00</Created>
                </TaskNode>
                <TaskNode Caption="14:24 - 14:49 Exc. 2.5">
                  <Created>2021-07-04T09:00:00</Created>
                </TaskNode>
                <TaskNode Caption="14:51 - 15:16 Exc. 2.5">
                  <Created>2021-07-04T09:00:00</Created>
                </TaskNode>
                <TaskNode Caption="15:40 - 16:05 Exc. 2.5">
                  <Created>2021-07-04T09:00:00</Created>
                </TaskNode>
                <TaskNode Caption="16:06 - 16:31 Exc. 2.5">
                  <Created>2021-07-04T09:00:00</Created>
                </TaskNode>
                <TaskNode Caption="16:33 - 16:58 Mathematica">
                  <Created>2021-07-04T09:00:00</Created>
                </TaskNode>
              </TaskNode>
              <TaskNode Caption="WEDNESDAY ( 11 )">
                <Created>2021-07-04T09:00:00</Created>
                <TaskNode Caption="09:35 - 10:00 Exc. 2.5 DONE">
                  <Created>2021-07-04T09:00:00</Created>
                </TaskNode>
                <TaskNode Caption="10:01 - 10:26 Exc. 2.6 DONE">
                  <Created>2021-07-04T09:00:00</Created>
                </TaskNode>
                <TaskNode Caption="12:19 - 12:44 Exc. 2.15 Start">
                  <Created>2021-07-04T09:00:00</Created>
                </TaskNode>
                <TaskNode Caption="12:58 - 13:23 Exc. 2.15">
                  <Created>2021-07-04T09:00:00</Created>
                </TaskNode>
                <TaskNode Caption="13:47 - 14:12 Exc. 2.15">
                  <Created>2021-07-04T09:00:00</Created>
                </TaskNode>
                <TaskNode Caption="14:13 - 14:38 Exc. 2.15">
                  <Created>2021-07-04T09:00:00</Created>
                </TaskNode>
                <TaskNode Caption="14:49 - 15:14 Exc. 2.15">
                  <Created>2021-07-04T09:00:00</Created>
                </TaskNode>
                <TaskNode Caption="15:20 - 15:45 Exc. 2.15">
                  <Created>2021-07-04T09:00:00</Created>
                </TaskNode>
                <TaskNode Caption="15:56 - 16:21 Scan Apo Chapter 6">
                  <Created>2021-07-04T09:00:00</Created>
                </TaskNode>
                <TaskNode Caption="16:27 - 16:52 Scan Apo Chapter 6">
                  <Created>2021-07-04T09:00:00</Created>
                </TaskNode>
                <TaskNode Caption="16:53 - 17:18 Scan Apo Chapter 6">
                  <Created>2021-07-04T09:00:00</Created>
                </TaskNode>
              </TaskNode>
              <TaskNode Caption="THURSDAY ( 6 )">
                <Created>2021-07-04T09:00:00</Created>
                <TaskNode Caption="11:11 - 11:36 Exc. 2.15">
                  <Created>2021-07-04T09:00:00</Created>
                </TaskNode>
                <TaskNode Caption="12:09 - 12:34 Exc. 2.15">
                  <Created>2021-07-04T09:00:00</Created>
                </TaskNode>
                <TaskNode Caption="13:54 - 14:19 Exc. 2.15">
                  <Created>2021-07-04T09:00:00</Created>
                </TaskNode>
                <TaskNode Caption="14:47 - 15:12 Exc. 2.15DONE">
                  <Created>2021-07-04T09:00:00</Created>
                </TaskNode>
                <TaskNode Caption="15:47 - 16:12 Exc. 2.16Start">
                  <Created>2021-07-04T09:00:00</Created>
                </TaskNode>
                <TaskNode Caption="16:23 - 16:48 Scan Apo Chapter 6">
                  <Created>2021-07-04T09:00:00</Created>
                </TaskNode>
              </TaskNode>
              <TaskNode Caption="FRIDAY ( 3 )">
                <Created>2021-07-04T09:00:00</Created>
                <TaskNode Caption="14:22 - 14:47 Plan RMurty">
                  <Created>2021-07-04T09:00:00</Created>
                </TaskNode>
                <TaskNode Caption="15:03 - 15:28 Plan RMurty">
                  <Created>2021-07-04T09:00:00</Created>
                </TaskNode>
                <TaskNode Caption="15:32 - 15:57 Plan RMurty">
                  <Created>2021-07-04T09:00:00</Created>
                </TaskNode>
              </TaskNode>
              <TaskNode Caption="SATURDAY ( 4 )">
                <Created>2021-07-04T09:00:00</Created>
                <TaskNode Caption="14:59 - 15:24 Scanning Abelian Group Theory">
                  <Created>2021-07-04T09:00:00</Created>
                </TaskNode>
                <TaskNode Caption="15:30 - 15:55 Scanning Papers">
                  <Created>2021-07-04T09:00:00</Created>
                </TaskNode>
                <TaskNode Caption="16:41 - 17:06 Revision Berberian Paper">
                  <Created>2021-07-04T09:00:00</Created>
                </TaskNode>
                <TaskNode Caption="17:11 - 17:36 Mathematica">
                  <Created>2021-07-04T09:00:00</Created>
                </TaskNode>
              </TaskNode>
              <TaskNode Caption="SUNDAY ( 5 )">
                <Created>2021-07-04T09:00:00</Created>
                <TaskNode Caption="13:29 - 13:54 Inverse 1+PrimeNu">
                  <Created>2021-07-04T09:00:00</Created>
                </TaskNode>
                <TaskNode Caption="14:27 - 14:52 Inverse 1+PrimeNu">
                  <Created>2021-07-04T09:00:00</Created>
                </TaskNode>
                <TaskNode Caption="15:19 - 15:44 Inverse 1+PrimeNu">
                  <Created>2021-07-04T09:00:00</Created>
                </TaskNode>
                <TaskNode Caption="15:45 - 16:10 Planning">
                  <Created>2021-07-04T09:00:00</Created>
                </TaskNode>
                <TaskNode Caption="16:48 - 17:13 Planning">
                  <Created>2021-07-04T09:00:00</Created>
                </TaskNode>
              </TaskNode>
            </TaskNode>
            <TaskNode Caption="WEEK-22: 25/5 ( 48 )">
              <Created>2021-07-04T09:00:00</Created>
              <TaskNode Caption="MONDAY ( 11 )">
                <Created>2021-07-04T09:00:00</Created>
                <TaskNode Caption="09:51 - 10:16 GF's of ARF's">
                  <Created>2021-07-04T09:00:00</Created>
                </TaskNode>
                <TaskNode Caption="10:23 - 10:48 Planning">
                  <Created>2021-07-04T09:00:00</Created>
                </TaskNode>
                <TaskNode Caption="11:01 - 11:26 Conrad Paper">
                  <Created>2021-07-04T09:00:00</Created>
                </TaskNode>
                <TaskNode Caption="11:31 - 11:56 Conrad Paper">
                  <Created>2021-07-04T09:00:00</Created>
                </TaskNode>
                <TaskNode Caption="12:29 - 12:54 Contemplating Fourier or CA">
                  <Created>2021-07-04T09:00:00</Created>
                </TaskNode>
                <TaskNode Caption="13:36 - 14:01 Planning CA">
                  <Created>2021-07-04T09:00:00</Created>
                </TaskNode>
                <TaskNode Caption="14:33 - 14:58 Conrad Paper">
                  <Created>2021-07-04T09:00:00</Created>
                </TaskNode>
                <TaskNode Caption="15:04 - 15:29 Apostol Revision">
                  <Created>2021-07-04T09:00:00</Created>
                </TaskNode>
                <TaskNode Caption="15:53 - 16:18 Apostol Revision Bell Series">
                  <Created>2021-07-04T09:00:00</Created>
                </TaskNode>
                <TaskNode Caption="16:29 - 16:54 Apostol Revision Bell Series">
                  <Created>2021-07-04T09:00:00</Created>
                </TaskNode>
                <TaskNode Caption="16:55 - 17:20 Planning">
                  <Created>2021-07-04T09:00:00</Created>
                </TaskNode>
              </TaskNode>
              <TaskNode Caption="TUESDAY ( 9 )">
                <Created>2021-07-04T09:00:00</Created>
                <TaskNode Caption="10:43 - 11:08 Jordan paper">
                  <Created>2021-07-04T09:00:00</Created>
                </TaskNode>
                <TaskNode Caption="11:14 - 11:39 Jordan paper">
                  <Created>2021-07-04T09:00:00</Created>
                </TaskNode>
                <TaskNode Caption="12:08 - 12:33 Jordan paper">
                  <Created>2021-07-04T09:00:00</Created>
                </TaskNode>
                <TaskNode Caption="12:42 - 13:07 Bell Series stuff">
                  <Created>2021-07-04T09:00:00</Created>
                </TaskNode>
                <TaskNode Caption="13:37 - 14:02 Bell Series stuff">
                  <Created>2021-07-04T09:00:00</Created>
                </TaskNode>
                <TaskNode Caption="14:30 - 14:56 Apo Ch. 3 Revision">
                  <Created>2021-07-04T09:00:00</Created>
                </TaskNode>
                <TaskNode Caption="14:59 - 15:24 Murty exercises">
                  <Created>2021-07-04T09:00:00</Created>
                </TaskNode>
                <TaskNode Caption="15:25 - 15:50 Installed MMa Group Theory package">
                  <Created>2021-07-04T09:00:00</Created>
                </TaskNode>
                <TaskNode Caption="16:32 - 16:57 Modular Forms">
                  <Created>2021-07-04T09:00:00</Created>
                </TaskNode>
              </TaskNode>
              <TaskNode Caption="WEDNESDAY ( 8 )">
                <Created>2021-07-04T09:00:00</Created>
                <TaskNode Caption="10:02 - 10:27 Modular Forms">
                  <Created>2021-07-04T09:00:00</Created>
                </TaskNode>
                <TaskNode Caption="10:37 - 11:02 Modular Forms">
                  <Created>2021-07-04T09:00:00</Created>
                </TaskNode>
                <TaskNode Caption="11:41 - 12:06 Planning">
                  <Created>2021-07-04T09:00:00</Created>
                </TaskNode>
                <TaskNode Caption="12:24 - 12:49 Apo Theorem 2.26">
                  <Created>2021-07-04T09:00:00</Created>
                </TaskNode>
                <TaskNode Caption="13:02 - 13:27 Murty">
                  <Created>2021-07-04T09:00:00</Created>
                </TaskNode>
                <TaskNode Caption="13:50 - 14:15 Murty">
                  <Created>2021-07-04T09:00:00</Created>
                </TaskNode>
                <TaskNode Caption="14:32 - 14:57 Murty">
                  <Created>2021-07-04T09:00:00</Created>
                </TaskNode>
                <TaskNode Caption="16:36 - 17:01 Murty">
                  <Created>2021-07-04T09:00:00</Created>
                </TaskNode>
              </TaskNode>
              <TaskNode Caption="THURSDAY ( 10 )">
                <Created>2021-07-04T09:00:00</Created>
                <TaskNode Caption="10:12 - 10:37 Murty 1.2.9/10">
                  <Created>2021-07-04T09:00:00</Created>
                </TaskNode>
                <TaskNode Caption="10:47 - 11:12 Murty 1.2.9/10">
                  <Created>2021-07-04T09:00:00</Created>
                </TaskNode>
                <TaskNode Caption="11:14 - 11:39 Murty 1.2.9/10">
                  <Created>2021-07-04T09:00:00</Created>
                </TaskNode>
                <TaskNode Caption="13:14 - 13:39 Murty 1.2.9/10">
                  <Created>2021-07-04T09:00:00</Created>
                </TaskNode>
                <TaskNode Caption="13:40 - 14:05 Murty 1.2.9/10">
                  <Created>2021-07-04T09:00:00</Created>
                </TaskNode>
                <TaskNode Caption="14:24 - 14:49 Bell Series e.d.">
                  <Created>2021-07-04T09:00:00</Created>
                </TaskNode>
                <TaskNode Caption="15:09 - 15:34 Bell Series e.d.">
                  <Created>2021-07-04T09:00:00</Created>
                </TaskNode>
                <TaskNode Caption="15:35 - 16:00 Koukoulopoulos">
                  <Created>2021-07-04T09:00:00</Created>
                </TaskNode>
                <TaskNode Caption="16:01 - 16:26 Koukoulopoulos">
                  <Created>2021-07-04T09:00:00</Created>
                </TaskNode>
                <TaskNode Caption="16:40 - 17:05 Bell Series">
                  <Created>2021-07-04T09:00:00</Created>
                </TaskNode>
              </TaskNode>
              <TaskNode Caption="FRIDAY ( 5 )">
                <Created>2021-07-04T09:00:00</Created>
                <TaskNode Caption="10:54 - 11:19 Ram Murty 1.2.9/10">
                  <Created>2021-07-04T09:00:00</Created>
                </TaskNode>
                <TaskNode Caption="11:23 - 11:48 Ram Murty 1.2.9/10">
                  <Created>2021-07-04T09:00:00</Created>
                </TaskNode>
                <TaskNode Caption="11:54 - 12:19 Ram Murty 1.2.9/10">
                  <Created>2021-07-04T09:00:00</Created>
                </TaskNode>
                <TaskNode Caption="13:28 - 13:53 Ram Murty 1.2.9/10">
                  <Created>2021-07-04T09:00:00</Created>
                </TaskNode>
                <TaskNode Caption="14:55 - 15:20 Mobius Functions Order k">
                  <Created>2021-07-04T09:00:00</Created>
                </TaskNode>
              </TaskNode>
              <TaskNode Caption="SATURDAY ( 5 )">
                <Created>2021-07-04T09:00:00</Created>
                <TaskNode Caption="10:21 - 10:46 Mobius Order k">
                  <Created>2021-07-04T09:00:00</Created>
                </TaskNode>
                <TaskNode Caption="11:31 - 11:56 Mobius Order k">
                  <Created>2021-07-04T09:00:00</Created>
                </TaskNode>
                <TaskNode Caption="12:41 - 13:06 Mobius Order k">
                  <Created>2021-07-04T09:00:00</Created>
                </TaskNode>
                <TaskNode Caption="13:08 - 13:33 MMa Guidebook Num">
                  <Created>2021-07-04T09:00:00</Created>
                </TaskNode>
                <TaskNode Caption="14:09 - 14:35 Mobius Order k">
                  <Created>2021-07-04T09:00:00</Created>
                </TaskNode>
              </TaskNode>
              <TaskNode Caption="SUNDAY ( 0 )">
                <Created>2021-07-04T09:00:00</Created>
              </TaskNode>
            </TaskNode>
          </TaskNode>
          <TaskNode Caption="JUNE">
            <Created>2021-07-04T09:00:00</Created>
            <TaskNode Caption="WEEK-23: 1/6 ( 30 )">
              <Created>2021-07-04T09:00:00</Created>
              <TaskNode Caption="MONDAY ( 11 )">
                <Created>2021-07-04T09:00:00</Created>
                <TaskNode Caption="09:24 - 09:49 Weekplanning">
                  <Created>2021-07-04T09:00:00</Created>
                </TaskNode>
                <TaskNode Caption="09:58 - 10:23 Weekplanning">
                  <Created>2021-07-04T09:00:00</Created>
                </TaskNode>
                <TaskNode Caption="10:29 - 10:54 Weekplanning DONE">
                  <Created>2021-07-04T09:00:00</Created>
                </TaskNode>
                <TaskNode Caption="11:14 - 11:39 Calibre laden">
                  <Created>2021-07-04T09:00:00</Created>
                </TaskNode>
                <TaskNode Caption="11:40 - 12:05 Complex Analysis Plan">
                  <Created>2021-07-04T09:00:00</Created>
                </TaskNode>
                <TaskNode Caption="13:53 - 14:18 Complex Analysis Plan">
                  <Created>2021-07-04T09:00:00</Created>
                </TaskNode>
                <TaskNode Caption="14:33 - 14:58 Route 2.8 PNT">
                  <Created>2021-07-04T09:00:00</Created>
                </TaskNode>
                <TaskNode Caption="15:11 - 15:36 Route 2.8 PNT">
                  <Created>2021-07-04T09:00:00</Created>
                </TaskNode>
                <TaskNode Caption="15:52 - 16:17 Exc. 2.16">
                  <Created>2021-07-04T09:00:00</Created>
                </TaskNode>
                <TaskNode Caption="16:25 - 16:50 Exc. 2.16">
                  <Created>2021-07-04T09:00:00</Created>
                </TaskNode>
                <TaskNode Caption="16:51 - 17:16 Exc. 2.16">
                  <Created>2021-07-04T09:00:00</Created>
                </TaskNode>
              </TaskNode>
              <TaskNode Caption="TUESDAY ( 7 )">
                <Created>2021-07-04T09:00:00</Created>
                <TaskNode Caption="10:45 - 11:10 MIA Ch. 2">
                  <Created>2021-07-04T09:00:00</Created>
                </TaskNode>
                <TaskNode Caption="11:16 - 11:41 Group Arithmetic Functions">
                  <Created>2021-07-04T09:00:00</Created>
                </TaskNode>
                <TaskNode Caption="11:51 - 12:16 Exc. 2.16">
                  <Created>2021-07-04T09:00:00</Created>
                </TaskNode>
                <TaskNode Caption="13:38 - 14:03 Exc. 2.16">
                  <Created>2021-07-04T09:00:00</Created>
                </TaskNode>
                <TaskNode Caption="14:32 - 14:57 Exc. 2.16">
                  <Created>2021-07-04T09:00:00</Created>
                </TaskNode>
                <TaskNode Caption="15:12 - 15:37 Exc. 2.16">
                  <Created>2021-07-04T09:00:00</Created>
                </TaskNode>
                <TaskNode Caption="16:24 - 16:49 Exc. 2.16">
                  <Created>2021-07-04T09:00:00</Created>
                </TaskNode>
              </TaskNode>
              <TaskNode Caption="WEDNESDAY ( 4 )">
                <Created>2021-07-04T09:00:00</Created>
                <TaskNode Caption="14:44 - 15:09 Paper GT Ar Fu">
                  <Created>2021-07-04T09:00:00</Created>
                </TaskNode>
                <TaskNode Caption="15:17 - 15:42 Paper GT Ar Fu">
                  <Created>2021-07-04T09:00:00</Created>
                </TaskNode>
                <TaskNode Caption="16:11 - 16:36 Paper GT Ar Fu">
                  <Created>2021-07-04T09:00:00</Created>
                </TaskNode>
                <TaskNode Caption="16:37 - 17:02 Exc. 2.16">
                  <Created>2021-07-04T09:00:00</Created>
                </TaskNode>
              </TaskNode>
              <TaskNode Caption="THURSDAY ( 0 )">
                <Created>2021-07-04T09:00:00</Created>
              </TaskNode>
              <TaskNode Caption="FRIDAY ( 8 )">
                <Created>2021-07-04T09:00:00</Created>
                <TaskNode Caption="11:37 - 12:02 Planning">
                  <Created>2021-07-04T09:00:00</Created>
                </TaskNode>
                <TaskNode Caption="12:06 - 12:31 Exc. 2.16a">
                  <Created>2021-07-04T09:00:00</Created>
                </TaskNode>
                <TaskNode Caption="12:59 - 13:24 Exc. 2.16a">
                  <Created>2021-07-04T09:00:00</Created>
                </TaskNode>
                <TaskNode Caption="14:01 - 14:26 Exc. 2.16a">
                  <Created>2021-07-04T09:00:00</Created>
                </TaskNode>
                <TaskNode Caption="14:35 - 15:00 Exc. 2.16a">
                  <Created>2021-07-04T09:00:00</Created>
                </TaskNode>
                <TaskNode Caption="15:08 - 15:33 Exc. 2.16b">
                  <Created>2021-07-04T09:00:00</Created>
                </TaskNode>
                <TaskNode Caption="15:50 - 16:15 Exc. 2.16b">
                  <Created>2021-07-04T09:00:00</Created>
                </TaskNode>
                <TaskNode Caption="16:22 - 16:47 Exc. 2.16b">
                  <Created>2021-07-04T09:00:00</Created>
                </TaskNode>
              </TaskNode>
              <TaskNode Caption="SATURDAY ( 0 )">
                <Created>2021-07-04T09:00:00</Created>
              </TaskNode>
              <TaskNode Caption="SUNDAY ( 0 )">
                <Created>2021-07-04T09:00:00</Created>
              </TaskNode>
            </TaskNode>
            <TaskNode Caption="WEEK-24: 8/6 ( 30 )">
              <Created>2021-07-04T09:00:00</Created>
              <TaskNode Caption="MONDAY ( 12 )">
                <Created>2021-07-04T09:00:00</Created>
                <TaskNode Caption="08:59 - 09:24 Exc. 2.16b">
                  <Created>2021-07-04T09:00:00</Created>
                </TaskNode>
                <TaskNode Caption="09:43 - 10:08 Exc. 2.16b">
                  <Created>2021-07-04T09:00:00</Created>
                </TaskNode>
                <TaskNode Caption="10:12 - 10:37 Read Chang">
                  <Created>2021-07-04T09:00:00</Created>
                </TaskNode>
                <TaskNode Caption="10:38 - 11:03 Read Chang">
                  <Created>2021-07-04T09:00:00</Created>
                </TaskNode>
                <TaskNode Caption="11:28 - 11:53 Read Chang">
                  <Created>2021-07-04T09:00:00</Created>
                </TaskNode>
                <TaskNode Caption="11:56 - 12:21 Workbench setup stuff">
                  <Created>2021-07-04T09:00:00</Created>
                </TaskNode>
                <TaskNode Caption="12:44 - 13:09 NumTheory package stuff">
                  <Created>2021-07-04T09:00:00</Created>
                </TaskNode>
                <TaskNode Caption="13:23 - 13:48 Exc. 2.16">
                  <Created>2021-07-04T09:00:00</Created>
                </TaskNode>
                <TaskNode Caption="14:12 - 14:37 Exc. 2.16">
                  <Created>2021-07-04T09:00:00</Created>
                </TaskNode>
                <TaskNode Caption="14:56 - 15:21 Dirichlet Series">
                  <Created>2021-07-04T09:00:00</Created>
                </TaskNode>
                <TaskNode Caption="15:22 - 15:47 Dirichlet Series (MMa Function)">
                  <Created>2021-07-04T09:00:00</Created>
                </TaskNode>
                <TaskNode Caption="15:57 - 16:23 NumTheory Package">
                  <Created>2021-07-04T09:00:00</Created>
                </TaskNode>
              </TaskNode>
              <TaskNode Caption="TUESDAY ( 0 )">
                <Created>2021-07-04T09:00:00</Created>
              </TaskNode>
              <TaskNode Caption="WEDNESDAY ( 7 )">
                <Created>2021-07-04T09:00:00</Created>
                <TaskNode Caption="09:51 - 10:16 numTheory Package">
                  <Created>2021-07-04T09:00:00</Created>
                </TaskNode>
                <TaskNode Caption="10:21 - 10:46 Eclipse zaken">
                  <Created>2021-07-04T09:00:00</Created>
                </TaskNode>
                <TaskNode Caption="10:51 - 11:16 Eclipse zaken">
                  <Created>2021-07-04T09:00:00</Created>
                </TaskNode>
                <TaskNode Caption="11:22 - 11:47 Eclipse zaken">
                  <Created>2021-07-04T09:00:00</Created>
                </TaskNode>
                <TaskNode Caption="12:00 - 12:25 Eclipse zaken">
                  <Created>2021-07-04T09:00:00</Created>
                </TaskNode>
                <TaskNode Caption="12:31 - 12:56 Eclipse Issues SOLVED">
                  <Created>2021-07-04T09:00:00</Created>
                </TaskNode>
                <TaskNode Caption="14:12 - 14:37 numTheory Package SETUP OK">
                  <Created>2021-07-04T09:00:00</Created>
                </TaskNode>
              </TaskNode>
              <TaskNode Caption="THURSDAY ( 1 )">
                <Created>2021-07-04T09:00:00</Created>
                <TaskNode Caption="08:23 - 08:48 - Scan Prime Formula">
                  <Created>2021-07-04T09:00:00</Created>
                </TaskNode>
              </TaskNode>
              <TaskNode Caption="FRIDAY ( 6 )">
                <Created>2021-07-04T09:00:00</Created>
                <TaskNode Caption="08:25 - 08:50 RH books scan">
                  <Created>2021-07-04T09:00:00</Created>
                </TaskNode>
                <TaskNode Caption="09:02 - 09:28 RH books scan">
                  <Created>2021-07-04T09:00:00</Created>
                </TaskNode>
                <TaskNode Caption="11:01 - 11:26 RH books scan">
                  <Created>2021-07-04T09:00:00</Created>
                </TaskNode>
                <TaskNode Caption="11:47 - 12:12 RH books scan">
                  <Created>2021-07-04T09:00:00</Created>
                </TaskNode>
                <TaskNode Caption="12:26 - 12:51 RH books scan">
                  <Created>2021-07-04T09:00:00</Created>
                </TaskNode>
                <TaskNode Caption="13:02 - 13:27 RH books scan">
                  <Created>2021-07-04T09:00:00</Created>
                </TaskNode>
              </TaskNode>
              <TaskNode Caption="SATURDAY ( 4 )">
                <Created>2021-07-04T09:00:00</Created>
                <TaskNode Caption="11:52 - 12:17 Planning">
                  <Created>2021-07-04T09:00:00</Created>
                </TaskNode>
                <TaskNode Caption="12:46 - 13:11 Planning">
                  <Created>2021-07-04T09:00:00</Created>
                </TaskNode>
                <TaskNode Caption="13:15 - 13:40 NumTheory Package">
                  <Created>2021-07-04T09:00:00</Created>
                </TaskNode>
                <TaskNode Caption="14:00 - 14:25 Programming">
                  <Created>2021-07-04T09:00:00</Created>
                </TaskNode>
              </TaskNode>
              <TaskNode Caption="SUNDAY ( 0 )">
                <Created>2021-07-04T09:00:00</Created>
              </TaskNode>
            </TaskNode>
            <TaskNode Caption="WEEK-25: 15/6 ( 49 )">
              <Created>2021-07-04T09:00:00</Created>
              <TaskNode Caption="MONDAY ( 12 )">
                <Created>2021-07-04T09:00:00</Created>
                <TaskNode Caption="09:58 - 10:23 numTheory package">
                  <Created>2021-07-04T09:00:00</Created>
                </TaskNode>
                <TaskNode Caption="10:27 - 10:52 numTheory package">
                  <Created>2021-07-04T09:00:00</Created>
                </TaskNode>
                <TaskNode Caption="10:54 - 11:19 numTheory package">
                  <Created>2021-07-04T09:00:00</Created>
                </TaskNode>
                <TaskNode Caption="11:42 - 12:07 numTheory package">
                  <Created>2021-07-04T09:00:00</Created>
                </TaskNode>
                <TaskNode Caption="12:17 - 12:42 numTheory package">
                  <Created>2021-07-04T09:00:00</Created>
                </TaskNode>
                <TaskNode Caption="12:48 - 13:13 numTheory package">
                  <Created>2021-07-04T09:00:00</Created>
                </TaskNode>
                <TaskNode Caption="13:19 - 13:44 numTheory package">
                  <Created>2021-07-04T09:00:00</Created>
                </TaskNode>
                <TaskNode Caption="13:51 - 14:16 numTheory package">
                  <Created>2021-07-04T09:00:00</Created>
                </TaskNode>
                <TaskNode Caption="14:44 - 15:09 numTheory package">
                  <Created>2021-07-04T09:00:00</Created>
                </TaskNode>
                <TaskNode Caption="15:11 - 15:36 numTheory package">
                  <Created>2021-07-04T09:00:00</Created>
                </TaskNode>
                <TaskNode Caption="15:47 - 16:12 numTheory package">
                  <Created>2021-07-04T09:00:00</Created>
                </TaskNode>
                <TaskNode Caption="16:27 - 16:52 numTheory package">
                  <Created>2021-07-04T09:00:00</Created>
                </TaskNode>
              </TaskNode>
              <TaskNode Caption="TUESDAY ( 9 )">
                <Created>2021-07-04T09:00:00</Created>
                <TaskNode Caption="09:37 - 10:02 numTheory package">
                  <Created>2021-07-04T09:00:00</Created>
                </TaskNode>
                <TaskNode Caption="10:08 - 10:33 numTheory package">
                  <Created>2021-07-04T09:00:00</Created>
                </TaskNode>
                <TaskNode Caption="10:36 - 11:01 numTheory package">
                  <Created>2021-07-04T09:00:00</Created>
                </TaskNode>
                <TaskNode Caption="11:09 - 11:34 numTheory package">
                  <Created>2021-07-04T09:00:00</Created>
                </TaskNode>
                <TaskNode Caption="11:39 - 12:04 numTheory package">
                  <Created>2021-07-04T09:00:00</Created>
                </TaskNode>
                <TaskNode Caption="13:56 - 14:21 numTheory package">
                  <Created>2021-07-04T09:00:00</Created>
                </TaskNode>
                <TaskNode Caption="14:32 - 14:57 numTheory package">
                  <Created>2021-07-04T09:00:00</Created>
                </TaskNode>
                <TaskNode Caption="14:59 - 15:24 numTheory package">
                  <Created>2021-07-04T09:00:00</Created>
                </TaskNode>
                <TaskNode Caption="16:03 - 16:28 numTheory package">
                  <Created>2021-07-04T09:00:00</Created>
                </TaskNode>
              </TaskNode>
              <TaskNode Caption="WEDNESDAY ( 11 )">
                <Created>2021-07-04T09:00:00</Created>
                <TaskNode Caption="09:54 - 10:19 numTheory package">
                  <Created>2021-07-04T09:00:00</Created>
                </TaskNode>
                <TaskNode Caption="10:25 - 10:50 nDirichletRoot DONE">
                  <Created>2021-07-04T09:00:00</Created>
                </TaskNode>
                <TaskNode Caption="11:05 - 11:30 nDirichletPower for Rationals DONE">
                  <Created>2021-07-04T09:00:00</Created>
                </TaskNode>
                <TaskNode Caption="11:50 - 12:15 Cleaning NotesANT">
                  <Created>2021-07-04T09:00:00</Created>
                </TaskNode>
                <TaskNode Caption="12:16 - 12:41 Cleaning NotesANT">
                  <Created>2021-07-04T09:00:00</Created>
                </TaskNode>
                <TaskNode Caption="12:42 - 13:07 Delany paper">
                  <Created>2021-07-04T09:00:00</Created>
                </TaskNode>
                <TaskNode Caption="13:12 - 13:38 Delany paper">
                  <Created>2021-07-04T09:00:00</Created>
                </TaskNode>
                <TaskNode Caption="13:49 - 14:14 Delany paper">
                  <Created>2021-07-04T09:00:00</Created>
                </TaskNode>
                <TaskNode Caption="14:20 - 14:45 nCore DONE">
                  <Created>2021-07-04T09:00:00</Created>
                </TaskNode>
                <TaskNode Caption="14:59 - 15:24 nDirichletCoefficientList DONE">
                  <Created>2021-07-04T09:00:00</Created>
                </TaskNode>
                <TaskNode Caption="15:29 - 15:54 Cleaning NotesANT">
                  <Created>2021-07-04T09:00:00</Created>
                </TaskNode>
              </TaskNode>
              <TaskNode Caption="THURSDAY ( 5 )">
                <Created>2021-07-04T09:00:00</Created>
                <TaskNode Caption="10:02 - 10:27 nJordanTotient DONE">
                  <Created>2021-07-04T09:00:00</Created>
                </TaskNode>
                <TaskNode Caption="10:36 - 11:01 Exc. 2.17a">
                  <Created>2021-07-04T09:00:00</Created>
                </TaskNode>
                <TaskNode Caption="14:11 - 14:36 Exc. 2.17a DONE">
                  <Created>2021-07-04T09:00:00</Created>
                </TaskNode>
                <TaskNode Caption="14:55 - 15:20 Exc. 2.17b">
                  <Created>2021-07-04T09:00:00</Created>
                </TaskNode>
                <TaskNode Caption="15:21 - 15:46 Exc. 2.17b">
                  <Created>2021-07-04T09:00:00</Created>
                </TaskNode>
              </TaskNode>
              <TaskNode Caption="FRIDAY ( 8 )">
                <Created>2021-07-04T09:00:00</Created>
                <TaskNode Caption="10:41 - 11:06 nAntiMult">
                  <Created>2021-07-04T09:00:00</Created>
                </TaskNode>
                <TaskNode Caption="11:10 - 11:35 nAntiMult">
                  <Created>2021-07-04T09:00:00</Created>
                </TaskNode>
                <TaskNode Caption="11:48 - 12:13 nAntiMult">
                  <Created>2021-07-04T09:00:00</Created>
                </TaskNode>
                <TaskNode Caption="14:05 - 14:30 nAntiMult">
                  <Created>2021-07-04T09:00:00</Created>
                </TaskNode>
                <TaskNode Caption="14:38 - 15:03 nAntiMultiplicativeComponent DONE">
                  <Created>2021-07-04T09:00:00</Created>
                </TaskNode>
                <TaskNode Caption="15:32 - 15:57 Bell Series function">
                  <Created>2021-07-04T09:00:00</Created>
                </TaskNode>
                <TaskNode Caption="16:03 - 16:28 Bell Series function">
                  <Created>2021-07-04T09:00:00</Created>
                </TaskNode>
                <TaskNode Caption="16:29 - 16:54 Bell Series function">
                  <Created>2021-07-04T09:00:00</Created>
                </TaskNode>
              </TaskNode>
              <TaskNode Caption="SATURDAY ( 2 )">
                <Created>2021-07-04T09:00:00</Created>
                <TaskNode Caption="09:05 - 09:30 nBellSeriesCoefficient FIX">
                  <Created>2021-07-04T09:00:00</Created>
                </TaskNode>
                <TaskNode Caption="11:25 - 11:50 nBellSeriesCoefficient FIX DONE">
                  <Created>2021-07-04T09:00:00</Created>
                </TaskNode>
              </TaskNode>
              <TaskNode Caption="SUNDAY ( 2 )">
                <Created>2021-07-04T09:00:00</Created>
                <TaskNode Caption="11:51 - 12:16 McCarthy Exc. 1">
                  <Created>2021-07-04T09:00:00</Created>
                </TaskNode>
                <TaskNode Caption="14:00 - 14:25 McCarthy Exc. 2">
                  <Created>2021-07-04T09:00:00</Created>
                </TaskNode>
              </TaskNode>
            </TaskNode>
            <TaskNode Caption="WEEK-26: 22/6 ( 45 )">
              <Created>2021-07-04T09:00:00</Created>
              <TaskNode Caption="MONDAY ( 10 )">
                <Created>2021-07-04T09:00:00</Created>
                <TaskNode Caption="08:49 - 09:14 Find Formula Core">
                  <Created>2021-07-04T09:00:00</Created>
                </TaskNode>
                <TaskNode Caption="09:20 - 09:45 Find Formula Core">
                  <Created>2021-07-04T09:00:00</Created>
                </TaskNode>
                <TaskNode Caption="09:54 - 10:19 ARF Table updates">
                  <Created>2021-07-04T09:00:00</Created>
                </TaskNode>
                <TaskNode Caption="11:26 - 11:51 McC 1.3">
                  <Created>2021-07-04T09:00:00</Created>
                </TaskNode>
                <TaskNode Caption="12:09 - 12:34 McC 1.3">
                  <Created>2021-07-04T09:00:00</Created>
                </TaskNode>
                <TaskNode Caption="12:55 - 13:20 McC 1.3">
                  <Created>2021-07-04T09:00:00</Created>
                </TaskNode>
                <TaskNode Caption="13:28 - 13:53 McC 1.3 DONE">
                  <Created>2021-07-04T09:00:00</Created>
                </TaskNode>
                <TaskNode Caption="14:05 - 14:30 McC 1.4">
                  <Created>2021-07-04T09:00:00</Created>
                </TaskNode>
                <TaskNode Caption="14:41 - 15:06 McC 1.4">
                  <Created>2021-07-04T09:00:00</Created>
                </TaskNode>
                <TaskNode Caption="15:20 - 15:45 Planning">
                  <Created>2021-07-04T09:00:00</Created>
                </TaskNode>
              </TaskNode>
              <TaskNode Caption="TUESDAY ( 2 )">
                <Created>2021-07-04T09:00:00</Created>
                <TaskNode Caption="10:17 - 10:42">
                  <Created>2021-07-04T09:00:00</Created>
                </TaskNode>
                <TaskNode Caption="10:55 - 11:20">
                  <Created>2021-07-04T09:00:00</Created>
                </TaskNode>
              </TaskNode>
              <TaskNode Caption="WEDNESDAY ( 11 )">
                <Created>2021-07-04T09:00:00</Created>
                <TaskNode Caption="09:12 - 09:37 Bell Series GCD">
                  <Created>2021-07-04T09:00:00</Created>
                </TaskNode>
                <TaskNode Caption="09:39 - 10:04 Bell Series BUG">
                  <Created>2021-07-04T09:00:00</Created>
                </TaskNode>
                <TaskNode Caption="10:15 - 10:40 Bell Series BUG DONE">
                  <Created>2021-07-04T09:00:00</Created>
                </TaskNode>
                <TaskNode Caption="10:46 - 11:11 ARF Table Update">
                  <Created>2021-07-04T09:00:00</Created>
                </TaskNode>
                <TaskNode Caption="11:18 - 11:43 ARF Table Update">
                  <Created>2021-07-04T09:00:00</Created>
                </TaskNode>
                <TaskNode Caption="11:52 - 12:17 Asymptotics">
                  <Created>2021-07-04T09:00:00</Created>
                </TaskNode>
                <TaskNode Caption="12:45 - 13:10 Asymptotics">
                  <Created>2021-07-04T09:00:00</Created>
                </TaskNode>
                <TaskNode Caption="13:21 - 13:46 McCarthy stuff">
                  <Created>2021-07-04T09:00:00</Created>
                </TaskNode>
                <TaskNode Caption="13:55 - 14:21 (f*1)(g*1)*MoebiusMu">
                  <Created>2021-07-04T09:00:00</Created>
                </TaskNode>
                <TaskNode Caption="14:52 - 15:17 (f*1)(g*1)*MoebiusMu">
                  <Created>2021-07-04T09:00:00</Created>
                </TaskNode>
                <TaskNode Caption="15:22 - 15:47 McC 1.4">
                  <Created>2021-07-04T09:00:00</Created>
                </TaskNode>
              </TaskNode>
              <TaskNode Caption="THURSDAY ( 8 )">
                <Created>2021-07-04T09:00:00</Created>
                <TaskNode Caption="09:59 - 10:24 McC 1.4">
                  <Created>2021-07-04T09:00:00</Created>
                </TaskNode>
                <TaskNode Caption="10:25 - 10:50 McC 1.4">
                  <Created>2021-07-04T09:00:00</Created>
                </TaskNode>
                <TaskNode Caption="10:55 - 11:20 McC 1.4">
                  <Created>2021-07-04T09:00:00</Created>
                </TaskNode>
                <TaskNode Caption="11:28 - 11:53 McC 1.4">
                  <Created>2021-07-04T09:00:00</Created>
                </TaskNode>
                <TaskNode Caption="12:31 - 12:56 McC 1.4">
                  <Created>2021-07-04T09:00:00</Created>
                </TaskNode>
                <TaskNode Caption="12:57 - 13:22 McC 1.4">
                  <Created>2021-07-04T09:00:00</Created>
                </TaskNode>
                <TaskNode Caption="13:24 - 13:49 McC 1.4">
                  <Created>2021-07-04T09:00:00</Created>
                </TaskNode>
                <TaskNode Caption="14:32 - 14:57 McC 1.4">
                  <Created>2021-07-04T09:00:00</Created>
                </TaskNode>
              </TaskNode>
              <TaskNode Caption="FRIDAY ( 1 )">
                <Created>2021-07-04T09:00:00</Created>
                <TaskNode Caption="14:56 - 15:21 - McC 1.4">
                  <Created>2021-07-04T09:00:00</Created>
                </TaskNode>
              </TaskNode>
              <TaskNode Caption="SATURDAY ( 8 )">
                <Created>2021-07-04T09:00:00</Created>
                <TaskNode Caption="09:10 - 09:35 GCD / LCM">
                  <Created>2021-07-04T09:00:00</Created>
                </TaskNode>
                <TaskNode Caption="09:40 - 10:05 GCD / LCM">
                  <Created>2021-07-04T09:00:00</Created>
                </TaskNode>
                <TaskNode Caption="11:03 - 11:29 [ ] Lehmer">
                  <Created>2021-07-04T09:00:00</Created>
                </TaskNode>
                <TaskNode Caption="11:54 - 12:19 [ ] Lehmer">
                  <Created>2021-07-04T09:00:00</Created>
                </TaskNode>
                <TaskNode Caption="11:54 - 12:19 [ ] Lehmer">
                  <Created>2021-07-04T09:00:00</Created>
                </TaskNode>
                <TaskNode Caption="13:01 - 13:26 [ ] Lehmer">
                  <Created>2021-07-04T09:00:00</Created>
                </TaskNode>
                <TaskNode Caption="13:27 - 13:52 [ ] Lehmer">
                  <Created>2021-07-04T09:00:00</Created>
                </TaskNode>
                <TaskNode Caption="16:20 - 16:45 [ ] Lehmer">
                  <Created>2021-07-04T09:00:00</Created>
                </TaskNode>
              </TaskNode>
              <TaskNode Caption="SUNDAY ( 5 )">
                <Created>2021-07-04T09:00:00</Created>
                <TaskNode Caption="11:58 - 12:23 [ ] Lehmer">
                  <Created>2021-07-04T09:00:00</Created>
                </TaskNode>
                <TaskNode Caption="12:41 - 13:06 [ ] Lehmer">
                  <Created>2021-07-04T09:00:00</Created>
                </TaskNode>
                <TaskNode Caption="13:12 - 13:37 Planning">
                  <Created>2021-07-04T09:00:00</Created>
                </TaskNode>
                <TaskNode Caption="13:54 - 14:19 SE">
                  <Created>2021-07-04T09:00:00</Created>
                </TaskNode>
                <TaskNode Caption="14:20 - 14:45 [ ] Lehmer">
                  <Created>2021-07-04T09:00:00</Created>
                </TaskNode>
              </TaskNode>
            </TaskNode>
          </TaskNode>
          <TaskNode Caption="JULY">
            <Created>2021-07-04T09:00:00</Created>
            <TaskNode Caption="WEEK-27: 29/6 ( 39 )">
              <Created>2021-07-04T09:00:00</Created>
              <TaskNode Caption="MONDAY ( 12 )">
                <Created>2021-07-04T09:00:00</Created>
                <TaskNode Caption="09:12 - 09:37 Lehmer Product">
                  <Created>2021-07-04T09:00:00</Created>
                </TaskNode>
                <TaskNode Caption="09:43 - 10:08 Lehmer Product">
                  <Created>2021-07-04T09:00:00</Created>
                </TaskNode>
                <TaskNode Caption="10:24 - 10:49 Lehmer Product">
                  <Created>2021-07-04T09:00:00</Created>
                </TaskNode>
                <TaskNode Caption="11:03 - 11:28 Lehmer Product">
                  <Created>2021-07-04T09:00:00</Created>
                </TaskNode>
                <TaskNode Caption="11:39 - 12:04 Lehmer Product">
                  <Created>2021-07-04T09:00:00</Created>
                </TaskNode>
                <TaskNode Caption="12:25 - 12:50 Lehmer Product">
                  <Created>2021-07-04T09:00:00</Created>
                </TaskNode>
                <TaskNode Caption="12:54 - 13:19 Lehmer Inverse">
                  <Created>2021-07-04T09:00:00</Created>
                </TaskNode>
                <TaskNode Caption="13:22 - 13:47 Lehmer Inverse">
                  <Created>2021-07-04T09:00:00</Created>
                </TaskNode>
                <TaskNode Caption="***">
                  <Created>2021-07-04T09:00:00</Created>
                </TaskNode>
                <TaskNode Caption="14:58 - 15:23 McC 1.5">
                  <Created>2021-07-04T09:00:00</Created>
                </TaskNode>
                <TaskNode Caption="15:26 - 15:51 McC 1.5">
                  <Created>2021-07-04T09:00:00</Created>
                </TaskNode>
                <TaskNode Caption="15:58 - 16:23 Riemann">
                  <Created>2021-07-04T09:00:00</Created>
                </TaskNode>
                <TaskNode Caption="16:34 - 16:59 Planning">
                  <Created>2021-07-04T09:00:00</Created>
                </TaskNode>
              </TaskNode>
              <TaskNode Caption="TUESDAY ( 8 )">
                <Created>2021-07-04T09:00:00</Created>
                <TaskNode Caption="09:59 - 10:24 McC 1.5">
                  <Created>2021-07-04T09:00:00</Created>
                </TaskNode>
                <TaskNode Caption="10:54 - 11:19 McC 1.5">
                  <Created>2021-07-04T09:00:00</Created>
                </TaskNode>
                <TaskNode Caption="11:21 - 11:46 McC 1.5">
                  <Created>2021-07-04T09:00:00</Created>
                </TaskNode>
                <TaskNode Caption="11:58 - 12:23 McC 1.5">
                  <Created>2021-07-04T09:00:00</Created>
                </TaskNode>
                <TaskNode Caption="12:24 - 12:49 McC 1.5 DONE">
                  <Created>2021-07-04T09:00:00</Created>
                </TaskNode>
                <TaskNode Caption="13:23 - 13:48 Apo Ch. 8">
                  <Created>2021-07-04T09:00:00</Created>
                </TaskNode>
                <TaskNode Caption="13:55 - 14:20 Apo Ch. 8">
                  <Created>2021-07-04T09:00:00</Created>
                </TaskNode>
                <TaskNode Caption="14:27 - 14:52 Apo Ch. 8">
                  <Created>2021-07-04T09:00:00</Created>
                </TaskNode>
              </TaskNode>
              <TaskNode Caption="WEDNESDAY ( 6 )">
                <Created>2021-07-04T09:00:00</Created>
                <TaskNode Caption="09:14 - 09:39 Apo Ch. 8">
                  <Created>2021-07-04T09:00:00</Created>
                </TaskNode>
                <TaskNode Caption="09:42 - 10:07 Apo Ch. 8">
                  <Created>2021-07-04T09:00:00</Created>
                </TaskNode>
                <TaskNode Caption="10:13 - 10:38 Apo Ch. 8">
                  <Created>2021-07-04T09:00:00</Created>
                </TaskNode>
                <TaskNode Caption="14:25 - 14:50 Apo Ch. 8">
                  <Created>2021-07-04T09:00:00</Created>
                </TaskNode>
                <TaskNode Caption="14:59 - 15:24 Apo Ch. 8">
                  <Created>2021-07-04T09:00:00</Created>
                </TaskNode>
                <TaskNode Caption="15:30 - 15:55 Apo Ch. 8">
                  <Created>2021-07-04T09:00:00</Created>
                </TaskNode>
              </TaskNode>
              <TaskNode Caption="THURSDAY ( 6 )">
                <Created>2021-07-04T09:00:00</Created>
                <TaskNode Caption="11:53 - 12:18 Apo Ch. 8">
                  <Created>2021-07-04T09:00:00</Created>
                </TaskNode>
                <TaskNode Caption="13:03 - 13:28 Apo Ch. 8">
                  <Created>2021-07-04T09:00:00</Created>
                </TaskNode>
                <TaskNode Caption="13:31 - 13:56 Apo Ch. 8">
                  <Created>2021-07-04T09:00:00</Created>
                </TaskNode>
                <TaskNode Caption="14:14 - 14:39 Apo Ch. 8">
                  <Created>2021-07-04T09:00:00</Created>
                </TaskNode>
                <TaskNode Caption="14:56 - 15:21 Apo Ch. 8">
                  <Created>2021-07-04T09:00:00</Created>
                </TaskNode>
                <TaskNode Caption="15:23 - 15:48 Apo Ch. 8">
                  <Created>2021-07-04T09:00:00</Created>
                </TaskNode>
              </TaskNode>
              <TaskNode Caption="FRIDAY ( 7 )">
                <Created>2021-07-04T09:00:00</Created>
                <TaskNode Caption="10:27 - 10:52 Apo Ch. 6">
                  <Created>2021-07-04T09:00:00</Created>
                </TaskNode>
                <TaskNode Caption="11:05 - 11:30 Apo Ch. 6">
                  <Created>2021-07-04T09:00:00</Created>
                </TaskNode>
                <TaskNode Caption="11:37 - 12:02 Apo Ch. 8">
                  <Created>2021-07-04T09:00:00</Created>
                </TaskNode>
                <TaskNode Caption="12:09 - 12:34 Apo Ch. 13">
                  <Created>2021-07-04T09:00:00</Created>
                </TaskNode>
                <TaskNode Caption="14:14 - 14:39 Apo Ch. 13">
                  <Created>2021-07-04T09:00:00</Created>
                </TaskNode>
                <TaskNode Caption="14:45 - 15:10 Apo Ch. 13">
                  <Created>2021-07-04T09:00:00</Created>
                </TaskNode>
                <TaskNode Caption="16:05 - 16:30 Apo Ch. 8">
                  <Created>2021-07-04T09:00:00</Created>
                </TaskNode>
              </TaskNode>
              <TaskNode Caption="SATURDAY ( 0 )">
                <Created>2021-07-04T09:00:00</Created>
              </TaskNode>
              <TaskNode Caption="SUNDAY ( 0 )">
                <Created>2021-07-04T09:00:00</Created>
              </TaskNode>
            </TaskNode>
            <TaskNode Caption="WEEK-28: 6/7 ( 32 )">
              <Created>2021-07-04T09:00:00</Created>
              <TaskNode Caption="MONDAY ( 6 )">
                <Created>2021-07-04T09:00:00</Created>
                <TaskNode Caption="08:56 - 09:21 Apo Ch. 13">
                  <Created>2021-07-04T09:00:00</Created>
                </TaskNode>
                <TaskNode Caption="09:26 - 09:51 Apo Ch. 13">
                  <Created>2021-07-04T09:00:00</Created>
                </TaskNode>
                <TaskNode Caption="09:57 - 10:22 Apo Ch. 13">
                  <Created>2021-07-04T09:00:00</Created>
                </TaskNode>
                <TaskNode Caption="10:28 - 10:53 Apo Ch. 13">
                  <Created>2021-07-04T09:00:00</Created>
                </TaskNode>
                <TaskNode Caption="11:02 - 11:27 Apo Ch. 13">
                  <Created>2021-07-04T09:00:00</Created>
                </TaskNode>
                <TaskNode Caption="11:30 - 11:55 Planning">
                  <Created>2021-07-04T09:00:00</Created>
                </TaskNode>
              </TaskNode>
              <TaskNode Caption="TUESDAY ( 6 )">
                <Created>2021-07-04T09:00:00</Created>
                <TaskNode Caption="09:57 - 10:22 Apo Ch. 11 Dirichlet Series">
                  <Created>2021-07-04T09:00:00</Created>
                </TaskNode>
                <TaskNode Caption="10:27 - 10:52 Apo Ch. 11 Dirichlet Series">
                  <Created>2021-07-04T09:00:00</Created>
                </TaskNode>
                <TaskNode Caption="10:56 - 11:21 Apo Ch. 11 Dirichlet Series">
                  <Created>2021-07-04T09:00:00</Created>
                </TaskNode>
                <TaskNode Caption="11:24 - 11:49 Apo Ch. 11 Dirichlet Series">
                  <Created>2021-07-04T09:00:00</Created>
                </TaskNode>
                <TaskNode Caption="11:55 - 12:20 Apo Ch. 11 Dirichlet Series">
                  <Created>2021-07-04T09:00:00</Created>
                </TaskNode>
                <TaskNode Caption="12:24 - 12:49 Apo Ch. 11 Dirichlet Series">
                  <Created>2021-07-04T09:00:00</Created>
                </TaskNode>
              </TaskNode>
              <TaskNode Caption="WEDNESDAY ( 4 )">
                <Created>2021-07-04T09:00:00</Created>
                <TaskNode Caption="09:44 - 10:09 Apo Ch. 11 Dirichlet Series">
                  <Created>2021-07-04T09:00:00</Created>
                </TaskNode>
                <TaskNode Caption="10:14 - 10:39 Apo Ch. 11 Dirichlet Series">
                  <Created>2021-07-04T09:00:00</Created>
                </TaskNode>
                <TaskNode Caption="10:44 - 11:09 Apo Ch. 11 Dirichlet Series">
                  <Created>2021-07-04T09:00:00</Created>
                </TaskNode>
                <TaskNode Caption="11:30 - 11:55 Apo Ch. 11 Dirichlet Series">
                  <Created>2021-07-04T09:00:00</Created>
                </TaskNode>
              </TaskNode>
              <TaskNode Caption="THURSDAY ( 6 )">
                <Created>2021-07-04T09:00:00</Created>
                <TaskNode Caption="08:52 - 09:17 Dirichlet / Zeta investigations">
                  <Created>2021-07-04T09:00:00</Created>
                </TaskNode>
                <TaskNode Caption="09:25 - 09:50 Dirichlet / Zeta investigations">
                  <Created>2021-07-04T09:00:00</Created>
                </TaskNode>
                <TaskNode Caption="09:51 - 10:16 Dirichlet / Zeta investigations">
                  <Created>2021-07-04T09:00:00</Created>
                </TaskNode>
                <TaskNode Caption="10:20 - 10:45 Dirichlet / Zeta investigations">
                  <Created>2021-07-04T09:00:00</Created>
                </TaskNode>
                <TaskNode Caption="10:55 - 11:20 Planning">
                  <Created>2021-07-04T09:00:00</Created>
                </TaskNode>
                <TaskNode Caption="11:23 - 11:48 Apo Ch. 11 Dirichlet Series">
                  <Created>2021-07-04T09:00:00</Created>
                </TaskNode>
              </TaskNode>
              <TaskNode Caption="FRIDAY ( 6 )">
                <Created>2021-07-04T09:00:00</Created>
                <TaskNode Caption="09:16 - 09:41 Coleman Scan">
                  <Created>2021-07-04T09:00:00</Created>
                </TaskNode>
                <TaskNode Caption="09:42 - 10:07 Apo Ch. 4">
                  <Created>2021-07-04T09:00:00</Created>
                </TaskNode>
                <TaskNode Caption="10:10 - 10:35 FactorDB; Fraction / Floor Integration">
                  <Created>2021-07-04T09:00:00</Created>
                </TaskNode>
                <TaskNode Caption="12:14 - 12:39 NumTheory Package Issues">
                  <Created>2021-07-04T09:00:00</Created>
                </TaskNode>
                <TaskNode Caption="13:41 - 14:05 How To? Integrating Fourier Series">
                  <Created>2021-07-04T09:00:00</Created>
                </TaskNode>
                <TaskNode Caption="14:27 - 14:52 Planning ; Hoe verder i.v.m. Ch. 4 ?">
                  <Created>2021-07-04T09:00:00</Created>
                </TaskNode>
              </TaskNode>
              <TaskNode Caption="SATURDAY ( 3 )">
                <Created>2021-07-04T09:00:00</Created>
                <TaskNode Caption="13:18 - 13:43 Apo Ch. 3">
                  <Created>2021-07-04T09:00:00</Created>
                </TaskNode>
                <TaskNode Caption="13:49 - 14:14 Abel/Euler Summation">
                  <Created>2021-07-04T09:00:00</Created>
                </TaskNode>
                <TaskNode Caption="14:15 - 14:40 Abel/Euler Summation">
                  <Created>2021-07-04T09:00:00</Created>
                </TaskNode>
              </TaskNode>
              <TaskNode Caption="SUNDAY ( 1 )">
                <Created>2021-07-04T09:00:00</Created>
                <TaskNode Caption="09:35 - 10:00 Mathematica.SE">
                  <Created>2021-07-04T09:00:00</Created>
                </TaskNode>
              </TaskNode>
            </TaskNode>
            <TaskNode Caption="WEEK-29: 13/7 ( 41 )">
              <Created>2021-07-04T09:00:00</Created>
              <TaskNode Caption="MONDAY ( 10 )">
                <Created>2021-07-04T09:00:00</Created>
                <TaskNode Caption="Apo Ch.3: 12:31 - 12:56 ">
                  <Created>2021-07-04T09:00:00</Created>
                </TaskNode>
                <TaskNode Caption="Apo Ch.3: 13:19 - 13:44">
                  <Created>2021-07-04T09:00:00</Created>
                </TaskNode>
                <TaskNode Caption="Apo Ch.3: 14:03 - 14:28">
                  <Created>2021-07-04T09:00:00</Created>
                </TaskNode>
                <TaskNode Caption="Apo Ch.3: 14:40 - 15:05">
                  <Created>2021-07-04T09:00:00</Created>
                </TaskNode>
                <TaskNode Caption="Apo Ch.3: 15:06 - 15:31">
                  <Created>2021-07-04T09:00:00</Created>
                </TaskNode>
                <TaskNode Caption="Apo Ch.3: 15:32 - 15:57">
                  <Created>2021-07-04T09:00:00</Created>
                </TaskNode>
                <TaskNode Caption="RH 19:15 - 19:40 ">
                  <Created>2021-07-04T09:00:00</Created>
                </TaskNode>
                <TaskNode Caption="RH 19:50 - 20:15">
                  <Created>2021-07-04T09:00:00</Created>
                </TaskNode>
                <TaskNode Caption="RH 20:33 - 20:58">
                  <Created>2021-07-04T09:00:00</Created>
                </TaskNode>
                <TaskNode Caption="RH 21:01 - 21:26">
                  <Created>2021-07-04T09:00:00</Created>
                </TaskNode>
              </TaskNode>
              <TaskNode Caption="TUESDAY ( 6 )">
                <Created>2021-07-04T09:00:00</Created>
                <TaskNode Caption="Planning 10:14 - 10:39">
                  <Created>2021-07-04T09:00:00</Created>
                </TaskNode>
                <TaskNode Caption="Abel/Euler Summ 10:50 - 11:15">
                  <Created>2021-07-04T09:00:00</Created>
                </TaskNode>
                <TaskNode Caption="Abel/Euler Summ 11:31 - 11:56">
                  <Created>2021-07-04T09:00:00</Created>
                </TaskNode>
                <TaskNode Caption="Abel/Euler Summ 14:45 - 15:10">
                  <Created>2021-07-04T09:00:00</Created>
                </TaskNode>
                <TaskNode Caption="Abel/Euler Summ 15:20 - 15:45">
                  <Created>2021-07-04T09:00:00</Created>
                </TaskNode>
                <TaskNode Caption="Abel/Euler Summ 15:46 - 16:11">
                  <Created>2021-07-04T09:00:00</Created>
                </TaskNode>
              </TaskNode>
              <TaskNode Caption="WEDNESDAY ( 6 )">
                <Created>2021-07-04T09:00:00</Created>
                <TaskNode Caption="Abel Summ 09:11 - 09:36">
                  <Created>2021-07-04T09:00:00</Created>
                </TaskNode>
                <TaskNode Caption="Abel Summ 09:40 - 10:05&#xA;">
                  <CustomFormat>
                    <Italic>0</Italic>
                  </CustomFormat>
                  <Created>2021-07-04T09:00:00</Created>
                </TaskNode>
                <TaskNode Caption="Abel Summ 10:19 - 10:44&#xA;">
                  <CustomFormat>
                    <Italic>0</Italic>
                  </CustomFormat>
                  <Created>2021-07-04T09:00:00</Created>
                </TaskNode>
                <TaskNode Caption="Est. Sums with Integrals 10:56 - 11:21&#xA;">
                  <CustomFormat>
                    <Italic>0</Italic>
                  </CustomFormat>
                  <Created>2021-07-04T09:00:00</Created>
                </TaskNode>
                <TaskNode Caption="Euler Summ 11:30 - 11:55">
                  <CustomFormat>
                    <Italic>0</Italic>
                  </CustomFormat>
                  <Created>2021-07-04T09:00:00</Created>
                </TaskNode>
                <TaskNode Caption="Euler Summ 11:56 - 12:22&#xA;">
                  <CustomFormat>
                    <Italic>0</Italic>
                  </CustomFormat>
                  <Created>2021-07-04T09:00:00</Created>
                </TaskNode>
              </TaskNode>
              <TaskNode Caption="THURSDAY ( 4 )">
                <Created>2021-07-04T09:00:00</Created>
                <TaskNode Caption="11:53 - 12:18 Planning">
                  <Created>2021-07-04T09:00:00</Created>
                </TaskNode>
                <TaskNode Caption="12:20 - 12:45 Planning">
                  <Created>2021-07-04T09:00:00</Created>
                </TaskNode>
                <TaskNode Caption="13:30 - 13:55 Scanning">
                  <Created>2021-07-04T09:00:00</Created>
                </TaskNode>
                <TaskNode Caption="15:54 - 16:19 Scanning QNT">
                  <Created>2021-07-04T09:00:00</Created>
                </TaskNode>
              </TaskNode>
              <TaskNode Caption="FRIDAY ( 8 )">
                <Created>2021-07-04T09:00:00</Created>
                <TaskNode Caption="13:00 - 13:25 Calibre REORG">
                  <Created>2021-07-04T09:00:00</Created>
                </TaskNode>
                <TaskNode Caption="13:35 - 14:00 Calibre REORG">
                  <Created>2021-07-04T09:00:00</Created>
                </TaskNode>
                <TaskNode Caption="14:08 - 14:33 Calibre REORG">
                  <Created>2021-07-04T09:00:00</Created>
                </TaskNode>
                <TaskNode Caption="14:37 - 15:02 Calibre REORG">
                  <Created>2021-07-04T09:00:00</Created>
                </TaskNode>
                <TaskNode Caption="18:45 - 19:10 Papers Scan">
                  <Created>2021-07-04T09:00:00</Created>
                </TaskNode>
                <TaskNode Caption="19:15 - 19:40 Papers Scan">
                  <Created>2021-07-04T09:00:00</Created>
                </TaskNode>
                <TaskNode Caption="20:00 - 20:25 Papers Scan">
                  <Created>2021-07-04T09:00:00</Created>
                </TaskNode>
                <TaskNode Caption="20:40 - 21:05 Papers Scan">
                  <Created>2021-07-04T09:00:00</Created>
                </TaskNode>
              </TaskNode>
              <TaskNode Caption="SATURDAY ( 6 )">
                <Created>2021-07-04T09:00:00</Created>
                <TaskNode Caption="12:27 - 12:52 Index Bellman ANT">
                  <Created>2021-07-04T09:00:00</Created>
                </TaskNode>
                <TaskNode Caption="13:00 - 13:25 Index Bellman ANT">
                  <Created>2021-07-04T09:00:00</Created>
                </TaskNode>
                <TaskNode Caption="13:30 - 13:55 Index Bellman ANT">
                  <Created>2021-07-04T09:00:00</Created>
                </TaskNode>
                <TaskNode Caption="14:11 - 14:36 Index Bellman ANT">
                  <Created>2021-07-04T09:00:00</Created>
                </TaskNode>
                <TaskNode Caption="14:37 - 15:02 Index Bellman ANT">
                  <Created>2021-07-04T09:00:00</Created>
                </TaskNode>
                <TaskNode Caption="15:56 - 16:31 Index Paper Daud Nawaz">
                  <Created>2021-07-04T09:00:00</Created>
                </TaskNode>
              </TaskNode>
              <TaskNode Caption="SUNDAY ( 1 )">
                <Created>2021-07-04T09:00:00</Created>
                <TaskNode Caption="15:20 - 15:45 Odd/Even Problem">
                  <Created>2021-07-04T09:00:00</Created>
                </TaskNode>
              </TaskNode>
            </TaskNode>
            <TaskNode Caption="WEEK-30: 20/7 NPEven-NPOdd *** ( 20 )">
              <CustomFormat>
                <Bold>1</Bold>
                <Italic>0</Italic>
                <FontColor>49407</FontColor>
              </CustomFormat>
              <Created>2021-07-04T09:00:00</Created>
              <TaskNode Caption="MONDAY ( 2 )">
                <Created>2021-07-04T09:00:00</Created>
                <TaskNode Caption="13:25 - 13:50 MLO Reorg">
                  <Created>2021-07-04T09:00:00</Created>
                </TaskNode>
                <TaskNode Caption="13:58 - 14:23 NPEven-NPOdd">
                  <Created>2021-07-04T09:00:00</Created>
                </TaskNode>
              </TaskNode>
              <TaskNode Caption="TUESDAY ( 7 )">
                <Created>2021-07-04T09:00:00</Created>
                <TaskNode Caption="08:29 - 08:54 NPEven-NPOdd / 2">
                  <Created>2021-07-04T09:00:00</Created>
                </TaskNode>
                <TaskNode Caption="09:05 - 09:30 NPEven-NPOdd / 2">
                  <Created>2021-07-04T09:00:00</Created>
                </TaskNode>
                <TaskNode Caption="09:36 - 10:01 NPEven-NPOdd / 2">
                  <Created>2021-07-04T09:00:00</Created>
                </TaskNode>
                <TaskNode Caption="10:18 - 10:43 NPEven-NPOdd / 3">
                  <Created>2021-07-04T09:00:00</Created>
                </TaskNode>
                <TaskNode Caption="11:16 - 11:41 NPEven-NPOdd / 3">
                  <Created>2021-07-04T09:00:00</Created>
                </TaskNode>
                <TaskNode Caption="12:14 - 12:39 NPEven-NPOdd / 3 ">
                  <Created>2021-07-04T09:00:00</Created>
                </TaskNode>
                <TaskNode Caption="12:49 - 13:14 NPEven-NPOdd / 3 ">
                  <Created>2021-07-04T09:00:00</Created>
                </TaskNode>
              </TaskNode>
              <TaskNode Caption="WEDNESDAY ( 6 )">
                <Created>2021-07-04T09:00:00</Created>
                <TaskNode Caption="09:52 - 10:17 NPEven-NPOdd/3">
                  <Created>2021-07-04T09:00:00</Created>
                </TaskNode>
                <TaskNode Caption="13:01 - 13:26 NPEven-NPOdd/3">
                  <Created>2021-07-04T09:00:00</Created>
                </TaskNode>
                <TaskNode Caption="13:27 - 13:52 NPEven-NPOdd/3">
                  <Created>2021-07-04T09:00:00</Created>
                </TaskNode>
                <TaskNode Caption="18:23 - 18:48 NPEven-NPOdd/3">
                  <Created>2021-07-04T09:00:00</Created>
                </TaskNode>
                <TaskNode Caption="18:50 - 19:15 NPEven-NPOdd/3">
                  <Created>2021-07-04T09:00:00</Created>
                </TaskNode>
                <TaskNode Caption="19:38 - 20:03 NPEven-NPOdd/3">
                  <Created>2021-07-04T09:00:00</Created>
                </TaskNode>
              </TaskNode>
              <TaskNode Caption="THURSDAY ( 2 )">
                <Created>2021-07-04T09:00:00</Created>
                <TaskNode Caption="10:03 - 10:28 NPEven-NPOdd/3">
                  <Created>2021-07-04T09:00:00</Created>
                </TaskNode>
                <TaskNode Caption="19:53 - 21:18 NPEven-NPOdd/3">
                  <Created>2021-07-04T09:00:00</Created>
                </TaskNode>
              </TaskNode>
              <TaskNode Caption="FRIDAY">
                <Created>2021-07-04T09:00:00</Created>
              </TaskNode>
              <TaskNode Caption="SATURDAY">
                <Created>2021-07-04T09:00:00</Created>
              </TaskNode>
              <TaskNode Caption="SUNDAY">
                <Created>2021-07-04T09:00:00</Created>
              </TaskNode>
            </TaskNode>
            <TaskNode Caption="WEEK-31: 27/7 NPEven-NPOdd *** ( 20 )">
              <CustomFormat>
                <Bold>1</Bold>
                <FontColor>49407</FontColor>
              </CustomFormat>
              <Created>2021-07-04T09:00:00</Created>
              <TaskNode Caption="*** NO RECORDS ***">
                <CustomFormat>
                  <Bold>1</Bold>
                  <FontColor>49407</FontColor>
                </CustomFormat>
                <Created>2021-07-04T09:00:00</Created>
              </TaskNode>
            </TaskNode>
          </TaskNode>
          <TaskNode Caption="AUGUSTUS">
            <Created>2021-07-04T09:00:00</Created>
            <TaskNode Caption="WEEK-32: 3/8 ( 38 )">
              <Created>2021-07-04T09:00:00</Created>
              <TaskNode Caption="MONDAY ( 6 )">
                <Created>2021-07-04T09:00:00</Created>
                <TaskNode Caption="08:55 - 09:20 PolyLog Function">
                  <Created>2021-07-04T09:00:00</Created>
                </TaskNode>
                <TaskNode Caption="09:51 - 10:16 Mathematica In Action Browse">
                  <Created>2021-07-04T09:00:00</Created>
                </TaskNode>
                <TaskNode Caption="10:22 - 10:47 Zeta Function in Math IA; ( pi counting fn) ">
                  <Created>2021-07-04T09:00:00</Created>
                </TaskNode>
                <TaskNode Caption="10:54 - 11:19 Prime Counting Formula">
                  <Created>2021-07-04T09:00:00</Created>
                </TaskNode>
                <TaskNode Caption="15:27 - 15:52 Math IA; ( pi counting fn) ">
                  <Created>2021-07-04T09:00:00</Created>
                </TaskNode>
                <TaskNode Caption="16:08 - 16:33 Math IA; ( pi counting fn)">
                  <Created>2021-07-04T09:00:00</Created>
                </TaskNode>
              </TaskNode>
              <TaskNode Caption="TUESDAY ( 7 )">
                <Created>2021-07-04T09:00:00</Created>
                <TaskNode Caption="08:54 - 09:19 Math IA; ( pi counting fn)">
                  <Created>2021-07-04T09:00:00</Created>
                </TaskNode>
                <TaskNode Caption="09:26 - 09:51 Math IA; ( pi counting fn)">
                  <Created>2021-07-04T09:00:00</Created>
                </TaskNode>
                <TaskNode Caption="12:18 - 12:43 Study Prime Formula ( Ingham )">
                  <Created>2021-07-04T09:00:00</Created>
                </TaskNode>
                <TaskNode Caption="12:55 - 13:20 Study Prime Formula ( Ingham )">
                  <Created>2021-07-04T09:00:00</Created>
                </TaskNode>
                <TaskNode Caption="13:33 - 13:58 Planning">
                  <Created>2021-07-04T09:00:00</Created>
                </TaskNode>
                <TaskNode Caption="14:15 - 14:40 Planning">
                  <Created>2021-07-04T09:00:00</Created>
                </TaskNode>
                <TaskNode Caption="14:40 - 15:05 Riemann Prime Formula">
                  <Created>2021-07-04T09:00:00</Created>
                </TaskNode>
              </TaskNode>
              <TaskNode Caption="WEDNESDAY ( 6 )">
                <Created>2021-07-04T09:00:00</Created>
                <TaskNode Caption="08:54 - 09:19 Opruimen NotesAnaNT">
                  <Created>2021-07-04T09:00:00</Created>
                </TaskNode>
                <TaskNode Caption="09:31 - 09:56 Opruimen NotesAnaNT">
                  <Created>2021-07-04T09:00:00</Created>
                </TaskNode>
                <TaskNode Caption="10:04 - 10:29 Gamma -&gt; Zeta">
                  <Created>2021-07-04T09:00:00</Created>
                </TaskNode>
                <TaskNode Caption="10:32 - 10:57 Gamma -&gt; Zeta">
                  <Created>2021-07-04T09:00:00</Created>
                </TaskNode>
                <TaskNode Caption="13:57 - 14:22 Hankel Contour">
                  <Created>2021-07-04T09:00:00</Created>
                </TaskNode>
                <TaskNode Caption="14:26 - 14:49 Hankel Contour (ei pi)">
                  <Created>2021-07-04T09:00:00</Created>
                </TaskNode>
              </TaskNode>
              <TaskNode Caption="THURSDAY ( 6 )">
                <Created>2021-07-04T09:00:00</Created>
                <TaskNode Caption="10:00 - 10:25 Revision CA">
                  <Created>2021-07-04T09:00:00</Created>
                </TaskNode>
                <TaskNode Caption="10:32 - 10:57 Revision CA">
                  <Created>2021-07-04T09:00:00</Created>
                </TaskNode>
                <TaskNode Caption="11:11 - 11:36 Revision CA">
                  <Created>2021-07-04T09:00:00</Created>
                </TaskNode>
                <TaskNode Caption="11:54 - 12:19 Revision CA">
                  <Created>2021-07-04T09:00:00</Created>
                </TaskNode>
                <TaskNode Caption="13:39 - 14:04 Revision CA - Bouw MMa NotesCA ">
                  <Created>2021-07-04T09:00:00</Created>
                </TaskNode>
                <TaskNode Caption="14:37 - 15:02 Revision CA">
                  <Created>2021-07-04T09:00:00</Created>
                </TaskNode>
              </TaskNode>
              <TaskNode Caption="FRIDAY ( 3 )">
                <Created>2021-07-04T09:00:00</Created>
                <TaskNode Caption="11:57 - 12:22 Revision CA">
                  <Created>2021-07-04T09:00:00</Created>
                </TaskNode>
                <TaskNode Caption="12:34 - 12:59 Revision CA Maximum Principle">
                  <Created>2021-07-04T09:00:00</Created>
                </TaskNode>
                <TaskNode Caption="13:16 - 13:41 Revision CA">
                  <Created>2021-07-04T09:00:00</Created>
                </TaskNode>
              </TaskNode>
              <TaskNode Caption="SATURDAY ( 6 )">
                <Created>2021-07-04T09:00:00</Created>
                <TaskNode Caption="11:43 - 12:08 Steven Krantz Books Search">
                  <Created>2021-07-04T09:00:00</Created>
                </TaskNode>
                <TaskNode Caption="12:19 - 12:44 Scan/Index Krantz Handbook">
                  <Created>2021-07-04T09:00:00</Created>
                </TaskNode>
                <TaskNode Caption="12:54 - 13:19 Scan/Index Krantz Handbook">
                  <Created>2021-07-04T09:00:00</Created>
                </TaskNode>
                <TaskNode Caption="13:20 - 13:45 Scan/Index Krantz Handbook">
                  <Created>2021-07-04T09:00:00</Created>
                </TaskNode>
                <TaskNode Caption="13:54 - 14:19 Scan/Index Krantz Handbook">
                  <Created>2021-07-04T09:00:00</Created>
                </TaskNode>
                <TaskNode Caption="14:22 - 14:47 M337 B3">
                  <Created>2021-07-04T09:00:00</Created>
                </TaskNode>
              </TaskNode>
              <TaskNode Caption="SUNDAY ( 4 )">
                <Created>2021-07-04T09:00:00</Created>
                <TaskNode Caption="15:34 - 15:59 M337 Planning">
                  <Created>2021-07-04T09:00:00</Created>
                </TaskNode>
                <TaskNode Caption="16:16 - 16:41 M337 Planning">
                  <Created>2021-07-04T09:00:00</Created>
                </TaskNode>
                <TaskNode Caption="17:06 - 17:31 M337 Planning">
                  <Created>2021-07-04T09:00:00</Created>
                </TaskNode>
                <TaskNode Caption="17:52 - 18:17 RH Planning">
                  <Created>2021-07-04T09:00:00</Created>
                </TaskNode>
              </TaskNode>
            </TaskNode>
            <TaskNode Caption="WEEK-33: 10/8 ( 15 )">
              <Created>2021-07-04T09:00:00</Created>
              <TaskNode Caption="MONDAY ( 4 )">
                <Created>2021-07-04T09:00:00</Created>
                <TaskNode Caption="10:05 - 10:30 Derivative of Gamma">
                  <Created>2021-07-04T09:00:00</Created>
                </TaskNode>
                <TaskNode Caption="10:45 - 11:15 Properties Gamma">
                  <Created>2021-07-04T09:00:00</Created>
                </TaskNode>
                <TaskNode Caption="11:35 - 12:05 Special Functions">
                  <Created>2021-07-04T09:00:00</Created>
                </TaskNode>
                <TaskNode Caption="12:45 - 13:10 Lang, Gamma">
                  <Created>2021-07-04T09:00:00</Created>
                </TaskNode>
              </TaskNode>
              <TaskNode Caption="TUESDAY ( 1 )">
                <Created>2021-07-04T09:00:00</Created>
                <TaskNode Caption="10:45 - 11:15 Zeta Issues">
                  <Created>2021-07-04T09:00:00</Created>
                </TaskNode>
              </TaskNode>
              <TaskNode Caption="WEDNESDAY ( 6 )">
                <Created>2021-07-04T09:00:00</Created>
                <TaskNode Caption="10:45 - 11:10 Analytic Continuation Zeta">
                  <Created>2021-07-04T09:00:00</Created>
                </TaskNode>
                <TaskNode Caption="11:44 - 12:09 Plan CA">
                  <Created>2021-07-04T09:00:00</Created>
                </TaskNode>
                <TaskNode Caption="12:18 - 12:43 Plan CA">
                  <Created>2021-07-04T09:00:00</Created>
                </TaskNode>
                <TaskNode Caption="12:56 - 13:21 Zeta">
                  <Created>2021-07-04T09:00:00</Created>
                </TaskNode>
                <TaskNode Caption="13:54 - 14:19 Laurent Series / Residues">
                  <Created>2021-07-04T09:00:00</Created>
                </TaskNode>
                <TaskNode Caption="14:21 - 14:46 Start (2) Edwards Riemann Zeta">
                  <Created>2021-07-04T09:00:00</Created>
                </TaskNode>
              </TaskNode>
              <TaskNode Caption="THURSDAY ( 4 )">
                <Created>2021-07-04T09:00:00</Created>
                <TaskNode Caption="12:13 - 12:38 Plan Zeta Edwards">
                  <Created>2021-07-04T09:00:00</Created>
                </TaskNode>
                <TaskNode Caption="12:52 - 13:17 Plan Zeta Edwards">
                  <Created>2021-07-04T09:00:00</Created>
                </TaskNode>
                <TaskNode Caption="14:43 - 15:08 Study Edwards Euler Product">
                  <Created>2021-07-04T09:00:00</Created>
                </TaskNode>
                <TaskNode Caption="15:41 - 16:06 Study Edwards Gamma">
                  <Created>2021-07-04T09:00:00</Created>
                </TaskNode>
              </TaskNode>
              <TaskNode Caption="FRIDAY ( 0 )">
                <Created>2021-07-04T09:00:00</Created>
              </TaskNode>
              <TaskNode Caption="SATURDAY ( 0 )">
                <Created>2021-07-04T09:00:00</Created>
              </TaskNode>
              <TaskNode Caption="SUNDAY ( 0 )">
                <Created>2021-07-04T09:00:00</Created>
              </TaskNode>
            </TaskNode>
            <TaskNode Caption="WEEK-34: 17/8 ( 16 )">
              <Created>2021-07-04T09:00:00</Created>
              <TaskNode Caption="MONDAY ( 7 )">
                <Created>2021-07-04T09:00:00</Created>
                <TaskNode Caption="10:57 - 11:22 Zeta Study">
                  <Created>2021-07-04T09:00:00</Created>
                </TaskNode>
                <TaskNode Caption="11:28 - 11:52 Zeta Study : Cancel Patterson">
                  <Created>2021-07-04T09:00:00</Created>
                </TaskNode>
                <TaskNode Caption="12:05 - 12:30 Zeta Study">
                  <Created>2021-07-04T09:00:00</Created>
                </TaskNode>
                <TaskNode Caption="12:34 - 12:59 Zeta Study">
                  <Created>2021-07-04T09:00:00</Created>
                </TaskNode>
                <TaskNode Caption="13:15 - 13:40 Zeta Study">
                  <Created>2021-07-04T09:00:00</Created>
                </TaskNode>
                <TaskNode Caption="13:56 - 14:21 Zeta Study Edwards">
                  <Created>2021-07-04T09:00:00</Created>
                </TaskNode>
                <TaskNode Caption="15:44 - 16:09 Zeta Study Functional Equation">
                  <Created>2021-07-04T09:00:00</Created>
                </TaskNode>
              </TaskNode>
              <TaskNode Caption="TUESDAY ( 0 )">
                <CustomFormat>
                  <Bold>1</Bold>
                  <FontColor>255</FontColor>
                </CustomFormat>
                <Created>2021-07-04T09:00:00</Created>
              </TaskNode>
              <TaskNode Caption="WEDNESDAY ( 0 )">
                <CustomFormat>
                  <Bold>1</Bold>
                  <FontColor>255</FontColor>
                </CustomFormat>
                <Created>2021-07-04T09:00:00</Created>
              </TaskNode>
              <TaskNode Caption="THURSDAY ( 3 )">
                <Created>2021-07-04T09:00:00</Created>
                <TaskNode Caption="12:51 - 13:16 Overall Planning Review">
                  <Created>2021-07-04T09:00:00</Created>
                </TaskNode>
                <TaskNode Caption="13:23 - 13:48 Overall Planning Review">
                  <Created>2021-07-04T09:00:00</Created>
                </TaskNode>
                <TaskNode Caption="14:17 - 14:42 Overall Planning Review">
                  <Created>2021-07-04T09:00:00</Created>
                </TaskNode>
              </TaskNode>
              <TaskNode Caption="FRIDAY ( 6 )">
                <Created>2021-07-04T09:00:00</Created>
                <TaskNode Caption="13:09 - 13:34 Study Planning: Main vs. Intermezzo Tasks">
                  <Created>2021-07-04T09:00:00</Created>
                </TaskNode>
                <TaskNode Caption="13:41 - 14:06 Reorg MLO">
                  <Created>2021-07-04T09:00:00</Created>
                </TaskNode>
                <TaskNode Caption="14:39 - 15:04 Reorg Mind Manager">
                  <Created>2021-07-04T09:00:00</Created>
                </TaskNode>
                <TaskNode Caption="15:48 - 16:13 Check Topology Resources">
                  <Created>2021-07-04T09:00:00</Created>
                </TaskNode>
                <TaskNode Caption="16:22 - 16:47 Check Topology Resources">
                  <Created>2021-07-04T09:00:00</Created>
                </TaskNode>
                <TaskNode Caption="17:31 - 17:56 Check Elliptic / Theta Resources">
                  <Created>2021-07-04T09:00:00</Created>
                </TaskNode>
              </TaskNode>
              <TaskNode Caption="SATURDAY ( 0 )">
                <CustomFormat>
                  <Bold>1</Bold>
                  <FontColor>255</FontColor>
                </CustomFormat>
                <Created>2021-07-04T09:00:00</Created>
              </TaskNode>
              <TaskNode Caption="SUNDAY ( 0 )">
                <CustomFormat>
                  <Bold>1</Bold>
                  <FontColor>255</FontColor>
                </CustomFormat>
                <Created>2021-07-04T09:00:00</Created>
              </TaskNode>
            </TaskNode>
            <TaskNode Caption="WEEK-35: 24/8 ( 24 )">
              <Created>2021-07-04T09:00:00</Created>
              <TaskNode Caption="MONDAY ( 8 )">
                <Created>2021-07-04T09:00:00</Created>
                <TaskNode Caption="09:58 - 10:23 Study Riemann's Paper">
                  <Created>2021-07-04T09:00:00</Created>
                </TaskNode>
                <TaskNode Caption="10:34 - 10:59 Study Riemann's Paper">
                  <Created>2021-07-04T09:00:00</Created>
                </TaskNode>
                <TaskNode Caption="11:12 - 11:37 Study Riemann's Paper">
                  <Created>2021-07-04T09:00:00</Created>
                </TaskNode>
                <TaskNode Caption="11:45 - 12:10 Study Riemann's Paper">
                  <Created>2021-07-04T09:00:00</Created>
                </TaskNode>
                <TaskNode Caption="12:19 - 12:44 Study Riemann's Paper">
                  <Created>2021-07-04T09:00:00</Created>
                </TaskNode>
                <TaskNode Caption="12:54 - 13:19 Study Riemann's Paper">
                  <Created>2021-07-04T09:00:00</Created>
                </TaskNode>
                <TaskNode Caption="14:51 - 15:16 Conrad Modular Forms Pt. 1">
                  <Created>2021-07-04T09:00:00</Created>
                </TaskNode>
                <TaskNode Caption="15:35 - 16:00 Conrad Modular Forms Pt. 1">
                  <Created>2021-07-04T09:00:00</Created>
                </TaskNode>
              </TaskNode>
              <TaskNode Caption="TUESDAY ( 7 )">
                <Created>2021-07-04T09:00:00</Created>
                <TaskNode Caption="09:19 - 09:44 Study Riemann Paper">
                  <Created>2021-07-04T09:00:00</Created>
                </TaskNode>
                <TaskNode Caption="10:06 - 10:31 Study Branch Points / Branch Cuts">
                  <Created>2021-07-04T09:00:00</Created>
                </TaskNode>
                <TaskNode Caption="10:46 - 11:11 Study Riemann Paper">
                  <Created>2021-07-04T09:00:00</Created>
                </TaskNode>
                <TaskNode Caption="11:19 - 11:44 Study Riemann Paper">
                  <Created>2021-07-04T09:00:00</Created>
                </TaskNode>
                <TaskNode Caption="11:59 - 12:24 Study Riemann Paper">
                  <Created>2021-07-04T09:00:00</Created>
                </TaskNode>
                <TaskNode Caption="12:32 - 12:57 Study Riemann Paper">
                  <Created>2021-07-04T09:00:00</Created>
                </TaskNode>
                <TaskNode Caption="13:05 - 13:30 Browsing Riemann Stuff">
                  <Created>2021-07-04T09:00:00</Created>
                </TaskNode>
              </TaskNode>
              <TaskNode Caption="WEDNESDAY ( 6 )">
                <Created>2021-07-04T09:00:00</Created>
                <TaskNode Caption="09:59 - 10:24 Zeta Functional Equation">
                  <Created>2021-07-04T09:00:00</Created>
                </TaskNode>
                <TaskNode Caption="12:11 - 12:36 Zeta Functional Equation">
                  <Created>2021-07-04T09:00:00</Created>
                </TaskNode>
                <TaskNode Caption="13:02 - 13:27 Riemann Xi Function">
                  <Created>2021-07-04T09:00:00</Created>
                </TaskNode>
                <TaskNode Caption="13:37 - 14:02 Riemann Xi Function">
                  <Created>2021-07-04T09:00:00</Created>
                </TaskNode>
                <TaskNode Caption="14:25 - 14:50 Riemann Xi Function">
                  <Created>2021-07-04T09:00:00</Created>
                </TaskNode>
                <TaskNode Caption="15:41 - 16:06 Indexing Titchmarsh">
                  <Created>2021-07-04T09:00:00</Created>
                </TaskNode>
              </TaskNode>
              <TaskNode Caption="THURSDAY ( 0 )">
                <CustomFormat>
                  <Bold>1</Bold>
                  <FontColor>255</FontColor>
                </CustomFormat>
                <Created>2021-07-04T09:00:00</Created>
              </TaskNode>
              <TaskNode Caption="FRIDAY ( 0 )">
                <CustomFormat>
                  <Bold>1</Bold>
                  <FontColor>255</FontColor>
                </CustomFormat>
                <Created>2021-07-04T09:00:00</Created>
              </TaskNode>
              <TaskNode Caption="SATURDAY ( 1 )">
                <Created>2021-07-04T09:00:00</Created>
                <TaskNode Caption="13:31 - 13:56 Algebraic NT Kick-Off">
                  <Created>2021-07-04T09:00:00</Created>
                </TaskNode>
              </TaskNode>
              <TaskNode Caption="SUNDAY ( 2 )">
                <Created>2021-07-04T09:00:00</Created>
                <TaskNode Caption="17:55 - 18:20 Apostol II Chapter 1">
                  <Created>2021-07-04T09:00:00</Created>
                </TaskNode>
                <TaskNode Caption="18:29 - 18:54 Apostol II Chapter 1">
                  <Created>2021-07-04T09:00:00</Created>
                </TaskNode>
              </TaskNode>
            </TaskNode>
          </TaskNode>
          <TaskNode Caption="SEPTEMBER">
            <Created>2021-07-04T09:00:00</Created>
            <TaskNode Caption="WEEK-36: 31/8 ( 34 )">
              <Created>2021-07-04T09:00:00</Created>
              <TaskNode Caption="MONDAY ( 6 )">
                <Created>2021-07-04T09:00:00</Created>
                <TaskNode Caption="10:38 - 11:03 CA Visualization / ArrayPad">
                  <Created>2021-07-04T09:00:00</Created>
                </TaskNode>
                <TaskNode Caption="11:08 - 11:33 CA Visualization">
                  <Created>2021-07-04T09:00:00</Created>
                </TaskNode>
                <TaskNode Caption="11:35 - 12:00 CA Visualization">
                  <Created>2021-07-04T09:00:00</Created>
                </TaskNode>
                <TaskNode Caption="14:35 - 15:00 EM&amp;L">
                  <Created>2021-07-04T09:00:00</Created>
                </TaskNode>
                <TaskNode Caption="15:50 - 16:15 ECurvesModForms&amp;LFuns">
                  <Created>2021-07-04T09:00:00</Created>
                </TaskNode>
                <TaskNode Caption="16:25 - 16:50 ECurvesModForms&amp;LFuns">
                  <Created>2021-07-04T09:00:00</Created>
                </TaskNode>
              </TaskNode>
              <TaskNode Caption="TUESDAY ( 5 )">
                <Created>2021-07-04T09:00:00</Created>
                <TaskNode Caption="09:25 - 09:50 ECC reading">
                  <Created>2021-07-04T09:00:00</Created>
                </TaskNode>
                <TaskNode Caption="09:51 - 10:15 ECC reading">
                  <Created>2021-07-04T09:00:00</Created>
                </TaskNode>
                <TaskNode Caption="10:15 - 10:40 ECC reading">
                  <Created>2021-07-04T09:00:00</Created>
                </TaskNode>
                <TaskNode Caption="10:48 - 11:13 ECC reading">
                  <Created>2021-07-04T09:00:00</Created>
                </TaskNode>
                <TaskNode Caption="11:25 - 11:50 ECC reading">
                  <Created>2021-07-04T09:00:00</Created>
                </TaskNode>
              </TaskNode>
              <TaskNode Caption="WEDNESDAY ( 4 )">
                <Created>2021-07-04T09:00:00</Created>
                <TaskNode Caption="11:57 - 12:22 Rational Points EC pg. 1">
                  <Created>2021-07-04T09:00:00</Created>
                </TaskNode>
                <TaskNode Caption="12:32 - 12:57 Rational Points EC pg. 2/3">
                  <Created>2021-07-04T09:00:00</Created>
                </TaskNode>
                <TaskNode Caption="13:12 - 13:37 Rational Points EC pg. 4/7">
                  <Created>2021-07-04T09:00:00</Created>
                </TaskNode>
                <TaskNode Caption="13:49 - 14:14 Rational Points EC pg. 8/12">
                  <Created>2021-07-04T09:00:00</Created>
                </TaskNode>
              </TaskNode>
              <TaskNode Caption="THURSDAY ( 8 )">
                <Created>2021-07-04T09:00:00</Created>
                <TaskNode Caption="08:15 - 08:40 Scan Modular Forms">
                  <Created>2021-07-04T09:00:00</Created>
                </TaskNode>
                <TaskNode Caption="08:45 - 09:10 Scan Modular Forms">
                  <Created>2021-07-04T09:00:00</Created>
                </TaskNode>
                <TaskNode Caption="09:15 - 09:40 Scan Modular Forms">
                  <Created>2021-07-04T09:00:00</Created>
                </TaskNode>
                <TaskNode Caption="09:45 - 10:10 Scan Modular Forms">
                  <Created>2021-07-04T09:00:00</Created>
                </TaskNode>
                <TaskNode Caption="10:15 - 10:40 Scan Modular Forms">
                  <Created>2021-07-04T09:00:00</Created>
                </TaskNode>
                <TaskNode Caption="13:00 - 13:25 Modular Forms Cohen">
                  <Created>2021-07-04T09:00:00</Created>
                </TaskNode>
                <TaskNode Caption="13:30 - 13:55 Modular Forms Cohen">
                  <Created>2021-07-04T09:00:00</Created>
                </TaskNode>
                <TaskNode Caption="13:57 - 14:23 Modular Forms Cohen">
                  <Created>2021-07-04T09:00:00</Created>
                </TaskNode>
              </TaskNode>
              <TaskNode Caption="FRIDAY ( 6 )">
                <Created>2021-07-04T09:00:00</Created>
                <TaskNode Caption="09:15 - 09:40 Hoe verder met MFs?">
                  <Created>2021-07-04T09:00:00</Created>
                </TaskNode>
                <TaskNode Caption="10:35 - 11:00 Hoe verder met MFs">
                  <Created>2021-07-04T09:00:00</Created>
                </TaskNode>
                <TaskNode Caption="14:00 - 14:25 Plan Apostol">
                  <Created>2021-07-04T09:00:00</Created>
                </TaskNode>
                <TaskNode Caption="14:30 - 14:55 Plan Apostol">
                  <Created>2021-07-04T09:00:00</Created>
                </TaskNode>
                <TaskNode Caption="15:00 - 15:25 Plan Apostol">
                  <Created>2021-07-04T09:00:00</Created>
                </TaskNode>
                <TaskNode Caption="15:35 - 16:00 Plan Apostol">
                  <Created>2021-07-04T09:00:00</Created>
                </TaskNode>
              </TaskNode>
              <TaskNode Caption="SATURDAY ( 4 )">
                <Created>2021-07-04T09:00:00</Created>
                <TaskNode Caption="11:25 - 11:50 Apostol MFDS Theorem 1.1">
                  <Created>2021-07-04T09:00:00</Created>
                </TaskNode>
                <TaskNode Caption="12:20 - 12:45 Apostol MFDS Theorem 1.2 - 1.6">
                  <Created>2021-07-04T09:00:00</Created>
                </TaskNode>
                <TaskNode Caption="14:16 - 14:41 Revision Residues">
                  <Created>2021-07-04T09:00:00</Created>
                </TaskNode>
                <TaskNode Caption="14:44 - 15:09 Sums over complex lattice">
                  <Created>2021-07-04T09:00:00</Created>
                </TaskNode>
              </TaskNode>
              <TaskNode Caption="SUNDAY ( 1 )">
                <Created>2021-07-04T09:00:00</Created>
                <TaskNode Caption="12:55 - 13:20 Scan MFDS / Plan">
                  <Created>2021-07-04T09:00:00</Created>
                </TaskNode>
              </TaskNode>
            </TaskNode>
            <TaskNode Caption="WEEK-37: 7/9 ( 30 )">
              <Created>2021-07-04T09:00:00</Created>
              <TaskNode Caption="MONDAY ( 8 )">
                <Created>2021-07-04T09:00:00</Created>
                <TaskNode Caption="09:19 - 09:44 Apostol MFDS Theorem 1.11">
                  <Created>2021-07-04T09:00:00</Created>
                </TaskNode>
                <TaskNode Caption="09:51 - 10:16 Apostol MFDS Theorem 1.12 - 1.14">
                  <Created>2021-07-04T09:00:00</Created>
                </TaskNode>
                <TaskNode Caption="10:24 - 10:49 Apostol MFDS Theorem 1.15 - 1.16">
                  <Created>2021-07-04T09:00:00</Created>
                </TaskNode>
                <TaskNode Caption="11:03 - 11:28 Apostol MFDS Theorem 1.17 - 1.20">
                  <Created>2021-07-04T09:00:00</Created>
                </TaskNode>
                <TaskNode Caption="13:34 - 13:59 Inrichten MMa File">
                  <Created>2021-07-04T09:00:00</Created>
                </TaskNode>
                <TaskNode Caption="14:00 - 14:25 Investigate calculating Weierstrass function">
                  <Created>2021-07-04T09:00:00</Created>
                </TaskNode>
                <TaskNode Caption="14:32 - 14:57 Playing around with CA">
                  <Created>2021-07-04T09:00:00</Created>
                </TaskNode>
                <TaskNode Caption="15:02 - 15:27 Study Weierstrass function">
                  <Created>2021-07-04T09:00:00</Created>
                </TaskNode>
              </TaskNode>
              <TaskNode Caption="TUESDAY ( 0 )">
                <CustomFormat>
                  <Bold>1</Bold>
                  <FontColor>255</FontColor>
                </CustomFormat>
                <Created>2021-07-04T09:00:00</Created>
              </TaskNode>
              <TaskNode Caption="WEDNESDAY ( 4 )">
                <Created>2021-07-04T09:00:00</Created>
                <TaskNode Caption="12:52 - 13:17 Restart ENT; Apostol ANT Ch.1 / Ch.5">
                  <Created>2021-07-04T09:00:00</Created>
                </TaskNode>
                <TaskNode Caption="13:24 - 13:49 Restart ENT; Apostol ANT Ch.1 / Ch.5">
                  <Created>2021-07-04T09:00:00</Created>
                </TaskNode>
                <TaskNode Caption="14:09 - 14:34 QNT 0.1">
                  <Created>2021-07-04T09:00:00</Created>
                </TaskNode>
                <TaskNode Caption="18:45 - 19:10 Revision CRT">
                  <Created>2021-07-04T09:00:00</Created>
                </TaskNode>
              </TaskNode>
              <TaskNode Caption="THURSDAY ( 2 )">
                <Created>2021-07-04T09:00:00</Created>
                <TaskNode Caption="13:51 - 14:16 Apostol Ch. 9 Inventory Theorems">
                  <Created>2021-07-04T09:00:00</Created>
                </TaskNode>
                <TaskNode Caption="14:17 - 14:42 Apostol Ch. 9 Inventory Theorems">
                  <Created>2021-07-04T09:00:00</Created>
                </TaskNode>
              </TaskNode>
              <TaskNode Caption="FRIDAY ( 7 )">
                <Created>2021-07-04T09:00:00</Created>
                <TaskNode Caption="09:15 - 09:40 Quadratic Congruences">
                  <Created>2021-07-04T09:00:00</Created>
                </TaskNode>
                <TaskNode Caption="09:52 - 10:17 Quadratic Congruences">
                  <Created>2021-07-04T09:00:00</Created>
                </TaskNode>
                <TaskNode Caption="10:20 - 10:45 Quadratic Congruences">
                  <Created>2021-07-04T09:00:00</Created>
                </TaskNode>
                <TaskNode Caption="12:30 - 12:55 Sums of squares videos Penn">
                  <Created>2021-07-04T09:00:00</Created>
                </TaskNode>
                <TaskNode Caption="13:20 - 13:45 Scanning Sums of squares">
                  <Created>2021-07-04T09:00:00</Created>
                </TaskNode>
                <TaskNode Caption="14:05 - 14:30 Proposition 1">
                  <Created>2021-07-04T09:00:00</Created>
                </TaskNode>
                <TaskNode Caption="14:55 - 15:20 Proposition 2">
                  <Created>2021-07-04T09:00:00</Created>
                </TaskNode>
              </TaskNode>
              <TaskNode Caption="SATURDAY ( 3 )">
                <Created>2021-07-04T09:00:00</Created>
                <TaskNode Caption="11:04 - 11:29 QNT Lemma 1.1.3">
                  <Created>2021-07-04T09:00:00</Created>
                </TaskNode>
                <TaskNode Caption="11:34 - 11:59 QNT Lemma 1.1.3">
                  <Created>2021-07-04T09:00:00</Created>
                </TaskNode>
                <TaskNode Caption="12:00 - 12:25 QNT Lemma 1.1.3 AF">
                  <Created>2021-07-04T09:00:00</Created>
                </TaskNode>
              </TaskNode>
              <TaskNode Caption="SUNDAY ( 6 )">
                <Created>2021-07-04T09:00:00</Created>
                <TaskNode Caption="08:45 - 09:15 QNT Prop. 4">
                  <Created>2021-07-04T09:00:00</Created>
                </TaskNode>
                <TaskNode Caption="09:20 - 09:45 QNT Prop. 4">
                  <Created>2021-07-04T09:00:00</Created>
                </TaskNode>
                <TaskNode Caption="09:50 - 10:15 MMa.SE Question">
                  <Created>2021-07-04T09:00:00</Created>
                </TaskNode>
                <TaskNode Caption="11:15 - 11:45 QNT Prop. 5 ( Self-prove Try )">
                  <Created>2021-07-04T09:00:00</Created>
                </TaskNode>
                <TaskNode Caption="14:00 - 14:25 QNT Prop. 5">
                  <Created>2021-07-04T09:00:00</Created>
                </TaskNode>
                <TaskNode Caption="14:30 - 14:55 QNT Prop. 5">
                  <Created>2021-07-04T09:00:00</Created>
                </TaskNode>
              </TaskNode>
            </TaskNode>
            <TaskNode Caption="WEEK-38: 14/9 ( 26 )">
              <Created>2021-07-04T09:00:00</Created>
              <TaskNode Caption="MONDAY ( 6 )">
                <Created>2021-07-04T09:00:00</Created>
                <TaskNode Caption="08:40 - 09:05 Lezen QNT 1.2">
                  <Created>2021-07-04T09:00:00</Created>
                </TaskNode>
                <TaskNode Caption="09:23 - 09:48 Lezen QNT 1.2">
                  <Created>2021-07-04T09:00:00</Created>
                </TaskNode>
                <TaskNode Caption="09:54 - 10:19 Lezen QNT 1.2 / Algebraic Theory of Quadratic Numbers">
                  <Created>2021-07-04T09:00:00</Created>
                </TaskNode>
                <TaskNode Caption="10:45 - 11:10 Lezen QNT 1.2 / Algebraic Theory of Quadratic Numbers">
                  <Created>2021-07-04T09:00:00</Created>
                </TaskNode>
                <TaskNode Caption="11:11 - 11:36 Lezen QNT 1.3">
                  <Created>2021-07-04T09:00:00</Created>
                </TaskNode>
                <TaskNode Caption="11:38 - 12:03 Lezen QNT 1.4">
                  <Created>2021-07-04T09:00:00</Created>
                </TaskNode>
              </TaskNode>
              <TaskNode Caption="TUESDAY ( 6 )">
                <Created>2021-07-04T09:00:00</Created>
                <TaskNode Caption="08:56 - 09:21 QNT 1.5">
                  <Created>2021-07-04T09:00:00</Created>
                </TaskNode>
                <TaskNode Caption="09:31 - 09:56 QNT 1.5">
                  <Created>2021-07-04T09:00:00</Created>
                </TaskNode>
                <TaskNode Caption="10:05 - 10:30 QNT 1.5">
                  <Created>2021-07-04T09:00:00</Created>
                </TaskNode>
                <TaskNode Caption="10:56 - 11:21 QNT 1.5">
                  <Created>2021-07-04T09:00:00</Created>
                </TaskNode>
                <TaskNode Caption="11:22 - 11:47 QNT 1.5 Done">
                  <Created>2021-07-04T09:00:00</Created>
                </TaskNode>
                <TaskNode Caption="11:48 - 12:13 QNT 1.6">
                  <Created>2021-07-04T09:00:00</Created>
                </TaskNode>
              </TaskNode>
              <TaskNode Caption="WEDNESDAY ( 6 )">
                <Created>2021-07-04T09:00:00</Created>
                <TaskNode Caption="08:46 - 09:11 QNT 4.6 =&gt; PROBLEM Back to Quadratic Residues">
                  <CustomFormat>
                    <FontColor>255</FontColor>
                  </CustomFormat>
                  <Created>2021-07-04T09:00:00</Created>
                </TaskNode>
                <TaskNode Caption="09:14 - 09:39 Apostol Ch. 9">
                  <Created>2021-07-04T09:00:00</Created>
                </TaskNode>
                <TaskNode Caption="09:54 - 10:19 Apostol Ch. 9">
                  <Created>2021-07-04T09:00:00</Created>
                </TaskNode>
                <TaskNode Caption="10:22 - 10:47 Apostol Ch. 9">
                  <Created>2021-07-04T09:00:00</Created>
                </TaskNode>
                <TaskNode Caption="10:58 - 11:23 Apostol Ch. 9">
                  <Created>2021-07-04T09:00:00</Created>
                </TaskNode>
                <TaskNode Caption="11:24 - 11:49 Apostol Ch. 9">
                  <Created>2021-07-04T09:00:00</Created>
                </TaskNode>
              </TaskNode>
              <TaskNode Caption="THURSDAY ( 6 )">
                <Created>2021-07-04T09:00:00</Created>
                <TaskNode Caption="09:21 - 09:46 Apostol Ch. 9">
                  <Created>2021-07-04T09:00:00</Created>
                </TaskNode>
                <TaskNode Caption="09:48 - 10:13 Apostol Ch. 9">
                  <Created>2021-07-04T09:00:00</Created>
                </TaskNode>
                <TaskNode Caption="10:14 - 10:39 Apostol Ch. 9">
                  <Created>2021-07-04T09:00:00</Created>
                </TaskNode>
                <TaskNode Caption="10:44 - 11:09 Apostol Ch. 9">
                  <Created>2021-07-04T09:00:00</Created>
                </TaskNode>
                <TaskNode Caption="13:38 - 14:03 Apostol Ch. 9">
                  <Created>2021-07-04T09:00:00</Created>
                </TaskNode>
                <TaskNode Caption="14:18 - 14:43 Apostol Ch. 9">
                  <Created>2021-07-04T09:00:00</Created>
                </TaskNode>
              </TaskNode>
              <TaskNode Caption="FRIDAY ( 0 )">
                <CustomFormat>
                  <Bold>1</Bold>
                  <FontColor>255</FontColor>
                </CustomFormat>
                <Created>2021-07-04T09:00:00</Created>
              </TaskNode>
              <TaskNode Caption="SATURDAY ( 2 )">
                <Created>2021-07-04T09:00:00</Created>
                <TaskNode Caption="12:00 - 12:25 QNT 1.2">
                  <Created>2021-07-04T09:00:00</Created>
                </TaskNode>
                <TaskNode Caption="12:40 - 13:05 QNT 1.2">
                  <Created>2021-07-04T09:00:00</Created>
                </TaskNode>
              </TaskNode>
              <TaskNode Caption="SUNDAY ( 0 )">
                <CustomFormat>
                  <Bold>1</Bold>
                  <FontColor>255</FontColor>
                </CustomFormat>
                <Created>2021-07-04T09:00:00</Created>
              </TaskNode>
            </TaskNode>
            <TaskNode Caption="WEEK-39: 21/9 ( 33 )">
              <Created>2021-07-04T09:00:00</Created>
              <TaskNode Caption="MONDAY ( 5 )">
                <Created>2021-07-04T09:00:00</Created>
                <TaskNode Caption="11:40 - 12:05 QNT 1.2.1">
                  <Created>2021-07-04T09:00:00</Created>
                </TaskNode>
                <TaskNode Caption="12:06 - 12:31 QNT 1.2.2">
                  <Created>2021-07-04T09:00:00</Created>
                </TaskNode>
                <TaskNode Caption="12:50 - 13:15 QNT 1.2.3">
                  <Created>2021-07-04T09:00:00</Created>
                </TaskNode>
                <TaskNode Caption="13:16 - 13:41 QNT 1.2.4">
                  <Created>2021-07-04T09:00:00</Created>
                </TaskNode>
                <TaskNode Caption="13:59 - 14:24 QNT 1.3 Scan">
                  <Created>2021-07-04T09:00:00</Created>
                </TaskNode>
              </TaskNode>
              <TaskNode Caption="TUESDAY ( 6 )">
                <Created>2021-07-04T09:00:00</Created>
                <TaskNode Caption="09:12 - 09:37 QNT 1.2.4">
                  <Created>2021-07-04T09:00:00</Created>
                </TaskNode>
                <TaskNode Caption="09:41 - 10:06 QNT 1.2.5/1.2.6">
                  <Created>2021-07-04T09:00:00</Created>
                </TaskNode>
                <TaskNode Caption="11:49 - 12:14 QNT 1.2.7">
                  <Created>2021-07-04T09:00:00</Created>
                </TaskNode>
                <TaskNode Caption="12:18 - 12:43 QNT Plan 1.3 &amp; 1.4">
                  <Created>2021-07-04T09:00:00</Created>
                </TaskNode>
                <TaskNode Caption="13:08 - 13:33 QNT Plan 1.3 &amp; 1.4">
                  <Created>2021-07-04T09:00:00</Created>
                </TaskNode>
                <TaskNode Caption="13:34 - 13:59 QNT Plan 1.3 &amp; 1.4">
                  <Created>2021-07-04T09:00:00</Created>
                </TaskNode>
              </TaskNode>
              <TaskNode Caption="WEDNESDAY ( 6 )">
                <Created>2021-07-04T09:00:00</Created>
                <TaskNode Caption="09:33 - 09:58 QNT 1.3.1 Example">
                  <Created>2021-07-04T09:00:00</Created>
                </TaskNode>
                <TaskNode Caption="12:25 - 12:50 Bouw Functie nGaussianToIdealForm">
                  <Created>2021-07-04T09:00:00</Created>
                </TaskNode>
                <TaskNode Caption="12:51 - 13:16 Bouw Functie nGaussianToIdealForm">
                  <Created>2021-07-04T09:00:00</Created>
                </TaskNode>
                <TaskNode Caption="13:18 - 13:43 Bouw Functie nGaussianToIdealForm">
                  <Created>2021-07-04T09:00:00</Created>
                </TaskNode>
                <TaskNode Caption="13:55 - 14:20 QNT 1.3.2 - 1.3.5 Example">
                  <Created>2021-07-04T09:00:00</Created>
                </TaskNode>
                <TaskNode Caption="14:44 - 15:09 Factorizing GaussianIdealForms">
                  <Created>2021-07-04T09:00:00</Created>
                </TaskNode>
              </TaskNode>
              <TaskNode Caption="THURSDAY ( 8 )">
                <Created>2021-07-04T09:00:00</Created>
                <TaskNode Caption="08:18 - 08:43 QNT 1.4">
                  <Created>2021-07-04T09:00:00</Created>
                </TaskNode>
                <TaskNode Caption="08:44 - 09:09 QNT 1.4">
                  <Created>2021-07-04T09:00:00</Created>
                </TaskNode>
                <TaskNode Caption="09:20 - 09:45 QNT 1.4">
                  <Created>2021-07-04T09:00:00</Created>
                </TaskNode>
                <TaskNode Caption="11:33 - 11:58 QNT 1.4">
                  <Created>2021-07-04T09:00:00</Created>
                </TaskNode>
                <TaskNode Caption="12:11 - 12:36 QNT 1.4">
                  <Created>2021-07-04T09:00:00</Created>
                </TaskNode>
                <TaskNode Caption="13:04 - 13:29 Quadratic Congruences">
                  <Created>2021-07-04T09:00:00</Created>
                </TaskNode>
                <TaskNode Caption="14:31 - 14:56 Quadratic Congruences">
                  <Created>2021-07-04T09:00:00</Created>
                </TaskNode>
                <TaskNode Caption="15:06 - 15:31 Quadratic Congruences">
                  <Created>2021-07-04T09:00:00</Created>
                </TaskNode>
              </TaskNode>
              <TaskNode Caption="FRIDAY ( 4 )">
                <Created>2021-07-04T09:00:00</Created>
                <TaskNode Caption="12:20 - 12:45 Quadratic Congruences Mod Composite">
                  <Created>2021-07-04T09:00:00</Created>
                </TaskNode>
                <TaskNode Caption="13:25 - 13:50 Study QNT 1.5">
                  <Created>2021-07-04T09:00:00</Created>
                </TaskNode>
                <TaskNode Caption="14:50 - 15:15 Bouw nIdealFormToGaussian">
                  <Created>2021-07-04T09:00:00</Created>
                </TaskNode>
                <TaskNode Caption="15:45 - 16:10 Bouw nIdealFormToGaussian">
                  <Created>2021-07-04T09:00:00</Created>
                </TaskNode>
              </TaskNode>
              <TaskNode Caption="SATURDAY ( 4 )">
                <Created>2021-07-04T09:00:00</Created>
                <TaskNode Caption="11:45 - 12:10 QNT Scan Chapter 2: Quadratic Domains">
                  <Created>2021-07-04T09:00:00</Created>
                </TaskNode>
                <TaskNode Caption="12:22 - 12:47 QNT Scan Chapter 2: Quadratic Domains">
                  <Created>2021-07-04T09:00:00</Created>
                </TaskNode>
                <TaskNode Caption="14:59 - 15:24 QNT Scan Chapter 2: Quadratic Domains">
                  <Created>2021-07-04T09:00:00</Created>
                </TaskNode>
                <TaskNode Caption="15:43 - 16:08 QNT Scan Chapter 2: Quadratic Domains">
                  <Created>2021-07-04T09:00:00</Created>
                </TaskNode>
              </TaskNode>
              <TaskNode Caption="SUNDAY ( 0 )">
                <CustomFormat>
                  <Bold>1</Bold>
                  <FontColor>255</FontColor>
                </CustomFormat>
                <Created>2021-07-04T09:00:00</Created>
              </TaskNode>
            </TaskNode>
            <TaskNode Caption="WEEK-40: 28/9 ( 10 )">
              <Created>2021-07-04T09:00:00</Created>
              <TaskNode Caption="MONDAY ( 6 )">
                <Created>2021-07-04T09:00:00</Created>
                <TaskNode Caption="10:13 - 10:38 Scanning Pollack">
                  <Created>2021-07-04T09:00:00</Created>
                </TaskNode>
                <TaskNode Caption="10:46 - 11:11 Scanning Trifkovic">
                  <Created>2021-07-04T09:00:00</Created>
                </TaskNode>
                <TaskNode Caption="13:18 - 13:43 Trifkovic Ch. 1.2">
                  <Created>2021-07-04T09:00:00</Created>
                </TaskNode>
                <TaskNode Caption="14:07 - 14:32 Trifkovic Ch. 1.3">
                  <Created>2021-07-04T09:00:00</Created>
                </TaskNode>
                <TaskNode Caption="14:42 - 15:07 Trifkovic Ch. 1.3">
                  <Created>2021-07-04T09:00:00</Created>
                </TaskNode>
                <TaskNode Caption="15:11 - 15:36 Trifkovic Ch. 1.3">
                  <Created>2021-07-04T09:00:00</Created>
                </TaskNode>
              </TaskNode>
              <TaskNode Caption="TUESDAY ( 1 )">
                <Created>2021-07-04T09:00:00</Created>
                <TaskNode Caption="14:00 - 14:25 Trifkovic Ch. 1.4 / 1.6">
                  <Created>2021-07-04T09:00:00</Created>
                </TaskNode>
              </TaskNode>
              <TaskNode Caption="WEDNESDAY ( 0 )">
                <CustomFormat>
                  <Bold>1</Bold>
                  <FontColor>255</FontColor>
                </CustomFormat>
                <Created>2021-07-04T09:00:00</Created>
              </TaskNode>
              <TaskNode Caption="THURSDAY ( 1 )">
                <Created>2021-07-04T09:00:00</Created>
                <TaskNode Caption="10:45 - 11:10 Scan GAP">
                  <Created>2021-07-04T09:00:00</Created>
                </TaskNode>
              </TaskNode>
              <TaskNode Caption="FRIDAY ( 1 )">
                <Created>2021-07-04T09:00:00</Created>
                <TaskNode Caption="12:45 - 13:10 Scan GAP">
                  <Created>2021-07-04T09:00:00</Created>
                </TaskNode>
              </TaskNode>
              <TaskNode Caption="SATURDAY ( 1 )">
                <Created>2021-07-04T09:00:00</Created>
                <TaskNode Caption="14:30 - 14:55 Plan Trifkovic">
                  <Created>2021-07-04T09:00:00</Created>
                </TaskNode>
              </TaskNode>
              <TaskNode Caption="SUNDAY ( 0 )">
                <CustomFormat>
                  <Bold>1</Bold>
                  <FontColor>255</FontColor>
                </CustomFormat>
                <Created>2021-07-04T09:00:00</Created>
              </TaskNode>
            </TaskNode>
          </TaskNode>
          <TaskNode Caption="OCTOBER">
            <Created>2021-07-04T09:00:00</Created>
            <TaskNode Caption="WEEK-41: 5/10  ( 0 )">
              <CustomFormat>
                <Bold>1</Bold>
                <FontColor>255</FontColor>
              </CustomFormat>
              <Created>2021-07-04T09:00:00</Created>
            </TaskNode>
            <TaskNode Caption="WEEK-42: 12/10 ( 0 )">
              <CustomFormat>
                <Bold>1</Bold>
                <FontColor>255</FontColor>
              </CustomFormat>
              <Created>2021-07-04T09:00:00</Created>
            </TaskNode>
            <TaskNode Caption="WEEK-43: 19/10">
              <CustomFormat>
                <Bold>1</Bold>
                <FontColor>255</FontColor>
              </CustomFormat>
              <Created>2021-07-04T09:00:00</Created>
            </TaskNode>
            <TaskNode Caption="WEEK-44: 26/10 ( 14 )">
              <CustomFormat>
                <Bold>0</Bold>
              </CustomFormat>
              <Created>2021-07-04T09:00:00</Created>
              <TaskNode Caption="MONDAY ( 0 )">
                <CustomFormat>
                  <Bold>1</Bold>
                  <FontColor>255</FontColor>
                </CustomFormat>
                <Created>2021-07-04T09:00:00</Created>
              </TaskNode>
              <TaskNode Caption="TUESDAY ( 4 )">
                <Created>2021-07-04T09:00:00</Created>
                <TaskNode Caption="10:25 - 10:50 pari idealmul">
                  <Created>2021-07-04T09:00:00</Created>
                </TaskNode>
                <TaskNode Caption="10:55 - 11:20 Trifkovic 2.2">
                  <Created>2021-07-04T09:00:00</Created>
                </TaskNode>
                <TaskNode Caption="11:28 - 11:53 Trifkovic 2.2">
                  <Created>2021-07-04T09:00:00</Created>
                </TaskNode>
                <TaskNode Caption="15:35 - 16:00 Study Ideals">
                  <Created>2021-07-04T09:00:00</Created>
                </TaskNode>
              </TaskNode>
              <TaskNode Caption="WEDNESDAY ( 5 )">
                <Created>2021-07-04T09:00:00</Created>
                <TaskNode Caption="09:33 - 09:58 Trifkovic 2.2">
                  <Created>2021-07-04T09:00:00</Created>
                </TaskNode>
                <TaskNode Caption="10:01 - 10:26 Trifkovic 2.2">
                  <Created>2021-07-04T09:00:00</Created>
                </TaskNode>
                <TaskNode Caption="10:34 - 10:59 Trifkovic 2.2">
                  <Created>2021-07-04T09:00:00</Created>
                </TaskNode>
                <TaskNode Caption="11:01 - 11:26 Trifkovic 2.2">
                  <Created>2021-07-04T09:00:00</Created>
                </TaskNode>
                <TaskNode Caption="11:35 - 12:00 Trifkovic 2.2">
                  <Created>2021-07-04T09:00:00</Created>
                </TaskNode>
              </TaskNode>
              <TaskNode Caption="THURSDAY ( 4 )">
                <Created>2021-07-04T09:00:00</Created>
                <TaskNode Caption="10:18 - 10:43 Example 2.4.6">
                  <Created>2021-07-04T09:00:00</Created>
                </TaskNode>
                <TaskNode Caption="10:54 - 11:19 Scan 2.5">
                  <Created>2021-07-04T09:00:00</Created>
                </TaskNode>
                <TaskNode Caption="11:26 - 11:51 Scan 3.1; 3.2">
                  <Created>2021-07-04T09:00:00</Created>
                </TaskNode>
                <TaskNode Caption="11:59 - 12:24 Scan 3.3">
                  <Created>2021-07-04T09:00:00</Created>
                </TaskNode>
              </TaskNode>
              <TaskNode Caption="FRIDAY ( 0 )">
                <CustomFormat>
                  <Bold>1</Bold>
                  <FontColor>255</FontColor>
                </CustomFormat>
                <Created>2021-07-04T09:00:00</Created>
              </TaskNode>
              <TaskNode Caption="SATURDAY ( 1 )">
                <Created>2021-07-04T09:00:00</Created>
                <TaskNode Caption="13:38 - 14:03 Analysis Column Reduction Algorithm">
                  <Created>2021-07-04T09:00:00</Created>
                </TaskNode>
              </TaskNode>
              <TaskNode Caption="SUNDAY ( 0 )">
                <CustomFormat>
                  <Bold>1</Bold>
                  <FontColor>255</FontColor>
                </CustomFormat>
                <Created>2021-07-04T09:00:00</Created>
              </TaskNode>
            </TaskNode>
          </TaskNode>
          <TaskNode Caption="NOVEMBER">
            <Created>2021-07-04T09:00:00</Created>
            <TaskNode Caption="WEEK-45: 2/11 ( 3 )">
              <Created>2021-07-04T09:00:00</Created>
              <TaskNode Caption="MONDAY ( 2 )">
                <Created>2021-07-04T09:00:00</Created>
                <TaskNode Caption="20:06 - 20:31 Study Trifkovic 2.4">
                  <Created>2021-07-04T09:00:00</Created>
                </TaskNode>
                <TaskNode Caption="20:34 - 20:59 Practice Ideal Calculations">
                  <Created>2021-07-04T09:00:00</Created>
                </TaskNode>
              </TaskNode>
              <TaskNode Caption="TUESDAY ( 1 )">
                <Created>2021-07-04T09:00:00</Created>
                <TaskNode Caption="20:11 - 20:36 Partial Scan Jarvis">
                  <Created>2021-07-04T09:00:00</Created>
                </TaskNode>
              </TaskNode>
              <TaskNode Caption="WEDNESDAY ( 0 )">
                <CustomFormat>
                  <Bold>1</Bold>
                  <FontColor>255</FontColor>
                </CustomFormat>
                <Created>2021-07-04T09:00:00</Created>
              </TaskNode>
              <TaskNode Caption="THURSDAY ( 0 )">
                <CustomFormat>
                  <Bold>1</Bold>
                  <FontColor>255</FontColor>
                </CustomFormat>
                <Created>2021-07-04T09:00:00</Created>
              </TaskNode>
              <TaskNode Caption="FRIDAY ( 0 )">
                <CustomFormat>
                  <Bold>1</Bold>
                  <FontColor>255</FontColor>
                </CustomFormat>
                <Created>2021-07-04T09:00:00</Created>
              </TaskNode>
              <TaskNode Caption="SATURDAY ( 0 )">
                <CustomFormat>
                  <Bold>1</Bold>
                  <FontColor>255</FontColor>
                </CustomFormat>
                <Created>2021-07-04T09:00:00</Created>
              </TaskNode>
              <TaskNode Caption="SUNDAY ( 0 )">
                <CustomFormat>
                  <Bold>1</Bold>
                  <FontColor>255</FontColor>
                </CustomFormat>
                <Created>2021-07-04T09:00:00</Created>
              </TaskNode>
            </TaskNode>
            <TaskNode Caption="WEEK-46: 9/11 ( 0 )">
              <CustomFormat>
                <Bold>1</Bold>
                <FontColor>255</FontColor>
              </CustomFormat>
              <Created>2021-07-04T09:00:00</Created>
              <TaskNode Caption="MONDAY ( 0 )">
                <CustomFormat>
                  <Bold>1</Bold>
                  <FontColor>255</FontColor>
                </CustomFormat>
                <Created>2021-07-04T09:00:00</Created>
              </TaskNode>
              <TaskNode Caption="TUESDAY ( 0 )">
                <CustomFormat>
                  <Bold>1</Bold>
                  <FontColor>255</FontColor>
                </CustomFormat>
                <Created>2021-07-04T09:00:00</Created>
              </TaskNode>
              <TaskNode Caption="WEDNESDAY ( 0 )">
                <CustomFormat>
                  <Bold>1</Bold>
                  <FontColor>255</FontColor>
                </CustomFormat>
                <Created>2021-07-04T09:00:00</Created>
              </TaskNode>
              <TaskNode Caption="THURSDAY ( 0 )">
                <CustomFormat>
                  <Bold>1</Bold>
                  <FontColor>255</FontColor>
                </CustomFormat>
                <Created>2021-07-04T09:00:00</Created>
              </TaskNode>
              <TaskNode Caption="FRIDAY ( 0 )">
                <CustomFormat>
                  <Bold>1</Bold>
                  <FontColor>255</FontColor>
                </CustomFormat>
                <Created>2021-07-04T09:00:00</Created>
              </TaskNode>
              <TaskNode Caption="SATURDAY ( 0 )">
                <CustomFormat>
                  <Bold>1</Bold>
                  <FontColor>255</FontColor>
                </CustomFormat>
                <Created>2021-07-04T09:00:00</Created>
              </TaskNode>
              <TaskNode Caption="SUNDAY ( 0 )">
                <CustomFormat>
                  <Bold>1</Bold>
                  <FontColor>255</FontColor>
                </CustomFormat>
                <Created>2021-07-04T09:00:00</Created>
              </TaskNode>
            </TaskNode>
            <TaskNode Caption="WEEK-47: 16/11 ( 0 )">
              <CustomFormat>
                <Bold>1</Bold>
                <FontColor>255</FontColor>
              </CustomFormat>
              <Created>2021-07-04T09:00:00</Created>
              <TaskNode Caption="MONDAY ( 0 )">
                <CustomFormat>
                  <Bold>1</Bold>
                  <FontColor>255</FontColor>
                </CustomFormat>
                <Created>2021-07-04T09:00:00</Created>
              </TaskNode>
              <TaskNode Caption="TUESDAY ( 0 )">
                <CustomFormat>
                  <Bold>1</Bold>
                  <FontColor>255</FontColor>
                </CustomFormat>
                <Created>2021-07-04T09:00:00</Created>
              </TaskNode>
              <TaskNode Caption="WEDNESDAY ( 0 )">
                <CustomFormat>
                  <Bold>1</Bold>
                  <FontColor>255</FontColor>
                </CustomFormat>
                <Created>2021-07-04T09:00:00</Created>
              </TaskNode>
              <TaskNode Caption="THURSDAY ( 0 )">
                <CustomFormat>
                  <Bold>1</Bold>
                  <FontColor>255</FontColor>
                </CustomFormat>
                <Created>2021-07-04T09:00:00</Created>
              </TaskNode>
              <TaskNode Caption="FRIDAY ( 0 )">
                <CustomFormat>
                  <Bold>1</Bold>
                  <FontColor>255</FontColor>
                </CustomFormat>
                <Created>2021-07-04T09:00:00</Created>
              </TaskNode>
              <TaskNode Caption="SATURDAY ( 0 )">
                <CustomFormat>
                  <Bold>1</Bold>
                  <FontColor>255</FontColor>
                </CustomFormat>
                <Created>2021-07-04T09:00:00</Created>
              </TaskNode>
              <TaskNode Caption="SUNDAY ( 0 )">
                <CustomFormat>
                  <Bold>1</Bold>
                  <FontColor>255</FontColor>
                </CustomFormat>
                <Created>2021-07-04T09:00:00</Created>
              </TaskNode>
            </TaskNode>
            <TaskNode Caption="WEEK-48: 23/11 ( 0 )">
              <CustomFormat>
                <Bold>1</Bold>
                <FontColor>255</FontColor>
              </CustomFormat>
              <Created>2021-07-04T09:00:00</Created>
              <TaskNode Caption="MONDAY ( 0 )">
                <CustomFormat>
                  <Bold>1</Bold>
                  <FontColor>255</FontColor>
                </CustomFormat>
                <Created>2021-07-04T09:00:00</Created>
              </TaskNode>
              <TaskNode Caption="TUESDAY ( 0 )">
                <CustomFormat>
                  <Bold>1</Bold>
                  <FontColor>255</FontColor>
                </CustomFormat>
                <Created>2021-07-04T09:00:00</Created>
              </TaskNode>
              <TaskNode Caption="WEDNESDAY ( 0 )">
                <CustomFormat>
                  <Bold>1</Bold>
                  <FontColor>255</FontColor>
                </CustomFormat>
                <Created>2021-07-04T09:00:00</Created>
              </TaskNode>
              <TaskNode Caption="THURSDAY ( 0 )">
                <CustomFormat>
                  <Bold>1</Bold>
                  <FontColor>255</FontColor>
                </CustomFormat>
                <Created>2021-07-04T09:00:00</Created>
              </TaskNode>
              <TaskNode Caption="FRIDAY ( 0 )">
                <CustomFormat>
                  <Bold>1</Bold>
                  <FontColor>255</FontColor>
                </CustomFormat>
                <Created>2021-07-04T09:00:00</Created>
              </TaskNode>
              <TaskNode Caption="SATURDAY ( 0 )">
                <CustomFormat>
                  <Bold>1</Bold>
                  <FontColor>255</FontColor>
                </CustomFormat>
                <Created>2021-07-04T09:00:00</Created>
              </TaskNode>
              <TaskNode Caption="SUNDAY ( 0 )">
                <CustomFormat>
                  <Bold>1</Bold>
                  <FontColor>255</FontColor>
                </CustomFormat>
                <Created>2021-07-04T09:00:00</Created>
              </TaskNode>
            </TaskNode>
          </TaskNode>
          <TaskNode Caption="DECEMBER">
            <Created>2021-07-04T09:00:00</Created>
            <TaskNode Caption="WEEK-49: 30/11 ( 0 )">
              <CustomFormat>
                <Bold>1</Bold>
                <FontColor>255</FontColor>
              </CustomFormat>
              <Created>2021-07-04T09:00:00</Created>
              <TaskNode Caption="MONDAY ( 0 )">
                <CustomFormat>
                  <Bold>1</Bold>
                  <FontColor>255</FontColor>
                </CustomFormat>
                <Created>2021-07-04T09:00:00</Created>
              </TaskNode>
              <TaskNode Caption="TUESDAY ( 0 )">
                <CustomFormat>
                  <Bold>1</Bold>
                  <FontColor>255</FontColor>
                </CustomFormat>
                <Created>2021-07-04T09:00:00</Created>
              </TaskNode>
              <TaskNode Caption="WEDNESDAY ( 0 )">
                <CustomFormat>
                  <Bold>1</Bold>
                  <FontColor>255</FontColor>
                </CustomFormat>
                <Created>2021-07-04T09:00:00</Created>
              </TaskNode>
              <TaskNode Caption="THURSDAY ( 0 )">
                <CustomFormat>
                  <Bold>1</Bold>
                  <FontColor>255</FontColor>
                </CustomFormat>
                <Created>2021-07-04T09:00:00</Created>
              </TaskNode>
              <TaskNode Caption="FRIDAY ( 0 )">
                <CustomFormat>
                  <Bold>1</Bold>
                  <FontColor>255</FontColor>
                </CustomFormat>
                <Created>2021-07-04T09:00:00</Created>
              </TaskNode>
              <TaskNode Caption="SATURDAY ( 0 )">
                <CustomFormat>
                  <Bold>1</Bold>
                  <FontColor>255</FontColor>
                </CustomFormat>
                <Created>2021-07-04T09:00:00</Created>
              </TaskNode>
              <TaskNode Caption="SUNDAY ( 0 )">
                <CustomFormat>
                  <Bold>1</Bold>
                  <FontColor>255</FontColor>
                </CustomFormat>
                <Created>2021-07-04T09:00:00</Created>
              </TaskNode>
            </TaskNode>
            <TaskNode Caption="WEEK-50: 7/12 ( 12 )">
              <Created>2021-07-04T09:00:00</Created>
              <TaskNode Caption="MONDAY ( 0 )">
                <CustomFormat>
                  <Bold>1</Bold>
                  <FontColor>255</FontColor>
                </CustomFormat>
                <Created>2021-07-04T09:00:00</Created>
              </TaskNode>
              <TaskNode Caption="TUESDAY ( 0 )">
                <CustomFormat>
                  <Bold>1</Bold>
                  <FontColor>255</FontColor>
                </CustomFormat>
                <Created>2021-07-04T09:00:00</Created>
              </TaskNode>
              <TaskNode Caption="WEDNESDAY ( 5 )">
                <Created>2021-07-04T09:00:00</Created>
                <TaskNode Caption="10:43 - 11:08 Permutations in AbstrAlg Pkg">
                  <Created>2021-07-04T09:00:00</Created>
                </TaskNode>
                <TaskNode Caption="11:43 - 12:08 Permutations in AbstrAlg Pkg">
                  <Created>2021-07-04T09:00:00</Created>
                </TaskNode>
                <TaskNode Caption="12:35 - 13:00 Cycles / Transpositions in AbstrAlg Pkg">
                  <Created>2021-07-04T09:00:00</Created>
                </TaskNode>
                <TaskNode Caption="14:05 - 14:30 List Centralizer Sizes">
                  <Created>2021-07-04T09:00:00</Created>
                </TaskNode>
                <TaskNode Caption="14:36 - 15:01 List Centralizer Sizes">
                  <Created>2021-07-04T09:00:00</Created>
                </TaskNode>
              </TaskNode>
              <TaskNode Caption="THURSDAY ( 4 )">
                <Created>2021-07-04T09:00:00</Created>
                <TaskNode Caption="09:33 - 09:58 AbstrAlg Pkg">
                  <Created>2021-07-04T09:00:00</Created>
                </TaskNode>
                <TaskNode Caption="10:14 - 10:39 Subgroups / Subgroup Lattices">
                  <Created>2021-07-04T09:00:00</Created>
                </TaskNode>
                <TaskNode Caption="10:49 - 11:14 ConjugacyClasses, StructureDescription">
                  <Created>2021-07-04T09:00:00</Created>
                </TaskNode>
                <TaskNode Caption="12:08 - 12:33 Group Theory Revision / PvA">
                  <Created>2021-07-04T09:00:00</Created>
                </TaskNode>
              </TaskNode>
              <TaskNode Caption="FRIDAY ( 3 )">
                <Created>2021-07-04T09:00:00</Created>
                <TaskNode Caption="11:38 - 12:03 Planning">
                  <Created>2021-07-04T09:00:00</Created>
                </TaskNode>
                <TaskNode Caption="12:35 - 13:00 Group Presentations">
                  <Created>2021-07-04T09:00:00</Created>
                </TaskNode>
                <TaskNode Caption="13:33 - 13:58 Find Presentation from Group">
                  <Created>2021-07-04T09:00:00</Created>
                </TaskNode>
              </TaskNode>
              <TaskNode Caption="SATURDAY ( 0 )">
                <CustomFormat>
                  <Bold>1</Bold>
                  <FontColor>255</FontColor>
                </CustomFormat>
                <Created>2021-07-04T09:00:00</Created>
              </TaskNode>
              <TaskNode Caption="SUNDAY ( 0 )">
                <CustomFormat>
                  <Bold>1</Bold>
                  <FontColor>255</FontColor>
                </CustomFormat>
                <Created>2021-07-04T09:00:00</Created>
              </TaskNode>
            </TaskNode>
            <TaskNode Caption="WEEK-51: 14/12 ( 0 )">
              <CustomFormat>
                <Bold>1</Bold>
                <FontColor>255</FontColor>
              </CustomFormat>
              <Created>2021-07-04T09:00:00</Created>
              <TaskNode Caption="MONDAY ( 0 )">
                <CustomFormat>
                  <Bold>1</Bold>
                  <FontColor>255</FontColor>
                </CustomFormat>
                <Created>2021-07-04T09:00:00</Created>
              </TaskNode>
              <TaskNode Caption="TUESDAY ( 0 )">
                <CustomFormat>
                  <Bold>1</Bold>
                  <FontColor>255</FontColor>
                </CustomFormat>
                <Created>2021-07-04T09:00:00</Created>
              </TaskNode>
              <TaskNode Caption="WEDNESDAY ( 0 )">
                <CustomFormat>
                  <Bold>1</Bold>
                  <FontColor>255</FontColor>
                </CustomFormat>
                <Created>2021-07-04T09:00:00</Created>
              </TaskNode>
              <TaskNode Caption="THURSDAY ( 0 )">
                <CustomFormat>
                  <Bold>1</Bold>
                  <FontColor>255</FontColor>
                </CustomFormat>
                <Created>2021-07-04T09:00:00</Created>
              </TaskNode>
              <TaskNode Caption="FRIDAY ( 0 )">
                <CustomFormat>
                  <Bold>1</Bold>
                  <FontColor>255</FontColor>
                </CustomFormat>
                <Created>2021-07-04T09:00:00</Created>
              </TaskNode>
              <TaskNode Caption="SATURDAY ( 0 )">
                <CustomFormat>
                  <Bold>1</Bold>
                  <FontColor>255</FontColor>
                </CustomFormat>
                <Created>2021-07-04T09:00:00</Created>
              </TaskNode>
              <TaskNode Caption="SUNDAY ( 0 )">
                <CustomFormat>
                  <Bold>1</Bold>
                  <FontColor>255</FontColor>
                </CustomFormat>
                <Created>2021-07-04T09:00:00</Created>
              </TaskNode>
            </TaskNode>
            <TaskNode Caption="WEEK-52: 21/12 ( 0 )">
              <CustomFormat>
                <Bold>1</Bold>
                <FontColor>255</FontColor>
              </CustomFormat>
              <Created>2021-07-04T09:00:00</Created>
              <TaskNode Caption="MONDAY ( 0 )">
                <CustomFormat>
                  <Bold>1</Bold>
                  <FontColor>255</FontColor>
                </CustomFormat>
                <Created>2021-07-04T09:00:00</Created>
              </TaskNode>
              <TaskNode Caption="TUESDAY ( 0 )">
                <CustomFormat>
                  <Bold>1</Bold>
                  <FontColor>255</FontColor>
                </CustomFormat>
                <Created>2021-07-04T09:00:00</Created>
              </TaskNode>
              <TaskNode Caption="WEDNESDAY ( 0 )">
                <CustomFormat>
                  <Bold>1</Bold>
                  <FontColor>255</FontColor>
                </CustomFormat>
                <Created>2021-07-04T09:00:00</Created>
              </TaskNode>
              <TaskNode Caption="THURSDAY ( 0 )">
                <CustomFormat>
                  <Bold>1</Bold>
                  <FontColor>255</FontColor>
                </CustomFormat>
                <Created>2021-07-04T09:00:00</Created>
              </TaskNode>
              <TaskNode Caption="FRIDAY ( 0 )">
                <CustomFormat>
                  <Bold>1</Bold>
                  <FontColor>255</FontColor>
                </CustomFormat>
                <Created>2021-07-04T09:00:00</Created>
              </TaskNode>
              <TaskNode Caption="SATURDAY ( 0 )">
                <CustomFormat>
                  <Bold>1</Bold>
                  <FontColor>255</FontColor>
                </CustomFormat>
                <Created>2021-07-04T09:00:00</Created>
              </TaskNode>
              <TaskNode Caption="SUNDAY ( 0 )">
                <CustomFormat>
                  <Bold>1</Bold>
                  <FontColor>255</FontColor>
                </CustomFormat>
                <Created>2021-07-04T09:00:00</Created>
              </TaskNode>
            </TaskNode>
            <TaskNode Caption="WEEK-53: 28/12 ( 5 )">
              <Created>2021-07-04T09:00:00</Created>
              <TaskNode Caption="MONDAY ( 0 )">
                <CustomFormat>
                  <Bold>1</Bold>
                  <FontColor>255</FontColor>
                </CustomFormat>
                <Created>2021-07-04T09:00:00</Created>
              </TaskNode>
              <TaskNode Caption="TUESDAY ( 3 )">
                <Created>2021-07-04T09:00:00</Created>
                <TaskNode Caption="11:00 - 11:25 Study G-Modules">
                  <Created>2021-07-04T09:00:00</Created>
                </TaskNode>
                <TaskNode Caption="13:30 - 13:55 Study GAP Actions">
                  <Created>2021-07-04T09:00:00</Created>
                </TaskNode>
                <TaskNode Caption="14:00 - 14:25 Study GAP Actions">
                  <Created>2021-07-04T09:00:00</Created>
                </TaskNode>
              </TaskNode>
              <TaskNode Caption="WEDNESDAY ( 2 )">
                <Created>2021-07-04T09:00:00</Created>
                <TaskNode Caption="11:37 - 12:02 Group Theory Thm List">
                  <Created>2021-07-04T09:00:00</Created>
                </TaskNode>
                <TaskNode Caption="12:06 - 12:31 Sagan 1.4">
                  <Created>2021-07-04T09:00:00</Created>
                </TaskNode>
              </TaskNode>
              <TaskNode Caption="THURSDAY ( 0 )">
                <CustomFormat>
                  <Bold>1</Bold>
                  <FontColor>255</FontColor>
                </CustomFormat>
                <Created>2021-07-04T09:00:00</Created>
              </TaskNode>
              <TaskNode Caption="FRIDAY ( 0 )">
                <CustomFormat>
                  <Bold>1</Bold>
                  <FontColor>255</FontColor>
                </CustomFormat>
                <Created>2021-07-04T09:00:00</Created>
              </TaskNode>
              <TaskNode Caption="SATURDAY ( 0 )">
                <CustomFormat>
                  <Bold>1</Bold>
                  <FontColor>255</FontColor>
                </CustomFormat>
                <Created>2021-07-04T09:00:00</Created>
              </TaskNode>
              <TaskNode Caption="SUNDAY ( 0 )">
                <CustomFormat>
                  <Bold>1</Bold>
                  <FontColor>255</FontColor>
                </CustomFormat>
                <Created>2021-07-04T09:00:00</Created>
              </TaskNode>
            </TaskNode>
          </TaskNode>
        </TaskNode>
        <TaskNode Caption="2021">
          <Created>2021-07-04T09:00:00</Created>
          <TaskNode Caption="JANUARY">
            <Created>2021-07-04T09:00:00</Created>
            <TaskNode Caption="WEEK-1: 4/1 ( 0 )">
              <CustomFormat>
                <Bold>1</Bold>
                <FontColor>255</FontColor>
              </CustomFormat>
              <Created>2021-07-04T09:00:00</Created>
              <TaskNode Caption="MONDAY ( 0 )">
                <CustomFormat>
                  <Bold>1</Bold>
                  <FontColor>255</FontColor>
                </CustomFormat>
                <Created>2021-07-04T09:00:00</Created>
              </TaskNode>
              <TaskNode Caption="TUESDAY ( 0 )">
                <CustomFormat>
                  <Bold>1</Bold>
                  <FontColor>255</FontColor>
                </CustomFormat>
                <Created>2021-07-04T09:00:00</Created>
              </TaskNode>
              <TaskNode Caption="WEDNESDAY ( 0 )">
                <CustomFormat>
                  <Bold>1</Bold>
                  <FontColor>255</FontColor>
                </CustomFormat>
                <Created>2021-07-04T09:00:00</Created>
              </TaskNode>
              <TaskNode Caption="THURSDAY ( 0 )">
                <CustomFormat>
                  <Bold>1</Bold>
                  <FontColor>255</FontColor>
                </CustomFormat>
                <Created>2021-07-04T09:00:00</Created>
              </TaskNode>
              <TaskNode Caption="FRIDAY ( 0 )">
                <CustomFormat>
                  <Bold>1</Bold>
                  <FontColor>255</FontColor>
                </CustomFormat>
                <Created>2021-07-04T09:00:00</Created>
              </TaskNode>
              <TaskNode Caption="SATURDAY ( 0 )">
                <CustomFormat>
                  <Bold>1</Bold>
                  <FontColor>255</FontColor>
                </CustomFormat>
                <Created>2021-07-04T09:00:00</Created>
              </TaskNode>
              <TaskNode Caption="SUNDAY ( 0 )">
                <CustomFormat>
                  <Bold>1</Bold>
                  <FontColor>255</FontColor>
                </CustomFormat>
                <Created>2021-07-04T09:00:00</Created>
              </TaskNode>
            </TaskNode>
            <TaskNode Caption="WEEK-2: 11/1 ( 5 )">
              <Created>2021-07-04T09:00:00</Created>
              <TaskNode Caption="MONDAY ( 1 )">
                <Created>2021-07-04T09:00:00</Created>
                <TaskNode Caption="10:00 - 10:25 Study Functionology">
                  <Created>2021-07-04T09:00:00</Created>
                </TaskNode>
              </TaskNode>
              <TaskNode Caption="TUESDAY ( 2 )">
                <Created>2021-07-04T09:00:00</Created>
                <TaskNode Caption="10:00 - 10:25 Study Functionology">
                  <Created>2021-07-04T09:00:00</Created>
                </TaskNode>
                <TaskNode Caption="12:00 - 10:25 Study Functionology">
                  <Created>2021-07-04T09:00:00</Created>
                </TaskNode>
              </TaskNode>
              <TaskNode Caption="WEDNESDAY ( 1 )">
                <Created>2021-07-04T09:00:00</Created>
                <TaskNode Caption="10:00 - 10:25 Scan Complex Analysis">
                  <Created>2021-07-04T09:00:00</Created>
                </TaskNode>
              </TaskNode>
              <TaskNode Caption="THURSDAY ( 1 )">
                <Created>2021-07-04T09:00:00</Created>
                <TaskNode Caption="13:00 - 13:25 Scan Complex Analysis">
                  <Created>2021-07-04T09:00:00</Created>
                </TaskNode>
                <TaskNode Caption="=next=">
                  <Created>2021-07-04T09:00:00</Created>
                  <TaskNode Caption="Study plan CA">
                    <Created>2021-07-04T09:00:00</Created>
                  </TaskNode>
                  <TaskNode Caption="Study plan GF">
                    <Created>2021-07-04T09:00:00</Created>
                  </TaskNode>
                </TaskNode>
              </TaskNode>
              <TaskNode Caption="FRIDAY ( 0 )">
                <CustomFormat>
                  <Bold>1</Bold>
                  <FontColor>255</FontColor>
                </CustomFormat>
                <Created>2021-07-04T09:00:00</Created>
              </TaskNode>
              <TaskNode Caption="SATURDAY ( 0 )">
                <CustomFormat>
                  <Bold>1</Bold>
                  <FontColor>255</FontColor>
                </CustomFormat>
                <Created>2021-07-04T09:00:00</Created>
              </TaskNode>
              <TaskNode Caption="SUNDAY ( 0 )">
                <CustomFormat>
                  <Bold>1</Bold>
                  <FontColor>255</FontColor>
                </CustomFormat>
                <Created>2021-07-04T09:00:00</Created>
              </TaskNode>
            </TaskNode>
            <TaskNode Caption="WEEK-3: 18/1 ( 7 )">
              <Created>2021-07-04T09:00:00</Created>
              <TaskNode Caption="MONDAY ( 3 )">
                <Created>2021-07-04T09:00:00</Created>
                <TaskNode Caption="10:00 - 10:25 Study CA">
                  <Created>2021-07-04T09:00:00</Created>
                </TaskNode>
                <TaskNode Caption="10:30 - 10:55 Study CA">
                  <Created>2021-07-04T09:00:00</Created>
                </TaskNode>
                <TaskNode Caption="11:00 - 11:25 Study CA">
                  <Created>2021-07-04T09:00:00</Created>
                </TaskNode>
              </TaskNode>
              <TaskNode Caption="TUESDAY ( 4 )">
                <Created>2021-07-04T09:00:00</Created>
                <TaskNode Caption="13:00 - 13:25 Plan CA">
                  <Created>2021-07-04T09:00:00</Created>
                </TaskNode>
                <TaskNode Caption="13:30 - 13:55 Texlipse">
                  <Created>2021-07-04T09:00:00</Created>
                </TaskNode>
                <TaskNode Caption="14:00 - 14:25 Texlipse">
                  <Created>2021-07-04T09:00:00</Created>
                </TaskNode>
                <TaskNode Caption="14:34 - 14:55 Texlipse">
                  <Created>2021-07-04T09:00:00</Created>
                </TaskNode>
              </TaskNode>
              <TaskNode Caption="WEDNESDAY ( 0 )">
                <CustomFormat>
                  <Bold>1</Bold>
                  <FontColor>255</FontColor>
                </CustomFormat>
                <Created>2021-07-04T09:00:00</Created>
              </TaskNode>
              <TaskNode Caption="THURSDAY ( 0 )">
                <CustomFormat>
                  <Bold>1</Bold>
                  <FontColor>255</FontColor>
                </CustomFormat>
                <Created>2021-07-04T09:00:00</Created>
              </TaskNode>
              <TaskNode Caption="FRIDAY ( 0 )">
                <CustomFormat>
                  <Bold>1</Bold>
                  <FontColor>255</FontColor>
                </CustomFormat>
                <Created>2021-07-04T09:00:00</Created>
              </TaskNode>
              <TaskNode Caption="SATURDAY ( 0 )">
                <CustomFormat>
                  <Bold>1</Bold>
                  <FontColor>255</FontColor>
                </CustomFormat>
                <Created>2021-07-04T09:00:00</Created>
              </TaskNode>
              <TaskNode Caption="SUNDAY ( 0 )">
                <CustomFormat>
                  <Bold>1</Bold>
                  <FontColor>255</FontColor>
                </CustomFormat>
                <Created>2021-07-04T09:00:00</Created>
              </TaskNode>
            </TaskNode>
            <TaskNode Caption="WEEK-4: 25/1 ( 20 )">
              <Created>2021-07-04T09:00:00</Created>
              <TaskNode Caption="MONDAY ( 4 )">
                <Created>2021-07-04T09:00:00</Created>
                <TaskNode Caption="11:03 - 11:28 Complex Chart">
                  <Created>2021-07-04T09:00:00</Created>
                </TaskNode>
                <TaskNode Caption="11:32 - 11:57 Complex Atlas">
                  <Created>2021-07-04T09:00:00</Created>
                </TaskNode>
                <TaskNode Caption="12:51 - 13:16 Cook Topology 1">
                  <Created>2021-07-04T09:00:00</Created>
                </TaskNode>
                <TaskNode Caption="13:40 - 14:05 Cook Topology 1">
                  <Created>2021-07-04T09:00:00</Created>
                </TaskNode>
              </TaskNode>
              <TaskNode Caption="TUESDAY ( 4 )">
                <Created>2021-07-04T09:00:00</Created>
                <TaskNode Caption="10:18 - 10:43 Cook Topology II">
                  <Created>2021-07-04T09:00:00</Created>
                </TaskNode>
                <TaskNode Caption="10:47 - 11:12 Cook Topology II">
                  <Created>2021-07-04T09:00:00</Created>
                </TaskNode>
                <TaskNode Caption="11:37 - 12:02 Cook Topology II">
                  <Created>2021-07-04T09:00:00</Created>
                </TaskNode>
                <TaskNode Caption="12:28 - 12:53 Ahlfors">
                  <Created>2021-07-04T09:00:00</Created>
                </TaskNode>
              </TaskNode>
              <TaskNode Caption="WEDNESDAY ( 4 )">
                <Created>2021-07-04T09:00:00</Created>
                <TaskNode Caption="12:18 - 12:43 Scan Manifolds">
                  <Created>2021-07-04T09:00:00</Created>
                </TaskNode>
                <TaskNode Caption="13:16 - 13:41 Manifolds 1">
                  <Created>2021-07-04T09:00:00</Created>
                </TaskNode>
                <TaskNode Caption="14:45 - 15:10 Manifolds 1">
                  <Created>2021-07-04T09:00:00</Created>
                </TaskNode>
                <TaskNode Caption="15:12 - 15:37 Manifolds 2">
                  <Created>2021-07-04T09:00:00</Created>
                </TaskNode>
              </TaskNode>
              <TaskNode Caption="THURSDAY ( 4 )">
                <Created>2021-07-04T09:00:00</Created>
                <TaskNode Caption="10:22 - 10:47 Manifolds 2">
                  <Created>2021-07-04T09:00:00</Created>
                </TaskNode>
                <TaskNode Caption="10:57 - 11:22 Manifolds 2">
                  <Created>2021-07-04T09:00:00</Created>
                </TaskNode>
                <TaskNode Caption="15:10 - 15:35 Manifolds 2">
                  <Created>2021-07-04T09:00:00</Created>
                </TaskNode>
                <TaskNode Caption="18:32 - 18:57 Manifolds 3">
                  <Created>2021-07-04T09:00:00</Created>
                </TaskNode>
              </TaskNode>
              <TaskNode Caption="FRIDAY ( 4 )">
                <Created>2021-07-04T09:00:00</Created>
                <TaskNode Caption="11:46 - 12:11 Scanning">
                  <Created>2021-07-04T09:00:00</Created>
                </TaskNode>
                <TaskNode Caption="13:33 - 13:58 Manifolds 4">
                  <Created>2021-07-04T09:00:00</Created>
                </TaskNode>
                <TaskNode Caption="14:42 - 15:07 Manifolds 4">
                  <Created>2021-07-04T09:00:00</Created>
                </TaskNode>
                <TaskNode Caption="19:00 - 19:25 Manifolds 4">
                  <Created>2021-07-04T09:00:00</Created>
                </TaskNode>
              </TaskNode>
              <TaskNode Caption="SATURDAY ( 0 )">
                <CustomFormat>
                  <Bold>1</Bold>
                  <FontColor>255</FontColor>
                </CustomFormat>
                <Created>2021-07-04T09:00:00</Created>
              </TaskNode>
              <TaskNode Caption="SUNDAY ( 0 )">
                <CustomFormat>
                  <Bold>1</Bold>
                  <FontColor>255</FontColor>
                </CustomFormat>
                <Created>2021-07-04T09:00:00</Created>
              </TaskNode>
            </TaskNode>
          </TaskNode>
          <TaskNode Caption="FEBRUARY">
            <Created>2021-07-04T09:00:00</Created>
            <TaskNode Caption="WEEK-5: 1/2 ( 10 )">
              <Created>2021-07-04T09:00:00</Created>
              <TaskNode Caption="MONDAY ( 3 )">
                <Created>2021-07-04T09:00:00</Created>
                <TaskNode Caption="11:06 - 11:31 Manifolds 7">
                  <Created>2021-07-04T09:00:00</Created>
                </TaskNode>
                <TaskNode Caption="15:04 - 15:29 Manifolds 8">
                  <Created>2021-07-04T09:00:00</Created>
                </TaskNode>
                <TaskNode Caption="19:23 - 19:48 Manifolds 8">
                  <Created>2021-07-04T09:00:00</Created>
                </TaskNode>
              </TaskNode>
              <TaskNode Caption="TUESDAY ( 0 )">
                <CustomFormat>
                  <Bold>1</Bold>
                  <FontColor>255</FontColor>
                </CustomFormat>
                <Created>2021-07-04T09:00:00</Created>
              </TaskNode>
              <TaskNode Caption="WEDNESDAY ( 0 )">
                <CustomFormat>
                  <Bold>1</Bold>
                  <FontColor>255</FontColor>
                </CustomFormat>
                <Created>2021-07-04T09:00:00</Created>
              </TaskNode>
              <TaskNode Caption="THURSDAY ( 1 )">
                <Created>2021-07-04T09:00:00</Created>
                <TaskNode Caption="13:24 - 13:49 Scan / Start-up ( again )">
                  <Created>2021-07-04T09:00:00</Created>
                </TaskNode>
              </TaskNode>
              <TaskNode Caption="FRIDAY ( 2 )">
                <Created>2021-07-04T09:00:00</Created>
                <TaskNode Caption="13:35 - 14:00 What is a tensor 2">
                  <Created>2021-07-04T09:00:00</Created>
                </TaskNode>
                <TaskNode Caption="14:08 - 14:33 What is a tensor 3: Dual spaces">
                  <Created>2021-07-04T09:00:00</Created>
                </TaskNode>
              </TaskNode>
              <TaskNode Caption="SATURDAY ( 4 )">
                <Created>2021-07-04T09:00:00</Created>
                <TaskNode Caption="10:05 - 10:30 What is a tensor 4">
                  <Created>2021-07-04T09:00:00</Created>
                </TaskNode>
                <TaskNode Caption="10:45 - 11:10 Dual Spaces">
                  <Created>2021-07-04T09:00:00</Created>
                </TaskNode>
                <TaskNode Caption="12:02 - 12:27 What is a tensor 4">
                  <Created>2021-07-04T09:00:00</Created>
                </TaskNode>
                <TaskNode Caption="13:53 - 14:18 What is a tensor 5">
                  <Created>2021-07-04T09:00:00</Created>
                </TaskNode>
              </TaskNode>
              <TaskNode Caption="SUNDAY ( 0 )">
                <CustomFormat>
                  <Bold>1</Bold>
                  <FontColor>255</FontColor>
                </CustomFormat>
                <Created>2021-07-04T09:00:00</Created>
              </TaskNode>
            </TaskNode>
            <TaskNode Caption="WEEK-6: 8/2 ( 0 )">
              <CustomFormat>
                <Bold>1</Bold>
                <FontColor>255</FontColor>
              </CustomFormat>
              <Created>2021-07-04T09:00:00</Created>
              <TaskNode Caption="MONDAY ( 0 )">
                <CustomFormat>
                  <Bold>1</Bold>
                  <FontColor>255</FontColor>
                </CustomFormat>
                <Created>2021-07-04T09:00:00</Created>
              </TaskNode>
              <TaskNode Caption="TUESDAY ( 0 )">
                <CustomFormat>
                  <Bold>1</Bold>
                  <FontColor>255</FontColor>
                </CustomFormat>
                <Created>2021-07-04T09:00:00</Created>
              </TaskNode>
              <TaskNode Caption="WEDNESDAY ( 0 )">
                <CustomFormat>
                  <Bold>1</Bold>
                  <FontColor>255</FontColor>
                </CustomFormat>
                <Created>2021-07-04T09:00:00</Created>
              </TaskNode>
              <TaskNode Caption="THURSDAY ( 0 )">
                <CustomFormat>
                  <Bold>1</Bold>
                  <FontColor>255</FontColor>
                </CustomFormat>
                <Created>2021-07-04T09:00:00</Created>
              </TaskNode>
              <TaskNode Caption="FRIDAY ( 0 )">
                <CustomFormat>
                  <Bold>1</Bold>
                  <FontColor>255</FontColor>
                </CustomFormat>
                <Created>2021-07-04T09:00:00</Created>
              </TaskNode>
              <TaskNode Caption="SATURDAY ( 0 )">
                <CustomFormat>
                  <Bold>1</Bold>
                  <FontColor>255</FontColor>
                </CustomFormat>
                <Created>2021-07-04T09:00:00</Created>
              </TaskNode>
              <TaskNode Caption="SUNDAY ( 0 )">
                <CustomFormat>
                  <Bold>1</Bold>
                  <FontColor>255</FontColor>
                </CustomFormat>
                <Created>2021-07-04T09:00:00</Created>
              </TaskNode>
            </TaskNode>
            <TaskNode Caption="WEEK-7: 15/2 ( 2 )">
              <Created>2021-07-04T09:00:00</Created>
              <TaskNode Caption="MONDAY ( 0 )">
                <CustomFormat>
                  <Bold>1</Bold>
                  <FontColor>255</FontColor>
                </CustomFormat>
                <Created>2021-07-04T09:00:00</Created>
              </TaskNode>
              <TaskNode Caption="TUESDAY ( 0 )">
                <CustomFormat>
                  <Bold>1</Bold>
                  <FontColor>255</FontColor>
                </CustomFormat>
                <Created>2021-07-04T09:00:00</Created>
              </TaskNode>
              <TaskNode Caption="WEDNESDAY ( 0 )">
                <CustomFormat>
                  <Bold>1</Bold>
                  <FontColor>255</FontColor>
                </CustomFormat>
                <Created>2021-07-04T09:00:00</Created>
              </TaskNode>
              <TaskNode Caption="THURSDAY ( 0 )">
                <CustomFormat>
                  <Bold>1</Bold>
                  <FontColor>255</FontColor>
                </CustomFormat>
                <Created>2021-07-04T09:00:00</Created>
              </TaskNode>
              <TaskNode Caption="FRIDAY ( 2 )">
                <Created>2021-07-04T09:00:00</Created>
                <TaskNode Caption="08:20 - 08:45 Scan Riemann Surfaces">
                  <Created>2021-07-04T09:00:00</Created>
                </TaskNode>
                <TaskNode Caption="09:00 - 09:25 Scan Riemann Surfaces">
                  <Created>2021-07-04T09:00:00</Created>
                </TaskNode>
              </TaskNode>
              <TaskNode Caption="SATURDAY ( 0 )">
                <CustomFormat>
                  <Bold>1</Bold>
                  <FontColor>255</FontColor>
                </CustomFormat>
                <Created>2021-07-04T09:00:00</Created>
              </TaskNode>
              <TaskNode Caption="SUNDAY ( 0 )">
                <CustomFormat>
                  <Bold>1</Bold>
                  <FontColor>255</FontColor>
                </CustomFormat>
                <Created>2021-07-04T09:00:00</Created>
              </TaskNode>
            </TaskNode>
            <TaskNode Caption="WEEK-8: 22/2 ( 32 )">
              <Created>2021-07-04T09:00:00</Created>
              <TaskNode Caption="MONDAY ( 6 )">
                <Created>2021-07-04T09:00:00</Created>
                <TaskNode Caption="10:04 - 10:29 Complex Analysis">
                  <Created>2021-07-04T09:00:00</Created>
                </TaskNode>
                <TaskNode Caption="10:30 - 10:55 Complex Analysis Taylor's Theorem">
                  <Created>2021-07-04T09:00:00</Created>
                </TaskNode>
                <TaskNode Caption="11:03 - 11:28 Eerste ronde Proof Taylor">
                  <Created>2021-07-04T09:00:00</Created>
                </TaskNode>
                <TaskNode Caption="11:48 - 12:13 Planning CA Notes week 22/2">
                  <Created>2021-07-04T09:00:00</Created>
                </TaskNode>
                <TaskNode Caption="12:16 - 12:41 Work on MMa Tech Notes">
                  <Created>2021-07-04T09:00:00</Created>
                </TaskNode>
                <TaskNode Caption="12:42 - 13:07 Scan Elliptic Functions">
                  <Created>2021-07-04T09:00:00</Created>
                </TaskNode>
              </TaskNode>
              <TaskNode Caption="TUESDAY ( 6 )">
                <Created>2021-07-04T09:00:00</Created>
                <TaskNode Caption="10:05 - 10:30 Prime Counting Formula Thesis Roodenburg">
                  <Created>2021-07-04T09:00:00</Created>
                </TaskNode>
                <TaskNode Caption="10:33 - 10:58 Study Roodenburg paper">
                  <Created>2021-07-04T09:00:00</Created>
                </TaskNode>
                <TaskNode Caption="11:01 - 11:26 Study Roodenburg paper">
                  <Created>2021-07-04T09:00:00</Created>
                </TaskNode>
                <TaskNode Caption="11:27 - 11:52 Research S(p q);">
                  <Created>2021-07-04T09:00:00</Created>
                </TaskNode>
                <TaskNode Caption="14:34 - 14:59 Planning R&amp;D">
                  <Created>2021-07-04T09:00:00</Created>
                </TaskNode>
                <TaskNode Caption="15:00 - 15:25 Planning Math/R&amp;D">
                  <Created>2021-07-04T09:00:00</Created>
                </TaskNode>
              </TaskNode>
              <TaskNode Caption="WEDNESDAY ( 6 )">
                <Created>2021-07-04T09:00:00</Created>
                <TaskNode Caption="10:00 - 10:25 Taylor's Theorem">
                  <Created>2021-07-04T09:00:00</Created>
                </TaskNode>
                <TaskNode Caption="10:28 - 10:53 Taylor's Theorem">
                  <Created>2021-07-04T09:00:00</Created>
                </TaskNode>
                <TaskNode Caption="10:56 - 11:21 Revise Complex Integration">
                  <Created>2021-07-04T09:00:00</Created>
                </TaskNode>
                <TaskNode Caption="11:22 - 11:47 Proof Taylor's Theorem">
                  <Created>2021-07-04T09:00:00</Created>
                </TaskNode>
                <TaskNode Caption="11:50 - 12:15 Proof Taylor's Theorem">
                  <Created>2021-07-04T09:00:00</Created>
                </TaskNode>
                <TaskNode Caption="12:16 - 12:41 Power Series Review">
                  <Created>2021-07-04T09:00:00</Created>
                </TaskNode>
              </TaskNode>
              <TaskNode Caption="THURSDAY ( 6 )">
                <Created>2021-07-04T09:00:00</Created>
                <TaskNode Caption="09:20 - 09:45 Planning">
                  <Created>2021-07-04T09:00:00</Created>
                </TaskNode>
                <TaskNode Caption="09:46 - 10:11 Gamma Function">
                  <Created>2021-07-04T09:00:00</Created>
                </TaskNode>
                <TaskNode Caption="10:16 - 10:41 Gamma Function">
                  <Created>2021-07-04T09:00:00</Created>
                </TaskNode>
                <TaskNode Caption="10:42 - 11:07 Infinite Products">
                  <Created>2021-07-04T09:00:00</Created>
                </TaskNode>
                <TaskNode Caption="11:20 - 11:45 Infinite Products">
                  <Created>2021-07-04T09:00:00</Created>
                </TaskNode>
                <TaskNode Caption="11:53 - 12:18 Infinite Products">
                  <Created>2021-07-04T09:00:00</Created>
                </TaskNode>
              </TaskNode>
              <TaskNode Caption="FRIDAY ( 4 )">
                <Created>2021-07-04T09:00:00</Created>
                <TaskNode Caption="10:22 - 10:47 Infinite Products">
                  <Created>2021-07-04T09:00:00</Created>
                </TaskNode>
                <TaskNode Caption="10:52 - 11:17 Infinite Products">
                  <Created>2021-07-04T09:00:00</Created>
                </TaskNode>
                <TaskNode Caption="17:20 - 17:45 Infinite Products">
                  <Created>2021-07-04T09:00:00</Created>
                </TaskNode>
                <TaskNode Caption="17:47 - 18:12 Infinite Products">
                  <Created>2021-07-04T09:00:00</Created>
                </TaskNode>
              </TaskNode>
              <TaskNode Caption="SATURDAY (2 )">
                <Created>2021-07-04T09:00:00</Created>
                <TaskNode Caption="11:30 - 11:55 Indexing Stein">
                  <Created>2021-07-04T09:00:00</Created>
                </TaskNode>
                <TaskNode Caption="12:00 - 12:25 Indexing Stein">
                  <Created>2021-07-04T09:00:00</Created>
                </TaskNode>
              </TaskNode>
              <TaskNode Caption="SUNDAY ( 2 )">
                <Created>2021-07-04T09:00:00</Created>
                <TaskNode Caption="09:30 - 09:55 Visualization CA">
                  <Created>2021-07-04T09:00:00</Created>
                </TaskNode>
                <TaskNode Caption="10:00 - 10:25 Visualization CA">
                  <Created>2021-07-04T09:00:00</Created>
                </TaskNode>
              </TaskNode>
            </TaskNode>
          </TaskNode>
          <TaskNode Caption="MARCH">
            <Created>2021-07-04T09:00:00</Created>
            <TaskNode Caption="WEEK-9: 1/3 ( 24 )">
              <Created>2021-07-04T09:00:00</Created>
              <TaskNode Caption="MONDAY ( 6 )">
                <Created>2021-07-04T09:00:00</Created>
                <TaskNode Caption="09:43 - 10:08 ComplexVectorPlot">
                  <Created>2021-07-04T09:00:00</Created>
                </TaskNode>
                <TaskNode Caption="10:13 - 10:38 MeshShading">
                  <Created>2021-07-04T09:00:00</Created>
                </TaskNode>
                <TaskNode Caption="10:45 - 11:10 Visual Complex Functions">
                  <Created>2021-07-04T09:00:00</Created>
                </TaskNode>
                <TaskNode Caption="11:15 - 11:40 Riemann Surfaces">
                  <Created>2021-07-04T09:00:00</Created>
                </TaskNode>
                <TaskNode Caption="14:27 - 14:52 Theorems Stein">
                  <Created>2021-07-04T09:00:00</Created>
                </TaskNode>
                <TaskNode Caption="14:54 - 15:19 CA Theorems">
                  <Created>2021-07-04T09:00:00</Created>
                </TaskNode>
              </TaskNode>
              <TaskNode Caption="TUESDAY ( 4 )">
                <Created>2021-07-04T09:00:00</Created>
                <TaskNode Caption="11:20 - 11:45 Riemann Surfaces">
                  <Created>2021-07-04T09:00:00</Created>
                </TaskNode>
                <TaskNode Caption="13:55 - 14:20 Planning Freitag Busam 4">
                  <Created>2021-07-04T09:00:00</Created>
                </TaskNode>
                <TaskNode Caption="18:00 - 18:25 Planning Freitag Busam 4">
                  <Created>2021-07-04T09:00:00</Created>
                </TaskNode>
                <TaskNode Caption="18:30 - 18:55 Planning Freitag Busam 4">
                  <Created>2021-07-04T09:00:00</Created>
                </TaskNode>
              </TaskNode>
              <TaskNode Caption="WEDNESDAY ( 6 )">
                <Created>2021-07-04T09:00:00</Created>
                <TaskNode Caption="10:10 - 10:35 FBu Prop. IV 1.1">
                  <Created>2021-07-04T09:00:00</Created>
                </TaskNode>
                <TaskNode Caption="10:41 - 11:06 FBu Prop. IV 1.1 Derivative Gamma">
                  <Created>2021-07-04T09:00:00</Created>
                </TaskNode>
                <TaskNode Caption="11:20 - 11:45 FBU Prop. IV 1.1 Gamma Fnc Eqn">
                  <Created>2021-07-04T09:00:00</Created>
                </TaskNode>
                <TaskNode Caption="12:02 - 12:27 FBU Prop. IV 1.1 Gamma">
                  <Created>2021-07-04T09:00:00</Created>
                </TaskNode>
                <TaskNode Caption="14:56 - 15:21 FBU Exercise 1 / Infinite Products">
                  <Created>2021-07-04T09:00:00</Created>
                </TaskNode>
                <TaskNode Caption="15:23 -  15:48 Ask MMa question about ForAll">
                  <Created>2021-07-04T09:00:00</Created>
                </TaskNode>
              </TaskNode>
              <TaskNode Caption="THURSDAY ( 6 )">
                <Created>2021-07-04T09:00:00</Created>
                <TaskNode Caption="09:44 - 10:09 Gamma Identities">
                  <Created>2021-07-04T09:00:00</Created>
                </TaskNode>
                <TaskNode Caption="10:26 - 10:51 Zeta Function">
                  <Created>2021-07-04T09:00:00</Created>
                </TaskNode>
                <TaskNode Caption="10:52 - 11:17 Identity Theorem">
                  <Created>2021-07-04T09:00:00</Created>
                </TaskNode>
                <TaskNode Caption="11:30 - 11:55 Analytic Continuation">
                  <Created>2021-07-04T09:00:00</Created>
                </TaskNode>
                <TaskNode Caption="12:15 - 12:40 Analytic Continuation">
                  <Created>2021-07-04T09:00:00</Created>
                </TaskNode>
                <TaskNode Caption="12:41 - 13:06 Revise Convergence Tests">
                  <Created>2021-07-04T09:00:00</Created>
                </TaskNode>
              </TaskNode>
              <TaskNode Caption="FRIDAY ( 2 )">
                <Created>2021-07-04T09:00:00</Created>
                <TaskNode Caption="10:10 - 10:35 M337 B4">
                  <Created>2021-07-04T09:00:00</Created>
                </TaskNode>
                <TaskNode Caption="10:40 - 11:05 Gamma / HyperGeometric">
                  <Created>2021-07-04T09:00:00</Created>
                </TaskNode>
              </TaskNode>
              <TaskNode Caption="SATURDAY ( 0 )">
                <CustomFormat>
                  <Bold>1</Bold>
                  <FontColor>255</FontColor>
                </CustomFormat>
                <Created>2021-07-04T09:00:00</Created>
              </TaskNode>
              <TaskNode Caption="SUNDAY ( 0 )">
                <CustomFormat>
                  <Bold>1</Bold>
                  <FontColor>255</FontColor>
                </CustomFormat>
                <Created>2021-07-04T09:00:00</Created>
              </TaskNode>
            </TaskNode>
            <TaskNode Caption="WEEK-10: 8/3 ( 3 )">
              <Created>2021-07-04T09:00:00</Created>
              <TaskNode Caption="MONDAY ( 0 )">
                <CustomFormat>
                  <Bold>1</Bold>
                  <FontColor>255</FontColor>
                </CustomFormat>
                <Created>2021-07-04T09:00:00</Created>
              </TaskNode>
              <TaskNode Caption="TUESDAY ( 1 )">
                <Created>2021-07-04T09:00:00</Created>
                <TaskNode Caption="10:15 - 10:40 M337 C1 Residues ">
                  <Created>2021-07-04T09:00:00</Created>
                </TaskNode>
              </TaskNode>
              <TaskNode Caption="WEDNESDAY ( 0 )">
                <CustomFormat>
                  <Bold>1</Bold>
                  <FontColor>255</FontColor>
                </CustomFormat>
                <Created>2021-07-04T09:00:00</Created>
              </TaskNode>
              <TaskNode Caption="THURSDAY ( 0 )">
                <CustomFormat>
                  <Bold>1</Bold>
                  <FontColor>255</FontColor>
                </CustomFormat>
                <Created>2021-07-04T09:00:00</Created>
              </TaskNode>
              <TaskNode Caption="FRIDAY ( 1 )">
                <Created>2021-07-04T09:00:00</Created>
                <TaskNode Caption="20:10 - 20:35 Eisenstein Series">
                  <Created>2021-07-04T09:00:00</Created>
                </TaskNode>
              </TaskNode>
              <TaskNode Caption="SATURDAY ( 1 )">
                <Created>2021-07-04T09:00:00</Created>
                <TaskNode Caption="13:16 - 13:41 Eisenstein Series">
                  <Created>2021-07-04T09:00:00</Created>
                </TaskNode>
              </TaskNode>
              <TaskNode Caption="SUNDAY ( 0 )">
                <CustomFormat>
                  <Bold>1</Bold>
                  <FontColor>255</FontColor>
                </CustomFormat>
                <Created>2021-07-04T09:00:00</Created>
              </TaskNode>
            </TaskNode>
            <TaskNode Caption="WEEK-11: 15/3 ( 21 )">
              <Created>2021-07-04T09:00:00</Created>
              <TaskNode Caption="MONDAY ( 10 )">
                <Created>2021-07-04T09:00:00</Created>
                <TaskNode Caption="PLAN">
                  <Created>2021-07-04T09:00:00</Created>
                  <TaskNode Caption="TBD-1">
                    <Created>2021-07-04T09:00:00</Created>
                  </TaskNode>
                  <TaskNode Caption="TBD-2">
                    <Created>2021-07-04T09:00:00</Created>
                  </TaskNode>
                  <TaskNode Caption="TBD-3">
                    <Created>2021-07-04T09:00:00</Created>
                  </TaskNode>
                  <TaskNode Caption="Elliptic Functions ( 1.4 )">
                    <Created>2021-07-04T09:00:00</Created>
                  </TaskNode>
                  <TaskNode Caption="Elliptic Functions ( 1.5 )">
                    <Created>2021-07-04T09:00:00</Created>
                  </TaskNode>
                  <TaskNode Caption="Elliptic Functions ( 1.6 )">
                    <Created>2021-07-04T09:00:00</Created>
                  </TaskNode>
                  <TaskNode Caption="Elliptic Functions ( 1.7 )">
                    <Created>2021-07-04T09:00:00</Created>
                  </TaskNode>
                  <TaskNode Caption="Elliptic Functions ( 1.8 )">
                    <Created>2021-07-04T09:00:00</Created>
                  </TaskNode>
                  <TaskNode Caption="Exercises 1.12: 1A">
                    <Created>2021-07-04T09:00:00</Created>
                  </TaskNode>
                  <TaskNode Caption="Eval / Plan">
                    <Created>2021-07-04T09:00:00</Created>
                  </TaskNode>
                </TaskNode>
                <TaskNode Caption="09:29 - 09:54 TBD-1, TBD-2, TBD-3">
                  <Created>2021-07-04T09:00:00</Created>
                </TaskNode>
                <TaskNode Caption="10:09 - 10:34 TBD-3">
                  <Created>2021-07-04T09:00:00</Created>
                </TaskNode>
                <TaskNode Caption="10:35 - 11:00 1.4, 1.5">
                  <Created>2021-07-04T09:00:00</Created>
                </TaskNode>
                <TaskNode Caption="11:02 - 11:27 1.6, 1.7">
                  <Created>2021-07-04T09:00:00</Created>
                </TaskNode>
                <TaskNode Caption="11:32 - 11:57 1.8">
                  <Created>2021-07-04T09:00:00</Created>
                </TaskNode>
                <TaskNode Caption="13:34 - 13:59 Exercise 1.12 1A">
                  <Created>2021-07-04T09:00:00</Created>
                </TaskNode>
                <TaskNode Caption="14:02 - 14:27 Exercise 1.12 1A">
                  <Created>2021-07-04T09:00:00</Created>
                </TaskNode>
                <TaskNode Caption="14:30 - 14:55 Exercise 1.12 1A">
                  <Created>2021-07-04T09:00:00</Created>
                </TaskNode>
                <TaskNode Caption="15:00 - 15:25 Exercise 1.12 1B">
                  <Created>2021-07-04T09:00:00</Created>
                </TaskNode>
                <TaskNode Caption="15:33 - 15:58 Planning">
                  <Created>2021-07-04T09:00:00</Created>
                </TaskNode>
              </TaskNode>
              <TaskNode Caption="TUESDAY ( 6 )">
                <Created>2021-07-04T09:00:00</Created>
                <TaskNode Caption="09:25 - 09:50 Riemann J(x)">
                  <Created>2021-07-04T09:00:00</Created>
                </TaskNode>
                <TaskNode Caption="10:02 - 10:27 Riemann J(x)">
                  <Created>2021-07-04T09:00:00</Created>
                </TaskNode>
                <TaskNode Caption="10:34 - 10:59 Riemann J(x)">
                  <Created>2021-07-04T09:00:00</Created>
                </TaskNode>
                <TaskNode Caption="11:03 - 11:28 Riemann J(x)">
                  <Created>2021-07-04T09:00:00</Created>
                </TaskNode>
                <TaskNode Caption="11:35 - 12:00 The Explicit Formula">
                  <Created>2021-07-04T09:00:00</Created>
                </TaskNode>
                <TaskNode Caption="15:27 - 15:52 Graphs eisensteinSeries[2,z]">
                  <Created>2021-07-04T09:00:00</Created>
                </TaskNode>
              </TaskNode>
              <TaskNode Caption="WEDNESDAY ( 5 )">
                <Created>2021-07-04T09:00:00</Created>
                <TaskNode Caption="PLAN">
                  <CustomFormat>
                    <Bold>1</Bold>
                    <FontColor>13929812</FontColor>
                  </CustomFormat>
                  <Created>2021-07-04T09:00:00</Created>
                  <TaskNode Caption="Elliptic Functions ( 1.9 )">
                    <CustomFormat>
                      <FontColor>13929812</FontColor>
                    </CustomFormat>
                    <Created>2021-07-04T09:00:00</Created>
                  </TaskNode>
                  <TaskNode Caption="Elliptic Functions ( 1.10 )">
                    <CustomFormat>
                      <FontColor>13929812</FontColor>
                    </CustomFormat>
                    <Created>2021-07-04T09:00:00</Created>
                  </TaskNode>
                  <TaskNode Caption="Elliptic Functions ( 1.11 )">
                    <CustomFormat>
                      <FontColor>13929812</FontColor>
                    </CustomFormat>
                    <Created>2021-07-04T09:00:00</Created>
                  </TaskNode>
                  <TaskNode Caption="Elliptic Functions ( 1.12 )">
                    <CustomFormat>
                      <FontColor>13929812</FontColor>
                    </CustomFormat>
                    <Created>2021-07-04T09:00:00</Created>
                  </TaskNode>
                  <TaskNode Caption="Elliptic Functions ( 1.13 )">
                    <CustomFormat>
                      <FontColor>13929812</FontColor>
                    </CustomFormat>
                    <Created>2021-07-04T09:00:00</Created>
                  </TaskNode>
                  <TaskNode Caption="Elliptic Functions ( 1.14 )">
                    <CustomFormat>
                      <FontColor>13929812</FontColor>
                    </CustomFormat>
                    <Created>2021-07-04T09:00:00</Created>
                  </TaskNode>
                  <TaskNode Caption="Elliptic Functions ( 1.15 )">
                    <CustomFormat>
                      <FontColor>13929812</FontColor>
                    </CustomFormat>
                    <Created>2021-07-04T09:00:00</Created>
                  </TaskNode>
                </TaskNode>
                <TaskNode Caption="09:34 - 09:59 Scan 1.2 Addition Formulae">
                  <Created>2021-07-04T09:00:00</Created>
                </TaskNode>
                <TaskNode Caption="10:15 - 10:40 Formules -&gt; MMa">
                  <Created>2021-07-04T09:00:00</Created>
                </TaskNode>
                <TaskNode Caption="11:09 - 11:34 Infinite Products">
                  <Created>2021-07-04T09:00:00</Created>
                </TaskNode>
                <TaskNode Caption="11:44 - 12:09 Infinite Products">
                  <Created>2021-07-04T09:00:00</Created>
                </TaskNode>
                <TaskNode Caption="12:12 - 12:37 Infinite Products">
                  <Created>2021-07-04T09:00:00</Created>
                </TaskNode>
              </TaskNode>
              <TaskNode Caption="THURSDAY ( 0 )">
                <CustomFormat>
                  <Bold>1</Bold>
                  <FontColor>255</FontColor>
                </CustomFormat>
                <Created>2021-07-04T09:00:00</Created>
              </TaskNode>
              <TaskNode Caption="FRIDAY ( 0 )">
                <CustomFormat>
                  <Bold>1</Bold>
                  <FontColor>255</FontColor>
                </CustomFormat>
                <Created>2021-07-04T09:00:00</Created>
              </TaskNode>
              <TaskNode Caption="SATURDAY ( 0 )">
                <CustomFormat>
                  <Bold>1</Bold>
                  <FontColor>255</FontColor>
                </CustomFormat>
                <Created>2021-07-04T09:00:00</Created>
              </TaskNode>
              <TaskNode Caption="SUNDAY ( 0 )">
                <CustomFormat>
                  <Bold>1</Bold>
                  <FontColor>255</FontColor>
                </CustomFormat>
                <Created>2021-07-04T09:00:00</Created>
              </TaskNode>
            </TaskNode>
            <TaskNode Caption="WEEK-12: 22/3 ( 22 )">
              <Created>2021-07-04T09:00:00</Created>
              <TaskNode Caption="MONDAY ( 6 )">
                <Created>2021-07-04T09:00:00</Created>
                <TaskNode Caption="09:58 - 10:23 Elliptic Functions 1.16, 1.17">
                  <Created>2021-07-04T09:00:00</Created>
                </TaskNode>
                <TaskNode Caption="10:25 - 10:50 Elliptic Functions 1.18,19,20,21">
                  <Created>2021-07-04T09:00:00</Created>
                </TaskNode>
                <TaskNode Caption="10:56 - 11:21 Elliptic Functions 1.22">
                  <Created>2021-07-04T09:00:00</Created>
                </TaskNode>
                <TaskNode Caption="11:37 - 12:02 Scanning">
                  <Created>2021-07-04T09:00:00</Created>
                </TaskNode>
                <TaskNode Caption="12:12 - 12:37 Scanning">
                  <Created>2021-07-04T09:00:00</Created>
                </TaskNode>
                <TaskNode Caption="12:41 - 13:06 Scanning Chapter 2">
                  <Created>2021-07-04T09:00:00</Created>
                </TaskNode>
              </TaskNode>
              <TaskNode Caption="TUESDAY ( 6 )">
                <Created>2021-07-04T09:00:00</Created>
                <TaskNode Caption="10:44 - 11:09 Scanning">
                  <Created>2021-07-04T09:00:00</Created>
                </TaskNode>
                <TaskNode Caption="11:10 - 11:35 Torus as C / Lattice">
                  <Note>Equivalent points in different regions map to the same point on the torus.
</Note>
                  <Created>2021-07-04T09:00:00</Created>
                </TaskNode>
                <TaskNode Caption="13:41 - 14:06 Scanning Complex Functions Alg Geo Viewpoint">
                  <Created>2021-07-04T09:00:00</Created>
                </TaskNode>
                <TaskNode Caption="14:12 - 14:37 Scanning Complex Functions Alg Geo Viewpoint">
                  <Created>2021-07-04T09:00:00</Created>
                </TaskNode>
                <TaskNode Caption="14:55 - 15:20 Elliptic Functions Weierstrass p">
                  <Created>2021-07-04T09:00:00</Created>
                </TaskNode>
                <TaskNode Caption="18:15 - 18:40 Elliptic Functions Eval">
                  <Created>2021-07-04T09:00:00</Created>
                </TaskNode>
              </TaskNode>
              <TaskNode Caption="WEDNESDAY ( 6 )">
                <Created>2021-07-04T09:00:00</Created>
                <TaskNode Caption="10:08 - 10:33 Borcherds Video">
                  <Created>2021-07-04T09:00:00</Created>
                </TaskNode>
                <TaskNode Caption="10:35 - 11:00 Borcherds Video">
                  <Created>2021-07-04T09:00:00</Created>
                </TaskNode>
                <TaskNode Caption="11:01 - 11:26 Borcherds Video">
                  <Created>2021-07-04T09:00:00</Created>
                </TaskNode>
                <TaskNode Caption="11:28 - 11:53 Borcherds Video">
                  <Created>2021-07-04T09:00:00</Created>
                </TaskNode>
                <TaskNode Caption="18:36 - 19:01 MMa Project">
                  <Created>2021-07-04T09:00:00</Created>
                </TaskNode>
                <TaskNode Caption="19:15 - 19:40 MMa NBK Reorg Planning">
                  <Created>2021-07-04T09:00:00</Created>
                </TaskNode>
              </TaskNode>
              <TaskNode Caption="THURSDAY ( 3 )">
                <Created>2021-07-04T09:00:00</Created>
                <TaskNode Caption="10:03 - 10:28 Borcherds Modular Form video">
                  <Created>2021-07-04T09:00:00</Created>
                </TaskNode>
                <TaskNode Caption="10:35 - 11:00 Graphics Logo">
                  <Created>2021-07-04T09:00:00</Created>
                </TaskNode>
                <TaskNode Caption="11:05 - 11:30 Graphics Logo Done">
                  <Created>2021-07-04T09:00:00</Created>
                </TaskNode>
              </TaskNode>
              <TaskNode Caption="FRIDAY ( 0 )">
                <CustomFormat>
                  <Bold>1</Bold>
                  <FontColor>255</FontColor>
                </CustomFormat>
                <Created>2021-07-04T09:00:00</Created>
              </TaskNode>
              <TaskNode Caption="SATURDAY ( 1 )">
                <Created>2021-07-04T09:00:00</Created>
                <TaskNode Caption="12:34 - 12:59 Planning / Reorganize Nbk's">
                  <Created>2021-07-04T09:00:00</Created>
                </TaskNode>
              </TaskNode>
              <TaskNode Caption="SUNDAY ( 0 )">
                <CustomFormat>
                  <Bold>1</Bold>
                  <FontColor>255</FontColor>
                </CustomFormat>
                <Created>2021-07-04T09:00:00</Created>
              </TaskNode>
            </TaskNode>
            <TaskNode Caption="WEEK-13: 29/3 ( 23 )">
              <Created>2021-07-04T09:00:00</Created>
              <TaskNode Caption="MONDAY ( 8 )">
                <Created>2021-07-04T09:00:00</Created>
                <TaskNode Caption="PLAN">
                  <Created>2021-07-04T09:00:00</Created>
                  <TaskNode Caption="Setup Notebook for Apostol 2">
                    <Created>2021-07-04T09:00:00</Created>
                  </TaskNode>
                  <TaskNode Caption="Setup Notebook for Apostol 2">
                    <Created>2021-07-04T09:00:00</Created>
                  </TaskNode>
                </TaskNode>
                <TaskNode Caption="09:50 - 10:15 Setup Nbk">
                  <Created>2021-07-04T09:00:00</Created>
                </TaskNode>
                <TaskNode Caption="10:29 - 10:54 Borcherds Weierstrass P video">
                  <Created>2021-07-04T09:00:00</Created>
                </TaskNode>
                <TaskNode Caption="11:26 - 11:51 Borcherds Weierstrass P video">
                  <Created>2021-07-04T09:00:00</Created>
                </TaskNode>
                <TaskNode Caption="11:52 - 12:17 Borcherds Weierstrass P video">
                  <Created>2021-07-04T09:00:00</Created>
                </TaskNode>
                <TaskNode Caption="12:24 - 12:49 Scanning Weierstrass P functions">
                  <Created>2021-07-04T09:00:00</Created>
                </TaskNode>
                <TaskNode Caption="13:07 - 13:32 Scanning Weierstrass P functions">
                  <Created>2021-07-04T09:00:00</Created>
                </TaskNode>
                <TaskNode Caption="13:48 - 14:13 Scanning Weierstrass P functions">
                  <Created>2021-07-04T09:00:00</Created>
                </TaskNode>
                <TaskNode Caption="14:15 - 14:40 Scanning Elliptic Functions">
                  <Created>2021-07-04T09:00:00</Created>
                </TaskNode>
              </TaskNode>
              <TaskNode Caption="TUESDAY ( 5 )">
                <Created>2021-07-04T09:00:00</Created>
                <TaskNode Caption="10:31 - 10:56 Weierstrass P MMa">
                  <Created>2021-07-04T09:00:00</Created>
                </TaskNode>
                <TaskNode Caption="11:20 - 11:45 How to Calc Weierstrass P">
                  <Created>2021-07-04T09:00:00</Created>
                </TaskNode>
                <TaskNode Caption="11:50 - 12:15 Video Borcherds">
                  <Created>2021-07-04T09:00:00</Created>
                </TaskNode>
                <TaskNode Caption="12:39 - 13:04 Eisenstein Series">
                  <Created>2021-07-04T09:00:00</Created>
                </TaskNode>
                <TaskNode Caption="15:45 - 16:10 Planning">
                  <Created>2021-07-04T09:00:00</Created>
                </TaskNode>
              </TaskNode>
              <TaskNode Caption="WEDNESDAY ( 4 )">
                <Created>2021-07-04T09:00:00</Created>
                <TaskNode Caption="10:11 - 10:36 Classification Elliptic Functions">
                  <Created>2021-07-04T09:00:00</Created>
                </TaskNode>
                <TaskNode Caption="10:43 - 11:08 Exc. Apostol 2 Ch.1 - 9">
                  <Created>2021-07-04T09:00:00</Created>
                </TaskNode>
                <TaskNode Caption="11:10 - 11:35 Exc. Apostol 2 Ch.1 - 9">
                  <Created>2021-07-04T09:00:00</Created>
                </TaskNode>
                <TaskNode Caption="11:42 - 12:07 Exc. Apostol 2 Ch.1 - 9">
                  <Created>2021-07-04T09:00:00</Created>
                </TaskNode>
              </TaskNode>
              <TaskNode Caption="THURSDAY ( 4 )">
                <Created>2021-07-04T09:00:00</Created>
                <TaskNode Caption="09:53 - 10:18 Lezen FBu Ch. 5">
                  <Created>2021-07-04T09:00:00</Created>
                </TaskNode>
                <TaskNode Caption="10:22 - 10:47 Lezen FBu Ch. 5">
                  <Created>2021-07-04T09:00:00</Created>
                </TaskNode>
                <TaskNode Caption="10:50 - 11:15 Lezen FBu Ch. 5">
                  <Created>2021-07-04T09:00:00</Created>
                </TaskNode>
                <TaskNode Caption="11:29 - 11:54 Lezen FBu Ch. 5">
                  <Created>2021-07-04T09:00:00</Created>
                </TaskNode>
              </TaskNode>
              <TaskNode Caption="FRIDAY ( 2 )">
                <Created>2021-07-04T09:00:00</Created>
                <TaskNode Caption="10:50 - 11:15 Weierstrass P Calc">
                  <Created>2021-07-04T09:00:00</Created>
                </TaskNode>
                <TaskNode Caption="11:30 - 11:55 Weierstrass P Calc">
                  <Created>2021-07-04T09:00:00</Created>
                </TaskNode>
              </TaskNode>
              <TaskNode Caption="SATURDAY ( 0 )">
                <CustomFormat>
                  <Bold>1</Bold>
                  <FontColor>255</FontColor>
                </CustomFormat>
                <Created>2021-07-04T09:00:00</Created>
              </TaskNode>
              <TaskNode Caption="SUNDAY ( 0 )">
                <CustomFormat>
                  <Bold>1</Bold>
                  <FontColor>255</FontColor>
                </CustomFormat>
                <Created>2021-07-04T09:00:00</Created>
              </TaskNode>
            </TaskNode>
          </TaskNode>
          <TaskNode Caption="APRIL">
            <Created>2021-07-04T09:00:00</Created>
            <TaskNode Caption="WEEK-14: 5/4 ( 15 )">
              <Created>2021-07-04T09:00:00</Created>
              <TaskNode Caption="MONDAY ( 0 )">
                <CustomFormat>
                  <Bold>1</Bold>
                  <FontColor>255</FontColor>
                </CustomFormat>
                <Created>2021-07-04T09:00:00</Created>
              </TaskNode>
              <TaskNode Caption="TUESDAY ( 8 )">
                <Created>2021-07-04T09:00:00</Created>
                <TaskNode Caption="10:04 -10:29 Maximum Principle">
                  <Created>2021-07-04T09:00:00</Created>
                </TaskNode>
                <TaskNode Caption="10:38 - 11:03 Liouville Theorem">
                  <Created>2021-07-04T09:00:00</Created>
                </TaskNode>
                <TaskNode Caption="11:09 - 11:35 Liouville Theorem">
                  <Created>2021-07-04T09:00:00</Created>
                </TaskNode>
                <TaskNode Caption="11:37 - 11:52 Liouville Theorem">
                  <Created>2021-07-04T09:00:00</Created>
                </TaskNode>
                <TaskNode Caption="12:01 - 12:26 2nd Liouville Theorem">
                  <Created>2021-07-04T09:00:00</Created>
                </TaskNode>
                <TaskNode Caption="13:03 - 13:28 2nd Liouville Theorem">
                  <Created>2021-07-04T09:00:00</Created>
                </TaskNode>
                <TaskNode Caption="15:37 - 16:02 Singularities">
                  <Created>2021-07-04T09:00:00</Created>
                </TaskNode>
                <TaskNode Caption="16:04 - 16:29 Singularities / Laurent Series">
                  <Created>2021-07-04T09:00:00</Created>
                </TaskNode>
              </TaskNode>
              <TaskNode Caption="WEDNESDAY ( 5 )">
                <Created>2021-07-04T09:00:00</Created>
                <TaskNode Caption="09:59 - 10:24 Singularities">
                  <Created>2021-07-04T09:00:00</Created>
                </TaskNode>
                <TaskNode Caption="10:35 - 11:00 2nd Liouville Theorem">
                  <Created>2021-07-04T09:00:00</Created>
                </TaskNode>
                <TaskNode Caption="11:05 - 11:30 Study 3rd Liouville Theorem">
                  <Created>2021-07-04T09:00:00</Created>
                </TaskNode>
                <TaskNode Caption="11:37 - 12:02 Scanning Further">
                  <Created>2021-07-04T09:00:00</Created>
                </TaskNode>
                <TaskNode Caption="13:19 - 13:44 Planning">
                  <Created>2021-07-04T09:00:00</Created>
                </TaskNode>
              </TaskNode>
              <TaskNode Caption="THURSDAY ( 0 )">
                <CustomFormat>
                  <Bold>1</Bold>
                  <FontColor>255</FontColor>
                </CustomFormat>
                <Created>2021-07-04T09:00:00</Created>
              </TaskNode>
              <TaskNode Caption="FRIDAY ( 2 )">
                <Created>2021-07-04T09:00:00</Created>
                <TaskNode Caption="13:11 - 13:36 Laurent Series">
                  <Created>2021-07-04T09:00:00</Created>
                </TaskNode>
                <TaskNode Caption="13:40 - 14:05 Laurent Series">
                  <Created>2021-07-04T09:00:00</Created>
                </TaskNode>
              </TaskNode>
              <TaskNode Caption="SATURDAY ( 0 )">
                <CustomFormat>
                  <Bold>1</Bold>
                  <FontColor>255</FontColor>
                </CustomFormat>
                <Created>2021-07-04T09:00:00</Created>
              </TaskNode>
              <TaskNode Caption="SUNDAY ( 0 )">
                <CustomFormat>
                  <Bold>1</Bold>
                  <FontColor>255</FontColor>
                </CustomFormat>
                <Created>2021-07-04T09:00:00</Created>
              </TaskNode>
            </TaskNode>
            <TaskNode Caption="WEEK-15: 12/4 ( 18 )">
              <Created>2021-07-04T09:00:00</Created>
              <TaskNode Caption="MONDAY ( 4 )">
                <Created>2021-07-04T09:00:00</Created>
                <TaskNode Caption="10:24 - 10:49 Laurent Series Revision">
                  <Created>2021-07-04T09:00:00</Created>
                </TaskNode>
                <TaskNode Caption="11:15 - 11:40 Scanning ; Back To Elliptic Functions">
                  <Created>2021-07-04T09:00:00</Created>
                </TaskNode>
                <TaskNode Caption="11:50 - 12:15 Scanning For: Bouw Parallellogram =&gt; Torus">
                  <Created>2021-07-04T09:00:00</Created>
                </TaskNode>
                <TaskNode Caption="14:54 - 15:19 Weierstrass P function">
                  <Created>2021-07-04T09:00:00</Created>
                </TaskNode>
              </TaskNode>
              <TaskNode Caption="TUESDAY ( 2 )">
                <Created>2021-07-04T09:00:00</Created>
                <TaskNode Caption="11:10 - 11:35 Scanning / Planning">
                  <Created>2021-07-04T09:00:00</Created>
                </TaskNode>
                <TaskNode Caption="12:00 - 12:25 Scanning / Planning">
                  <Created>2021-07-04T09:00:00</Created>
                </TaskNode>
              </TaskNode>
              <TaskNode Caption="WEDNESDAY ( 6 )">
                <Created>2021-07-04T09:00:00</Created>
                <TaskNode Caption="11:02 - 11:27 Exc. AMFDS 1.1">
                  <Created>2021-07-04T09:00:00</Created>
                </TaskNode>
                <TaskNode Caption="11:41 - 12:06 Exc. AMFDS 1.1">
                  <Created>2021-07-04T09:00:00</Created>
                </TaskNode>
                <TaskNode Caption="12:28 - 12:53 Exc. AMFDS 1.1">
                  <Created>2021-07-04T09:00:00</Created>
                </TaskNode>
                <TaskNode Caption="13:11 - 13:36 Exc. AMFDS 1.1">
                  <Created>2021-07-04T09:00:00</Created>
                </TaskNode>
                <TaskNode Caption="14:57 - 15:22 Exc. AMFDS 1.1">
                  <Created>2021-07-04T09:00:00</Created>
                </TaskNode>
                <TaskNode Caption="15:39 - 16:04 Exc. AMFDS 1.1">
                  <Created>2021-07-04T09:00:00</Created>
                </TaskNode>
              </TaskNode>
              <TaskNode Caption="THURSDAY ( 4 )">
                <Created>2021-07-04T09:00:00</Created>
                <TaskNode Caption="10:11 - 10:36 Bouw Pagm &lt;-&gt;Torus">
                  <Created>2021-07-04T09:00:00</Created>
                </TaskNode>
                <TaskNode Caption="10:58 - 11:23 Bouw Pagm &lt;-&gt;Torus">
                  <Created>2021-07-04T09:00:00</Created>
                </TaskNode>
                <TaskNode Caption="11:33 - 11:58 Bouw Pagm &lt;-&gt;Torus">
                  <Created>2021-07-04T09:00:00</Created>
                </TaskNode>
                <TaskNode Caption="15:38 - 16:03 Bouw Pagm &lt;-&gt;Torus">
                  <Created>2021-07-04T09:00:00</Created>
                </TaskNode>
              </TaskNode>
              <TaskNode Caption="FRIDAY ( 2 )">
                <Created>2021-07-04T09:00:00</Created>
                <TaskNode Caption="10:32 - 10:57 Exc. AMFDS 1.1">
                  <Created>2021-07-04T09:00:00</Created>
                </TaskNode>
                <TaskNode Caption="11:03 - 11:28 Exc. AMFDS 1.1">
                  <Created>2021-07-04T09:00:00</Created>
                </TaskNode>
              </TaskNode>
              <TaskNode Caption="SATURDAY ( 0 )">
                <CustomFormat>
                  <Bold>1</Bold>
                  <FontColor>255</FontColor>
                </CustomFormat>
                <Created>2021-07-04T09:00:00</Created>
              </TaskNode>
              <TaskNode Caption="SUNDAY ( 0 )">
                <CustomFormat>
                  <Bold>1</Bold>
                  <FontColor>255</FontColor>
                </CustomFormat>
                <Created>2021-07-04T09:00:00</Created>
              </TaskNode>
            </TaskNode>
            <TaskNode Caption="WEEK-16: 19/4 ( 15 )">
              <Created>2021-07-04T09:00:00</Created>
              <TaskNode Caption="MONDAY ( 7 )">
                <Created>2021-07-04T09:00:00</Created>
                <TaskNode Caption="10:24 - 10:49 Exc. Apostol 2 Ch. 1-1">
                  <Created>2021-07-04T09:00:00</Created>
                </TaskNode>
                <TaskNode Caption="11:12 - 11:37 Exc. Apostol 2 Ch. 1-1">
                  <Created>2021-07-04T09:00:00</Created>
                </TaskNode>
                <TaskNode Caption="11:41 - 12:06 Exc. Apostol 2 Ch. 1-1">
                  <Created>2021-07-04T09:00:00</Created>
                </TaskNode>
                <TaskNode Caption="12:13 - 12:38 Exc. Apostol 2 Ch. 1-1">
                  <Created>2021-07-04T09:00:00</Created>
                </TaskNode>
                <TaskNode Caption="12:50 - 13:15 Exc. Apostol 2 Ch. 1-1">
                  <Created>2021-07-04T09:00:00</Created>
                </TaskNode>
                <TaskNode Caption="15:28 - 15:53 Exc. Apostol 2 Ch. 1-1">
                  <Created>2021-07-04T09:00:00</Created>
                </TaskNode>
                <TaskNode Caption="16:55 - 17:20 Exc. Apostol 2 Ch. 1-1">
                  <Created>2021-07-04T09:00:00</Created>
                </TaskNode>
              </TaskNode>
              <TaskNode Caption="TUESDAY ( 4 )">
                <Created>2021-07-04T09:00:00</Created>
                <TaskNode Caption="10:05 - 10:30 Exc. Apostol 2 Ch. 1-1">
                  <Created>2021-07-04T09:00:00</Created>
                </TaskNode>
                <TaskNode Caption="10:40 - 11:05 Exc. Apostol 2 Ch. 1-1 DONE">
                  <Created>2021-07-04T09:00:00</Created>
                </TaskNode>
                <TaskNode Caption="11:55 - 12:20 Exc. Apostol 2 Ch. 1-2">
                  <Created>2021-07-04T09:00:00</Created>
                </TaskNode>
                <TaskNode Caption="14:50 - 15:15 Exc. Apostol 2 Ch. 1-2">
                  <Created>2021-07-04T09:00:00</Created>
                </TaskNode>
              </TaskNode>
              <TaskNode Caption="WEDNESDAY ( 1 )">
                <Created>2021-07-04T09:00:00</Created>
                <TaskNode Caption="10:26 - 10:51 Exc. Apostol 2 Ch. 1-2">
                  <Created>2021-07-04T09:00:00</Created>
                </TaskNode>
              </TaskNode>
              <TaskNode Caption="THURSDAY ( 0 )">
                <CustomFormat>
                  <Bold>1</Bold>
                  <FontColor>255</FontColor>
                </CustomFormat>
                <Created>2021-07-04T09:00:00</Created>
              </TaskNode>
              <TaskNode Caption="FRIDAY ( 0 )">
                <CustomFormat>
                  <Bold>1</Bold>
                  <FontColor>255</FontColor>
                </CustomFormat>
                <Created>2021-07-04T09:00:00</Created>
              </TaskNode>
              <TaskNode Caption="SATURDAY ( 2 )">
                <Created>2021-07-04T09:00:00</Created>
                <TaskNode Caption="12:51 - 13:16 Calibre">
                  <Created>2021-07-04T09:00:00</Created>
                </TaskNode>
                <TaskNode Caption="13:24 - 13:49 Calibre">
                  <Created>2021-07-04T09:00:00</Created>
                </TaskNode>
              </TaskNode>
              <TaskNode Caption="SUNDAY ( 1 )">
                <Created>2021-07-04T09:00:00</Created>
                <TaskNode Caption="18:00 - 18:25 Calibre">
                  <Created>2021-07-04T09:00:00</Created>
                </TaskNode>
              </TaskNode>
            </TaskNode>
            <TaskNode Caption="WEEK-17: 26/4 ( 33 )">
              <Created>2021-07-04T09:00:00</Created>
              <TaskNode Caption="MONDAY ( 7 )">
                <Created>2021-07-04T09:00:00</Created>
                <TaskNode Caption="11:23 - 11:48 Calibre">
                  <Created>2021-07-04T09:00:00</Created>
                </TaskNode>
                <TaskNode Caption="12:04 - 12:29 Exc. Apostol 2 Ch. 1-2">
                  <Created>2021-07-04T09:00:00</Created>
                </TaskNode>
                <TaskNode Caption="12:39 - 13:04 Exc. Apostol 2 Ch. 1-2">
                  <Created>2021-07-04T09:00:00</Created>
                </TaskNode>
                <TaskNode Caption="13:24 - 13:49 Scan Residues">
                  <Created>2021-07-04T09:00:00</Created>
                </TaskNode>
                <TaskNode Caption="14:22 - 14:47 Residue Theorem">
                  <Created>2021-07-04T09:00:00</Created>
                </TaskNode>
                <TaskNode Caption="17:44 - 18:09 Review Elliptic Functions">
                  <Created>2021-07-04T09:00:00</Created>
                </TaskNode>
                <TaskNode Caption="18:19 - 18:44 Review Elliptic Functions">
                  <Created>2021-07-04T09:00:00</Created>
                </TaskNode>
              </TaskNode>
              <TaskNode Caption="TUESDAY ( 6 )">
                <Created>2021-07-04T09:00:00</Created>
                <TaskNode Caption="10:40 - 11:05 Scan Elliptic Functions">
                  <Created>2021-07-04T09:00:00</Created>
                </TaskNode>
                <TaskNode Caption="11:11 - 11:36 Revision Residues">
                  <Created>2021-07-04T09:00:00</Created>
                </TaskNode>
                <TaskNode Caption="11:51 - 12:16 Revision Residues">
                  <Created>2021-07-04T09:00:00</Created>
                </TaskNode>
                <TaskNode Caption="12:24 - 12:49 Scan Elliptic Functions">
                  <Created>2021-07-04T09:00:00</Created>
                </TaskNode>
                <TaskNode Caption="14:09 - 14:34 Scan Elliptic Functions">
                  <Created>2021-07-04T09:00:00</Created>
                </TaskNode>
                <TaskNode Caption="14:38 - 15:03 Scan Elliptic Functions">
                  <Created>2021-07-04T09:00:00</Created>
                </TaskNode>
              </TaskNode>
              <TaskNode Caption="WEDNESDAY ( 6 )">
                <Created>2021-07-04T09:00:00</Created>
                <TaskNode Caption="10:22 - 10:47 Exc. Apostol 2 Ch. 1-2">
                  <Created>2021-07-04T09:00:00</Created>
                </TaskNode>
                <TaskNode Caption="10:56 - 11:21 Exc. Apostol 2 Ch. 1-2">
                  <Created>2021-07-04T09:00:00</Created>
                </TaskNode>
                <TaskNode Caption="11:32 - 11:57 Exc. Apostol 2 Ch. 1-2">
                  <Created>2021-07-04T09:00:00</Created>
                </TaskNode>
                <TaskNode Caption="11:58 - 12:23 Exc. Apostol 2 Ch. 1-2">
                  <Created>2021-07-04T09:00:00</Created>
                </TaskNode>
                <TaskNode Caption="14:46 - 15:11 Exc. Apostol 2 Ch. 1-2">
                  <Created>2021-07-04T09:00:00</Created>
                </TaskNode>
                <TaskNode Caption="15:22 - 15:47 Exc. Apostol 2 Ch. 1-2">
                  <Created>2021-07-04T09:00:00</Created>
                </TaskNode>
              </TaskNode>
              <TaskNode Caption="THURSDAY ( 7 )">
                <Created>2021-07-04T09:00:00</Created>
                <TaskNode Caption="09:56 - 10:21 Exc. Apostol 2 Ch. 1-2">
                  <Created>2021-07-04T09:00:00</Created>
                </TaskNode>
                <TaskNode Caption="10:24 - 10:49 Exc. Apostol 2 Ch. 1-2">
                  <Created>2021-07-04T09:00:00</Created>
                </TaskNode>
                <TaskNode Caption="11:14 - 11:39 Exc. Apostol 2 Ch. 1-2">
                  <Created>2021-07-04T09:00:00</Created>
                </TaskNode>
                <TaskNode Caption="11:50 - 12:15 Exc. Apostol 2 Ch. 1-2 DONE">
                  <Created>2021-07-04T09:00:00</Created>
                </TaskNode>
                <TaskNode Caption="14:38 - 15:03 Exc. Apostol 2 Ch. 1-3A">
                  <Created>2021-07-04T09:00:00</Created>
                </TaskNode>
                <TaskNode Caption="15:08 - 15:33 Exc. Apostol 2 Ch. 1-3A">
                  <Created>2021-07-04T09:00:00</Created>
                </TaskNode>
                <TaskNode Caption="15:45 - 16:10 Exc. Apostol 2 Ch. 1-3A">
                  <Created>2021-07-04T09:00:00</Created>
                </TaskNode>
              </TaskNode>
              <TaskNode Caption="FRIDAY ( 3 )">
                <Created>2021-07-04T09:00:00</Created>
                <TaskNode Caption="10:18 - 10:43 Exc. Apostol 2 Ch. 1-3A">
                  <Created>2021-07-04T09:00:00</Created>
                </TaskNode>
                <TaskNode Caption="10:49 - 11:14 Exc. Apostol 2 Ch. 1-3A">
                  <Created>2021-07-04T09:00:00</Created>
                </TaskNode>
                <TaskNode Caption="11:23 - 11:48 Exc. Apostol 2 Ch. 1-3A">
                  <Created>2021-07-04T09:00:00</Created>
                </TaskNode>
              </TaskNode>
              <TaskNode Caption="SATURDAY ( 4 )">
                <Created>2021-07-04T09:00:00</Created>
                <TaskNode Caption="12:17 - 12:42 Exc. Apostol 2 Ch. 1-3A">
                  <Created>2021-07-04T09:00:00</Created>
                </TaskNode>
                <TaskNode Caption="13:08 - 13:33 Exc. Apostol 2 Ch. 1-3A">
                  <Created>2021-07-04T09:00:00</Created>
                </TaskNode>
                <TaskNode Caption="14:33 - 14:58 Exc. Apostol 2 Ch. 1-3A DONE">
                  <Created>2021-07-04T09:00:00</Created>
                </TaskNode>
                <TaskNode Caption="15:07 - 15:32 Exc. Apostol 2 Ch. 1-3B">
                  <Created>2021-07-04T09:00:00</Created>
                </TaskNode>
              </TaskNode>
              <TaskNode Caption="SUNDAY ( 0 )">
                <CustomFormat>
                  <Bold>1</Bold>
                  <FontColor>255</FontColor>
                </CustomFormat>
                <Created>2021-07-04T09:00:00</Created>
              </TaskNode>
            </TaskNode>
          </TaskNode>
          <TaskNode Caption="MAY">
            <Created>2021-07-04T09:00:00</Created>
            <TaskNode Caption="WEEK-18: 3/5 ( 13 )">
              <Created>2021-07-04T09:00:00</Created>
              <TaskNode Caption="MONDAY ( 5 )">
                <Created>2021-07-04T09:00:00</Created>
                <TaskNode Caption="10:09 - 10:34 Exc. Apostol 2 Ch. 1-3B">
                  <Created>2021-07-04T09:00:00</Created>
                </TaskNode>
                <TaskNode Caption="10:38 - 11:03 Exc. Apostol 2 Ch. 1-3B DONE">
                  <Created>2021-07-04T09:00:00</Created>
                </TaskNode>
                <TaskNode Caption="11:06 - 11:31 Exc. Apostol 2 Ch. 1-4">
                  <Created>2021-07-04T09:00:00</Created>
                </TaskNode>
                <TaskNode Caption="11:49 - 12:14 Exc. Apostol 2 Ch. 1-4">
                  <Created>2021-07-04T09:00:00</Created>
                </TaskNode>
                <TaskNode Caption="17:25 - 17:50 Exc. Apostol 2 Ch. 1-4">
                  <Created>2021-07-04T09:00:00</Created>
                </TaskNode>
              </TaskNode>
              <TaskNode Caption="TUESDAY ( 4 )">
                <Created>2021-07-04T09:00:00</Created>
                <TaskNode Caption="10:15 - 10:40 Exc. Apostol 2 Ch. 1-4">
                  <Created>2021-07-04T09:00:00</Created>
                </TaskNode>
                <TaskNode Caption="10:52 - 11:17 Exc. Apostol 2 Ch. 1-4">
                  <Created>2021-07-04T09:00:00</Created>
                </TaskNode>
                <TaskNode Caption="11:33 - 11:58 Exc. Apostol 2 Ch. 1-4">
                  <Created>2021-07-04T09:00:00</Created>
                </TaskNode>
                <TaskNode Caption="12:24 - 12:49 Exc. Apostol 2 Ch. 1-4">
                  <Created>2021-07-04T09:00:00</Created>
                </TaskNode>
              </TaskNode>
              <TaskNode Caption="WEDNESDAY ( 1 )">
                <Created>2021-07-04T09:00:00</Created>
                <TaskNode Caption="16:55 - 17:20 Scan Elliptic Functions">
                  <Created>2021-07-04T09:00:00</Created>
                </TaskNode>
              </TaskNode>
              <TaskNode Caption="THURSDAY ( 0 )">
                <CustomFormat>
                  <Bold>1</Bold>
                  <FontColor>255</FontColor>
                </CustomFormat>
                <Created>2021-07-04T09:00:00</Created>
              </TaskNode>
              <TaskNode Caption="FRIDAY ( 0 )">
                <CustomFormat>
                  <Bold>1</Bold>
                  <FontColor>255</FontColor>
                </CustomFormat>
                <Created>2021-07-04T09:00:00</Created>
              </TaskNode>
              <TaskNode Caption="SATURDAY ( 3 )">
                <Created>2021-07-04T09:00:00</Created>
                <TaskNode Caption="13:53 - 14:18 Wrap-up / Planning">
                  <Created>2021-07-04T09:00:00</Created>
                </TaskNode>
                <TaskNode Caption="14:32 - 14:57 Wrap-up / Planning">
                  <Created>2021-07-04T09:00:00</Created>
                </TaskNode>
                <TaskNode Caption="15:10 - 15:35 Wrap-up / Planning">
                  <Created>2021-07-04T09:00:00</Created>
                </TaskNode>
              </TaskNode>
              <TaskNode Caption="SUNDAY ( 0 )">
                <CustomFormat>
                  <Bold>1</Bold>
                  <FontColor>255</FontColor>
                </CustomFormat>
                <Created>2021-07-04T09:00:00</Created>
              </TaskNode>
            </TaskNode>
            <TaskNode Caption="WEEK-19: 10/5 ( 19 )">
              <Created>2021-07-04T09:00:00</Created>
              <TaskNode Caption="MONDAY ( 6 )">
                <Created>2021-07-04T09:00:00</Created>
                <TaskNode Caption="10:02 - 10:27 Exc. Apostol 2 Ch. 1-4">
                  <Created>2021-07-04T09:00:00</Created>
                </TaskNode>
                <TaskNode Caption="10:40 - 11:05 Exc. Apostol 2 Ch. 1-4">
                  <Created>2021-07-04T09:00:00</Created>
                </TaskNode>
                <TaskNode Caption="11:17 - 11:42 Exc. Apostol 2 Ch. 1-4">
                  <Created>2021-07-04T09:00:00</Created>
                </TaskNode>
                <TaskNode Caption="12:16 - 12:41 Exc. Apostol 2 Ch. 1-4">
                  <Created>2021-07-04T09:00:00</Created>
                </TaskNode>
                <TaskNode Caption="13:04 - 13:29 Exc. Apostol 2 Ch. 1-4">
                  <Created>2021-07-04T09:00:00</Created>
                </TaskNode>
                <TaskNode Caption="13:39 - 14:04 Exc. Apostol 2 Ch. 1-4">
                  <Created>2021-07-04T09:00:00</Created>
                </TaskNode>
              </TaskNode>
              <TaskNode Caption="TUESDAY ( 8 )">
                <Created>2021-07-04T09:00:00</Created>
                <TaskNode Caption="09:51 - 10:16 Exc. Apostol 2 Ch. 1-4">
                  <Created>2021-07-04T09:00:00</Created>
                </TaskNode>
                <TaskNode Caption="10:19 - 10:44 Exc. Apostol 2 Ch. 1-4 DONE">
                  <Created>2021-07-04T09:00:00</Created>
                </TaskNode>
                <TaskNode Caption="10:46 - 11:11 Exc. Apostol 2 Ch. 1-5">
                  <Created>2021-07-04T09:00:00</Created>
                </TaskNode>
                <TaskNode Caption="11:30 - 11:55 Exc. Apostol 2 Ch. 1-5">
                  <Created>2021-07-04T09:00:00</Created>
                </TaskNode>
                <TaskNode Caption="12:13 - 12:38 Exc. Apostol 2 Ch. 1-5">
                  <Created>2021-07-04T09:00:00</Created>
                </TaskNode>
                <TaskNode Caption="12:49 - 13:14 Exc. Apostol 2 Ch. 1-5">
                  <Created>2021-07-04T09:00:00</Created>
                </TaskNode>
                <TaskNode Caption="13:17 - 13:42 Exc. Apostol 2 Ch. 1-5 DONE">
                  <Created>2021-07-04T09:00:00</Created>
                </TaskNode>
                <TaskNode Caption="13:46 - 14:12 Adding Questions Apostol 2 Ch.1-7;8.">
                  <Created>2021-07-04T09:00:00</Created>
                </TaskNode>
              </TaskNode>
              <TaskNode Caption="WEDNESDAY ( 5 )">
                <Created>2021-07-04T09:00:00</Created>
                <TaskNode Caption="10:13 - 10:38 Exc. Apostol 2 Ch. 1-6">
                  <Created>2021-07-04T09:00:00</Created>
                </TaskNode>
                <TaskNode Caption="10:51 - 11:16 Exc. Apostol 2 Ch. 1-6">
                  <Created>2021-07-04T09:00:00</Created>
                </TaskNode>
                <TaskNode Caption="11:17 - 11:42 Exc. Apostol 2 Ch. 1-6">
                  <Created>2021-07-04T09:00:00</Created>
                </TaskNode>
                <TaskNode Caption="11:45 - 12:10 Exc. Apostol 2 Ch. 1-6">
                  <Created>2021-07-04T09:00:00</Created>
                </TaskNode>
                <TaskNode Caption="12:11 - 12:36 Study Eisenstein Series">
                  <Created>2021-07-04T09:00:00</Created>
                </TaskNode>
              </TaskNode>
              <TaskNode Caption="THURSDAY ( 0 )">
                <CustomFormat>
                  <Bold>1</Bold>
                  <FontColor>255</FontColor>
                </CustomFormat>
                <Created>2021-07-04T09:00:00</Created>
              </TaskNode>
              <TaskNode Caption="FRIDAY">
                <Created>2021-07-04T09:00:00</Created>
                <TaskNode Caption="11:43 - 12:08 Revision Elliptic Functions">
                  <Created>2021-07-04T09:00:00</Created>
                </TaskNode>
                <TaskNode Caption="12:18 - 12:43 Revision ">
                  <Places>
                    <Place>__NOT__ASSIGNED</Place>
                  </Places>
                  <Created>2021-07-04T09:00:00</Created>
                </TaskNode>
              </TaskNode>
              <TaskNode Caption="SATURDAY ( 0 )">
                <CustomFormat>
                  <Bold>1</Bold>
                  <FontColor>255</FontColor>
                </CustomFormat>
                <Created>2021-07-04T09:00:00</Created>
              </TaskNode>
              <TaskNode Caption="SUNDAY ( 0 )">
                <CustomFormat>
                  <Bold>1</Bold>
                  <FontColor>255</FontColor>
                </CustomFormat>
                <Created>2021-07-04T09:00:00</Created>
              </TaskNode>
            </TaskNode>
            <TaskNode Caption="WEEK-20: 17/5 ( 2 )">
              <Created>2021-07-04T09:00:00</Created>
              <TaskNode Caption="MONDAY ( 0 )">
                <CustomFormat>
                  <Bold>1</Bold>
                  <FontColor>255</FontColor>
                </CustomFormat>
                <Created>2021-07-04T09:00:00</Created>
              </TaskNode>
              <TaskNode Caption="TUESDAY ( 0 )">
                <CustomFormat>
                  <Bold>1</Bold>
                  <FontColor>255</FontColor>
                </CustomFormat>
                <Created>2021-07-04T09:00:00</Created>
              </TaskNode>
              <TaskNode Caption="WEDNESDAY ( 0 )">
                <CustomFormat>
                  <Bold>1</Bold>
                  <FontColor>255</FontColor>
                </CustomFormat>
                <Created>2021-07-04T09:00:00</Created>
              </TaskNode>
              <TaskNode Caption="THURSDAY ( 0 )">
                <CustomFormat>
                  <Bold>1</Bold>
                  <FontColor>255</FontColor>
                </CustomFormat>
                <Created>2021-07-04T09:00:00</Created>
              </TaskNode>
              <TaskNode Caption="FRIDAY ( 0 )">
                <CustomFormat>
                  <Bold>1</Bold>
                  <FontColor>255</FontColor>
                </CustomFormat>
                <Created>2021-07-04T09:00:00</Created>
              </TaskNode>
              <TaskNode Caption="SATURDAY ( 2 )">
                <Created>2021-07-04T09:00:00</Created>
                <TaskNode Caption="12:00 - 12:25 Install MMa">
                  <Created>2021-07-04T09:00:00</Created>
                </TaskNode>
                <TaskNode Caption="12:30 - 12:55 Question SE">
                  <Created>2021-07-04T09:00:00</Created>
                </TaskNode>
              </TaskNode>
              <TaskNode Caption="SUNDAY ( 0 )">
                <CustomFormat>
                  <Bold>1</Bold>
                  <FontColor>255</FontColor>
                </CustomFormat>
                <Created>2021-07-04T09:00:00</Created>
              </TaskNode>
            </TaskNode>
            <TaskNode Caption="WEEK-21: 24/5 ( 33 )">
              <Created>2021-07-04T09:00:00</Created>
              <TaskNode Caption="MONDAY ( 3 )">
                <Created>2021-07-04T09:00:00</Created>
                <TaskNode Caption="10:15 - 10:40 Question SE WeierstrassP">
                  <Created>2021-07-04T09:00:00</Created>
                </TaskNode>
                <TaskNode Caption="17:00 - 17:25 Planning Apostol 2">
                  <Created>2021-07-04T09:00:00</Created>
                </TaskNode>
                <TaskNode Caption="18:00 - 18:25 Laurent Series WeierstrassP">
                  <Created>2021-07-04T09:00:00</Created>
                </TaskNode>
              </TaskNode>
              <TaskNode Caption="TUESDAY ( 3 )">
                <Created>2021-07-04T09:00:00</Created>
                <TaskNode Caption="10:25 - 10:50 Revision Elliptic Functions">
                  <Created>2021-07-04T09:00:00</Created>
                </TaskNode>
                <TaskNode Caption="11:30 - 11:55 Revision Elliptic Functions">
                  <Created>2021-07-04T09:00:00</Created>
                </TaskNode>
                <TaskNode Caption="12:05 - 12:30 Planning">
                  <Created>2021-07-04T09:00:00</Created>
                </TaskNode>
              </TaskNode>
              <TaskNode Caption="WEDNESDAY ( 6 )">
                <Created>2021-07-04T09:00:00</Created>
                <TaskNode Caption="09:33 - 09:58 Write-up Questions">
                  <Created>2021-07-04T09:00:00</Created>
                </TaskNode>
                <TaskNode Caption="10:00 - 10:25 Write-up Questions">
                  <Created>2021-07-04T09:00:00</Created>
                </TaskNode>
                <TaskNode Caption="10:33 - 10:58 Write-up Questions">
                  <Created>2021-07-04T09:00:00</Created>
                </TaskNode>
                <TaskNode Caption="11:15 - 11:40 Write-up Questions">
                  <Created>2021-07-04T09:00:00</Created>
                </TaskNode>
                <TaskNode Caption="12:00 - 12:25 Write-up Questions">
                  <Created>2021-07-04T09:00:00</Created>
                </TaskNode>
                <TaskNode Caption="12:26 - 12:51 Write-up Questions">
                  <Created>2021-07-04T09:00:00</Created>
                </TaskNode>
              </TaskNode>
              <TaskNode Caption="THURSDAY ( 6 )">
                <Created>2021-07-04T09:00:00</Created>
                <TaskNode Caption="10:09 - 10:34 Elliptic Functions summary">
                  <Created>2021-07-04T09:00:00</Created>
                </TaskNode>
                <TaskNode Caption="10:37 - 11:02 Elliptic Functions summary">
                  <Created>2021-07-04T09:00:00</Created>
                </TaskNode>
                <TaskNode Caption="11:35 - 12:00 Apostol 2 Ch. 1-7 ( 6 LOH )">
                  <Created>2021-07-04T09:00:00</Created>
                </TaskNode>
                <TaskNode Caption="12:32 - 12:57 Apostol 2 Ch. 1-7 ( 6 LOH )">
                  <Created>2021-07-04T09:00:00</Created>
                </TaskNode>
                <TaskNode Caption="13:02 - 13:27 Apostol 2 Ch. 1-7 ( 6 LOH )">
                  <Created>2021-07-04T09:00:00</Created>
                </TaskNode>
                <TaskNode Caption="13:31 - 13:57 Apostol 2 Ch. 1-7 DONE">
                  <Created>2021-07-04T09:00:00</Created>
                </TaskNode>
              </TaskNode>
              <TaskNode Caption="FRIDAY ( 8 )">
                <Created>2021-07-04T09:00:00</Created>
                <TaskNode Caption="10:10 - 10:35 Apostol 2 Ch. 1-8">
                  <Created>2021-07-04T09:00:00</Created>
                </TaskNode>
                <TaskNode Caption="10:39 - 11:04 Apostol 2 Ch. 1-8">
                  <Created>2021-07-04T09:00:00</Created>
                </TaskNode>
                <TaskNode Caption="11:09 - 11:34 Apostol 2 Ch. 1-8">
                  <Created>2021-07-04T09:00:00</Created>
                </TaskNode>
                <TaskNode Caption="11:54 - 12:19 Apostol 2 Ch. 1-8">
                  <Created>2021-07-04T09:00:00</Created>
                </TaskNode>
                <TaskNode Caption="12:20 - 12:45 Apostol 2 Ch. 1-8">
                  <Created>2021-07-04T09:00:00</Created>
                </TaskNode>
                <TaskNode Caption="12:59 - 13:24 Apostol 2 Ch. 1-8">
                  <Created>2021-07-04T09:00:00</Created>
                </TaskNode>
                <TaskNode Caption="13:35 - 14:00 Apostol 2 Ch. 1-8">
                  <Created>2021-07-04T09:00:00</Created>
                </TaskNode>
                <TaskNode Caption="14:01 - 14:26 Apostol 2 Ch. 1-8">
                  <Created>2021-07-04T09:00:00</Created>
                </TaskNode>
              </TaskNode>
              <TaskNode Caption="SATURDAY ( 1 )">
                <Created>2021-07-04T09:00:00</Created>
                <TaskNode Caption="12:13 - 12:38 Apostol 2 Ch. 1-8 DONE">
                  <Created>2021-07-04T09:00:00</Created>
                </TaskNode>
              </TaskNode>
              <TaskNode Caption="SUNDAY ( 6 )">
                <Created>2021-07-04T09:00:00</Created>
                <TaskNode Caption="09:55 - 10:20 Study Klein J">
                  <Created>2021-07-04T09:00:00</Created>
                </TaskNode>
                <TaskNode Caption="10:22 - 10:47 Study Klein J">
                  <Created>2021-07-04T09:00:00</Created>
                </TaskNode>
                <TaskNode Caption="15:34 - 15:59 Scan/Index Akhiezer">
                  <Created>2021-07-04T09:00:00</Created>
                </TaskNode>
                <TaskNode Caption="16:00 - 16:25 Scan/Index Akhiezer">
                  <Created>2021-07-04T09:00:00</Created>
                </TaskNode>
                <TaskNode Caption="16:47 - 17:12 Scan/Index Akhiezer">
                  <Created>2021-07-04T09:00:00</Created>
                </TaskNode>
                <TaskNode Caption="17:13 - 17:38 Scan/Index Akhiezer DONE">
                  <Created>2021-07-04T09:00:00</Created>
                </TaskNode>
              </TaskNode>
            </TaskNode>
          </TaskNode>
          <TaskNode Caption="JUNE">
            <Created>2021-07-04T09:00:00</Created>
            <TaskNode Caption="WEEK-22: 31/5 ( 25 )">
              <Created>2021-07-04T09:00:00</Created>
              <TaskNode Caption="MONDAY ( 6 )">
                <Created>2021-07-04T09:00:00</Created>
                <TaskNode Caption="10:11 - 10:36 Apostol 2 Ch. 1-9">
                  <Created>2021-07-04T09:00:00</Created>
                </TaskNode>
                <TaskNode Caption="10:45 - 11:10 Apostol 2 Ch. 1-9">
                  <Created>2021-07-04T09:00:00</Created>
                </TaskNode>
                <TaskNode Caption="11:17 - 11:42 Apostol 2 Ch. 1-9">
                  <Created>2021-07-04T09:00:00</Created>
                </TaskNode>
                <TaskNode Caption="11:45  -12:10 Apostol 2 Ch. 1-9">
                  <Created>2021-07-04T09:00:00</Created>
                </TaskNode>
                <TaskNode Caption="12:30 - 12:55 Apostol 2 Ch. 1-9">
                  <Created>2021-07-04T09:00:00</Created>
                </TaskNode>
                <TaskNode Caption="12:56 - 13:21 Apostol 2 Ch. 1-9 DONE">
                  <Created>2021-07-04T09:00:00</Created>
                </TaskNode>
              </TaskNode>
              <TaskNode Caption="TUESDAY ( 6 )">
                <Created>2021-07-04T09:00:00</Created>
                <TaskNode Caption="09:57 - 10:22 Apostol 2 Ch. 1-11">
                  <Created>2021-07-04T09:00:00</Created>
                </TaskNode>
                <TaskNode Caption="10:23 - 10:48 Apostol 2 Ch. 1-11">
                  <Created>2021-07-04T09:00:00</Created>
                </TaskNode>
                <TaskNode Caption="10:51 - 11:16 Apostol 2 Ch. 1-11">
                  <Created>2021-07-04T09:00:00</Created>
                </TaskNode>
                <TaskNode Caption="11:20 - 11:45 Apostol 2 Ch. 1-11">
                  <Created>2021-07-04T09:00:00</Created>
                </TaskNode>
                <TaskNode Caption="13:47 - 14:12 Apostol 2 Ch. 1-11">
                  <Created>2021-07-04T09:00:00</Created>
                </TaskNode>
                <TaskNode Caption="14:23 - 14:48 Apostol 2 Ch. 1-11">
                  <Created>2021-07-04T09:00:00</Created>
                </TaskNode>
              </TaskNode>
              <TaskNode Caption="WEDNESDAY ( 3 )">
                <Note>Nataliya, my point was that I noticed that I am in this rhythm where -predictably- afternoons drag on and specifically the evenings slip away. Perhaps it is a biorhythm, I don't know.
</Note>
                <Created>2021-07-04T09:00:00</Created>
                <TaskNode Caption="11:15 - 11:40 Apostol 2 Ch. 1-11">
                  <Created>2021-07-04T09:00:00</Created>
                </TaskNode>
                <TaskNode Caption="11:50 - 12:15 Apostol 2 Ch. 1-11">
                  <Created>2021-07-04T09:00:00</Created>
                </TaskNode>
                <TaskNode Caption="12:25 - 12:50 Apostol 2 Ch. 1-11">
                  <Created>2021-07-04T09:00:00</Created>
                </TaskNode>
              </TaskNode>
              <TaskNode Caption="THURSDAY ( 3 )">
                <Created>2021-07-04T09:00:00</Created>
                <TaskNode Caption="14:19 - 14:44 Apostol 2 Ch. 1-11">
                  <Created>2021-07-04T09:00:00</Created>
                </TaskNode>
                <TaskNode Caption="14:49 - 15:14 Apostol 2 Ch. 1-11">
                  <Created>2021-07-04T09:00:00</Created>
                </TaskNode>
                <TaskNode Caption="20:45 - 21:10 Scan Cohen MForms">
                  <Created>2021-07-04T09:00:00</Created>
                </TaskNode>
              </TaskNode>
              <TaskNode Caption="FRIDAY ( 5 )">
                <Created>2021-07-04T09:00:00</Created>
                <TaskNode Caption="10:08 - 10:33 Scan Cohen MForms">
                  <Created>2021-07-04T09:00:00</Created>
                </TaskNode>
                <TaskNode Caption="10:50 - 11:15 Scan Cohen MForms">
                  <Created>2021-07-04T09:00:00</Created>
                </TaskNode>
                <TaskNode Caption="12:02 - 12:27 Apostol 2 Ch. 1-11">
                  <Created>2021-07-04T09:00:00</Created>
                </TaskNode>
                <TaskNode Caption="14:30 - 14:55 Apostol 2 Ch. 1-11">
                  <Created>2021-07-04T09:00:00</Created>
                </TaskNode>
                <TaskNode Caption="14:59 - 15:24 Apostol 2 Ch. 1-11">
                  <Created>2021-07-04T09:00:00</Created>
                </TaskNode>
              </TaskNode>
              <TaskNode Caption="SATURDAY ( 1 )">
                <Created>2021-07-04T09:00:00</Created>
                <TaskNode Caption="16:13 - 16:38 Test nSumPrime">
                  <Created>2021-07-04T09:00:00</Created>
                </TaskNode>
              </TaskNode>
              <TaskNode Caption="SUNDAY ( 1 )">
                <Created>2021-07-04T09:00:00</Created>
                <TaskNode Caption="13:00 - 13:25 Apostol 2 Ch. 1-11">
                  <Created>2021-07-04T09:00:00</Created>
                </TaskNode>
              </TaskNode>
            </TaskNode>
            <TaskNode Caption="WEEK-23: 7/6 ( 34 )">
              <Created>2021-07-04T09:00:00</Created>
              <TaskNode Caption="MONDAY ( 8 )">
                <Created>2021-07-04T09:00:00</Created>
                <TaskNode Caption="10:11 - 10:36 Apostol 2 Ch. 1-11">
                  <Created>2021-07-04T09:00:00</Created>
                </TaskNode>
                <TaskNode Caption="10:39 - 11:04 Apostol 2 Ch. 1-11 DONE">
                  <Created>2021-07-04T09:00:00</Created>
                </TaskNode>
                <TaskNode Caption="11:17 - 11:42 Apostol 2 Ch. 1-12">
                  <Created>2021-07-04T09:00:00</Created>
                </TaskNode>
                <TaskNode Caption="11:54 - 12:19 Apostol 2 Ch. 1-12">
                  <Created>2021-07-04T09:00:00</Created>
                </TaskNode>
                <TaskNode Caption="12:31 - 12:56 Apostol 2 Ch. 1-12">
                  <Created>2021-07-04T09:00:00</Created>
                </TaskNode>
                <TaskNode Caption="13:04 - 13:29 Apostol 2 Ch. 1-12">
                  <Created>2021-07-04T09:00:00</Created>
                </TaskNode>
                <TaskNode Caption="13:38 - 14:03 Apostol 2 Ch. 1-12 ">
                  <Created>2021-07-04T09:00:00</Created>
                </TaskNode>
                <TaskNode Caption="15:58 - 16:23 Apostol 2 Ch. 1-12">
                  <Created>2021-07-04T09:00:00</Created>
                </TaskNode>
              </TaskNode>
              <TaskNode Caption="TUESDAY ( 10 )">
                <Created>2021-07-04T09:00:00</Created>
                <TaskNode Caption="09:47 - 10:13 Apostol 2 Ch. 1-12 DONE">
                  <Created>2021-07-04T09:00:00</Created>
                </TaskNode>
                <TaskNode Caption="10:15 - 10:40 Apostol 2 Ch. 1-12 A,B DONE">
                  <Created>2021-07-04T09:00:00</Created>
                </TaskNode>
                <TaskNode Caption="10:42 - 11:07 Apostol 2 Ch. 1-12C">
                  <Created>2021-07-04T09:00:00</Created>
                </TaskNode>
                <TaskNode Caption="11:15 - 11:40 Apostol 2 Ch. 1-12C">
                  <Created>2021-07-04T09:00:00</Created>
                </TaskNode>
                <TaskNode Caption="11:50 - 12:15 Apostol 2 Ch. 1-12C">
                  <Created>2021-07-04T09:00:00</Created>
                </TaskNode>
                <TaskNode Caption="12:30 - 12:55 Apostol 2 Ch. 1-12C">
                  <Created>2021-07-04T09:00:00</Created>
                </TaskNode>
                <TaskNode Caption="13:38 - 14:03 Apostol 2 Ch. 1-12C">
                  <Created>2021-07-04T09:00:00</Created>
                </TaskNode>
                <TaskNode Caption="14:06 - 14:31 Apostol 2 Ch. 1-12C">
                  <Created>2021-07-04T09:00:00</Created>
                </TaskNode>
                <TaskNode Caption="14:32 - 14:57 Apostol 2 Ch. 1-12C">
                  <Created>2021-07-04T09:00:00</Created>
                </TaskNode>
                <TaskNode Caption="15:09 - 15:34 Apostol 2 Ch. 1-12C">
                  <Created>2021-07-04T09:00:00</Created>
                </TaskNode>
              </TaskNode>
              <TaskNode Caption="WEDNESDAY ( 5 )">
                <Created>2021-07-04T09:00:00</Created>
                <TaskNode Caption="09:57 - 10:22 Apostol 2 Ch. 1-12C">
                  <Created>2021-07-04T09:00:00</Created>
                </TaskNode>
                <TaskNode Caption="10:24 - 10:49 Apostol 2 Ch. 1-12C">
                  <Created>2021-07-04T09:00:00</Created>
                </TaskNode>
                <TaskNode Caption="10:59 - 11:24 Apostol 2 Ch. 1-12C">
                  <Created>2021-07-04T09:00:00</Created>
                </TaskNode>
                <TaskNode Caption="11:27 - 11:52 Apostol 2 Ch. 1-12C">
                  <Created>2021-07-04T09:00:00</Created>
                </TaskNode>
                <TaskNode Caption="12:08 - 12:34 Apostol 2 Ch. 1-12C">
                  <Created>2021-07-04T09:00:00</Created>
                </TaskNode>
              </TaskNode>
              <TaskNode Caption="THURSDAY ( 4 )">
                <Created>2021-07-04T09:00:00</Created>
                <TaskNode Caption="10:13 - 10:38 Apostol 2 Ch. 1-12C">
                  <Created>2021-07-04T09:00:00</Created>
                </TaskNode>
                <TaskNode Caption="10:39 - 11:04 Apostol 2 Ch. 1-12C DONE">
                  <Created>2021-07-04T09:00:00</Created>
                </TaskNode>
                <TaskNode Caption="11:09 - 11:34 Apostol 2 Ch. 1-13">
                  <Created>2021-07-04T09:00:00</Created>
                </TaskNode>
                <TaskNode Caption="12:34 - 12:59 Apostol 2 Ch. 1-13">
                  <Created>2021-07-04T09:00:00</Created>
                </TaskNode>
              </TaskNode>
              <TaskNode Caption="FRIDAY ( 5 )">
                <Created>2021-07-04T09:00:00</Created>
                <TaskNode Caption="10:13 - 10:38 Murty Mod Forms Lec 1">
                  <Created>2021-07-04T09:00:00</Created>
                </TaskNode>
                <TaskNode Caption="10:40 - 11:05 Study Partition Function">
                  <Created>2021-07-04T09:00:00</Created>
                </TaskNode>
                <TaskNode Caption="11:06 - 11:36 Study Partition Function">
                  <Created>2021-07-04T09:00:00</Created>
                </TaskNode>
                <TaskNode Caption="12:00 - 12:25 Murty Mod Forms Lec 1">
                  <Created>2021-07-04T09:00:00</Created>
                </TaskNode>
                <TaskNode Caption="12:46 - 13:11 Murty Mod Forms Lec 1 @ 0:36/1:20">
                  <Created>2021-07-04T09:00:00</Created>
                </TaskNode>
              </TaskNode>
              <TaskNode Caption="SATURDAY ( 1 )">
                <Created>2021-07-04T09:00:00</Created>
                <TaskNode Caption="16:35 - 17:00 Study Integer Partitions">
                  <Created>2021-07-04T09:00:00</Created>
                </TaskNode>
              </TaskNode>
              <TaskNode Caption="SUNDAY ( 1 )">
                <Created>2021-07-04T09:00:00</Created>
                <TaskNode Caption="11:00 - 11:25 Study Apostol 1 Ch. 14">
                  <Created>2021-07-04T09:00:00</Created>
                </TaskNode>
              </TaskNode>
            </TaskNode>
            <TaskNode Caption="WEEK-24: 14/6 ( 21 )">
              <Created>2021-07-04T09:00:00</Created>
              <TaskNode Caption="MONDAY ( 7 )">
                <Created>2021-07-04T09:00:00</Created>
                <TaskNode Caption="10:00- 10:25 Stand-up">
                  <Created>2021-07-04T09:00:00</Created>
                </TaskNode>
                <TaskNode Caption="10:32 - 10:57 Murty Video 2: Modular Group">
                  <Created>2021-07-04T09:00:00</Created>
                </TaskNode>
                <TaskNode Caption="11:09 - 11:34 Murty Video 2: Modular Group">
                  <Created>2021-07-04T09:00:00</Created>
                </TaskNode>
                <TaskNode Caption="11:44 - 12:09 Apostol 2 Ch. 1-13">
                  <Created>2021-07-04T09:00:00</Created>
                </TaskNode>
                <TaskNode Caption="12:18 - 12:43 Apostol 2 Ch. 1-13">
                  <Created>2021-07-04T09:00:00</Created>
                </TaskNode>
                <TaskNode Caption="12:44 - 13:09 Apostol 2 Ch. 1-13">
                  <Created>2021-07-04T09:00:00</Created>
                </TaskNode>
                <TaskNode Caption="15:45 - 16:10 Organize">
                  <Created>2021-07-04T09:00:00</Created>
                </TaskNode>
              </TaskNode>
              <TaskNode Caption="TUESDAY ( 5 )">
                <Created>2021-07-04T09:00:00</Created>
                <TaskNode Caption="11:46 - 12:11 Eisenstein Series">
                  <Created>2021-07-04T09:00:00</Created>
                </TaskNode>
                <TaskNode Caption="12:55 - 13:20 Eisenstein Series">
                  <Created>2021-07-04T09:00:00</Created>
                </TaskNode>
                <TaskNode Caption="13:35 - 14:00 Added Answer to MathematicaSE Eisenstein Series">
                  <Created>2021-07-04T09:00:00</Created>
                </TaskNode>
                <TaskNode Caption="14:30 - 14:55 Bouw Eisenstein Series numberTheory package">
                  <Created>2021-07-04T09:00:00</Created>
                </TaskNode>
                <TaskNode Caption="15:10 - 15:35 Bouw Eisenstein Series numberTheory package">
                  <Created>2021-07-04T09:00:00</Created>
                </TaskNode>
              </TaskNode>
              <TaskNode Caption="WEDNESDAY ( 3 )">
                <Created>2021-07-04T09:00:00</Created>
                <TaskNode Caption="11:32 - 11:57 Apostol 2 Ch. 1-13">
                  <Created>2021-07-04T09:00:00</Created>
                </TaskNode>
                <TaskNode Caption="12:19 - 12:44 Apostol 2 Ch. 1-13">
                  <Created>2021-07-04T09:00:00</Created>
                </TaskNode>
                <TaskNode Caption="13:04 - 13:29 Apostol 2 Ch. 1-13">
                  <Created>2021-07-04T09:00:00</Created>
                </TaskNode>
              </TaskNode>
              <TaskNode Caption="THURSDAY ( 2 )">
                <Created>2021-07-04T09:00:00</Created>
                <TaskNode Caption="14:23 - 14:48 Apostol 2 Ch. 1-13">
                  <Created>2021-07-04T09:00:00</Created>
                </TaskNode>
                <TaskNode Caption="15:30 - 15:55 Edited Answer to MathematicaSE Eisenstein Series">
                  <Created>2021-07-04T09:00:00</Created>
                </TaskNode>
              </TaskNode>
              <TaskNode Caption="FRIDAY ( 2 )">
                <Created>2021-07-04T09:00:00</Created>
                <TaskNode Caption="11:00 - 11:25 numTheory pkg changes">
                  <Created>2021-07-04T09:00:00</Created>
                </TaskNode>
                <TaskNode Caption="14:55 - 15:20 nCauchyProduct">
                  <Created>2021-07-04T09:00:00</Created>
                </TaskNode>
              </TaskNode>
              <TaskNode Caption="SATURDAY ( 1 )">
                <Created>2021-07-04T09:00:00</Created>
                <TaskNode Caption="10:55 - 11:20 Apostol 2 Ch. 1-13">
                  <Created>2021-07-04T09:00:00</Created>
                </TaskNode>
              </TaskNode>
              <TaskNode Caption="SUNDAY ( 1 )">
                <Created>2021-07-04T09:00:00</Created>
                <TaskNode Caption="17:00 - 17:25 Package Selection">
                  <Created>2021-07-04T09:00:00</Created>
                </TaskNode>
              </TaskNode>
            </TaskNode>
            <TaskNode Caption="WEEK-25: 21/6 ( 28 )">
              <Created>2021-07-04T09:00:00</Created>
              <TaskNode Caption="MONDAY ( 8 )">
                <Created>2021-07-04T09:00:00</Created>
                <TaskNode Caption="09:39 - 10:04 Taiga Setup">
                  <Created>2021-07-04T09:00:00</Created>
                </TaskNode>
                <TaskNode Caption="10:09 - 10:34 Taiga Setup">
                  <Created>2021-07-04T09:00:00</Created>
                </TaskNode>
                <TaskNode Caption="10:37 - 11:02 Taiga Setup">
                  <Created>2021-07-04T09:00:00</Created>
                </TaskNode>
                <TaskNode Caption="12:21 - 12:46 Apostol 2 Ch. 1-13">
                  <Created>2021-07-04T09:00:00</Created>
                </TaskNode>
                <TaskNode Caption="12:47 - 13:12 Task: Study Wikipedia Tau">
                  <Created>2021-07-04T09:00:00</Created>
                </TaskNode>
                <TaskNode Caption="13:17 - 13:42 Task: Study Wikipedia Tau">
                  <Created>2021-07-04T09:00:00</Created>
                </TaskNode>
                <TaskNode Caption="13:47 - 14:12 Task: Study Heekyong Hahn paper">
                  <Created>2021-07-04T09:00:00</Created>
                </TaskNode>
                <TaskNode Caption="14:28 - 14:53 Task: Study Heekyong Hahn paper">
                  <Created>2021-07-04T09:00:00</Created>
                </TaskNode>
              </TaskNode>
              <TaskNode Caption="TUESDAY ( 6 )">
                <Created>2021-07-04T09:00:00</Created>
                <TaskNode Caption="09:48 - 10:13 Task: Study Heekyong Hahn paper">
                  <Created>2021-07-04T09:00:00</Created>
                </TaskNode>
                <TaskNode Caption="10:18 - 10:43 Task: Study Heekyong Hahn paper">
                  <Created>2021-07-04T09:00:00</Created>
                </TaskNode>
                <TaskNode Caption="10:54 - 11:19 Task: Study Heekyong Hahn paper">
                  <Created>2021-07-04T09:00:00</Created>
                </TaskNode>
                <TaskNode Caption="11:31 - 11:56 Task: Study Heekyong Hahn paper">
                  <Created>2021-07-04T09:00:00</Created>
                </TaskNode>
                <TaskNode Caption="14:29 - 14:54 Task: Study Heekyong Hahn paper">
                  <Created>2021-07-04T09:00:00</Created>
                </TaskNode>
                <TaskNode Caption="15:04 - 15:29 Task: Study Heekyong Hahn paper">
                  <Created>2021-07-04T09:00:00</Created>
                </TaskNode>
              </TaskNode>
              <TaskNode Caption="WEDNESDAY ( 7 )">
                <Created>2021-07-04T09:00:00</Created>
                <TaskNode Caption="09:46 - 10:11 Apostol 2 Ch. 1-13">
                  <Created>2021-07-04T09:00:00</Created>
                </TaskNode>
                <TaskNode Caption="10:20 - 10:45 Apostol 2 Ch. 1-13">
                  <Created>2021-07-04T09:00:00</Created>
                </TaskNode>
                <TaskNode Caption="10:50 - 11:15 Apostol 2 Ch. 1-13">
                  <Created>2021-07-04T09:00:00</Created>
                </TaskNode>
                <TaskNode Caption="11:16 - 11:41 Apostol 2 Ch. 1-13">
                  <Created>2021-07-04T09:00:00</Created>
                </TaskNode>
                <TaskNode Caption="11:52 - 12:17 Apostol 2 Ch. 1-13">
                  <Created>2021-07-04T09:00:00</Created>
                </TaskNode>
                <TaskNode Caption="12:18 - 12:43 Apostol 2 Ch. 1-13">
                  <Created>2021-07-04T09:00:00</Created>
                </TaskNode>
                <TaskNode Caption="12:52 - 13:17 Apostol 2 Ch. 1-13">
                  <Created>2021-07-04T09:00:00</Created>
                </TaskNode>
              </TaskNode>
              <TaskNode Caption="THURSDAY ( 3 )">
                <Created>2021-07-04T09:00:00</Created>
                <TaskNode Caption="10:13 - 10:38 Study Ramanujan On Certain Arithmetical Functions">
                  <Created>2021-07-04T09:00:00</Created>
                </TaskNode>
                <TaskNode Caption="10:49 - 11:14 Study Ramanujan On Certain Arithmetical Functions">
                  <Created>2021-07-04T09:00:00</Created>
                </TaskNode>
                <TaskNode Caption="11:17 - 11:42 Study Ramanujan On Certain Arithmetical Functions">
                  <Created>2021-07-04T09:00:00</Created>
                </TaskNode>
              </TaskNode>
              <TaskNode Caption="FRIDAY ( 4 )">
                <Created>2021-07-04T09:00:00</Created>
                <TaskNode Caption="10:01 - 10:26 Study Ramanujan On Certain Arithmetical Functions">
                  <Created>2021-07-04T09:00:00</Created>
                </TaskNode>
                <TaskNode Caption="10:31 - 10:56 Study Ramanujan On Certain Arithmetical Functions">
                  <Created>2021-07-04T09:00:00</Created>
                </TaskNode>
                <TaskNode Caption="11:03 - 11:28 Study Ramanujan On Certain Arithmetical Functions">
                  <Created>2021-07-04T09:00:00</Created>
                </TaskNode>
                <TaskNode Caption="11:34 - 11:59 Study Ramanujan On Certain Arithmetic Functions">
                  <Created>2021-07-04T09:00:00</Created>
                </TaskNode>
              </TaskNode>
              <TaskNode Caption="SATURDAY ( 0 )">
                <CustomFormat>
                  <Bold>1</Bold>
                  <FontColor>255</FontColor>
                </CustomFormat>
                <Created>2021-07-04T09:00:00</Created>
              </TaskNode>
              <TaskNode Caption="SUNDAY ( 0 )">
                <CustomFormat>
                  <Bold>1</Bold>
                  <FontColor>255</FontColor>
                </CustomFormat>
                <Created>2021-07-04T09:00:00</Created>
              </TaskNode>
            </TaskNode>
            <TaskNode Caption="WEEK-26: 28/6">
              <Created>2021-07-04T09:00:00</Created>
              <TaskNode Caption="MONDAY ( 6 )">
                <Created>2021-07-04T09:00:00</Created>
                <TaskNode Caption="11:55 - 12:20 MMa code for E series handling">
                  <Created>2021-07-04T09:00:00</Created>
                </TaskNode>
                <TaskNode Caption="12:28 - 12:53 MMa code for E series handling">
                  <Created>2021-07-04T09:00:00</Created>
                </TaskNode>
                <TaskNode Caption="13:01 - 13:26 Apostol 2 Ch. 1-13">
                  <Created>2021-07-04T09:00:00</Created>
                </TaskNode>
                <TaskNode Caption="13:38 - 14:02 Apostol 2 Ch. 1-13">
                  <Created>2021-07-04T09:00:00</Created>
                </TaskNode>
                <TaskNode Caption="14:04 - 14:29 Apostol 2 Ch. 1-13">
                  <Created>2021-07-04T09:00:00</Created>
                </TaskNode>
                <TaskNode Caption="14:31 - 14:56 Apostol 2 Ch. 1-13">
                  <Created>2021-07-04T09:00:00</Created>
                </TaskNode>
              </TaskNode>
              <TaskNode Caption="TUESDAY ( 7 )">
                <Created>2021-07-04T09:00:00</Created>
                <TaskNode Caption="11:58 - 12:23 Apostol 2 Ch. 1-13">
                  <Created>2021-07-04T09:00:00</Created>
                </TaskNode>
                <TaskNode Caption="12:30 - 12:55 Apostol 2 Ch. 1-13">
                  <Created>2021-07-04T09:00:00</Created>
                </TaskNode>
                <TaskNode Caption="13:09 - 13:34 Apostol 2 Ch. 1-13">
                  <Created>2021-07-04T09:00:00</Created>
                </TaskNode>
                <TaskNode Caption="13:49 - 14:14 Apostol 2 Ch. 1-13">
                  <Created>2021-07-04T09:00:00</Created>
                </TaskNode>
                <TaskNode Caption="14:34 - 14:59 Apostol 2 Ch. 1-13">
                  <Created>2021-07-04T09:00:00</Created>
                </TaskNode>
                <TaskNode Caption="15:05 - 15:30 Apostol 2 Ch. 1-13">
                  <Created>2021-07-04T09:00:00</Created>
                </TaskNode>
                <TaskNode Caption="15:31 - 15:56 Apostol 2 Ch. 1-13 DONE">
                  <Created>2021-07-04T09:00:00</Created>
                </TaskNode>
              </TaskNode>
              <TaskNode Caption="WEDNESDAY ( 6 )">
                <Created>2021-07-04T09:00:00</Created>
                <TaskNode Caption="12:58 - 13:23 Lambert Series Study">
                  <Created>2021-07-04T09:00:00</Created>
                </TaskNode>
                <TaskNode Caption="13:24 - 13:49 Apostol 2 Ch. 1-14">
                  <Created>2021-07-04T09:00:00</Created>
                </TaskNode>
                <TaskNode Caption="13:51 - 14:16 Apostol 2 Ch. 1-14">
                  <Created>2021-07-04T09:00:00</Created>
                </TaskNode>
                <TaskNode Caption="14:20 - 14:45 Apostol 2 Ch. 1-14">
                  <Created>2021-07-04T09:00:00</Created>
                </TaskNode>
                <TaskNode Caption="14:50 - 15:15 Apostol 2 Ch. 1-14">
                  <Created>2021-07-04T09:00:00</Created>
                </TaskNode>
                <TaskNode Caption="15:30 - 15:55 Apostol 2 Ch. 1-14">
                  <Created>2021-07-04T09:00:00</Created>
                </TaskNode>
              </TaskNode>
              <TaskNode Caption="THURSDAY ( 8 )">
                <Created>2021-07-04T09:00:00</Created>
                <TaskNode Caption="10:56 - 11:21 Apostol 2 Ch. 1-14">
                  <Created>2021-07-04T09:00:00</Created>
                </TaskNode>
                <TaskNode Caption="11:26 - 11:51 Apostol 2 Ch. 1-14 DONE">
                  <Created>2021-07-04T09:00:00</Created>
                </TaskNode>
                <TaskNode Caption="11:58 - 12:23 Apostol 2 Ch. 1-14 a) DONE">
                  <Created>2021-07-04T09:00:00</Created>
                </TaskNode>
                <TaskNode Caption="12:37 - 13:02 Apostol 2 Ch. 1-14 b) DONE">
                  <Created>2021-07-04T09:00:00</Created>
                </TaskNode>
                <TaskNode Caption="13:05 - 13:30 Apostol 2 Ch. 1-14 c,d) DONE">
                  <Created>2021-07-04T09:00:00</Created>
                </TaskNode>
                <TaskNode Caption="14:11 - 14:36 Apostol 2 Ch. 1-14 e)">
                  <Created>2021-07-04T09:00:00</Created>
                </TaskNode>
                <TaskNode Caption="14:37 - 15:01 Apostol 2 Ch. 1-14 e) DONE">
                  <Created>2021-07-04T09:00:00</Created>
                </TaskNode>
                <TaskNode Caption="15:12 - 15:37 Apostol 2 Ch. 1-15 a)">
                  <Created>2021-07-04T09:00:00</Created>
                </TaskNode>
              </TaskNode>
              <TaskNode Caption="FRIDAY ( 1 )">
                <Created>2021-07-04T09:00:00</Created>
                <TaskNode Caption="10:58 - 11:23 Apostol 2 Ch. 1-15 a)">
                  <Created>2021-07-04T09:00:00</Created>
                </TaskNode>
              </TaskNode>
              <TaskNode Caption="SATURDAY ( 1 )">
                <Created>2021-07-04T09:00:00</Created>
                <TaskNode Caption="11:54 - 12:19 Apostol 2 Ch. 1-15 a)">
                  <Created>2021-07-04T09:00:00</Created>
                </TaskNode>
              </TaskNode>
              <TaskNode Caption="SUNDAY">
                <Created>2021-07-04T09:00:00</Created>
                <TaskNode Caption="11:10 - 11:35 Apostol 2 Ch. 1-15 a)">
                  <Created>2021-07-04T09:00:00</Created>
                </TaskNode>
              </TaskNode>
            </TaskNode>
          </TaskNode>
        </TaskNode>
      </TaskNode>
      <TaskNode Caption="Review PvA Exercise 15">
        <DueDateTime>2021-07-04T00:00:00</DueDateTime>
        <LeadTime>0</LeadTime>
        <ScheduleType>1</ScheduleType>
        <Places>
          <Place>3.2 Exercises</Place>
        </Places>
        <Created>2021-07-04T09:00:00</Created>
      </TaskNode>
      <TaskNode Caption="Install E-MAIL">
        <DueDateTime>2021-07-05T00:00:00</DueDateTime>
        <LeadTime>0</LeadTime>
        <ScheduleType>1</ScheduleType>
        <Places>
          <Place>2. CORE</Place>
        </Places>
        <Created>2021-07-04T09:00:00</Created>
      </TaskNode>
      <TaskNode Caption="Opzetten ondersteuning MMa">
        <DueDateTime>2021-07-04T00:00:00</DueDateTime>
        <LeadTime>0</LeadTime>
        <ScheduleType>1</ScheduleType>
        <Places>
          <Place>3.4 Coding MMa</Place>
        </Places>
        <Created>2021-07-04T09:00:00</Created>
      </TaskNode>
      <TaskNode Caption="Solve 15A">
        <DueDateTime>2021-07-04T00:00:00</DueDateTime>
        <LeadTime>0</LeadTime>
        <ScheduleType>1</ScheduleType>
        <Places>
          <Place>3.2 Exercises</Place>
        </Places>
        <Created>2021-07-04T09:00:00</Created>
      </TaskNode>
      <TaskNode Caption="Solve 15B">
        <DueDateTime>2021-07-04T00:00:00</DueDateTime>
        <LeadTime>0</LeadTime>
        <ScheduleType>1</ScheduleType>
        <Places>
          <Place>3.2 Exercises</Place>
        </Places>
        <Created>2021-07-04T09:00:00</Created>
      </TaskNode>
      <TaskNode Caption="Write-up 15A">
        <DueDateTime>2021-07-04T00:00:00</DueDateTime>
        <LeadTime>0</LeadTime>
        <ScheduleType>1</ScheduleType>
        <Places>
          <Place>3.3 Writing</Place>
        </Places>
        <Created>2021-07-04T09:00:00</Created>
      </TaskNode>
      <TaskNode Caption="Write-up 15B">
        <DueDateTime>2021-07-04T00:00:00</DueDateTime>
        <LeadTime>0</LeadTime>
        <ScheduleType>1</ScheduleType>
        <Places>
          <Place>3.3 Writing</Place>
        </Places>
        <Created>2021-07-04T09:00:00</Created>
      </TaskNode>
      <TaskNode Caption="Taiga">
        <DueDateTime>2021-06-21T00:00:00</DueDateTime>
        <StartDateTime>2021-06-21T00:00:00</StartDateTime>
        <LeadTime>0</LeadTime>
        <ScheduleType>1</ScheduleType>
        <TheGoal>1</TheGoal>
        <Places>
          <Place>3. Math</Place>
        </Places>
        <Created>2021-07-04T09:00:00</Created>
      </TaskNode>
      <TaskNode Caption="Install MFDSNT Project in Project Software">
        <DueDateTime>2021-06-23T00:00:00</DueDateTime>
        <StartDateTime>2021-06-21T00:00:00</StartDateTime>
        <LeadTime>2</LeadTime>
        <ScheduleType>1</ScheduleType>
        <TheGoal>1</TheGoal>
        <Places>
          <Place>3. Math</Place>
        </Places>
        <Created>2021-07-04T09:00:00</Created>
      </TaskNode>
      <TaskNode Caption="Install ArbFind Project">
        <Importance>150</Importance>
        <DueDateTime>2021-07-11T00:00:00</DueDateTime>
        <LeadTime>0</LeadTime>
        <ScheduleType>1</ScheduleType>
        <Places>
          <Place>2. CORE</Place>
        </Places>
        <Created>2021-07-04T09:00:00</Created>
      </TaskNode>
      <TaskNode Caption="Install FPRS Project">
        <Importance>150</Importance>
        <DueDateTime>2021-07-11T00:00:00</DueDateTime>
        <LeadTime>0</LeadTime>
        <ScheduleType>1</ScheduleType>
        <Places>
          <Place>2.4. Finc</Place>
        </Places>
        <Created>2021-07-04T09:00:00</Created>
      </TaskNode>
      <TaskNode Caption="Vuilniszak-1 =&gt; Container">
        <LeadTime>0</LeadTime>
        <ScheduleType>1</ScheduleType>
        <Places>
          <Place>1.4 Housekeeping</Place>
        </Places>
        <Created>2021-07-04T09:00:00</Created>
      </TaskNode>
      <TaskNode Caption="Vuilniszak-2 =&gt; Container">
        <DueDateTime>2021-06-21T00:00:00</DueDateTime>
        <StartDateTime>2021-06-20T00:00:00</StartDateTime>
        <ScheduleType>1</ScheduleType>
        <Places>
          <Place>1.4 Housekeeping</Place>
        </Places>
        <Created>2021-07-04T09:00:00</Created>
      </TaskNode>
      <TaskNode Caption="Was draaien">
        <Urgency>150</Urgency>
        <DueDateTime>2021-07-02T00:00:00</DueDateTime>
        <LeadTime>0</LeadTime>
        <ScheduleType>1</ScheduleType>
        <Places>
          <Place>1.3 Clothes</Place>
        </Places>
        <Created>2021-07-04T09:00:00</Created>
      </TaskNode>
      <TaskNode Caption="Boodschappen">
        <Urgency>150</Urgency>
        <DueDateTime>2021-07-01T00:00:00</DueDateTime>
        <StartDateTime>2021-07-01T00:00:00</StartDateTime>
        <LeadTime>0</LeadTime>
        <ScheduleType>1</ScheduleType>
        <Places>
          <Place>1.4 Housekeeping</Place>
        </Places>
        <Created>2021-07-04T09:00:00</Created>
      </TaskNode>
      <TaskNode Caption="Calibre Load Books">
        <DueDateTime>2021-07-11T00:00:00</DueDateTime>
        <LeadTime>0</LeadTime>
        <ScheduleType>1</ScheduleType>
        <Places>
          <Place>3.5 Calibre</Place>
        </Places>
        <Created>2021-07-04T09:00:00</Created>
      </TaskNode>
      <TaskNode Caption="Calibre Load Papers">
        <DueDateTime>2021-07-11T00:00:00</DueDateTime>
        <LeadTime>0</LeadTime>
        <ScheduleType>1</ScheduleType>
        <Places>
          <Place>3.5 Calibre</Place>
        </Places>
        <Created>2021-07-04T09:00:00</Created>
      </TaskNode>
      <TaskNode Caption="Install Backup PC">
        <DueDateTime>2021-07-11T00:00:00</DueDateTime>
        <LeadTime>0</LeadTime>
        <ScheduleType>1</ScheduleType>
        <Places>
          <Place>3.5 Calibre</Place>
        </Places>
        <Created>2021-07-04T09:00:00</Created>
      </TaskNode>
      <TaskNode Caption="#Apotheek Medicatie ophalen">
        <Places>
          <Place>1.1 Medical</Place>
        </Places>
        <Created>2021-07-04T09:00:00</Created>
      </TaskNode>
      <TaskNode Caption="SYSTEMS DIV REQ'D">
        <DueDateTime>2021-07-04T00:00:00</DueDateTime>
        <LeadTime>0</LeadTime>
        <ScheduleType>1</ScheduleType>
        <Places>
          <Place>3.5 Calibre</Place>
        </Places>
        <Created>2021-07-04T09:00:00</Created>
      </TaskNode>
      <TaskNode Caption="Afwas wegwerken">
        <LeadTime>0</LeadTime>
        <ScheduleType>1</ScheduleType>
        <Places>
          <Place>1.4 Housekeeping</Place>
        </Places>
        <Created>2021-07-04T09:00:00</Created>
      </TaskNode>
      <TaskNode Caption="Douche Schoonmaken">
        <Urgency>150</Urgency>
        <DueDateTime>2021-07-02T00:00:00</DueDateTime>
        <LeadTime>0</LeadTime>
        <ScheduleType>1</ScheduleType>
        <Places>
          <Place>1.2 Hygiene</Place>
        </Places>
        <Created>2021-07-04T09:00:00</Created>
      </TaskNode>
      <TaskNode Caption="Plan Exercise 14">
        <LeadTime>0</LeadTime>
        <ScheduleType>1</ScheduleType>
        <Places>
          <Place>3.2 Exercises</Place>
        </Places>
        <Created>2021-07-04T09:00:00</Created>
      </TaskNode>
      <TaskNode Caption="Study subject Exercise 14">
        <Places>
          <Place>3.2 Exercises</Place>
        </Places>
        <Created>2021-07-04T09:00:00</Created>
      </TaskNode>
      <TaskNode Caption="Solve 14)">
        <Places>
          <Place>3.2 Exercises</Place>
        </Places>
        <Created>2021-07-04T09:00:00</Created>
      </TaskNode>
      <TaskNode Caption="Solve 14a)">
        <Places>
          <Place>3.2 Exercises</Place>
        </Places>
        <Created>2021-07-04T09:00:00</Created>
      </TaskNode>
      <TaskNode Caption="Solve 14b)">
        <Places>
          <Place>3.2 Exercises</Place>
        </Places>
        <Created>2021-07-04T09:00:00</Created>
      </TaskNode>
      <TaskNode Caption="Solve 14c)">
        <DueDateTime>2021-07-01T00:00:00</DueDateTime>
        <StartDateTime>2021-07-01T00:00:00</StartDateTime>
        <LeadTime>0</LeadTime>
        <ScheduleType>1</ScheduleType>
        <Places>
          <Place>3.2 Exercises</Place>
        </Places>
        <Created>2021-07-04T09:00:00</Created>
      </TaskNode>
      <TaskNode Caption="Solve 14d)">
        <DueDateTime>2021-07-01T00:00:00</DueDateTime>
        <StartDateTime>2021-07-01T00:00:00</StartDateTime>
        <LeadTime>0</LeadTime>
        <ScheduleType>1</ScheduleType>
        <Places>
          <Place>3.2 Exercises</Place>
        </Places>
        <Created>2021-07-04T09:00:00</Created>
      </TaskNode>
      <TaskNode Caption="Solve 14e)">
        <DueDateTime>2021-07-01T00:00:00</DueDateTime>
        <StartDateTime>2021-07-01T00:00:00</StartDateTime>
        <LeadTime>0</LeadTime>
        <ScheduleType>1</ScheduleType>
        <Places>
          <Place>3.2 Exercises</Place>
        </Places>
        <Created>2021-07-04T09:00:00</Created>
      </TaskNode>
      <TaskNode Caption="Write-up Exercise 14">
        <DueDateTime>2021-07-01T00:00:00</DueDateTime>
        <StartDateTime>2021-07-01T00:00:00</StartDateTime>
        <LeadTime>0</LeadTime>
        <ScheduleType>1</ScheduleType>
        <Places>
          <Place>3.2 Exercises</Place>
        </Places>
        <Created>2021-07-04T09:00:00</Created>
      </TaskNode>
      <TaskNode Caption="Write-up Exercise 14a)">
        <DueDateTime>2021-07-01T00:00:00</DueDateTime>
        <StartDateTime>2021-07-01T00:00:00</StartDateTime>
        <LeadTime>0</LeadTime>
        <ScheduleType>1</ScheduleType>
        <Places>
          <Place>3.2 Exercises</Place>
        </Places>
        <Created>2021-07-04T09:00:00</Created>
      </TaskNode>
      <TaskNode Caption="Write-up Exercise 14b)">
        <DueDateTime>2021-07-01T00:00:00</DueDateTime>
        <StartDateTime>2021-07-01T00:00:00</StartDateTime>
        <LeadTime>0</LeadTime>
        <ScheduleType>1</ScheduleType>
        <Places>
          <Place>3.2 Exercises</Place>
        </Places>
        <Created>2021-07-04T09:00:00</Created>
      </TaskNode>
      <TaskNode Caption="Write-up Exercise 14c)">
        <DueDateTime>2021-07-01T00:00:00</DueDateTime>
        <StartDateTime>2021-07-01T00:00:00</StartDateTime>
        <LeadTime>0</LeadTime>
        <ScheduleType>1</ScheduleType>
        <Places>
          <Place>3.2 Exercises</Place>
        </Places>
        <Created>2021-07-04T09:00:00</Created>
      </TaskNode>
      <TaskNode Caption="Write-up Exercise 14d)">
        <DueDateTime>2021-07-01T00:00:00</DueDateTime>
        <StartDateTime>2021-07-01T00:00:00</StartDateTime>
        <LeadTime>0</LeadTime>
        <ScheduleType>1</ScheduleType>
        <Places>
          <Place>3.2 Exercises</Place>
        </Places>
        <Created>2021-07-04T09:00:00</Created>
      </TaskNode>
      <TaskNode Caption="Write-up Exercise 14e)">
        <DueDateTime>2021-07-01T00:00:00</DueDateTime>
        <StartDateTime>2021-07-01T00:00:00</StartDateTime>
        <LeadTime>0</LeadTime>
        <ScheduleType>1</ScheduleType>
        <Places>
          <Place>3.2 Exercises</Place>
        </Places>
        <Created>2021-07-04T09:00:00</Created>
      </TaskNode>
      <TaskNode Caption="Exc. 13 g2(t)">
        <Places>
          <Place>3.2 Exercises</Place>
        </Places>
        <Created>2021-07-04T09:00:00</Created>
      </TaskNode>
      <TaskNode Caption="Exc. 13 g3(t)">
        <Places>
          <Place>3.2 Exercises</Place>
        </Places>
        <Created>2021-07-04T09:00:00</Created>
      </TaskNode>
      <TaskNode Caption="Exc. 13 Delta(t)">
        <Places>
          <Place>3.2 Exercises</Place>
        </Places>
        <Created>2021-07-04T09:00:00</Created>
      </TaskNode>
      <TaskNode Caption="Exc. 13 Check Delta(t) = g2(t)^3-27g3(t)^2">
        <Places>
          <Place>3.2 Exercises</Place>
        </Places>
        <Created>2021-07-04T09:00:00</Created>
      </TaskNode>
      <TaskNode Caption="Exc. 13 Verklaar 8000, 147">
        <Places>
          <Place>3.2 Exercises</Place>
        </Places>
        <Created>2021-07-04T09:00:00</Created>
      </TaskNode>
      <TaskNode Caption="Exc. 13 Uitwerken">
        <Places>
          <Place>3.2 Exercises</Place>
        </Places>
        <Created>2021-07-04T09:00:00</Created>
      </TaskNode>
      <TaskNode Caption="Exc. 13 Write-up">
        <Places>
          <Place>3.2 Exercises</Place>
        </Places>
        <Created>2021-07-04T09:00:00</Created>
      </TaskNode>
      <TaskNode Caption="PvA Summary Chapter 1 MFDSNT">
        <DueDateTime>2021-07-05T00:00:00</DueDateTime>
        <LeadTime>0</LeadTime>
        <ScheduleType>1</ScheduleType>
        <Places>
          <Place>3.3 Writing</Place>
        </Places>
        <Created>2021-07-04T09:00:00</Created>
      </TaskNode>
      <TaskNode Caption="PLAN Study/Reading Applied Category Theory">
        <DueDateTime>2021-07-09T00:00:00</DueDateTime>
        <LeadTime>0</LeadTime>
        <ScheduleType>1</ScheduleType>
        <Places>
          <Place>3.1 Reading</Place>
        </Places>
        <Created>2021-07-04T09:00:00</Created>
      </TaskNode>
      <TaskNode Caption="PLAN Study/Reading Enumerative Combinatorics">
        <DueDateTime>2021-07-09T00:00:00</DueDateTime>
        <LeadTime>0</LeadTime>
        <ScheduleType>1</ScheduleType>
        <Places>
          <Place>3.1 Reading</Place>
        </Places>
        <Created>2021-07-04T09:00:00</Created>
      </TaskNode>
      <TaskNode Caption="DST">
        <Urgency>150</Urgency>
        <DueDateTime>2021-07-02T00:00:00</DueDateTime>
        <LeadTime>0</LeadTime>
        <ScheduleType>1</ScheduleType>
        <Places>
          <Place>1.2 Hygiene</Place>
        </Places>
        <Created>2021-07-04T09:00:00</Created>
      </TaskNode>
      <TaskNode Caption="#Apotheek; Verzoek gereedmaken recept">
        <Urgency>175</Urgency>
        <DueDateTime>2021-06-14T00:00:00</DueDateTime>
        <StartDateTime>2021-06-14T00:00:00</StartDateTime>
        <LeadTime>0</LeadTime>
        <ScheduleType>1</ScheduleType>
        <Places>
          <Place>1. Personal</Place>
        </Places>
        <Created>2021-07-04T09:00:00</Created>
      </TaskNode>
      <TaskNode Caption="#Apotheek; Medicijnen ophalen">
        <Urgency>175</Urgency>
        <DueDateTime>2021-06-15T00:00:00</DueDateTime>
        <StartDateTime>2021-06-15T00:00:00</StartDateTime>
        <LeadTime>0</LeadTime>
        <ScheduleType>1</ScheduleType>
        <Places>
          <Place>1. Personal</Place>
        </Places>
        <Created>2021-07-04T09:00:00</Created>
      </TaskNode>
      <TaskNode Caption="Was draaien">
        <DueDateTime>2021-06-14T00:00:00</DueDateTime>
        <StartDateTime>2021-06-14T00:00:00</StartDateTime>
        <LeadTime>0</LeadTime>
        <ScheduleType>1</ScheduleType>
        <Places>
          <Place>1.4 Housekeeping</Place>
        </Places>
        <Created>2021-07-04T09:00:00</Created>
      </TaskNode>
      <TaskNode Caption="Was ophangen">
        <DueDateTime>2021-06-14T00:00:00</DueDateTime>
        <StartDateTime>2021-06-14T00:00:00</StartDateTime>
        <LeadTime>0</LeadTime>
        <ScheduleType>1</ScheduleType>
        <Created>2021-07-04T09:00:00</Created>
      </TaskNode>
      <TaskNode Caption="Boodschappen">
        <DueDateTime>2021-06-14T00:00:00</DueDateTime>
        <StartDateTime>2021-06-14T00:00:00</StartDateTime>
        <LeadTime>0</LeadTime>
        <ScheduleType>1</ScheduleType>
        <Places>
          <Place>1.4 Housekeeping</Place>
        </Places>
        <Created>2021-07-04T09:00:00</Created>
      </TaskNode>
    </TaskNode>
  </TaskTree>
  <PConfig>
    <i0>ProfileDate_Desktop5=2021-05-22T13:51:22</i0>
  </PConfig>
  <PlacesList>
    <TaskPlace Caption="2.4.1GemRdam">
      <Open Days="MO TU WE TH FR" StartTime="16:00:00" EndTime="21:00:00"/>
    </TaskPlace>
    <TaskPlace Caption="2.4.2NatNed">
      <Open Days="MO TU WE TH FR" StartTime="16:00:00" EndTime="21:00:00"/>
    </TaskPlace>
    <TaskPlace Caption="2.4.3SOR">
      <Open Days="MO TU WE TH FR" StartTime="16:00:00" EndTime="21:00:00"/>
    </TaskPlace>
    <TaskPlace Caption="3. Math">
      <Open Days="MO TU WE TH FR" StartTime="11:00:00" EndTime="17:00:00"/>
      <Note>CvdB
</Note>
      <Includes Place="3.1 Reading"/>
      <Includes Place="3.2 Exercises"/>
      <Includes Place="3.3 Writing"/>
      <Includes Place="3.4 Coding MMa"/>
      <Includes Place="3.5 Calibre"/>
    </TaskPlace>
    <TaskPlace Caption="3.1 Reading">
      <Open Days="MO TU WE TH FR" StartTime="11:00:00" EndTime="17:00:00"/>
    </TaskPlace>
    <TaskPlace Caption="3.2 Exercises">
      <Open Days="MO TU WE TH FR" StartTime="11:00:00" EndTime="17:00:00"/>
    </TaskPlace>
    <TaskPlace Caption="3.3 Writing">
      <Open Days="MO TU WE TH FR" StartTime="11:00:00" EndTime="17:00:00"/>
    </TaskPlace>
    <TaskPlace Caption="3.4 Coding MMa">
      <Open Days="MO TU WE TH FR" StartTime="11:00:00" EndTime="17:00:00"/>
    </TaskPlace>
    <TaskPlace Caption="3.5 Calibre">
      <Open Days="MO TU WE TH FR" StartTime="11:00:00" EndTime="17:00:00"/>
    </TaskPlace>
    <TaskPlace Caption="1. Personal">
      <Note>SZM
</Note>
      <Includes Place="1.1 Medical"/>
      <Includes Place="1.2 Hygiene"/>
      <Includes Place="1.3 Clothes"/>
      <Includes Place="1.4 Housekeeping"/>
    </TaskPlace>
    <TaskPlace Caption="2.4. Finc">
      <Open Days="MO TU WE TH FR" StartTime="16:00:00" EndTime="21:00:00"/>
      <Note>GvdD

Teams
- Improv
- Agenda
- Above&amp;Beyond
- GoalPro
- OTHER
</Note>
      <Includes Place="2.4.1GemRdam"/>
      <Includes Place="2.4.2NatNed"/>
      <Includes Place="2.4.3SOR"/>
    </TaskPlace>
    <TaskPlace Caption="__NOT__ASSIGNED"/>
    <TaskPlace Caption="1.4 Housekeeping"/>
    <TaskPlace Caption="1.1 Medical"/>
    <TaskPlace Caption="2.1. PR-DV">
      <Open Days="MO TU WE TH FR" StartTime="16:00:00" EndTime="21:00:00"/>
    </TaskPlace>
    <TaskPlace Caption="2.3. Sales">
      <Open Days="MO TU WE TH FR" StartTime="16:00:00" EndTime="21:00:00"/>
    </TaskPlace>
    <TaskPlace Caption="2.2. Process">
      <Open Days="MO TU WE TH FR" StartTime="16:00:00" EndTime="21:00:00"/>
    </TaskPlace>
    <TaskPlace Caption="1.2 Hygiene"/>
    <TaskPlace Caption="1.3 Clothes"/>
    <TaskPlace Caption="2. CORE">
      <Open Days="MO TU WE TH FR" StartTime="16:00:00" EndTime="21:00:00"/>
      <Includes Place="2.1. PR-DV"/>
      <Includes Place="2.3. Sales"/>
      <Includes Place="2.2. Process"/>
      <Includes Place="2.4. Finc"/>
    </TaskPlace>
  </PlacesList>
  <Flags>
    <Flag Caption="Red Flag">AAABAAcAEBAAAAEAIABoBAAAdgAAABgYAAABACAAiAkAAN4EAAAgIAAAAQAgAKgQAABmDgAAICAAAAEAIACoEAAADh8AADAwAAABACAAqCUAALYvAABAQAAAAQAgAChCAABeVQAASEgAAAEAIACIVAAAhpcAACgAAAAQAAAAIAAAAAEAIAAAAAAAAAAAAAAAAAAAAAAAAAAAAAAAAAD///8A////AP///wD///8A////AP///wD///8A////AP///wD///8A////AP///wD///8A////AP///wD///8A////ADZD9P82Q/T/NkP0ADZD9AA2Q/QANkP0ADZD9AA2Q/QANkP0ADZD9AA2Q/QANkP0ADZD9AA2Q/QANkP0AP///wA2Q/T/NkP0/zZD9AA2Q/QANkP0ADZD9AA2Q/QANkP0ADZD9AA2Q/QANkP0ADZD9AA2Q/QANkP0ADZD9AD///8ANkP0/zZD9P82Q/QANkP0ADZD9AA2Q/QANkP0ADZD9AA2Q/QANkP0ADZD9AA2Q/QANkP0ADZD9AA2Q/QA////ADZD9P82Q/T/NkP0ADZD9AA2Q/QANkP0ADZD9AA2Q/QANkP0ADZD9AA2Q/QANkP0ADZD9AA2Q/QANkP0AP///wA2Q/T/NkP0/zZD9AA2Q/QANkP0ADZD9AA2Q/QANkP0ADZD9AA2Q/QANkP0ADZD9AA2Q/QANkP0ADZD9AD///8ANkP0/zZD9P82Q/QANkP0ADZD9AA2Q/QANkP0ADZD9P82Q/T/NkP0/zZD9P82Q/T/NkP0/zZD9P82Q/T/////ADZD9P82Q/T/NkP0ADZD9AA2Q/QANkP0ADZD9AA2Q/T/NkP0/zZD9P82Q/T/NkP0/zZD9P82Q/T/NkP0/////wA2Q/T/NkP0/zZD9AA2Q/T/NkP0/zZD9P82Q/QaNkP0/zZD9P82Q/T/NkP0/zZD9P82Q/T/NkP0/zZD9P////8ANkP0/zZD9P82Q/QANkP0/zZD9P82Q/T/NkP0GjZD9P82Q/T/NkP0/zZD9P82Q/T/NkP0/zZD9P82Q/T/////ADZD9P82Q/T/NkP0ADZD9P82Q/T/NkP0/zZD9Bo2Q/T/NkP0/zZD9P82Q/T/NkP0/zZD9P82Q/T/NkP0/////wA2Q/T/NkP0/zZD9AA2Q/T/NkP0/zZD9P82Q/QaNkP0/zZD9P82Q/T/NkP0/zZD9P82Q/T/NkP0/zZD9P////8ANkP0/zZD9P82Q/QANkP0/zZD9P82Q/T/NkP0GjZD9P82Q/T/NkP0/zZD9P82Q/T/NkP0/zZD9P82Q/T/////ADZD9P82Q/T/NkP0ADZD9P82Q/T/NkP0/zZD9Bo2Q/QaNkP0GjZD9Bo2Q/QaNkP0ADZD9AA2Q/QANkP0AP///wA2Q/T/NkP0/zZD9AA2Q/T/NkP0/zZD9P82Q/T/NkP0/zZD9P82Q/T/NkP0/zZD9AA2Q/QANkP0ADZD9AD///8A////AP///wD///8A////AP///wD///8A////AP///wD///8A////AP///wD///8A////AP///wD///8A//8AAJ//AACf/wAAn/8AAJ//AACf/wAAnwAAAJ8AAACQAAAAkAAAAJAAAACQAAAAkAAAAJAPAACQDwAA//8AACgAAAAYAAAAMAAAAAEAIAAAAAAAAAAAAAAAAAAAAAAAAAAAAAAAAAD///8ANkP0/zZD9P82Q/T/NkP0ADZD9AA2Q/QANkP0ADZD9AA2Q/QANkP0ADZD9AA2Q/QANkP0ADZD9AA2Q/QANkP0ADZD9AA2Q/QANkP0ADZD9AA2Q/QANkP0ADZD9AD///8ANkP0/zZD9P82Q/T/NkP0ADZD9AA2Q/QANkP0ADZD9AA2Q/QANkP0ADZD9AA2Q/QANkP0ADZD9AA2Q/QANkP0ADZD9AA2Q/QANkP0ADZD9AA2Q/QANkP0ADZD9AD///8ANkP0/zZD9P82Q/T/NkP0ADZD9AA2Q/QANkP0ADZD9AA2Q/QANkP0ADZD9AA2Q/QANkP0ADZD9AA2Q/QANkP0ADZD9AA2Q/QANkP0ADZD9AA2Q/QANkP0ADZD9AD///8ANkP0/zZD9P82Q/T/NkP0ADZD9AA2Q/QANkP0ADZD9AA2Q/QANkP0ADZD9AA2Q/QANkP0ADZD9AA2Q/QANkP0ADZD9AA2Q/QANkP0ADZD9AA2Q/QANkP0ADZD9AD///8ANkP0/zZD9P82Q/T/NkP0ADZD9AA2Q/QANkP0ADZD9AA2Q/QANkP0ADZD9AA2Q/QANkP0ADZD9AA2Q/QANkP0ADZD9AA2Q/QANkP0ADZD9AA2Q/QANkP0ADZD9AD///8ANkP0/zZD9P82Q/T/NkP0ADZD9AA2Q/QANkP0ADZD9AA2Q/QANkP0ADZD9AA2Q/QANkP0ADZD9AA2Q/QANkP0ADZD9AA2Q/QANkP0ADZD9AA2Q/QANkP0ADZD9AD///8ANkP0/zZD9P82Q/T/NkP0ADZD9AA2Q/QANkP0ADZD9AA2Q/QANkP0ADZD9AA2Q/QANkP0ADZD9AA2Q/QANkP0ADZD9AA2Q/QANkP0ADZD9AA2Q/QANkP0ADZD9AD///8ANkP0/zZD9P82Q/T/NkP0ADZD9AA2Q/QANkP0ADZD9AA2Q/QANkP0ADZD9AA2Q/QANkP0ADZD9AA2Q/QANkP0ADZD9AA2Q/QANkP0ADZD9AA2Q/QANkP0ADZD9AD///8ANkP0/zZD9P82Q/T/NkP0ADZD9AA2Q/QANkP0ADZD9AA2Q/QANkP0ADZD9AA2Q/QANkP0ADZD9AA2Q/QANkP0ADZD9AA2Q/QANkP0ADZD9AA2Q/QANkP0ADZD9AD///8ANkP0/zZD9P82Q/T/NkP0ADZD9AA2Q/QANkP0ADZD9AA2Q/QANkP0ADZD9AA2Q/T/NkP0/zZD9P82Q/T/NkP0/zZD9P82Q/T/NkP0/zZD9P82Q/T/NkP0/zZD9P////8ANkP0/zZD9P82Q/T/NkP0ADZD9AA2Q/QANkP0ADZD9AA2Q/QANkP0ADZD9AA2Q/T/NkP0/zZD9P82Q/T/NkP0/zZD9P82Q/T/NkP0/zZD9P82Q/T/NkP0/zZD9P////8ANkP0/zZD9P82Q/T/NkP0ADZD9AA2Q/QANkP0ADZD9AA2Q/QANkP0ADZD9AA2Q/T/NkP0/zZD9P82Q/T/NkP0/zZD9P82Q/T/NkP0/zZD9P82Q/T/NkP0/zZD9P////8ANkP0/zZD9P82Q/T/NkP0ADZD9AA2Q/QANkP0ADZD9AA2Q/QANkP0ADZD9AA2Q/T/NkP0/zZD9P82Q/T/NkP0/zZD9P82Q/T/NkP0/zZD9P82Q/T/NkP0/zZD9P////8ANkP0/zZD9P82Q/T/NkP0ADZD9P82Q/T/NkP0/zZD9P82Q/T/NkP0/zZD9Bo2Q/T/NkP0/zZD9P82Q/T/NkP0/zZD9P82Q/T/NkP0/zZD9P82Q/T/NkP0/zZD9P////8ANkP0/zZD9P82Q/T/NkP0ADZD9P82Q/T/NkP0/zZD9P82Q/T/NkP0/zZD9Bo2Q/T/NkP0/zZD9P82Q/T/NkP0/zZD9P82Q/T/NkP0/zZD9P82Q/T/NkP0/zZD9P////8ANkP0/zZD9P82Q/T/NkP0ADZD9P82Q/T/NkP0/zZD9P82Q/T/NkP0/zZD9Bo2Q/T/NkP0/zZD9P82Q/T/NkP0/zZD9P82Q/T/NkP0/zZD9P82Q/T/NkP0/zZD9P////8ANkP0/zZD9P82Q/T/NkP0ADZD9P82Q/T/NkP0/zZD9P82Q/T/NkP0/zZD9Bo2Q/T/NkP0/zZD9P82Q/T/NkP0/zZD9P82Q/T/NkP0/zZD9P82Q/T/NkP0/zZD9P////8ANkP0/zZD9P82Q/T/NkP0ADZD9P82Q/T/NkP0/zZD9P82Q/T/NkP0/zZD9Bo2Q/T/NkP0/zZD9P82Q/T/NkP0/zZD9P82Q/T/NkP0/zZD9P82Q/T/NkP0/zZD9P////8ANkP0/zZD9P82Q/T/NkP0ADZD9P82Q/T/NkP0/zZD9P82Q/T/NkP0/zZD9Bo2Q/T/NkP0/zZD9P82Q/T/NkP0/zZD9P82Q/T/NkP0/zZD9P82Q/T/NkP0/zZD9P////8ANkP0/zZD9P82Q/T/NkP0ADZD9P82Q/T/NkP0/zZD9P82Q/T/NkP0/zZD9Bo2Q/T/NkP0/zZD9P82Q/T/NkP0/zZD9P82Q/T/NkP0/zZD9P82Q/T/NkP0/zZD9P////8ANkP0/zZD9P82Q/T/NkP0ADZD9P82Q/T/NkP0/zZD9P82Q/T/NkP0/zZD9Bo2Q/QaNkP0GjZD9Bo2Q/QaNkP0GjZD9AA2Q/QANkP0ADZD9AA2Q/QANkP0ADZD9AD///8ANkP0/zZD9P82Q/T/NkP0ADZD9P82Q/T/NkP0/zZD9P82Q/T/NkP0/zZD9P82Q/T/NkP0/zZD9P82Q/T/NkP0/zZD9AA2Q/QANkP0ADZD9AA2Q/QANkP0ADZD9AD///8ANkP0/zZD9P82Q/T/NkP0ADZD9P82Q/T/NkP0/zZD9P82Q/T/NkP0/zZD9P82Q/T/NkP0/zZD9P82Q/T/NkP0/zZD9AA2Q/QANkP0ADZD9AA2Q/QANkP0ADZD9AD///8ANkP0/zZD9P82Q/T/NkP0ADZD9P82Q/T/NkP0/zZD9P82Q/T/NkP0/zZD9P82Q/T/NkP0/zZD9P82Q/T/NkP0/zZD9AA2Q/QANkP0ADZD9AA2Q/QANkP0ADZD9ACP//8Aj///AI///wCP//8Aj///AI///wCP//8Aj///AI///wCP8AAAj/AAAI/wAACP8AAAiAAAAIgAAACIAAAAiAAAAIgAAACIAAAAiAAAAIgAfwCIAH8AiAB/AIgAfwAoAAAAIAAAAEAAAAABACAAAAAAAAAAAAAAAAAAAAAAAAAAAAAAAAAA////AP///wD///8A////AFJS2e1SUtkA////AP///wD///8A////AP///wD///8A////AP///wD///8A////AP///wD///8A////AP///wD///8A////AP///wD///8A////AP///wD///8A////AP///wD///8A////AP///wD///8A////AP///wD///8AUlLZ/1JS2QD///8A////AP///wD///8A////AP///wD///8A////AP///wD///8A////AP///wD///8A////AP///wD///8A////AP///wD///8A////AP///wD///8A////AP///wD///8A////AP///wD///8A////AP///wBSUtn/UlLZAP///wD///8A////AP///wD///8A////AP///wD///8A////AP///wD///8A////AP///wD///8A////AP///wD///8A////AP///wD///8A////AP///wD///8A////AP///wD///8A////AP///wD///8A////AFJS2f9SUtkA////AP///wD///8A////AP///wD///8A////AP///wD///8A////AP///wD///8A////AP///wD///8A////AP///wD///8A////AP///wD///8A////AP///wD///8A////AP///wD///8A////AP///wD///8AUlLZ/1JS2QD///8A////AP///wD///8A////AP///wD///8A////AP///wD///8A////AP///wD///8A////AP///wD///8A////AP///wD///8A////AP///wD///8A////AP///wD///8A////AP///wD///8A////AP///wBSUtn/UlLZAP///wD///8A////AP///wD///8A////AP///wD///8A////AP///wD///8A////AP///wD///8A////AP///wD///8A////AP///wD///8A////AP///wD///8A////AP///wD///8A////AP///wD///8A////AFJS2f9SUtkA////AP///wD///8A////AP///wD///8A////AP///wD///8A////AP///wD///8A////AP///wD///8A////AP///wD///8A////AP///wD///8A////AP///wD///8A////AP///wD///8A////AP///wD///8AUlLZ/1JS2QD///8A////AP///wD///8A////AP///wD///8A////AP///wD///8A////AP///wD///8A////AP///wD///8A////AP///wD///8A////AP///wD///8A////AP///wD///8A////AP///wD///8A////AP///wBSUtn/UlLZAP///wD///8A////AP///wD///8A////AP///wD///8A////AP///wD///8A////AP///wD///8A////AP///wD///8A////AP///wD///8A////AP///wD///8A////AP///wD///8A////AP///wD///8A////AFJS2f9SUtkA////AP///wD///8A////AP///wD///8A////AP///wD///8A////AP///wD///8A////AP///wD///8A////AP///wD///8A////AP///wD///8A////AP///wD///8A////AP///wD///8A////AP///wD///8AUlLZ/1JS2QD///8A////AP///wD///8A////AP///wD///8A////AP///wD///8A////AP///wD///8A////AP///wD///8A////AP///wD///8A////AP///wD///8A////AP///wD///8A////AP///wD///8A////AP///wBSUtn/UlLZAP///wD///8A////AP///wD///8A////AP///wD///8A////AP///wD///8A////AP///wD///8A////AP///wD///8A////AP///wD///8A////AP///wD///8A////AP///wD///8A////AP///wD///8A////AFJS2f9SUtkA////AP///wD///8A////AP///wD///8A////AP///wD///8A////AP///wD///8A////AP///wD///8A////AP///wD///8A////AP///wD///8A////AP///wD///8A////AP///wD///8A////AP///wD///8AUlLZ/1JS2WBSUtkM////AP///wD///8A////AP///wD///8A////AP///wD///8A////AFJS2RdSUtlZUlLZmlJS2c1SUtnvUlLZ/1JS2f1SUtnnUlLZyVJS2ZxSUtlpUlLZJv///wD///8A////AP///wD///8A////AP///wBSUtn/WFjn/1JS2fdSUtm7UlLZdVJS2T1SUtkXUlLZB1JS2RBSUtkmUlLZVVJS2ZJSUtnUUlLZ/ldX5v9bW/D/Xl74/2Bg/f9hYf//YWH//2Bg+/9eXvf/W1vw/1hY6f9SUtn/////AP///wD///8A////AP///wD///8A////AFJS2f9hYf//YWH+/11d9f9ZWer/Vlbi/1NT3P9SUtr/U1Pb/1RU3/9XV+b/W1vv/15e+f9hYf//YWH//2Fh//9hYf//YWH//2Fh//9hYf//YWH//2Fh//9hYf//YWH//1JS2f////8A////AP///wD///8A////AP///wD///8AUlLZ/2Fh//9hYf//YWH//2Fh//9hYf//YWH//2Fh//9hYf//YWH//2Fh//9hYf//YWH//2Fh//9hYf//YWH//2Fh//9hYf//YWH//2Fh//9hYf//YWH//2Fh//9hYf//UlLZ/////wD///8A////AP///wD///8A////AP///wBSUtn/YWH//2Fh//9hYf//YWH//2Fh//9hYf//YWH//2Fh//9hYf//YWH//2Fh//9hYf//YWH//2Fh//9hYf//YWH//2Fh//9hYf//YWH//2Fh//9hYf//YWH//2Fh//9SUtn/////AP///wD///8A////AP///wD///8A////AFJS2f9hYf//YWH//2Fh//9hYf//YWH//2Fh//9hYf//YWH//2Fh//9hYf//YWH//2Fh//9hYf//YWH//2Fh//9hYf//YWH//2Fh//9hYf//YWH//2Fh//9hYf//YWH//1JS2f////8A////AP///wD///8A////AP///wD///8AUlLZ/2Fh//9hYf//YWH//2Fh//9hYf//YWH//2Fh//9hYf//YWH//2Fh//9hYf//YWH//2Fh//9hYf//YWH//2Fh//9hYf//YWH//2Fh//9hYf//YWH//2Fh//9hYf//UlLZ/////wD///8A////AP///wD///8A////AP///wBSUtn/YWH//2Fh//9hYf//YWH//2Fh//9hYf//YWH//2Fh//9hYf//YWH//2Fh//9hYf//YWH//2Fh//9hYf//YWH//2Fh//9hYf//YWH//2Fh//9hYf//YWH//2Fh//9SUtn/////AP///wD///8A////AP///wD///8A////AFJS2f9hYf//YWH//2Fh//9hYf//YWH//2Fh//9hYf//YWH//2Fh//9hYf//YWH//2Fh//9hYf//YWH//2Fh//9hYf//YWH//2Fh//9hYf//YWH//2Fh//9hYf//YWH//1JS2f////8A////AP///wD///8A////AP///wD///8AUlLZ/2Fh//9hYf//YWH//2Fh//9hYf//YWH//2Fh//9hYf//YWH//2Fh//9hYf//YWH//2Fh//9hYf//YWH//2Fh//9hYf//YWH//2Fh//9hYf//YWH//2Fh//9hYf//UlLZ/////wD///8A////AP///wD///8A////AP///wBSUtn/YWH//2Fh//9hYf//YWH//2Fh//9hYf//YWH//2Fh//9hYf//YWH//2Fh//9hYf//YWH//2Fh//9hYf//YWH//2Fh//9hYf//YWH//2Fh//9hYf//YWH//2Fh//9SUtn/////AP///wD///8A////AP///wD///8A////AFJS2f9hYf//YWH//2Fh//9hYf//YWH//2Fh//9hYf//YWH//2Fh//9hYf//YWH//2Fh//9hYf//YWH//2Fh//9hYf//YWH//2Fh//9hYf//YWH//2Fh//9hYf//YWH//1JS2f////8A////AP///wD///8A////AP///wD///8AUlLZ/2Fh//9hYf//YWH//2Fh//9hYf//YWH//2Fh//9hYf//YWH//2Fh//9hYf//YWH//2Fh//9hYf//YWH//2Fh//9hYf//YWH//2Fh//9hYf//YWH//2Fh//9hYf//UlLZ/////wD///8A////AP///wD///8A////AP///wBSUtn/YWH//2Fh//9hYf//YWH//2Fh//9hYf//YWH//2Fh//9hYf//YWH//2Fh//9hYf//YWH//2Fh//9hYf//YWH//2Fh//9hYf//YWH//2Fh//9hYf//YWH//2Fh//9SUtn/////AP///wD///8A////AP///wD///8A////AFJS2f9hYf//YWH//2Fh//9hYf//YWH//2Fh//9hYf//YWH//2Fh//9hYf//YWH//2Fh//9hYf//YWH//2Fh//9hYf//YWH//2Fh//9hYf//YWH//2Fh//9hYf//YWH//1JS2f////8A////AP///wD///8A////AP///wD///8AUlLZ/1tb8P9gYPz/YWH//2Fh//9hYf//YWH//2Fh//9hYf//YWH//2Fh//9hYf//YWH//2Bg/P9cXPL/WFjo/1VV4P9TU9z/UlLZ/1JS2f9TU93/VVXh/1hY6P9bW/D/UlLZ/////wD///8A////AP///wD///8A////AP///wBSUtk0UlLZmVJS2e1WVuL/Wlrt/11d9v9gYPz/YWH+/2Bg/f9fX/r/XFzz/1lZ6v9VVeD/UlLZ6FJS2aZSUtljUlLZMVJS2RH///8AUlLZA1JS2RlSUtk5UlLZZVJS2ZpSUtnc////AP///wD///8A////AP///wD///8A////AFJS2QBSUtkAUlLZBlJS2T5SUtmGUlLZwFJS2ehSUtn6UlLZ8VJS2dtSUtmvUlLZb1JS2SxSUtkB////AP///wD///8A////AP///wD///8A////AP///wD///8A////AP///wD///8A////AP///wD///8A////AP///wD///8A////AP///wD///8A////AP///wD///8A////AP///wD///8A////AP///wD///8A////AP///wD///8A////AP///wD///8A////AP///wD///8A////AP///wD///8A////AP///wD///8A////APf////3////9/////f////3////9/////f////3////9/////f////3////9/////f////x/4AH8AAAB/AAAAfwAAAH8AAAB/AAAAfwAAAH8AAAB/AAAAfwAAAH8AAAB/AAAAfwAAAH8AAAB/AAAAfwAAAH8AACB/wAP///////KAAAACAAAABAAAAAAQAgAAAAAAAAAAAAAAAAAAAAAAAAAAAAAAAAAP///wD///8A////AP///wD///8A////AP///wD///8A////AP///wD///8A////AP///wD///8A////AP///wD///8A////AP///wD///8A////AP///wD///8A////AP///wD///8A////AP///wD///8A////AP///wD///8A////AP///wD///8A////AP///wD///8A////AP///wD///8A////AP///wD///8A////AP///wD///8A////AP///wD///8A////AP///wD///8A////AP///wD///8A////AP///wD///8A////AP///wD///8A////AP///wD///8A////ADZD9P82Q/T/NkP0/zZD9AA2Q/QANkP0ADZD9AA2Q/QANkP0ADZD9AA2Q/QANkP0ADZD9AA2Q/QANkP0ADZD9AA2Q/QANkP0ADZD9AA2Q/QANkP0ADZD9AA2Q/QANkP0ADZD9AA2Q/QANkP0ADZD9AD///8A////AP///wD///8ANkP0/zZD9P82Q/T/NkP0ADZD9AA2Q/QANkP0ADZD9AA2Q/QANkP0ADZD9AA2Q/QANkP0ADZD9AA2Q/QANkP0ADZD9AA2Q/QANkP0ADZD9AA2Q/QANkP0ADZD9AA2Q/QANkP0ADZD9AA2Q/QANkP0AP///wD///8A////AP///wA2Q/T/NkP0/zZD9P82Q/QANkP0ADZD9AA2Q/QANkP0ADZD9AA2Q/QANkP0ADZD9AA2Q/QANkP0ADZD9AA2Q/QANkP0ADZD9AA2Q/QANkP0ADZD9AA2Q/QANkP0ADZD9AA2Q/QANkP0ADZD9AA2Q/QA////AP///wD///8A////ADZD9P82Q/T/NkP0/zZD9AA2Q/QANkP0ADZD9AA2Q/QANkP0ADZD9AA2Q/QANkP0ADZD9AA2Q/QANkP0ADZD9AA2Q/QANkP0ADZD9AA2Q/QANkP0ADZD9AA2Q/QANkP0ADZD9AA2Q/QANkP0ADZD9AD///8A////AP///wD///8ANkP0/zZD9P82Q/T/NkP0ADZD9AA2Q/QANkP0ADZD9AA2Q/QANkP0ADZD9AA2Q/QANkP0ADZD9AA2Q/QANkP0ADZD9AA2Q/QANkP0ADZD9AA2Q/QANkP0ADZD9AA2Q/QANkP0ADZD9AA2Q/QANkP0AP///wD///8A////AP///wA2Q/T/NkP0/zZD9P82Q/QANkP0ADZD9AA2Q/QANkP0ADZD9AA2Q/QANkP0ADZD9AA2Q/QANkP0ADZD9AA2Q/QANkP0ADZD9AA2Q/QANkP0ADZD9AA2Q/QANkP0ADZD9AA2Q/QANkP0ADZD9AA2Q/QA////AP///wD///8A////ADZD9P82Q/T/NkP0/zZD9AA2Q/QANkP0ADZD9AA2Q/QANkP0ADZD9AA2Q/QANkP0ADZD9AA2Q/QANkP0ADZD9AA2Q/QANkP0ADZD9AA2Q/QANkP0ADZD9AA2Q/QANkP0ADZD9AA2Q/QANkP0ADZD9AD///8A////AP///wD///8ANkP0/zZD9P82Q/T/NkP0ADZD9AA2Q/QANkP0ADZD9AA2Q/QANkP0ADZD9AA2Q/QANkP0ADZD9AA2Q/QANkP0ADZD9AA2Q/QANkP0ADZD9AA2Q/QANkP0ADZD9AA2Q/QANkP0ADZD9AA2Q/QANkP0AP///wD///8A////AP///wA2Q/T/NkP0/zZD9P82Q/QANkP0ADZD9AA2Q/QANkP0ADZD9AA2Q/QANkP0ADZD9AA2Q/QANkP0ADZD9AA2Q/QANkP0ADZD9AA2Q/QANkP0ADZD9AA2Q/QANkP0ADZD9AA2Q/QANkP0ADZD9AA2Q/QA////AP///wD///8A////ADZD9P82Q/T/NkP0/zZD9AA2Q/QANkP0ADZD9AA2Q/QANkP0ADZD9AA2Q/QANkP0ADZD9AA2Q/QANkP0ADZD9AA2Q/QANkP0ADZD9AA2Q/QANkP0ADZD9AA2Q/QANkP0ADZD9AA2Q/QANkP0ADZD9AD///8A////AP///wD///8ANkP0/zZD9P82Q/T/NkP0ADZD9AA2Q/QANkP0ADZD9AA2Q/QANkP0ADZD9AA2Q/QANkP0/zZD9P82Q/T/NkP0/zZD9P82Q/T/NkP0/zZD9P82Q/T/NkP0/zZD9P82Q/T/NkP0/zZD9P82Q/T/NkP0/////wD///8A////AP///wA2Q/T/NkP0/zZD9P82Q/QANkP0ADZD9AA2Q/QANkP0ADZD9AA2Q/QANkP0ADZD9AA2Q/T/NkP0/zZD9P82Q/T/NkP0/zZD9P82Q/T/NkP0/zZD9P82Q/T/NkP0/zZD9P82Q/T/NkP0/zZD9P82Q/T/////AP///wD///8A////ADZD9P82Q/T/NkP0/zZD9AA2Q/QANkP0ADZD9AA2Q/QANkP0ADZD9AA2Q/QANkP0ADZD9P82Q/T/NkP0/zZD9P82Q/T/NkP0/zZD9P82Q/T/NkP0/zZD9P82Q/T/NkP0/zZD9P82Q/T/NkP0/zZD9P////8A////AP///wD///8ANkP0/zZD9P82Q/T/NkP0ADZD9AA2Q/QANkP0ADZD9AA2Q/QANkP0ADZD9AA2Q/QANkP0/zZD9P82Q/T/NkP0/zZD9P82Q/T/NkP0/zZD9P82Q/T/NkP0/zZD9P82Q/T/NkP0/zZD9P82Q/T/NkP0/////wD///8A////AP///wA2Q/T/NkP0/zZD9P82Q/QANkP0/zZD9P82Q/T/NkP0/zZD9P82Q/T/NkP0/zZD9Bo2Q/T/NkP0/zZD9P82Q/T/NkP0/zZD9P82Q/T/NkP0/zZD9P82Q/T/NkP0/zZD9P82Q/T/NkP0/zZD9P82Q/T/////AP///wD///8A////ADZD9P82Q/T/NkP0/zZD9AA2Q/T/NkP0/zZD9P82Q/T/NkP0/zZD9P82Q/T/NkP0GjZD9P82Q/T/NkP0/zZD9P82Q/T/NkP0/zZD9P82Q/T/NkP0/zZD9P82Q/T/NkP0/zZD9P82Q/T/NkP0/zZD9P////8A////AP///wD///8ANkP0/zZD9P82Q/T/NkP0ADZD9P82Q/T/NkP0/zZD9P82Q/T/NkP0/zZD9P82Q/QaNkP0/zZD9P82Q/T/NkP0/zZD9P82Q/T/NkP0/zZD9P82Q/T/NkP0/zZD9P82Q/T/NkP0/zZD9P82Q/T/NkP0/////wD///8A////AP///wA2Q/T/NkP0/zZD9P82Q/QANkP0/zZD9P82Q/T/NkP0/zZD9P82Q/T/NkP0/zZD9Bo2Q/T/NkP0/zZD9P82Q/T/NkP0/zZD9P82Q/T/NkP0/zZD9P82Q/T/NkP0/zZD9P82Q/T/NkP0/zZD9P82Q/T/////AP///wD///8A////ADZD9P82Q/T/NkP0/zZD9AA2Q/T/NkP0/zZD9P82Q/T/NkP0/zZD9P82Q/T/NkP0GjZD9P82Q/T/NkP0/zZD9P82Q/T/NkP0/zZD9P82Q/T/NkP0/zZD9P82Q/T/NkP0/zZD9P82Q/T/NkP0/zZD9P////8A////AP///wD///8ANkP0/zZD9P82Q/T/NkP0ADZD9P82Q/T/NkP0/zZD9P82Q/T/NkP0/zZD9P82Q/QaNkP0/zZD9P82Q/T/NkP0/zZD9P82Q/T/NkP0/zZD9P82Q/T/NkP0/zZD9P82Q/T/NkP0/zZD9P82Q/T/NkP0/////wD///8A////AP///wA2Q/T/NkP0/zZD9P82Q/QANkP0/zZD9P82Q/T/NkP0/zZD9P82Q/T/NkP0/zZD9Bo2Q/T/NkP0/zZD9P82Q/T/NkP0/zZD9P82Q/T/NkP0/zZD9P82Q/T/NkP0/zZD9P82Q/T/NkP0/zZD9P82Q/T/////AP///wD///8A////ADZD9P82Q/T/NkP0/zZD9AA2Q/T/NkP0/zZD9P82Q/T/NkP0/zZD9P82Q/T/NkP0GjZD9P82Q/T/NkP0/zZD9P82Q/T/NkP0/zZD9P82Q/T/NkP0/zZD9P82Q/T/NkP0/zZD9P82Q/T/NkP0/zZD9P////8A////AP///wD///8ANkP0/zZD9P82Q/T/NkP0ADZD9P82Q/T/NkP0/zZD9P82Q/T/NkP0/zZD9P82Q/QaNkP0/zZD9P82Q/T/NkP0/zZD9P82Q/T/NkP0/zZD9P82Q/T/NkP0/zZD9P82Q/T/NkP0/zZD9P82Q/T/NkP0/////wD///8A////AP///wA2Q/T/NkP0/zZD9P82Q/QANkP0/zZD9P82Q/T/NkP0/zZD9P82Q/T/NkP0/zZD9Bo2Q/T/NkP0/zZD9P82Q/T/NkP0/zZD9P82Q/T/NkP0/zZD9P82Q/T/NkP0/zZD9P82Q/T/NkP0/zZD9P82Q/T/////AP///wD///8A////ADZD9P82Q/T/NkP0/zZD9AA2Q/T/NkP0/zZD9P82Q/T/NkP0/zZD9P82Q/T/NkP0GjZD9Bo2Q/QaNkP0GjZD9Bo2Q/QaNkP0GjZD9Bo2Q/QANkP0ADZD9AA2Q/QANkP0ADZD9AA2Q/QANkP0ADZD9AD///8A////AP///wD///8ANkP0/zZD9P82Q/T/NkP0ADZD9P82Q/T/NkP0/zZD9P82Q/T/NkP0/zZD9P82Q/T/NkP0/zZD9P82Q/T/NkP0/zZD9P82Q/T/NkP0/zZD9P82Q/QANkP0ADZD9AA2Q/QANkP0ADZD9AA2Q/QANkP0AP///wD///8A////AP///wA2Q/T/NkP0/zZD9P82Q/QANkP0/zZD9P82Q/T/NkP0/zZD9P82Q/T/NkP0/zZD9P82Q/T/NkP0/zZD9P82Q/T/NkP0/zZD9P82Q/T/NkP0/zZD9AA2Q/QANkP0ADZD9AA2Q/QANkP0ADZD9AA2Q/QA////AP///wD///8A////ADZD9P82Q/T/NkP0/zZD9AA2Q/T/NkP0/zZD9P82Q/T/NkP0/zZD9P82Q/T/NkP0/zZD9P82Q/T/NkP0/zZD9P82Q/T/NkP0/zZD9P82Q/T/NkP0ADZD9AA2Q/QANkP0ADZD9AA2Q/QANkP0ADZD9AD///8A////AP///wD///8A////AP///wD///8A////AP///wD///8A////AP///wD///8A////AP///wD///8A////AP///wD///8A////AP///wD///8A////AP///wD///8A////AP///wD///8A////AP///wD///8A////AP///wD///8A////AP///wD///8A////AP///wD///8A////AP///wD///8A////AP///wD///8A////AP///wD///8A////AP///wD///8A////AP///wD///8A////AP///wD///8A////AP///wD///8A////AP///wD///8A////AP///wD//////////8f////H////x////8f////H////x////8f////H////x////8f////H/AADx/wAA8f8AAPH/AADxAAAA8QAAAPEAAADxAAAA8QAAAPEAAADxAAAA8QAAAPEAAADxAAAA8QAB//EAAP/xAAD/8QAA////////////ygAAAAwAAAAYAAAAAEAIAAAAAAAAAAAAAAAAAAAAAAAAAAAAAAAAAD///8A////AP///wD///8A////AP///wD///8A////AP///wD///8A////AP///wD///8A////AP///wD///8A////AP///wD///8A////AP///wD///8A////AP///wD///8A////AP///wD///8A////AP///wD///8A////AP///wD///8A////AP///wD///8A////AP///wD///8A////AP///wD///8A////AP///wD///8A////AP///wD///8A////AP///wD///8A////AP///wD///8A////AP///wD///8A////AP///wD///8A////AP///wD///8A////AP///wD///8A////AP///wD///8A////AP///wD///8A////AP///wD///8A////AP///wD///8A////AP///wD///8A////AP///wD///8A////AP///wD///8A////AP///wD///8A////AP///wD///8A////AP///wD///8A////AP///wD///8A////AP///wD///8A////AP///wD///8A////AP///wD///8A////AP///wD///8A////AP///wD///8A////AP///wD///8A////AP///wD///8A////AP///wD///8A////AP///wD///8A////AP///wD///8A////AP///wD///8A////AP///wD///8A////AP///wD///8A////AP///wD///8A////AP///wD///8A////AP///wD///8A////AP///wD///8A////AP///wD///8A////AP///wD///8A////AP///wD///8A////AP///wD///8A////AP///wD///8A////AP///wD///8A////AP///wD///8A////AP///wD///8A////AP///wD///8A////AP///wD///8A////AP///wD///8A////AP///wD///8A////AP///wD///8A////AP///wD///8A////AP///wD///8A////ADZD9P82Q/T/NkP0/////wD///8A////AP///wD///8A////AP///wD///8ANkP0ADZD9AA2Q/QANkP0ADZD9AA2Q/QANkP0ADZD9AA2Q/QANkP0ADZD9AA2Q/QANkP0ADZD9AA2Q/QANkP0AP///wD///8A////AP///wD///8A////AP///wD///8A////AP///wD///8A////AP///wD///8A////AP///wD///8A////AP///wD///8A////ADZD9P82Q/T/NkP0/////wD///8A////AP///wD///8A////AP///wD///8ANkP0ADZD9AA2Q/QANkP0ADZD9AA2Q/QANkP0ADZD9AA2Q/QANkP0ADZD9AA2Q/QANkP0ADZD9AA2Q/QANkP0AP///wD///8A////AP///wD///8A////AP///wD///8A////AP///wD///8A////AP///wD///8A////AP///wD///8A////AP///wD///8A////ADZD9P82Q/T/NkP0/////wD///8A////AP///wD///8A////AP///wD///8ANkP0ADZD9AA2Q/QANkP0ADZD9AA2Q/QANkP0ADZD9AA2Q/QANkP0ADZD9AA2Q/QANkP0ADZD9AA2Q/QANkP0AP///wD///8A////AP///wD///8A////AP///wD///8A////AP///wD///8A////AP///wD///8A////AP///wD///8A////AP///wD///8A////ADZD9P82Q/T/NkP0/////wD///8A////AP///wD///8A////AP///wD///8ANkP0ADZD9AA2Q/QANkP0ADZD9AA2Q/QANkP0ADZD9AA2Q/QANkP0ADZD9AA2Q/QANkP0ADZD9AA2Q/QANkP0AP///wD///8A////AP///wD///8A////AP///wD///8A////AP///wD///8A////AP///wD///8A////AP///wD///8A////AP///wD///8A////ADZD9P82Q/T/NkP0/////wD///8A////AP///wD///8A////AP///wD///8ANkP0ADZD9AA2Q/QANkP0ADZD9AA2Q/QANkP0ADZD9AA2Q/QANkP0ADZD9AA2Q/QANkP0ADZD9AA2Q/QANkP0AP///wD///8A////AP///wD///8A////AP///wD///8A////AP///wD///8A////AP///wD///8A////AP///wD///8A////AP///wD///8A////ADZD9P82Q/T/NkP0/////wD///8A////AP///wD///8A////AP///wD///8ANkP0ADZD9AA2Q/QANkP0ADZD9AA2Q/QANkP0ADZD9AA2Q/QANkP0ADZD9AA2Q/QANkP0ADZD9AA2Q/QANkP0AP///wD///8A////AP///wD///8A////AP///wD///8A////AP///wD///8A////AP///wD///8A////AP///wD///8A////AP///wD///8A////ADZD9P82Q/T/NkP0/////wD///8A////AP///wD///8A////AP///wD///8ANkP0ADZD9AA2Q/QANkP0ADZD9AA2Q/QANkP0ADZD9AA2Q/QANkP0ADZD9AA2Q/QANkP0ADZD9AA2Q/QANkP0AP///wD///8A////AP///wD///8A////AP///wD///8A////AP///wD///8A////AP///wD///8A////AP///wD///8A////AP///wD///8A////ADZD9P82Q/T/NkP0/////wD///8A////AP///wD///8A////AP///wD///8ANkP0ADZD9AA2Q/QANkP0ADZD9AA2Q/QANkP0ADZD9AA2Q/QANkP0ADZD9AA2Q/QANkP0ADZD9AA2Q/QANkP0AP///wD///8A////AP///wD///8A////AP///wD///8A////AP///wD///8A////AP///wD///8A////AP///wD///8A////AP///wD///8A////ADZD9P82Q/T/NkP0/////wD///8A////AP///wD///8A////AP///wD///8ANkP0ADZD9AA2Q/QANkP0ADZD9AA2Q/QANkP0ADZD9AA2Q/QANkP0ADZD9AA2Q/QANkP0ADZD9AA2Q/QANkP0AP///wD///8A////AP///wD///8A////AP///wD///8A////AP///wD///8A////AP///wD///8A////AP///wD///8A////AP///wD///8A////ADZD9P82Q/T/NkP0/////wD///8A////AP///wD///8A////AP///wD///8ANkP0ADZD9AA2Q/QANkP0ADZD9AA2Q/QANkP0ADZD9AA2Q/QANkP0ADZD9AA2Q/QANkP0ADZD9AA2Q/QANkP0AP///wD///8A////AP///wD///8A////AP///wD///8A////AP///wD///8A////AP///wD///8A////AP///wD///8A////AP///wD///8A////ADZD9P82Q/T/NkP0/////wD///8A////AP///wD///8A////AP///wD///8ANkP0ADZD9AA2Q/QANkP0ADZD9AA2Q/QANkP0ADZD9AA2Q/QANkP0ADZD9AA2Q/QANkP0ADZD9AA2Q/QANkP0AP///wD///8A////AP///wD///8A////AP///wD///8A////AP///wD///8A////AP///wD///8A////AP///wD///8A////AP///wD///8A////ADZD9P82Q/T/NkP0/////wD///8A////AP///wD///8A////AP///wD///8ANkP0ADZD9AA2Q/QANkP0ADZD9AA2Q/QANkP0ADZD9AA2Q/QANkP0ADZD9AA2Q/QANkP0ADZD9AA2Q/QANkP0AP///wD///8A////AP///wD///8A////AP///wD///8A////AP///wD///8A////AP///wD///8A////AP///wD///8A////AP///wD///8A////ADZD9P82Q/T/NkP0/////wD///8A////AP///wD///8A////AP///wD///8ANkP0ADZD9AA2Q/QANkP0ADZD9AA2Q/QANkP0ADZD9AA2Q/QANkP0ADZD9AA2Q/QANkP0ADZD9AA2Q/QANkP0AP///wD///8A////AP///wD///8A////AP///wD///8A////AP///wD///8A////AP///wD///8A////AP///wD///8A////AP///wD///8A////ADZD9P82Q/T/NkP0/////wD///8A////AP///wD///8A////AP///wD///8ANkP0ADZD9AA2Q/QANkP0ADZD9AA2Q/QANkP0ADZD9AA2Q/QANkP0ADZD9AA2Q/QANkP0ADZD9AA2Q/QANkP0AP///wD///8A////AP///wD///8A////AP///wD///8A////AP///wD///8A////AP///wD///8A////AP///wD///8A////AP///wD///8A////ADZD9P82Q/T/NkP0/////wD///8A////AP///wD///8A////AP///wD///8ANkP0ADZD9AA2Q/QANkP0ADZD9AA2Q/QANkP0/zZD9P82Q/T/NkP0/zZD9P82Q/T/NkP0/zZD9P82Q/T/NkP0/zZD9P82Q/T/NkP0/zZD9P82Q/T/NkP0/zZD9P82Q/T/NkP0/zZD9P82Q/T/NkP0/////wD///8A////AP///wD///8A////AP///wD///8A////ADZD9P82Q/T/NkP0/////wD///8A////AP///wD///8A////AP///wD///8ANkP0ADZD9AA2Q/QANkP0ADZD9AA2Q/QANkP0/zZD9P82Q/T/NkP0/zZD9P82Q/T/NkP0/zZD9P82Q/T/NkP0/zZD9P82Q/T/NkP0/zZD9P82Q/T/NkP0/zZD9P82Q/T/NkP0/zZD9P82Q/T/NkP0/////wD///8A////AP///wD///8A////AP///wD///8A////ADZD9P82Q/T/NkP0/////wD///8A////AP///wD///8A////AP///wD///8ANkP0ADZD9AA2Q/QANkP0ADZD9AA2Q/QANkP0/zZD9P82Q/T/NkP0/zZD9P82Q/T/NkP0/zZD9P82Q/T/NkP0/zZD9P82Q/T/NkP0/zZD9P82Q/T/NkP0/zZD9P82Q/T/NkP0/zZD9P82Q/T/NkP0/////wD///8A////AP///wD///8A////AP///wD///8A////ADZD9P82Q/T/NkP0/////wD///8A////AP///wD///8A////AP///wD///8ANkP0ADZD9AA2Q/QANkP0ADZD9AA2Q/QANkP0/zZD9P82Q/T/NkP0/zZD9P82Q/T/NkP0/zZD9P82Q/T/NkP0/zZD9P82Q/T/NkP0/zZD9P82Q/T/NkP0/zZD9P82Q/T/NkP0/zZD9P82Q/T/NkP0/////wD///8A////AP///wD///8A////AP///wD///8A////ADZD9P82Q/T/NkP0/////wD///8A////AP///wD///8A////AP///wD///8ANkP0ADZD9AA2Q/QANkP0ADZD9AA2Q/QANkP0/zZD9P82Q/T/NkP0/zZD9P82Q/T/NkP0/zZD9P82Q/T/NkP0/zZD9P82Q/T/NkP0/zZD9P82Q/T/NkP0/zZD9P82Q/T/NkP0/zZD9P82Q/T/NkP0/////wD///8A////AP///wD///8A////AP///wD///8A////ADZD9P82Q/T/NkP0/////wD///8A////AP///wD///8A////AP///wD///8ANkP0ADZD9AA2Q/QANkP0ADZD9AA2Q/QANkP0/zZD9P82Q/T/NkP0/zZD9P82Q/T/NkP0/zZD9P82Q/T/NkP0/zZD9P82Q/T/NkP0/zZD9P82Q/T/NkP0/zZD9P82Q/T/NkP0/zZD9P82Q/T/NkP0/////wD///8A////AP///wD///8A////AP///wD///8A////ADZD9P82Q/T/NkP0/////wD///8ANkP0/zZD9P82Q/T/NkP0/zZD9P82Q/T/NkP0/zZD9P82Q/T/NkP0/zZD9AA2Q/QANkP0/zZD9P82Q/T/NkP0/zZD9P82Q/T/NkP0/zZD9P82Q/T/NkP0/zZD9P82Q/T/NkP0/zZD9P82Q/T/NkP0/zZD9P82Q/T/NkP0/zZD9P82Q/T/NkP0/////wD///8A////AP///wD///8A////AP///wD///8A////ADZD9P82Q/T/NkP0/////wD///8ANkP0/zZD9P82Q/T/NkP0/zZD9P82Q/T/NkP0/zZD9P82Q/T/NkP0/zZD9AA2Q/QANkP0/zZD9P82Q/T/NkP0/zZD9P82Q/T/NkP0/zZD9P82Q/T/NkP0/zZD9P82Q/T/NkP0/zZD9P82Q/T/NkP0/zZD9P82Q/T/NkP0/zZD9P82Q/T/NkP0/////wD///8A////AP///wD///8A////AP///wD///8A////ADZD9P82Q/T/NkP0/////wD///8ANkP0/zZD9P82Q/T/NkP0/zZD9P82Q/T/NkP0/zZD9P82Q/T/NkP0/zZD9AA2Q/QANkP0/zZD9P82Q/T/NkP0/zZD9P82Q/T/NkP0/zZD9P82Q/T/NkP0/zZD9P82Q/T/NkP0/zZD9P82Q/T/NkP0/zZD9P82Q/T/NkP0/zZD9P82Q/T/NkP0/////wD///8A////AP///wD///8A////AP///wD///8A////ADZD9P82Q/T/NkP0/////wD///8ANkP0/zZD9P82Q/T/NkP0/zZD9P82Q/T/NkP0/zZD9P82Q/T/NkP0/zZD9AA2Q/QANkP0/zZD9P82Q/T/NkP0/zZD9P82Q/T/NkP0/zZD9P82Q/T/NkP0/zZD9P82Q/T/NkP0/zZD9P82Q/T/NkP0/zZD9P82Q/T/NkP0/zZD9P82Q/T/NkP0/////wD///8A////AP///wD///8A////AP///wD///8A////ADZD9P82Q/T/NkP0/////wD///8ANkP0/zZD9P82Q/T/NkP0/zZD9P82Q/T/NkP0/zZD9P82Q/T/NkP0/zZD9AA2Q/QANkP0/zZD9P82Q/T/NkP0/zZD9P82Q/T/NkP0/zZD9P82Q/T/NkP0/zZD9P82Q/T/NkP0/zZD9P82Q/T/NkP0/zZD9P82Q/T/NkP0/zZD9P82Q/T/NkP0/////wD///8A////AP///wD///8A////AP///wD///8A////ADZD9P82Q/T/NkP0/////wD///8ANkP0/zZD9P82Q/T/NkP0/zZD9P82Q/T/NkP0/zZD9P82Q/T/NkP0/zZD9AA2Q/QANkP0/zZD9P82Q/T/NkP0/zZD9P82Q/T/NkP0/zZD9P82Q/T/NkP0/zZD9P82Q/T/NkP0/zZD9P82Q/T/NkP0/zZD9P82Q/T/NkP0/zZD9P82Q/T/NkP0/////wD///8A////AP///wD///8A////AP///wD///8A////ADZD9P82Q/T/NkP0/////wD///8ANkP0/zZD9P82Q/T/NkP0/zZD9P82Q/T/NkP0/zZD9P82Q/T/NkP0/zZD9AA2Q/QANkP0/zZD9P82Q/T/NkP0/zZD9P82Q/T/NkP0/zZD9P82Q/T/NkP0/zZD9P82Q/T/NkP0/zZD9P82Q/T/NkP0/zZD9P82Q/T/NkP0/zZD9P82Q/T/NkP0/////wD///8A////AP///wD///8A////AP///wD///8A////ADZD9P82Q/T/NkP0/////wD///8ANkP0/zZD9P82Q/T/NkP0/zZD9P82Q/T/NkP0/zZD9P82Q/T/NkP0/zZD9AA2Q/QANkP0/zZD9P82Q/T/NkP0/zZD9P82Q/T/NkP0/zZD9P82Q/T/NkP0/zZD9P82Q/T/NkP0/zZD9P82Q/T/NkP0/zZD9P82Q/T/NkP0/zZD9P82Q/T/NkP0/////wD///8A////AP///wD///8A////AP///wD///8A////ADZD9P82Q/T/NkP0/////wD///8ANkP0/zZD9P82Q/T/NkP0/zZD9P82Q/T/NkP0/zZD9P82Q/T/NkP0/zZD9AA2Q/QANkP0/zZD9P82Q/T/NkP0/zZD9P82Q/T/NkP0/zZD9P82Q/T/NkP0/zZD9P82Q/T/NkP0/zZD9P82Q/T/NkP0/zZD9P82Q/T/NkP0/zZD9P82Q/T/NkP0/////wD///8A////AP///wD///8A////AP///wD///8A////ADZD9P82Q/T/NkP0/////wD///8ANkP0/zZD9P82Q/T/NkP0/zZD9P82Q/T/NkP0/zZD9P82Q/T/NkP0/zZD9AA2Q/QANkP0/zZD9P82Q/T/NkP0/zZD9P82Q/T/NkP0/zZD9P82Q/T/NkP0/zZD9P82Q/T/NkP0/zZD9P82Q/T/NkP0/zZD9P82Q/T/NkP0/zZD9P82Q/T/NkP0/////wD///8A////AP///wD///8A////AP///wD///8A////ADZD9P82Q/T/NkP0/////wD///8ANkP0/zZD9P82Q/T/NkP0/zZD9P82Q/T/NkP0/zZD9P82Q/T/NkP0/zZD9AA2Q/QANkP0/zZD9P82Q/T/NkP0/zZD9P82Q/T/NkP0/zZD9P82Q/T/NkP0/zZD9P82Q/T/NkP0/zZD9P82Q/T/NkP0/zZD9P82Q/T/NkP0/zZD9P82Q/T/NkP0/////wD///8A////AP///wD///8A////AP///wD///8A////ADZD9P82Q/T/NkP0/////wD///8ANkP0/zZD9P82Q/T/NkP0/zZD9P82Q/T/NkP0/zZD9P82Q/T/NkP0/zZD9AA2Q/QANkP0/zZD9P82Q/T/NkP0/zZD9P82Q/T/NkP0/zZD9P82Q/T/NkP0/zZD9P82Q/T/NkP0/zZD9P82Q/T/NkP0/zZD9P82Q/T/NkP0/zZD9P82Q/T/NkP0/////wD///8A////AP///wD///8A////AP///wD///8A////ADZD9P82Q/T/NkP0/////wD///8ANkP0/zZD9P82Q/T/NkP0/zZD9P82Q/T/NkP0/zZD9P82Q/T/NkP0/zZD9AA2Q/QANkP0/zZD9P82Q/T/NkP0/zZD9P82Q/T/NkP0/zZD9P82Q/T/NkP0/zZD9P82Q/T/NkP0/zZD9P82Q/T/NkP0/zZD9P82Q/T/NkP0/zZD9P82Q/T/NkP0/////wD///8A////AP///wD///8A////AP///wD///8A////ADZD9P82Q/T/NkP0/////wD///8ANkP0/zZD9P82Q/T/NkP0/zZD9P82Q/T/NkP0/zZD9P82Q/T/NkP0/zZD9AA2Q/QANkP0/zZD9P82Q/T/NkP0/zZD9P82Q/T/NkP0/zZD9P82Q/T/NkP0/zZD9P82Q/T/NkP0/zZD9P82Q/T/NkP0/zZD9P82Q/T/NkP0/zZD9P82Q/T/NkP0/////wD///8A////AP///wD///8A////AP///wD///8A////ADZD9P82Q/T/NkP0/////wD///8ANkP0/zZD9P82Q/T/NkP0/zZD9P82Q/T/NkP0/zZD9P82Q/T/NkP0/zZD9AA2Q/QANkP0MjZD9Jg2Q/TyNkP0/zZD9P82Q/T/NkP0/zZD9P82Q/T/NkP0/////wD///8A////AP///wD///8A////AP///wD///8A////AP///wD///8A////AP///wD///8A////AP///wD///8A////AP///wD///8A////ADZD9P82Q/T/NkP0/////wD///8ANkP0/zZD9P82Q/T/NkP0/zZD9P82Q/T/NkP0/zZD9P82Q/T/NkP0/zZD9MA2Q/RANkP0ADZD9AA2Q/QMNkP0ZTZD9Ms2Q/T/NkP0/zZD9P82Q/T/NkP0/////wD///8A////AP///wD///8A////AP///wD///8A////AP///wD///8A////AP///wD///8A////AP///wD///8A////AP///wD///8A////ADZD9P82Q/T/NkP0/////wD///8ANkP0/zZD9P82Q/T/NkP0/zZD9P82Q/T/NkP0/zZD9P82Q/T/NkP0/zZD9P82Q/T/NkP0zTZD9Gc2Q/QNNkP0ADZD9AA2Q/QyNkP0mDZD9PI2Q/T/NkP0/////wD///8A////AP///wD///8A////AP///wD///8A////AP///wD///8A////AP///wD///8A////AP///wD///8A////AP///wD///8A////ADZD9P82Q/T/NkP0/////wD///8ANkP0/zZD9P82Q/T/NkP0/zZD9P82Q/T/NkP0/zZD9P82Q/T/NkP0/zZD9P82Q/T/NkP0/zZD9P82Q/TzNkP0mjZD9DQ2Q/QANkP0ADZD9Aw2Q/RlNkP0y////wD///8A////AP///wD///8A////AP///wD///8A////AP///wD///8A////AP///wD///8A////AP///wD///8A////AP///wD///8A////ADZD9P82Q/T/NkP0/////wD///8ANkP0/zZD9P82Q/T/NkP0/zZD9P82Q/T/NkP0/zZD9P82Q/T/NkP0/zZD9P82Q/T/NkP0/zZD9P82Q/T/NkP0/zZD9P82Q/TNNkP0ZzZD9A02Q/QANkP0AP///wD///8A////AP///wD///8A////AP///wD///8A////AP///wD///8A////AP///wD///8A////AP///wD///8A////AP///wD///8A////ADZD9P82Q/T/NkP0/////wD///8ANkP0/zZD9P82Q/T/NkP0/zZD9P82Q/T/NkP0/zZD9P82Q/T/NkP0/zZD9P82Q/T/NkP0/zZD9P82Q/T/NkP0/zZD9P82Q/T/NkP0/zZD9PM2Q/QANkP0AP///wD///8A////AP///wD///8A////AP///wD///8A////AP///wD///8A////AP///wD///8A////AP///wD///8A////AP///wD///8A////AP///wD///8A////AP///wD///8A////AP///wD///8A////AP///wD///8A////AP///wD///8A////AP///wD///8A////AP///wD///8A////AP///wD///8A////AP///wD///8A////AP///wD///8A////AP///wD///8A////AP///wD///8A////AP///wD///8A////AP///wD///8A////AP///wD///8A////AP///wD///8A////AP///wD///8A////AP///wD///8A////AP///wD///8A////AP///wD///8A////AP///wD///8A////AP///wD///8A////AP///wD///8A////AP///wD///8A////AP///wD///8A////AP///wD///8A////AP///wD///8A////AP///wD///8A////AP///wD///8A////AP///wD///8A////AP///wD///8A////AP///wD///8A////AP///wD///8A////AP///wD///8A////AP///wD///8A////AP///wD///8A////AP///wD///8A////AP///wD///8A////AP///wD///8A////AP///wD///8A////AP///wD///8A////AP///wD///8A////AP///wD///8A////AP///wD///8A////AP///wD///8A////AP///wD///8A////AP///wD///8A////AP///wD///8A////AP///wD///8A////AP///wD///8A////AP///wD///8A////AP///wD///8A////AP///wD///8A////AP///wD///8A////AP///wD///8A////AP///wD///8A////AP///wD///8A////AP///wD///8A////AP///wD///8A////AP///wD///8A////AP///wD///8A////AP///wD///8A////AP///wD///////8AAP///////wAA////////AAD///////8AAPj//////wAA+P//////AAD4//////8AAPj//////wAA+P//////AAD4//////8AAPj//////wAA+P//////AAD4//////8AAPj//////wAA+P//////AAD4//////8AAPj//////wAA+P//////AAD4//wAAA8AAPj//AAADwAA+P/8AAAPAAD4//wAAA8AAPj//AAADwAA+P/8AAAPAAD4wAwAAA8AAPjADAAADwAA+MAMAAAPAAD4wAwAAA8AAPjADAAADwAA+MAMAAAPAAD4wAwAAA8AAPjADAAADwAA+MAMAAAPAAD4wAwAAA8AAPjADAAADwAA+MAMAAAPAAD4wAwAAA8AAPjADAAADwAA+MAMAP//AAD4wAMA//8AAPjAAGD//wAA+MAAGP//AAD4wAAD//8AAPjAAAP//wAA////////AAD///////8AAP///////wAA////////AAAoAAAAQAAAAIAAAAABACAAAAAAAAAAAAAAAAAAAAAAAAAAAAAAAAAA////AP///wD///8A////AP///wD///8A////AP///wD///8A////AP///wD///8A////AP///wD///8A////AP///wD///8A////AP///wD///8A////AP///wD///8A////AP///wD///8A////AP///wD///8A////AP///wD///8A////AP///wD///8A////AP///wD///8A////AP///wD///8A////AP///wD///8A////AP///wD///8A////AP///wD///8A////AP///wD///8A////AP///wD///8A////AP///wD///8A////AP///wD///8A////AP///wD///8A////AP///wD///8A////AP///wBSUtngUlLZAP///wD///8A////AP///wD///8A////AP///wD///8A////AP///wD///8A////AP///wD///8A////AP///wD///8A////AP///wD///8A////AP///wD///8A////AP///wD///8A////AP///wD///8A////AP///wD///8A////AP///wD///8A////AP///wD///8A////AP///wD///8A////AP///wD///8A////AP///wD///8A////AP///wD///8A////AP///wD///8A////AP///wD///8A////AP///wD///8A////AP///wD///8AUlLZ/1JS2QD///8A////AP///wD///8A////AP///wD///8A////AP///wD///8A////AP///wD///8A////AP///wD///8A////AP///wD///8A////AP///wD///8A////AP///wD///8A////AP///wD///8A////AP///wD///8A////AP///wD///8A////AP///wD///8A////AP///wD///8A////AP///wD///8A////AP///wD///8A////AP///wD///8A////AP///wD///8A////AP///wD///8A////AP///wD///8A////AP///wD///8A////AFJS2f9SUtkA////AP///wD///8A////AP///wD///8A////AP///wD///8A////AP///wD///8A////AP///wD///8A////AP///wD///8A////AP///wD///8A////AP///wD///8A////AP///wD///8A////AP///wD///8A////AP///wD///8A////AP///wD///8A////AP///wD///8A////AP///wD///8A////AP///wD///8A////AP///wD///8A////AP///wD///8A////AP///wD///8A////AP///wD///8A////AP///wD///8A////AP///wBSUtn/UlLZAP///wD///8A////AP///wD///8A////AP///wD///8A////AP///wD///8A////AP///wD///8A////AP///wD///8A////AP///wD///8A////AP///wD///8A////AP///wD///8A////AP///wD///8A////AP///wD///8A////AP///wD///8A////AP///wD///8A////AP///wD///8A////AP///wD///8A////AP///wD///8A////AP///wD///8A////AP///wD///8A////AP///wD///8A////AP///wD///8A////AP///wD///8AUlLZ/1JS2QD///8A////AP///wD///8A////AP///wD///8A////AP///wD///8A////AP///wD///8A////AP///wD///8A////AP///wD///8A////AP///wD///8A////AP///wD///8A////AP///wD///8A////AP///wD///8A////AP///wD///8A////AP///wD///8A////AP///wD///8A////AP///wD///8A////AP///wD///8A////AP///wD///8A////AP///wD///8A////AP///wD///8A////AP///wD///8A////AP///wD///8A////AFJS2f9SUtkA////AP///wD///8A////AP///wD///8A////AP///wD///8A////AP///wD///8A////AP///wD///8A////AP///wD///8A////AP///wD///8A////AP///wD///8A////AP///wD///8A////AP///wD///8A////AP///wD///8A////AP///wD///8A////AP///wD///8A////AP///wD///8A////AP///wD///8A////AP///wD///8A////AP///wD///8A////AP///wD///8A////AP///wD///8A////AP///wD///8A////AP///wBSUtn/UlLZAP///wD///8A////AP///wD///8A////AP///wD///8A////AP///wD///8A////AP///wD///8A////AP///wD///8A////AP///wD///8A////AP///wD///8A////AP///wD///8A////AP///wD///8A////AP///wD///8A////AP///wD///8A////AP///wD///8A////AP///wD///8A////AP///wD///8A////AP///wD///8A////AP///wD///8A////AP///wD///8A////AP///wD///8A////AP///wD///8A////AP///wD///8AUlLZ/1JS2QD///8A////AP///wD///8A////AP///wD///8A////AP///wD///8A////AP///wD///8A////AP///wD///8A////AP///wD///8A////AP///wD///8A////AP///wD///8A////AP///wD///8A////AP///wD///8A////AP///wD///8A////AP///wD///8A////AP///wD///8A////AP///wD///8A////AP///wD///8A////AP///wD///8A////AP///wD///8A////AP///wD///8A////AP///wD///8A////AP///wD///8A////AFJS2f9SUtkA////AP///wD///8A////AP///wD///8A////AP///wD///8A////AP///wD///8A////AP///wD///8A////AP///wD///8A////AP///wD///8A////AP///wD///8A////AP///wD///8A////AP///wD///8A////AP///wD///8A////AP///wD///8A////AP///wD///8A////AP///wD///8A////AP///wD///8A////AP///wD///8A////AP///wD///8A////AP///wD///8A////AP///wD///8A////AP///wD///8A////AP///wBSUtn/UlLZAP///wD///8A////AP///wD///8A////AP///wD///8A////AP///wD///8A////AP///wD///8A////AP///wD///8A////AP///wD///8A////AP///wD///8A////AP///wD///8A////AP///wD///8A////AP///wD///8A////AP///wD///8A////AP///wD///8A////AP///wD///8A////AP///wD///8A////AP///wD///8A////AP///wD///8A////AP///wD///8A////AP///wD///8A////AP///wD///8A////AP///wD///8AUlLZ/1JS2QD///8A////AP///wD///8A////AP///wD///8A////AP///wD///8A////AP///wD///8A////AP///wD///8A////AP///wD///8A////AP///wD///8A////AP///wD///8A////AP///wD///8A////AP///wD///8A////AP///wD///8A////AP///wD///8A////AP///wD///8A////AP///wD///8A////AP///wD///8A////AP///wD///8A////AP///wD///8A////AP///wD///8A////AP///wD///8A////AP///wD///8A////AFJS2f9SUtkA////AP///wD///8A////AP///wD///8A////AP///wD///8A////AP///wD///8A////AP///wD///8A////AP///wD///8A////AP///wD///8A////AP///wD///8A////AP///wD///8A////AP///wD///8A////AP///wD///8A////AP///wD///8A////AP///wD///8A////AP///wD///8A////AP///wD///8A////AP///wD///8A////AP///wD///8A////AP///wD///8A////AP///wD///8A////AP///wD///8A////AP///wBSUtn/UlLZAP///wD///8A////AP///wD///8A////AP///wD///8A////AP///wD///8A////AP///wD///8A////AP///wD///8A////AP///wD///8A////AP///wD///8A////AP///wD///8A////AP///wD///8A////AP///wD///8A////AP///wD///8A////AP///wD///8A////AP///wD///8A////AP///wD///8A////AP///wD///8A////AP///wD///8A////AP///wD///8A////AP///wD///8A////AP///wD///8A////AP///wD///8AUlLZ/1JS2QD///8A////AP///wD///8A////AP///wD///8A////AP///wD///8A////AP///wD///8A////AP///wD///8A////AP///wD///8A////AP///wD///8A////AP///wD///8A////AP///wD///8A////AP///wD///8A////AP///wD///8A////AP///wD///8A////AP///wD///8A////AP///wD///8A////AP///wD///8A////AP///wD///8A////AP///wD///8A////AP///wD///8A////AP///wD///8A////AP///wD///8A////AFJS2f9SUtkA////AP///wD///8A////AP///wD///8A////AP///wD///8A////AP///wD///8A////AP///wD///8A////AP///wD///8A////AP///wD///8A////AP///wD///8A////AP///wD///8A////AP///wD///8A////AP///wD///8A////AP///wD///8A////AP///wD///8A////AP///wD///8A////AP///wD///8A////AP///wD///8A////AP///wD///8A////AP///wD///8A////AP///wD///8A////AP///wD///8A////AP///wBSUtn/UlLZAP///wD///8A////AP///wD///8A////AP///wD///8A////AP///wD///8A////AP///wD///8A////AP///wD///8A////AP///wD///8A////AP///wD///8A////AP///wD///8A////AP///wD///8A////AP///wD///8A////AP///wD///8A////AP///wD///8A////AP///wD///8A////AP///wD///8A////AP///wD///8A////AP///wD///8A////AP///wD///8A////AP///wD///8A////AP///wD///8A////AP///wD///8AUlLZ/1JS2QD///8A////AP///wD///8A////AP///wD///8A////AP///wD///8A////AP///wD///8A////AP///wD///8A////AP///wD///8A////AP///wD///8A////AP///wD///8A////AP///wD///8A////AP///wD///8A////AP///wD///8A////AP///wD///8A////AP///wD///8A////AP///wD///8A////AP///wD///8A////AP///wD///8A////AP///wD///8A////AP///wD///8A////AP///wD///8A////AP///wD///8A////AFJS2f9SUtkA////AP///wD///8A////AP///wD///8A////AP///wD///8A////AP///wD///8A////AP///wD///8A////AP///wD///8A////AP///wD///8A////AP///wD///8A////AP///wD///8A////AP///wD///8A////AP///wD///8A////AP///wD///8A////AP///wD///8A////AP///wD///8A////AP///wD///8A////AP///wD///8A////AP///wD///8A////AP///wD///8A////AP///wD///8A////AP///wD///8A////AP///wBSUtn/UlLZAP///wD///8A////AP///wD///8A////AP///wD///8A////AP///wD///8A////AP///wD///8A////AP///wD///8A////AP///wD///8A////AP///wD///8A////AP///wD///8A////AP///wD///8A////AP///wD///8A////AP///wD///8A////AP///wD///8A////AP///wD///8A////AP///wD///8A////AP///wD///8A////AP///wD///8A////AP///wD///8A////AP///wD///8A////AP///wD///8A////AP///wD///8AUlLZ/1JS2QD///8A////AP///wD///8A////AP///wD///8A////AP///wD///8A////AP///wD///8A////AP///wD///8A////AP///wD///8A////AP///wD///8A////AP///wD///8A////AP///wD///8A////AP///wD///8A////AP///wD///8A////AP///wD///8A////AP///wD///8A////AP///wD///8A////AP///wD///8A////AP///wD///8A////AP///wD///8A////AP///wD///8A////AP///wD///8A////AP///wD///8A////AFJS2f9SUtkA////AP///wD///8A////AP///wD///8A////AP///wD///8A////AP///wD///8A////AP///wD///8A////AP///wD///8A////AP///wD///8A////AP///wD///8A////AP///wD///8A////AP///wD///8A////AP///wD///8A////AP///wD///8A////AP///wD///8A////AP///wD///8A////AP///wD///8A////AP///wD///8A////AP///wD///8A////AP///wD///8A////AP///wD///8A////AP///wD///8A////AP///wBSUtn/UlLZAP///wD///8A////AP///wD///8A////AP///wD///8A////AP///wD///8A////AP///wD///8A////AP///wD///8A////AP///wD///8A////AP///wD///8A////AP///wD///8A////AP///wD///8A////AP///wD///8A////AP///wD///8A////AP///wD///8A////AP///wD///8A////AP///wD///8A////AP///wD///8A////AP///wD///8A////AP///wD///8A////AP///wD///8A////AP///wD///8A////AP///wD///8AUlLZ/1JS2QD///8A////AP///wD///8A////AP///wD///8A////AP///wD///8A////AP///wD///8A////AP///wD///8A////AP///wD///8A////AP///wD///8A////AP///wD///8A////AP///wD///8A////AP///wD///8A////AP///wD///8A////AP///wD///8A////AP///wD///8A////AP///wD///8A////AP///wD///8A////AP///wD///8A////AP///wD///8A////AP///wD///8A////AP///wD///8A////AP///wD///8A////AFJS2f9SUtkA////AP///wD///8A////AP///wD///8A////AP///wD///8A////AP///wD///8A////AP///wD///8A////AP///wD///8A////AP///wD///8A////AP///wD///8A////AP///wD///8A////AP///wD///8A////AP///wD///8A////AP///wD///8A////AP///wD///8A////AP///wD///8A////AP///wD///8A////AP///wD///8A////AP///wD///8A////AP///wD///8A////AP///wD///8A////AP///wD///8A////AP///wBSUtn/UlLZAP///wD///8A////AP///wD///8A////AP///wD///8A////AP///wD///8A////AP///wD///8A////AP///wD///8A////AP///wD///8A////AP///wD///8A////AP///wD///8A////AP///wD///8A////AP///wD///8A////AP///wD///8A////AP///wD///8A////AP///wD///8A////AP///wD///8A////AP///wD///8A////AP///wD///8A////AP///wD///8A////AP///wD///8A////AP///wD///8A////AP///wD///8AUlLZ/1JS2QD///8A////AP///wD///8A////AP///wD///8AUlLZAFJS2QBSUtkAUlLZAFJS2QBSUtkAUlLZAFJS2QBSUtkAUlLZAFJS2QBSUtkAUlLZAFJS2QBSUtkAUlLZAFJS2QBSUtkAUlLZAFJS2QBSUtkAUlLZAFJS2QBSUtkAUlLZAFJS2QBSUtkAUlLZAFJS2QBSUtkAUlLZAFJS2QD///8A////AP///wD///8A////AP///wD///8A////AP///wD///8A////AP///wD///8A////AP///wD///8A////AP///wD///8A////AP///wD///8A////AFJS2f9SUtlUUlLZBf///wD///8A////AP///wD///8A////AFJS2QBSUtkAUlLZAFJS2QBSUtkAUlLZAFJS2QBSUtkAUlLZAFJS2QBSUtkAUlLZAFJS2QBSUtkAUlLZAFJS2QBSUtkAUlLZAFJS2QBSUtkAUlLZAFJS2RVSUtlQUlLZgVJS2apSUtnUUlLZ6lJS2fxSUtn/UlLZ81JS2e1SUtnXUlLZwVJS2aBSUtl1UlLZSlJS2SD///8A////AP///wD///8A////AP///wD///8A////AP///wD///8A////AP///wD///8A////AP///wD///8A////AP///wBSUtn/V1fm/1JS2eZSUtmIUlLZLf///wD///8A////AP///wBSUtkAUlLZAFJS2QBSUtkAUlLZAFJS2QBSUtkAUlLZAFJS2QBSUtkAUlLZAFJS2QBSUtkAUlLZAFJS2QBSUtkAUlLZAFJS2QxSUtlLUlLZk1JS2dVSUtn+V1fl/1pa7P9cXPL/Xl75/2Bg/P9hYf//YWH//2Bg/f9gYPz/X1/5/11d9v9bW/H/WVnq/1ZW5P9UVN7/UlLZ6lJS2alSUtllUlLZIv///wD///8A////AP///wD///8A////AP///wD///8A////AP///wD///8A////AP///wD///8AUlLZ/2Fh//9gYPv/Wlrt/1VV4P9SUtnVUlLZh1JS2TtSUtkFUlLZAFJS2QBSUtkAUlLZAFJS2QBSUtkAUlLZAFJS2QBSUtkAUlLZAFJS2QBSUtkAUlLZAFJS2QRSUtk0UlLZeFJS2b1SUtn5Vlbk/1tb7/9fX/n/YWH//2Fh//9hYf//YWH//2Fh//9hYf//YWH//2Fh//9hYf//YWH//2Fh//9hYf//YWH//2Fh//9hYf//YWH//2Bg/P9cXPL/WFjo/1JS2f////8A////AP///wD///8A////AP///wD///8A////AP///wD///8A////AP///wD///8A////AFJS2f9hYf//YWH//2Fh//9hYf//X1/5/1pa7f9VVeL/UlLZ9VJS2bxSUtmIUlLZX1JS2TRSUtkZUlLZCVJS2QBSUtkKUlLZGlJS2TRSUtldUlLZiFJS2blSUtnyVVXh/1lZ6/9dXfX/YWH+/2Fh//9hYf//YWH//2Fh//9hYf//YWH//2Fh//9hYf//YWH//2Fh//9hYf//YWH//2Fh//9hYf//YWH//2Fh//9hYf//YWH//2Fh//9hYf//YWH//2Fh//9SUtn/////AP///wD///8A////AP///wD///8A////AP///wD///8A////AP///wD///8A////AP///wBSUtn/YWH//2Fh//9hYf//YWH//2Fh//9hYf//YWH//2Bg/v9dXfX/Wlrt/1hY5/9VVeH/U1Pd/1NT2v9SUtn/U1Pa/1RU3f9VVeH/V1fn/1pa7f9dXfX/YGD9/2Fh//9hYf//YWH//2Fh//9hYf//YWH//2Fh//9hYf//YWH//2Fh//9hYf//YWH//2Fh//9hYf//YWH//2Fh//9hYf//YWH//2Fh//9hYf//YWH//2Fh//9hYf//YWH//2Fh//9hYf//UlLZ/////wD///8A////AP///wD///8A////AP///wD///8A////AP///wD///8A////AP///wD///8AUlLZ/2Fh//9hYf//YWH//2Fh//9hYf//YWH//2Fh//9hYf//YWH//2Fh//9hYf//YWH//2Fh//9hYf//YWH//2Fh//9hYf//YWH//2Fh//9hYf//YWH//2Fh//9hYf//YWH//2Fh//9hYf//YWH//2Fh//9hYf//YWH//2Fh//9hYf//YWH//2Fh//9hYf//YWH//2Fh//9hYf//YWH//2Fh//9hYf//YWH//2Fh//9hYf//YWH//2Fh//9hYf//YWH//1JS2f////8A////AP///wD///8A////AP///wD///8A////AP///wD///8A////AP///wD///8A////AFJS2f9hYf//YWH//2Fh//9hYf//YWH//2Fh//9hYf//YWH//2Fh//9hYf//YWH//2Fh//9hYf//YWH//2Fh//9hYf//YWH//2Fh//9hYf//YWH//2Fh//9hYf//YWH//2Fh//9hYf//YWH//2Fh//9hYf//YWH//2Fh//9hYf//YWH//2Fh//9hYf//YWH//2Fh//9hYf//YWH//2Fh//9hYf//YWH//2Fh//9hYf//YWH//2Fh//9hYf//YWH//2Fh//9SUtn/////AP///wD///8A////AP///wD///8A////AP///wD///8A////AP///wD///8A////AP///wBSUtn/YWH//2Fh//9hYf//YWH//2Fh//9hYf//YWH//2Fh//9hYf//YWH//2Fh//9hYf//YWH//2Fh//9hYf//YWH//2Fh//9hYf//YWH//2Fh//9hYf//YWH//2Fh//9hYf//YWH//2Fh//9hYf//YWH//2Fh//9hYf//YWH//2Fh//9hYf//YWH//2Fh//9hYf//YWH//2Fh//9hYf//YWH//2Fh//9hYf//YWH//2Fh//9hYf//YWH//2Fh//9hYf//UlLZ/////wD///8A////AP///wD///8A////AP///wD///8A////AP///wD///8A////AP///wD///8AUlLZ/2Fh//9hYf//YWH//2Fh//9hYf//YWH//2Fh//9hYf//YWH//2Fh//9hYf//YWH//2Fh//9hYf//YWH//2Fh//9hYf//YWH//2Fh//9hYf//YWH//2Fh//9hYf//YWH//2Fh//9hYf//YWH//2Fh//9hYf//YWH//2Fh//9hYf//YWH//2Fh//9hYf//YWH//2Fh//9hYf//YWH//2Fh//9hYf//YWH//2Fh//9hYf//YWH//2Fh//9hYf//YWH//1JS2f////8A////AP///wD///8A////AP///wD///8A////AP///wD///8A////AP///wD///8A////AFJS2f9hYf//YWH//2Fh//9hYf//YWH//2Fh//9hYf//YWH//2Fh//9hYf//YWH//2Fh//9hYf//YWH//2Fh//9hYf//YWH//2Fh//9hYf//YWH//2Fh//9hYf//YWH//2Fh//9hYf//YWH//2Fh//9hYf//YWH//2Fh//9hYf//YWH//2Fh//9hYf//YWH//2Fh//9hYf//YWH//2Fh//9hYf//YWH//2Fh//9hYf//YWH//2Fh//9hYf//YWH//2Fh//9SUtn/////AP///wD///8A////AP///wD///8A////AP///wD///8A////AP///wD///8A////AP///wBSUtn/YWH//2Fh//9hYf//YWH//2Fh//9hYf//YWH//2Fh//9hYf//YWH//2Fh//9hYf//YWH//2Fh//9hYf//YWH//2Fh//9hYf//YWH//2Fh//9hYf//YWH//2Fh//9hYf//YWH//2Fh//9hYf//YWH//2Fh//9hYf//YWH//2Fh//9hYf//YWH//2Fh//9hYf//YWH//2Fh//9hYf//YWH//2Fh//9hYf//YWH//2Fh//9hYf//YWH//2Fh//9hYf//UlLZ/////wD///8A////AP///wD///8A////AP///wD///8A////AP///wD///8A////AP///wD///8AUlLZ/2Fh//9hYf//YWH//2Fh//9hYf//YWH//2Fh//9hYf//YWH//2Fh//9hYf//YWH//2Fh//9hYf//YWH//2Fh//9hYf//YWH//2Fh//9hYf//YWH//2Fh//9hYf//YWH//2Fh//9hYf//YWH//2Fh//9hYf//YWH//2Fh//9hYf//YWH//2Fh//9hYf//YWH//2Fh//9hYf//YWH//2Fh//9hYf//YWH//2Fh//9hYf//YWH//2Fh//9hYf//YWH//1JS2f////8A////AP///wD///8A////AP///wD///8A////AP///wD///8A////AP///wD///8A////AFJS2f9hYf//YWH//2Fh//9hYf//YWH//2Fh//9hYf//YWH//2Fh//9hYf//YWH//2Fh//9hYf//YWH//2Fh//9hYf//YWH//2Fh//9hYf//YWH//2Fh//9hYf//YWH//2Fh//9hYf//YWH//2Fh//9hYf//YWH//2Fh//9hYf//YWH//2Fh//9hYf//YWH//2Fh//9hYf//YWH//2Fh//9hYf//YWH//2Fh//9hYf//YWH//2Fh//9hYf//YWH//2Fh//9SUtn/////AP///wD///8A////AP///wD///8A////AP///wD///8A////AP///wD///8A////AP///wBSUtn/YWH//2Fh//9hYf//YWH//2Fh//9hYf//YWH//2Fh//9hYf//YWH//2Fh//9hYf//YWH//2Fh//9hYf//YWH//2Fh//9hYf//YWH//2Fh//9hYf//YWH//2Fh//9hYf//YWH//2Fh//9hYf//YWH//2Fh//9hYf//YWH//2Fh//9hYf//YWH//2Fh//9hYf//YWH//2Fh//9hYf//YWH//2Fh//9hYf//YWH//2Fh//9hYf//YWH//2Fh//9hYf//UlLZ/////wD///8A////AP///wD///8A////AP///wD///8A////AP///wD///8A////AP///wD///8AUlLZ/2Fh//9hYf//YWH//2Fh//9hYf//YWH//2Fh//9hYf//YWH//2Fh//9hYf//YWH//2Fh//9hYf//YWH//2Fh//9hYf//YWH//2Fh//9hYf//YWH//2Fh//9hYf//YWH//2Fh//9hYf//YWH//2Fh//9hYf//YWH//2Fh//9hYf//YWH//2Fh//9hYf//YWH//2Fh//9hYf//YWH//2Fh//9hYf//YWH//2Fh//9hYf//YWH//2Fh//9hYf//YWH//1JS2f////8A////AP///wD///8A////AP///wD///8A////AP///wD///8A////AP///wD///8A////AFJS2f9hYf//YWH//2Fh//9hYf//YWH//2Fh//9hYf//YWH//2Fh//9hYf//YWH//2Fh//9hYf//YWH//2Fh//9hYf//YWH//2Fh//9hYf//YWH//2Fh//9hYf//YWH//2Fh//9hYf//YWH//2Fh//9hYf//YWH//2Fh//9hYf//YWH//2Fh//9hYf//YWH//2Fh//9hYf//YWH//2Fh//9hYf//YWH//2Fh//9hYf//YWH//2Fh//9hYf//YWH//2Fh//9SUtn/////AP///wD///8A////AP///wD///8A////AP///wD///8A////AP///wD///8A////AP///wBSUtn/YWH//2Fh//9hYf//YWH//2Fh//9hYf//YWH//2Fh//9hYf//YWH//2Fh//9hYf//YWH//2Fh//9hYf//YWH//2Fh//9hYf//YWH//2Fh//9hYf//YWH//2Fh//9hYf//YWH//2Fh//9hYf//YWH//2Fh//9hYf//YWH//2Fh//9hYf//YWH//2Fh//9hYf//YWH//2Fh//9hYf//YWH//2Fh//9hYf//YWH//2Fh//9hYf//YWH//2Fh//9hYf//UlLZ/////wD///8A////AP///wD///8A////AP///wD///8A////AP///wD///8A////AP///wD///8AUlLZ/2Fh//9hYf//YWH//2Fh//9hYf//YWH//2Fh//9hYf//YWH//2Fh//9hYf//YWH//2Fh//9hYf//YWH//2Fh//9hYf//YWH//2Fh//9hYf//YWH//2Fh//9hYf//YWH//2Fh//9hYf//YWH//2Fh//9hYf//YWH//2Fh//9hYf//YWH//2Fh//9hYf//YWH//2Fh//9hYf//YWH//2Fh//9hYf//YWH//2Fh//9hYf//YWH//2Fh//9hYf//YWH//1JS2f////8A////AP///wD///8A////AP///wD///8A////AP///wD///8A////AP///wD///8A////AFJS2f9hYf//YWH//2Fh//9hYf//YWH//2Fh//9hYf//YWH//2Fh//9hYf//YWH//2Fh//9hYf//YWH//2Fh//9hYf//YWH//2Fh//9hYf//YWH//2Fh//9hYf//YWH//2Fh//9hYf//YWH//2Fh//9hYf//YWH//2Fh//9hYf//YWH//2Fh//9hYf//YWH//2Fh//9hYf//YWH//2Fh//9hYf//YWH//2Fh//9hYf//YWH//2Fh//9hYf//YWH//2Fh//9SUtn/////AP///wD///8A////AP///wD///8A////AP///wD///8A////AP///wD///8A////AP///wBSUtn/YWH//2Fh//9hYf//YWH//2Fh//9hYf//YWH//2Fh//9hYf//YWH//2Fh//9hYf//YWH//2Fh//9hYf//YWH//2Fh//9hYf//YWH//2Fh//9hYf//YWH//2Fh//9hYf//YWH//2Fh//9hYf//YWH//2Fh//9hYf//YWH//2Fh//9hYf//YWH//2Fh//9hYf//YWH//2Fh//9hYf//YWH//2Fh//9hYf//YWH//2Fh//9hYf//YWH//2Fh//9hYf//UlLZ/////wD///8A////AP///wD///8A////AP///wD///8A////AP///wD///8A////AP///wD///8AUlLZ/2Fh//9hYf//YWH//2Fh//9hYf//YWH//2Fh//9hYf//YWH//2Fh//9hYf//YWH//2Fh//9hYf//YWH//2Fh//9hYf//YWH//2Fh//9hYf//YWH//2Fh//9hYf//YWH//2Fh//9hYf//YWH//2Fh//9hYf//YWH//2Fh//9hYf//YWH//2Fh//9hYf//YWH//2Fh//9hYf//YWH//2Fh//9hYf//YWH//2Fh//9hYf//YWH//2Fh//9hYf//YWH//1JS2f////8A////AP///wD///8A////AP///wD///8A////AP///wD///8A////AP///wD///8A////AFJS2f9hYf//YWH//2Fh//9hYf//YWH//2Fh//9hYf//YWH//2Fh//9hYf//YWH//2Fh//9hYf//YWH//2Fh//9hYf//YWH//2Fh//9hYf//YWH//2Fh//9hYf//YWH//2Fh//9hYf//YWH//2Fh//9hYf//YWH//2Fh//9hYf//YWH//2Fh//9hYf//YWH//2Fh//9hYf//YWH//2Fh//9hYf//YWH//2Fh//9hYf//YWH//2Fh//9hYf//YWH//2Fh//9SUtn/////AP///wD///8A////AP///wD///8A////AP///wD///8A////AP///wD///8A////AP///wBSUtn/YWH//2Fh//9hYf//YWH//2Fh//9hYf//YWH//2Fh//9hYf//YWH//2Fh//9hYf//YWH//2Fh//9hYf//YWH//2Fh//9hYf//YWH//2Fh//9hYf//YWH//2Fh//9hYf//YWH//2Fh//9hYf//YWH//2Fh//9hYf//YWH//2Fh//9hYf//YWH//2Fh//9hYf//YWH//2Fh//9hYf//YWH//2Fh//9hYf//YWH//2Fh//9hYf//YWH//2Fh//9hYf//UlLZ/////wD///8A////AP///wD///8A////AP///wD///8A////AP///wD///8A////AP///wD///8AUlLZ/2Fh//9hYf//YWH//2Fh//9hYf//YWH//2Fh//9hYf//YWH//2Fh//9hYf//YWH//2Fh//9hYf//YWH//2Fh//9hYf//YWH//2Fh//9hYf//YWH//2Fh//9hYf//YWH//2Fh//9hYf//YWH//2Fh//9hYf//YWH//2Fh//9hYf//YWH//2Fh//9hYf//YWH//2Fh//9hYf//YWH//2Fh//9hYf//YWH//2Fh//9hYf//YWH//2Fh//9hYf//YWH//1JS2f////8A////AP///wD///8A////AP///wD///8A////AP///wD///8A////AP///wD///8A////AFJS2f9hYf//YWH//2Fh//9hYf//YWH//2Fh//9hYf//YWH//2Fh//9hYf//YWH//2Fh//9hYf//YWH//2Fh//9hYf//YWH//2Fh//9hYf//YWH//2Fh//9hYf//YWH//2Fh//9hYf//YWH//2Fh//9hYf//YWH//2Fh//9hYf//YWH//2Fh//9hYf//YWH//2Fh//9hYf//YWH//2Fh//9hYf//YWH//2Fh//9hYf//YWH//2Fh//9hYf//YWH//2Fh//9SUtn/////AP///wD///8A////AP///wD///8A////AP///wD///8A////AP///wD///8A////AP///wBSUtn/YWH//2Fh//9hYf//YWH//2Fh//9hYf//YWH//2Fh//9hYf//YWH//2Fh//9hYf//YWH//2Fh//9hYf//YWH//2Fh//9hYf//YWH//2Fh//9hYf//YWH//2Fh//9hYf//YWH//2Fh//9hYf//YWH//2Fh//9hYf//YWH//2Fh//9hYf//YWH//2Fh//9hYf//YWH//2Fh//9hYf//YWH//2Fh//9hYf//YWH//2Fh//9hYf//YWH//2Fh//9hYf//UlLZ/////wD///8A////AP///wD///8A////AP///wD///8A////AP///wD///8A////AP///wD///8AUlLZ/2Fh//9hYf//YWH//2Fh//9hYf//YWH//2Fh//9hYf//YWH//2Fh//9hYf//YWH//2Fh//9hYf//YWH//2Fh//9hYf//YWH//2Fh//9hYf//YWH//2Fh//9hYf//YWH//2Fh//9hYf//YWH//2Fh//9hYf//YWH//2Fh//9hYf//YWH//2Fh//9hYf//YWH//2Fh//9hYf//YWH//2Fh//9hYf//YWH//2Fh//9hYf//YWH//2Fh//9hYf//YWH//1JS2f////8A////AP///wD///8A////AP///wD///8A////AP///wD///8A////AP///wD///8A////AFJS2f9hYf//YWH//2Fh//9hYf//YWH//2Fh//9hYf//YWH//2Fh//9hYf//YWH//2Fh//9hYf//YWH//2Fh//9hYf//YWH//2Fh//9hYf//YWH//2Fh//9hYf//YWH//2Fh//9hYf//YWH//2Fh//9hYf//YWH//2Fh//9hYf//YWH//2Fh//9hYf//YWH//2Fh//9hYf//YWH//2Fh//9hYf//YWH//2Fh//9hYf//YWH//2Fh//9hYf//YWH//2Fh//9SUtn/////AP///wD///8A////AP///wD///8A////AP///wD///8A////AP///wD///8A////AP///wBSUtn/YWH//2Fh//9hYf//YWH//2Fh//9hYf//YWH//2Fh//9hYf//YWH//2Fh//9hYf//YWH//2Fh//9hYf//YWH//2Fh//9hYf//YWH//2Fh//9hYf//YWH//2Fh//9hYf//YWH//2Fh//9hYf//YWH//2Fh//9hYf//YWH//2Fh//9hYf//YWH//2Fh//9hYf//YWH//2Fh//9hYf//YWH//2Fh//9hYf//YWH//2Fh//9hYf//YWH//2Fh//9hYf//UlLZ/////wD///8A////AP///wD///8A////AP///wD///8A////AP///wD///8A////AP///wD///8AUlLZ/2Fh//9hYf//YWH//2Fh//9hYf//YWH//2Fh//9hYf//YWH//2Fh//9hYf//YWH//2Fh//9hYf//YWH//2Fh//9hYf//YWH//2Fh//9hYf//YWH//2Fh//9hYf//YWH//2Fh//9hYf//YWH//2Fh//9hYf//YWH//2Fh//9hYf//YWH//2Fh//9hYf//YWH//2Fh//9hYf//YWH//2Fh//9hYf//YWH//2Fh//9hYf//YWH//2Fh//9hYf//YWH//1JS2f////8A////AP///wD///8A////AP///wD///8A////AP///wD///8A////AP///wD///8A////AFJS2f9hYf//YWH//2Fh//9hYf//YWH//2Fh//9hYf//YWH//2Fh//9hYf//YWH//2Fh//9hYf//YWH//2Fh//9hYf//YWH//2Fh//9hYf//YWH//2Fh//9hYf//YWH//2Fh//9hYf//YWH//2Fh//9hYf//YWH//2Fh//9hYf//YWH//2Fh//9hYf//YWH//2Fh//9hYf//YWH//2Fh//9hYf//YWH//2Fh//9hYf//YWH//2Fh//9hYf//YWH//2Fh//9SUtn/////AP///wD///8A////AP///wD///8A////AP///wD///8A////AP///wD///8A////AP///wBSUtn/W1vx/2Bg/v9hYf//YWH//2Fh//9hYf//YWH//2Fh//9hYf//YWH//2Fh//9hYf//YWH//2Fh//9hYf//YWH//2Fh//9hYf//YWH//2Fh//9hYf//YWH//2Fh//9hYf//YWH//2Fh//9hYf//YWH//2Fh//9fX/v/XFzy/1lZ6/9XV+X/VFTf/1NT3P9SUtn/UlLZ/1NT2/9TU9z/VFTf/1ZW4v9YWOj/Wlru/11d9P9fX/v/YWH//2Fh//9hYf//UlLZ/////wD///8A////AP///wD///8A////AP///wD///8A////AP///wD///8A////AP///wD///8AUlLZ51JS2aNSUtn2WFjn/11d9v9hYf//YWH//2Fh//9hYf//YWH//2Fh//9hYf//YWH//2Fh//9hYf//YWH//2Fh//9hYf//YWH//2Fh//9hYf//YWH//2Fh//9hYf//YWH//2Fh//9gYP3/XFzz/1hY6P9UVN7/UlLZ5FJS2ahSUtl5UlLZUVJS2SlSUtkUUlLZAlJS2QBSUtkMUlLZE1JS2SlSUtk/UlLZYlJS2YpSUtm3UlLZ4VNT3P9XV+b/W1vw/1JS2f////8A////AP///wD///8A////AP///wD///8A////AP///wD///8A////AP///wD///8A////AFJS2QBSUtkAUlLZDFJS2WBSUtnBUlLZ/lhY6P9dXfT/YGD9/2Fh//9hYf//YWH//2Fh//9hYf//YWH//2Fh//9hYf//YWH//2Fh//9hYf//YWH//2Fh//9hYf//Xl73/1pa7f9WVuL/UlLZ8FJS2axSUtlkUlLZI1JS2QBSUtkAUlLZAFJS2QBSUtkAUlLZAFJS2QBSUtkAUlLZAFJS2QBSUtkA////AP///wD///8A////AP///wBSUtkXUlLZWFJS2ZpSUtnd////AP///wD///8A////AP///wD///8A////AP///wD///8A////AP///wD///8A////AP///wBSUtkAUlLZAP///wD///8A////AFJS2RtSUtlnUlLZtFJS2fJVVeH/WFjp/1tb8P9eXvb/X1/7/2Bg/v9hYf//YGD+/2Bg+/9eXvf/XFzx/1lZ6/9WVuT/UlLZ/FJS2ctSUtmGUlLZPlJS2QRSUtkAUlLZAFJS2QBSUtkAUlLZAFJS2QBSUtkAUlLZAFJS2QBSUtkAUlLZAFJS2QBSUtkAUlLZAP///wD///8A////AP///wD///8A////AP///wD///8A////AP///wD///8A////AP///wD///8A////AP///wD///8A////AP///wD///8A////AP///wD///8A////AP///wD///8A////AP///wD///8A////AP///wBSUtkEUlLZNVJS2W5SUtmZUlLZxVJS2eRSUtn1UlLZ/1JS2fZSUtnmUlLZzFJS2aNSUtl5UlLZSVJS2Q1SUtkAUlLZAFJS2QBSUtkAUlLZAFJS2QBSUtkAUlLZAFJS2QBSUtkAUlLZAFJS2QBSUtkAUlLZAFJS2QBSUtkAUlLZAFJS2QD///8A////AP///wD///8A////AP///wD///8A////AP///wD///8A////AP///wD///8A////AP///wD///8A////AP///wD///8A////AP///wD///8A////AP///wD///8A////AP///wD///8A////AP///wD///8A////AP///wD///8A////AP///wD///8A////AP///wD///8A////AP///wD///8A////AP///wD///8A////AP///wD///8A////AP///wD///8A////AP///wD///8A////AP///wD///8A////AP///wD///8A////AP///wD///8A////AP///wD///8A////AP///wD///8A////AP///wD///8A////AP///wD///8A////AP///wD///8A////AP///////////v/////////+//////////7//////////v/////////+//////////7//////////v/////////+//////////7//////////v/////////+//////////7//////////v/////////+//////////7//////////v/////////+//////////7//////////v/////////+//////////7//////////v/////////+//////////7//////////v/////////+//////////4////4AAf//g///4AAAH/+AP/4AAAAf/4AAgAAAAB//gAAAAAAAH/+AAAAAAAAf/4AAAAAAAB//gAAAAAAAH/+AAAAAAAAf/4AAAAAAAB//gAAAAAAAH/+AAAAAAAAf/4AAAAAAAB//gAAAAAAAH/+AAAAAAAAf/4AAAAAAAB//gAAAAAAAH/+AAAAAAAAf/4AAAAAAAB//gAAAAAAAH/+AAAAAAAAf/4AAAAAAAB//gAAAAAAAH/+AAAAAAAAf/4AAAAAAAB//gAAAAAAAH/+AAAAAAAAf/4AAAAAAAB//gAAAAAAAH/+AAAAAAAAf/4AAAAAAAB//gAAAAAAAH/+AAAAAAgAf/+AAAAH//h///AAAD///////gAD////////////////KAAAAEgAAACQAAAAAQAgAAAAAAAAAAAAAAAAAAAAAAAAAAAAAAAAAP///wD///8A////AP///wD///8A////AP///wD///8A////AP///wD///8A////AP///wD///8A////AP///wD///8A////AP///wD///8A////AP///wD///8A////AP///wD///8A////AP///wD///8A////AP///wD///8A////AP///wD///8A////AP///wD///8A////AP///wD///8A////AP///wD///8A////AP///wD///8A////AP///wD///8A////AP///wD///8A////AP///wD///8A////AP///wD///8A////AP///wD///8A////AP///wD///8A////AP///wD///8A////AP///wD///8A////AP///wD///8A////AP///wD///8A////AP///wD///8A////AP///wD///8A////AP///wD///8A////AP///wD///8A////AP///wD///8A////AP///wD///8A////AP///wD///8A////AP///wD///8A////AP///wD///8A////AP///wD///8A////AP///wD///8A////AP///wD///8A////AP///wD///8A////AP///wD///8A////AP///wD///8A////AP///wD///8A////AP///wD///8A////AP///wD///8A////AP///wD///8A////AP///wD///8A////AP///wD///8A////AP///wD///8A////AP///wD///8A////AP///wD///8A////ADZD9P82Q/T/NkP0/zZD9P82Q/QANkP0ADZD9AA2Q/QANkP0ADZD9AA2Q/QANkP0ADZD9AA2Q/QANkP0ADZD9AA2Q/QANkP0ADZD9AA2Q/QANkP0ADZD9AA2Q/QANkP0ADZD9AA2Q/QANkP0ADZD9AA2Q/QANkP0ADZD9AA2Q/QANkP0ADZD9AA2Q/QANkP0ADZD9AA2Q/QANkP0ADZD9AA2Q/QANkP0ADZD9AA2Q/QANkP0ADZD9AA2Q/QANkP0ADZD9AA2Q/QANkP0ADZD9AA2Q/QANkP0ADZD9AA2Q/QANkP0ADZD9AA2Q/QANkP0AP///wD///8A////AP///wD///8A////AP///wD///8A////AP///wD///8A////ADZD9P82Q/T/NkP0/zZD9P82Q/QANkP0ADZD9AA2Q/QANkP0ADZD9AA2Q/QANkP0ADZD9AA2Q/QANkP0ADZD9AA2Q/QANkP0ADZD9AA2Q/QANkP0ADZD9AA2Q/QANkP0ADZD9AA2Q/QANkP0ADZD9AA2Q/QANkP0ADZD9AA2Q/QANkP0ADZD9AA2Q/QANkP0ADZD9AA2Q/QANkP0ADZD9AA2Q/QANkP0ADZD9AA2Q/QANkP0ADZD9AA2Q/QANkP0ADZD9AA2Q/QANkP0ADZD9AA2Q/QANkP0ADZD9AA2Q/QANkP0ADZD9AA2Q/QANkP0AP///wD///8A////AP///wD///8A////AP///wD///8A////AP///wD///8A////ADZD9P82Q/T/NkP0/zZD9P82Q/QANkP0ADZD9AA2Q/QANkP0ADZD9AA2Q/QANkP0ADZD9AA2Q/QANkP0ADZD9AA2Q/QANkP0ADZD9AA2Q/QANkP0ADZD9AA2Q/QANkP0ADZD9AA2Q/QANkP0ADZD9AA2Q/QANkP0ADZD9AA2Q/QANkP0ADZD9AA2Q/QANkP0ADZD9AA2Q/QANkP0ADZD9AA2Q/QANkP0ADZD9AA2Q/QANkP0ADZD9AA2Q/QANkP0ADZD9AA2Q/QANkP0ADZD9AA2Q/QANkP0ADZD9AA2Q/QANkP0ADZD9AA2Q/QANkP0AP///wD///8A////AP///wD///8A////AP///wD///8A////AP///wD///8A////ADZD9P82Q/T/NkP0/zZD9P82Q/QANkP0ADZD9AA2Q/QANkP0ADZD9AA2Q/QANkP0ADZD9AA2Q/QANkP0ADZD9AA2Q/QANkP0ADZD9AA2Q/QANkP0ADZD9AA2Q/QANkP0ADZD9AA2Q/QANkP0ADZD9AA2Q/QANkP0ADZD9AA2Q/QANkP0ADZD9AA2Q/QANkP0ADZD9AA2Q/QANkP0ADZD9AA2Q/QANkP0ADZD9AA2Q/QANkP0ADZD9AA2Q/QANkP0ADZD9AA2Q/QANkP0ADZD9AA2Q/QANkP0ADZD9AA2Q/QANkP0ADZD9AA2Q/QANkP0AP///wD///8A////AP///wD///8A////AP///wD///8A////AP///wD///8A////ADZD9P82Q/T/NkP0/zZD9P82Q/QANkP0ADZD9AA2Q/QANkP0ADZD9AA2Q/QANkP0ADZD9AA2Q/QANkP0ADZD9AA2Q/QANkP0ADZD9AA2Q/QANkP0ADZD9AA2Q/QANkP0ADZD9AA2Q/QANkP0ADZD9AA2Q/QANkP0ADZD9AA2Q/QANkP0ADZD9AA2Q/QANkP0ADZD9AA2Q/QANkP0ADZD9AA2Q/QANkP0ADZD9AA2Q/QANkP0ADZD9AA2Q/QANkP0ADZD9AA2Q/QANkP0ADZD9AA2Q/QANkP0ADZD9AA2Q/QANkP0ADZD9AA2Q/QANkP0AP///wD///8A////AP///wD///8A////AP///wD///8A////AP///wD///8A////ADZD9P82Q/T/NkP0/zZD9P82Q/QANkP0ADZD9AA2Q/QANkP0ADZD9AA2Q/QANkP0ADZD9AA2Q/QANkP0ADZD9AA2Q/QANkP0ADZD9AA2Q/QANkP0ADZD9AA2Q/QANkP0ADZD9AA2Q/QANkP0ADZD9AA2Q/QANkP0ADZD9AA2Q/QANkP0ADZD9AA2Q/QANkP0ADZD9AA2Q/QANkP0ADZD9AA2Q/QANkP0ADZD9AA2Q/QANkP0ADZD9AA2Q/QANkP0ADZD9AA2Q/QANkP0ADZD9AA2Q/QANkP0ADZD9AA2Q/QANkP0ADZD9AA2Q/QANkP0AP///wD///8A////AP///wD///8A////AP///wD///8A////AP///wD///8A////ADZD9P82Q/T/NkP0/zZD9P82Q/QANkP0ADZD9AA2Q/QANkP0ADZD9AA2Q/QANkP0ADZD9AA2Q/QANkP0ADZD9AA2Q/QANkP0ADZD9AA2Q/QANkP0ADZD9AA2Q/QANkP0ADZD9AA2Q/QANkP0ADZD9AA2Q/QANkP0ADZD9AA2Q/QANkP0ADZD9AA2Q/QANkP0ADZD9AA2Q/QANkP0ADZD9AA2Q/QANkP0ADZD9AA2Q/QANkP0ADZD9AA2Q/QANkP0ADZD9AA2Q/QANkP0ADZD9AA2Q/QANkP0ADZD9AA2Q/QANkP0ADZD9AA2Q/QANkP0AP///wD///8A////AP///wD///8A////AP///wD///8A////AP///wD///8A////ADZD9P82Q/T/NkP0/zZD9P82Q/QANkP0ADZD9AA2Q/QANkP0ADZD9AA2Q/QANkP0ADZD9AA2Q/QANkP0ADZD9AA2Q/QANkP0ADZD9AA2Q/QANkP0ADZD9AA2Q/QANkP0ADZD9AA2Q/QANkP0ADZD9AA2Q/QANkP0ADZD9AA2Q/QANkP0ADZD9AA2Q/QANkP0ADZD9AA2Q/QANkP0ADZD9AA2Q/QANkP0ADZD9AA2Q/QANkP0ADZD9AA2Q/QANkP0ADZD9AA2Q/QANkP0ADZD9AA2Q/QANkP0ADZD9AA2Q/QANkP0ADZD9AA2Q/QANkP0AP///wD///8A////AP///wD///8A////AP///wD///8A////AP///wD///8A////ADZD9P82Q/T/NkP0/zZD9P82Q/QANkP0ADZD9AA2Q/QANkP0ADZD9AA2Q/QANkP0ADZD9AA2Q/QANkP0ADZD9AA2Q/QANkP0ADZD9AA2Q/QANkP0ADZD9AA2Q/QANkP0ADZD9AA2Q/QANkP0ADZD9AA2Q/QANkP0ADZD9AA2Q/QANkP0ADZD9AA2Q/QANkP0ADZD9AA2Q/QANkP0ADZD9AA2Q/QANkP0ADZD9AA2Q/QANkP0ADZD9AA2Q/QANkP0ADZD9AA2Q/QANkP0ADZD9AA2Q/QANkP0ADZD9AA2Q/QANkP0ADZD9AA2Q/QANkP0AP///wD///8A////AP///wD///8A////AP///wD///8A////AP///wD///8A////ADZD9P82Q/T/NkP0/zZD9P82Q/QANkP0ADZD9AA2Q/QANkP0ADZD9AA2Q/QANkP0ADZD9AA2Q/QANkP0ADZD9AA2Q/QANkP0ADZD9AA2Q/QANkP0ADZD9AA2Q/QANkP0ADZD9AA2Q/QANkP0ADZD9AA2Q/QANkP0ADZD9AA2Q/QANkP0ADZD9AA2Q/QANkP0ADZD9AA2Q/QANkP0ADZD9AA2Q/QANkP0ADZD9AA2Q/QANkP0ADZD9AA2Q/QANkP0ADZD9AA2Q/QANkP0ADZD9AA2Q/QANkP0ADZD9AA2Q/QANkP0ADZD9AA2Q/QANkP0AP///wD///8A////AP///wD///8A////AP///wD///8A////AP///wD///8A////ADZD9P82Q/T/NkP0/zZD9P82Q/QANkP0ADZD9AA2Q/QANkP0ADZD9AA2Q/QANkP0ADZD9AA2Q/QANkP0ADZD9AA2Q/QANkP0ADZD9AA2Q/QANkP0ADZD9AA2Q/QANkP0ADZD9AA2Q/QANkP0ADZD9AA2Q/QANkP0ADZD9AA2Q/QANkP0ADZD9AA2Q/QANkP0ADZD9AA2Q/QANkP0ADZD9AA2Q/QANkP0ADZD9AA2Q/QANkP0ADZD9AA2Q/QANkP0ADZD9AA2Q/QANkP0ADZD9AA2Q/QANkP0ADZD9AA2Q/QANkP0ADZD9AA2Q/QANkP0AP///wD///8A////AP///wD///8A////AP///wD///8A////AP///wD///8A////ADZD9P82Q/T/NkP0/zZD9P82Q/QANkP0ADZD9AA2Q/QANkP0ADZD9AA2Q/QANkP0ADZD9AA2Q/QANkP0ADZD9AA2Q/QANkP0ADZD9AA2Q/QANkP0ADZD9AA2Q/QANkP0ADZD9AA2Q/QANkP0ADZD9AA2Q/QANkP0ADZD9AA2Q/QANkP0ADZD9AA2Q/QANkP0ADZD9AA2Q/QANkP0ADZD9AA2Q/QANkP0ADZD9AA2Q/QANkP0ADZD9AA2Q/QANkP0ADZD9AA2Q/QANkP0ADZD9AA2Q/QANkP0ADZD9AA2Q/QANkP0ADZD9AA2Q/QANkP0AP///wD///8A////AP///wD///8A////AP///wD///8A////AP///wD///8A////ADZD9P82Q/T/NkP0/zZD9P82Q/QANkP0ADZD9AA2Q/QANkP0ADZD9AA2Q/QANkP0ADZD9AA2Q/QANkP0ADZD9AA2Q/QANkP0ADZD9AA2Q/QANkP0ADZD9AA2Q/QANkP0ADZD9AA2Q/QANkP0ADZD9AA2Q/QANkP0ADZD9AA2Q/QANkP0ADZD9AA2Q/QANkP0ADZD9AA2Q/QANkP0ADZD9AA2Q/QANkP0ADZD9AA2Q/QANkP0ADZD9AA2Q/QANkP0ADZD9AA2Q/QANkP0ADZD9AA2Q/QANkP0ADZD9AA2Q/QANkP0ADZD9AA2Q/QANkP0AP///wD///8A////AP///wD///8A////AP///wD///8A////AP///wD///8A////ADZD9P82Q/T/NkP0/zZD9P82Q/QANkP0ADZD9AA2Q/QANkP0ADZD9AA2Q/QANkP0ADZD9AA2Q/QANkP0ADZD9AA2Q/QANkP0ADZD9AA2Q/QANkP0ADZD9AA2Q/QANkP0ADZD9AA2Q/QANkP0ADZD9AA2Q/QANkP0ADZD9AA2Q/QANkP0ADZD9AA2Q/QANkP0ADZD9AA2Q/QANkP0ADZD9AA2Q/QANkP0ADZD9AA2Q/QANkP0ADZD9AA2Q/QANkP0ADZD9AA2Q/QANkP0ADZD9AA2Q/QANkP0ADZD9AA2Q/QANkP0ADZD9AA2Q/QANkP0AP///wD///8A////AP///wD///8A////AP///wD///8A////AP///wD///8A////ADZD9P82Q/T/NkP0/zZD9P82Q/QANkP0ADZD9AA2Q/QANkP0ADZD9AA2Q/QANkP0ADZD9AA2Q/QANkP0ADZD9AA2Q/QANkP0ADZD9AA2Q/QANkP0ADZD9AA2Q/QANkP0ADZD9AA2Q/QANkP0ADZD9AA2Q/QANkP0ADZD9AA2Q/QANkP0ADZD9AA2Q/QANkP0ADZD9AA2Q/QANkP0ADZD9AA2Q/QANkP0ADZD9AA2Q/QANkP0ADZD9AA2Q/QANkP0ADZD9AA2Q/QANkP0ADZD9AA2Q/QANkP0ADZD9AA2Q/QANkP0ADZD9AA2Q/QANkP0AP///wD///8A////AP///wD///8A////AP///wD///8A////AP///wD///8A////ADZD9P82Q/T/NkP0/zZD9P82Q/QANkP0ADZD9AA2Q/QANkP0ADZD9AA2Q/QANkP0ADZD9AA2Q/QANkP0ADZD9AA2Q/QANkP0ADZD9AA2Q/QANkP0ADZD9AA2Q/QANkP0ADZD9AA2Q/QANkP0ADZD9AA2Q/QANkP0ADZD9AA2Q/QANkP0ADZD9AA2Q/QANkP0ADZD9AA2Q/QANkP0ADZD9AA2Q/QANkP0ADZD9AA2Q/QANkP0ADZD9AA2Q/QANkP0ADZD9AA2Q/QANkP0ADZD9AA2Q/QANkP0ADZD9AA2Q/QANkP0ADZD9AA2Q/QANkP0AP///wD///8A////AP///wD///8A////AP///wD///8A////AP///wD///8A////ADZD9P82Q/T/NkP0/zZD9P82Q/QANkP0ADZD9AA2Q/QANkP0ADZD9AA2Q/QANkP0ADZD9AA2Q/QANkP0ADZD9AA2Q/QANkP0ADZD9AA2Q/QANkP0ADZD9AA2Q/QANkP0ADZD9AA2Q/QANkP0ADZD9AA2Q/QANkP0ADZD9AA2Q/QANkP0ADZD9AA2Q/QANkP0ADZD9AA2Q/QANkP0ADZD9AA2Q/QANkP0ADZD9AA2Q/QANkP0ADZD9AA2Q/QANkP0ADZD9AA2Q/QANkP0ADZD9AA2Q/QANkP0ADZD9AA2Q/QANkP0ADZD9AA2Q/QANkP0AP///wD///8A////AP///wD///8A////AP///wD///8A////AP///wD///8A////ADZD9P82Q/T/NkP0/zZD9P82Q/QANkP0ADZD9AA2Q/QANkP0ADZD9AA2Q/QANkP0ADZD9AA2Q/QANkP0ADZD9AA2Q/QANkP0ADZD9AA2Q/QANkP0ADZD9AA2Q/QANkP0ADZD9AA2Q/QANkP0ADZD9AA2Q/QANkP0ADZD9AA2Q/QANkP0ADZD9AA2Q/QANkP0ADZD9AA2Q/QANkP0ADZD9AA2Q/QANkP0ADZD9AA2Q/QANkP0ADZD9AA2Q/QANkP0ADZD9AA2Q/QANkP0ADZD9AA2Q/QANkP0ADZD9AA2Q/QANkP0ADZD9AA2Q/QANkP0AP///wD///8A////AP///wD///8A////AP///wD///8A////AP///wD///8A////ADZD9P82Q/T/NkP0/zZD9P82Q/QANkP0ADZD9AA2Q/QANkP0ADZD9AA2Q/QANkP0ADZD9AA2Q/QANkP0ADZD9AA2Q/QANkP0ADZD9AA2Q/QANkP0ADZD9AA2Q/QANkP0ADZD9AA2Q/QANkP0ADZD9AA2Q/QANkP0ADZD9AA2Q/QANkP0ADZD9AA2Q/QANkP0ADZD9AA2Q/QANkP0ADZD9AA2Q/QANkP0ADZD9AA2Q/QANkP0ADZD9AA2Q/QANkP0ADZD9AA2Q/QANkP0ADZD9AA2Q/QANkP0ADZD9AA2Q/QANkP0ADZD9AA2Q/QANkP0AP///wD///8A////AP///wD///8A////AP///wD///8A////AP///wD///8A////ADZD9P82Q/T/NkP0/zZD9P82Q/QANkP0ADZD9AA2Q/QANkP0ADZD9AA2Q/QANkP0ADZD9AA2Q/QANkP0ADZD9AA2Q/QANkP0ADZD9AA2Q/QANkP0ADZD9AA2Q/QANkP0ADZD9AA2Q/QANkP0ADZD9AA2Q/QANkP0ADZD9AA2Q/QANkP0ADZD9AA2Q/QANkP0ADZD9AA2Q/QANkP0ADZD9AA2Q/QANkP0ADZD9AA2Q/QANkP0ADZD9AA2Q/QANkP0ADZD9AA2Q/QANkP0ADZD9AA2Q/QANkP0ADZD9AA2Q/QANkP0ADZD9AA2Q/QANkP0AP///wD///8A////AP///wD///8A////AP///wD///8A////AP///wD///8A////ADZD9P82Q/T/NkP0/zZD9P82Q/QANkP0ADZD9AA2Q/QANkP0ADZD9AA2Q/QANkP0ADZD9AA2Q/QANkP0ADZD9AA2Q/QANkP0ADZD9AA2Q/QANkP0ADZD9AA2Q/QANkP0ADZD9AA2Q/QANkP0ADZD9AA2Q/QANkP0ADZD9AA2Q/QANkP0ADZD9AA2Q/QANkP0ADZD9AA2Q/QANkP0ADZD9AA2Q/QANkP0ADZD9AA2Q/QANkP0ADZD9AA2Q/QANkP0ADZD9AA2Q/QANkP0ADZD9AA2Q/QANkP0ADZD9AA2Q/QANkP0ADZD9AA2Q/QANkP0AP///wD///8A////AP///wD///8A////AP///wD///8A////AP///wD///8A////ADZD9P82Q/T/NkP0/zZD9P82Q/QANkP0ADZD9AA2Q/QANkP0ADZD9AA2Q/QANkP0ADZD9AA2Q/QANkP0ADZD9AA2Q/QANkP0ADZD9AA2Q/QANkP0ADZD9AA2Q/QANkP0ADZD9AA2Q/QANkP0ADZD9AA2Q/QANkP0ADZD9AA2Q/QANkP0ADZD9AA2Q/QANkP0ADZD9AA2Q/QANkP0ADZD9AA2Q/QANkP0ADZD9AA2Q/QANkP0ADZD9AA2Q/QANkP0ADZD9AA2Q/QANkP0ADZD9AA2Q/QANkP0ADZD9AA2Q/QANkP0ADZD9AA2Q/QANkP0AP///wD///8A////AP///wD///8A////AP///wD///8A////AP///wD///8A////ADZD9P82Q/T/NkP0/zZD9P82Q/QANkP0ADZD9AA2Q/QANkP0ADZD9AA2Q/QANkP0ADZD9AA2Q/QANkP0ADZD9AA2Q/QANkP0ADZD9AA2Q/QANkP0ADZD9AA2Q/QANkP0ADZD9AA2Q/QANkP0ADZD9AA2Q/QANkP0ADZD9AA2Q/QANkP0ADZD9AA2Q/QANkP0ADZD9AA2Q/QANkP0ADZD9AA2Q/QANkP0ADZD9AA2Q/QANkP0ADZD9AA2Q/QANkP0ADZD9AA2Q/QANkP0ADZD9AA2Q/QANkP0ADZD9AA2Q/QANkP0ADZD9AA2Q/QANkP0AP///wD///8A////AP///wD///8A////AP///wD///8A////AP///wD///8A////ADZD9P82Q/T/NkP0/zZD9P82Q/QANkP0ADZD9AA2Q/QANkP0ADZD9AA2Q/QANkP0ADZD9AA2Q/QANkP0ADZD9AA2Q/QANkP0ADZD9AA2Q/QANkP0ADZD9AA2Q/QANkP0ADZD9AA2Q/QANkP0ADZD9P82Q/T/NkP0/zZD9P82Q/T/NkP0/zZD9P82Q/T/NkP0/zZD9P82Q/T/NkP0/zZD9P82Q/T/NkP0/zZD9P82Q/T/NkP0/zZD9P82Q/T/NkP0/zZD9P82Q/T/NkP0/zZD9P82Q/T/NkP0/zZD9P82Q/T/NkP0/zZD9P82Q/T/NkP0/////wD///8A////AP///wD///8A////AP///wD///8A////AP///wD///8A////ADZD9P82Q/T/NkP0/zZD9P82Q/QANkP0ADZD9AA2Q/QANkP0ADZD9AA2Q/QANkP0ADZD9AA2Q/QANkP0ADZD9AA2Q/QANkP0ADZD9AA2Q/QANkP0ADZD9AA2Q/QANkP0ADZD9AA2Q/QANkP0ADZD9P82Q/T/NkP0/zZD9P82Q/T/NkP0/zZD9P82Q/T/NkP0/zZD9P82Q/T/NkP0/zZD9P82Q/T/NkP0/zZD9P82Q/T/NkP0/zZD9P82Q/T/NkP0/zZD9P82Q/T/NkP0/zZD9P82Q/T/NkP0/zZD9P82Q/T/NkP0/zZD9P82Q/T/NkP0/////wD///8A////AP///wD///8A////AP///wD///8A////AP///wD///8A////ADZD9P82Q/T/NkP0/zZD9P82Q/QANkP0ADZD9AA2Q/QANkP0ADZD9AA2Q/QANkP0ADZD9AA2Q/QANkP0ADZD9AA2Q/QANkP0ADZD9AA2Q/QANkP0ADZD9AA2Q/QANkP0ADZD9AA2Q/QANkP0ADZD9P82Q/T/NkP0/zZD9P82Q/T/NkP0/zZD9P82Q/T/NkP0/zZD9P82Q/T/NkP0/zZD9P82Q/T/NkP0/zZD9P82Q/T/NkP0/zZD9P82Q/T/NkP0/zZD9P82Q/T/NkP0/zZD9P82Q/T/NkP0/zZD9P82Q/T/NkP0/zZD9P82Q/T/NkP0/////wD///8A////AP///wD///8A////AP///wD///8A////AP///wD///8A////ADZD9P82Q/T/NkP0/zZD9P82Q/QANkP0ADZD9AA2Q/QANkP0ADZD9AA2Q/QANkP0ADZD9AA2Q/QANkP0ADZD9AA2Q/QANkP0ADZD9AA2Q/QANkP0ADZD9AA2Q/QANkP0ADZD9AA2Q/QANkP0ADZD9P82Q/T/NkP0/zZD9P82Q/T/NkP0/zZD9P82Q/T/NkP0/zZD9P82Q/T/NkP0/zZD9P82Q/T/NkP0/zZD9P82Q/T/NkP0/zZD9P82Q/T/NkP0/zZD9P82Q/T/NkP0/zZD9P82Q/T/NkP0/zZD9P82Q/T/NkP0/zZD9P82Q/T/NkP0/////wD///8A////AP///wD///8A////AP///wD///8A////AP///wD///8A////ADZD9P82Q/T/NkP0/zZD9P82Q/QANkP0ADZD9AA2Q/QANkP0ADZD9AA2Q/QANkP0ADZD9AA2Q/QANkP0ADZD9AA2Q/QANkP0ADZD9AA2Q/QANkP0ADZD9AA2Q/QANkP0ADZD9AA2Q/QANkP0ADZD9P82Q/T/NkP0/zZD9P82Q/T/NkP0/zZD9P82Q/T/NkP0/zZD9P82Q/T/NkP0/zZD9P82Q/T/NkP0/zZD9P82Q/T/NkP0/zZD9P82Q/T/NkP0/zZD9P82Q/T/NkP0/zZD9P82Q/T/NkP0/zZD9P82Q/T/NkP0/zZD9P82Q/T/NkP0/////wD///8A////AP///wD///8A////AP///wD///8A////AP///wD///8A////ADZD9P82Q/T/NkP0/zZD9P82Q/QANkP0ADZD9AA2Q/QANkP0ADZD9AA2Q/QANkP0ADZD9AA2Q/QANkP0ADZD9AA2Q/QANkP0ADZD9AA2Q/QANkP0ADZD9AA2Q/QANkP0ADZD9AA2Q/QANkP0ADZD9P82Q/T/NkP0/zZD9P82Q/T/NkP0/zZD9P82Q/T/NkP0/zZD9P82Q/T/NkP0/zZD9P82Q/T/NkP0/zZD9P82Q/T/NkP0/zZD9P82Q/T/NkP0/zZD9P82Q/T/NkP0/zZD9P82Q/T/NkP0/zZD9P82Q/T/NkP0/zZD9P82Q/T/NkP0/////wD///8A////AP///wD///8A////AP///wD///8A////AP///wD///8A////ADZD9P82Q/T/NkP0/zZD9P82Q/QANkP0ADZD9AA2Q/QANkP0ADZD9AA2Q/QANkP0ADZD9AA2Q/QANkP0ADZD9AA2Q/QANkP0ADZD9AA2Q/QANkP0ADZD9AA2Q/QANkP0ADZD9AA2Q/QANkP0ADZD9P82Q/T/NkP0/zZD9P82Q/T/NkP0/zZD9P82Q/T/NkP0/zZD9P82Q/T/NkP0/zZD9P82Q/T/NkP0/zZD9P82Q/T/NkP0/zZD9P82Q/T/NkP0/zZD9P82Q/T/NkP0/zZD9P82Q/T/NkP0/zZD9P82Q/T/NkP0/zZD9P82Q/T/NkP0/////wD///8A////AP///wD///8A////AP///wD///8A////AP///wD///8A////ADZD9P82Q/T/NkP0/zZD9P82Q/QANkP0ADZD9AA2Q/QANkP0ADZD9AA2Q/QANkP0ADZD9AA2Q/QANkP0ADZD9AA2Q/QANkP0ADZD9AA2Q/QANkP0ADZD9AA2Q/QANkP0ADZD9AA2Q/QANkP0ADZD9P82Q/T/NkP0/zZD9P82Q/T/NkP0/zZD9P82Q/T/NkP0/zZD9P82Q/T/NkP0/zZD9P82Q/T/NkP0/zZD9P82Q/T/NkP0/zZD9P82Q/T/NkP0/zZD9P82Q/T/NkP0/zZD9P82Q/T/NkP0/zZD9P82Q/T/NkP0/zZD9P82Q/T/NkP0/////wD///8A////AP///wD///8A////AP///wD///8A////AP///wD///8A////ADZD9P82Q/T/NkP0/zZD9P82Q/QANkP0ADZD9AA2Q/QANkP0/zZD9P82Q/T/NkP0/zZD9P82Q/T/NkP0/zZD9P82Q/T/NkP0/zZD9P82Q/T/NkP0/zZD9P82Q/T/NkP0ADZD9AA2Q/QANkP0ADZD9P82Q/T/NkP0/zZD9P82Q/T/NkP0/zZD9P82Q/T/NkP0/zZD9P82Q/T/NkP0/zZD9P82Q/T/NkP0/zZD9P82Q/T/NkP0/zZD9P82Q/T/NkP0/zZD9P82Q/T/NkP0/zZD9P82Q/T/NkP0/zZD9P82Q/T/NkP0/zZD9P82Q/T/NkP0/////wD///8A////AP///wD///8A////AP///wD///8A////AP///wD///8A////ADZD9P82Q/T/NkP0/zZD9P82Q/QANkP0ADZD9AA2Q/QANkP0/zZD9P82Q/T/NkP0/zZD9P82Q/T/NkP0/zZD9P82Q/T/NkP0/zZD9P82Q/T/NkP0/zZD9P82Q/T/NkP0ADZD9AA2Q/QANkP0ADZD9P82Q/T/NkP0/zZD9P82Q/T/NkP0/zZD9P82Q/T/NkP0/zZD9P82Q/T/NkP0/zZD9P82Q/T/NkP0/zZD9P82Q/T/NkP0/zZD9P82Q/T/NkP0/zZD9P82Q/T/NkP0/zZD9P82Q/T/NkP0/zZD9P82Q/T/NkP0/zZD9P82Q/T/NkP0/////wD///8A////AP///wD///8A////AP///wD///8A////AP///wD///8A////ADZD9P82Q/T/NkP0/zZD9P82Q/QANkP0ADZD9AA2Q/QANkP0/zZD9P82Q/T/NkP0/zZD9P82Q/T/NkP0/zZD9P82Q/T/NkP0/zZD9P82Q/T/NkP0/zZD9P82Q/T/NkP0ADZD9AA2Q/QANkP0ADZD9P82Q/T/NkP0/zZD9P82Q/T/NkP0/zZD9P82Q/T/NkP0/zZD9P82Q/T/NkP0/zZD9P82Q/T/NkP0/zZD9P82Q/T/NkP0/zZD9P82Q/T/NkP0/zZD9P82Q/T/NkP0/zZD9P82Q/T/NkP0/zZD9P82Q/T/NkP0/zZD9P82Q/T/NkP0/////wD///8A////AP///wD///8A////AP///wD///8A////AP///wD///8A////ADZD9P82Q/T/NkP0/zZD9P82Q/QANkP0ADZD9AA2Q/QANkP0/zZD9P82Q/T/NkP0/zZD9P82Q/T/NkP0/zZD9P82Q/T/NkP0/zZD9P82Q/T/NkP0/zZD9P82Q/T/NkP0ADZD9AA2Q/QANkP0ADZD9P82Q/T/NkP0/zZD9P82Q/T/NkP0/zZD9P82Q/T/NkP0/zZD9P82Q/T/NkP0/zZD9P82Q/T/NkP0/zZD9P82Q/T/NkP0/zZD9P82Q/T/NkP0/zZD9P82Q/T/NkP0/zZD9P82Q/T/NkP0/zZD9P82Q/T/NkP0/zZD9P82Q/T/NkP0/////wD///8A////AP///wD///8A////AP///wD///8A////AP///wD///8A////ADZD9P82Q/T/NkP0/zZD9P82Q/QANkP0ADZD9AA2Q/QANkP0/zZD9P82Q/T/NkP0/zZD9P82Q/T/NkP0/zZD9P82Q/T/NkP0/zZD9P82Q/T/NkP0/zZD9P82Q/T/NkP0ADZD9AA2Q/QANkP0ADZD9P82Q/T/NkP0/zZD9P82Q/T/NkP0/zZD9P82Q/T/NkP0/zZD9P82Q/T/NkP0/zZD9P82Q/T/NkP0/zZD9P82Q/T/NkP0/zZD9P82Q/T/NkP0/zZD9P82Q/T/NkP0/zZD9P82Q/T/NkP0/zZD9P82Q/T/NkP0/zZD9P82Q/T/NkP0/////wD///8A////AP///wD///8A////AP///wD///8A////AP///wD///8A////ADZD9P82Q/T/NkP0/zZD9P82Q/QANkP0ADZD9AA2Q/QANkP0/zZD9P82Q/T/NkP0/zZD9P82Q/T/NkP0/zZD9P82Q/T/NkP0/zZD9P82Q/T/NkP0/zZD9P82Q/T/NkP0ADZD9AA2Q/QANkP0ADZD9P82Q/T/NkP0/zZD9P82Q/T/NkP0/zZD9P82Q/T/NkP0/zZD9P82Q/T/NkP0/zZD9P82Q/T/NkP0/zZD9P82Q/T/NkP0/zZD9P82Q/T/NkP0/zZD9P82Q/T/NkP0/zZD9P82Q/T/NkP0/zZD9P82Q/T/NkP0/zZD9P82Q/T/NkP0/////wD///8A////AP///wD///8A////AP///wD///8A////AP///wD///8A////ADZD9P82Q/T/NkP0/zZD9P82Q/QANkP0ADZD9AA2Q/QANkP0/zZD9P82Q/T/NkP0/zZD9P82Q/T/NkP0/zZD9P82Q/T/NkP0/zZD9P82Q/T/NkP0/zZD9P82Q/T/NkP0ADZD9AA2Q/QANkP0ADZD9P82Q/T/NkP0/zZD9P82Q/T/NkP0/zZD9P82Q/T/NkP0/zZD9P82Q/T/NkP0/zZD9P82Q/T/NkP0/zZD9P82Q/T/NkP0/zZD9P82Q/T/NkP0/zZD9P82Q/T/NkP0/zZD9P82Q/T/NkP0/zZD9P82Q/T/NkP0/zZD9P82Q/T/NkP0/////wD///8A////AP///wD///8A////AP///wD///8A////AP///wD///8A////ADZD9P82Q/T/NkP0/zZD9P82Q/QANkP0ADZD9AA2Q/QANkP0/zZD9P82Q/T/NkP0/zZD9P82Q/T/NkP0/zZD9P82Q/T/NkP0/zZD9P82Q/T/NkP0/zZD9P82Q/T/NkP0ADZD9AA2Q/QANkP0ADZD9P82Q/T/NkP0/zZD9P82Q/T/NkP0/zZD9P82Q/T/NkP0/zZD9P82Q/T/NkP0/zZD9P82Q/T/NkP0/zZD9P82Q/T/NkP0/zZD9P82Q/T/NkP0/zZD9P82Q/T/NkP0/zZD9P82Q/T/NkP0/zZD9P82Q/T/NkP0/zZD9P82Q/T/NkP0/////wD///8A////AP///wD///8A////AP///wD///8A////AP///wD///8A////ADZD9P82Q/T/NkP0/zZD9P82Q/QANkP0ADZD9AA2Q/QANkP0/zZD9P82Q/T/NkP0/zZD9P82Q/T/NkP0/zZD9P82Q/T/NkP0/zZD9P82Q/T/NkP0/zZD9P82Q/T/NkP0ADZD9AA2Q/QANkP0ADZD9P82Q/T/NkP0/zZD9P82Q/T/NkP0/zZD9P82Q/T/NkP0/zZD9P82Q/T/NkP0/zZD9P82Q/T/NkP0/zZD9P82Q/T/NkP0/zZD9P82Q/T/NkP0/zZD9P82Q/T/NkP0/zZD9P82Q/T/NkP0/zZD9P82Q/T/NkP0/zZD9P82Q/T/NkP0/////wD///8A////AP///wD///8A////AP///wD///8A////AP///wD///8A////ADZD9P82Q/T/NkP0/zZD9P82Q/QANkP0ADZD9AA2Q/QANkP0/zZD9P82Q/T/NkP0/zZD9P82Q/T/NkP0/zZD9P82Q/T/NkP0/zZD9P82Q/T/NkP0/zZD9P82Q/T/NkP0ADZD9AA2Q/QANkP0ADZD9P82Q/T/NkP0/zZD9P82Q/T/NkP0/zZD9P82Q/T/NkP0/zZD9P82Q/T/NkP0/zZD9P82Q/T/NkP0/zZD9P82Q/T/NkP0/zZD9P82Q/T/NkP0/zZD9P82Q/T/NkP0/zZD9P82Q/T/NkP0/zZD9P82Q/T/NkP0/zZD9P82Q/T/NkP0/////wD///8A////AP///wD///8A////AP///wD///8A////AP///wD///8A////ADZD9P82Q/T/NkP0/zZD9P82Q/QANkP0ADZD9AA2Q/QANkP0/zZD9P82Q/T/NkP0/zZD9P82Q/T/NkP0/zZD9P82Q/T/NkP0/zZD9P82Q/T/NkP0/zZD9P82Q/T/NkP0ADZD9AA2Q/QANkP0ADZD9P82Q/T/NkP0/zZD9P82Q/T/NkP0/zZD9P82Q/T/NkP0/zZD9P82Q/T/NkP0/zZD9P82Q/T/NkP0/zZD9P82Q/T/NkP0/zZD9P82Q/T/NkP0/zZD9P82Q/T/NkP0/zZD9P82Q/T/NkP0/zZD9P82Q/T/NkP0/zZD9P82Q/T/NkP0/////wD///8A////AP///wD///8A////AP///wD///8A////AP///wD///8A////ADZD9P82Q/T/NkP0/zZD9P82Q/QANkP0ADZD9AA2Q/QANkP0/zZD9P82Q/T/NkP0/zZD9P82Q/T/NkP0/zZD9P82Q/T/NkP0/zZD9P82Q/T/NkP0/zZD9P82Q/T/NkP0ADZD9AA2Q/QANkP0ADZD9P82Q/T/NkP0/zZD9P82Q/T/NkP0/zZD9P82Q/T/NkP0/zZD9P82Q/T/NkP0/zZD9P82Q/T/NkP0/zZD9P82Q/T/NkP0/zZD9P82Q/T/NkP0/zZD9P82Q/T/NkP0/zZD9P82Q/T/NkP0/zZD9P82Q/T/NkP0/zZD9P82Q/T/NkP0/////wD///8A////AP///wD///8A////AP///wD///8A////AP///wD///8A////ADZD9P82Q/T/NkP0/zZD9P82Q/QANkP0ADZD9AA2Q/QANkP0/zZD9P82Q/T/NkP0/zZD9P82Q/T/NkP0/zZD9P82Q/T/NkP0/zZD9P82Q/T/NkP0/zZD9P82Q/T/NkP0ADZD9AA2Q/QANkP0ADZD9P82Q/T/NkP0/zZD9P82Q/T/NkP0/zZD9P82Q/T/NkP0/zZD9P82Q/T/NkP0/zZD9P82Q/T/NkP0/zZD9P82Q/T/NkP0/zZD9P82Q/T/NkP0/zZD9P82Q/T/NkP0/zZD9P82Q/T/NkP0/zZD9P82Q/T/NkP0/zZD9P82Q/T/NkP0/////wD///8A////AP///wD///8A////AP///wD///8A////AP///wD///8A////ADZD9P82Q/T/NkP0/zZD9P82Q/QANkP0ADZD9AA2Q/QANkP0/zZD9P82Q/T/NkP0/zZD9P82Q/T/NkP0/zZD9P82Q/T/NkP0/zZD9P82Q/T/NkP0/zZD9P82Q/T/NkP0ADZD9AA2Q/QANkP0ADZD9P82Q/T/NkP0/zZD9P82Q/T/NkP0/zZD9P82Q/T/NkP0/zZD9P82Q/T/NkP0/zZD9P82Q/T/NkP0/zZD9P82Q/T/NkP0/zZD9P82Q/T/NkP0/zZD9P82Q/T/NkP0/zZD9P82Q/T/NkP0/zZD9P82Q/T/NkP0/zZD9P82Q/T/NkP0/////wD///8A////AP///wD///8A////AP///wD///8A////AP///wD///8A////ADZD9P82Q/T/NkP0/zZD9P82Q/QANkP0ADZD9AA2Q/QANkP0/zZD9P82Q/T/NkP0/zZD9P82Q/T/NkP0/zZD9P82Q/T/NkP0/zZD9P82Q/T/NkP0/zZD9P82Q/T/NkP0ADZD9AA2Q/QANkP0ADZD9P82Q/T/NkP0/zZD9P82Q/T/NkP0/zZD9P82Q/T/NkP0/zZD9P82Q/T/NkP0/zZD9P82Q/T/NkP0/zZD9P82Q/T/NkP0/zZD9P82Q/T/NkP0/zZD9P82Q/T/NkP0/zZD9P82Q/T/NkP0/zZD9P82Q/T/NkP0/zZD9P82Q/T/NkP0/////wD///8A////AP///wD///8A////AP///wD///8A////AP///wD///8A////ADZD9P82Q/T/NkP0/zZD9P82Q/QANkP0ADZD9AA2Q/QANkP0/zZD9P82Q/T/NkP0/zZD9P82Q/T/NkP0/zZD9P82Q/T/NkP0/zZD9P82Q/T/NkP0/zZD9P82Q/T/NkP0ADZD9AA2Q/QANkP0ADZD9P82Q/T/NkP0/zZD9P82Q/T/NkP0/zZD9P82Q/T/NkP0/zZD9P82Q/T/NkP0/zZD9P82Q/T/NkP0/zZD9P82Q/T/NkP0/zZD9P82Q/T/NkP0/zZD9P82Q/T/NkP0/zZD9P82Q/T/NkP0/zZD9P82Q/T/NkP0/zZD9P82Q/T/NkP0/////wD///8A////AP///wD///8A////AP///wD///8A////AP///wD///8A////ADZD9P82Q/T/NkP0/zZD9P82Q/QANkP0ADZD9AA2Q/QANkP0/zZD9P82Q/T/NkP0/zZD9P82Q/T/NkP0/zZD9P82Q/T/NkP0/zZD9P82Q/T/NkP0/zZD9P82Q/T/NkP0ADZD9AA2Q/QANkP0ADZD9P82Q/T/NkP0/zZD9P82Q/T/NkP0/zZD9P82Q/T/NkP0/zZD9P82Q/T/NkP0/zZD9P82Q/T/NkP0/zZD9P82Q/T/NkP0/zZD9P82Q/T/NkP0/zZD9P82Q/T/NkP0/zZD9P82Q/T/NkP0/zZD9P82Q/T/NkP0/zZD9P82Q/T/NkP0/////wD///8A////AP///wD///8A////AP///wD///8A////AP///wD///8A////ADZD9P82Q/T/NkP0/zZD9P82Q/QANkP0ADZD9AA2Q/QANkP0/zZD9P82Q/T/NkP0/zZD9P82Q/T/NkP0/zZD9P82Q/T/NkP0/zZD9P82Q/T/NkP0/zZD9P82Q/T/NkP0ADZD9AA2Q/QANkP0ADZD9P82Q/T/NkP0/zZD9P82Q/T/NkP0/zZD9P82Q/T/NkP0/zZD9P82Q/T/NkP0/zZD9P82Q/T/NkP0/zZD9P82Q/T/NkP0/zZD9P82Q/T/NkP0/zZD9P82Q/T/NkP0/zZD9P82Q/T/NkP0/zZD9P82Q/T/NkP0/zZD9P82Q/T/NkP0/////wD///8A////AP///wD///8A////AP///wD///8A////AP///wD///8A////ADZD9P82Q/T/NkP0/zZD9P82Q/QANkP0ADZD9AA2Q/QANkP0/zZD9P82Q/T/NkP0/zZD9P82Q/T/NkP0/zZD9P82Q/T/NkP0/zZD9P82Q/T/NkP0/zZD9P82Q/T/NkP0ADZD9AA2Q/QANkP0ADZD9P82Q/T/NkP0/zZD9P82Q/T/NkP0/zZD9P82Q/T/NkP0/zZD9P82Q/T/NkP0/zZD9P82Q/T/NkP0/zZD9P82Q/T/NkP0/zZD9P82Q/T/NkP0/zZD9P82Q/T/NkP0/zZD9P82Q/T/NkP0/zZD9P82Q/T/NkP0/zZD9P82Q/T/NkP0/////wD///8A////AP///wD///8A////AP///wD///8A////AP///wD///8A////ADZD9P82Q/T/NkP0/zZD9P82Q/QANkP0ADZD9AA2Q/QANkP0/zZD9P82Q/T/NkP0/zZD9P82Q/T/NkP0/zZD9P82Q/T/NkP0/zZD9P82Q/T/NkP0/zZD9P82Q/T/NkP0ADZD9AA2Q/QANkP0ADZD9P82Q/T/NkP0/zZD9P82Q/T/NkP0/zZD9P82Q/T/NkP0/zZD9P82Q/T/NkP0/zZD9P82Q/T/NkP0/zZD9P82Q/T/NkP0/zZD9P82Q/T/NkP0/zZD9P82Q/T/NkP0/zZD9P82Q/T/NkP0/zZD9P82Q/T/NkP0/zZD9P82Q/T/NkP0/////wD///8A////AP///wD///8A////AP///wD///8A////AP///wD///8A////ADZD9P82Q/T/NkP0/zZD9P82Q/QANkP0ADZD9AA2Q/QANkP0/zZD9P82Q/T/NkP0/zZD9P82Q/T/NkP0/zZD9P82Q/T/NkP0/zZD9P82Q/T/NkP0/zZD9P82Q/T/NkP0ADZD9AA2Q/QANkP0ADZD9P82Q/T/NkP0/zZD9P82Q/T/NkP0/zZD9P82Q/T/NkP0/zZD9P82Q/T/NkP0/zZD9P82Q/T/NkP0/zZD9P82Q/T/NkP0/zZD9P82Q/T/NkP0/zZD9P82Q/T/NkP0/zZD9P82Q/T/NkP0/zZD9P82Q/T/NkP0/zZD9P82Q/T/NkP0/////wD///8A////AP///wD///8A////AP///wD///8A////AP///wD///8A////ADZD9P82Q/T/NkP0/zZD9P82Q/QANkP0ADZD9AA2Q/QANkP0/zZD9P82Q/T/NkP0/zZD9P82Q/T/NkP0/zZD9P82Q/T/NkP0/zZD9P82Q/T/NkP0/zZD9P82Q/T/NkP0ADZD9AA2Q/QANkP0ADZD9P82Q/T/NkP0/zZD9P82Q/T/NkP0/zZD9P82Q/T/NkP0/zZD9P82Q/T/NkP0/zZD9P82Q/T/NkP0/zZD9P82Q/T/NkP0/zZD9P82Q/T/NkP0/zZD9P82Q/T/NkP0/zZD9P82Q/T/NkP0/zZD9P82Q/T/NkP0/zZD9P82Q/T/NkP0/////wD///8A////AP///wD///8A////AP///wD///8A////AP///wD///8A////ADZD9P82Q/T/NkP0/zZD9P82Q/QANkP0ADZD9AA2Q/QANkP0/zZD9P82Q/T/NkP0/zZD9P82Q/T/NkP0/zZD9P82Q/T/NkP0/zZD9P82Q/T/NkP0/zZD9P82Q/T/NkP0ADZD9AA2Q/QANkP0ADZD9CE2Q/SFNkP05jZD9P82Q/T/NkP0/zZD9P82Q/T/NkP0/zZD9P82Q/T/NkP0/zZD9P82Q/T/NkP0ADZD9AA2Q/QANkP0ADZD9AA2Q/QANkP0ADZD9AA2Q/QANkP0ADZD9AA2Q/QANkP0ADZD9AA2Q/QANkP0ADZD9AA2Q/QANkP0AP///wD///8A////AP///wD///8A////AP///wD///8A////AP///wD///8A////ADZD9P82Q/T/NkP0/zZD9P82Q/QANkP0ADZD9AA2Q/QANkP0/zZD9P82Q/T/NkP0/zZD9P82Q/T/NkP0/zZD9P82Q/T/NkP0/zZD9P82Q/T/NkP0/zZD9P82Q/T/NkP0WzZD9Ak2Q/QANkP0ADZD9AA2Q/QANkP0BTZD9FI2Q/S4NkP0/TZD9P82Q/T/NkP0/zZD9P82Q/T/NkP0/zZD9P82Q/T/NkP0ADZD9AA2Q/QANkP0ADZD9AA2Q/QANkP0ADZD9AA2Q/QANkP0ADZD9AA2Q/QANkP0ADZD9AA2Q/QANkP0ADZD9AA2Q/QANkP0AP///wD///8A////AP///wD///8A////AP///wD///8A////AP///wD///8A////ADZD9P82Q/T/NkP0/zZD9P82Q/QANkP0ADZD9AA2Q/QANkP0/zZD9P82Q/T/NkP0/zZD9P82Q/T/NkP0/zZD9P82Q/T/NkP0/zZD9P82Q/T/NkP0/zZD9P82Q/T/NkP0/zZD9PA2Q/SUNkP0KzZD9AA2Q/QANkP0ADZD9AA2Q/QANkP0ITZD9IU2Q/TmNkP0/zZD9P82Q/T/NkP0/zZD9P82Q/T/NkP0ADZD9AA2Q/QANkP0ADZD9AA2Q/QANkP0ADZD9AA2Q/QANkP0ADZD9AA2Q/QANkP0ADZD9AA2Q/QANkP0ADZD9AA2Q/QANkP0AP///wD///8A////AP///wD///8A////AP///wD///8A////AP///wD///8A////ADZD9P82Q/T/NkP0/zZD9P82Q/QANkP0ADZD9AA2Q/QANkP0/zZD9P82Q/T/NkP0/zZD9P82Q/T/NkP0/zZD9P82Q/T/NkP0/zZD9P82Q/T/NkP0/zZD9P82Q/T/NkP0/zZD9P82Q/T/NkP0/zZD9MM2Q/RdNkP0CTZD9AA2Q/QANkP0ADZD9AA2Q/QFNkP0UjZD9Lg2Q/T9NkP0/zZD9P82Q/T/NkP0ADZD9AA2Q/QANkP0ADZD9AA2Q/QANkP0ADZD9AA2Q/QANkP0ADZD9AA2Q/QANkP0ADZD9AA2Q/QANkP0ADZD9AA2Q/QANkP0AP///wD///8A////AP///wD///8A////AP///wD///8A////AP///wD///8A////ADZD9P82Q/T/NkP0/zZD9P82Q/QANkP0ADZD9AA2Q/QANkP0/zZD9P82Q/T/NkP0/zZD9P82Q/T/NkP0/zZD9P82Q/T/NkP0/zZD9P82Q/T/NkP0/zZD9P82Q/T/NkP0/zZD9P82Q/T/NkP0/zZD9P82Q/T/NkP07TZD9I82Q/QpNkP0ADZD9AA2Q/QANkP0ADZD9AA2Q/QhNkP0hjZD9Oc2Q/T/NkP0ADZD9AA2Q/QANkP0ADZD9AA2Q/QANkP0ADZD9AA2Q/QANkP0ADZD9AA2Q/QANkP0ADZD9AA2Q/QANkP0ADZD9AA2Q/QANkP0AP///wD///8A////AP///wD///8A////AP///wD///8A////AP///wD///8A////ADZD9P82Q/T/NkP0/zZD9P82Q/QANkP0ADZD9AA2Q/QANkP0/zZD9P82Q/T/NkP0/zZD9P82Q/T/NkP0/zZD9P82Q/T/NkP0/zZD9P82Q/T/NkP0/zZD9P82Q/T/NkP0/zZD9P82Q/T/NkP0/zZD9P82Q/T/NkP0/zZD9P82Q/T/NkP0wjZD9Fw2Q/QINkP0ADZD9AA2Q/QANkP0ADZD9AU2Q/RTNkP0ADZD9AA2Q/QANkP0ADZD9AA2Q/QANkP0ADZD9AA2Q/QANkP0ADZD9AA2Q/QANkP0ADZD9AA2Q/QANkP0ADZD9AA2Q/QANkP0AP///wD///8A////AP///wD///8A////AP///wD///8A////AP///wD///8A////ADZD9P82Q/T/NkP0/zZD9P82Q/QANkP0ADZD9AA2Q/QANkP0/zZD9P82Q/T/NkP0/zZD9P82Q/T/NkP0/zZD9P82Q/T/NkP0/zZD9P82Q/T/NkP0/zZD9P82Q/T/NkP0/zZD9P82Q/T/NkP0/zZD9P82Q/T/NkP0/zZD9P82Q/T/NkP0/zZD9P82Q/TtNkP0jzZD9Ck2Q/QANkP0ADZD9AA2Q/QANkP0ADZD9AA2Q/QANkP0ADZD9AA2Q/QANkP0ADZD9AA2Q/QANkP0ADZD9AA2Q/QANkP0ADZD9AA2Q/QANkP0ADZD9AA2Q/QANkP0AP///wD///8A////AP///wD///8A////AP///wD///8A////AP///wD///8A////ADZD9P82Q/T/NkP0/zZD9P82Q/QANkP0ADZD9AA2Q/QANkP0/zZD9P82Q/T/NkP0/zZD9P82Q/T/NkP0/zZD9P82Q/T/NkP0/zZD9P82Q/T/NkP0/zZD9P82Q/T/NkP0/zZD9P82Q/T/NkP0/zZD9P82Q/T/NkP0/zZD9P82Q/T/NkP0/zZD9P82Q/T/NkP0/zZD9P82Q/TCNkP0ADZD9AA2Q/QANkP0ADZD9AA2Q/QANkP0ADZD9AA2Q/QANkP0ADZD9AA2Q/QANkP0ADZD9AA2Q/QANkP0ADZD9AA2Q/QANkP0ADZD9AA2Q/QANkP0AP///wD///8A////AP///wD///8A////AP///wD///8A////AP///wD///8A////AP///wD///8A////AP///wD///8A////AP///wD///8A////AP///wD///8A////AP///wD///8A////AP///wD///8A////AP///wD///8A////AP///wD///8A////AP///wD///8A////AP///wD///8A////AP///wD///8A////AP///wD///8A////AP///wD///8A////AP///wD///8A////AP///wD///8A////AP///wD///8A////AP///wD///8A////AP///wD///8A////AP///wD///8A////AP///wD///8A////AP///wD///8A////AP///wD///8A////AP///wD///8A////AP///wD///8A////AP///wD///8A////AP///wD///8A////AP///wD///8A////AP///wD///8A////AP///wD///8A////AP///wD///8A////AP///wD///8A////AP///wD///8A////AP///wD///8A////AP///wD///8A////AP///wD///8A////AP///wD///8A////AP///wD///8A////AP///wD///8A////AP///wD///8A////AP///wD///8A////AP///wD///8A////AP///wD///8A////AP///wD///8A////AP///wD///8A////AP///wD///8A////AP///wD///8A////AP///wD///8A////AP///wD///8A////AP///wD///8A////AP///wD///8A////AP///wD///8A////AP///wD///8A////AP///wD///8A////AP///wD///8A////AP///wD///8A////AP///wD///8A////AP///wD///8A////AP///wD///8A////AP///wD///8A////AP///wD///8A////AP///wD///8A////AP///wD///8A////AP///wD///8A////AP///wD///8A////AP///wD///8A////AP///wD///8A////AP///wD///8A////AP///wD///8A////AP///wD///8A////AP///wD///8A////AP///wD///8A////AP///wD///8A////AP///wD///8A////AP///wD///8A////AP///wD///8A////AP///wD///8A////AP///wD///8A////AP///wD///8A////AP///wD///8A////AP///wD///8A////AP///wD///8A////AP///wD///8A////AP///wD///8A////AP///wD///8A////AP///wD///8A////AP///wD///8A////AP///wD///8A////AP///wD///8A////AP///wD///8A////AP///wD///8A////AP///wD///8A////AP///wD///8A////AP///wD///8A////AP///wD///8A////AP///wD///8A////AP///wD///8A////AP///wD///8A////AP///wD///8A////AP///wD///8A////AP///wD///8A////AP///wD///8A////AP///wD///8A////AP///wD///8A////AP///wD///8A////AP///wD///8A////AP///wD///8A////AP///wD///8A////AP///wD///8A////AP///wD///8A////AP///wD///8A////AP///wD///8A////AP///wD///8A////AP///wD///8A////AP///wD///8A////AP///wD///8A////AP///wD///8A////AP///wD///8A////AP///wD///8A////AP///wD///8A////AP///wD///8A////AP///wD///8A////AP///wD///8A////AP///wD///8A////AP///wD///8A////AP///wD///8A////AP///wD///8A////AP///wD///8A////AP///wD///8A////AP///wD///8A////AP///wD///8A////AP///wD///8A////AP///wD///8A////AP///wD///8A////AP///wD///8A////AP///wD///8A////AP///wD///8A////AP///wD///8A////AP///wD///8A////AP///wD///8A////AP///wD///8A////AP///wD///8A////AP///wD///8A////AP///wD///8A////AP///wD///8A////AP///wD///8A////AP///wD///8A////AP///wD///8A////AP///wD///8A////AP///wD///8A////AP///wD///8A////AP///wD///8A////AP///wD///8A////AP///wD///8A////AP///wD///8A////AP///wD///8A////AP///wD///8A////AP///wD///8A////AP///wD///8A////AP///wD///8A////AP///wD///8A////AP///wD///8A////AP///wD///8A////AP///wD///8A////AP///wD///8A////AP///wD///8A////AP///wD///8A////AP///wD///8A////AP///wD///8A////AP///wD///8A////AP///wD///8A////AP///wD///8A////AP///wD///8A////AP///wD///8A////AP///wD///8A////AP///wD///8A////AP///wD///8A////AP///wD///8A////AP///wD///8A////AP///wD///8A////AP///wD///8A////AP///wD///8A////AP///wD///8A////AP///wD///8A////AP///wD///8A////AP///wD///8A////AP///wD///8A////AP///wD///8A////AP///wD///8A////AP///wD///8A////AP///wD///8A////AP///wD///8A////AP///wD///8A////AP///wD///8A////AP///wD///8A////AP///wD///8A////AP///wD///8A////AP///wD///8A////AP///wD///8A////AP///wD///8A////AP///wD///8A////AP///wD///8A////AP///wD///8A////AP///wD///8A////AP///wD///8A////AP///wD///8A////AP///wD///8A////AP///wD///8A////AP///wD///8A////AP///wD///8A////AP///wD///8A////AP///wD///8A////AP///wD///8A////AP///wD///8A////AP///wD///8A////AP///////////wAAAP///////////wAAAPw//////////wAAAPw//////////wAAAPw//////////wAAAPw//////////wAAAPw//////////wAAAPw//////////wAAAPw//////////wAAAPw//////////wAAAPw//////////wAAAPw//////////wAAAPw//////////wAAAPw//////////wAAAPw//////////wAAAPw//////////wAAAPw//////////wAAAPw//////////wAAAPw//////////wAAAPw//////////wAAAPw//////////wAAAPw//////////wAAAPw//////////wAAAPw//////////wAAAPw//////////wAAAPw///+AAAAAPwAAAPw///+AAAAAPwAAAPw///+AAAAAPwAAAPw///+AAAAAPwAAAPw///+AAAAAPwAAAPw///+AAAAAPwAAAPw///+AAAAAPwAAAPw///+AAAAAPwAAAPw8AAeAAAAAPwAAAPw8AAeAAAAAPwAAAPw8AAeAAAAAPwAAAPw8AAeAAAAAPwAAAPw8AAeAAAAAPwAAAPw8AAeAAAAAPwAAAPw8AAeAAAAAPwAAAPw8AAeAAAAAPwAAAPw8AAeAAAAAPwAAAPw8AAeAAAAAPwAAAPw8AAeAAAAAPwAAAPw8AAeAAAAAPwAAAPw8AAeAAAAAPwAAAPw8AAeAAAAAPwAAAPw8AAeAAAAAPwAAAPw8AAeAAAAAPwAAAPw8AAeAAAAAPwAAAPw8AAeAAAAAPwAAAPw8AAeAAAAAPwAAAPw8AAeAAAAAPwAAAPw8AAeAAAAAPwAAAPw8AAeAAAAAPwAAAPw8AAeAAf///wAAAPw8AAHgAf///wAAAPw8AAB8Af///wAAAPw8AAAPAf///wAAAPw8AAAD4f///wAAAPw8AAAAef///wAAAPw8AAAAH////wAAAPw8AAAAD////wAAAP///////////wAAAP///////////wAAAP///////////wAAAP///////////wAAAP///////////wAAAP///////////wAAAP///////////wAAAP///////////wAAAP///////////wAAAA==</Flag>
    <Flag Caption="Green Flag">AAABAAcAEBAAAAEAIABoBAAAdgAAABgYAAABACAAiAkAAN4EAAAgIAAAAQAgAKgQAABmDgAAICAAAAEAIACoEAAADh8AADAwAAABACAAqCUAALYvAABAQAAAAQAgAChCAABeVQAASEgAAAEAIACIVAAAhpcAACgAAAAQAAAAIAAAAAEAIAAAAAAAAAAAAAAAAAAAAAAAAAAAAAAAAAD///8A////AP///wD///8A////AP///wD///8A////AP///wD///8A////AP///wD///8A////AP///wD///8A////ACvMK/8rzCv/K8wrACvMKwArzCsAK8wrACvMKwArzCsAK8wrACvMKwArzCsAK8wrACvMKwArzCsAK8wrAP///wArzCv/K8wr/yvMKwArzCsAK8wrACvMKwArzCsAK8wrACvMKwArzCsAK8wrACvMKwArzCsAK8wrACvMKwD///8AK8wr/yvMK/8rzCsAK8wrACvMKwArzCsAK8wrACvMKwArzCsAK8wrACvMKwArzCsAK8wrACvMKwArzCsA////ACvMK/8rzCv/K8wrACvMKwArzCsAK8wrACvMKwArzCsAK8wrACvMKwArzCsAK8wrACvMKwArzCsAK8wrAP///wArzCv/K8wr/yvMKwArzCsAK8wrACvMKwArzCsAK8wrACvMKwArzCsAK8wrACvMKwArzCsAK8wrACvMKwD///8AK8wr/yvMK/8rzCsAK8wrACvMKwArzCsAK8wrACvMK/8rzCv/K8wr/yvMK/8rzCv/K8wr/yvMK/8rzCv/////ACvMK/8rzCv/K8wrACvMKwArzCsAK8wrACvMKwArzCv/K8wr/yvMK/8rzCv/K8wr/yvMK/8rzCv/K8wr/////wArzCv/K8wr/yvMKwArzCv/K8wr/yvMK/8rzCsaK8wr/yvMK/8rzCv/K8wr/yvMK/8rzCv/K8wr/yvMK/////8AK8wr/yvMK/8rzCsAK8wr/yvMK/8rzCv/K8wrGivMK/8rzCv/K8wr/yvMK/8rzCv/K8wr/yvMK/8rzCv/////ACvMK/8rzCv/K8wrACvMK/8rzCv/K8wr/yvMKxorzCv/K8wr/yvMK/8rzCv/K8wr/yvMK/8rzCv/K8wr/////wArzCv/K8wr/yvMKwArzCv/K8wr/yvMK/8rzCsaK8wr/yvMK/8rzCv/K8wr/yvMK/8rzCv/K8wr/yvMK/////8AK8wr/yvMK/8rzCsAK8wr/yvMK/8rzCv/K8wrGivMK/8rzCv/K8wr/yvMK/8rzCv/K8wr/yvMK/8rzCv/////ACvMK/8rzCv/K8wrACvMK/8rzCv/K8wr/yvMKxorzCsaK8wrGivMKxorzCsaK8wrACvMKwArzCsAK8wrAP///wArzCv/K8wr/yvMKwArzCv/K8wr/yvMK/8rzCv/K8wr/yvMK/8rzCv/K8wr/yvMKwArzCsAK8wrACvMKwD///8A////AP///wD///8A////AP///wD///8A////AP///wD///8A////AP///wD///8A////AP///wD///8A//8AAJ//AACf/wAAn/8AAJ//AACf/wAAnwAAAJ8AAACQAAAAkAAAAJAAAACQAAAAkAAAAJAPAACQDwAA//8AACgAAAAYAAAAMAAAAAEAIAAAAAAAAAAAAAAAAAAAAAAAAAAAAAAAAAD///8AK8wr/yvMK/8rzCv/K8wrACvMKwArzCsAK8wrACvMKwArzCsAK8wrACvMKwArzCsAK8wrACvMKwArzCsAK8wrACvMKwArzCsAK8wrACvMKwArzCsAK8wrACvMKwD///8AK8wr/yvMK/8rzCv/K8wrACvMKwArzCsAK8wrACvMKwArzCsAK8wrACvMKwArzCsAK8wrACvMKwArzCsAK8wrACvMKwArzCsAK8wrACvMKwArzCsAK8wrACvMKwD///8AK8wr/yvMK/8rzCv/K8wrACvMKwArzCsAK8wrACvMKwArzCsAK8wrACvMKwArzCsAK8wrACvMKwArzCsAK8wrACvMKwArzCsAK8wrACvMKwArzCsAK8wrACvMKwD///8AK8wr/yvMK/8rzCv/K8wrACvMKwArzCsAK8wrACvMKwArzCsAK8wrACvMKwArzCsAK8wrACvMKwArzCsAK8wrACvMKwArzCsAK8wrACvMKwArzCsAK8wrACvMKwD///8AK8wr/yvMK/8rzCv/K8wrACvMKwArzCsAK8wrACvMKwArzCsAK8wrACvMKwArzCsAK8wrACvMKwArzCsAK8wrACvMKwArzCsAK8wrACvMKwArzCsAK8wrACvMKwD///8AK8wr/yvMK/8rzCv/K8wrACvMKwArzCsAK8wrACvMKwArzCsAK8wrACvMKwArzCsAK8wrACvMKwArzCsAK8wrACvMKwArzCsAK8wrACvMKwArzCsAK8wrACvMKwD///8AK8wr/yvMK/8rzCv/K8wrACvMKwArzCsAK8wrACvMKwArzCsAK8wrACvMKwArzCsAK8wrACvMKwArzCsAK8wrACvMKwArzCsAK8wrACvMKwArzCsAK8wrACvMKwD///8AK8wr/yvMK/8rzCv/K8wrACvMKwArzCsAK8wrACvMKwArzCsAK8wrACvMKwArzCsAK8wrACvMKwArzCsAK8wrACvMKwArzCsAK8wrACvMKwArzCsAK8wrACvMKwD///8AK8wr/yvMK/8rzCv/K8wrACvMKwArzCsAK8wrACvMKwArzCsAK8wrACvMKwArzCsAK8wrACvMKwArzCsAK8wrACvMKwArzCsAK8wrACvMKwArzCsAK8wrACvMKwD///8AK8wr/yvMK/8rzCv/K8wrACvMKwArzCsAK8wrACvMKwArzCsAK8wrACvMKwArzCv/K8wr/yvMK/8rzCv/K8wr/yvMK/8rzCv/K8wr/yvMK/8rzCv/K8wr/yvMK/////8AK8wr/yvMK/8rzCv/K8wrACvMKwArzCsAK8wrACvMKwArzCsAK8wrACvMKwArzCv/K8wr/yvMK/8rzCv/K8wr/yvMK/8rzCv/K8wr/yvMK/8rzCv/K8wr/yvMK/////8AK8wr/yvMK/8rzCv/K8wrACvMKwArzCsAK8wrACvMKwArzCsAK8wrACvMKwArzCv/K8wr/yvMK/8rzCv/K8wr/yvMK/8rzCv/K8wr/yvMK/8rzCv/K8wr/yvMK/////8AK8wr/yvMK/8rzCv/K8wrACvMKwArzCsAK8wrACvMKwArzCsAK8wrACvMKwArzCv/K8wr/yvMK/8rzCv/K8wr/yvMK/8rzCv/K8wr/yvMK/8rzCv/K8wr/yvMK/////8AK8wr/yvMK/8rzCv/K8wrACvMK/8rzCv/K8wr/yvMK/8rzCv/K8wr/yvMKxorzCv/K8wr/yvMK/8rzCv/K8wr/yvMK/8rzCv/K8wr/yvMK/8rzCv/K8wr/yvMK/////8AK8wr/yvMK/8rzCv/K8wrACvMK/8rzCv/K8wr/yvMK/8rzCv/K8wr/yvMKxorzCv/K8wr/yvMK/8rzCv/K8wr/yvMK/8rzCv/K8wr/yvMK/8rzCv/K8wr/yvMK/////8AK8wr/yvMK/8rzCv/K8wrACvMK/8rzCv/K8wr/yvMK/8rzCv/K8wr/yvMKxorzCv/K8wr/yvMK/8rzCv/K8wr/yvMK/8rzCv/K8wr/yvMK/8rzCv/K8wr/yvMK/////8AK8wr/yvMK/8rzCv/K8wrACvMK/8rzCv/K8wr/yvMK/8rzCv/K8wr/yvMKxorzCv/K8wr/yvMK/8rzCv/K8wr/yvMK/8rzCv/K8wr/yvMK/8rzCv/K8wr/yvMK/////8AK8wr/yvMK/8rzCv/K8wrACvMK/8rzCv/K8wr/yvMK/8rzCv/K8wr/yvMKxorzCv/K8wr/yvMK/8rzCv/K8wr/yvMK/8rzCv/K8wr/yvMK/8rzCv/K8wr/yvMK/////8AK8wr/yvMK/8rzCv/K8wrACvMK/8rzCv/K8wr/yvMK/8rzCv/K8wr/yvMKxorzCv/K8wr/yvMK/8rzCv/K8wr/yvMK/8rzCv/K8wr/yvMK/8rzCv/K8wr/yvMK/////8AK8wr/yvMK/8rzCv/K8wrACvMK/8rzCv/K8wr/yvMK/8rzCv/K8wr/yvMKxorzCv/K8wr/yvMK/8rzCv/K8wr/yvMK/8rzCv/K8wr/yvMK/8rzCv/K8wr/yvMK/////8AK8wr/yvMK/8rzCv/K8wrACvMK/8rzCv/K8wr/yvMK/8rzCv/K8wr/yvMKxorzCsaK8wrGivMKxorzCsaK8wrGivMKwArzCsAK8wrACvMKwArzCsAK8wrACvMKwD///8AK8wr/yvMK/8rzCv/K8wrACvMK/8rzCv/K8wr/yvMK/8rzCv/K8wr/yvMK/8rzCv/K8wr/yvMK/8rzCv/K8wr/yvMKwArzCsAK8wrACvMKwArzCsAK8wrACvMKwD///8AK8wr/yvMK/8rzCv/K8wrACvMK/8rzCv/K8wr/yvMK/8rzCv/K8wr/yvMK/8rzCv/K8wr/yvMK/8rzCv/K8wr/yvMKwArzCsAK8wrACvMKwArzCsAK8wrACvMKwD///8AK8wr/yvMK/8rzCv/K8wrACvMK/8rzCv/K8wr/yvMK/8rzCv/K8wr/yvMK/8rzCv/K8wr/yvMK/8rzCv/K8wr/yvMKwArzCsAK8wrACvMKwArzCsAK8wrACvMKwCP//8Aj///AI///wCP//8Aj///AI///wCP//8Aj///AI///wCP8AAAj/AAAI/wAACP8AAAiAAAAIgAAACIAAAAiAAAAIgAAACIAAAAiAAAAIgAfwCIAH8AiAB/AIgAfwAoAAAAIAAAAEAAAAABACAAAAAAAAAAAAAAAAAAAAAAAAAAAAAAAAAA////AP///wCT3noAk956AJPeegCT3noA////AP///wD///8A////AP///wD///8A////AP///wD///8A////AP///wD///8A////AP///wD///8A////AP///wD///8A////AP///wD///8A////AP///wD///8A////AP///wD///8A////AJPeegCT3noAk95675PeegD///8A////AP///wD///8A////AP///wD///8A////AP///wD///8A////AP///wD///8A////AP///wD///8A////AP///wD///8A////AP///wD///8A////AP///wD///8A////AP///wD///8Ak956AJPeegCT3nr/k956AP///wD///8A////AP///wD///8A////AP///wD///8A////AP///wD///8A////AP///wD///8A////AP///wD///8A////AP///wD///8A////AP///wD///8A////AP///wD///8A////AP///wCT3noAk956AJPeev+T3noA////AP///wD///8A////AP///wD///8A////AP///wD///8A////AP///wD///8A////AP///wD///8A////AP///wD///8A////AP///wD///8A////AP///wD///8A////AP///wD///8A////AJPeegCT3noAk956/5PeegD///8A////AP///wD///8A////AP///wD///8A////AP///wD///8A////AP///wD///8A////AP///wD///8A////AP///wD///8A////AP///wD///8A////AP///wD///8A////AP///wD///8Ak956AJPeegCT3nr/k956AP///wD///8A////AP///wD///8A////AP///wD///8A////AP///wD///8A////AP///wD///8A////AP///wD///8A////AP///wD///8A////AP///wD///8A////AP///wD///8A////AP///wCT3noAk956AJPeev+T3noA////AP///wD///8A////AP///wD///8A////AP///wD///8A////AP///wD///8A////AP///wD///8A////AP///wD///8A////AP///wD///8A////AP///wD///8A////AP///wD///8A////AJPeegCT3noAk956/5PeegD///8A////AP///wD///8A////AP///wD///8A////AP///wD///8A////AP///wD///8A////AP///wD///8A////AP///wD///8A////AP///wD///8A////AP///wD///8A////AP///wD///8Ak956AJPeegCT3nr/k956AP///wD///8A////AP///wD///8A////AP///wD///8A////AP///wD///8A////AP///wD///8A////AP///wD///8A////AP///wD///8A////AP///wD///8A////AP///wD///8A////AP///wCT3noAk956AJPeev+T3noA////AP///wD///8A////AP///wD///8A////AP///wD///8A////AP///wD///8A////AP///wD///8A////AP///wD///8A////AP///wD///8A////AP///wD///8A////AP///wD///8A////AJPeegCT3noAk956/5PeegD///8A////AP///wD///8A////AP///wD///8A////AP///wD///8A////AP///wD///8A////AP///wD///8A////AP///wD///8A////AP///wD///8A////AP///wD///8A////AP///wD///8Ak956AJPeegCT3nr/k956AP///wD///8A////AP///wD///8A////AP///wD///8A////AP///wD///8A////AP///wD///8A////AP///wD///8A////AP///wD///8A////AP///wD///8A////AP///wD///8A////AP///wCT3noAk956AJPeev+T3noA////AP///wD///8A////AP///wD///8A////AP///wD///8A////AP///wD///8A////AP///wD///8A////AP///wD///8A////AP///wD///8A////AP///wD///8A////AP///wD///8A////AJPeegCT3noAk956/5PeemOT3noL////AP///wD///8A////AP///wD///8A////AP///wD///8A////AJPeehKT3npSk956k5PeesiT3nrqk956+pPeeu6T3nrdk956wZPeepeT3npik956H////wD///8A////AP///wD///8Ak956AJPeegCT3nr/sOuc/5PeevWT3nq1k956bpPeejaT3noUk956AZPeegmT3noik956TpPeeoyT3nrNk956/avplv++8a3/zvi//9j8y//d/tD/2f3M/9T7xv/M973/v/Ku/7DrnP+T3nr/////AP///wD///8A////AP///wCT3noAk956AJPeev/e/9L/2/7P/8j1uP+z7KD/o+WN/5nhgf+T3nr/lt99/53ihv+q6JX/vPCq/8/5wf/d/9H/3v/S/97/0v/e/9L/3v/S/97/0v/e/9L/3v/S/97/0v/e/9L/3v/S/5Peev////8A////AP///wD///8A////AJPeegCT3noAk956/97/0v/e/9L/3v/S/97/0v/e/9L/3v/S/97/0v/e/9L/3v/S/97/0v/e/9L/3v/S/97/0v/e/9L/3v/S/97/0v/e/9L/3v/S/97/0v/e/9L/3v/S/97/0v/e/9L/k956/////wD///8A////AP///wD///8Ak956AJPeegCT3nr/3v/S/97/0v/e/9L/3v/S/97/0v/e/9L/3v/S/97/0v/e/9L/3v/S/97/0v/e/9L/3v/S/97/0v/e/9L/3v/S/97/0v/e/9L/3v/S/97/0v/e/9L/3v/S/97/0v+T3nr/////AP///wD///8A////AP///wCT3noAk956AJPeev/e/9L/3v/S/97/0v/e/9L/3v/S/97/0v/e/9L/3v/S/97/0v/e/9L/3v/S/97/0v/e/9L/3v/S/97/0v/e/9L/3v/S/97/0v/e/9L/3v/S/97/0v/e/9L/3v/S/5Peev////8A////AP///wD///8A////AJPeegCT3noAk956/97/0v/e/9L/3v/S/97/0v/e/9L/3v/S/97/0v/e/9L/3v/S/97/0v/e/9L/3v/S/97/0v/e/9L/3v/S/97/0v/e/9L/3v/S/97/0v/e/9L/3v/S/97/0v/e/9L/k956/////wD///8A////AP///wD///8Ak956AJPeegCT3nr/3v/S/97/0v/e/9L/3v/S/97/0v/e/9L/3v/S/97/0v/e/9L/3v/S/97/0v/e/9L/3v/S/97/0v/e/9L/3v/S/97/0v/e/9L/3v/S/97/0v/e/9L/3v/S/97/0v+T3nr/////AP///wD///8A////AP///wCT3noAk956AJPeev/e/9L/3v/S/97/0v/e/9L/3v/S/97/0v/e/9L/3v/S/97/0v/e/9L/3v/S/97/0v/e/9L/3v/S/97/0v/e/9L/3v/S/97/0v/e/9L/3v/S/97/0v/e/9L/3v/S/5Peev////8A////AP///wD///8A////AJPeegCT3noAk956/97/0v/e/9L/3v/S/97/0v/e/9L/3v/S/97/0v/e/9L/3v/S/97/0v/e/9L/3v/S/97/0v/e/9L/3v/S/97/0v/e/9L/3v/S/97/0v/e/9L/3v/S/97/0v/e/9L/k956/////wD///8A////AP///wD///8Ak956AJPeegCT3nr/3v/S/97/0v/e/9L/3v/S/97/0v/e/9L/3v/S/97/0v/e/9L/3v/S/97/0v/e/9L/3v/S/97/0v/e/9L/3v/S/97/0v/e/9L/3v/S/97/0v/e/9L/3v/S/97/0v+T3nr/////AP///wD///8A////AP///wCT3noAk956AJPeev/e/9L/3v/S/97/0v/e/9L/3v/S/97/0v/e/9L/3v/S/97/0v/e/9L/3v/S/97/0v/e/9L/3v/S/97/0v/e/9L/3v/S/97/0v/e/9L/3v/S/97/0v/e/9L/3v/S/5Peev////8A////AP///wD///8A////AJPeegCT3noAk956/97/0v/e/9L/3v/S/97/0v/e/9L/3v/S/97/0v/e/9L/3v/S/97/0v/e/9L/3v/S/97/0v/e/9L/3v/S/97/0v/e/9L/3v/S/97/0v/e/9L/3v/S/97/0v/e/9L/k956/////wD///8A////AP///wD///8Ak956AJPeegCT3nr/3v/S/97/0v/e/9L/3v/S/97/0v/e/9L/3v/S/97/0v/e/9L/3v/S/97/0v/e/9L/3v/S/97/0v/e/9L/3v/S/97/0v/e/9L/3v/S/97/0v/e/9L/3v/S/97/0v+T3nr/////AP///wD///8A////AP///wCT3noAk956AJPeev/e/9L/3v/S/97/0v/e/9L/3v/S/97/0v/e/9L/3v/S/97/0v/e/9L/3v/S/97/0v/e/9L/3v/S/97/0v/e/9L/3v/S/97/0v/e/9L/3v/S/97/0v/e/9L/3v/S/5Peev////8A////AP///wD///8A////AJPeegCT3noAk956/7/xrf/Z/cz/3v/S/97/0v/e/9L/3v/S/97/0v/e/9L/3v/S/97/0v/e/9L/3v/S/9f8yv/E87P/sOuc/6Hki/+Y4ID/k956/5Tee/+a4YP/o+WN/7Drnf/A8q//k956/////wD///8A////AP///wD///8Ak956AJPeegCT3nrxk956lZPeeu2l5o//uu+o/8v3vP/X/Mr/3P7Q/9r9zf/T+sX/xvS1/7PsoP+g5In/k95655PeeqWT3npik956MZPeehH///8Ak956A5PeehmT3no4k956ZJPeepmT3nrb////AP///wD///8A////AP///wCT3noAk956AJPeegCT3noAk956BJPeej6T3nqEk956vpPeeueT3nr5k9568JPeetmT3nqsk956bpPeeiv///8A////AP///wD///8A////AP///wD///8A////AP///wD///8A////AP///wD///8A////AP///wD///8A////AJPeegCT3noAk956AJPeegD///8A////AP///wD///8A////AP///wD///8A////AP///wD///8A////AP///wD///8A////AP///wD///8A////AP///wD///8A////AP///wD///8A////AP///wD///8A////AP/////3////9/////f////3////9/////f////3////9/////f////3////9/////f////x/4AH8AAAB/AAAAfwAAAH8AAAB/AAAAfwAAAH8AAAB/AAAAfwAAAH8AAAB/AAAAfwAAAH8AAAB/AAAAfwAAAH8AACB/wAf///////KAAAACAAAABAAAAAAQAgAAAAAAAAAAAAAAAAAAAAAAAAAAAAAAAAAP///wD///8A////AP///wD///8A////AP///wD///8A////AP///wD///8A////AP///wD///8A////AP///wD///8A////AP///wD///8A////AP///wD///8A////AP///wD///8A////AP///wD///8A////AP///wD///8A////AP///wD///8A////AP///wD///8A////AP///wD///8A////AP///wD///8A////AP///wD///8A////AP///wD///8A////AP///wD///8A////AP///wD///8A////AP///wD///8A////AP///wD///8A////AP///wD///8A////ACvMK/8rzCv/K8wr/yvMKwArzCsAK8wrACvMKwArzCsAK8wrACvMKwArzCsAK8wrACvMKwArzCsAK8wrACvMKwArzCsAK8wrACvMKwArzCsAK8wrACvMKwArzCsAK8wrACvMKwArzCsAK8wrACvMKwD///8A////AP///wD///8AK8wr/yvMK/8rzCv/K8wrACvMKwArzCsAK8wrACvMKwArzCsAK8wrACvMKwArzCsAK8wrACvMKwArzCsAK8wrACvMKwArzCsAK8wrACvMKwArzCsAK8wrACvMKwArzCsAK8wrACvMKwArzCsAK8wrAP///wD///8A////AP///wArzCv/K8wr/yvMK/8rzCsAK8wrACvMKwArzCsAK8wrACvMKwArzCsAK8wrACvMKwArzCsAK8wrACvMKwArzCsAK8wrACvMKwArzCsAK8wrACvMKwArzCsAK8wrACvMKwArzCsAK8wrACvMKwArzCsA////AP///wD///8A////ACvMK/8rzCv/K8wr/yvMKwArzCsAK8wrACvMKwArzCsAK8wrACvMKwArzCsAK8wrACvMKwArzCsAK8wrACvMKwArzCsAK8wrACvMKwArzCsAK8wrACvMKwArzCsAK8wrACvMKwArzCsAK8wrACvMKwD///8A////AP///wD///8AK8wr/yvMK/8rzCv/K8wrACvMKwArzCsAK8wrACvMKwArzCsAK8wrACvMKwArzCsAK8wrACvMKwArzCsAK8wrACvMKwArzCsAK8wrACvMKwArzCsAK8wrACvMKwArzCsAK8wrACvMKwArzCsAK8wrAP///wD///8A////AP///wArzCv/K8wr/yvMK/8rzCsAK8wrACvMKwArzCsAK8wrACvMKwArzCsAK8wrACvMKwArzCsAK8wrACvMKwArzCsAK8wrACvMKwArzCsAK8wrACvMKwArzCsAK8wrACvMKwArzCsAK8wrACvMKwArzCsA////AP///wD///8A////ACvMK/8rzCv/K8wr/yvMKwArzCsAK8wrACvMKwArzCsAK8wrACvMKwArzCsAK8wrACvMKwArzCsAK8wrACvMKwArzCsAK8wrACvMKwArzCsAK8wrACvMKwArzCsAK8wrACvMKwArzCsAK8wrACvMKwD///8A////AP///wD///8AK8wr/yvMK/8rzCv/K8wrACvMKwArzCsAK8wrACvMKwArzCsAK8wrACvMKwArzCsAK8wrACvMKwArzCsAK8wrACvMKwArzCsAK8wrACvMKwArzCsAK8wrACvMKwArzCsAK8wrACvMKwArzCsAK8wrAP///wD///8A////AP///wArzCv/K8wr/yvMK/8rzCsAK8wrACvMKwArzCsAK8wrACvMKwArzCsAK8wrACvMKwArzCsAK8wrACvMKwArzCsAK8wrACvMKwArzCsAK8wrACvMKwArzCsAK8wrACvMKwArzCsAK8wrACvMKwArzCsA////AP///wD///8A////ACvMK/8rzCv/K8wr/yvMKwArzCsAK8wrACvMKwArzCsAK8wrACvMKwArzCsAK8wrACvMKwArzCsAK8wrACvMKwArzCsAK8wrACvMKwArzCsAK8wrACvMKwArzCsAK8wrACvMKwArzCsAK8wrACvMKwD///8A////AP///wD///8AK8wr/yvMK/8rzCv/K8wrACvMKwArzCsAK8wrACvMKwArzCsAK8wrACvMKwArzCsAK8wr/yvMK/8rzCv/K8wr/yvMK/8rzCv/K8wr/yvMK/8rzCv/K8wr/yvMK/8rzCv/K8wr/yvMK/8rzCv/K8wr/////wD///8A////AP///wArzCv/K8wr/yvMK/8rzCsAK8wrACvMKwArzCsAK8wrACvMKwArzCsAK8wrACvMKwArzCv/K8wr/yvMK/8rzCv/K8wr/yvMK/8rzCv/K8wr/yvMK/8rzCv/K8wr/yvMK/8rzCv/K8wr/yvMK/8rzCv/////AP///wD///8A////ACvMK/8rzCv/K8wr/yvMKwArzCsAK8wrACvMKwArzCsAK8wrACvMKwArzCsAK8wrACvMK/8rzCv/K8wr/yvMK/8rzCv/K8wr/yvMK/8rzCv/K8wr/yvMK/8rzCv/K8wr/yvMK/8rzCv/K8wr/yvMK/////8A////AP///wD///8AK8wr/yvMK/8rzCv/K8wrACvMKwArzCsAK8wrACvMKwArzCsAK8wrACvMKwArzCsAK8wr/yvMK/8rzCv/K8wr/yvMK/8rzCv/K8wr/yvMK/8rzCv/K8wr/yvMK/8rzCv/K8wr/yvMK/8rzCv/K8wr/////wD///8A////AP///wArzCv/K8wr/yvMK/8rzCsAK8wr/yvMK/8rzCv/K8wr/yvMK/8rzCv/K8wr/yvMKxorzCv/K8wr/yvMK/8rzCv/K8wr/yvMK/8rzCv/K8wr/yvMK/8rzCv/K8wr/yvMK/8rzCv/K8wr/yvMK/8rzCv/////AP///wD///8A////ACvMK/8rzCv/K8wr/yvMKwArzCv/K8wr/yvMK/8rzCv/K8wr/yvMK/8rzCv/K8wrGivMK/8rzCv/K8wr/yvMK/8rzCv/K8wr/yvMK/8rzCv/K8wr/yvMK/8rzCv/K8wr/yvMK/8rzCv/K8wr/yvMK/////8A////AP///wD///8AK8wr/yvMK/8rzCv/K8wrACvMK/8rzCv/K8wr/yvMK/8rzCv/K8wr/yvMK/8rzCsaK8wr/yvMK/8rzCv/K8wr/yvMK/8rzCv/K8wr/yvMK/8rzCv/K8wr/yvMK/8rzCv/K8wr/yvMK/8rzCv/K8wr/////wD///8A////AP///wArzCv/K8wr/yvMK/8rzCsAK8wr/yvMK/8rzCv/K8wr/yvMK/8rzCv/K8wr/yvMKxorzCv/K8wr/yvMK/8rzCv/K8wr/yvMK/8rzCv/K8wr/yvMK/8rzCv/K8wr/yvMK/8rzCv/K8wr/yvMK/8rzCv/////AP///wD///8A////ACvMK/8rzCv/K8wr/yvMKwArzCv/K8wr/yvMK/8rzCv/K8wr/yvMK/8rzCv/K8wrGivMK/8rzCv/K8wr/yvMK/8rzCv/K8wr/yvMK/8rzCv/K8wr/yvMK/8rzCv/K8wr/yvMK/8rzCv/K8wr/yvMK/////8A////AP///wD///8AK8wr/yvMK/8rzCv/K8wrACvMK/8rzCv/K8wr/yvMK/8rzCv/K8wr/yvMK/8rzCsaK8wr/yvMK/8rzCv/K8wr/yvMK/8rzCv/K8wr/yvMK/8rzCv/K8wr/yvMK/8rzCv/K8wr/yvMK/8rzCv/K8wr/////wD///8A////AP///wArzCv/K8wr/yvMK/8rzCsAK8wr/yvMK/8rzCv/K8wr/yvMK/8rzCv/K8wr/yvMKxorzCv/K8wr/yvMK/8rzCv/K8wr/yvMK/8rzCv/K8wr/yvMK/8rzCv/K8wr/yvMK/8rzCv/K8wr/yvMK/8rzCv/////AP///wD///8A////ACvMK/8rzCv/K8wr/yvMKwArzCv/K8wr/yvMK/8rzCv/K8wr/yvMK/8rzCv/K8wrGivMK/8rzCv/K8wr/yvMK/8rzCv/K8wr/yvMK/8rzCv/K8wr/yvMK/8rzCv/K8wr/yvMK/8rzCv/K8wr/yvMK/////8A////AP///wD///8AK8wr/yvMK/8rzCv/K8wrACvMK/8rzCv/K8wr/yvMK/8rzCv/K8wr/yvMK/8rzCsaK8wr/yvMK/8rzCv/K8wr/yvMK/8rzCv/K8wr/yvMK/8rzCv/K8wr/yvMK/8rzCv/K8wr/yvMK/8rzCv/K8wr/////wD///8A////AP///wArzCv/K8wr/yvMK/8rzCsAK8wr/yvMK/8rzCv/K8wr/yvMK/8rzCv/K8wr/yvMKxorzCv/K8wr/yvMK/8rzCv/K8wr/yvMK/8rzCv/K8wr/yvMK/8rzCv/K8wr/yvMK/8rzCv/K8wr/yvMK/8rzCv/////AP///wD///8A////ACvMK/8rzCv/K8wr/yvMKwArzCv/K8wr/yvMK/8rzCv/K8wr/yvMK/8rzCv/K8wrGivMKxorzCsaK8wrGivMKxorzCsaK8wrGivMKxorzCsaK8wrACvMKwArzCsAK8wrACvMKwArzCsAK8wrACvMKwD///8A////AP///wD///8AK8wr/yvMK/8rzCv/K8wrACvMK/8rzCv/K8wr/yvMK/8rzCv/K8wr/yvMK/8rzCv/K8wr/yvMK/8rzCv/K8wr/yvMK/8rzCv/K8wr/yvMK/8rzCsAK8wrACvMKwArzCsAK8wrACvMKwArzCsAK8wrAP///wD///8A////AP///wArzCv/K8wr/yvMK/8rzCsAK8wr/yvMK/8rzCv/K8wr/yvMK/8rzCv/K8wr/yvMK/8rzCv/K8wr/yvMK/8rzCv/K8wr/yvMK/8rzCv/K8wr/yvMKwArzCsAK8wrACvMKwArzCsAK8wrACvMKwArzCsA////AP///wD///8A////ACvMK/8rzCv/K8wr/yvMKwArzCv/K8wr/yvMK/8rzCv/K8wr/yvMK/8rzCv/K8wr/yvMK/8rzCv/K8wr/yvMK/8rzCv/K8wr/yvMK/8rzCv/K8wrACvMKwArzCsAK8wrACvMKwArzCsAK8wrACvMKwD///8A////AP///wD///8A////AP///wD///8A////AP///wD///8A////AP///wD///8A////AP///wD///8A////AP///wD///8A////AP///wD///8A////AP///wD///8A////AP///wD///8A////AP///wD///8A////AP///wD///8A////AP///wD///8A////AP///wD///8A////AP///wD///8A////AP///wD///8A////AP///wD///8A////AP///wD///8A////AP///wD///8A////AP///wD///8A////AP///wD///8A////AP///wD///8A////AP///wD//////////8f////H////x////8f////H////x////8f////H////x////8f////H/AADx/wAA8f8AAPH/AADxAAAA8QAAAPEAAADxAAAA8QAAAPEAAADxAAAA8QAAAPEAAADxAAAA8QAA//EAAP/xAAD/8QAA////////////ygAAAAwAAAAYAAAAAEAIAAAAAAAAAAAAAAAAAAAAAAAAAAAAAAAAAD///8A////AP///wD///8A////AP///wD///8A////AP///wD///8A////AP///wD///8A////AP///wD///8A////AP///wD///8A////AP///wD///8A////AP///wD///8A////AP///wD///8A////AP///wD///8A////AP///wD///8A////AP///wD///8A////AP///wD///8A////AP///wD///8A////AP///wD///8A////AP///wD///8A////AP///wD///8A////AP///wD///8A////AP///wD///8A////AP///wD///8A////AP///wD///8A////AP///wD///8A////AP///wD///8A////AP///wD///8A////AP///wD///8A////AP///wD///8A////AP///wD///8A////AP///wD///8A////AP///wD///8A////AP///wD///8A////AP///wD///8A////AP///wD///8A////AP///wD///8A////AP///wD///8A////AP///wD///8A////AP///wD///8A////AP///wD///8A////AP///wD///8A////AP///wD///8A////AP///wD///8A////AP///wD///8A////AP///wD///8A////AP///wD///8A////AP///wD///8A////AP///wD///8A////AP///wD///8A////AP///wD///8A////AP///wD///8A////AP///wD///8A////AP///wD///8A////AP///wD///8A////AP///wD///8A////AP///wD///8A////AP///wD///8A////AP///wD///8A////AP///wD///8A////AP///wD///8A////AP///wD///8A////AP///wD///8A////AP///wD///8A////AP///wD///8A////AP///wD///8A////AP///wD///8A////AP///wD///8A////AP///wD///8A////AG7Wbv9u1m7/btZu/////wD///8A////AP///wD///8A////AP///wD///8AbtZuAG7WbgBu1m4AbtZuAG7WbgBu1m4AbtZuAG7WbgBu1m4AbtZuAG7WbgBu1m4AbtZuAG7WbgBu1m4AbtZuAP///wD///8A////AP///wD///8A////AP///wD///8A////AP///wD///8A////AP///wD///8A////AP///wD///8A////AP///wD///8A////AG7Wbv9u1m7/btZu/////wD///8A////AP///wD///8A////AP///wD///8AbtZuAG7WbgBu1m4AbtZuAG7WbgBu1m4AbtZuAG7WbgBu1m4AbtZuAG7WbgBu1m4AbtZuAG7WbgBu1m4AbtZuAP///wD///8A////AP///wD///8A////AP///wD///8A////AP///wD///8A////AP///wD///8A////AP///wD///8A////AP///wD///8A////AG7Wbv9u1m7/btZu/////wD///8A////AP///wD///8A////AP///wD///8AbtZuAG7WbgBu1m4AbtZuAG7WbgBu1m4AbtZuAG7WbgBu1m4AbtZuAG7WbgBu1m4AbtZuAG7WbgBu1m4AbtZuAP///wD///8A////AP///wD///8A////AP///wD///8A////AP///wD///8A////AP///wD///8A////AP///wD///8A////AP///wD///8A////AG7Wbv9u1m7/btZu/////wD///8A////AP///wD///8A////AP///wD///8AbtZuAG7WbgBu1m4AbtZuAG7WbgBu1m4AbtZuAG7WbgBu1m4AbtZuAG7WbgBu1m4AbtZuAG7WbgBu1m4AbtZuAP///wD///8A////AP///wD///8A////AP///wD///8A////AP///wD///8A////AP///wD///8A////AP///wD///8A////AP///wD///8A////AG7Wbv9u1m7/btZu/////wD///8A////AP///wD///8A////AP///wD///8AbtZuAG7WbgBu1m4AbtZuAG7WbgBu1m4AbtZuAG7WbgBu1m4AbtZuAG7WbgBu1m4AbtZuAG7WbgBu1m4AbtZuAP///wD///8A////AP///wD///8A////AP///wD///8A////AP///wD///8A////AP///wD///8A////AP///wD///8A////AP///wD///8A////AG7Wbv9u1m7/btZu/////wD///8A////AP///wD///8A////AP///wD///8AbtZuAG7WbgBu1m4AbtZuAG7WbgBu1m4AbtZuAG7WbgBu1m4AbtZuAG7WbgBu1m4AbtZuAG7WbgBu1m4AbtZuAP///wD///8A////AP///wD///8A////AP///wD///8A////AP///wD///8A////AP///wD///8A////AP///wD///8A////AP///wD///8A////AG7Wbv9u1m7/btZu/////wD///8A////AP///wD///8A////AP///wD///8AbtZuAG7WbgBu1m4AbtZuAG7WbgBu1m4AbtZuAG7WbgBu1m4AbtZuAG7WbgBu1m4AbtZuAG7WbgBu1m4AbtZuAP///wD///8A////AP///wD///8A////AP///wD///8A////AP///wD///8A////AP///wD///8A////AP///wD///8A////AP///wD///8A////AG7Wbv9u1m7/btZu/////wD///8A////AP///wD///8A////AP///wD///8AbtZuAG7WbgBu1m4AbtZuAG7WbgBu1m4AbtZuAG7WbgBu1m4AbtZuAG7WbgBu1m4AbtZuAG7WbgBu1m4AbtZuAP///wD///8A////AP///wD///8A////AP///wD///8A////AP///wD///8A////AP///wD///8A////AP///wD///8A////AP///wD///8A////AG7Wbv9u1m7/btZu/////wD///8A////AP///wD///8A////AP///wD///8AbtZuAG7WbgBu1m4AbtZuAG7WbgBu1m4AbtZuAG7WbgBu1m4AbtZuAG7WbgBu1m4AbtZuAG7WbgBu1m4AbtZuAP///wD///8A////AP///wD///8A////AP///wD///8A////AP///wD///8A////AP///wD///8A////AP///wD///8A////AP///wD///8A////AG7Wbv9u1m7/btZu/////wD///8A////AP///wD///8A////AP///wD///8AbtZuAG7WbgBu1m4AbtZuAG7WbgBu1m4AbtZuAG7WbgBu1m4AbtZuAG7WbgBu1m4AbtZuAG7WbgBu1m4AbtZuAP///wD///8A////AP///wD///8A////AP///wD///8A////AP///wD///8A////AP///wD///8A////AP///wD///8A////AP///wD///8A////AG7Wbv9u1m7/btZu/////wD///8A////AP///wD///8A////AP///wD///8AbtZuAG7WbgBu1m4AbtZuAG7WbgBu1m4AbtZuAG7WbgBu1m4AbtZuAG7WbgBu1m4AbtZuAG7WbgBu1m4AbtZuAP///wD///8A////AP///wD///8A////AP///wD///8A////AP///wD///8A////AP///wD///8A////AP///wD///8A////AP///wD///8A////AG7Wbv9u1m7/btZu/////wD///8A////AP///wD///8A////AP///wD///8AbtZuAG7WbgBu1m4AbtZuAG7WbgBu1m4AbtZuAG7WbgBu1m4AbtZuAG7WbgBu1m4AbtZuAG7WbgBu1m4AbtZuAP///wD///8A////AP///wD///8A////AP///wD///8A////AP///wD///8A////AP///wD///8A////AP///wD///8A////AP///wD///8A////AG7Wbv9u1m7/btZu/////wD///8A////AP///wD///8A////AP///wD///8AbtZuAG7WbgBu1m4AbtZuAG7WbgBu1m4AbtZuAG7WbgBu1m4AbtZuAG7WbgBu1m4AbtZuAG7WbgBu1m4AbtZuAP///wD///8A////AP///wD///8A////AP///wD///8A////AP///wD///8A////AP///wD///8A////AP///wD///8A////AP///wD///8A////AG7Wbv9u1m7/btZu/////wD///8A////AP///wD///8A////AP///wD///8AbtZuAG7WbgBu1m4AbtZuAG7WbgBu1m4AbtZuAG7WbgBu1m4AbtZuAG7WbgBu1m4AbtZuAG7WbgBu1m4AbtZuAP///wD///8A////AP///wD///8A////AP///wD///8A////AP///wD///8A////AP///wD///8A////AP///wD///8A////AP///wD///8A////AG7Wbv9u1m7/btZu/////wD///8A////AP///wD///8A////AP///wD///8AbtZuAG7WbgBu1m4AbtZuAG7WbgBu1m4AbtZu/27Wbv9u1m7/btZu/27Wbv9u1m7/btZu/27Wbv9u1m7/btZu/27Wbv9u1m7/btZu/27Wbv9u1m7/btZu/27Wbv9u1m7/btZu/27Wbv9u1m7/btZu/////wD///8A////AP///wD///8A////AP///wD///8A////AG7Wbv9u1m7/btZu/////wD///8A////AP///wD///8A////AP///wD///8AbtZuAG7WbgBu1m4AbtZuAG7WbgBu1m4AbtZu/27Wbv9u1m7/btZu/27Wbv9u1m7/btZu/27Wbv9u1m7/btZu/27Wbv9u1m7/btZu/27Wbv9u1m7/btZu/27Wbv9u1m7/btZu/27Wbv9u1m7/btZu/////wD///8A////AP///wD///8A////AP///wD///8A////AG7Wbv9u1m7/btZu/////wD///8A////AP///wD///8A////AP///wD///8AbtZuAG7WbgBu1m4AbtZuAG7WbgBu1m4AbtZu/27Wbv9u1m7/btZu/27Wbv9u1m7/btZu/27Wbv9u1m7/btZu/27Wbv9u1m7/btZu/27Wbv9u1m7/btZu/27Wbv9u1m7/btZu/27Wbv9u1m7/btZu/////wD///8A////AP///wD///8A////AP///wD///8A////AG7Wbv9u1m7/btZu/////wD///8A////AP///wD///8A////AP///wD///8AbtZuAG7WbgBu1m4AbtZuAG7WbgBu1m4AbtZu/27Wbv9u1m7/btZu/27Wbv9u1m7/btZu/27Wbv9u1m7/btZu/27Wbv9u1m7/btZu/27Wbv9u1m7/btZu/27Wbv9u1m7/btZu/27Wbv9u1m7/btZu/////wD///8A////AP///wD///8A////AP///wD///8A////AG7Wbv9u1m7/btZu/////wD///8A////AP///wD///8A////AP///wD///8AbtZuAG7WbgBu1m4AbtZuAG7WbgBu1m4AbtZu/27Wbv9u1m7/btZu/27Wbv9u1m7/btZu/27Wbv9u1m7/btZu/27Wbv9u1m7/btZu/27Wbv9u1m7/btZu/27Wbv9u1m7/btZu/27Wbv9u1m7/btZu/////wD///8A////AP///wD///8A////AP///wD///8A////AG7Wbv9u1m7/btZu/////wD///8A////AP///wD///8A////AP///wD///8AbtZuAG7WbgBu1m4AbtZuAG7WbgBu1m4AbtZu/27Wbv9u1m7/btZu/27Wbv9u1m7/btZu/27Wbv9u1m7/btZu/27Wbv9u1m7/btZu/27Wbv9u1m7/btZu/27Wbv9u1m7/btZu/27Wbv9u1m7/btZu/////wD///8A////AP///wD///8A////AP///wD///8A////AG7Wbv9u1m7/btZu/////wD///8AbtZu/27Wbv9u1m7/btZu/27Wbv9u1m7/btZu/27Wbv9u1m7/btZu/27WbgBu1m4AbtZu/27Wbv9u1m7/btZu/27Wbv9u1m7/btZu/27Wbv9u1m7/btZu/27Wbv9u1m7/btZu/27Wbv9u1m7/btZu/27Wbv9u1m7/btZu/27Wbv9u1m7/btZu/////wD///8A////AP///wD///8A////AP///wD///8A////AG7Wbv9u1m7/btZu/////wD///8AbtZu/27Wbv9u1m7/btZu/27Wbv9u1m7/btZu/27Wbv9u1m7/btZu/27WbgBu1m4AbtZu/27Wbv9u1m7/btZu/27Wbv9u1m7/btZu/27Wbv9u1m7/btZu/27Wbv9u1m7/btZu/27Wbv9u1m7/btZu/27Wbv9u1m7/btZu/27Wbv9u1m7/btZu/////wD///8A////AP///wD///8A////AP///wD///8A////AG7Wbv9u1m7/btZu/////wD///8AbtZu/27Wbv9u1m7/btZu/27Wbv9u1m7/btZu/27Wbv9u1m7/btZu/27WbgBu1m4AbtZu/27Wbv9u1m7/btZu/27Wbv9u1m7/btZu/27Wbv9u1m7/btZu/27Wbv9u1m7/btZu/27Wbv9u1m7/btZu/27Wbv9u1m7/btZu/27Wbv9u1m7/btZu/////wD///8A////AP///wD///8A////AP///wD///8A////AG7Wbv9u1m7/btZu/////wD///8AbtZu/27Wbv9u1m7/btZu/27Wbv9u1m7/btZu/27Wbv9u1m7/btZu/27WbgBu1m4AbtZu/27Wbv9u1m7/btZu/27Wbv9u1m7/btZu/27Wbv9u1m7/btZu/27Wbv9u1m7/btZu/27Wbv9u1m7/btZu/27Wbv9u1m7/btZu/27Wbv9u1m7/btZu/////wD///8A////AP///wD///8A////AP///wD///8A////AG7Wbv9u1m7/btZu/////wD///8AbtZu/27Wbv9u1m7/btZu/27Wbv9u1m7/btZu/27Wbv9u1m7/btZu/27WbgBu1m4AbtZu/27Wbv9u1m7/btZu/27Wbv9u1m7/btZu/27Wbv9u1m7/btZu/27Wbv9u1m7/btZu/27Wbv9u1m7/btZu/27Wbv9u1m7/btZu/27Wbv9u1m7/btZu/////wD///8A////AP///wD///8A////AP///wD///8A////AG7Wbv9u1m7/btZu/////wD///8AbtZu/27Wbv9u1m7/btZu/27Wbv9u1m7/btZu/27Wbv9u1m7/btZu/27WbgBu1m4AbtZu/27Wbv9u1m7/btZu/27Wbv9u1m7/btZu/27Wbv9u1m7/btZu/27Wbv9u1m7/btZu/27Wbv9u1m7/btZu/27Wbv9u1m7/btZu/27Wbv9u1m7/btZu/////wD///8A////AP///wD///8A////AP///wD///8A////AG7Wbv9u1m7/btZu/////wD///8AbtZu/27Wbv9u1m7/btZu/27Wbv9u1m7/btZu/27Wbv9u1m7/btZu/27WbgBu1m4AbtZu/27Wbv9u1m7/btZu/27Wbv9u1m7/btZu/27Wbv9u1m7/btZu/27Wbv9u1m7/btZu/27Wbv9u1m7/btZu/27Wbv9u1m7/btZu/27Wbv9u1m7/btZu/////wD///8A////AP///wD///8A////AP///wD///8A////AG7Wbv9u1m7/btZu/////wD///8AbtZu/27Wbv9u1m7/btZu/27Wbv9u1m7/btZu/27Wbv9u1m7/btZu/27WbgBu1m4AbtZu/27Wbv9u1m7/btZu/27Wbv9u1m7/btZu/27Wbv9u1m7/btZu/27Wbv9u1m7/btZu/27Wbv9u1m7/btZu/27Wbv9u1m7/btZu/27Wbv9u1m7/btZu/////wD///8A////AP///wD///8A////AP///wD///8A////AG7Wbv9u1m7/btZu/////wD///8AbtZu/27Wbv9u1m7/btZu/27Wbv9u1m7/btZu/27Wbv9u1m7/btZu/27WbgBu1m4AbtZu/27Wbv9u1m7/btZu/27Wbv9u1m7/btZu/27Wbv9u1m7/btZu/27Wbv9u1m7/btZu/27Wbv9u1m7/btZu/27Wbv9u1m7/btZu/27Wbv9u1m7/btZu/////wD///8A////AP///wD///8A////AP///wD///8A////AG7Wbv9u1m7/btZu/////wD///8AbtZu/27Wbv9u1m7/btZu/27Wbv9u1m7/btZu/27Wbv9u1m7/btZu/27WbgBu1m4AbtZu/27Wbv9u1m7/btZu/27Wbv9u1m7/btZu/27Wbv9u1m7/btZu/27Wbv9u1m7/btZu/27Wbv9u1m7/btZu/27Wbv9u1m7/btZu/27Wbv9u1m7/btZu/////wD///8A////AP///wD///8A////AP///wD///8A////AG7Wbv9u1m7/btZu/////wD///8AbtZu/27Wbv9u1m7/btZu/27Wbv9u1m7/btZu/27Wbv9u1m7/btZu/27WbgBu1m4AbtZu/27Wbv9u1m7/btZu/27Wbv9u1m7/btZu/27Wbv9u1m7/btZu/27Wbv9u1m7/btZu/27Wbv9u1m7/btZu/27Wbv9u1m7/btZu/27Wbv9u1m7/btZu/////wD///8A////AP///wD///8A////AP///wD///8A////AG7Wbv9u1m7/btZu/////wD///8AbtZu/27Wbv9u1m7/btZu/27Wbv9u1m7/btZu/27Wbv9u1m7/btZu/27WbgBu1m4AbtZu/27Wbv9u1m7/btZu/27Wbv9u1m7/btZu/27Wbv9u1m7/btZu/27Wbv9u1m7/btZu/27Wbv9u1m7/btZu/27Wbv9u1m7/btZu/27Wbv9u1m7/btZu/////wD///8A////AP///wD///8A////AP///wD///8A////AG7Wbv9u1m7/btZu/////wD///8AbtZu/27Wbv9u1m7/btZu/27Wbv9u1m7/btZu/27Wbv9u1m7/btZu/27WbgBu1m4AbtZu/27Wbv9u1m7/btZu/27Wbv9u1m7/btZu/27Wbv9u1m7/btZu/27Wbv9u1m7/btZu/27Wbv9u1m7/btZu/27Wbv9u1m7/btZu/27Wbv9u1m7/btZu/////wD///8A////AP///wD///8A////AP///wD///8A////AG7Wbv9u1m7/btZu/////wD///8AbtZu/27Wbv9u1m7/btZu/27Wbv9u1m7/btZu/27Wbv9u1m7/btZu/27WbgBu1m4AbtZu/27Wbv9u1m7/btZu/27Wbv9u1m7/btZu/27Wbv9u1m7/btZu/27Wbv9u1m7/btZu/27Wbv9u1m7/btZu/27Wbv9u1m7/btZu/27Wbv9u1m7/btZu/////wD///8A////AP///wD///8A////AP///wD///8A////AG7Wbv9u1m7/btZu/////wD///8AbtZu/27Wbv9u1m7/btZu/27Wbv9u1m7/btZu/27Wbv9u1m7/btZu/27WbgBu1m4AbtZuMm7Wbphu1m7ybtZu/27Wbv9u1m7/btZu/27Wbv9u1m7/btZu/////wD///8A////AP///wD///8A////AP///wD///8A////AP///wD///8A////AP///wD///8A////AP///wD///8A////AP///wD///8A////AG7Wbv9u1m7/btZu/////wD///8AbtZu/27Wbv9u1m7/btZu/27Wbv9u1m7/btZu/27Wbv9u1m7/btZu/27WbsBu1m5AbtZuAG7WbgBu1m4MbtZuZW7Wbstu1m7/btZu/27Wbv9u1m7/btZu/////wD///8A////AP///wD///8A////AP///wD///8A////AP///wD///8A////AP///wD///8A////AP///wD///8A////AP///wD///8A////AG7Wbv9u1m7/btZu/////wD///8AbtZu/27Wbv9u1m7/btZu/27Wbv9u1m7/btZu/27Wbv9u1m7/btZu/27Wbv9u1m7/btZuzW7Wbmdu1m4NbtZuAG7WbgBu1m4ybtZumG7WbvJu1m7/btZu/////wD///8A////AP///wD///8A////AP///wD///8A////AP///wD///8A////AP///wD///8A////AP///wD///8A////AP///wD///8A////AG7Wbv9u1m7/btZu/////wD///8AbtZu/27Wbv9u1m7/btZu/27Wbv9u1m7/btZu/27Wbv9u1m7/btZu/27Wbv9u1m7/btZu/27Wbv9u1m7zbtZumm7WbjRu1m4AbtZuAG7Wbgxu1m5lbtZuy////wD///8A////AP///wD///8A////AP///wD///8A////AP///wD///8A////AP///wD///8A////AP///wD///8A////AP///wD///8A////AG7Wbv9u1m7/btZu/////wD///8AbtZu/27Wbv9u1m7/btZu/27Wbv9u1m7/btZu/27Wbv9u1m7/btZu/27Wbv9u1m7/btZu/27Wbv9u1m7/btZu/27Wbv9u1m7NbtZuZ27Wbg1u1m4AbtZuAP///wD///8A////AP///wD///8A////AP///wD///8A////AP///wD///8A////AP///wD///8A////AP///wD///8A////AP///wD///8A////AG7Wbv9u1m7/btZu/////wD///8AbtZu/27Wbv9u1m7/btZu/27Wbv9u1m7/btZu/27Wbv9u1m7/btZu/27Wbv9u1m7/btZu/27Wbv9u1m7/btZu/27Wbv9u1m7/btZu/27WbvNu1m4AbtZuAP///wD///8A////AP///wD///8A////AP///wD///8A////AP///wD///8A////AP///wD///8A////AP///wD///8A////AP///wD///8A////AP///wD///8A////AP///wD///8A////AP///wD///8A////AP///wD///8A////AP///wD///8A////AP///wD///8A////AP///wD///8A////AP///wD///8A////AP///wD///8A////AP///wD///8A////AP///wD///8A////AP///wD///8A////AP///wD///8A////AP///wD///8A////AP///wD///8A////AP///wD///8A////AP///wD///8A////AP///wD///8A////AP///wD///8A////AP///wD///8A////AP///wD///8A////AP///wD///8A////AP///wD///8A////AP///wD///8A////AP///wD///8A////AP///wD///8A////AP///wD///8A////AP///wD///8A////AP///wD///8A////AP///wD///8A////AP///wD///8A////AP///wD///8A////AP///wD///8A////AP///wD///8A////AP///wD///8A////AP///wD///8A////AP///wD///8A////AP///wD///8A////AP///wD///8A////AP///wD///8A////AP///wD///8A////AP///wD///8A////AP///wD///8A////AP///wD///8A////AP///wD///8A////AP///wD///8A////AP///wD///8A////AP///wD///8A////AP///wD///8A////AP///wD///8A////AP///wD///8A////AP///wD///8A////AP///wD///8A////AP///wD///8A////AP///wD///8A////AP///wD///8A////AP///wD///8A////AP///wD///8A////AP///wD///8A////AP///wD///8A////AP///wD///8A////AP///wD///8A////AP///wD///////8AAP///////wAA////////AAD///////8AAPj//////wAA+P//////AAD4//////8AAPj//////wAA+P//////AAD4//////8AAPj//////wAA+P//////AAD4//////8AAPj//////wAA+P//////AAD4//////8AAPj//////wAA+P//////AAD4//wAAA8AAPj//AAADwAA+P/8AAAPAAD4//wAAA8AAPj//AAADwAA+P/8AAAPAAD4wAwAAA8AAPjADAAADwAA+MAMAAAPAAD4wAwAAA8AAPjADAAADwAA+MAMAAAPAAD4wAwAAA8AAPjADAAADwAA+MAMAAAPAAD4wAwAAA8AAPjADAAADwAA+MAMAAAPAAD4wAwAAA8AAPjADAAADwAA+MAMAP//AAD4wAMA//8AAPjAAGD//wAA+MAAGP//AAD4wAAD//8AAPjAAAP//wAA////////AAD///////8AAP///////wAA////////AAAoAAAAQAAAAIAAAAABACAAAAAAAAAAAAAAAAAAAAAAAAAAAAAAAAAA////AP///wD///8A////AP///wCT3noAk956AJPeegCT3noA////AP///wD///8A////AP///wD///8A////AP///wD///8A////AP///wD///8A////AP///wD///8A////AP///wD///8A////AP///wD///8A////AP///wD///8A////AP///wD///8A////AP///wD///8A////AP///wD///8A////AP///wD///8A////AP///wD///8A////AP///wD///8A////AP///wD///8A////AP///wD///8A////AP///wD///8A////AP///wD///8A////AP///wD///8A////AP///wD///8Ak956AJPeegCT3nrgk956AP///wD///8A////AP///wD///8A////AP///wD///8A////AP///wD///8A////AP///wD///8A////AP///wD///8A////AP///wD///8A////AP///wD///8A////AP///wD///8A////AP///wD///8A////AP///wD///8A////AP///wD///8A////AP///wD///8A////AP///wD///8A////AP///wD///8A////AP///wD///8A////AP///wD///8A////AP///wD///8A////AP///wD///8A////AP///wD///8A////AJPeegCT3noAk956/5PeegD///8A////AP///wD///8A////AP///wD///8A////AP///wD///8A////AP///wD///8A////AP///wD///8A////AP///wD///8A////AP///wD///8A////AP///wD///8A////AP///wD///8A////AP///wD///8A////AP///wD///8A////AP///wD///8A////AP///wD///8A////AP///wD///8A////AP///wD///8A////AP///wD///8A////AP///wD///8A////AP///wD///8A////AP///wD///8A////AP///wCT3noAk956AJPeev+T3noA////AP///wD///8A////AP///wD///8A////AP///wD///8A////AP///wD///8A////AP///wD///8A////AP///wD///8A////AP///wD///8A////AP///wD///8A////AP///wD///8A////AP///wD///8A////AP///wD///8A////AP///wD///8A////AP///wD///8A////AP///wD///8A////AP///wD///8A////AP///wD///8A////AP///wD///8A////AP///wD///8A////AP///wD///8A////AP///wD///8Ak956AJPeegCT3nr/k956AP///wD///8A////AP///wD///8A////AP///wD///8A////AP///wD///8A////AP///wD///8A////AP///wD///8A////AP///wD///8A////AP///wD///8A////AP///wD///8A////AP///wD///8A////AP///wD///8A////AP///wD///8A////AP///wD///8A////AP///wD///8A////AP///wD///8A////AP///wD///8A////AP///wD///8A////AP///wD///8A////AP///wD///8A////AP///wD///8A////AJPeegCT3noAk956/5PeegD///8A////AP///wD///8A////AP///wD///8A////AP///wD///8A////AP///wD///8A////AP///wD///8A////AP///wD///8A////AP///wD///8A////AP///wD///8A////AP///wD///8A////AP///wD///8A////AP///wD///8A////AP///wD///8A////AP///wD///8A////AP///wD///8A////AP///wD///8A////AP///wD///8A////AP///wD///8A////AP///wD///8A////AP///wD///8A////AP///wCT3noAk956AJPeev+T3noA////AP///wD///8A////AP///wD///8A////AP///wD///8A////AP///wD///8A////AP///wD///8A////AP///wD///8A////AP///wD///8A////AP///wD///8A////AP///wD///8A////AP///wD///8A////AP///wD///8A////AP///wD///8A////AP///wD///8A////AP///wD///8A////AP///wD///8A////AP///wD///8A////AP///wD///8A////AP///wD///8A////AP///wD///8A////AP///wD///8Ak956AJPeegCT3nr/k956AP///wD///8A////AP///wD///8A////AP///wD///8A////AP///wD///8A////AP///wD///8A////AP///wD///8A////AP///wD///8A////AP///wD///8A////AP///wD///8A////AP///wD///8A////AP///wD///8A////AP///wD///8A////AP///wD///8A////AP///wD///8A////AP///wD///8A////AP///wD///8A////AP///wD///8A////AP///wD///8A////AP///wD///8A////AP///wD///8A////AJPeegCT3noAk956/5PeegD///8A////AP///wD///8A////AP///wD///8A////AP///wD///8A////AP///wD///8A////AP///wD///8A////AP///wD///8A////AP///wD///8A////AP///wD///8A////AP///wD///8A////AP///wD///8A////AP///wD///8A////AP///wD///8A////AP///wD///8A////AP///wD///8A////AP///wD///8A////AP///wD///8A////AP///wD///8A////AP///wD///8A////AP///wD///8A////AP///wCT3noAk956AJPeev+T3noA////AP///wD///8A////AP///wD///8A////AP///wD///8A////AP///wD///8A////AP///wD///8A////AP///wD///8A////AP///wD///8A////AP///wD///8A////AP///wD///8A////AP///wD///8A////AP///wD///8A////AP///wD///8A////AP///wD///8A////AP///wD///8A////AP///wD///8A////AP///wD///8A////AP///wD///8A////AP///wD///8A////AP///wD///8A////AP///wD///8Ak956AJPeegCT3nr/k956AP///wD///8A////AP///wD///8A////AP///wD///8A////AP///wD///8A////AP///wD///8A////AP///wD///8A////AP///wD///8A////AP///wD///8A////AP///wD///8A////AP///wD///8A////AP///wD///8A////AP///wD///8A////AP///wD///8A////AP///wD///8A////AP///wD///8A////AP///wD///8A////AP///wD///8A////AP///wD///8A////AP///wD///8A////AP///wD///8A////AJPeegCT3noAk956/5PeegD///8A////AP///wD///8A////AP///wD///8A////AP///wD///8A////AP///wD///8A////AP///wD///8A////AP///wD///8A////AP///wD///8A////AP///wD///8A////AP///wD///8A////AP///wD///8A////AP///wD///8A////AP///wD///8A////AP///wD///8A////AP///wD///8A////AP///wD///8A////AP///wD///8A////AP///wD///8A////AP///wD///8A////AP///wD///8A////AP///wCT3noAk956AJPeev+T3noA////AP///wD///8A////AP///wD///8A////AP///wD///8A////AP///wD///8A////AP///wD///8A////AP///wD///8A////AP///wD///8A////AP///wD///8A////AP///wD///8A////AP///wD///8A////AP///wD///8A////AP///wD///8A////AP///wD///8A////AP///wD///8A////AP///wD///8A////AP///wD///8A////AP///wD///8A////AP///wD///8A////AP///wD///8A////AP///wD///8Ak956AJPeegCT3nr/k956AP///wD///8A////AP///wD///8A////AP///wD///8A////AP///wD///8A////AP///wD///8A////AP///wD///8A////AP///wD///8A////AP///wD///8A////AP///wD///8A////AP///wD///8A////AP///wD///8A////AP///wD///8A////AP///wD///8A////AP///wD///8A////AP///wD///8A////AP///wD///8A////AP///wD///8A////AP///wD///8A////AP///wD///8A////AP///wD///8A////AJPeegCT3noAk956/5PeegD///8A////AP///wD///8A////AP///wD///8A////AP///wD///8A////AP///wD///8A////AP///wD///8A////AP///wD///8A////AP///wD///8A////AP///wD///8A////AP///wD///8A////AP///wD///8A////AP///wD///8A////AP///wD///8A////AP///wD///8A////AP///wD///8A////AP///wD///8A////AP///wD///8A////AP///wD///8A////AP///wD///8A////AP///wD///8A////AP///wCT3noAk956AJPeev+T3noA////AP///wD///8A////AP///wD///8A////AP///wD///8A////AP///wD///8A////AP///wD///8A////AP///wD///8A////AP///wD///8A////AP///wD///8A////AP///wD///8A////AP///wD///8A////AP///wD///8A////AP///wD///8A////AP///wD///8A////AP///wD///8A////AP///wD///8A////AP///wD///8A////AP///wD///8A////AP///wD///8A////AP///wD///8A////AP///wD///8Ak956AJPeegCT3nr/k956AP///wD///8A////AP///wD///8A////AP///wD///8A////AP///wD///8A////AP///wD///8A////AP///wD///8A////AP///wD///8A////AP///wD///8A////AP///wD///8A////AP///wD///8A////AP///wD///8A////AP///wD///8A////AP///wD///8A////AP///wD///8A////AP///wD///8A////AP///wD///8A////AP///wD///8A////AP///wD///8A////AP///wD///8A////AP///wD///8A////AJPeegCT3noAk956/5PeegD///8A////AP///wD///8A////AP///wD///8A////AP///wD///8A////AP///wD///8A////AP///wD///8A////AP///wD///8A////AP///wD///8A////AP///wD///8A////AP///wD///8A////AP///wD///8A////AP///wD///8A////AP///wD///8A////AP///wD///8A////AP///wD///8A////AP///wD///8A////AP///wD///8A////AP///wD///8A////AP///wD///8A////AP///wD///8A////AP///wCT3noAk956AJPeev+T3noA////AP///wD///8A////AP///wD///8A////AP///wD///8A////AP///wD///8A////AP///wD///8A////AP///wD///8A////AP///wD///8A////AP///wD///8A////AP///wD///8A////AP///wD///8A////AP///wD///8A////AP///wD///8A////AP///wD///8A////AP///wD///8A////AP///wD///8A////AP///wD///8A////AP///wD///8A////AP///wD///8A////AP///wD///8A////AP///wD///8Ak956AJPeegCT3nr/k956AP///wD///8A////AP///wD///8A////AP///wD///8A////AP///wD///8A////AP///wD///8A////AP///wD///8A////AP///wD///8A////AP///wD///8A////AP///wD///8A////AP///wD///8A////AP///wD///8A////AP///wD///8A////AP///wD///8A////AP///wD///8A////AP///wD///8A////AP///wD///8A////AP///wD///8A////AP///wD///8A////AP///wD///8A////AP///wD///8A////AJPeegCT3noAk956/5PeegD///8A////AP///wD///8A////AP///wD///8A////AP///wD///8A////AP///wD///8A////AP///wD///8A////AP///wD///8A////AP///wD///8A////AP///wD///8A////AP///wD///8A////AP///wD///8A////AP///wD///8A////AP///wD///8A////AP///wD///8A////AP///wD///8A////AP///wD///8A////AP///wD///8A////AP///wD///8A////AP///wD///8A////AP///wD///8A////AP///wCT3noAk956AJPeev+T3noA////AP///wD///8A////AP///wD///8A////AP///wD///8A////AP///wD///8A////AP///wD///8A////AP///wD///8A////AP///wD///8A////AP///wD///8A////AP///wD///8A////AP///wD///8A////AP///wD///8A////AP///wD///8A////AP///wD///8A////AP///wD///8A////AP///wD///8A////AP///wD///8A////AP///wD///8A////AP///wD///8A////AP///wD///8A////AP///wD///8Ak956AJPeegCT3nr/k956AP///wD///8A////AP///wD///8A////AP///wD///8A////AP///wD///8A////AP///wD///8A////AP///wD///8A////AP///wD///8A////AP///wD///8A////AP///wD///8A////AP///wD///8A////AP///wD///8A////AP///wD///8A////AP///wD///8A////AP///wD///8A////AP///wD///8A////AP///wD///8A////AP///wD///8A////AP///wD///8A////AP///wD///8A////AP///wD///8A////AJPeegCT3noAk956/5PeegD///8A////AP///wD///8A////AP///wD///8A////AP///wD///8A////AP///wD///8A////AP///wD///8A////AP///wD///8A////AP///wD///8A////AP///wD///8A////AP///wD///8A////AP///wD///8A////AP///wD///8A////AP///wD///8A////AP///wD///8A////AP///wD///8A////AP///wD///8A////AP///wD///8A////AP///wD///8A////AP///wD///8A////AP///wD///8A////AP///wCT3noAk956AJPeev+T3noA////AP///wD///8A////AP///wD///8A////AP///wD///8A////AP///wD///8A////AP///wD///8A////AP///wD///8A////AP///wD///8A////AP///wD///8A////AP///wD///8A////AP///wD///8A////AP///wD///8A////AP///wD///8A////AP///wD///8A////AP///wD///8A////AP///wD///8A////AP///wD///8A////AP///wD///8A////AP///wD///8A////AP///wD///8A////AP///wD///8Ak956AJPeegCT3nr/k956AP///wD///8A////AP///wD///8A////AP///wD///8A////AP///wD///8A////AP///wD///8A////AP///wD///8A////AP///wD///8A////AP///wD///8A////AP///wD///8A////AP///wD///8A////AP///wD///8A////AP///wD///8A////AP///wD///8A////AP///wD///8A////AP///wD///8A////AP///wD///8A////AP///wD///8A////AP///wD///8A////AP///wD///8A////AP///wD///8A////AJPeegCT3noAk956/5PeegD///8A////AP///wD///8A////AP///wD///8Ak956AJPeegCT3noAk956AJPeegCT3noAk956AJPeegCT3noAk956AJPeegCT3noAk956AJPeegCT3noAk956AJPeegCT3noAk956AJPeegCT3noAk956AJPeegCT3noAk956AJPeegCT3noAk956AJPeegCT3noAk956AJPeegD///8A////AP///wD///8A////AP///wD///8A////AP///wD///8A////AP///wD///8A////AP///wD///8A////AP///wD///8A////AP///wCT3noAk956AJPeev+T3npUk956Bf///wD///8A////AP///wD///8A////AJPeegCT3noAk956AJPeegCT3noAk956AJPeegCT3noAk956AJPeegCT3noAk956AJPeegCT3noAk956AJPeegCT3noAk956AJPeegCT3noAk956AJPeehWT3npQk956gZPeeqqT3nrUk9566pPeevyT3nr/k95685Peeu2T3nrXk956wZPeeqCT3np1k956SpPeeiD///8A////AP///wD///8A////AP///wD///8A////AP///wD///8A////AP///wD///8A////AP///wD///8Ak956AJPeegCT3nr/rOmX/5PeeuaT3nqIk956Lf///wD///8A////AP///wCT3noAk956AJPeegCT3noAk956AJPeegCT3noAk956AJPeegCT3noAk956AJPeegCT3noAk956AJPeegCT3noAk956AJPeegyT3npLk956k5PeetWT3nr+q+iW/7nvp//F9LX/0fnD/9j8y//d/9H/3v/S/9r9zv/Z/cz/0vrE/8z3vf/C87H/te2i/6nolP+c4oX/k9566pPeeqmT3nplk956Iv///wD///8A////AP///wD///8A////AP///wD///8A////AP///wD///8A////AJPeegCT3noAk956/97/0v/X/Mn/u/Cp/6Dkiv+T3nrVk956h5PeejuT3noFk956AJPeegCT3noAk956AJPeegCT3noAk956AJPeegCT3noAk956AJPeegCT3noAk956AJPeegST3no0k956eJPeer2T3nr5qeiU/77xrf/S+sT/3v/S/97/0v/e/9L/3v/S/97/0v/e/9L/3v/S/97/0v/e/9L/3v/S/97/0v/e/9L/3v/S/97/0v/e/9L/3v/S/9j8y//F9LT/seud/5Peev////8A////AP///wD///8A////AP///wD///8A////AP///wD///8A////AP///wCT3noAk956AJPeev/e/9L/3v/S/97/0v/e/9L/0vrE/7vvqf+k5o7/k9569ZPeeryT3nqIk956X5PeejST3noZk956CZPeegCT3noKk956GpPeejST3npdk956iJPeermT3nryouWM/7buo//L9rv/3P7Q/97/0v/e/9L/3v/S/97/0v/e/9L/3v/S/97/0v/e/9L/3v/S/97/0v/e/9L/3v/S/97/0v/e/9L/3v/S/97/0v/e/9L/3v/S/97/0v/e/9L/3v/S/97/0v+T3nr/////AP///wD///8A////AP///wD///8A////AP///wD///8A////AP///wD///8Ak956AJPeegCT3nr/3v/S/97/0v/e/9L/3v/S/97/0v/e/9L/3v/S/9v+z//K9rv/u/Cp/6/qm/+i5Yz/muGD/5bfff+T3nr/lt99/5vhg/+i5Yz/ruqa/7vwqf/J9rr/2v3O/97/0v/e/9L/3v/S/97/0v/e/9L/3v/S/97/0v/e/9L/3v/S/97/0v/e/9L/3v/S/97/0v/e/9L/3v/S/97/0v/e/9L/3v/S/97/0v/e/9L/3v/S/97/0v/e/9L/3v/S/97/0v/e/9L/k956/////wD///8A////AP///wD///8A////AP///wD///8A////AP///wD///8A////AJPeegCT3noAk956/97/0v/e/9L/3v/S/97/0v/e/9L/3v/S/97/0v/e/9L/3v/S/97/0v/e/9L/3v/S/97/0v/e/9L/3v/S/97/0v/e/9L/3v/S/97/0v/e/9L/3v/S/97/0v/e/9L/3v/S/97/0v/e/9L/3v/S/97/0v/e/9L/3v/S/97/0v/e/9L/3v/S/97/0v/e/9L/3v/S/97/0v/e/9L/3v/S/97/0v/e/9L/3v/S/97/0v/e/9L/3v/S/97/0v/e/9L/3v/S/5Peev////8A////AP///wD///8A////AP///wD///8A////AP///wD///8A////AP///wCT3noAk956AJPeev/e/9L/3v/S/97/0v/e/9L/3v/S/97/0v/e/9L/3v/S/97/0v/e/9L/3v/S/97/0v/e/9L/3v/S/97/0v/e/9L/3v/S/97/0v/e/9L/3v/S/97/0v/e/9L/3v/S/97/0v/e/9L/3v/S/97/0v/e/9L/3v/S/97/0v/e/9L/3v/S/97/0v/e/9L/3v/S/97/0v/e/9L/3v/S/97/0v/e/9L/3v/S/97/0v/e/9L/3v/S/97/0v/e/9L/3v/S/97/0v+T3nr/////AP///wD///8A////AP///wD///8A////AP///wD///8A////AP///wD///8Ak956AJPeegCT3nr/3v/S/97/0v/e/9L/3v/S/97/0v/e/9L/3v/S/97/0v/e/9L/3v/S/97/0v/e/9L/3v/S/97/0v/e/9L/3v/S/97/0v/e/9L/3v/S/97/0v/e/9L/3v/S/97/0v/e/9L/3v/S/97/0v/e/9L/3v/S/97/0v/e/9L/3v/S/97/0v/e/9L/3v/S/97/0v/e/9L/3v/S/97/0v/e/9L/3v/S/97/0v/e/9L/3v/S/97/0v/e/9L/3v/S/97/0v/e/9L/k956/////wD///8A////AP///wD///8A////AP///wD///8A////AP///wD///8A////AJPeegCT3noAk956/97/0v/e/9L/3v/S/97/0v/e/9L/3v/S/97/0v/e/9L/3v/S/97/0v/e/9L/3v/S/97/0v/e/9L/3v/S/97/0v/e/9L/3v/S/97/0v/e/9L/3v/S/97/0v/e/9L/3v/S/97/0v/e/9L/3v/S/97/0v/e/9L/3v/S/97/0v/e/9L/3v/S/97/0v/e/9L/3v/S/97/0v/e/9L/3v/S/97/0v/e/9L/3v/S/97/0v/e/9L/3v/S/97/0v/e/9L/3v/S/5Peev////8A////AP///wD///8A////AP///wD///8A////AP///wD///8A////AP///wCT3noAk956AJPeev/e/9L/3v/S/97/0v/e/9L/3v/S/97/0v/e/9L/3v/S/97/0v/e/9L/3v/S/97/0v/e/9L/3v/S/97/0v/e/9L/3v/S/97/0v/e/9L/3v/S/97/0v/e/9L/3v/S/97/0v/e/9L/3v/S/97/0v/e/9L/3v/S/97/0v/e/9L/3v/S/97/0v/e/9L/3v/S/97/0v/e/9L/3v/S/97/0v/e/9L/3v/S/97/0v/e/9L/3v/S/97/0v/e/9L/3v/S/97/0v+T3nr/////AP///wD///8A////AP///wD///8A////AP///wD///8A////AP///wD///8Ak956AJPeegCT3nr/3v/S/97/0v/e/9L/3v/S/97/0v/e/9L/3v/S/97/0v/e/9L/3v/S/97/0v/e/9L/3v/S/97/0v/e/9L/3v/S/97/0v/e/9L/3v/S/97/0v/e/9L/3v/S/97/0v/e/9L/3v/S/97/0v/e/9L/3v/S/97/0v/e/9L/3v/S/97/0v/e/9L/3v/S/97/0v/e/9L/3v/S/97/0v/e/9L/3v/S/97/0v/e/9L/3v/S/97/0v/e/9L/3v/S/97/0v/e/9L/k956/////wD///8A////AP///wD///8A////AP///wD///8A////AP///wD///8A////AJPeegCT3noAk956/97/0v/e/9L/3v/S/97/0v/e/9L/3v/S/97/0v/e/9L/3v/S/97/0v/e/9L/3v/S/97/0v/e/9L/3v/S/97/0v/e/9L/3v/S/97/0v/e/9L/3v/S/97/0v/e/9L/3v/S/97/0v/e/9L/3v/S/97/0v/e/9L/3v/S/97/0v/e/9L/3v/S/97/0v/e/9L/3v/S/97/0v/e/9L/3v/S/97/0v/e/9L/3v/S/97/0v/e/9L/3v/S/97/0v/e/9L/3v/S/5Peev////8A////AP///wD///8A////AP///wD///8A////AP///wD///8A////AP///wCT3noAk956AJPeev/e/9L/3v/S/97/0v/e/9L/3v/S/97/0v/e/9L/3v/S/97/0v/e/9L/3v/S/97/0v/e/9L/3v/S/97/0v/e/9L/3v/S/97/0v/e/9L/3v/S/97/0v/e/9L/3v/S/97/0v/e/9L/3v/S/97/0v/e/9L/3v/S/97/0v/e/9L/3v/S/97/0v/e/9L/3v/S/97/0v/e/9L/3v/S/97/0v/e/9L/3v/S/97/0v/e/9L/3v/S/97/0v/e/9L/3v/S/97/0v+T3nr/////AP///wD///8A////AP///wD///8A////AP///wD///8A////AP///wD///8Ak956AJPeegCT3nr/3v/S/97/0v/e/9L/3v/S/97/0v/e/9L/3v/S/97/0v/e/9L/3v/S/97/0v/e/9L/3v/S/97/0v/e/9L/3v/S/97/0v/e/9L/3v/S/97/0v/e/9L/3v/S/97/0v/e/9L/3v/S/97/0v/e/9L/3v/S/97/0v/e/9L/3v/S/97/0v/e/9L/3v/S/97/0v/e/9L/3v/S/97/0v/e/9L/3v/S/97/0v/e/9L/3v/S/97/0v/e/9L/3v/S/97/0v/e/9L/k956/////wD///8A////AP///wD///8A////AP///wD///8A////AP///wD///8A////AJPeegCT3noAk956/97/0v/e/9L/3v/S/97/0v/e/9L/3v/S/97/0v/e/9L/3v/S/97/0v/e/9L/3v/S/97/0v/e/9L/3v/S/97/0v/e/9L/3v/S/97/0v/e/9L/3v/S/97/0v/e/9L/3v/S/97/0v/e/9L/3v/S/97/0v/e/9L/3v/S/97/0v/e/9L/3v/S/97/0v/e/9L/3v/S/97/0v/e/9L/3v/S/97/0v/e/9L/3v/S/97/0v/e/9L/3v/S/97/0v/e/9L/3v/S/5Peev////8A////AP///wD///8A////AP///wD///8A////AP///wD///8A////AP///wCT3noAk956AJPeev/e/9L/3v/S/97/0v/e/9L/3v/S/97/0v/e/9L/3v/S/97/0v/e/9L/3v/S/97/0v/e/9L/3v/S/97/0v/e/9L/3v/S/97/0v/e/9L/3v/S/97/0v/e/9L/3v/S/97/0v/e/9L/3v/S/97/0v/e/9L/3v/S/97/0v/e/9L/3v/S/97/0v/e/9L/3v/S/97/0v/e/9L/3v/S/97/0v/e/9L/3v/S/97/0v/e/9L/3v/S/97/0v/e/9L/3v/S/97/0v+T3nr/////AP///wD///8A////AP///wD///8A////AP///wD///8A////AP///wD///8Ak956AJPeegCT3nr/3v/S/97/0v/e/9L/3v/S/97/0v/e/9L/3v/S/97/0v/e/9L/3v/S/97/0v/e/9L/3v/S/97/0v/e/9L/3v/S/97/0v/e/9L/3v/S/97/0v/e/9L/3v/S/97/0v/e/9L/3v/S/97/0v/e/9L/3v/S/97/0v/e/9L/3v/S/97/0v/e/9L/3v/S/97/0v/e/9L/3v/S/97/0v/e/9L/3v/S/97/0v/e/9L/3v/S/97/0v/e/9L/3v/S/97/0v/e/9L/k956/////wD///8A////AP///wD///8A////AP///wD///8A////AP///wD///8A////AJPeegCT3noAk956/97/0v/e/9L/3v/S/97/0v/e/9L/3v/S/97/0v/e/9L/3v/S/97/0v/e/9L/3v/S/97/0v/e/9L/3v/S/97/0v/e/9L/3v/S/97/0v/e/9L/3v/S/97/0v/e/9L/3v/S/97/0v/e/9L/3v/S/97/0v/e/9L/3v/S/97/0v/e/9L/3v/S/97/0v/e/9L/3v/S/97/0v/e/9L/3v/S/97/0v/e/9L/3v/S/97/0v/e/9L/3v/S/97/0v/e/9L/3v/S/5Peev////8A////AP///wD///8A////AP///wD///8A////AP///wD///8A////AP///wCT3noAk956AJPeev/e/9L/3v/S/97/0v/e/9L/3v/S/97/0v/e/9L/3v/S/97/0v/e/9L/3v/S/97/0v/e/9L/3v/S/97/0v/e/9L/3v/S/97/0v/e/9L/3v/S/97/0v/e/9L/3v/S/97/0v/e/9L/3v/S/97/0v/e/9L/3v/S/97/0v/e/9L/3v/S/97/0v/e/9L/3v/S/97/0v/e/9L/3v/S/97/0v/e/9L/3v/S/97/0v/e/9L/3v/S/97/0v/e/9L/3v/S/97/0v+T3nr/////AP///wD///8A////AP///wD///8A////AP///wD///8A////AP///wD///8Ak956AJPeegCT3nr/3v/S/97/0v/e/9L/3v/S/97/0v/e/9L/3v/S/97/0v/e/9L/3v/S/97/0v/e/9L/3v/S/97/0v/e/9L/3v/S/97/0v/e/9L/3v/S/97/0v/e/9L/3v/S/97/0v/e/9L/3v/S/97/0v/e/9L/3v/S/97/0v/e/9L/3v/S/97/0v/e/9L/3v/S/97/0v/e/9L/3v/S/97/0v/e/9L/3v/S/97/0v/e/9L/3v/S/97/0v/e/9L/3v/S/97/0v/e/9L/k956/////wD///8A////AP///wD///8A////AP///wD///8A////AP///wD///8A////AJPeegCT3noAk956/97/0v/e/9L/3v/S/97/0v/e/9L/3v/S/97/0v/e/9L/3v/S/97/0v/e/9L/3v/S/97/0v/e/9L/3v/S/97/0v/e/9L/3v/S/97/0v/e/9L/3v/S/97/0v/e/9L/3v/S/97/0v/e/9L/3v/S/97/0v/e/9L/3v/S/97/0v/e/9L/3v/S/97/0v/e/9L/3v/S/97/0v/e/9L/3v/S/97/0v/e/9L/3v/S/97/0v/e/9L/3v/S/97/0v/e/9L/3v/S/5Peev////8A////AP///wD///8A////AP///wD///8A////AP///wD///8A////AP///wCT3noAk956AJPeev/e/9L/3v/S/97/0v/e/9L/3v/S/97/0v/e/9L/3v/S/97/0v/e/9L/3v/S/97/0v/e/9L/3v/S/97/0v/e/9L/3v/S/97/0v/e/9L/3v/S/97/0v/e/9L/3v/S/97/0v/e/9L/3v/S/97/0v/e/9L/3v/S/97/0v/e/9L/3v/S/97/0v/e/9L/3v/S/97/0v/e/9L/3v/S/97/0v/e/9L/3v/S/97/0v/e/9L/3v/S/97/0v/e/9L/3v/S/97/0v+T3nr/////AP///wD///8A////AP///wD///8A////AP///wD///8A////AP///wD///8Ak956AJPeegCT3nr/3v/S/97/0v/e/9L/3v/S/97/0v/e/9L/3v/S/97/0v/e/9L/3v/S/97/0v/e/9L/3v/S/97/0v/e/9L/3v/S/97/0v/e/9L/3v/S/97/0v/e/9L/3v/S/97/0v/e/9L/3v/S/97/0v/e/9L/3v/S/97/0v/e/9L/3v/S/97/0v/e/9L/3v/S/97/0v/e/9L/3v/S/97/0v/e/9L/3v/S/97/0v/e/9L/3v/S/97/0v/e/9L/3v/S/97/0v/e/9L/k956/////wD///8A////AP///wD///8A////AP///wD///8A////AP///wD///8A////AJPeegCT3noAk956/97/0v/e/9L/3v/S/97/0v/e/9L/3v/S/97/0v/e/9L/3v/S/97/0v/e/9L/3v/S/97/0v/e/9L/3v/S/97/0v/e/9L/3v/S/97/0v/e/9L/3v/S/97/0v/e/9L/3v/S/97/0v/e/9L/3v/S/97/0v/e/9L/3v/S/97/0v/e/9L/3v/S/97/0v/e/9L/3v/S/97/0v/e/9L/3v/S/97/0v/e/9L/3v/S/97/0v/e/9L/3v/S/97/0v/e/9L/3v/S/5Peev////8A////AP///wD///8A////AP///wD///8A////AP///wD///8A////AP///wCT3noAk956AJPeev/e/9L/3v/S/97/0v/e/9L/3v/S/97/0v/e/9L/3v/S/97/0v/e/9L/3v/S/97/0v/e/9L/3v/S/97/0v/e/9L/3v/S/97/0v/e/9L/3v/S/97/0v/e/9L/3v/S/97/0v/e/9L/3v/S/97/0v/e/9L/3v/S/97/0v/e/9L/3v/S/97/0v/e/9L/3v/S/97/0v/e/9L/3v/S/97/0v/e/9L/3v/S/97/0v/e/9L/3v/S/97/0v/e/9L/3v/S/97/0v+T3nr/////AP///wD///8A////AP///wD///8A////AP///wD///8A////AP///wD///8Ak956AJPeegCT3nr/3v/S/97/0v/e/9L/3v/S/97/0v/e/9L/3v/S/97/0v/e/9L/3v/S/97/0v/e/9L/3v/S/97/0v/e/9L/3v/S/97/0v/e/9L/3v/S/97/0v/e/9L/3v/S/97/0v/e/9L/3v/S/97/0v/e/9L/3v/S/97/0v/e/9L/3v/S/97/0v/e/9L/3v/S/97/0v/e/9L/3v/S/97/0v/e/9L/3v/S/97/0v/e/9L/3v/S/97/0v/e/9L/3v/S/97/0v/e/9L/k956/////wD///8A////AP///wD///8A////AP///wD///8A////AP///wD///8A////AJPeegCT3noAk956/97/0v/e/9L/3v/S/97/0v/e/9L/3v/S/97/0v/e/9L/3v/S/97/0v/e/9L/3v/S/97/0v/e/9L/3v/S/97/0v/e/9L/3v/S/97/0v/e/9L/3v/S/97/0v/e/9L/3v/S/97/0v/e/9L/3v/S/97/0v/e/9L/3v/S/97/0v/e/9L/3v/S/97/0v/e/9L/3v/S/97/0v/e/9L/3v/S/97/0v/e/9L/3v/S/97/0v/e/9L/3v/S/97/0v/e/9L/3v/S/5Peev////8A////AP///wD///8A////AP///wD///8A////AP///wD///8A////AP///wCT3noAk956AJPeev/e/9L/3v/S/97/0v/e/9L/3v/S/97/0v/e/9L/3v/S/97/0v/e/9L/3v/S/97/0v/e/9L/3v/S/97/0v/e/9L/3v/S/97/0v/e/9L/3v/S/97/0v/e/9L/3v/S/97/0v/e/9L/3v/S/97/0v/e/9L/3v/S/97/0v/e/9L/3v/S/97/0v/e/9L/3v/S/97/0v/e/9L/3v/S/97/0v/e/9L/3v/S/97/0v/e/9L/3v/S/97/0v/e/9L/3v/S/97/0v+T3nr/////AP///wD///8A////AP///wD///8A////AP///wD///8A////AP///wD///8Ak956AJPeegCT3nr/3v/S/97/0v/e/9L/3v/S/97/0v/e/9L/3v/S/97/0v/e/9L/3v/S/97/0v/e/9L/3v/S/97/0v/e/9L/3v/S/97/0v/e/9L/3v/S/97/0v/e/9L/3v/S/97/0v/e/9L/3v/S/97/0v/e/9L/3v/S/97/0v/e/9L/3v/S/97/0v/e/9L/3v/S/97/0v/e/9L/3v/S/97/0v/e/9L/3v/S/97/0v/e/9L/3v/S/97/0v/e/9L/3v/S/97/0v/e/9L/k956/////wD///8A////AP///wD///8A////AP///wD///8A////AP///wD///8A////AJPeegCT3noAk956/97/0v/e/9L/3v/S/97/0v/e/9L/3v/S/97/0v/e/9L/3v/S/97/0v/e/9L/3v/S/97/0v/e/9L/3v/S/97/0v/e/9L/3v/S/97/0v/e/9L/3v/S/97/0v/e/9L/3v/S/97/0v/e/9L/3v/S/97/0v/e/9L/3v/S/97/0v/e/9L/3v/S/97/0v/e/9L/3v/S/97/0v/e/9L/3v/S/97/0v/e/9L/3v/S/97/0v/e/9L/3v/S/97/0v/e/9L/3v/S/5Peev////8A////AP///wD///8A////AP///wD///8A////AP///wD///8A////AP///wCT3noAk956AJPeev/e/9L/3v/S/97/0v/e/9L/3v/S/97/0v/e/9L/3v/S/97/0v/e/9L/3v/S/97/0v/e/9L/3v/S/97/0v/e/9L/3v/S/97/0v/e/9L/3v/S/97/0v/e/9L/3v/S/97/0v/e/9L/3v/S/97/0v/e/9L/3v/S/97/0v/e/9L/3v/S/97/0v/e/9L/3v/S/97/0v/e/9L/3v/S/97/0v/e/9L/3v/S/97/0v/e/9L/3v/S/97/0v/e/9L/3v/S/97/0v+T3nr/////AP///wD///8A////AP///wD///8A////AP///wD///8A////AP///wD///8Ak956AJPeegCT3nr/wvOx/9v+z//e/9L/3v/S/97/0v/e/9L/3v/S/97/0v/e/9L/3v/S/97/0v/e/9L/3v/S/97/0v/e/9L/3v/S/97/0v/e/9L/3v/S/97/0v/e/9L/3v/S/97/0v/e/9L/3v/S/97/0v/e/9L/3v/S/97/0v/W/Mn/xPS0/7fupP+r6Jb/n+OI/5nhgf+U3nv/k956/5fgfv+Z4IH/n+OI/6bmkP+w65z/vPCq/8n2uf/V+8j/3v/S/97/0v/e/9L/k956/////wD///8A////AP///wD///8A////AP///wD///8A////AP///wD///8A////AJPeegCT3noAk95655PeeqOT3nr2r+qb/8z3vf/e/9L/3v/S/97/0v/e/9L/3v/S/97/0v/e/9L/3v/S/97/0v/e/9L/3v/S/97/0v/e/9L/3v/S/97/0v/e/9L/3v/S/97/0v/e/9L/3v/S/97/0v/a/c3/xvS1/7Drnf+d44b/k9565JPeeqiT3np5k956UZPeeimT3noUk956ApPeegCT3noMk956E5PeeimT3no/k956YpPeeoqT3nq3k9564Zrhgv+t6Zj/wPKv/5Peev////8A////AP///wD///8A////AP///wD///8A////AP///wD///8A////AP///wCT3noAk956AJPeegCT3noAk956DJPeemCT3nrBk956/rHrnv/I9bj/2v3O/97/0v/e/9L/3v/S/97/0v/e/9L/3v/S/97/0v/e/9L/3v/S/97/0v/e/9L/3v/S/97/0v/d/9H/z/jA/7rvqP+l5o//k9568JPeeqyT3npkk956I5PeegCT3noAk956AJPeegCT3noAk956AJPeegCT3noAk956AJPeegCT3noA////AP///wD///8A////AP///wCT3noXk956WJPeepqT3nrd////AP///wD///8A////AP///wD///8A////AP///wD///8A////AP///wD///8Ak956AJPeegCT3noAk956AP///wD///8A////AJPeehuT3npnk956tJPeevKj5Yz/s+yg/8Dyr//N977/1vzJ/9v+z//e/9L/2/7P/9f8yf/P+MD/w/Oy/7fupP+o55P/k956/JPeesuT3nqGk956PpPeegST3noAk956AJPeegCT3noAk956AJPeegCT3noAk956AJPeegCT3noAk956AJPeegCT3noAk956AP///wD///8A////AP///wD///8A////AP///wD///8A////AP///wD///8A////AP///wD///8A////AP///wD///8A////AP///wD///8A////AP///wD///8A////AP///wD///8A////AP///wD///8A////AP///wCT3noEk956NZPeem6T3nqZk956xZPeeuST3nr1k956/5PeevaT3nrmk956zJPeeqOT3np5k956SZPeeg2T3noAk956AJPeegCT3noAk956AJPeegCT3noAk956AJPeegCT3noAk956AJPeegCT3noAk956AJPeegCT3noAk956AJPeegD///8A////AP///wD///8A////AP///wD///8A////AP///wD///8A////AP///wD///8A////AP///wD///8A////AP///wD///8A////AP///wD///8A////AP///wD///8A////AP///wD///8A////AP///wD///8A////AJPeegCT3noAk956AJPeegCT3noAk956AJPeegCT3noAk956AJPeegCT3noAk956AJPeegCT3noAk956AJPeegCT3noAk956AJPeegCT3noAk956AJPeegCT3noAk956AJPeegCT3noAk956AJPeegCT3noAk956AJPeegCT3noA////AP///wD///8A////AP///wD///8A////AP///wD///8A////AP///wD///8A////AP///wD///8A////AP///////////v/////////+//////////7//////////v/////////+//////////7//////////v/////////+//////////7//////////v/////////+//////////7//////////v/////////+//////////7//////////v/////////+//////////7//////////v/////////+//////////7//////////v/////////+//////////7//////////v/////////+//////////4////4AAf//g///4AAAH/+AP/4AAAAf/4AAgAAAAB//gAAAAAAAH/+AAAAAAAAf/4AAAAAAAB//gAAAAAAAH/+AAAAAAAAf/4AAAAAAAB//gAAAAAAAH/+AAAAAAAAf/4AAAAAAAB//gAAAAAAAH/+AAAAAAAAf/4AAAAAAAB//gAAAAAAAH/+AAAAAAAAf/4AAAAAAAB//gAAAAAAAH/+AAAAAAAAf/4AAAAAAAB//gAAAAAAAH/+AAAAAAAAf/4AAAAAAAB//gAAAAAAAH/+AAAAAAAAf/4AAAAAAAB//gAAAAAAAH/+AAAAAAAAf/4AAAAAAAB//gAAAAAAAH/+AAAAAAgAf/+AAAAH//h///AAAD///////gAD////////////////KAAAAEgAAACQAAAAAQAgAAAAAAAAAAAAAAAAAAAAAAAAAAAAAAAAAP///wD///8A////AP///wD///8A////AP///wD///8A////AP///wD///8A////AP///wD///8A////AP///wD///8A////AP///wD///8A////AP///wD///8A////AP///wD///8A////AP///wD///8A////AP///wD///8A////AP///wD///8A////AP///wD///8A////AP///wD///8A////AP///wD///8A////AP///wD///8A////AP///wD///8A////AP///wD///8A////AP///wD///8A////AP///wD///8A////AP///wD///8A////AP///wD///8A////AP///wD///8A////AP///wD///8A////AP///wD///8A////AP///wBu1m4AbtZuAG7WbgBu1m4AbtZuAG7WbgBu1m4AbtZuAG7WbgBu1m4AbtZuAG7WbgBu1m4AbtZuAG7WbgBu1m4AbtZuAG7WbgBu1m4AbtZuAG7WbgBu1m4AbtZuAG7WbgBu1m4AbtZuAG7WbgBu1m4AbtZuAG7WbgBu1m4AbtZuAG7WbgBu1m4AbtZuAG7WbgBu1m4AbtZuAG7WbgBu1m4AbtZuAG7WbgBu1m4AbtZuAG7WbgBu1m4AbtZuAG7WbgBu1m4AbtZuAG7WbgBu1m4AbtZuAG7WbgBu1m4AbtZuAG7WbgBu1m4AbtZuAG7WbgBu1m4AbtZuAG7WbgD///8A////AP///wD///8A////AP///wD///8A////AP///wBu1m4AbtZuAG7Wbv9u1m7/btZu/27Wbv9u1m4AbtZuAG7WbgBu1m4AbtZuAG7WbgBu1m4AbtZuAG7WbgBu1m4AbtZuAG7WbgBu1m4AbtZuAG7WbgBu1m4AbtZuAG7WbgBu1m4AbtZuAG7WbgBu1m4AbtZuAG7WbgBu1m4AbtZuAG7WbgBu1m4AbtZuAG7WbgBu1m4AbtZuAG7WbgBu1m4AbtZuAG7WbgBu1m4AbtZuAG7WbgBu1m4AbtZuAG7WbgBu1m4AbtZuAG7WbgBu1m4AbtZuAG7WbgBu1m4AbtZuAG7WbgBu1m4AbtZuAG7WbgBu1m4AbtZuAG7WbgD///8A////AP///wD///8A////AP///wD///8A////AP///wBu1m4AbtZuAG7Wbv9u1m7/btZu/27Wbv9u1m4AbtZuAG7WbgBu1m4AbtZuAG7WbgBu1m4AbtZuAG7WbgBu1m4AbtZuAG7WbgBu1m4AbtZuAG7WbgBu1m4AbtZuAG7WbgBu1m4AbtZuAG7WbgBu1m4AbtZuAG7WbgBu1m4AbtZuAG7WbgBu1m4AbtZuAG7WbgBu1m4AbtZuAG7WbgBu1m4AbtZuAG7WbgBu1m4AbtZuAG7WbgBu1m4AbtZuAG7WbgBu1m4AbtZuAG7WbgBu1m4AbtZuAG7WbgBu1m4AbtZuAG7WbgBu1m4AbtZuAG7WbgBu1m4AbtZuAG7WbgD///8A////AP///wD///8A////AP///wD///8A////AP///wBu1m4AbtZuAG7Wbv9u1m7/btZu/27Wbv9u1m4AbtZuAG7WbgBu1m4AbtZuAG7WbgBu1m4AbtZuAG7WbgBu1m4AbtZuAG7WbgBu1m4AbtZuAG7WbgBu1m4AbtZuAG7WbgBu1m4AbtZuAG7WbgBu1m4AbtZuAG7WbgBu1m4AbtZuAG7WbgBu1m4AbtZuAG7WbgBu1m4AbtZuAG7WbgBu1m4AbtZuAG7WbgBu1m4AbtZuAG7WbgBu1m4AbtZuAG7WbgBu1m4AbtZuAG7WbgBu1m4AbtZuAG7WbgBu1m4AbtZuAG7WbgBu1m4AbtZuAG7WbgBu1m4AbtZuAG7WbgD///8A////AP///wD///8A////AP///wD///8A////AP///wBu1m4AbtZuAG7Wbv9u1m7/btZu/27Wbv9u1m4AbtZuAG7WbgBu1m4AbtZuAG7WbgBu1m4AbtZuAG7WbgBu1m4AbtZuAG7WbgBu1m4AbtZuAG7WbgBu1m4AbtZuAG7WbgBu1m4AbtZuAG7WbgBu1m4AbtZuAG7WbgBu1m4AbtZuAG7WbgBu1m4AbtZuAG7WbgBu1m4AbtZuAG7WbgBu1m4AbtZuAG7WbgBu1m4AbtZuAG7WbgBu1m4AbtZuAG7WbgBu1m4AbtZuAG7WbgBu1m4AbtZuAG7WbgBu1m4AbtZuAG7WbgBu1m4AbtZuAG7WbgBu1m4AbtZuAG7WbgD///8A////AP///wD///8A////AP///wD///8A////AP///wBu1m4AbtZuAG7Wbv9u1m7/btZu/27Wbv9u1m4AbtZuAG7WbgBu1m4AbtZuAG7WbgBu1m4AbtZuAG7WbgBu1m4AbtZuAG7WbgBu1m4AbtZuAG7WbgBu1m4AbtZuAG7WbgBu1m4AbtZuAG7WbgBu1m4AbtZuAG7WbgBu1m4AbtZuAG7WbgBu1m4AbtZuAG7WbgBu1m4AbtZuAG7WbgBu1m4AbtZuAG7WbgBu1m4AbtZuAG7WbgBu1m4AbtZuAG7WbgBu1m4AbtZuAG7WbgBu1m4AbtZuAG7WbgBu1m4AbtZuAG7WbgBu1m4AbtZuAG7WbgBu1m4AbtZuAG7WbgD///8A////AP///wD///8A////AP///wD///8A////AP///wBu1m4AbtZuAG7Wbv9u1m7/btZu/27Wbv9u1m4AbtZuAG7WbgBu1m4AbtZuAG7WbgBu1m4AbtZuAG7WbgBu1m4AbtZuAG7WbgBu1m4AbtZuAG7WbgBu1m4AbtZuAG7WbgBu1m4AbtZuAG7WbgBu1m4AbtZuAG7WbgBu1m4AbtZuAG7WbgBu1m4AbtZuAG7WbgBu1m4AbtZuAG7WbgBu1m4AbtZuAG7WbgBu1m4AbtZuAG7WbgBu1m4AbtZuAG7WbgBu1m4AbtZuAG7WbgBu1m4AbtZuAG7WbgBu1m4AbtZuAG7WbgBu1m4AbtZuAG7WbgBu1m4AbtZuAG7WbgD///8A////AP///wD///8A////AP///wD///8A////AP///wBu1m4AbtZuAG7Wbv9u1m7/btZu/27Wbv9u1m4AbtZuAG7WbgBu1m4AbtZuAG7WbgBu1m4AbtZuAG7WbgBu1m4AbtZuAG7WbgBu1m4AbtZuAG7WbgBu1m4AbtZuAG7WbgBu1m4AbtZuAG7WbgBu1m4AbtZuAG7WbgBu1m4AbtZuAG7WbgBu1m4AbtZuAG7WbgBu1m4AbtZuAG7WbgBu1m4AbtZuAG7WbgBu1m4AbtZuAG7WbgBu1m4AbtZuAG7WbgBu1m4AbtZuAG7WbgBu1m4AbtZuAG7WbgBu1m4AbtZuAG7WbgBu1m4AbtZuAG7WbgBu1m4AbtZuAG7WbgD///8A////AP///wD///8A////AP///wD///8A////AP///wBu1m4AbtZuAG7Wbv9u1m7/btZu/27Wbv9u1m4AbtZuAG7WbgBu1m4AbtZuAG7WbgBu1m4AbtZuAG7WbgBu1m4AbtZuAG7WbgBu1m4AbtZuAG7WbgBu1m4AbtZuAG7WbgBu1m4AbtZuAG7WbgBu1m4AbtZuAG7WbgBu1m4AbtZuAG7WbgBu1m4AbtZuAG7WbgBu1m4AbtZuAG7WbgBu1m4AbtZuAG7WbgBu1m4AbtZuAG7WbgBu1m4AbtZuAG7WbgBu1m4AbtZuAG7WbgBu1m4AbtZuAG7WbgBu1m4AbtZuAG7WbgBu1m4AbtZuAG7WbgBu1m4AbtZuAG7WbgD///8A////AP///wD///8A////AP///wD///8A////AP///wBu1m4AbtZuAG7Wbv9u1m7/btZu/27Wbv9u1m4AbtZuAG7WbgBu1m4AbtZuAG7WbgBu1m4AbtZuAG7WbgBu1m4AbtZuAG7WbgBu1m4AbtZuAG7WbgBu1m4AbtZuAG7WbgBu1m4AbtZuAG7WbgBu1m4AbtZuAG7WbgBu1m4AbtZuAG7WbgBu1m4AbtZuAG7WbgBu1m4AbtZuAG7WbgBu1m4AbtZuAG7WbgBu1m4AbtZuAG7WbgBu1m4AbtZuAG7WbgBu1m4AbtZuAG7WbgBu1m4AbtZuAG7WbgBu1m4AbtZuAG7WbgBu1m4AbtZuAG7WbgBu1m4AbtZuAG7WbgD///8A////AP///wD///8A////AP///wD///8A////AP///wBu1m4AbtZuAG7Wbv9u1m7/btZu/27Wbv9u1m4AbtZuAG7WbgBu1m4AbtZuAG7WbgBu1m4AbtZuAG7WbgBu1m4AbtZuAG7WbgBu1m4AbtZuAG7WbgBu1m4AbtZuAG7WbgBu1m4AbtZuAG7WbgBu1m4AbtZuAG7WbgBu1m4AbtZuAG7WbgBu1m4AbtZuAG7WbgBu1m4AbtZuAG7WbgBu1m4AbtZuAG7WbgBu1m4AbtZuAG7WbgBu1m4AbtZuAG7WbgBu1m4AbtZuAG7WbgBu1m4AbtZuAG7WbgBu1m4AbtZuAG7WbgBu1m4AbtZuAG7WbgBu1m4AbtZuAG7WbgD///8A////AP///wD///8A////AP///wD///8A////AP///wBu1m4AbtZuAG7Wbv9u1m7/btZu/27Wbv9u1m4AbtZuAG7WbgBu1m4AbtZuAG7WbgBu1m4AbtZuAG7WbgBu1m4AbtZuAG7WbgBu1m4AbtZuAG7WbgBu1m4AbtZuAG7WbgBu1m4AbtZuAG7WbgBu1m4AbtZuAG7WbgBu1m4AbtZuAG7WbgBu1m4AbtZuAG7WbgBu1m4AbtZuAG7WbgBu1m4AbtZuAG7WbgBu1m4AbtZuAG7WbgBu1m4AbtZuAG7WbgBu1m4AbtZuAG7WbgBu1m4AbtZuAG7WbgBu1m4AbtZuAG7WbgBu1m4AbtZuAG7WbgBu1m4AbtZuAG7WbgD///8A////AP///wD///8A////AP///wD///8A////AP///wBu1m4AbtZuAG7Wbv9u1m7/btZu/27Wbv9u1m4AbtZuAG7WbgBu1m4AbtZuAG7WbgBu1m4AbtZuAG7WbgBu1m4AbtZuAG7WbgBu1m4AbtZuAG7WbgBu1m4AbtZuAG7WbgBu1m4AbtZuAG7WbgBu1m4AbtZuAG7WbgBu1m4AbtZuAG7WbgBu1m4AbtZuAG7WbgBu1m4AbtZuAG7WbgBu1m4AbtZuAG7WbgBu1m4AbtZuAG7WbgBu1m4AbtZuAG7WbgBu1m4AbtZuAG7WbgBu1m4AbtZuAG7WbgBu1m4AbtZuAG7WbgBu1m4AbtZuAG7WbgBu1m4AbtZuAG7WbgD///8A////AP///wD///8A////AP///wD///8A////AP///wBu1m4AbtZuAG7Wbv9u1m7/btZu/27Wbv9u1m4AbtZuAG7WbgBu1m4AbtZuAG7WbgBu1m4AbtZuAG7WbgBu1m4AbtZuAG7WbgBu1m4AbtZuAG7WbgBu1m4AbtZuAG7WbgBu1m4AbtZuAG7WbgBu1m4AbtZuAG7WbgBu1m4AbtZuAG7WbgBu1m4AbtZuAG7WbgBu1m4AbtZuAG7WbgBu1m4AbtZuAG7WbgBu1m4AbtZuAG7WbgBu1m4AbtZuAG7WbgBu1m4AbtZuAG7WbgBu1m4AbtZuAG7WbgBu1m4AbtZuAG7WbgBu1m4AbtZuAG7WbgBu1m4AbtZuAG7WbgD///8A////AP///wD///8A////AP///wD///8A////AP///wBu1m4AbtZuAG7Wbv9u1m7/btZu/27Wbv9u1m4AbtZuAG7WbgBu1m4AbtZuAG7WbgBu1m4AbtZuAG7WbgBu1m4AbtZuAG7WbgBu1m4AbtZuAG7WbgBu1m4AbtZuAG7WbgBu1m4AbtZuAG7WbgBu1m4AbtZuAG7WbgBu1m4AbtZuAG7WbgBu1m4AbtZuAG7WbgBu1m4AbtZuAG7WbgBu1m4AbtZuAG7WbgBu1m4AbtZuAG7WbgBu1m4AbtZuAG7WbgBu1m4AbtZuAG7WbgBu1m4AbtZuAG7WbgBu1m4AbtZuAG7WbgBu1m4AbtZuAG7WbgBu1m4AbtZuAG7WbgD///8A////AP///wD///8A////AP///wD///8A////AP///wBu1m4AbtZuAG7Wbv9u1m7/btZu/27Wbv9u1m4AbtZuAG7WbgBu1m4AbtZuAG7WbgBu1m4AbtZuAG7WbgBu1m4AbtZuAG7WbgBu1m4AbtZuAG7WbgBu1m4AbtZuAG7WbgBu1m4AbtZuAG7WbgBu1m4AbtZuAG7WbgBu1m4AbtZuAG7WbgBu1m4AbtZuAG7WbgBu1m4AbtZuAG7WbgBu1m4AbtZuAG7WbgBu1m4AbtZuAG7WbgBu1m4AbtZuAG7WbgBu1m4AbtZuAG7WbgBu1m4AbtZuAG7WbgBu1m4AbtZuAG7WbgBu1m4AbtZuAG7WbgBu1m4AbtZuAG7WbgD///8A////AP///wD///8A////AP///wD///8A////AP///wBu1m4AbtZuAG7Wbv9u1m7/btZu/27Wbv9u1m4AbtZuAG7WbgBu1m4AbtZuAG7WbgBu1m4AbtZuAG7WbgBu1m4AbtZuAG7WbgBu1m4AbtZuAG7WbgBu1m4AbtZuAG7WbgBu1m4AbtZuAG7WbgBu1m4AbtZuAG7WbgBu1m4AbtZuAG7WbgBu1m4AbtZuAG7WbgBu1m4AbtZuAG7WbgBu1m4AbtZuAG7WbgBu1m4AbtZuAG7WbgBu1m4AbtZuAG7WbgBu1m4AbtZuAG7WbgBu1m4AbtZuAG7WbgBu1m4AbtZuAG7WbgBu1m4AbtZuAG7WbgBu1m4AbtZuAG7WbgD///8A////AP///wD///8A////AP///wD///8A////AP///wBu1m4AbtZuAG7Wbv9u1m7/btZu/27Wbv9u1m4AbtZuAG7WbgBu1m4AbtZuAG7WbgBu1m4AbtZuAG7WbgBu1m4AbtZuAG7WbgBu1m4AbtZuAG7WbgBu1m4AbtZuAG7WbgBu1m4AbtZuAG7WbgBu1m4AbtZuAG7WbgBu1m4AbtZuAG7WbgBu1m4AbtZuAG7WbgBu1m4AbtZuAG7WbgBu1m4AbtZuAG7WbgBu1m4AbtZuAG7WbgBu1m4AbtZuAG7WbgBu1m4AbtZuAG7WbgBu1m4AbtZuAG7WbgBu1m4AbtZuAG7WbgBu1m4AbtZuAG7WbgBu1m4AbtZuAG7WbgD///8A////AP///wD///8A////AP///wD///8A////AP///wBu1m4AbtZuAG7Wbv9u1m7/btZu/27Wbv9u1m4AbtZuAG7WbgBu1m4AbtZuAG7WbgBu1m4AbtZuAG7WbgBu1m4AbtZuAG7WbgBu1m4AbtZuAG7WbgBu1m4AbtZuAG7WbgBu1m4AbtZuAG7WbgBu1m4AbtZuAG7WbgBu1m4AbtZuAG7WbgBu1m4AbtZuAG7WbgBu1m4AbtZuAG7WbgBu1m4AbtZuAG7WbgBu1m4AbtZuAG7WbgBu1m4AbtZuAG7WbgBu1m4AbtZuAG7WbgBu1m4AbtZuAG7WbgBu1m4AbtZuAG7WbgBu1m4AbtZuAG7WbgBu1m4AbtZuAG7WbgD///8A////AP///wD///8A////AP///wD///8A////AP///wBu1m4AbtZuAG7Wbv9u1m7/btZu/27Wbv9u1m4AbtZuAG7WbgBu1m4AbtZuAG7WbgBu1m4AbtZuAG7WbgBu1m4AbtZuAG7WbgBu1m4AbtZuAG7WbgBu1m4AbtZuAG7WbgBu1m4AbtZuAG7WbgBu1m4AbtZuAG7WbgBu1m4AbtZuAG7WbgBu1m4AbtZuAG7WbgBu1m4AbtZuAG7WbgBu1m4AbtZuAG7WbgBu1m4AbtZuAG7WbgBu1m4AbtZuAG7WbgBu1m4AbtZuAG7WbgBu1m4AbtZuAG7WbgBu1m4AbtZuAG7WbgBu1m4AbtZuAG7WbgBu1m4AbtZuAG7WbgD///8A////AP///wD///8A////AP///wD///8A////AP///wBu1m4AbtZuAG7Wbv9u1m7/btZu/27Wbv9u1m4AbtZuAG7WbgBu1m4AbtZuAG7WbgBu1m4AbtZuAG7WbgBu1m4AbtZuAG7WbgBu1m4AbtZuAG7WbgBu1m4AbtZuAG7WbgBu1m4AbtZuAG7WbgBu1m4AbtZuAG7WbgBu1m4AbtZuAG7WbgBu1m4AbtZuAG7WbgBu1m4AbtZuAG7WbgBu1m4AbtZuAG7WbgBu1m4AbtZuAG7WbgBu1m4AbtZuAG7WbgBu1m4AbtZuAG7WbgBu1m4AbtZuAG7WbgBu1m4AbtZuAG7WbgBu1m4AbtZuAG7WbgBu1m4AbtZuAG7WbgD///8A////AP///wD///8A////AP///wD///8A////AP///wBu1m4AbtZuAG7Wbv9u1m7/btZu/27Wbv9u1m4AbtZuAG7WbgBu1m4AbtZuAG7WbgBu1m4AbtZuAG7WbgBu1m4AbtZuAG7WbgBu1m4AbtZuAG7WbgBu1m4AbtZuAG7WbgBu1m4AbtZuAG7WbgBu1m4AbtZuAG7WbgBu1m4AbtZuAG7WbgBu1m4AbtZuAG7WbgBu1m4AbtZuAG7WbgBu1m4AbtZuAG7WbgBu1m4AbtZuAG7WbgBu1m4AbtZuAG7WbgBu1m4AbtZuAG7WbgBu1m4AbtZuAG7WbgBu1m4AbtZuAG7WbgBu1m4AbtZuAG7WbgBu1m4AbtZuAG7WbgD///8A////AP///wD///8A////AP///wD///8A////AP///wBu1m4AbtZuAG7Wbv9u1m7/btZu/27Wbv9u1m4AbtZuAG7WbgBu1m4AbtZuAG7WbgBu1m4AbtZuAG7WbgBu1m4AbtZuAG7WbgBu1m4AbtZuAG7WbgBu1m4AbtZuAG7WbgBu1m4AbtZuAG7WbgBu1m4AbtZuAG7WbgBu1m4AbtZuAG7WbgBu1m4AbtZuAG7WbgBu1m4AbtZuAG7WbgBu1m4AbtZuAG7WbgBu1m4AbtZuAG7WbgBu1m4AbtZuAG7WbgBu1m4AbtZuAG7WbgBu1m4AbtZuAG7WbgBu1m4AbtZuAG7WbgBu1m4AbtZuAG7WbgBu1m4AbtZuAG7WbgD///8A////AP///wD///8A////AP///wD///8A////AP///wBu1m4AbtZuAG7Wbv9u1m7/btZu/27Wbv9u1m4AbtZuAG7WbgBu1m4AbtZuAG7WbgBu1m4AbtZuAG7WbgBu1m4AbtZuAG7WbgBu1m4AbtZuAG7WbgBu1m4AbtZuAG7WbgBu1m4AbtZuAG7WbgBu1m4AbtZuAG7WbgBu1m4AbtZuAG7WbgBu1m4AbtZuAG7WbgBu1m4AbtZuAG7WbgBu1m4AbtZuAG7WbgBu1m4AbtZuAG7WbgBu1m4AbtZuAG7WbgBu1m4AbtZuAG7WbgBu1m4AbtZuAG7WbgBu1m4AbtZuAG7WbgBu1m4AbtZuAG7WbgBu1m4AbtZuAG7WbgD///8A////AP///wD///8A////AP///wD///8A////AP///wBu1m4AbtZuAG7Wbv9u1m7/btZu/27Wbv9u1m4AbtZuAG7WbgBu1m4AbtZuAG7WbgBu1m4AbtZuAG7WbgBu1m4AbtZuAG7WbgBu1m4AbtZuAG7WbgBu1m4AbtZuAG7WbgBu1m4AbtZuAG7WbgBu1m4AbtZuAG7Wbv9u1m7/btZu/27Wbv9u1m7/btZu/27Wbv9u1m7/btZu/27Wbv9u1m7/btZu/27Wbv9u1m7/btZu/27Wbv9u1m7/btZu/27Wbv9u1m7/btZu/27Wbv9u1m7/btZu/27Wbv9u1m7/btZu/27Wbv9u1m7/btZu/27Wbv9u1m7/btZu/27WbgD///8A////AP///wD///8A////AP///wD///8A////AP///wBu1m4AbtZuAG7Wbv9u1m7/btZu/27Wbv9u1m4AbtZuAG7WbgBu1m4AbtZuAG7WbgBu1m4AbtZuAG7WbgBu1m4AbtZuAG7WbgBu1m4AbtZuAG7WbgBu1m4AbtZuAG7WbgBu1m4AbtZuAG7WbgBu1m4AbtZuAG7Wbv9u1m7/btZu/27Wbv9u1m7/btZu/27Wbv9u1m7/btZu/27Wbv9u1m7/btZu/27Wbv9u1m7/btZu/27Wbv9u1m7/btZu/27Wbv9u1m7/btZu/27Wbv9u1m7/btZu/27Wbv9u1m7/btZu/27Wbv9u1m7/btZu/27Wbv9u1m7/btZu/27WbgD///8A////AP///wD///8A////AP///wD///8A////AP///wBu1m4AbtZuAG7Wbv9u1m7/btZu/27Wbv9u1m4AbtZuAG7WbgBu1m4AbtZuAG7WbgBu1m4AbtZuAG7WbgBu1m4AbtZuAG7WbgBu1m4AbtZuAG7WbgBu1m4AbtZuAG7WbgBu1m4AbtZuAG7WbgBu1m4AbtZuAG7Wbv9u1m7/btZu/27Wbv9u1m7/btZu/27Wbv9u1m7/btZu/27Wbv9u1m7/btZu/27Wbv9u1m7/btZu/27Wbv9u1m7/btZu/27Wbv9u1m7/btZu/27Wbv9u1m7/btZu/27Wbv9u1m7/btZu/27Wbv9u1m7/btZu/27Wbv9u1m7/btZu/27WbgD///8A////AP///wD///8A////AP///wD///8A////AP///wBu1m4AbtZuAG7Wbv9u1m7/btZu/27Wbv9u1m4AbtZuAG7WbgBu1m4AbtZuAG7WbgBu1m4AbtZuAG7WbgBu1m4AbtZuAG7WbgBu1m4AbtZuAG7WbgBu1m4AbtZuAG7WbgBu1m4AbtZuAG7WbgBu1m4AbtZuAG7Wbv9u1m7/btZu/27Wbv9u1m7/btZu/27Wbv9u1m7/btZu/27Wbv9u1m7/btZu/27Wbv9u1m7/btZu/27Wbv9u1m7/btZu/27Wbv9u1m7/btZu/27Wbv9u1m7/btZu/27Wbv9u1m7/btZu/27Wbv9u1m7/btZu/27Wbv9u1m7/btZu/27WbgD///8A////AP///wD///8A////AP///wD///8A////AP///wBu1m4AbtZuAG7Wbv9u1m7/btZu/27Wbv9u1m4AbtZuAG7WbgBu1m4AbtZuAG7WbgBu1m4AbtZuAG7WbgBu1m4AbtZuAG7WbgBu1m4AbtZuAG7WbgBu1m4AbtZuAG7WbgBu1m4AbtZuAG7WbgBu1m4AbtZuAG7Wbv9u1m7/btZu/27Wbv9u1m7/btZu/27Wbv9u1m7/btZu/27Wbv9u1m7/btZu/27Wbv9u1m7/btZu/27Wbv9u1m7/btZu/27Wbv9u1m7/btZu/27Wbv9u1m7/btZu/27Wbv9u1m7/btZu/27Wbv9u1m7/btZu/27Wbv9u1m7/btZu/27WbgD///8A////AP///wD///8A////AP///wD///8A////AP///wBu1m4AbtZuAG7Wbv9u1m7/btZu/27Wbv9u1m4AbtZuAG7WbgBu1m4AbtZuAG7WbgBu1m4AbtZuAG7WbgBu1m4AbtZuAG7WbgBu1m4AbtZuAG7WbgBu1m4AbtZuAG7WbgBu1m4AbtZuAG7WbgBu1m4AbtZuAG7Wbv9u1m7/btZu/27Wbv9u1m7/btZu/27Wbv9u1m7/btZu/27Wbv9u1m7/btZu/27Wbv9u1m7/btZu/27Wbv9u1m7/btZu/27Wbv9u1m7/btZu/27Wbv9u1m7/btZu/27Wbv9u1m7/btZu/27Wbv9u1m7/btZu/27Wbv9u1m7/btZu/27WbgD///8A////AP///wD///8A////AP///wD///8A////AP///wBu1m4AbtZuAG7Wbv9u1m7/btZu/27Wbv9u1m4AbtZuAG7WbgBu1m4AbtZuAG7WbgBu1m4AbtZuAG7WbgBu1m4AbtZuAG7WbgBu1m4AbtZuAG7WbgBu1m4AbtZuAG7WbgBu1m4AbtZuAG7WbgBu1m4AbtZuAG7Wbv9u1m7/btZu/27Wbv9u1m7/btZu/27Wbv9u1m7/btZu/27Wbv9u1m7/btZu/27Wbv9u1m7/btZu/27Wbv9u1m7/btZu/27Wbv9u1m7/btZu/27Wbv9u1m7/btZu/27Wbv9u1m7/btZu/27Wbv9u1m7/btZu/27Wbv9u1m7/btZu/27WbgD///8A////AP///wD///8A////AP///wD///8A////AP///wBu1m4AbtZuAG7Wbv9u1m7/btZu/27Wbv9u1m4AbtZuAG7WbgBu1m4AbtZuAG7WbgBu1m4AbtZuAG7WbgBu1m4AbtZuAG7WbgBu1m4AbtZuAG7WbgBu1m4AbtZuAG7WbgBu1m4AbtZuAG7WbgBu1m4AbtZuAG7Wbv9u1m7/btZu/27Wbv9u1m7/btZu/27Wbv9u1m7/btZu/27Wbv9u1m7/btZu/27Wbv9u1m7/btZu/27Wbv9u1m7/btZu/27Wbv9u1m7/btZu/27Wbv9u1m7/btZu/27Wbv9u1m7/btZu/27Wbv9u1m7/btZu/27Wbv9u1m7/btZu/27WbgD///8A////AP///wD///8A////AP///wD///8A////AP///wBu1m4AbtZuAG7Wbv9u1m7/btZu/27Wbv9u1m4AbtZuAG7WbgBu1m4AbtZu/27Wbv9u1m7/btZu/27Wbv9u1m7/btZu/27Wbv9u1m7/btZu/27Wbv9u1m7/btZu/27Wbv9u1m7/btZuAG7WbgBu1m4AbtZuAG7Wbv9u1m7/btZu/27Wbv9u1m7/btZu/27Wbv9u1m7/btZu/27Wbv9u1m7/btZu/27Wbv9u1m7/btZu/27Wbv9u1m7/btZu/27Wbv9u1m7/btZu/27Wbv9u1m7/btZu/27Wbv9u1m7/btZu/27Wbv9u1m7/btZu/27Wbv9u1m7/btZu/27WbgD///8A////AP///wD///8A////AP///wD///8A////AP///wBu1m4AbtZuAG7Wbv9u1m7/btZu/27Wbv9u1m4AbtZuAG7WbgBu1m4AbtZu/27Wbv9u1m7/btZu/27Wbv9u1m7/btZu/27Wbv9u1m7/btZu/27Wbv9u1m7/btZu/27Wbv9u1m7/btZuAG7WbgBu1m4AbtZuAG7Wbv9u1m7/btZu/27Wbv9u1m7/btZu/27Wbv9u1m7/btZu/27Wbv9u1m7/btZu/27Wbv9u1m7/btZu/27Wbv9u1m7/btZu/27Wbv9u1m7/btZu/27Wbv9u1m7/btZu/27Wbv9u1m7/btZu/27Wbv9u1m7/btZu/27Wbv9u1m7/btZu/27WbgD///8A////AP///wD///8A////AP///wD///8A////AP///wBu1m4AbtZuAG7Wbv9u1m7/btZu/27Wbv9u1m4AbtZuAG7WbgBu1m4AbtZu/27Wbv9u1m7/btZu/27Wbv9u1m7/btZu/27Wbv9u1m7/btZu/27Wbv9u1m7/btZu/27Wbv9u1m7/btZuAG7WbgBu1m4AbtZuAG7Wbv9u1m7/btZu/27Wbv9u1m7/btZu/27Wbv9u1m7/btZu/27Wbv9u1m7/btZu/27Wbv9u1m7/btZu/27Wbv9u1m7/btZu/27Wbv9u1m7/btZu/27Wbv9u1m7/btZu/27Wbv9u1m7/btZu/27Wbv9u1m7/btZu/27Wbv9u1m7/btZu/27WbgD///8A////AP///wD///8A////AP///wD///8A////AP///wBu1m4AbtZuAG7Wbv9u1m7/btZu/27Wbv9u1m4AbtZuAG7WbgBu1m4AbtZu/27Wbv9u1m7/btZu/27Wbv9u1m7/btZu/27Wbv9u1m7/btZu/27Wbv9u1m7/btZu/27Wbv9u1m7/btZuAG7WbgBu1m4AbtZuAG7Wbv9u1m7/btZu/27Wbv9u1m7/btZu/27Wbv9u1m7/btZu/27Wbv9u1m7/btZu/27Wbv9u1m7/btZu/27Wbv9u1m7/btZu/27Wbv9u1m7/btZu/27Wbv9u1m7/btZu/27Wbv9u1m7/btZu/27Wbv9u1m7/btZu/27Wbv9u1m7/btZu/27WbgD///8A////AP///wD///8A////AP///wD///8A////AP///wBu1m4AbtZuAG7Wbv9u1m7/btZu/27Wbv9u1m4AbtZuAG7WbgBu1m4AbtZu/27Wbv9u1m7/btZu/27Wbv9u1m7/btZu/27Wbv9u1m7/btZu/27Wbv9u1m7/btZu/27Wbv9u1m7/btZuAG7WbgBu1m4AbtZuAG7Wbv9u1m7/btZu/27Wbv9u1m7/btZu/27Wbv9u1m7/btZu/27Wbv9u1m7/btZu/27Wbv9u1m7/btZu/27Wbv9u1m7/btZu/27Wbv9u1m7/btZu/27Wbv9u1m7/btZu/27Wbv9u1m7/btZu/27Wbv9u1m7/btZu/27Wbv9u1m7/btZu/27WbgD///8A////AP///wD///8A////AP///wD///8A////AP///wBu1m4AbtZuAG7Wbv9u1m7/btZu/27Wbv9u1m4AbtZuAG7WbgBu1m4AbtZu/27Wbv9u1m7/btZu/27Wbv9u1m7/btZu/27Wbv9u1m7/btZu/27Wbv9u1m7/btZu/27Wbv9u1m7/btZuAG7WbgBu1m4AbtZuAG7Wbv9u1m7/btZu/27Wbv9u1m7/btZu/27Wbv9u1m7/btZu/27Wbv9u1m7/btZu/27Wbv9u1m7/btZu/27Wbv9u1m7/btZu/27Wbv9u1m7/btZu/27Wbv9u1m7/btZu/27Wbv9u1m7/btZu/27Wbv9u1m7/btZu/27Wbv9u1m7/btZu/27WbgD///8A////AP///wD///8A////AP///wD///8A////AP///wBu1m4AbtZuAG7Wbv9u1m7/btZu/27Wbv9u1m4AbtZuAG7WbgBu1m4AbtZu/27Wbv9u1m7/btZu/27Wbv9u1m7/btZu/27Wbv9u1m7/btZu/27Wbv9u1m7/btZu/27Wbv9u1m7/btZuAG7WbgBu1m4AbtZuAG7Wbv9u1m7/btZu/27Wbv9u1m7/btZu/27Wbv9u1m7/btZu/27Wbv9u1m7/btZu/27Wbv9u1m7/btZu/27Wbv9u1m7/btZu/27Wbv9u1m7/btZu/27Wbv9u1m7/btZu/27Wbv9u1m7/btZu/27Wbv9u1m7/btZu/27Wbv9u1m7/btZu/27WbgD///8A////AP///wD///8A////AP///wD///8A////AP///wBu1m4AbtZuAG7Wbv9u1m7/btZu/27Wbv9u1m4AbtZuAG7WbgBu1m4AbtZu/27Wbv9u1m7/btZu/27Wbv9u1m7/btZu/27Wbv9u1m7/btZu/27Wbv9u1m7/btZu/27Wbv9u1m7/btZuAG7WbgBu1m4AbtZuAG7Wbv9u1m7/btZu/27Wbv9u1m7/btZu/27Wbv9u1m7/btZu/27Wbv9u1m7/btZu/27Wbv9u1m7/btZu/27Wbv9u1m7/btZu/27Wbv9u1m7/btZu/27Wbv9u1m7/btZu/27Wbv9u1m7/btZu/27Wbv9u1m7/btZu/27Wbv9u1m7/btZu/27WbgD///8A////AP///wD///8A////AP///wD///8A////AP///wBu1m4AbtZuAG7Wbv9u1m7/btZu/27Wbv9u1m4AbtZuAG7WbgBu1m4AbtZu/27Wbv9u1m7/btZu/27Wbv9u1m7/btZu/27Wbv9u1m7/btZu/27Wbv9u1m7/btZu/27Wbv9u1m7/btZuAG7WbgBu1m4AbtZuAG7Wbv9u1m7/btZu/27Wbv9u1m7/btZu/27Wbv9u1m7/btZu/27Wbv9u1m7/btZu/27Wbv9u1m7/btZu/27Wbv9u1m7/btZu/27Wbv9u1m7/btZu/27Wbv9u1m7/btZu/27Wbv9u1m7/btZu/27Wbv9u1m7/btZu/27Wbv9u1m7/btZu/27WbgD///8A////AP///wD///8A////AP///wD///8A////AP///wBu1m4AbtZuAG7Wbv9u1m7/btZu/27Wbv9u1m4AbtZuAG7WbgBu1m4AbtZu/27Wbv9u1m7/btZu/27Wbv9u1m7/btZu/27Wbv9u1m7/btZu/27Wbv9u1m7/btZu/27Wbv9u1m7/btZuAG7WbgBu1m4AbtZuAG7Wbv9u1m7/btZu/27Wbv9u1m7/btZu/27Wbv9u1m7/btZu/27Wbv9u1m7/btZu/27Wbv9u1m7/btZu/27Wbv9u1m7/btZu/27Wbv9u1m7/btZu/27Wbv9u1m7/btZu/27Wbv9u1m7/btZu/27Wbv9u1m7/btZu/27Wbv9u1m7/btZu/27WbgD///8A////AP///wD///8A////AP///wD///8A////AP///wBu1m4AbtZuAG7Wbv9u1m7/btZu/27Wbv9u1m4AbtZuAG7WbgBu1m4AbtZu/27Wbv9u1m7/btZu/27Wbv9u1m7/btZu/27Wbv9u1m7/btZu/27Wbv9u1m7/btZu/27Wbv9u1m7/btZuAG7WbgBu1m4AbtZuAG7Wbv9u1m7/btZu/27Wbv9u1m7/btZu/27Wbv9u1m7/btZu/27Wbv9u1m7/btZu/27Wbv9u1m7/btZu/27Wbv9u1m7/btZu/27Wbv9u1m7/btZu/27Wbv9u1m7/btZu/27Wbv9u1m7/btZu/27Wbv9u1m7/btZu/27Wbv9u1m7/btZu/27WbgD///8A////AP///wD///8A////AP///wD///8A////AP///wBu1m4AbtZuAG7Wbv9u1m7/btZu/27Wbv9u1m4AbtZuAG7WbgBu1m4AbtZu/27Wbv9u1m7/btZu/27Wbv9u1m7/btZu/27Wbv9u1m7/btZu/27Wbv9u1m7/btZu/27Wbv9u1m7/btZuAG7WbgBu1m4AbtZuAG7Wbv9u1m7/btZu/27Wbv9u1m7/btZu/27Wbv9u1m7/btZu/27Wbv9u1m7/btZu/27Wbv9u1m7/btZu/27Wbv9u1m7/btZu/27Wbv9u1m7/btZu/27Wbv9u1m7/btZu/27Wbv9u1m7/btZu/27Wbv9u1m7/btZu/27Wbv9u1m7/btZu/27WbgD///8A////AP///wD///8A////AP///wD///8A////AP///wBu1m4AbtZuAG7Wbv9u1m7/btZu/27Wbv9u1m4AbtZuAG7WbgBu1m4AbtZu/27Wbv9u1m7/btZu/27Wbv9u1m7/btZu/27Wbv9u1m7/btZu/27Wbv9u1m7/btZu/27Wbv9u1m7/btZuAG7WbgBu1m4AbtZuAG7Wbv9u1m7/btZu/27Wbv9u1m7/btZu/27Wbv9u1m7/btZu/27Wbv9u1m7/btZu/27Wbv9u1m7/btZu/27Wbv9u1m7/btZu/27Wbv9u1m7/btZu/27Wbv9u1m7/btZu/27Wbv9u1m7/btZu/27Wbv9u1m7/btZu/27Wbv9u1m7/btZu/27WbgD///8A////AP///wD///8A////AP///wD///8A////AP///wBu1m4AbtZuAG7Wbv9u1m7/btZu/27Wbv9u1m4AbtZuAG7WbgBu1m4AbtZu/27Wbv9u1m7/btZu/27Wbv9u1m7/btZu/27Wbv9u1m7/btZu/27Wbv9u1m7/btZu/27Wbv9u1m7/btZuAG7WbgBu1m4AbtZuAG7Wbv9u1m7/btZu/27Wbv9u1m7/btZu/27Wbv9u1m7/btZu/27Wbv9u1m7/btZu/27Wbv9u1m7/btZu/27Wbv9u1m7/btZu/27Wbv9u1m7/btZu/27Wbv9u1m7/btZu/27Wbv9u1m7/btZu/27Wbv9u1m7/btZu/27Wbv9u1m7/btZu/27WbgD///8A////AP///wD///8A////AP///wD///8A////AP///wBu1m4AbtZuAG7Wbv9u1m7/btZu/27Wbv9u1m4AbtZuAG7WbgBu1m4AbtZu/27Wbv9u1m7/btZu/27Wbv9u1m7/btZu/27Wbv9u1m7/btZu/27Wbv9u1m7/btZu/27Wbv9u1m7/btZuAG7WbgBu1m4AbtZuAG7Wbv9u1m7/btZu/27Wbv9u1m7/btZu/27Wbv9u1m7/btZu/27Wbv9u1m7/btZu/27Wbv9u1m7/btZu/27Wbv9u1m7/btZu/27Wbv9u1m7/btZu/27Wbv9u1m7/btZu/27Wbv9u1m7/btZu/27Wbv9u1m7/btZu/27Wbv9u1m7/btZu/27WbgD///8A////AP///wD///8A////AP///wD///8A////AP///wBu1m4AbtZuAG7Wbv9u1m7/btZu/27Wbv9u1m4AbtZuAG7WbgBu1m4AbtZu/27Wbv9u1m7/btZu/27Wbv9u1m7/btZu/27Wbv9u1m7/btZu/27Wbv9u1m7/btZu/27Wbv9u1m7/btZuAG7WbgBu1m4AbtZuAG7Wbv9u1m7/btZu/27Wbv9u1m7/btZu/27Wbv9u1m7/btZu/27Wbv9u1m7/btZu/27Wbv9u1m7/btZu/27Wbv9u1m7/btZu/27Wbv9u1m7/btZu/27Wbv9u1m7/btZu/27Wbv9u1m7/btZu/27Wbv9u1m7/btZu/27Wbv9u1m7/btZu/27WbgD///8A////AP///wD///8A////AP///wD///8A////AP///wBu1m4AbtZuAG7Wbv9u1m7/btZu/27Wbv9u1m4AbtZuAG7WbgBu1m4AbtZu/27Wbv9u1m7/btZu/27Wbv9u1m7/btZu/27Wbv9u1m7/btZu/27Wbv9u1m7/btZu/27Wbv9u1m7/btZuAG7WbgBu1m4AbtZuAG7Wbv9u1m7/btZu/27Wbv9u1m7/btZu/27Wbv9u1m7/btZu/27Wbv9u1m7/btZu/27Wbv9u1m7/btZu/27Wbv9u1m7/btZu/27Wbv9u1m7/btZu/27Wbv9u1m7/btZu/27Wbv9u1m7/btZu/27Wbv9u1m7/btZu/27Wbv9u1m7/btZu/27WbgD///8A////AP///wD///8A////AP///wD///8A////AP///wBu1m4AbtZuAG7Wbv9u1m7/btZu/27Wbv9u1m4AbtZuAG7WbgBu1m4AbtZu/27Wbv9u1m7/btZu/27Wbv9u1m7/btZu/27Wbv9u1m7/btZu/27Wbv9u1m7/btZu/27Wbv9u1m7/btZuAG7WbgBu1m4AbtZuAG7Wbv9u1m7/btZu/27Wbv9u1m7/btZu/27Wbv9u1m7/btZu/27Wbv9u1m7/btZu/27Wbv9u1m7/btZu/27Wbv9u1m7/btZu/27Wbv9u1m7/btZu/27Wbv9u1m7/btZu/27Wbv9u1m7/btZu/27Wbv9u1m7/btZu/27Wbv9u1m7/btZu/27WbgD///8A////AP///wD///8A////AP///wD///8A////AP///wBu1m4AbtZuAG7Wbv9u1m7/btZu/27Wbv9u1m4AbtZuAG7WbgBu1m4AbtZu/27Wbv9u1m7/btZu/27Wbv9u1m7/btZu/27Wbv9u1m7/btZu/27Wbv9u1m7/btZu/27Wbv9u1m7/btZuAG7WbgBu1m4AbtZuAG7Wbv9u1m7/btZu/27Wbv9u1m7/btZu/27Wbv9u1m7/btZu/27Wbv9u1m7/btZu/27Wbv9u1m7/btZu/27Wbv9u1m7/btZu/27Wbv9u1m7/btZu/27Wbv9u1m7/btZu/27Wbv9u1m7/btZu/27Wbv9u1m7/btZu/27Wbv9u1m7/btZu/27WbgD///8A////AP///wD///8A////AP///wD///8A////AP///wBu1m4AbtZuAG7Wbv9u1m7/btZu/27Wbv9u1m4AbtZuAG7WbgBu1m4AbtZu/27Wbv9u1m7/btZu/27Wbv9u1m7/btZu/27Wbv9u1m7/btZu/27Wbv9u1m7/btZu/27Wbv9u1m7/btZuAG7WbgBu1m4AbtZuAG7Wbv9u1m7/btZu/27Wbv9u1m7/btZu/27Wbv9u1m7/btZu/27Wbv9u1m7/btZu/27Wbv9u1m7/btZu/27Wbv9u1m7/btZu/27Wbv9u1m7/btZu/27Wbv9u1m7/btZu/27Wbv9u1m7/btZu/27Wbv9u1m7/btZu/27Wbv9u1m7/btZu/27WbgD///8A////AP///wD///8A////AP///wD///8A////AP///wBu1m4AbtZuAG7Wbv9u1m7/btZu/27Wbv9u1m4AbtZuAG7WbgBu1m4AbtZu/27Wbv9u1m7/btZu/27Wbv9u1m7/btZu/27Wbv9u1m7/btZu/27Wbv9u1m7/btZu/27Wbv9u1m7/btZuAG7WbgBu1m4AbtZuAG7Wbv9u1m7/btZu/27Wbv9u1m7/btZu/27Wbv9u1m7/btZu/27Wbv9u1m7/btZu/27Wbv9u1m7/btZu/27Wbv9u1m7/btZu/27Wbv9u1m7/btZu/27Wbv9u1m7/btZu/27Wbv9u1m7/btZu/27Wbv9u1m7/btZu/27Wbv9u1m7/btZu/27WbgD///8A////AP///wD///8A////AP///wD///8A////AP///wBu1m4AbtZuAG7Wbv9u1m7/btZu/27Wbv9u1m4AbtZuAG7WbgBu1m4AbtZu/27Wbv9u1m7/btZu/27Wbv9u1m7/btZu/27Wbv9u1m7/btZu/27Wbv9u1m7/btZu/27Wbv9u1m7/btZuAG7WbgBu1m4AbtZuAG7Wbv9u1m7/btZu/27Wbv9u1m7/btZu/27Wbv9u1m7/btZu/27Wbv9u1m7/btZu/27Wbv9u1m7/btZu/27Wbv9u1m7/btZu/27Wbv9u1m7/btZu/27Wbv9u1m7/btZu/27Wbv9u1m7/btZu/27Wbv9u1m7/btZu/27Wbv9u1m7/btZu/27WbgD///8A////AP///wD///8A////AP///wD///8A////AP///wBu1m4AbtZuAG7Wbv9u1m7/btZu/27Wbv9u1m4AbtZuAG7WbgBu1m4AbtZu/27Wbv9u1m7/btZu/27Wbv9u1m7/btZu/27Wbv9u1m7/btZu/27Wbv9u1m7/btZu/27Wbv9u1m7/btZuAG7WbgBu1m4AbtZuAG7WbiFu1m6FbtZu5m7Wbv9u1m7/btZu/27Wbv9u1m7/btZu/27Wbv9u1m7/btZu/27Wbv9u1m7/btZuAG7WbgBu1m4AbtZuAG7WbgBu1m4AbtZuAG7WbgBu1m4AbtZuAG7WbgBu1m4AbtZuAG7WbgBu1m4AbtZuAG7WbgBu1m4AbtZuAG7WbgD///8A////AP///wD///8A////AP///wD///8A////AP///wBu1m4AbtZuAG7Wbv9u1m7/btZu/27Wbv9u1m4AbtZuAG7WbgBu1m4AbtZu/27Wbv9u1m7/btZu/27Wbv9u1m7/btZu/27Wbv9u1m7/btZu/27Wbv9u1m7/btZu/27Wbv9u1m7/btZuW27Wbglu1m4AbtZuAG7WbgBu1m4AbtZuBW7WblJu1m64btZu/W7Wbv9u1m7/btZu/27Wbv9u1m7/btZu/27Wbv9u1m7/btZuAG7WbgBu1m4AbtZuAG7WbgBu1m4AbtZuAG7WbgBu1m4AbtZuAG7WbgBu1m4AbtZuAG7WbgBu1m4AbtZuAG7WbgBu1m4AbtZuAG7WbgD///8A////AP///wD///8A////AP///wD///8A////AP///wBu1m4AbtZuAG7Wbv9u1m7/btZu/27Wbv9u1m4AbtZuAG7WbgBu1m4AbtZu/27Wbv9u1m7/btZu/27Wbv9u1m7/btZu/27Wbv9u1m7/btZu/27Wbv9u1m7/btZu/27Wbv9u1m7/btZu/27WbvBu1m6UbtZuK27WbgBu1m4AbtZuAG7WbgBu1m4AbtZuIW7WboVu1m7mbtZu/27Wbv9u1m7/btZu/27Wbv9u1m7/btZuAG7WbgBu1m4AbtZuAG7WbgBu1m4AbtZuAG7WbgBu1m4AbtZuAG7WbgBu1m4AbtZuAG7WbgBu1m4AbtZuAG7WbgBu1m4AbtZuAG7WbgD///8A////AP///wD///8A////AP///wD///8A////AP///wBu1m4AbtZuAG7Wbv9u1m7/btZu/27Wbv9u1m4AbtZuAG7WbgBu1m4AbtZu/27Wbv9u1m7/btZu/27Wbv9u1m7/btZu/27Wbv9u1m7/btZu/27Wbv9u1m7/btZu/27Wbv9u1m7/btZu/27Wbv9u1m7/btZu/27WbsNu1m5dbtZuCW7WbgBu1m4AbtZuAG7WbgBu1m4FbtZuUm7Wbrhu1m79btZu/27Wbv9u1m7/btZuAG7WbgBu1m4AbtZuAG7WbgBu1m4AbtZuAG7WbgBu1m4AbtZuAG7WbgBu1m4AbtZuAG7WbgBu1m4AbtZuAG7WbgBu1m4AbtZuAG7WbgD///8A////AP///wD///8A////AP///wD///8A////AP///wBu1m4AbtZuAG7Wbv9u1m7/btZu/27Wbv9u1m4AbtZuAG7WbgBu1m4AbtZu/27Wbv9u1m7/btZu/27Wbv9u1m7/btZu/27Wbv9u1m7/btZu/27Wbv9u1m7/btZu/27Wbv9u1m7/btZu/27Wbv9u1m7/btZu/27Wbv9u1m7/btZu7W7Wbo9u1m4pbtZuAG7WbgBu1m4AbtZuAG7WbgBu1m4hbtZuhm7Wbudu1m7/btZuAG7WbgBu1m4AbtZuAG7WbgBu1m4AbtZuAG7WbgBu1m4AbtZuAG7WbgBu1m4AbtZuAG7WbgBu1m4AbtZuAG7WbgBu1m4AbtZuAG7WbgD///8A////AP///wD///8A////AP///wD///8A////AP///wBu1m4AbtZuAG7Wbv9u1m7/btZu/27Wbv9u1m4AbtZuAG7WbgBu1m4AbtZu/27Wbv9u1m7/btZu/27Wbv9u1m7/btZu/27Wbv9u1m7/btZu/27Wbv9u1m7/btZu/27Wbv9u1m7/btZu/27Wbv9u1m7/btZu/27Wbv9u1m7/btZu/27Wbv9u1m7/btZuwm7Wblxu1m4IbtZuAG7WbgBu1m4AbtZuAG7WbgVu1m5TbtZuAG7WbgBu1m4AbtZuAG7WbgBu1m4AbtZuAG7WbgBu1m4AbtZuAG7WbgBu1m4AbtZuAG7WbgBu1m4AbtZuAG7WbgBu1m4AbtZuAG7WbgD///8A////AP///wD///8A////AP///wD///8A////AP///wBu1m4AbtZuAG7Wbv9u1m7/btZu/27Wbv9u1m4AbtZuAG7WbgBu1m4AbtZu/27Wbv9u1m7/btZu/27Wbv9u1m7/btZu/27Wbv9u1m7/btZu/27Wbv9u1m7/btZu/27Wbv9u1m7/btZu/27Wbv9u1m7/btZu/27Wbv9u1m7/btZu/27Wbv9u1m7/btZu/27Wbv9u1m7tbtZuj27Wbilu1m4AbtZuAG7WbgBu1m4AbtZuAG7WbgBu1m4AbtZuAG7WbgBu1m4AbtZuAG7WbgBu1m4AbtZuAG7WbgBu1m4AbtZuAG7WbgBu1m4AbtZuAG7WbgBu1m4AbtZuAG7WbgD///8A////AP///wD///8A////AP///wD///8A////AP///wBu1m4AbtZuAG7Wbv9u1m7/btZu/27Wbv9u1m4AbtZuAG7WbgBu1m4AbtZu/27Wbv9u1m7/btZu/27Wbv9u1m7/btZu/27Wbv9u1m7/btZu/27Wbv9u1m7/btZu/27Wbv9u1m7/btZu/27Wbv9u1m7/btZu/27Wbv9u1m7/btZu/27Wbv9u1m7/btZu/27Wbv9u1m7/btZu/27Wbv9u1m7CbtZuAG7WbgBu1m4AbtZuAG7WbgBu1m4AbtZuAG7WbgBu1m4AbtZuAG7WbgBu1m4AbtZuAG7WbgBu1m4AbtZuAG7WbgBu1m4AbtZuAG7WbgBu1m4AbtZuAG7WbgD///8A////AP///wD///8A////AP///wD///8A////AP///wBu1m4AbtZuAG7WbgBu1m4AbtZuAG7WbgBu1m4AbtZuAG7WbgBu1m4AbtZuAG7WbgBu1m4AbtZuAG7WbgBu1m4AbtZuAG7WbgBu1m4AbtZuAG7WbgBu1m4AbtZuAG7WbgBu1m4AbtZuAG7WbgBu1m4AbtZuAG7WbgBu1m4AbtZuAG7WbgBu1m4AbtZuAG7WbgBu1m4AbtZuAG7WbgBu1m4AbtZuAG7WbgBu1m4AbtZuAG7WbgBu1m4AbtZuAG7WbgBu1m4AbtZuAG7WbgBu1m4AbtZuAG7WbgBu1m4AbtZuAG7WbgBu1m4AbtZuAG7WbgBu1m4AbtZuAG7WbgD///8A////AP///wD///8A////AP///wD///8A////AP///wBu1m4AbtZuAG7WbgBu1m4AbtZuAG7WbgBu1m4AbtZuAG7WbgBu1m4AbtZuAG7WbgBu1m4AbtZuAG7WbgBu1m4AbtZuAG7WbgBu1m4AbtZuAG7WbgBu1m4AbtZuAG7WbgBu1m4AbtZuAG7WbgBu1m4AbtZuAG7WbgBu1m4AbtZuAG7WbgBu1m4AbtZuAG7WbgBu1m4AbtZuAG7WbgBu1m4AbtZuAG7WbgBu1m4AbtZuAG7WbgBu1m4AbtZuAG7WbgBu1m4AbtZuAG7WbgBu1m4AbtZuAG7WbgBu1m4AbtZuAG7WbgBu1m4AbtZuAG7WbgBu1m4AbtZuAG7WbgD///8A////AP///wD///8A////AP///wD///8A////AP///wBu1m4AbtZuAG7WbgBu1m4AbtZuAG7WbgBu1m4AbtZuAG7WbgBu1m4AbtZuAG7WbgBu1m4AbtZuAG7WbgBu1m4AbtZuAG7WbgBu1m4AbtZuAG7WbgBu1m4AbtZuAG7WbgBu1m4AbtZuAG7WbgBu1m4AbtZuAG7WbgBu1m4AbtZuAG7WbgBu1m4AbtZuAG7WbgBu1m4AbtZuAG7WbgBu1m4AbtZuAG7WbgBu1m4AbtZuAG7WbgBu1m4AbtZuAG7WbgBu1m4AbtZuAG7WbgBu1m4AbtZuAG7WbgBu1m4AbtZuAG7WbgBu1m4AbtZuAG7WbgBu1m4AbtZuAG7WbgD///8A////AP///wD///8A////AP///wD///8A////AP///wBu1m4AbtZuAG7WbgBu1m4AbtZuAG7WbgBu1m4AbtZuAG7WbgBu1m4AbtZuAG7WbgBu1m4AbtZuAG7WbgBu1m4AbtZuAG7WbgBu1m4AbtZuAG7WbgBu1m4AbtZuAG7WbgBu1m4AbtZuAG7WbgBu1m4AbtZuAG7WbgBu1m4AbtZuAG7WbgBu1m4AbtZuAG7WbgBu1m4AbtZuAG7WbgBu1m4AbtZuAG7WbgBu1m4AbtZuAG7WbgBu1m4AbtZuAG7WbgBu1m4AbtZuAG7WbgBu1m4AbtZuAG7WbgBu1m4AbtZuAG7WbgBu1m4AbtZuAG7WbgBu1m4AbtZuAG7WbgD///8A////AP///wD///8A////AP///wD///8A////AP///wBu1m4AbtZuAG7WbgBu1m4AbtZuAG7WbgBu1m4AbtZuAG7WbgBu1m4AbtZuAG7WbgBu1m4AbtZuAG7WbgBu1m4AbtZuAG7WbgBu1m4AbtZuAG7WbgBu1m4AbtZuAG7WbgBu1m4AbtZuAG7WbgBu1m4AbtZuAG7WbgBu1m4AbtZuAG7WbgBu1m4AbtZuAG7WbgBu1m4AbtZuAG7WbgBu1m4AbtZuAG7WbgBu1m4AbtZuAG7WbgBu1m4AbtZuAG7WbgBu1m4AbtZuAG7WbgBu1m4AbtZuAG7WbgBu1m4AbtZuAG7WbgBu1m4AbtZuAG7WbgBu1m4AbtZuAG7WbgD///8A////AP///wD///8A////AP///wD///8A////AP///wBu1m4AbtZuAG7WbgBu1m4AbtZuAG7WbgBu1m4AbtZuAG7WbgBu1m4AbtZuAG7WbgBu1m4AbtZuAG7WbgBu1m4AbtZuAG7WbgBu1m4AbtZuAG7WbgBu1m4AbtZuAG7WbgBu1m4AbtZuAG7WbgBu1m4AbtZuAG7WbgBu1m4AbtZuAG7WbgBu1m4AbtZuAG7WbgBu1m4AbtZuAG7WbgBu1m4AbtZuAG7WbgBu1m4AbtZuAG7WbgBu1m4AbtZuAG7WbgBu1m4AbtZuAG7WbgBu1m4AbtZuAG7WbgBu1m4AbtZuAG7WbgBu1m4AbtZuAG7WbgBu1m4AbtZuAG7WbgD///8A////AP///wD///8A////AP///wD///8A////AP///wBu1m4AbtZuAG7WbgBu1m4AbtZuAG7WbgBu1m4AbtZuAG7WbgBu1m4AbtZuAG7WbgBu1m4AbtZuAG7WbgBu1m4AbtZuAG7WbgBu1m4AbtZuAG7WbgBu1m4AbtZuAG7WbgBu1m4AbtZuAG7WbgBu1m4AbtZuAG7WbgBu1m4AbtZuAG7WbgBu1m4AbtZuAG7WbgBu1m4AbtZuAG7WbgBu1m4AbtZuAG7WbgBu1m4AbtZuAG7WbgBu1m4AbtZuAG7WbgBu1m4AbtZuAG7WbgBu1m4AbtZuAG7WbgBu1m4AbtZuAG7WbgBu1m4AbtZuAG7WbgBu1m4AbtZuAG7WbgD///8A////AP///wD///8A////AP///wD///8A////AP///wBu1m4AbtZuAG7WbgBu1m4AbtZuAG7WbgBu1m4AbtZuAG7WbgBu1m4AbtZuAG7WbgBu1m4AbtZuAG7WbgBu1m4AbtZuAG7WbgBu1m4AbtZuAG7WbgBu1m4AbtZuAG7WbgBu1m4AbtZuAG7WbgBu1m4AbtZuAG7WbgBu1m4AbtZuAG7WbgBu1m4AbtZuAG7WbgBu1m4AbtZuAG7WbgBu1m4AbtZuAG7WbgBu1m4AbtZuAG7WbgBu1m4AbtZuAG7WbgBu1m4AbtZuAG7WbgBu1m4AbtZuAG7WbgBu1m4AbtZuAG7WbgBu1m4AbtZuAG7WbgBu1m4AbtZuAG7WbgD///8A////AP///wD///8A////AP///wD///8A////AP///wD///8A////AP///wD///8A////AP///wD///8A////AP///wD///8A////AP///wD///8A////AP///wD///8A////AP///wD///8A////AP///wD///8A////AP///wD///8A////AP///wD///8A////AP///wD///8A////AP///wD///8A////AP///wD///8A////AP///wD///8A////AP///wD///8A////AP///wD///8A////AP///wD///8A////AP///wD///8A////AP///wD///8A////AP///wD///8A////AP///wD///8A////AP///wD///8A////AP///wD///8A////AP///////////wAAAP///////////wAAAPw//////////wAAAPw//////////wAAAPw//////////wAAAPw//////////wAAAPw//////////wAAAPw//////////wAAAPw//////////wAAAPw//////////wAAAPw//////////wAAAPw//////////wAAAPw//////////wAAAPw//////////wAAAPw//////////wAAAPw//////////wAAAPw//////////wAAAPw//////////wAAAPw//////////wAAAPw//////////wAAAPw//////////wAAAPw//////////wAAAPw//////////wAAAPw//////////wAAAPw//////////wAAAPw///+AAAAAPwAAAPw///+AAAAAPwAAAPw///+AAAAAPwAAAPw///+AAAAAPwAAAPw///+AAAAAPwAAAPw///+AAAAAPwAAAPw///+AAAAAPwAAAPw///+AAAAAPwAAAPw8AAeAAAAAPwAAAPw8AAeAAAAAPwAAAPw8AAeAAAAAPwAAAPw8AAeAAAAAPwAAAPw8AAeAAAAAPwAAAPw8AAeAAAAAPwAAAPw8AAeAAAAAPwAAAPw8AAeAAAAAPwAAAPw8AAeAAAAAPwAAAPw8AAeAAAAAPwAAAPw8AAeAAAAAPwAAAPw8AAeAAAAAPwAAAPw8AAeAAAAAPwAAAPw8AAeAAAAAPwAAAPw8AAeAAAAAPwAAAPw8AAeAAAAAPwAAAPw8AAeAAAAAPwAAAPw8AAeAAAAAPwAAAPw8AAeAAAAAPwAAAPw8AAeAAAAAPwAAAPw8AAeAAAAAPwAAAPw8AAeAAAAAPwAAAPw8AAeAAf///wAAAPw8AAHgAf///wAAAPw8AAB8Af///wAAAPw8AAAPAf///wAAAPw8AAAD4f///wAAAPw8AAAAef///wAAAPw8AAAAH////wAAAPw8AAAAD////wAAAP///////////wAAAP///////////wAAAP///////////wAAAP///////////wAAAP///////////wAAAP///////////wAAAP///////////wAAAP///////////wAAAP///////////wAAAA==</Flag>
    <Flag Caption="Blue Flag">AAABAAcAEBAAAAEAIABoBAAAdgAAABgYAAABACAAiAkAAN4EAAAgIAAAAQAgAKgQAABmDgAAICAAAAEAIACoEAAADh8AADAwAAABACAAqCUAALYvAABAQAAAAQAgAChCAABeVQAASEgAAAEAIACIVAAAhpcAACgAAAAQAAAAIAAAAAEAIAAAAAAAAAAAAAAAAAAAAAAAAAAAAAAAAAD///8A////AP///wD///8A////AP///wD///8A////AP///wD///8A////AP///wD///8A////AP///wD///8A////APWdW//1nVv/9Z1bAPWdWwD1nVsA9Z1bAPWdWwD1nVsA9Z1bAPWdWwD1nVsA9Z1bAPWdWwD1nVsA9Z1bAP///wD1nVv/9Z1b//WdWwD1nVsA9Z1bAPWdWwD1nVsA9Z1bAPWdWwD1nVsA9Z1bAPWdWwD1nVsA9Z1bAPWdWwD///8A9Z1b//WdW//1nVsA9Z1bAPWdWwD1nVsA9Z1bAPWdWwD1nVsA9Z1bAPWdWwD1nVsA9Z1bAPWdWwD1nVsA////APWdW//1nVv/9Z1bAPWdWwD1nVsA9Z1bAPWdWwD1nVsA9Z1bAPWdWwD1nVsA9Z1bAPWdWwD1nVsA9Z1bAP///wD1nVv/9Z1b//WdWwD1nVsA9Z1bAPWdWwD1nVsA9Z1bAPWdWwD1nVsA9Z1bAPWdWwD1nVsA9Z1bAPWdWwD///8A9Z1b//WdW//1nVsA9Z1bAPWdWwD1nVsA9Z1bAPWdW//1nVv/9Z1b//WdW//1nVv/9Z1b//WdW//1nVv/////APWdW//1nVv/9Z1bAPWdWwD1nVsA9Z1bAPWdWwD1nVv/9Z1b//WdW//1nVv/9Z1b//WdW//1nVv/9Z1b/////wD1nVv/9Z1b//WdWwD1nVv/9Z1b//WdW//1nVsa9Z1b//WdW//1nVv/9Z1b//WdW//1nVv/9Z1b//WdW/////8A9Z1b//WdW//1nVsA9Z1b//WdW//1nVv/9Z1bGvWdW//1nVv/9Z1b//WdW//1nVv/9Z1b//WdW//1nVv/////APWdW//1nVv/9Z1bAPWdW//1nVv/9Z1b//WdWxr1nVv/9Z1b//WdW//1nVv/9Z1b//WdW//1nVv/9Z1b/////wD1nVv/9Z1b//WdWwD1nVv/9Z1b//WdW//1nVsa9Z1b//WdW//1nVv/9Z1b//WdW//1nVv/9Z1b//WdW/////8A9Z1b//WdW//1nVsA9Z1b//WdW//1nVv/9Z1bGvWdW//1nVv/9Z1b//WdW//1nVv/9Z1b//WdW//1nVv/////APWdW//1nVv/9Z1bAPWdW//1nVv/9Z1b//WdWxr1nVsa9Z1bGvWdWxr1nVsa9Z1bAPWdWwD1nVsA9Z1bAP///wD1nVv/9Z1b//WdWwD1nVv/9Z1b//WdW//1nVv/9Z1b//WdW//1nVv/9Z1b//WdWwD1nVsA9Z1bAPWdWwD///8A////AP///wD///8A////AP///wD///8A////AP///wD///8A////AP///wD///8A////AP///wD///8A//8AAJ//AACf/wAAn/8AAJ//AACf/wAAnwAAAJ8AAACQAAAAkAAAAJAAAACQAAAAkAAAAJAPAACQDwAA//8AACgAAAAYAAAAMAAAAAEAIAAAAAAAAAAAAAAAAAAAAAAAAAAAAAAAAAD///8A9Z1b//WdW//1nVv/9Z1bAPWdWwD1nVsA9Z1bAPWdWwD1nVsA9Z1bAPWdWwD1nVsA9Z1bAPWdWwD1nVsA9Z1bAPWdWwD1nVsA9Z1bAPWdWwD1nVsA9Z1bAPWdWwD///8A9Z1b//WdW//1nVv/9Z1bAPWdWwD1nVsA9Z1bAPWdWwD1nVsA9Z1bAPWdWwD1nVsA9Z1bAPWdWwD1nVsA9Z1bAPWdWwD1nVsA9Z1bAPWdWwD1nVsA9Z1bAPWdWwD///8A9Z1b//WdW//1nVv/9Z1bAPWdWwD1nVsA9Z1bAPWdWwD1nVsA9Z1bAPWdWwD1nVsA9Z1bAPWdWwD1nVsA9Z1bAPWdWwD1nVsA9Z1bAPWdWwD1nVsA9Z1bAPWdWwD///8A9Z1b//WdW//1nVv/9Z1bAPWdWwD1nVsA9Z1bAPWdWwD1nVsA9Z1bAPWdWwD1nVsA9Z1bAPWdWwD1nVsA9Z1bAPWdWwD1nVsA9Z1bAPWdWwD1nVsA9Z1bAPWdWwD///8A9Z1b//WdW//1nVv/9Z1bAPWdWwD1nVsA9Z1bAPWdWwD1nVsA9Z1bAPWdWwD1nVsA9Z1bAPWdWwD1nVsA9Z1bAPWdWwD1nVsA9Z1bAPWdWwD1nVsA9Z1bAPWdWwD///8A9Z1b//WdW//1nVv/9Z1bAPWdWwD1nVsA9Z1bAPWdWwD1nVsA9Z1bAPWdWwD1nVsA9Z1bAPWdWwD1nVsA9Z1bAPWdWwD1nVsA9Z1bAPWdWwD1nVsA9Z1bAPWdWwD///8A9Z1b//WdW//1nVv/9Z1bAPWdWwD1nVsA9Z1bAPWdWwD1nVsA9Z1bAPWdWwD1nVsA9Z1bAPWdWwD1nVsA9Z1bAPWdWwD1nVsA9Z1bAPWdWwD1nVsA9Z1bAPWdWwD///8A9Z1b//WdW//1nVv/9Z1bAPWdWwD1nVsA9Z1bAPWdWwD1nVsA9Z1bAPWdWwD1nVsA9Z1bAPWdWwD1nVsA9Z1bAPWdWwD1nVsA9Z1bAPWdWwD1nVsA9Z1bAPWdWwD///8A9Z1b//WdW//1nVv/9Z1bAPWdWwD1nVsA9Z1bAPWdWwD1nVsA9Z1bAPWdWwD1nVsA9Z1bAPWdWwD1nVsA9Z1bAPWdWwD1nVsA9Z1bAPWdWwD1nVsA9Z1bAPWdWwD///8A9Z1b//WdW//1nVv/9Z1bAPWdWwD1nVsA9Z1bAPWdWwD1nVsA9Z1bAPWdWwD1nVv/9Z1b//WdW//1nVv/9Z1b//WdW//1nVv/9Z1b//WdW//1nVv/9Z1b//WdW/////8A9Z1b//WdW//1nVv/9Z1bAPWdWwD1nVsA9Z1bAPWdWwD1nVsA9Z1bAPWdWwD1nVv/9Z1b//WdW//1nVv/9Z1b//WdW//1nVv/9Z1b//WdW//1nVv/9Z1b//WdW/////8A9Z1b//WdW//1nVv/9Z1bAPWdWwD1nVsA9Z1bAPWdWwD1nVsA9Z1bAPWdWwD1nVv/9Z1b//WdW//1nVv/9Z1b//WdW//1nVv/9Z1b//WdW//1nVv/9Z1b//WdW/////8A9Z1b//WdW//1nVv/9Z1bAPWdWwD1nVsA9Z1bAPWdWwD1nVsA9Z1bAPWdWwD1nVv/9Z1b//WdW//1nVv/9Z1b//WdW//1nVv/9Z1b//WdW//1nVv/9Z1b//WdW/////8A9Z1b//WdW//1nVv/9Z1bAPWdW//1nVv/9Z1b//WdW//1nVv/9Z1b//WdWxr1nVv/9Z1b//WdW//1nVv/9Z1b//WdW//1nVv/9Z1b//WdW//1nVv/9Z1b//WdW/////8A9Z1b//WdW//1nVv/9Z1bAPWdW//1nVv/9Z1b//WdW//1nVv/9Z1b//WdWxr1nVv/9Z1b//WdW//1nVv/9Z1b//WdW//1nVv/9Z1b//WdW//1nVv/9Z1b//WdW/////8A9Z1b//WdW//1nVv/9Z1bAPWdW//1nVv/9Z1b//WdW//1nVv/9Z1b//WdWxr1nVv/9Z1b//WdW//1nVv/9Z1b//WdW//1nVv/9Z1b//WdW//1nVv/9Z1b//WdW/////8A9Z1b//WdW//1nVv/9Z1bAPWdW//1nVv/9Z1b//WdW//1nVv/9Z1b//WdWxr1nVv/9Z1b//WdW//1nVv/9Z1b//WdW//1nVv/9Z1b//WdW//1nVv/9Z1b//WdW/////8A9Z1b//WdW//1nVv/9Z1bAPWdW//1nVv/9Z1b//WdW//1nVv/9Z1b//WdWxr1nVv/9Z1b//WdW//1nVv/9Z1b//WdW//1nVv/9Z1b//WdW//1nVv/9Z1b//WdW/////8A9Z1b//WdW//1nVv/9Z1bAPWdW//1nVv/9Z1b//WdW//1nVv/9Z1b//WdWxr1nVv/9Z1b//WdW//1nVv/9Z1b//WdW//1nVv/9Z1b//WdW//1nVv/9Z1b//WdW/////8A9Z1b//WdW//1nVv/9Z1bAPWdW//1nVv/9Z1b//WdW//1nVv/9Z1b//WdWxr1nVv/9Z1b//WdW//1nVv/9Z1b//WdW//1nVv/9Z1b//WdW//1nVv/9Z1b//WdW/////8A9Z1b//WdW//1nVv/9Z1bAPWdW//1nVv/9Z1b//WdW//1nVv/9Z1b//WdWxr1nVsa9Z1bGvWdWxr1nVsa9Z1bGvWdWwD1nVsA9Z1bAPWdWwD1nVsA9Z1bAPWdWwD///8A9Z1b//WdW//1nVv/9Z1bAPWdW//1nVv/9Z1b//WdW//1nVv/9Z1b//WdW//1nVv/9Z1b//WdW//1nVv/9Z1b//WdWwD1nVsA9Z1bAPWdWwD1nVsA9Z1bAPWdWwD///8A9Z1b//WdW//1nVv/9Z1bAPWdW//1nVv/9Z1b//WdW//1nVv/9Z1b//WdW//1nVv/9Z1b//WdW//1nVv/9Z1b//WdWwD1nVsA9Z1bAPWdWwD1nVsA9Z1bAPWdWwD///8A9Z1b//WdW//1nVv/9Z1bAPWdW//1nVv/9Z1b//WdW//1nVv/9Z1b//WdW//1nVv/9Z1b//WdW//1nVv/9Z1b//WdWwD1nVsA9Z1bAPWdWwD1nVsA9Z1bAPWdWwCP//8Aj///AI///wCP//8Aj///AI///wCP//8Aj///AI///wCP8AAAj/AAAI/wAACP8AAAiAAAAIgAAACIAAAAiAAAAIgAAACIAAAAiAAAAIgAfwCIAH8AiAB/AIgAfwAoAAAAIAAAAEAAAAABACAAAAAAAAAAAAAAAAAAAAAAAAAAAAAAAAAA////AP///wDZx6sA2cerANnHqwDZx6sA////AP///wD///8A////AP///wD///8A////AP///wD///8A////AP///wD///8A////AP///wD///8A////AP///wD///8A////AP///wD///8A////AP///wD///8A////AP///wD///8A////ANnHqwDZx6sA2cer7dnHqwD///8A////AP///wD///8A////AP///wD///8A////AP///wD///8A////AP///wD///8A////AP///wD///8A////AP///wD///8A////AP///wD///8A////AP///wD///8A////AP///wD///8A2cerANnHqwDZx6v/2cerAP///wD///8A////AP///wD///8A////AP///wD///8A////AP///wD///8A////AP///wD///8A////AP///wD///8A////AP///wD///8A////AP///wD///8A////AP///wD///8A////AP///wDZx6sA2cerANnHq//Zx6sA////AP///wD///8A////AP///wD///8A////AP///wD///8A////AP///wD///8A////AP///wD///8A////AP///wD///8A////AP///wD///8A////AP///wD///8A////AP///wD///8A////ANnHqwDZx6sA2cer/9nHqwD///8A////AP///wD///8A////AP///wD///8A////AP///wD///8A////AP///wD///8A////AP///wD///8A////AP///wD///8A////AP///wD///8A////AP///wD///8A////AP///wD///8A2cerANnHqwDZx6v/2cerAP///wD///8A////AP///wD///8A////AP///wD///8A////AP///wD///8A////AP///wD///8A////AP///wD///8A////AP///wD///8A////AP///wD///8A////AP///wD///8A////AP///wDZx6sA2cerANnHq//Zx6sA////AP///wD///8A////AP///wD///8A////AP///wD///8A////AP///wD///8A////AP///wD///8A////AP///wD///8A////AP///wD///8A////AP///wD///8A////AP///wD///8A////ANnHqwDZx6sA2cer/9nHqwD///8A////AP///wD///8A////AP///wD///8A////AP///wD///8A////AP///wD///8A////AP///wD///8A////AP///wD///8A////AP///wD///8A////AP///wD///8A////AP///wD///8A2cerANnHqwDZx6v/2cerAP///wD///8A////AP///wD///8A////AP///wD///8A////AP///wD///8A////AP///wD///8A////AP///wD///8A////AP///wD///8A////AP///wD///8A////AP///wD///8A////AP///wDZx6sA2cerANnHq//Zx6sA////AP///wD///8A////AP///wD///8A////AP///wD///8A////AP///wD///8A////AP///wD///8A////AP///wD///8A////AP///wD///8A////AP///wD///8A////AP///wD///8A////ANnHqwDZx6sA2cer/9nHqwD///8A////AP///wD///8A////AP///wD///8A////AP///wD///8A////AP///wD///8A////AP///wD///8A////AP///wD///8A////AP///wD///8A////AP///wD///8A////AP///wD///8A2cerANnHqwDZx6v/2cerAP///wD///8A////AP///wD///8A////AP///wD///8A////AP///wD///8A////AP///wD///8A////AP///wD///8A////AP///wD///8A////AP///wD///8A////AP///wD///8A////AP///wDZx6sA2cerANnHq//Zx6sA////AP///wD///8A////AP///wD///8A////AP///wD///8A////AP///wD///8A////AP///wD///8A////AP///wD///8A////AP///wD///8A////AP///wD///8A////AP///wD///8A////ANnHqwDZx6sA2cer/9nHq2DZx6sM////AP///wD///8A////AP///wD///8A////AP///wD///8A////ANnHqxbZx6tX2cermdnHq8zZx6vv2cer/9nHq/3Zx6vn2ceryNnHq5vZx6tn2cerJf///wD///8A////AP///wD///8A2cerANnHqwDZx6v/59S2/9nHq/fZx6u52cerddnHqz3Zx6sX2cerBtnHqw/Zx6sm2cerU9nHq5HZx6vT2cer/ubTtf/w3L3/9+PD//3ox///6sn//+rJ//vnxv/34sP/8Ny9/+jVt//Zx6v/////AP///wD///8A////AP///wDZx6sA2cerANnHq///6sn//unI//Xgwf/q17n/4s+y/9zKrv/ayKz/28mt/9/Mr//l0rX/79u8//jkxP//6sn//+rJ///qyf//6sn//+rJ///qyf//6sn//+rJ///qyf//6sn//+rJ/9nHq/////8A////AP///wD///8A////ANnHqwDZx6sA2cer///qyf//6sn//+rJ///qyf//6sn//+rJ///qyf//6sn//+rJ///qyf//6sn//+rJ///qyf//6sn//+rJ///qyf//6sn//+rJ///qyf//6sn//+rJ///qyf//6sn/2cer/////wD///8A////AP///wD///8A2cerANnHqwDZx6v//+rJ///qyf//6sn//+rJ///qyf//6sn//+rJ///qyf//6sn//+rJ///qyf//6sn//+rJ///qyf//6sn//+rJ///qyf//6sn//+rJ///qyf//6sn//+rJ///qyf/Zx6v/////AP///wD///8A////AP///wDZx6sA2cerANnHq///6sn//+rJ///qyf//6sn//+rJ///qyf//6sn//+rJ///qyf//6sn//+rJ///qyf//6sn//+rJ///qyf//6sn//+rJ///qyf//6sn//+rJ///qyf//6sn//+rJ/9nHq/////8A////AP///wD///8A////ANnHqwDZx6sA2cer///qyf//6sn//+rJ///qyf//6sn//+rJ///qyf//6sn//+rJ///qyf//6sn//+rJ///qyf//6sn//+rJ///qyf//6sn//+rJ///qyf//6sn//+rJ///qyf//6sn/2cer/////wD///8A////AP///wD///8A2cerANnHqwDZx6v//+rJ///qyf//6sn//+rJ///qyf//6sn//+rJ///qyf//6sn//+rJ///qyf//6sn//+rJ///qyf//6sn//+rJ///qyf//6sn//+rJ///qyf//6sn//+rJ///qyf/Zx6v/////AP///wD///8A////AP///wDZx6sA2cerANnHq///6sn//+rJ///qyf//6sn//+rJ///qyf//6sn//+rJ///qyf//6sn//+rJ///qyf//6sn//+rJ///qyf//6sn//+rJ///qyf//6sn//+rJ///qyf//6sn//+rJ/9nHq/////8A////AP///wD///8A////ANnHqwDZx6sA2cer///qyf//6sn//+rJ///qyf//6sn//+rJ///qyf//6sn//+rJ///qyf//6sn//+rJ///qyf//6sn//+rJ///qyf//6sn//+rJ///qyf//6sn//+rJ///qyf//6sn/2cer/////wD///8A////AP///wD///8A2cerANnHqwDZx6v//+rJ///qyf//6sn//+rJ///qyf//6sn//+rJ///qyf//6sn//+rJ///qyf//6sn//+rJ///qyf//6sn//+rJ///qyf//6sn//+rJ///qyf//6sn//+rJ///qyf/Zx6v/////AP///wD///8A////AP///wDZx6sA2cerANnHq///6sn//+rJ///qyf//6sn//+rJ///qyf//6sn//+rJ///qyf//6sn//+rJ///qyf//6sn//+rJ///qyf//6sn//+rJ///qyf//6sn//+rJ///qyf//6sn//+rJ/9nHq/////8A////AP///wD///8A////ANnHqwDZx6sA2cer///qyf//6sn//+rJ///qyf//6sn//+rJ///qyf//6sn//+rJ///qyf//6sn//+rJ///qyf//6sn//+rJ///qyf//6sn//+rJ///qyf//6sn//+rJ///qyf//6sn/2cer/////wD///8A////AP///wD///8A2cerANnHqwDZx6v//+rJ///qyf//6sn//+rJ///qyf//6sn//+rJ///qyf//6sn//+rJ///qyf//6sn//+rJ///qyf//6sn//+rJ///qyf//6sn//+rJ///qyf//6sn//+rJ///qyf/Zx6v/////AP///wD///8A////AP///wDZx6sA2cerANnHq///6sn//+rJ///qyf//6sn//+rJ///qyf//6sn//+rJ///qyf//6sn//+rJ///qyf//6sn//+rJ///qyf//6sn//+rJ///qyf//6sn//+rJ///qyf//6sn//+rJ/9nHq/////8A////AP///wD///8A////ANnHqwDZx6sA2cer//Dcvf/86Mf//+rJ///qyf//6sn//+rJ///qyf//6sn//+rJ///qyf//6sn//+rJ//znxv/y3r//6NW3/+DOsf/cya3/2cer/9rIrP/dyq7/4s+y/+jVt//w3L3/2cer/////wD///8A////AP///wD///8A2cerANnHqwDZx6vy2cermdnHq+3i0LL/7dm7//bhwv/858b//unJ//3ox//65cX/89/A/+rWuP/gzbD/2cer6NnHq6bZx6tj2cerMdnHqxL///8A2cerBdnHqxnZx6s62cerZdnHq5rZx6vd////AP///wD///8A////AP///wDZx6sA2cerANnHqwDZx6sA2cerBtnHqz/Zx6uG2cerwNnHq+jZx6v72cer8tnHq9vZx6uv2cerb9nHqyzZx6sB////AP///wD///8A////AP///wD///8A////AP///wD///8A////AP///wD///8A////AP///wD///8A////ANnHqwDZx6sA2cerANnHqwD///8A////AP///wD///8A////AP///wD///8A////AP///wD///8A////AP///wD///8A////AP///wD///8A////AP///wD///8A////AP///wD///8A////AP///wD///8A////AP/////3////9/////f////3////9/////f////3////9/////f////3////9/////f////x/4AH8AAAB/AAAAfwAAAH8AAAB/AAAAfwAAAH8AAAB/AAAAfwAAAH8AAAB/AAAAfwAAAH8AAAB/AAAAfwAAAH8AACB/wAP///////KAAAACAAAABAAAAAAQAgAAAAAAAAAAAAAAAAAAAAAAAAAAAAAAAAAP///wD///8A////AP///wD///8A////AP///wD///8A////AP///wD///8A////AP///wD///8A////AP///wD///8A////AP///wD///8A////AP///wD///8A////AP///wD///8A////AP///wD///8A////AP///wD///8A////AP///wD///8A////AP///wD///8A////AP///wD///8A////AP///wD///8A////AP///wD///8A////AP///wD///8A////AP///wD///8A////AP///wD///8A////AP///wD///8A////AP///wD///8A////AP///wD///8A////APWdW//1nVv/9Z1b//WdWwD1nVsA9Z1bAPWdWwD1nVsA9Z1bAPWdWwD1nVsA9Z1bAPWdWwD1nVsA9Z1bAPWdWwD1nVsA9Z1bAPWdWwD1nVsA9Z1bAPWdWwD1nVsA9Z1bAPWdWwD1nVsA9Z1bAPWdWwD///8A////AP///wD///8A9Z1b//WdW//1nVv/9Z1bAPWdWwD1nVsA9Z1bAPWdWwD1nVsA9Z1bAPWdWwD1nVsA9Z1bAPWdWwD1nVsA9Z1bAPWdWwD1nVsA9Z1bAPWdWwD1nVsA9Z1bAPWdWwD1nVsA9Z1bAPWdWwD1nVsA9Z1bAP///wD///8A////AP///wD1nVv/9Z1b//WdW//1nVsA9Z1bAPWdWwD1nVsA9Z1bAPWdWwD1nVsA9Z1bAPWdWwD1nVsA9Z1bAPWdWwD1nVsA9Z1bAPWdWwD1nVsA9Z1bAPWdWwD1nVsA9Z1bAPWdWwD1nVsA9Z1bAPWdWwD1nVsA////AP///wD///8A////APWdW//1nVv/9Z1b//WdWwD1nVsA9Z1bAPWdWwD1nVsA9Z1bAPWdWwD1nVsA9Z1bAPWdWwD1nVsA9Z1bAPWdWwD1nVsA9Z1bAPWdWwD1nVsA9Z1bAPWdWwD1nVsA9Z1bAPWdWwD1nVsA9Z1bAPWdWwD///8A////AP///wD///8A9Z1b//WdW//1nVv/9Z1bAPWdWwD1nVsA9Z1bAPWdWwD1nVsA9Z1bAPWdWwD1nVsA9Z1bAPWdWwD1nVsA9Z1bAPWdWwD1nVsA9Z1bAPWdWwD1nVsA9Z1bAPWdWwD1nVsA9Z1bAPWdWwD1nVsA9Z1bAP///wD///8A////AP///wD1nVv/9Z1b//WdW//1nVsA9Z1bAPWdWwD1nVsA9Z1bAPWdWwD1nVsA9Z1bAPWdWwD1nVsA9Z1bAPWdWwD1nVsA9Z1bAPWdWwD1nVsA9Z1bAPWdWwD1nVsA9Z1bAPWdWwD1nVsA9Z1bAPWdWwD1nVsA////AP///wD///8A////APWdW//1nVv/9Z1b//WdWwD1nVsA9Z1bAPWdWwD1nVsA9Z1bAPWdWwD1nVsA9Z1bAPWdWwD1nVsA9Z1bAPWdWwD1nVsA9Z1bAPWdWwD1nVsA9Z1bAPWdWwD1nVsA9Z1bAPWdWwD1nVsA9Z1bAPWdWwD///8A////AP///wD///8A9Z1b//WdW//1nVv/9Z1bAPWdWwD1nVsA9Z1bAPWdWwD1nVsA9Z1bAPWdWwD1nVsA9Z1bAPWdWwD1nVsA9Z1bAPWdWwD1nVsA9Z1bAPWdWwD1nVsA9Z1bAPWdWwD1nVsA9Z1bAPWdWwD1nVsA9Z1bAP///wD///8A////AP///wD1nVv/9Z1b//WdW//1nVsA9Z1bAPWdWwD1nVsA9Z1bAPWdWwD1nVsA9Z1bAPWdWwD1nVsA9Z1bAPWdWwD1nVsA9Z1bAPWdWwD1nVsA9Z1bAPWdWwD1nVsA9Z1bAPWdWwD1nVsA9Z1bAPWdWwD1nVsA////AP///wD///8A////APWdW//1nVv/9Z1b//WdWwD1nVsA9Z1bAPWdWwD1nVsA9Z1bAPWdWwD1nVsA9Z1bAPWdWwD1nVsA9Z1bAPWdWwD1nVsA9Z1bAPWdWwD1nVsA9Z1bAPWdWwD1nVsA9Z1bAPWdWwD1nVsA9Z1bAPWdWwD///8A////AP///wD///8A9Z1b//WdW//1nVv/9Z1bAPWdWwD1nVsA9Z1bAPWdWwD1nVsA9Z1bAPWdWwD1nVsA9Z1b//WdW//1nVv/9Z1b//WdW//1nVv/9Z1b//WdW//1nVv/9Z1b//WdW//1nVv/9Z1b//WdW//1nVv/9Z1b/////wD///8A////AP///wD1nVv/9Z1b//WdW//1nVsA9Z1bAPWdWwD1nVsA9Z1bAPWdWwD1nVsA9Z1bAPWdWwD1nVv/9Z1b//WdW//1nVv/9Z1b//WdW//1nVv/9Z1b//WdW//1nVv/9Z1b//WdW//1nVv/9Z1b//WdW//1nVv/////AP///wD///8A////APWdW//1nVv/9Z1b//WdWwD1nVsA9Z1bAPWdWwD1nVsA9Z1bAPWdWwD1nVsA9Z1bAPWdW//1nVv/9Z1b//WdW//1nVv/9Z1b//WdW//1nVv/9Z1b//WdW//1nVv/9Z1b//WdW//1nVv/9Z1b//WdW/////8A////AP///wD///8A9Z1b//WdW//1nVv/9Z1bAPWdWwD1nVsA9Z1bAPWdWwD1nVsA9Z1bAPWdWwD1nVsA9Z1b//WdW//1nVv/9Z1b//WdW//1nVv/9Z1b//WdW//1nVv/9Z1b//WdW//1nVv/9Z1b//WdW//1nVv/9Z1b/////wD///8A////AP///wD1nVv/9Z1b//WdW//1nVsA9Z1b//WdW//1nVv/9Z1b//WdW//1nVv/9Z1b//WdWxr1nVv/9Z1b//WdW//1nVv/9Z1b//WdW//1nVv/9Z1b//WdW//1nVv/9Z1b//WdW//1nVv/9Z1b//WdW//1nVv/////AP///wD///8A////APWdW//1nVv/9Z1b//WdWwD1nVv/9Z1b//WdW//1nVv/9Z1b//WdW//1nVv/9Z1bGvWdW//1nVv/9Z1b//WdW//1nVv/9Z1b//WdW//1nVv/9Z1b//WdW//1nVv/9Z1b//WdW//1nVv/9Z1b//WdW/////8A////AP///wD///8A9Z1b//WdW//1nVv/9Z1bAPWdW//1nVv/9Z1b//WdW//1nVv/9Z1b//WdW//1nVsa9Z1b//WdW//1nVv/9Z1b//WdW//1nVv/9Z1b//WdW//1nVv/9Z1b//WdW//1nVv/9Z1b//WdW//1nVv/9Z1b/////wD///8A////AP///wD1nVv/9Z1b//WdW//1nVsA9Z1b//WdW//1nVv/9Z1b//WdW//1nVv/9Z1b//WdWxr1nVv/9Z1b//WdW//1nVv/9Z1b//WdW//1nVv/9Z1b//WdW//1nVv/9Z1b//WdW//1nVv/9Z1b//WdW//1nVv/////AP///wD///8A////APWdW//1nVv/9Z1b//WdWwD1nVv/9Z1b//WdW//1nVv/9Z1b//WdW//1nVv/9Z1bGvWdW//1nVv/9Z1b//WdW//1nVv/9Z1b//WdW//1nVv/9Z1b//WdW//1nVv/9Z1b//WdW//1nVv/9Z1b//WdW/////8A////AP///wD///8A9Z1b//WdW//1nVv/9Z1bAPWdW//1nVv/9Z1b//WdW//1nVv/9Z1b//WdW//1nVsa9Z1b//WdW//1nVv/9Z1b//WdW//1nVv/9Z1b//WdW//1nVv/9Z1b//WdW//1nVv/9Z1b//WdW//1nVv/9Z1b/////wD///8A////AP///wD1nVv/9Z1b//WdW//1nVsA9Z1b//WdW//1nVv/9Z1b//WdW//1nVv/9Z1b//WdWxr1nVv/9Z1b//WdW//1nVv/9Z1b//WdW//1nVv/9Z1b//WdW//1nVv/9Z1b//WdW//1nVv/9Z1b//WdW//1nVv/////AP///wD///8A////APWdW//1nVv/9Z1b//WdWwD1nVv/9Z1b//WdW//1nVv/9Z1b//WdW//1nVv/9Z1bGvWdW//1nVv/9Z1b//WdW//1nVv/9Z1b//WdW//1nVv/9Z1b//WdW//1nVv/9Z1b//WdW//1nVv/9Z1b//WdW/////8A////AP///wD///8A9Z1b//WdW//1nVv/9Z1bAPWdW//1nVv/9Z1b//WdW//1nVv/9Z1b//WdW//1nVsa9Z1b//WdW//1nVv/9Z1b//WdW//1nVv/9Z1b//WdW//1nVv/9Z1b//WdW//1nVv/9Z1b//WdW//1nVv/9Z1b/////wD///8A////AP///wD1nVv/9Z1b//WdW//1nVsA9Z1b//WdW//1nVv/9Z1b//WdW//1nVv/9Z1b//WdWxr1nVv/9Z1b//WdW//1nVv/9Z1b//WdW//1nVv/9Z1b//WdW//1nVv/9Z1b//WdW//1nVv/9Z1b//WdW//1nVv/////AP///wD///8A////APWdW//1nVv/9Z1b//WdWwD1nVv/9Z1b//WdW//1nVv/9Z1b//WdW//1nVv/9Z1bGvWdWxr1nVsa9Z1bGvWdWxr1nVsa9Z1bGvWdWxr1nVsa9Z1bAPWdWwD1nVsA9Z1bAPWdWwD1nVsA9Z1bAPWdWwD///8A////AP///wD///8A9Z1b//WdW//1nVv/9Z1bAPWdW//1nVv/9Z1b//WdW//1nVv/9Z1b//WdW//1nVv/9Z1b//WdW//1nVv/9Z1b//WdW//1nVv/9Z1b//WdW//1nVsA9Z1bAPWdWwD1nVsA9Z1bAPWdWwD1nVsA9Z1bAP///wD///8A////AP///wD1nVv/9Z1b//WdW//1nVsA9Z1b//WdW//1nVv/9Z1b//WdW//1nVv/9Z1b//WdW//1nVv/9Z1b//WdW//1nVv/9Z1b//WdW//1nVv/9Z1b//WdWwD1nVsA9Z1bAPWdWwD1nVsA9Z1bAPWdWwD1nVsA////AP///wD///8A////APWdW//1nVv/9Z1b//WdWwD1nVv/9Z1b//WdW//1nVv/9Z1b//WdW//1nVv/9Z1b//WdW//1nVv/9Z1b//WdW//1nVv/9Z1b//WdW//1nVv/9Z1bAPWdWwD1nVsA9Z1bAPWdWwD1nVsA9Z1bAPWdWwD///8A////AP///wD///8A////AP///wD///8A////AP///wD///8A////AP///wD///8A////AP///wD///8A////AP///wD///8A////AP///wD///8A////AP///wD///8A////AP///wD///8A////AP///wD///8A////AP///wD///8A////AP///wD///8A////AP///wD///8A////AP///wD///8A////AP///wD///8A////AP///wD///8A////AP///wD///8A////AP///wD///8A////AP///wD///8A////AP///wD///8A////AP///wD///8A////AP///wD//////////8f////H////x////8f////H////x////8f////H////x////8f////H/AADx/wAA8f8AAPH/AADxAAAA8QAAAPEAAADxAAAA8QAAAPEAAADxAAAA8QAAAPEAAADxAAAA8QAA//EAAP/xAAD/8QAA////////////ygAAAAwAAAAYAAAAAEAIAAAAAAAAAAAAAAAAAAAAAAAAAAAAAAAAAD///8A////AP///wD///8A////AP///wD///8A////AP///wD///8A////AP///wD///8A////AP///wD///8A////AP///wD///8A////AP///wD///8A////AP///wD///8A////AP///wD///8A////AP///wD///8A////AP///wD///8A////AP///wD///8A////AP///wD///8A////AP///wD///8A////AP///wD///8A////AP///wD///8A////AP///wD///8A////AP///wD///8A////AP///wD///8A////AP///wD///8A////AP///wD///8A////AP///wD///8A////AP///wD///8A////AP///wD///8A////AP///wD///8A////AP///wD///8A////AP///wD///8A////AP///wD///8A////AP///wD///8A////AP///wD///8A////AP///wD///8A////AP///wD///8A////AP///wD///8A////AP///wD///8A////AP///wD///8A////AP///wD///8A////AP///wD///8A////AP///wD///8A////AP///wD///8A////AP///wD///8A////AP///wD///8A////AP///wD///8A////AP///wD///8A////AP///wD///8A////AP///wD///8A////AP///wD///8A////AP///wD///8A////AP///wD///8A////AP///wD///8A////AP///wD///8A////AP///wD///8A////AP///wD///8A////AP///wD///8A////AP///wD///8A////AP///wD///8A////AP///wD///8A////AP///wD///8A////AP///wD///8A////AP///wD///8A////AP///wD///8A////AP///wD///8A////AP///wD///8A////AP///wD///8A////AP///wD///8A////AP///wD///8A////APzTe//803v//NN7/////wD///8A////AP///wD///8A////AP///wD///8A/NN7APzTewD803sA/NN7APzTewD803sA/NN7APzTewD803sA/NN7APzTewD803sA/NN7APzTewD803sA/NN7AP///wD///8A////AP///wD///8A////AP///wD///8A////AP///wD///8A////AP///wD///8A////AP///wD///8A////AP///wD///8A////APzTe//803v//NN7/////wD///8A////AP///wD///8A////AP///wD///8A/NN7APzTewD803sA/NN7APzTewD803sA/NN7APzTewD803sA/NN7APzTewD803sA/NN7APzTewD803sA/NN7AP///wD///8A////AP///wD///8A////AP///wD///8A////AP///wD///8A////AP///wD///8A////AP///wD///8A////AP///wD///8A////APzTe//803v//NN7/////wD///8A////AP///wD///8A////AP///wD///8A/NN7APzTewD803sA/NN7APzTewD803sA/NN7APzTewD803sA/NN7APzTewD803sA/NN7APzTewD803sA/NN7AP///wD///8A////AP///wD///8A////AP///wD///8A////AP///wD///8A////AP///wD///8A////AP///wD///8A////AP///wD///8A////APzTe//803v//NN7/////wD///8A////AP///wD///8A////AP///wD///8A/NN7APzTewD803sA/NN7APzTewD803sA/NN7APzTewD803sA/NN7APzTewD803sA/NN7APzTewD803sA/NN7AP///wD///8A////AP///wD///8A////AP///wD///8A////AP///wD///8A////AP///wD///8A////AP///wD///8A////AP///wD///8A////APzTe//803v//NN7/////wD///8A////AP///wD///8A////AP///wD///8A/NN7APzTewD803sA/NN7APzTewD803sA/NN7APzTewD803sA/NN7APzTewD803sA/NN7APzTewD803sA/NN7AP///wD///8A////AP///wD///8A////AP///wD///8A////AP///wD///8A////AP///wD///8A////AP///wD///8A////AP///wD///8A////APzTe//803v//NN7/////wD///8A////AP///wD///8A////AP///wD///8A/NN7APzTewD803sA/NN7APzTewD803sA/NN7APzTewD803sA/NN7APzTewD803sA/NN7APzTewD803sA/NN7AP///wD///8A////AP///wD///8A////AP///wD///8A////AP///wD///8A////AP///wD///8A////AP///wD///8A////AP///wD///8A////APzTe//803v//NN7/////wD///8A////AP///wD///8A////AP///wD///8A/NN7APzTewD803sA/NN7APzTewD803sA/NN7APzTewD803sA/NN7APzTewD803sA/NN7APzTewD803sA/NN7AP///wD///8A////AP///wD///8A////AP///wD///8A////AP///wD///8A////AP///wD///8A////AP///wD///8A////AP///wD///8A////APzTe//803v//NN7/////wD///8A////AP///wD///8A////AP///wD///8A/NN7APzTewD803sA/NN7APzTewD803sA/NN7APzTewD803sA/NN7APzTewD803sA/NN7APzTewD803sA/NN7AP///wD///8A////AP///wD///8A////AP///wD///8A////AP///wD///8A////AP///wD///8A////AP///wD///8A////AP///wD///8A////APzTe//803v//NN7/////wD///8A////AP///wD///8A////AP///wD///8A/NN7APzTewD803sA/NN7APzTewD803sA/NN7APzTewD803sA/NN7APzTewD803sA/NN7APzTewD803sA/NN7AP///wD///8A////AP///wD///8A////AP///wD///8A////AP///wD///8A////AP///wD///8A////AP///wD///8A////AP///wD///8A////APzTe//803v//NN7/////wD///8A////AP///wD///8A////AP///wD///8A/NN7APzTewD803sA/NN7APzTewD803sA/NN7APzTewD803sA/NN7APzTewD803sA/NN7APzTewD803sA/NN7AP///wD///8A////AP///wD///8A////AP///wD///8A////AP///wD///8A////AP///wD///8A////AP///wD///8A////AP///wD///8A////APzTe//803v//NN7/////wD///8A////AP///wD///8A////AP///wD///8A/NN7APzTewD803sA/NN7APzTewD803sA/NN7APzTewD803sA/NN7APzTewD803sA/NN7APzTewD803sA/NN7AP///wD///8A////AP///wD///8A////AP///wD///8A////AP///wD///8A////AP///wD///8A////AP///wD///8A////AP///wD///8A////APzTe//803v//NN7/////wD///8A////AP///wD///8A////AP///wD///8A/NN7APzTewD803sA/NN7APzTewD803sA/NN7APzTewD803sA/NN7APzTewD803sA/NN7APzTewD803sA/NN7AP///wD///8A////AP///wD///8A////AP///wD///8A////AP///wD///8A////AP///wD///8A////AP///wD///8A////AP///wD///8A////APzTe//803v//NN7/////wD///8A////AP///wD///8A////AP///wD///8A/NN7APzTewD803sA/NN7APzTewD803sA/NN7APzTewD803sA/NN7APzTewD803sA/NN7APzTewD803sA/NN7AP///wD///8A////AP///wD///8A////AP///wD///8A////AP///wD///8A////AP///wD///8A////AP///wD///8A////AP///wD///8A////APzTe//803v//NN7/////wD///8A////AP///wD///8A////AP///wD///8A/NN7APzTewD803sA/NN7APzTewD803sA/NN7APzTewD803sA/NN7APzTewD803sA/NN7APzTewD803sA/NN7AP///wD///8A////AP///wD///8A////AP///wD///8A////AP///wD///8A////AP///wD///8A////AP///wD///8A////AP///wD///8A////APzTe//803v//NN7/////wD///8A////AP///wD///8A////AP///wD///8A/NN7APzTewD803sA/NN7APzTewD803sA/NN7//zTe//803v//NN7//zTe//803v//NN7//zTe//803v//NN7//zTe//803v//NN7//zTe//803v//NN7//zTe//803v//NN7//zTe//803v//NN7/////wD///8A////AP///wD///8A////AP///wD///8A////APzTe//803v//NN7/////wD///8A////AP///wD///8A////AP///wD///8A/NN7APzTewD803sA/NN7APzTewD803sA/NN7//zTe//803v//NN7//zTe//803v//NN7//zTe//803v//NN7//zTe//803v//NN7//zTe//803v//NN7//zTe//803v//NN7//zTe//803v//NN7/////wD///8A////AP///wD///8A////AP///wD///8A////APzTe//803v//NN7/////wD///8A////AP///wD///8A////AP///wD///8A/NN7APzTewD803sA/NN7APzTewD803sA/NN7//zTe//803v//NN7//zTe//803v//NN7//zTe//803v//NN7//zTe//803v//NN7//zTe//803v//NN7//zTe//803v//NN7//zTe//803v//NN7/////wD///8A////AP///wD///8A////AP///wD///8A////APzTe//803v//NN7/////wD///8A////AP///wD///8A////AP///wD///8A/NN7APzTewD803sA/NN7APzTewD803sA/NN7//zTe//803v//NN7//zTe//803v//NN7//zTe//803v//NN7//zTe//803v//NN7//zTe//803v//NN7//zTe//803v//NN7//zTe//803v//NN7/////wD///8A////AP///wD///8A////AP///wD///8A////APzTe//803v//NN7/////wD///8A////AP///wD///8A////AP///wD///8A/NN7APzTewD803sA/NN7APzTewD803sA/NN7//zTe//803v//NN7//zTe//803v//NN7//zTe//803v//NN7//zTe//803v//NN7//zTe//803v//NN7//zTe//803v//NN7//zTe//803v//NN7/////wD///8A////AP///wD///8A////AP///wD///8A////APzTe//803v//NN7/////wD///8A////AP///wD///8A////AP///wD///8A/NN7APzTewD803sA/NN7APzTewD803sA/NN7//zTe//803v//NN7//zTe//803v//NN7//zTe//803v//NN7//zTe//803v//NN7//zTe//803v//NN7//zTe//803v//NN7//zTe//803v//NN7/////wD///8A////AP///wD///8A////AP///wD///8A////APzTe//803v//NN7/////wD///8A/NN7//zTe//803v//NN7//zTe//803v//NN7//zTe//803v//NN7//zTewD803sA/NN7//zTe//803v//NN7//zTe//803v//NN7//zTe//803v//NN7//zTe//803v//NN7//zTe//803v//NN7//zTe//803v//NN7//zTe//803v//NN7/////wD///8A////AP///wD///8A////AP///wD///8A////APzTe//803v//NN7/////wD///8A/NN7//zTe//803v//NN7//zTe//803v//NN7//zTe//803v//NN7//zTewD803sA/NN7//zTe//803v//NN7//zTe//803v//NN7//zTe//803v//NN7//zTe//803v//NN7//zTe//803v//NN7//zTe//803v//NN7//zTe//803v//NN7/////wD///8A////AP///wD///8A////AP///wD///8A////APzTe//803v//NN7/////wD///8A/NN7//zTe//803v//NN7//zTe//803v//NN7//zTe//803v//NN7//zTewD803sA/NN7//zTe//803v//NN7//zTe//803v//NN7//zTe//803v//NN7//zTe//803v//NN7//zTe//803v//NN7//zTe//803v//NN7//zTe//803v//NN7/////wD///8A////AP///wD///8A////AP///wD///8A////APzTe//803v//NN7/////wD///8A/NN7//zTe//803v//NN7//zTe//803v//NN7//zTe//803v//NN7//zTewD803sA/NN7//zTe//803v//NN7//zTe//803v//NN7//zTe//803v//NN7//zTe//803v//NN7//zTe//803v//NN7//zTe//803v//NN7//zTe//803v//NN7/////wD///8A////AP///wD///8A////AP///wD///8A////APzTe//803v//NN7/////wD///8A/NN7//zTe//803v//NN7//zTe//803v//NN7//zTe//803v//NN7//zTewD803sA/NN7//zTe//803v//NN7//zTe//803v//NN7//zTe//803v//NN7//zTe//803v//NN7//zTe//803v//NN7//zTe//803v//NN7//zTe//803v//NN7/////wD///8A////AP///wD///8A////AP///wD///8A////APzTe//803v//NN7/////wD///8A/NN7//zTe//803v//NN7//zTe//803v//NN7//zTe//803v//NN7//zTewD803sA/NN7//zTe//803v//NN7//zTe//803v//NN7//zTe//803v//NN7//zTe//803v//NN7//zTe//803v//NN7//zTe//803v//NN7//zTe//803v//NN7/////wD///8A////AP///wD///8A////AP///wD///8A////APzTe//803v//NN7/////wD///8A/NN7//zTe//803v//NN7//zTe//803v//NN7//zTe//803v//NN7//zTewD803sA/NN7//zTe//803v//NN7//zTe//803v//NN7//zTe//803v//NN7//zTe//803v//NN7//zTe//803v//NN7//zTe//803v//NN7//zTe//803v//NN7/////wD///8A////AP///wD///8A////AP///wD///8A////APzTe//803v//NN7/////wD///8A/NN7//zTe//803v//NN7//zTe//803v//NN7//zTe//803v//NN7//zTewD803sA/NN7//zTe//803v//NN7//zTe//803v//NN7//zTe//803v//NN7//zTe//803v//NN7//zTe//803v//NN7//zTe//803v//NN7//zTe//803v//NN7/////wD///8A////AP///wD///8A////AP///wD///8A////APzTe//803v//NN7/////wD///8A/NN7//zTe//803v//NN7//zTe//803v//NN7//zTe//803v//NN7//zTewD803sA/NN7//zTe//803v//NN7//zTe//803v//NN7//zTe//803v//NN7//zTe//803v//NN7//zTe//803v//NN7//zTe//803v//NN7//zTe//803v//NN7/////wD///8A////AP///wD///8A////AP///wD///8A////APzTe//803v//NN7/////wD///8A/NN7//zTe//803v//NN7//zTe//803v//NN7//zTe//803v//NN7//zTewD803sA/NN7//zTe//803v//NN7//zTe//803v//NN7//zTe//803v//NN7//zTe//803v//NN7//zTe//803v//NN7//zTe//803v//NN7//zTe//803v//NN7/////wD///8A////AP///wD///8A////AP///wD///8A////APzTe//803v//NN7/////wD///8A/NN7//zTe//803v//NN7//zTe//803v//NN7//zTe//803v//NN7//zTewD803sA/NN7//zTe//803v//NN7//zTe//803v//NN7//zTe//803v//NN7//zTe//803v//NN7//zTe//803v//NN7//zTe//803v//NN7//zTe//803v//NN7/////wD///8A////AP///wD///8A////AP///wD///8A////APzTe//803v//NN7/////wD///8A/NN7//zTe//803v//NN7//zTe//803v//NN7//zTe//803v//NN7//zTewD803sA/NN7//zTe//803v//NN7//zTe//803v//NN7//zTe//803v//NN7//zTe//803v//NN7//zTe//803v//NN7//zTe//803v//NN7//zTe//803v//NN7/////wD///8A////AP///wD///8A////AP///wD///8A////APzTe//803v//NN7/////wD///8A/NN7//zTe//803v//NN7//zTe//803v//NN7//zTe//803v//NN7//zTewD803sA/NN7//zTe//803v//NN7//zTe//803v//NN7//zTe//803v//NN7//zTe//803v//NN7//zTe//803v//NN7//zTe//803v//NN7//zTe//803v//NN7/////wD///8A////AP///wD///8A////AP///wD///8A////APzTe//803v//NN7/////wD///8A/NN7//zTe//803v//NN7//zTe//803v//NN7//zTe//803v//NN7//zTewD803sA/NN7//zTe//803v//NN7//zTe//803v//NN7//zTe//803v//NN7//zTe//803v//NN7//zTe//803v//NN7//zTe//803v//NN7//zTe//803v//NN7/////wD///8A////AP///wD///8A////AP///wD///8A////APzTe//803v//NN7/////wD///8A/NN7//zTe//803v//NN7//zTe//803v//NN7//zTe//803v//NN7//zTewD803sA/NN7MvzTe5j803vy/NN7//zTe//803v//NN7//zTe//803v//NN7/////wD///8A////AP///wD///8A////AP///wD///8A////AP///wD///8A////AP///wD///8A////AP///wD///8A////AP///wD///8A////APzTe//803v//NN7/////wD///8A/NN7//zTe//803v//NN7//zTe//803v//NN7//zTe//803v//NN7//zTe8D803tA/NN7APzTewD803sM/NN7ZfzTe8v803v//NN7//zTe//803v//NN7/////wD///8A////AP///wD///8A////AP///wD///8A////AP///wD///8A////AP///wD///8A////AP///wD///8A////AP///wD///8A////APzTe//803v//NN7/////wD///8A/NN7//zTe//803v//NN7//zTe//803v//NN7//zTe//803v//NN7//zTe//803v//NN7zfzTe2f803sN/NN7APzTewD803sy/NN7mPzTe/L803v//NN7/////wD///8A////AP///wD///8A////AP///wD///8A////AP///wD///8A////AP///wD///8A////AP///wD///8A////AP///wD///8A////APzTe//803v//NN7/////wD///8A/NN7//zTe//803v//NN7//zTe//803v//NN7//zTe//803v//NN7//zTe//803v//NN7//zTe//803vz/NN7mvzTezT803sA/NN7APzTewz803tl/NN7y////wD///8A////AP///wD///8A////AP///wD///8A////AP///wD///8A////AP///wD///8A////AP///wD///8A////AP///wD///8A////APzTe//803v//NN7/////wD///8A/NN7//zTe//803v//NN7//zTe//803v//NN7//zTe//803v//NN7//zTe//803v//NN7//zTe//803v//NN7//zTe//803vN/NN7Z/zTew3803sA/NN7AP///wD///8A////AP///wD///8A////AP///wD///8A////AP///wD///8A////AP///wD///8A////AP///wD///8A////AP///wD///8A////APzTe//803v//NN7/////wD///8A/NN7//zTe//803v//NN7//zTe//803v//NN7//zTe//803v//NN7//zTe//803v//NN7//zTe//803v//NN7//zTe//803v//NN7//zTe/P803sA/NN7AP///wD///8A////AP///wD///8A////AP///wD///8A////AP///wD///8A////AP///wD///8A////AP///wD///8A////AP///wD///8A////AP///wD///8A////AP///wD///8A////AP///wD///8A////AP///wD///8A////AP///wD///8A////AP///wD///8A////AP///wD///8A////AP///wD///8A////AP///wD///8A////AP///wD///8A////AP///wD///8A////AP///wD///8A////AP///wD///8A////AP///wD///8A////AP///wD///8A////AP///wD///8A////AP///wD///8A////AP///wD///8A////AP///wD///8A////AP///wD///8A////AP///wD///8A////AP///wD///8A////AP///wD///8A////AP///wD///8A////AP///wD///8A////AP///wD///8A////AP///wD///8A////AP///wD///8A////AP///wD///8A////AP///wD///8A////AP///wD///8A////AP///wD///8A////AP///wD///8A////AP///wD///8A////AP///wD///8A////AP///wD///8A////AP///wD///8A////AP///wD///8A////AP///wD///8A////AP///wD///8A////AP///wD///8A////AP///wD///8A////AP///wD///8A////AP///wD///8A////AP///wD///8A////AP///wD///8A////AP///wD///8A////AP///wD///8A////AP///wD///8A////AP///wD///8A////AP///wD///8A////AP///wD///8A////AP///wD///8A////AP///wD///8A////AP///wD///8A////AP///wD///8A////AP///wD///8A////AP///wD///8A////AP///wD///8A////AP///wD///8A////AP///wD///8A////AP///wD///8A////AP///wD///////8AAP///////wAA////////AAD///////8AAPj//////wAA+P//////AAD4//////8AAPj//////wAA+P//////AAD4//////8AAPj//////wAA+P//////AAD4//////8AAPj//////wAA+P//////AAD4//////8AAPj//////wAA+P//////AAD4//wAAA8AAPj//AAADwAA+P/8AAAPAAD4//wAAA8AAPj//AAADwAA+P/8AAAPAAD4wAwAAA8AAPjADAAADwAA+MAMAAAPAAD4wAwAAA8AAPjADAAADwAA+MAMAAAPAAD4wAwAAA8AAPjADAAADwAA+MAMAAAPAAD4wAwAAA8AAPjADAAADwAA+MAMAAAPAAD4wAwAAA8AAPjADAAADwAA+MAMAP//AAD4wAMA//8AAPjAAGD//wAA+MAAGP//AAD4wAAD//8AAPjAAAP//wAA////////AAD///////8AAP///////wAA////////AAAoAAAAQAAAAIAAAAABACAAAAAAAAAAAAAAAAAAAAAAAAAAAAAAAAAA////AP///wD///8A////AP///wDZx6sA2cerANnHqwDZx6sA////AP///wD///8A////AP///wD///8A////AP///wD///8A////AP///wD///8A////AP///wD///8A////AP///wD///8A////AP///wD///8A////AP///wD///8A////AP///wD///8A////AP///wD///8A////AP///wD///8A////AP///wD///8A////AP///wD///8A////AP///wD///8A////AP///wD///8A////AP///wD///8A////AP///wD///8A////AP///wD///8A////AP///wD///8A////AP///wD///8A2cerANnHqwDZx6vg2cerAP///wD///8A////AP///wD///8A////AP///wD///8A////AP///wD///8A////AP///wD///8A////AP///wD///8A////AP///wD///8A////AP///wD///8A////AP///wD///8A////AP///wD///8A////AP///wD///8A////AP///wD///8A////AP///wD///8A////AP///wD///8A////AP///wD///8A////AP///wD///8A////AP///wD///8A////AP///wD///8A////AP///wD///8A////AP///wD///8A////ANnHqwDZx6sA2cer/9nHqwD///8A////AP///wD///8A////AP///wD///8A////AP///wD///8A////AP///wD///8A////AP///wD///8A////AP///wD///8A////AP///wD///8A////AP///wD///8A////AP///wD///8A////AP///wD///8A////AP///wD///8A////AP///wD///8A////AP///wD///8A////AP///wD///8A////AP///wD///8A////AP///wD///8A////AP///wD///8A////AP///wD///8A////AP///wD///8A////AP///wDZx6sA2cerANnHq//Zx6sA////AP///wD///8A////AP///wD///8A////AP///wD///8A////AP///wD///8A////AP///wD///8A////AP///wD///8A////AP///wD///8A////AP///wD///8A////AP///wD///8A////AP///wD///8A////AP///wD///8A////AP///wD///8A////AP///wD///8A////AP///wD///8A////AP///wD///8A////AP///wD///8A////AP///wD///8A////AP///wD///8A////AP///wD///8A////AP///wD///8A2cerANnHqwDZx6v/2cerAP///wD///8A////AP///wD///8A////AP///wD///8A////AP///wD///8A////AP///wD///8A////AP///wD///8A////AP///wD///8A////AP///wD///8A////AP///wD///8A////AP///wD///8A////AP///wD///8A////AP///wD///8A////AP///wD///8A////AP///wD///8A////AP///wD///8A////AP///wD///8A////AP///wD///8A////AP///wD///8A////AP///wD///8A////AP///wD///8A////ANnHqwDZx6sA2cer/9nHqwD///8A////AP///wD///8A////AP///wD///8A////AP///wD///8A////AP///wD///8A////AP///wD///8A////AP///wD///8A////AP///wD///8A////AP///wD///8A////AP///wD///8A////AP///wD///8A////AP///wD///8A////AP///wD///8A////AP///wD///8A////AP///wD///8A////AP///wD///8A////AP///wD///8A////AP///wD///8A////AP///wD///8A////AP///wD///8A////AP///wDZx6sA2cerANnHq//Zx6sA////AP///wD///8A////AP///wD///8A////AP///wD///8A////AP///wD///8A////AP///wD///8A////AP///wD///8A////AP///wD///8A////AP///wD///8A////AP///wD///8A////AP///wD///8A////AP///wD///8A////AP///wD///8A////AP///wD///8A////AP///wD///8A////AP///wD///8A////AP///wD///8A////AP///wD///8A////AP///wD///8A////AP///wD///8A////AP///wD///8A2cerANnHqwDZx6v/2cerAP///wD///8A////AP///wD///8A////AP///wD///8A////AP///wD///8A////AP///wD///8A////AP///wD///8A////AP///wD///8A////AP///wD///8A////AP///wD///8A////AP///wD///8A////AP///wD///8A////AP///wD///8A////AP///wD///8A////AP///wD///8A////AP///wD///8A////AP///wD///8A////AP///wD///8A////AP///wD///8A////AP///wD///8A////AP///wD///8A////ANnHqwDZx6sA2cer/9nHqwD///8A////AP///wD///8A////AP///wD///8A////AP///wD///8A////AP///wD///8A////AP///wD///8A////AP///wD///8A////AP///wD///8A////AP///wD///8A////AP///wD///8A////AP///wD///8A////AP///wD///8A////AP///wD///8A////AP///wD///8A////AP///wD///8A////AP///wD///8A////AP///wD///8A////AP///wD///8A////AP///wD///8A////AP///wD///8A////AP///wDZx6sA2cerANnHq//Zx6sA////AP///wD///8A////AP///wD///8A////AP///wD///8A////AP///wD///8A////AP///wD///8A////AP///wD///8A////AP///wD///8A////AP///wD///8A////AP///wD///8A////AP///wD///8A////AP///wD///8A////AP///wD///8A////AP///wD///8A////AP///wD///8A////AP///wD///8A////AP///wD///8A////AP///wD///8A////AP///wD///8A////AP///wD///8A////AP///wD///8A2cerANnHqwDZx6v/2cerAP///wD///8A////AP///wD///8A////AP///wD///8A////AP///wD///8A////AP///wD///8A////AP///wD///8A////AP///wD///8A////AP///wD///8A////AP///wD///8A////AP///wD///8A////AP///wD///8A////AP///wD///8A////AP///wD///8A////AP///wD///8A////AP///wD///8A////AP///wD///8A////AP///wD///8A////AP///wD///8A////AP///wD///8A////AP///wD///8A////ANnHqwDZx6sA2cer/9nHqwD///8A////AP///wD///8A////AP///wD///8A////AP///wD///8A////AP///wD///8A////AP///wD///8A////AP///wD///8A////AP///wD///8A////AP///wD///8A////AP///wD///8A////AP///wD///8A////AP///wD///8A////AP///wD///8A////AP///wD///8A////AP///wD///8A////AP///wD///8A////AP///wD///8A////AP///wD///8A////AP///wD///8A////AP///wD///8A////AP///wDZx6sA2cerANnHq//Zx6sA////AP///wD///8A////AP///wD///8A////AP///wD///8A////AP///wD///8A////AP///wD///8A////AP///wD///8A////AP///wD///8A////AP///wD///8A////AP///wD///8A////AP///wD///8A////AP///wD///8A////AP///wD///8A////AP///wD///8A////AP///wD///8A////AP///wD///8A////AP///wD///8A////AP///wD///8A////AP///wD///8A////AP///wD///8A////AP///wD///8A2cerANnHqwDZx6v/2cerAP///wD///8A////AP///wD///8A////AP///wD///8A////AP///wD///8A////AP///wD///8A////AP///wD///8A////AP///wD///8A////AP///wD///8A////AP///wD///8A////AP///wD///8A////AP///wD///8A////AP///wD///8A////AP///wD///8A////AP///wD///8A////AP///wD///8A////AP///wD///8A////AP///wD///8A////AP///wD///8A////AP///wD///8A////AP///wD///8A////ANnHqwDZx6sA2cer/9nHqwD///8A////AP///wD///8A////AP///wD///8A////AP///wD///8A////AP///wD///8A////AP///wD///8A////AP///wD///8A////AP///wD///8A////AP///wD///8A////AP///wD///8A////AP///wD///8A////AP///wD///8A////AP///wD///8A////AP///wD///8A////AP///wD///8A////AP///wD///8A////AP///wD///8A////AP///wD///8A////AP///wD///8A////AP///wD///8A////AP///wDZx6sA2cerANnHq//Zx6sA////AP///wD///8A////AP///wD///8A////AP///wD///8A////AP///wD///8A////AP///wD///8A////AP///wD///8A////AP///wD///8A////AP///wD///8A////AP///wD///8A////AP///wD///8A////AP///wD///8A////AP///wD///8A////AP///wD///8A////AP///wD///8A////AP///wD///8A////AP///wD///8A////AP///wD///8A////AP///wD///8A////AP///wD///8A////AP///wD///8A2cerANnHqwDZx6v/2cerAP///wD///8A////AP///wD///8A////AP///wD///8A////AP///wD///8A////AP///wD///8A////AP///wD///8A////AP///wD///8A////AP///wD///8A////AP///wD///8A////AP///wD///8A////AP///wD///8A////AP///wD///8A////AP///wD///8A////AP///wD///8A////AP///wD///8A////AP///wD///8A////AP///wD///8A////AP///wD///8A////AP///wD///8A////AP///wD///8A////ANnHqwDZx6sA2cer/9nHqwD///8A////AP///wD///8A////AP///wD///8A////AP///wD///8A////AP///wD///8A////AP///wD///8A////AP///wD///8A////AP///wD///8A////AP///wD///8A////AP///wD///8A////AP///wD///8A////AP///wD///8A////AP///wD///8A////AP///wD///8A////AP///wD///8A////AP///wD///8A////AP///wD///8A////AP///wD///8A////AP///wD///8A////AP///wD///8A////AP///wDZx6sA2cerANnHq//Zx6sA////AP///wD///8A////AP///wD///8A////AP///wD///8A////AP///wD///8A////AP///wD///8A////AP///wD///8A////AP///wD///8A////AP///wD///8A////AP///wD///8A////AP///wD///8A////AP///wD///8A////AP///wD///8A////AP///wD///8A////AP///wD///8A////AP///wD///8A////AP///wD///8A////AP///wD///8A////AP///wD///8A////AP///wD///8A////AP///wD///8A2cerANnHqwDZx6v/2cerAP///wD///8A////AP///wD///8A////AP///wD///8A////AP///wD///8A////AP///wD///8A////AP///wD///8A////AP///wD///8A////AP///wD///8A////AP///wD///8A////AP///wD///8A////AP///wD///8A////AP///wD///8A////AP///wD///8A////AP///wD///8A////AP///wD///8A////AP///wD///8A////AP///wD///8A////AP///wD///8A////AP///wD///8A////AP///wD///8A////ANnHqwDZx6sA2cer/9nHqwD///8A////AP///wD///8A////AP///wD///8A////AP///wD///8A////AP///wD///8A////AP///wD///8A////AP///wD///8A////AP///wD///8A////AP///wD///8A////AP///wD///8A////AP///wD///8A////AP///wD///8A////AP///wD///8A////AP///wD///8A////AP///wD///8A////AP///wD///8A////AP///wD///8A////AP///wD///8A////AP///wD///8A////AP///wD///8A////AP///wDZx6sA2cerANnHq//Zx6sA////AP///wD///8A////AP///wD///8A////AP///wD///8A////AP///wD///8A////AP///wD///8A////AP///wD///8A////AP///wD///8A////AP///wD///8A////AP///wD///8A////AP///wD///8A////AP///wD///8A////AP///wD///8A////AP///wD///8A////AP///wD///8A////AP///wD///8A////AP///wD///8A////AP///wD///8A////AP///wD///8A////AP///wD///8A////AP///wD///8A2cerANnHqwDZx6v/2cerAP///wD///8A////AP///wD///8A////AP///wD///8A////AP///wD///8A////AP///wD///8A////AP///wD///8A////AP///wD///8A////AP///wD///8A////AP///wD///8A////AP///wD///8A////AP///wD///8A////AP///wD///8A////AP///wD///8A////AP///wD///8A////AP///wD///8A////AP///wD///8A////AP///wD///8A////AP///wD///8A////AP///wD///8A////AP///wD///8A////ANnHqwDZx6sA2cer/9nHqwD///8A////AP///wD///8A////AP///wD///8A////AP///wD///8A////AP///wD///8A////AP///wD///8A////AP///wD///8A////AP///wD///8A////AP///wD///8A////AP///wD///8A////AP///wD///8A////AP///wD///8A////AP///wD///8A////AP///wD///8A////AP///wD///8A////AP///wD///8A////AP///wD///8A////AP///wD///8A////AP///wD///8A////AP///wD///8A////AP///wDZx6sA2cerANnHq//Zx6sA////AP///wD///8A////AP///wD///8A////AP///wD///8A////AP///wD///8A////AP///wD///8A////AP///wD///8A////AP///wD///8A////AP///wD///8A////AP///wD///8A////AP///wD///8A////AP///wD///8A////AP///wD///8A////AP///wD///8A////AP///wD///8A////AP///wD///8A////AP///wD///8A////AP///wD///8A////AP///wD///8A////AP///wD///8A////AP///wD///8A2cerANnHqwDZx6v/2cerAP///wD///8A////AP///wD///8A////AP///wD///8A////AP///wD///8A////AP///wD///8A////AP///wD///8A////AP///wD///8A////AP///wD///8A////AP///wD///8A////AP///wD///8A////AP///wD///8A////AP///wD///8A////AP///wD///8A////AP///wD///8A////AP///wD///8A////AP///wD///8A////AP///wD///8A////AP///wD///8A////AP///wD///8A////AP///wD///8A////ANnHqwDZx6sA2cer/9nHqwD///8A////AP///wD///8A////AP///wD///8A2cerANnHqwDZx6sA2cerANnHqwDZx6sA2cerANnHqwDZx6sA2cerANnHqwDZx6sA2cerANnHqwDZx6sA2cerANnHqwDZx6sA2cerANnHqwDZx6sA2cerANnHqwDZx6sA2cerANnHqwDZx6sA2cerANnHqwDZx6sA2cerANnHqwD///8A////AP///wD///8A////AP///wD///8A////AP///wD///8A////AP///wD///8A////AP///wD///8A////AP///wD///8A////AP///wDZx6sA2cerANnHq//Zx6tU2cerBf///wD///8A////AP///wD///8A////ANnHqwDZx6sA2cerANnHqwDZx6sA2cerANnHqwDZx6sA2cerANnHqwDZx6sA2cerANnHqwDZx6sA2cerANnHqwDZx6sA2cerANnHqwDZx6sA2cerANnHqxXZx6tQ2cergdnHq6rZx6vU2cer6tnHq/zZx6v/2cer89nHq+3Zx6vX2cerwdnHq6DZx6t12cerStnHqyD///8A////AP///wD///8A////AP///wD///8A////AP///wD///8A////AP///wD///8A////AP///wD///8A2cerANnHqwDZx6v/5tO1/9nHq+bZx6uI2cerLf///wD///8A////AP///wDZx6sA2cerANnHqwDZx6sA2cerANnHqwDZx6sA2cerANnHqwDZx6sA2cerANnHqwDZx6sA2cerANnHqwDZx6sA2cerANnHqwzZx6tL2cerk9nHq9XZx6v+5dK0/+zZuv/y3r//+eTE//znx///6sn//+rJ//3oyP/86Mf/+eXE//bhwv/x3b7/6te5/+TRtP/ey6//2cer6tnHq6nZx6tl2cerIv///wD///8A////AP///wD///8A////AP///wD///8A////AP///wD///8A////ANnHqwDZx6sA2cer///qyf/758b/7dq7/+DNsP/Zx6vV2cerh9nHqzvZx6sF2cerANnHqwDZx6sA2cerANnHqwDZx6sA2cerANnHqwDZx6sA2cerANnHqwDZx6sA2cerANnHqwTZx6s02cereNnHq73Zx6v55NG0/+/bvP/55MT//+rJ///qyf//6sn//+rJ///qyf//6sn//+rJ///qyf//6sn//+rJ///qyf//6sn//+rJ///qyf//6sn//+rJ//znx//y3r//6NW3/9nHq/////8A////AP///wD///8A////AP///wD///8A////AP///wD///8A////AP///wDZx6sA2cerANnHq///6sn//+rJ///qyf//6sn/+eTE/+3au//iz7L/2cer9dnHq7zZx6uI2cerX9nHqzTZx6sZ2cerCdnHqwDZx6sK2cerGtnHqzTZx6td2ceriNnHq7nZx6vy4c6x/+vXuf/14cH//unI///qyf//6sn//+rJ///qyf//6sn//+rJ///qyf//6sn//+rJ///qyf//6sn//+rJ///qyf//6sn//+rJ///qyf//6sn//+rJ///qyf//6sn//+rJ///qyf/Zx6v/////AP///wD///8A////AP///wD///8A////AP///wD///8A////AP///wD///8A2cerANnHqwDZx6v//+rJ///qyf//6sn//+rJ///qyf//6sn//+rJ//7pyP/14cH/7dq7/+fUtv/hzrH/3cqu/9rIrP/Zx6v/2sis/93Lrv/hzrH/59S2/+3au//14MH//ejH///qyf//6sn//+rJ///qyf//6sn//+rJ///qyf//6sn//+rJ///qyf//6sn//+rJ///qyf//6sn//+rJ///qyf//6sn//+rJ///qyf//6sn//+rJ///qyf//6sn//+rJ///qyf//6sn/2cer/////wD///8A////AP///wD///8A////AP///wD///8A////AP///wD///8A////ANnHqwDZx6sA2cer///qyf//6sn//+rJ///qyf//6sn//+rJ///qyf//6sn//+rJ///qyf//6sn//+rJ///qyf//6sn//+rJ///qyf//6sn//+rJ///qyf//6sn//+rJ///qyf//6sn//+rJ///qyf//6sn//+rJ///qyf//6sn//+rJ///qyf//6sn//+rJ///qyf//6sn//+rJ///qyf//6sn//+rJ///qyf//6sn//+rJ///qyf//6sn//+rJ///qyf//6sn//+rJ/9nHq/////8A////AP///wD///8A////AP///wD///8A////AP///wD///8A////AP///wDZx6sA2cerANnHq///6sn//+rJ///qyf//6sn//+rJ///qyf//6sn//+rJ///qyf//6sn//+rJ///qyf//6sn//+rJ///qyf//6sn//+rJ///qyf//6sn//+rJ///qyf//6sn//+rJ///qyf//6sn//+rJ///qyf//6sn//+rJ///qyf//6sn//+rJ///qyf//6sn//+rJ///qyf//6sn//+rJ///qyf//6sn//+rJ///qyf//6sn//+rJ///qyf//6sn//+rJ///qyf/Zx6v/////AP///wD///8A////AP///wD///8A////AP///wD///8A////AP///wD///8A2cerANnHqwDZx6v//+rJ///qyf//6sn//+rJ///qyf//6sn//+rJ///qyf//6sn//+rJ///qyf//6sn//+rJ///qyf//6sn//+rJ///qyf//6sn//+rJ///qyf//6sn//+rJ///qyf//6sn//+rJ///qyf//6sn//+rJ///qyf//6sn//+rJ///qyf//6sn//+rJ///qyf//6sn//+rJ///qyf//6sn//+rJ///qyf//6sn//+rJ///qyf//6sn//+rJ///qyf//6sn/2cer/////wD///8A////AP///wD///8A////AP///wD///8A////AP///wD///8A////ANnHqwDZx6sA2cer///qyf//6sn//+rJ///qyf//6sn//+rJ///qyf//6sn//+rJ///qyf//6sn//+rJ///qyf//6sn//+rJ///qyf//6sn//+rJ///qyf//6sn//+rJ///qyf//6sn//+rJ///qyf//6sn//+rJ///qyf//6sn//+rJ///qyf//6sn//+rJ///qyf//6sn//+rJ///qyf//6sn//+rJ///qyf//6sn//+rJ///qyf//6sn//+rJ///qyf//6sn//+rJ/9nHq/////8A////AP///wD///8A////AP///wD///8A////AP///wD///8A////AP///wDZx6sA2cerANnHq///6sn//+rJ///qyf//6sn//+rJ///qyf//6sn//+rJ///qyf//6sn//+rJ///qyf//6sn//+rJ///qyf//6sn//+rJ///qyf//6sn//+rJ///qyf//6sn//+rJ///qyf//6sn//+rJ///qyf//6sn//+rJ///qyf//6sn//+rJ///qyf//6sn//+rJ///qyf//6sn//+rJ///qyf//6sn//+rJ///qyf//6sn//+rJ///qyf//6sn//+rJ///qyf/Zx6v/////AP///wD///8A////AP///wD///8A////AP///wD///8A////AP///wD///8A2cerANnHqwDZx6v//+rJ///qyf//6sn//+rJ///qyf//6sn//+rJ///qyf//6sn//+rJ///qyf//6sn//+rJ///qyf//6sn//+rJ///qyf//6sn//+rJ///qyf//6sn//+rJ///qyf//6sn//+rJ///qyf//6sn//+rJ///qyf//6sn//+rJ///qyf//6sn//+rJ///qyf//6sn//+rJ///qyf//6sn//+rJ///qyf//6sn//+rJ///qyf//6sn//+rJ///qyf//6sn/2cer/////wD///8A////AP///wD///8A////AP///wD///8A////AP///wD///8A////ANnHqwDZx6sA2cer///qyf//6sn//+rJ///qyf//6sn//+rJ///qyf//6sn//+rJ///qyf//6sn//+rJ///qyf//6sn//+rJ///qyf//6sn//+rJ///qyf//6sn//+rJ///qyf//6sn//+rJ///qyf//6sn//+rJ///qyf//6sn//+rJ///qyf//6sn//+rJ///qyf//6sn//+rJ///qyf//6sn//+rJ///qyf//6sn//+rJ///qyf//6sn//+rJ///qyf//6sn//+rJ/9nHq/////8A////AP///wD///8A////AP///wD///8A////AP///wD///8A////AP///wDZx6sA2cerANnHq///6sn//+rJ///qyf//6sn//+rJ///qyf//6sn//+rJ///qyf//6sn//+rJ///qyf//6sn//+rJ///qyf//6sn//+rJ///qyf//6sn//+rJ///qyf//6sn//+rJ///qyf//6sn//+rJ///qyf//6sn//+rJ///qyf//6sn//+rJ///qyf//6sn//+rJ///qyf//6sn//+rJ///qyf//6sn//+rJ///qyf//6sn//+rJ///qyf//6sn//+rJ///qyf/Zx6v/////AP///wD///8A////AP///wD///8A////AP///wD///8A////AP///wD///8A2cerANnHqwDZx6v//+rJ///qyf//6sn//+rJ///qyf//6sn//+rJ///qyf//6sn//+rJ///qyf//6sn//+rJ///qyf//6sn//+rJ///qyf//6sn//+rJ///qyf//6sn//+rJ///qyf//6sn//+rJ///qyf//6sn//+rJ///qyf//6sn//+rJ///qyf//6sn//+rJ///qyf//6sn//+rJ///qyf//6sn//+rJ///qyf//6sn//+rJ///qyf//6sn//+rJ///qyf//6sn/2cer/////wD///8A////AP///wD///8A////AP///wD///8A////AP///wD///8A////ANnHqwDZx6sA2cer///qyf//6sn//+rJ///qyf//6sn//+rJ///qyf//6sn//+rJ///qyf//6sn//+rJ///qyf//6sn//+rJ///qyf//6sn//+rJ///qyf//6sn//+rJ///qyf//6sn//+rJ///qyf//6sn//+rJ///qyf//6sn//+rJ///qyf//6sn//+rJ///qyf//6sn//+rJ///qyf//6sn//+rJ///qyf//6sn//+rJ///qyf//6sn//+rJ///qyf//6sn//+rJ/9nHq/////8A////AP///wD///8A////AP///wD///8A////AP///wD///8A////AP///wDZx6sA2cerANnHq///6sn//+rJ///qyf//6sn//+rJ///qyf//6sn//+rJ///qyf//6sn//+rJ///qyf//6sn//+rJ///qyf//6sn//+rJ///qyf//6sn//+rJ///qyf//6sn//+rJ///qyf//6sn//+rJ///qyf//6sn//+rJ///qyf//6sn//+rJ///qyf//6sn//+rJ///qyf//6sn//+rJ///qyf//6sn//+rJ///qyf//6sn//+rJ///qyf//6sn//+rJ///qyf/Zx6v/////AP///wD///8A////AP///wD///8A////AP///wD///8A////AP///wD///8A2cerANnHqwDZx6v//+rJ///qyf//6sn//+rJ///qyf//6sn//+rJ///qyf//6sn//+rJ///qyf//6sn//+rJ///qyf//6sn//+rJ///qyf//6sn//+rJ///qyf//6sn//+rJ///qyf//6sn//+rJ///qyf//6sn//+rJ///qyf//6sn//+rJ///qyf//6sn//+rJ///qyf//6sn//+rJ///qyf//6sn//+rJ///qyf//6sn//+rJ///qyf//6sn//+rJ///qyf//6sn/2cer/////wD///8A////AP///wD///8A////AP///wD///8A////AP///wD///8A////ANnHqwDZx6sA2cer///qyf//6sn//+rJ///qyf//6sn//+rJ///qyf//6sn//+rJ///qyf//6sn//+rJ///qyf//6sn//+rJ///qyf//6sn//+rJ///qyf//6sn//+rJ///qyf//6sn//+rJ///qyf//6sn//+rJ///qyf//6sn//+rJ///qyf//6sn//+rJ///qyf//6sn//+rJ///qyf//6sn//+rJ///qyf//6sn//+rJ///qyf//6sn//+rJ///qyf//6sn//+rJ/9nHq/////8A////AP///wD///8A////AP///wD///8A////AP///wD///8A////AP///wDZx6sA2cerANnHq///6sn//+rJ///qyf//6sn//+rJ///qyf//6sn//+rJ///qyf//6sn//+rJ///qyf//6sn//+rJ///qyf//6sn//+rJ///qyf//6sn//+rJ///qyf//6sn//+rJ///qyf//6sn//+rJ///qyf//6sn//+rJ///qyf//6sn//+rJ///qyf//6sn//+rJ///qyf//6sn//+rJ///qyf//6sn//+rJ///qyf//6sn//+rJ///qyf//6sn//+rJ///qyf/Zx6v/////AP///wD///8A////AP///wD///8A////AP///wD///8A////AP///wD///8A2cerANnHqwDZx6v//+rJ///qyf//6sn//+rJ///qyf//6sn//+rJ///qyf//6sn//+rJ///qyf//6sn//+rJ///qyf//6sn//+rJ///qyf//6sn//+rJ///qyf//6sn//+rJ///qyf//6sn//+rJ///qyf//6sn//+rJ///qyf//6sn//+rJ///qyf//6sn//+rJ///qyf//6sn//+rJ///qyf//6sn//+rJ///qyf//6sn//+rJ///qyf//6sn//+rJ///qyf//6sn/2cer/////wD///8A////AP///wD///8A////AP///wD///8A////AP///wD///8A////ANnHqwDZx6sA2cer///qyf//6sn//+rJ///qyf//6sn//+rJ///qyf//6sn//+rJ///qyf//6sn//+rJ///qyf//6sn//+rJ///qyf//6sn//+rJ///qyf//6sn//+rJ///qyf//6sn//+rJ///qyf//6sn//+rJ///qyf//6sn//+rJ///qyf//6sn//+rJ///qyf//6sn//+rJ///qyf//6sn//+rJ///qyf//6sn//+rJ///qyf//6sn//+rJ///qyf//6sn//+rJ/9nHq/////8A////AP///wD///8A////AP///wD///8A////AP///wD///8A////AP///wDZx6sA2cerANnHq///6sn//+rJ///qyf//6sn//+rJ///qyf//6sn//+rJ///qyf//6sn//+rJ///qyf//6sn//+rJ///qyf//6sn//+rJ///qyf//6sn//+rJ///qyf//6sn//+rJ///qyf//6sn//+rJ///qyf//6sn//+rJ///qyf//6sn//+rJ///qyf//6sn//+rJ///qyf//6sn//+rJ///qyf//6sn//+rJ///qyf//6sn//+rJ///qyf//6sn//+rJ///qyf/Zx6v/////AP///wD///8A////AP///wD///8A////AP///wD///8A////AP///wD///8A2cerANnHqwDZx6v//+rJ///qyf//6sn//+rJ///qyf//6sn//+rJ///qyf//6sn//+rJ///qyf//6sn//+rJ///qyf//6sn//+rJ///qyf//6sn//+rJ///qyf//6sn//+rJ///qyf//6sn//+rJ///qyf//6sn//+rJ///qyf//6sn//+rJ///qyf//6sn//+rJ///qyf//6sn//+rJ///qyf//6sn//+rJ///qyf//6sn//+rJ///qyf//6sn//+rJ///qyf//6sn/2cer/////wD///8A////AP///wD///8A////AP///wD///8A////AP///wD///8A////ANnHqwDZx6sA2cer///qyf//6sn//+rJ///qyf//6sn//+rJ///qyf//6sn//+rJ///qyf//6sn//+rJ///qyf//6sn//+rJ///qyf//6sn//+rJ///qyf//6sn//+rJ///qyf//6sn//+rJ///qyf//6sn//+rJ///qyf//6sn//+rJ///qyf//6sn//+rJ///qyf//6sn//+rJ///qyf//6sn//+rJ///qyf//6sn//+rJ///qyf//6sn//+rJ///qyf//6sn//+rJ/9nHq/////8A////AP///wD///8A////AP///wD///8A////AP///wD///8A////AP///wDZx6sA2cerANnHq///6sn//+rJ///qyf//6sn//+rJ///qyf//6sn//+rJ///qyf//6sn//+rJ///qyf//6sn//+rJ///qyf//6sn//+rJ///qyf//6sn//+rJ///qyf//6sn//+rJ///qyf//6sn//+rJ///qyf//6sn//+rJ///qyf//6sn//+rJ///qyf//6sn//+rJ///qyf//6sn//+rJ///qyf//6sn//+rJ///qyf//6sn//+rJ///qyf//6sn//+rJ///qyf/Zx6v/////AP///wD///8A////AP///wD///8A////AP///wD///8A////AP///wD///8A2cerANnHqwDZx6v//+rJ///qyf//6sn//+rJ///qyf//6sn//+rJ///qyf//6sn//+rJ///qyf//6sn//+rJ///qyf//6sn//+rJ///qyf//6sn//+rJ///qyf//6sn//+rJ///qyf//6sn//+rJ///qyf//6sn//+rJ///qyf//6sn//+rJ///qyf//6sn//+rJ///qyf//6sn//+rJ///qyf//6sn//+rJ///qyf//6sn//+rJ///qyf//6sn//+rJ///qyf//6sn/2cer/////wD///8A////AP///wD///8A////AP///wD///8A////AP///wD///8A////ANnHqwDZx6sA2cer///qyf//6sn//+rJ///qyf//6sn//+rJ///qyf//6sn//+rJ///qyf//6sn//+rJ///qyf//6sn//+rJ///qyf//6sn//+rJ///qyf//6sn//+rJ///qyf//6sn//+rJ///qyf//6sn//+rJ///qyf//6sn//+rJ///qyf//6sn//+rJ///qyf//6sn//+rJ///qyf//6sn//+rJ///qyf//6sn//+rJ///qyf//6sn//+rJ///qyf//6sn//+rJ/9nHq/////8A////AP///wD///8A////AP///wD///8A////AP///wD///8A////AP///wDZx6sA2cerANnHq///6sn//+rJ///qyf//6sn//+rJ///qyf//6sn//+rJ///qyf//6sn//+rJ///qyf//6sn//+rJ///qyf//6sn//+rJ///qyf//6sn//+rJ///qyf//6sn//+rJ///qyf//6sn//+rJ///qyf//6sn//+rJ///qyf//6sn//+rJ///qyf//6sn//+rJ///qyf//6sn//+rJ///qyf//6sn//+rJ///qyf//6sn//+rJ///qyf//6sn//+rJ///qyf/Zx6v/////AP///wD///8A////AP///wD///8A////AP///wD///8A////AP///wD///8A2cerANnHqwDZx6v//+rJ///qyf//6sn//+rJ///qyf//6sn//+rJ///qyf//6sn//+rJ///qyf//6sn//+rJ///qyf//6sn//+rJ///qyf//6sn//+rJ///qyf//6sn//+rJ///qyf//6sn//+rJ///qyf//6sn//+rJ///qyf//6sn//+rJ///qyf//6sn//+rJ///qyf//6sn//+rJ///qyf//6sn//+rJ///qyf//6sn//+rJ///qyf//6sn//+rJ///qyf//6sn/2cer/////wD///8A////AP///wD///8A////AP///wD///8A////AP///wD///8A////ANnHqwDZx6sA2cer///qyf//6sn//+rJ///qyf//6sn//+rJ///qyf//6sn//+rJ///qyf//6sn//+rJ///qyf//6sn//+rJ///qyf//6sn//+rJ///qyf//6sn//+rJ///qyf//6sn//+rJ///qyf//6sn//+rJ///qyf//6sn//+rJ///qyf//6sn//+rJ///qyf//6sn//+rJ///qyf//6sn//+rJ///qyf//6sn//+rJ///qyf//6sn//+rJ///qyf//6sn//+rJ/9nHq/////8A////AP///wD///8A////AP///wD///8A////AP///wD///8A////AP///wDZx6sA2cerANnHq///6sn//+rJ///qyf//6sn//+rJ///qyf//6sn//+rJ///qyf//6sn//+rJ///qyf//6sn//+rJ///qyf//6sn//+rJ///qyf//6sn//+rJ///qyf//6sn//+rJ///qyf//6sn//+rJ///qyf//6sn//+rJ///qyf//6sn//+rJ///qyf//6sn//+rJ///qyf//6sn//+rJ///qyf//6sn//+rJ///qyf//6sn//+rJ///qyf//6sn//+rJ///qyf/Zx6v/////AP///wD///8A////AP///wD///8A////AP///wD///8A////AP///wD///8A2cerANnHqwDZx6v/8d2+//7pyP//6sn//+rJ///qyf//6sn//+rJ///qyf//6sn//+rJ///qyf//6sn//+rJ///qyf//6sn//+rJ///qyf//6sn//+rJ///qyf//6sn//+rJ///qyf//6sn//+rJ///qyf//6sn//+rJ///qyf/75sb/8t6//+vYuf/l0rX/382w/9zKrf/Zx6v/2cer/9vJrP/cyq3/382w/+LQsv/o1Lf/7tq7//Tgwf/75sX//+rJ///qyf//6sn/2cer/////wD///8A////AP///wD///8A////AP///wD///8A////AP///wD///8A////ANnHqwDZx6sA2cer59nHq6PZx6v259S2//bhwv//6sn//+rJ///qyf//6sn//+rJ///qyf//6sn//+rJ///qyf//6sn//+rJ///qyf//6sn//+rJ///qyf//6sn//+rJ///qyf//6sn//+rJ///qyf/96Mf/89+//+jVt//ezK//2cer5NnHq6jZx6t52cerUdnHqynZx6sU2cerAtnHqwDZx6sM2cerE9nHqynZx6s/2cerYtnHq4rZx6u32cer4dzKrv/m07X/8Ny9/9nHq/////8A////AP///wD///8A////AP///wD///8A////AP///wD///8A////AP///wDZx6sA2cerANnHqwDZx6sA2cerDNnHq2DZx6vB2cer/ujVt//04MD//ejH///qyf//6sn//+rJ///qyf//6sn//+rJ///qyf//6sn//+rJ///qyf//6sn//+rJ///qyf//6sn/9+PD/+3Zu//i0LL/2cer8NnHq6zZx6tk2cerI9nHqwDZx6sA2cerANnHqwDZx6sA2cerANnHqwDZx6sA2cerANnHqwDZx6sA////AP///wD///8A////AP///wDZx6sX2cerWNnHq5rZx6vd////AP///wD///8A////AP///wD///8A////AP///wD///8A////AP///wD///8A2cerANnHqwDZx6sA2cerAP///wD///8A////ANnHqxvZx6tn2certNnHq/LhzrH/6da4//Dcvf/24sL/++bG//7pyP//6sn//unI//vnxv/348P/8d2+/+vYuf/k0bT/2cer/NnHq8vZx6uG2cerPtnHqwTZx6sA2cerANnHqwDZx6sA2cerANnHqwDZx6sA2cerANnHqwDZx6sA2cerANnHqwDZx6sA2cerAP///wD///8A////AP///wD///8A////AP///wD///8A////AP///wD///8A////AP///wD///8A////AP///wD///8A////AP///wD///8A////AP///wD///8A////AP///wD///8A////AP///wD///8A////AP///wDZx6sE2cerNdnHq27Zx6uZ2cerxdnHq+TZx6v12cer/9nHq/bZx6vm2cerzNnHq6PZx6t52cerSdnHqw3Zx6sA2cerANnHqwDZx6sA2cerANnHqwDZx6sA2cerANnHqwDZx6sA2cerANnHqwDZx6sA2cerANnHqwDZx6sA2cerANnHqwD///8A////AP///wD///8A////AP///wD///8A////AP///wD///8A////AP///wD///8A////AP///wD///8A////AP///wD///8A////AP///wD///8A////AP///wD///8A////AP///wD///8A////AP///wD///8A////ANnHqwDZx6sA2cerANnHqwDZx6sA2cerANnHqwDZx6sA2cerANnHqwDZx6sA2cerANnHqwDZx6sA2cerANnHqwDZx6sA2cerANnHqwDZx6sA2cerANnHqwDZx6sA2cerANnHqwDZx6sA2cerANnHqwDZx6sA2cerANnHqwDZx6sA////AP///wD///8A////AP///wD///8A////AP///wD///8A////AP///wD///8A////AP///wD///8A////AP///////////v/////////+//////////7//////////v/////////+//////////7//////////v/////////+//////////7//////////v/////////+//////////7//////////v/////////+//////////7//////////v/////////+//////////7//////////v/////////+//////////7//////////v/////////+//////////7//////////v/////////+//////////4////4AAf//g///4AAAH/+AP/4AAAAf/4AAgAAAAB//gAAAAAAAH/+AAAAAAAAf/4AAAAAAAB//gAAAAAAAH/+AAAAAAAAf/4AAAAAAAB//gAAAAAAAH/+AAAAAAAAf/4AAAAAAAB//gAAAAAAAH/+AAAAAAAAf/4AAAAAAAB//gAAAAAAAH/+AAAAAAAAf/4AAAAAAAB//gAAAAAAAH/+AAAAAAAAf/4AAAAAAAB//gAAAAAAAH/+AAAAAAAAf/4AAAAAAAB//gAAAAAAAH/+AAAAAAAAf/4AAAAAAAB//gAAAAAAAH/+AAAAAAAAf/4AAAAAAAB//gAAAAAAAH/+AAAAAAgAf/+AAAAH//h///AAAD///////gAD////////////////KAAAAEgAAACQAAAAAQAgAAAAAAAAAAAAAAAAAAAAAAAAAAAAAAAAAP///wD///8A////AP///wD///8A////AP///wD///8A////AP///wD///8A////AP///wD///8A////AP///wD///8A////AP///wD///8A////AP///wD///8A////AP///wD///8A////AP///wD///8A////AP///wD///8A////AP///wD///8A////AP///wD///8A////AP///wD///8A////AP///wD///8A////AP///wD///8A////AP///wD///8A////AP///wD///8A////AP///wD///8A////AP///wD///8A////AP///wD///8A////AP///wD///8A////AP///wD///8A////AP///wD///8A////AP///wD///8A////AP///wD803sA/NN7APzTewD803sA/NN7APzTewD803sA/NN7APzTewD803sA/NN7APzTewD803sA/NN7APzTewD803sA/NN7APzTewD803sA/NN7APzTewD803sA/NN7APzTewD803sA/NN7APzTewD803sA/NN7APzTewD803sA/NN7APzTewD803sA/NN7APzTewD803sA/NN7APzTewD803sA/NN7APzTewD803sA/NN7APzTewD803sA/NN7APzTewD803sA/NN7APzTewD803sA/NN7APzTewD803sA/NN7APzTewD803sA/NN7APzTewD803sA/NN7APzTewD///8A////AP///wD///8A////AP///wD///8A////AP///wD803sA/NN7APzTe//803v//NN7//zTe//803sA/NN7APzTewD803sA/NN7APzTewD803sA/NN7APzTewD803sA/NN7APzTewD803sA/NN7APzTewD803sA/NN7APzTewD803sA/NN7APzTewD803sA/NN7APzTewD803sA/NN7APzTewD803sA/NN7APzTewD803sA/NN7APzTewD803sA/NN7APzTewD803sA/NN7APzTewD803sA/NN7APzTewD803sA/NN7APzTewD803sA/NN7APzTewD803sA/NN7APzTewD803sA/NN7APzTewD803sA/NN7APzTewD///8A////AP///wD///8A////AP///wD///8A////AP///wD803sA/NN7APzTe//803v//NN7//zTe//803sA/NN7APzTewD803sA/NN7APzTewD803sA/NN7APzTewD803sA/NN7APzTewD803sA/NN7APzTewD803sA/NN7APzTewD803sA/NN7APzTewD803sA/NN7APzTewD803sA/NN7APzTewD803sA/NN7APzTewD803sA/NN7APzTewD803sA/NN7APzTewD803sA/NN7APzTewD803sA/NN7APzTewD803sA/NN7APzTewD803sA/NN7APzTewD803sA/NN7APzTewD803sA/NN7APzTewD803sA/NN7APzTewD///8A////AP///wD///8A////AP///wD///8A////AP///wD803sA/NN7APzTe//803v//NN7//zTe//803sA/NN7APzTewD803sA/NN7APzTewD803sA/NN7APzTewD803sA/NN7APzTewD803sA/NN7APzTewD803sA/NN7APzTewD803sA/NN7APzTewD803sA/NN7APzTewD803sA/NN7APzTewD803sA/NN7APzTewD803sA/NN7APzTewD803sA/NN7APzTewD803sA/NN7APzTewD803sA/NN7APzTewD803sA/NN7APzTewD803sA/NN7APzTewD803sA/NN7APzTewD803sA/NN7APzTewD803sA/NN7APzTewD///8A////AP///wD///8A////AP///wD///8A////AP///wD803sA/NN7APzTe//803v//NN7//zTe//803sA/NN7APzTewD803sA/NN7APzTewD803sA/NN7APzTewD803sA/NN7APzTewD803sA/NN7APzTewD803sA/NN7APzTewD803sA/NN7APzTewD803sA/NN7APzTewD803sA/NN7APzTewD803sA/NN7APzTewD803sA/NN7APzTewD803sA/NN7APzTewD803sA/NN7APzTewD803sA/NN7APzTewD803sA/NN7APzTewD803sA/NN7APzTewD803sA/NN7APzTewD803sA/NN7APzTewD803sA/NN7APzTewD///8A////AP///wD///8A////AP///wD///8A////AP///wD803sA/NN7APzTe//803v//NN7//zTe//803sA/NN7APzTewD803sA/NN7APzTewD803sA/NN7APzTewD803sA/NN7APzTewD803sA/NN7APzTewD803sA/NN7APzTewD803sA/NN7APzTewD803sA/NN7APzTewD803sA/NN7APzTewD803sA/NN7APzTewD803sA/NN7APzTewD803sA/NN7APzTewD803sA/NN7APzTewD803sA/NN7APzTewD803sA/NN7APzTewD803sA/NN7APzTewD803sA/NN7APzTewD803sA/NN7APzTewD803sA/NN7APzTewD///8A////AP///wD///8A////AP///wD///8A////AP///wD803sA/NN7APzTe//803v//NN7//zTe//803sA/NN7APzTewD803sA/NN7APzTewD803sA/NN7APzTewD803sA/NN7APzTewD803sA/NN7APzTewD803sA/NN7APzTewD803sA/NN7APzTewD803sA/NN7APzTewD803sA/NN7APzTewD803sA/NN7APzTewD803sA/NN7APzTewD803sA/NN7APzTewD803sA/NN7APzTewD803sA/NN7APzTewD803sA/NN7APzTewD803sA/NN7APzTewD803sA/NN7APzTewD803sA/NN7APzTewD803sA/NN7APzTewD///8A////AP///wD///8A////AP///wD///8A////AP///wD803sA/NN7APzTe//803v//NN7//zTe//803sA/NN7APzTewD803sA/NN7APzTewD803sA/NN7APzTewD803sA/NN7APzTewD803sA/NN7APzTewD803sA/NN7APzTewD803sA/NN7APzTewD803sA/NN7APzTewD803sA/NN7APzTewD803sA/NN7APzTewD803sA/NN7APzTewD803sA/NN7APzTewD803sA/NN7APzTewD803sA/NN7APzTewD803sA/NN7APzTewD803sA/NN7APzTewD803sA/NN7APzTewD803sA/NN7APzTewD803sA/NN7APzTewD///8A////AP///wD///8A////AP///wD///8A////AP///wD803sA/NN7APzTe//803v//NN7//zTe//803sA/NN7APzTewD803sA/NN7APzTewD803sA/NN7APzTewD803sA/NN7APzTewD803sA/NN7APzTewD803sA/NN7APzTewD803sA/NN7APzTewD803sA/NN7APzTewD803sA/NN7APzTewD803sA/NN7APzTewD803sA/NN7APzTewD803sA/NN7APzTewD803sA/NN7APzTewD803sA/NN7APzTewD803sA/NN7APzTewD803sA/NN7APzTewD803sA/NN7APzTewD803sA/NN7APzTewD803sA/NN7APzTewD///8A////AP///wD///8A////AP///wD///8A////AP///wD803sA/NN7APzTe//803v//NN7//zTe//803sA/NN7APzTewD803sA/NN7APzTewD803sA/NN7APzTewD803sA/NN7APzTewD803sA/NN7APzTewD803sA/NN7APzTewD803sA/NN7APzTewD803sA/NN7APzTewD803sA/NN7APzTewD803sA/NN7APzTewD803sA/NN7APzTewD803sA/NN7APzTewD803sA/NN7APzTewD803sA/NN7APzTewD803sA/NN7APzTewD803sA/NN7APzTewD803sA/NN7APzTewD803sA/NN7APzTewD803sA/NN7APzTewD///8A////AP///wD///8A////AP///wD///8A////AP///wD803sA/NN7APzTe//803v//NN7//zTe//803sA/NN7APzTewD803sA/NN7APzTewD803sA/NN7APzTewD803sA/NN7APzTewD803sA/NN7APzTewD803sA/NN7APzTewD803sA/NN7APzTewD803sA/NN7APzTewD803sA/NN7APzTewD803sA/NN7APzTewD803sA/NN7APzTewD803sA/NN7APzTewD803sA/NN7APzTewD803sA/NN7APzTewD803sA/NN7APzTewD803sA/NN7APzTewD803sA/NN7APzTewD803sA/NN7APzTewD803sA/NN7APzTewD///8A////AP///wD///8A////AP///wD///8A////AP///wD803sA/NN7APzTe//803v//NN7//zTe//803sA/NN7APzTewD803sA/NN7APzTewD803sA/NN7APzTewD803sA/NN7APzTewD803sA/NN7APzTewD803sA/NN7APzTewD803sA/NN7APzTewD803sA/NN7APzTewD803sA/NN7APzTewD803sA/NN7APzTewD803sA/NN7APzTewD803sA/NN7APzTewD803sA/NN7APzTewD803sA/NN7APzTewD803sA/NN7APzTewD803sA/NN7APzTewD803sA/NN7APzTewD803sA/NN7APzTewD803sA/NN7APzTewD///8A////AP///wD///8A////AP///wD///8A////AP///wD803sA/NN7APzTe//803v//NN7//zTe//803sA/NN7APzTewD803sA/NN7APzTewD803sA/NN7APzTewD803sA/NN7APzTewD803sA/NN7APzTewD803sA/NN7APzTewD803sA/NN7APzTewD803sA/NN7APzTewD803sA/NN7APzTewD803sA/NN7APzTewD803sA/NN7APzTewD803sA/NN7APzTewD803sA/NN7APzTewD803sA/NN7APzTewD803sA/NN7APzTewD803sA/NN7APzTewD803sA/NN7APzTewD803sA/NN7APzTewD803sA/NN7APzTewD///8A////AP///wD///8A////AP///wD///8A////AP///wD803sA/NN7APzTe//803v//NN7//zTe//803sA/NN7APzTewD803sA/NN7APzTewD803sA/NN7APzTewD803sA/NN7APzTewD803sA/NN7APzTewD803sA/NN7APzTewD803sA/NN7APzTewD803sA/NN7APzTewD803sA/NN7APzTewD803sA/NN7APzTewD803sA/NN7APzTewD803sA/NN7APzTewD803sA/NN7APzTewD803sA/NN7APzTewD803sA/NN7APzTewD803sA/NN7APzTewD803sA/NN7APzTewD803sA/NN7APzTewD803sA/NN7APzTewD///8A////AP///wD///8A////AP///wD///8A////AP///wD803sA/NN7APzTe//803v//NN7//zTe//803sA/NN7APzTewD803sA/NN7APzTewD803sA/NN7APzTewD803sA/NN7APzTewD803sA/NN7APzTewD803sA/NN7APzTewD803sA/NN7APzTewD803sA/NN7APzTewD803sA/NN7APzTewD803sA/NN7APzTewD803sA/NN7APzTewD803sA/NN7APzTewD803sA/NN7APzTewD803sA/NN7APzTewD803sA/NN7APzTewD803sA/NN7APzTewD803sA/NN7APzTewD803sA/NN7APzTewD803sA/NN7APzTewD///8A////AP///wD///8A////AP///wD///8A////AP///wD803sA/NN7APzTe//803v//NN7//zTe//803sA/NN7APzTewD803sA/NN7APzTewD803sA/NN7APzTewD803sA/NN7APzTewD803sA/NN7APzTewD803sA/NN7APzTewD803sA/NN7APzTewD803sA/NN7APzTewD803sA/NN7APzTewD803sA/NN7APzTewD803sA/NN7APzTewD803sA/NN7APzTewD803sA/NN7APzTewD803sA/NN7APzTewD803sA/NN7APzTewD803sA/NN7APzTewD803sA/NN7APzTewD803sA/NN7APzTewD803sA/NN7APzTewD///8A////AP///wD///8A////AP///wD///8A////AP///wD803sA/NN7APzTe//803v//NN7//zTe//803sA/NN7APzTewD803sA/NN7APzTewD803sA/NN7APzTewD803sA/NN7APzTewD803sA/NN7APzTewD803sA/NN7APzTewD803sA/NN7APzTewD803sA/NN7APzTewD803sA/NN7APzTewD803sA/NN7APzTewD803sA/NN7APzTewD803sA/NN7APzTewD803sA/NN7APzTewD803sA/NN7APzTewD803sA/NN7APzTewD803sA/NN7APzTewD803sA/NN7APzTewD803sA/NN7APzTewD803sA/NN7APzTewD///8A////AP///wD///8A////AP///wD///8A////AP///wD803sA/NN7APzTe//803v//NN7//zTe//803sA/NN7APzTewD803sA/NN7APzTewD803sA/NN7APzTewD803sA/NN7APzTewD803sA/NN7APzTewD803sA/NN7APzTewD803sA/NN7APzTewD803sA/NN7APzTewD803sA/NN7APzTewD803sA/NN7APzTewD803sA/NN7APzTewD803sA/NN7APzTewD803sA/NN7APzTewD803sA/NN7APzTewD803sA/NN7APzTewD803sA/NN7APzTewD803sA/NN7APzTewD803sA/NN7APzTewD803sA/NN7APzTewD///8A////AP///wD///8A////AP///wD///8A////AP///wD803sA/NN7APzTe//803v//NN7//zTe//803sA/NN7APzTewD803sA/NN7APzTewD803sA/NN7APzTewD803sA/NN7APzTewD803sA/NN7APzTewD803sA/NN7APzTewD803sA/NN7APzTewD803sA/NN7APzTewD803sA/NN7APzTewD803sA/NN7APzTewD803sA/NN7APzTewD803sA/NN7APzTewD803sA/NN7APzTewD803sA/NN7APzTewD803sA/NN7APzTewD803sA/NN7APzTewD803sA/NN7APzTewD803sA/NN7APzTewD803sA/NN7APzTewD///8A////AP///wD///8A////AP///wD///8A////AP///wD803sA/NN7APzTe//803v//NN7//zTe//803sA/NN7APzTewD803sA/NN7APzTewD803sA/NN7APzTewD803sA/NN7APzTewD803sA/NN7APzTewD803sA/NN7APzTewD803sA/NN7APzTewD803sA/NN7APzTewD803sA/NN7APzTewD803sA/NN7APzTewD803sA/NN7APzTewD803sA/NN7APzTewD803sA/NN7APzTewD803sA/NN7APzTewD803sA/NN7APzTewD803sA/NN7APzTewD803sA/NN7APzTewD803sA/NN7APzTewD803sA/NN7APzTewD///8A////AP///wD///8A////AP///wD///8A////AP///wD803sA/NN7APzTe//803v//NN7//zTe//803sA/NN7APzTewD803sA/NN7APzTewD803sA/NN7APzTewD803sA/NN7APzTewD803sA/NN7APzTewD803sA/NN7APzTewD803sA/NN7APzTewD803sA/NN7APzTewD803sA/NN7APzTewD803sA/NN7APzTewD803sA/NN7APzTewD803sA/NN7APzTewD803sA/NN7APzTewD803sA/NN7APzTewD803sA/NN7APzTewD803sA/NN7APzTewD803sA/NN7APzTewD803sA/NN7APzTewD803sA/NN7APzTewD///8A////AP///wD///8A////AP///wD///8A////AP///wD803sA/NN7APzTe//803v//NN7//zTe//803sA/NN7APzTewD803sA/NN7APzTewD803sA/NN7APzTewD803sA/NN7APzTewD803sA/NN7APzTewD803sA/NN7APzTewD803sA/NN7APzTewD803sA/NN7APzTewD803sA/NN7APzTewD803sA/NN7APzTewD803sA/NN7APzTewD803sA/NN7APzTewD803sA/NN7APzTewD803sA/NN7APzTewD803sA/NN7APzTewD803sA/NN7APzTewD803sA/NN7APzTewD803sA/NN7APzTewD803sA/NN7APzTewD///8A////AP///wD///8A////AP///wD///8A////AP///wD803sA/NN7APzTe//803v//NN7//zTe//803sA/NN7APzTewD803sA/NN7APzTewD803sA/NN7APzTewD803sA/NN7APzTewD803sA/NN7APzTewD803sA/NN7APzTewD803sA/NN7APzTewD803sA/NN7APzTewD803sA/NN7APzTewD803sA/NN7APzTewD803sA/NN7APzTewD803sA/NN7APzTewD803sA/NN7APzTewD803sA/NN7APzTewD803sA/NN7APzTewD803sA/NN7APzTewD803sA/NN7APzTewD803sA/NN7APzTewD803sA/NN7APzTewD///8A////AP///wD///8A////AP///wD///8A////AP///wD803sA/NN7APzTe//803v//NN7//zTe//803sA/NN7APzTewD803sA/NN7APzTewD803sA/NN7APzTewD803sA/NN7APzTewD803sA/NN7APzTewD803sA/NN7APzTewD803sA/NN7APzTewD803sA/NN7APzTewD803sA/NN7APzTewD803sA/NN7APzTewD803sA/NN7APzTewD803sA/NN7APzTewD803sA/NN7APzTewD803sA/NN7APzTewD803sA/NN7APzTewD803sA/NN7APzTewD803sA/NN7APzTewD803sA/NN7APzTewD803sA/NN7APzTewD///8A////AP///wD///8A////AP///wD///8A////AP///wD803sA/NN7APzTe//803v//NN7//zTe//803sA/NN7APzTewD803sA/NN7APzTewD803sA/NN7APzTewD803sA/NN7APzTewD803sA/NN7APzTewD803sA/NN7APzTewD803sA/NN7APzTewD803sA/NN7APzTe//803v//NN7//zTe//803v//NN7//zTe//803v//NN7//zTe//803v//NN7//zTe//803v//NN7//zTe//803v//NN7//zTe//803v//NN7//zTe//803v//NN7//zTe//803v//NN7//zTe//803v//NN7//zTe//803v//NN7//zTewD///8A////AP///wD///8A////AP///wD///8A////AP///wD803sA/NN7APzTe//803v//NN7//zTe//803sA/NN7APzTewD803sA/NN7APzTewD803sA/NN7APzTewD803sA/NN7APzTewD803sA/NN7APzTewD803sA/NN7APzTewD803sA/NN7APzTewD803sA/NN7APzTe//803v//NN7//zTe//803v//NN7//zTe//803v//NN7//zTe//803v//NN7//zTe//803v//NN7//zTe//803v//NN7//zTe//803v//NN7//zTe//803v//NN7//zTe//803v//NN7//zTe//803v//NN7//zTe//803v//NN7//zTewD///8A////AP///wD///8A////AP///wD///8A////AP///wD803sA/NN7APzTe//803v//NN7//zTe//803sA/NN7APzTewD803sA/NN7APzTewD803sA/NN7APzTewD803sA/NN7APzTewD803sA/NN7APzTewD803sA/NN7APzTewD803sA/NN7APzTewD803sA/NN7APzTe//803v//NN7//zTe//803v//NN7//zTe//803v//NN7//zTe//803v//NN7//zTe//803v//NN7//zTe//803v//NN7//zTe//803v//NN7//zTe//803v//NN7//zTe//803v//NN7//zTe//803v//NN7//zTe//803v//NN7//zTewD///8A////AP///wD///8A////AP///wD///8A////AP///wD803sA/NN7APzTe//803v//NN7//zTe//803sA/NN7APzTewD803sA/NN7APzTewD803sA/NN7APzTewD803sA/NN7APzTewD803sA/NN7APzTewD803sA/NN7APzTewD803sA/NN7APzTewD803sA/NN7APzTe//803v//NN7//zTe//803v//NN7//zTe//803v//NN7//zTe//803v//NN7//zTe//803v//NN7//zTe//803v//NN7//zTe//803v//NN7//zTe//803v//NN7//zTe//803v//NN7//zTe//803v//NN7//zTe//803v//NN7//zTewD///8A////AP///wD///8A////AP///wD///8A////AP///wD803sA/NN7APzTe//803v//NN7//zTe//803sA/NN7APzTewD803sA/NN7APzTewD803sA/NN7APzTewD803sA/NN7APzTewD803sA/NN7APzTewD803sA/NN7APzTewD803sA/NN7APzTewD803sA/NN7APzTe//803v//NN7//zTe//803v//NN7//zTe//803v//NN7//zTe//803v//NN7//zTe//803v//NN7//zTe//803v//NN7//zTe//803v//NN7//zTe//803v//NN7//zTe//803v//NN7//zTe//803v//NN7//zTe//803v//NN7//zTewD///8A////AP///wD///8A////AP///wD///8A////AP///wD803sA/NN7APzTe//803v//NN7//zTe//803sA/NN7APzTewD803sA/NN7APzTewD803sA/NN7APzTewD803sA/NN7APzTewD803sA/NN7APzTewD803sA/NN7APzTewD803sA/NN7APzTewD803sA/NN7APzTe//803v//NN7//zTe//803v//NN7//zTe//803v//NN7//zTe//803v//NN7//zTe//803v//NN7//zTe//803v//NN7//zTe//803v//NN7//zTe//803v//NN7//zTe//803v//NN7//zTe//803v//NN7//zTe//803v//NN7//zTewD///8A////AP///wD///8A////AP///wD///8A////AP///wD803sA/NN7APzTe//803v//NN7//zTe//803sA/NN7APzTewD803sA/NN7APzTewD803sA/NN7APzTewD803sA/NN7APzTewD803sA/NN7APzTewD803sA/NN7APzTewD803sA/NN7APzTewD803sA/NN7APzTe//803v//NN7//zTe//803v//NN7//zTe//803v//NN7//zTe//803v//NN7//zTe//803v//NN7//zTe//803v//NN7//zTe//803v//NN7//zTe//803v//NN7//zTe//803v//NN7//zTe//803v//NN7//zTe//803v//NN7//zTewD///8A////AP///wD///8A////AP///wD///8A////AP///wD803sA/NN7APzTe//803v//NN7//zTe//803sA/NN7APzTewD803sA/NN7APzTewD803sA/NN7APzTewD803sA/NN7APzTewD803sA/NN7APzTewD803sA/NN7APzTewD803sA/NN7APzTewD803sA/NN7APzTe//803v//NN7//zTe//803v//NN7//zTe//803v//NN7//zTe//803v//NN7//zTe//803v//NN7//zTe//803v//NN7//zTe//803v//NN7//zTe//803v//NN7//zTe//803v//NN7//zTe//803v//NN7//zTe//803v//NN7//zTewD///8A////AP///wD///8A////AP///wD///8A////AP///wD803sA/NN7APzTe//803v//NN7//zTe//803sA/NN7APzTewD803sA/NN7//zTe//803v//NN7//zTe//803v//NN7//zTe//803v//NN7//zTe//803v//NN7//zTe//803v//NN7APzTewD803sA/NN7APzTe//803v//NN7//zTe//803v//NN7//zTe//803v//NN7//zTe//803v//NN7//zTe//803v//NN7//zTe//803v//NN7//zTe//803v//NN7//zTe//803v//NN7//zTe//803v//NN7//zTe//803v//NN7//zTe//803v//NN7//zTewD///8A////AP///wD///8A////AP///wD///8A////AP///wD803sA/NN7APzTe//803v//NN7//zTe//803sA/NN7APzTewD803sA/NN7//zTe//803v//NN7//zTe//803v//NN7//zTe//803v//NN7//zTe//803v//NN7//zTe//803v//NN7APzTewD803sA/NN7APzTe//803v//NN7//zTe//803v//NN7//zTe//803v//NN7//zTe//803v//NN7//zTe//803v//NN7//zTe//803v//NN7//zTe//803v//NN7//zTe//803v//NN7//zTe//803v//NN7//zTe//803v//NN7//zTe//803v//NN7//zTewD///8A////AP///wD///8A////AP///wD///8A////AP///wD803sA/NN7APzTe//803v//NN7//zTe//803sA/NN7APzTewD803sA/NN7//zTe//803v//NN7//zTe//803v//NN7//zTe//803v//NN7//zTe//803v//NN7//zTe//803v//NN7APzTewD803sA/NN7APzTe//803v//NN7//zTe//803v//NN7//zTe//803v//NN7//zTe//803v//NN7//zTe//803v//NN7//zTe//803v//NN7//zTe//803v//NN7//zTe//803v//NN7//zTe//803v//NN7//zTe//803v//NN7//zTe//803v//NN7//zTewD///8A////AP///wD///8A////AP///wD///8A////AP///wD803sA/NN7APzTe//803v//NN7//zTe//803sA/NN7APzTewD803sA/NN7//zTe//803v//NN7//zTe//803v//NN7//zTe//803v//NN7//zTe//803v//NN7//zTe//803v//NN7APzTewD803sA/NN7APzTe//803v//NN7//zTe//803v//NN7//zTe//803v//NN7//zTe//803v//NN7//zTe//803v//NN7//zTe//803v//NN7//zTe//803v//NN7//zTe//803v//NN7//zTe//803v//NN7//zTe//803v//NN7//zTe//803v//NN7//zTewD///8A////AP///wD///8A////AP///wD///8A////AP///wD803sA/NN7APzTe//803v//NN7//zTe//803sA/NN7APzTewD803sA/NN7//zTe//803v//NN7//zTe//803v//NN7//zTe//803v//NN7//zTe//803v//NN7//zTe//803v//NN7APzTewD803sA/NN7APzTe//803v//NN7//zTe//803v//NN7//zTe//803v//NN7//zTe//803v//NN7//zTe//803v//NN7//zTe//803v//NN7//zTe//803v//NN7//zTe//803v//NN7//zTe//803v//NN7//zTe//803v//NN7//zTe//803v//NN7//zTewD///8A////AP///wD///8A////AP///wD///8A////AP///wD803sA/NN7APzTe//803v//NN7//zTe//803sA/NN7APzTewD803sA/NN7//zTe//803v//NN7//zTe//803v//NN7//zTe//803v//NN7//zTe//803v//NN7//zTe//803v//NN7APzTewD803sA/NN7APzTe//803v//NN7//zTe//803v//NN7//zTe//803v//NN7//zTe//803v//NN7//zTe//803v//NN7//zTe//803v//NN7//zTe//803v//NN7//zTe//803v//NN7//zTe//803v//NN7//zTe//803v//NN7//zTe//803v//NN7//zTewD///8A////AP///wD///8A////AP///wD///8A////AP///wD803sA/NN7APzTe//803v//NN7//zTe//803sA/NN7APzTewD803sA/NN7//zTe//803v//NN7//zTe//803v//NN7//zTe//803v//NN7//zTe//803v//NN7//zTe//803v//NN7APzTewD803sA/NN7APzTe//803v//NN7//zTe//803v//NN7//zTe//803v//NN7//zTe//803v//NN7//zTe//803v//NN7//zTe//803v//NN7//zTe//803v//NN7//zTe//803v//NN7//zTe//803v//NN7//zTe//803v//NN7//zTe//803v//NN7//zTewD///8A////AP///wD///8A////AP///wD///8A////AP///wD803sA/NN7APzTe//803v//NN7//zTe//803sA/NN7APzTewD803sA/NN7//zTe//803v//NN7//zTe//803v//NN7//zTe//803v//NN7//zTe//803v//NN7//zTe//803v//NN7APzTewD803sA/NN7APzTe//803v//NN7//zTe//803v//NN7//zTe//803v//NN7//zTe//803v//NN7//zTe//803v//NN7//zTe//803v//NN7//zTe//803v//NN7//zTe//803v//NN7//zTe//803v//NN7//zTe//803v//NN7//zTe//803v//NN7//zTewD///8A////AP///wD///8A////AP///wD///8A////AP///wD803sA/NN7APzTe//803v//NN7//zTe//803sA/NN7APzTewD803sA/NN7//zTe//803v//NN7//zTe//803v//NN7//zTe//803v//NN7//zTe//803v//NN7//zTe//803v//NN7APzTewD803sA/NN7APzTe//803v//NN7//zTe//803v//NN7//zTe//803v//NN7//zTe//803v//NN7//zTe//803v//NN7//zTe//803v//NN7//zTe//803v//NN7//zTe//803v//NN7//zTe//803v//NN7//zTe//803v//NN7//zTe//803v//NN7//zTewD///8A////AP///wD///8A////AP///wD///8A////AP///wD803sA/NN7APzTe//803v//NN7//zTe//803sA/NN7APzTewD803sA/NN7//zTe//803v//NN7//zTe//803v//NN7//zTe//803v//NN7//zTe//803v//NN7//zTe//803v//NN7APzTewD803sA/NN7APzTe//803v//NN7//zTe//803v//NN7//zTe//803v//NN7//zTe//803v//NN7//zTe//803v//NN7//zTe//803v//NN7//zTe//803v//NN7//zTe//803v//NN7//zTe//803v//NN7//zTe//803v//NN7//zTe//803v//NN7//zTewD///8A////AP///wD///8A////AP///wD///8A////AP///wD803sA/NN7APzTe//803v//NN7//zTe//803sA/NN7APzTewD803sA/NN7//zTe//803v//NN7//zTe//803v//NN7//zTe//803v//NN7//zTe//803v//NN7//zTe//803v//NN7APzTewD803sA/NN7APzTe//803v//NN7//zTe//803v//NN7//zTe//803v//NN7//zTe//803v//NN7//zTe//803v//NN7//zTe//803v//NN7//zTe//803v//NN7//zTe//803v//NN7//zTe//803v//NN7//zTe//803v//NN7//zTe//803v//NN7//zTewD///8A////AP///wD///8A////AP///wD///8A////AP///wD803sA/NN7APzTe//803v//NN7//zTe//803sA/NN7APzTewD803sA/NN7//zTe//803v//NN7//zTe//803v//NN7//zTe//803v//NN7//zTe//803v//NN7//zTe//803v//NN7APzTewD803sA/NN7APzTe//803v//NN7//zTe//803v//NN7//zTe//803v//NN7//zTe//803v//NN7//zTe//803v//NN7//zTe//803v//NN7//zTe//803v//NN7//zTe//803v//NN7//zTe//803v//NN7//zTe//803v//NN7//zTe//803v//NN7//zTewD///8A////AP///wD///8A////AP///wD///8A////AP///wD803sA/NN7APzTe//803v//NN7//zTe//803sA/NN7APzTewD803sA/NN7//zTe//803v//NN7//zTe//803v//NN7//zTe//803v//NN7//zTe//803v//NN7//zTe//803v//NN7APzTewD803sA/NN7APzTe//803v//NN7//zTe//803v//NN7//zTe//803v//NN7//zTe//803v//NN7//zTe//803v//NN7//zTe//803v//NN7//zTe//803v//NN7//zTe//803v//NN7//zTe//803v//NN7//zTe//803v//NN7//zTe//803v//NN7//zTewD///8A////AP///wD///8A////AP///wD///8A////AP///wD803sA/NN7APzTe//803v//NN7//zTe//803sA/NN7APzTewD803sA/NN7//zTe//803v//NN7//zTe//803v//NN7//zTe//803v//NN7//zTe//803v//NN7//zTe//803v//NN7APzTewD803sA/NN7APzTe//803v//NN7//zTe//803v//NN7//zTe//803v//NN7//zTe//803v//NN7//zTe//803v//NN7//zTe//803v//NN7//zTe//803v//NN7//zTe//803v//NN7//zTe//803v//NN7//zTe//803v//NN7//zTe//803v//NN7//zTewD///8A////AP///wD///8A////AP///wD///8A////AP///wD803sA/NN7APzTe//803v//NN7//zTe//803sA/NN7APzTewD803sA/NN7//zTe//803v//NN7//zTe//803v//NN7//zTe//803v//NN7//zTe//803v//NN7//zTe//803v//NN7APzTewD803sA/NN7APzTe//803v//NN7//zTe//803v//NN7//zTe//803v//NN7//zTe//803v//NN7//zTe//803v//NN7//zTe//803v//NN7//zTe//803v//NN7//zTe//803v//NN7//zTe//803v//NN7//zTe//803v//NN7//zTe//803v//NN7//zTewD///8A////AP///wD///8A////AP///wD///8A////AP///wD803sA/NN7APzTe//803v//NN7//zTe//803sA/NN7APzTewD803sA/NN7//zTe//803v//NN7//zTe//803v//NN7//zTe//803v//NN7//zTe//803v//NN7//zTe//803v//NN7APzTewD803sA/NN7APzTe//803v//NN7//zTe//803v//NN7//zTe//803v//NN7//zTe//803v//NN7//zTe//803v//NN7//zTe//803v//NN7//zTe//803v//NN7//zTe//803v//NN7//zTe//803v//NN7//zTe//803v//NN7//zTe//803v//NN7//zTewD///8A////AP///wD///8A////AP///wD///8A////AP///wD803sA/NN7APzTe//803v//NN7//zTe//803sA/NN7APzTewD803sA/NN7//zTe//803v//NN7//zTe//803v//NN7//zTe//803v//NN7//zTe//803v//NN7//zTe//803v//NN7APzTewD803sA/NN7APzTe//803v//NN7//zTe//803v//NN7//zTe//803v//NN7//zTe//803v//NN7//zTe//803v//NN7//zTe//803v//NN7//zTe//803v//NN7//zTe//803v//NN7//zTe//803v//NN7//zTe//803v//NN7//zTe//803v//NN7//zTewD///8A////AP///wD///8A////AP///wD///8A////AP///wD803sA/NN7APzTe//803v//NN7//zTe//803sA/NN7APzTewD803sA/NN7//zTe//803v//NN7//zTe//803v//NN7//zTe//803v//NN7//zTe//803v//NN7//zTe//803v//NN7APzTewD803sA/NN7APzTe//803v//NN7//zTe//803v//NN7//zTe//803v//NN7//zTe//803v//NN7//zTe//803v//NN7//zTe//803v//NN7//zTe//803v//NN7//zTe//803v//NN7//zTe//803v//NN7//zTe//803v//NN7//zTe//803v//NN7//zTewD///8A////AP///wD///8A////AP///wD///8A////AP///wD803sA/NN7APzTe//803v//NN7//zTe//803sA/NN7APzTewD803sA/NN7//zTe//803v//NN7//zTe//803v//NN7//zTe//803v//NN7//zTe//803v//NN7//zTe//803v//NN7APzTewD803sA/NN7APzTe//803v//NN7//zTe//803v//NN7//zTe//803v//NN7//zTe//803v//NN7//zTe//803v//NN7//zTe//803v//NN7//zTe//803v//NN7//zTe//803v//NN7//zTe//803v//NN7//zTe//803v//NN7//zTe//803v//NN7//zTewD///8A////AP///wD///8A////AP///wD///8A////AP///wD803sA/NN7APzTe//803v//NN7//zTe//803sA/NN7APzTewD803sA/NN7//zTe//803v//NN7//zTe//803v//NN7//zTe//803v//NN7//zTe//803v//NN7//zTe//803v//NN7APzTewD803sA/NN7APzTe//803v//NN7//zTe//803v//NN7//zTe//803v//NN7//zTe//803v//NN7//zTe//803v//NN7//zTe//803v//NN7//zTe//803v//NN7//zTe//803v//NN7//zTe//803v//NN7//zTe//803v//NN7//zTe//803v//NN7//zTewD///8A////AP///wD///8A////AP///wD///8A////AP///wD803sA/NN7APzTe//803v//NN7//zTe//803sA/NN7APzTewD803sA/NN7//zTe//803v//NN7//zTe//803v//NN7//zTe//803v//NN7//zTe//803v//NN7//zTe//803v//NN7APzTewD803sA/NN7APzTe//803v//NN7//zTe//803v//NN7//zTe//803v//NN7//zTe//803v//NN7//zTe//803v//NN7//zTe//803v//NN7//zTe//803v//NN7//zTe//803v//NN7//zTe//803v//NN7//zTe//803v//NN7//zTe//803v//NN7//zTewD///8A////AP///wD///8A////AP///wD///8A////AP///wD803sA/NN7APzTe//803v//NN7//zTe//803sA/NN7APzTewD803sA/NN7//zTe//803v//NN7//zTe//803v//NN7//zTe//803v//NN7//zTe//803v//NN7//zTe//803v//NN7APzTewD803sA/NN7APzTe//803v//NN7//zTe//803v//NN7//zTe//803v//NN7//zTe//803v//NN7//zTe//803v//NN7//zTe//803v//NN7//zTe//803v//NN7//zTe//803v//NN7//zTe//803v//NN7//zTe//803v//NN7//zTe//803v//NN7//zTewD///8A////AP///wD///8A////AP///wD///8A////AP///wD803sA/NN7APzTe//803v//NN7//zTe//803sA/NN7APzTewD803sA/NN7//zTe//803v//NN7//zTe//803v//NN7//zTe//803v//NN7//zTe//803v//NN7//zTe//803v//NN7APzTewD803sA/NN7APzTeyH803uF/NN75vzTe//803v//NN7//zTe//803v//NN7//zTe//803v//NN7//zTe//803v//NN7APzTewD803sA/NN7APzTewD803sA/NN7APzTewD803sA/NN7APzTewD803sA/NN7APzTewD803sA/NN7APzTewD803sA/NN7APzTewD///8A////AP///wD///8A////AP///wD///8A////AP///wD803sA/NN7APzTe//803v//NN7//zTe//803sA/NN7APzTewD803sA/NN7//zTe//803v//NN7//zTe//803v//NN7//zTe//803v//NN7//zTe//803v//NN7//zTe//803v//NN7W/zTewn803sA/NN7APzTewD803sA/NN7BfzTe1L803u4/NN7/fzTe//803v//NN7//zTe//803v//NN7//zTe//803v//NN7APzTewD803sA/NN7APzTewD803sA/NN7APzTewD803sA/NN7APzTewD803sA/NN7APzTewD803sA/NN7APzTewD803sA/NN7APzTewD///8A////AP///wD///8A////AP///wD///8A////AP///wD803sA/NN7APzTe//803v//NN7//zTe//803sA/NN7APzTewD803sA/NN7//zTe//803v//NN7//zTe//803v//NN7//zTe//803v//NN7//zTe//803v//NN7//zTe//803v//NN7//zTe/D803uU/NN7K/zTewD803sA/NN7APzTewD803sA/NN7IfzTe4X803vm/NN7//zTe//803v//NN7//zTe//803v//NN7APzTewD803sA/NN7APzTewD803sA/NN7APzTewD803sA/NN7APzTewD803sA/NN7APzTewD803sA/NN7APzTewD803sA/NN7APzTewD///8A////AP///wD///8A////AP///wD///8A////AP///wD803sA/NN7APzTe//803v//NN7//zTe//803sA/NN7APzTewD803sA/NN7//zTe//803v//NN7//zTe//803v//NN7//zTe//803v//NN7//zTe//803v//NN7//zTe//803v//NN7//zTe//803v//NN7//zTe8P803td/NN7CfzTewD803sA/NN7APzTewD803sF/NN7UvzTe7j803v9/NN7//zTe//803v//NN7APzTewD803sA/NN7APzTewD803sA/NN7APzTewD803sA/NN7APzTewD803sA/NN7APzTewD803sA/NN7APzTewD803sA/NN7APzTewD///8A////AP///wD///8A////AP///wD///8A////AP///wD803sA/NN7APzTe//803v//NN7//zTe//803sA/NN7APzTewD803sA/NN7//zTe//803v//NN7//zTe//803v//NN7//zTe//803v//NN7//zTe//803v//NN7//zTe//803v//NN7//zTe//803v//NN7//zTe//803v//NN77fzTe4/803sp/NN7APzTewD803sA/NN7APzTewD803sh/NN7hvzTe+f803v//NN7APzTewD803sA/NN7APzTewD803sA/NN7APzTewD803sA/NN7APzTewD803sA/NN7APzTewD803sA/NN7APzTewD803sA/NN7APzTewD///8A////AP///wD///8A////AP///wD///8A////AP///wD803sA/NN7APzTe//803v//NN7//zTe//803sA/NN7APzTewD803sA/NN7//zTe//803v//NN7//zTe//803v//NN7//zTe//803v//NN7//zTe//803v//NN7//zTe//803v//NN7//zTe//803v//NN7//zTe//803v//NN7//zTe//803v//NN7wvzTe1z803sI/NN7APzTewD803sA/NN7APzTewX803tT/NN7APzTewD803sA/NN7APzTewD803sA/NN7APzTewD803sA/NN7APzTewD803sA/NN7APzTewD803sA/NN7APzTewD803sA/NN7APzTewD///8A////AP///wD///8A////AP///wD///8A////AP///wD803sA/NN7APzTe//803v//NN7//zTe//803sA/NN7APzTewD803sA/NN7//zTe//803v//NN7//zTe//803v//NN7//zTe//803v//NN7//zTe//803v//NN7//zTe//803v//NN7//zTe//803v//NN7//zTe//803v//NN7//zTe//803v//NN7//zTe//803vt/NN7j/zTeyn803sA/NN7APzTewD803sA/NN7APzTewD803sA/NN7APzTewD803sA/NN7APzTewD803sA/NN7APzTewD803sA/NN7APzTewD803sA/NN7APzTewD803sA/NN7APzTewD///8A////AP///wD///8A////AP///wD///8A////AP///wD803sA/NN7APzTe//803v//NN7//zTe//803sA/NN7APzTewD803sA/NN7//zTe//803v//NN7//zTe//803v//NN7//zTe//803v//NN7//zTe//803v//NN7//zTe//803v//NN7//zTe//803v//NN7//zTe//803v//NN7//zTe//803v//NN7//zTe//803v//NN7//zTe//803vC/NN7APzTewD803sA/NN7APzTewD803sA/NN7APzTewD803sA/NN7APzTewD803sA/NN7APzTewD803sA/NN7APzTewD803sA/NN7APzTewD803sA/NN7APzTewD///8A////AP///wD///8A////AP///wD///8A////AP///wD803sA/NN7APzTewD803sA/NN7APzTewD803sA/NN7APzTewD803sA/NN7APzTewD803sA/NN7APzTewD803sA/NN7APzTewD803sA/NN7APzTewD803sA/NN7APzTewD803sA/NN7APzTewD803sA/NN7APzTewD803sA/NN7APzTewD803sA/NN7APzTewD803sA/NN7APzTewD803sA/NN7APzTewD803sA/NN7APzTewD803sA/NN7APzTewD803sA/NN7APzTewD803sA/NN7APzTewD803sA/NN7APzTewD803sA/NN7APzTewD803sA/NN7APzTewD///8A////AP///wD///8A////AP///wD///8A////AP///wD803sA/NN7APzTewD803sA/NN7APzTewD803sA/NN7APzTewD803sA/NN7APzTewD803sA/NN7APzTewD803sA/NN7APzTewD803sA/NN7APzTewD803sA/NN7APzTewD803sA/NN7APzTewD803sA/NN7APzTewD803sA/NN7APzTewD803sA/NN7APzTewD803sA/NN7APzTewD803sA/NN7APzTewD803sA/NN7APzTewD803sA/NN7APzTewD803sA/NN7APzTewD803sA/NN7APzTewD803sA/NN7APzTewD803sA/NN7APzTewD803sA/NN7APzTewD///8A////AP///wD///8A////AP///wD///8A////AP///wD803sA/NN7APzTewD803sA/NN7APzTewD803sA/NN7APzTewD803sA/NN7APzTewD803sA/NN7APzTewD803sA/NN7APzTewD803sA/NN7APzTewD803sA/NN7APzTewD803sA/NN7APzTewD803sA/NN7APzTewD803sA/NN7APzTewD803sA/NN7APzTewD803sA/NN7APzTewD803sA/NN7APzTewD803sA/NN7APzTewD803sA/NN7APzTewD803sA/NN7APzTewD803sA/NN7APzTewD803sA/NN7APzTewD803sA/NN7APzTewD803sA/NN7APzTewD///8A////AP///wD///8A////AP///wD///8A////AP///wD803sA/NN7APzTewD803sA/NN7APzTewD803sA/NN7APzTewD803sA/NN7APzTewD803sA/NN7APzTewD803sA/NN7APzTewD803sA/NN7APzTewD803sA/NN7APzTewD803sA/NN7APzTewD803sA/NN7APzTewD803sA/NN7APzTewD803sA/NN7APzTewD803sA/NN7APzTewD803sA/NN7APzTewD803sA/NN7APzTewD803sA/NN7APzTewD803sA/NN7APzTewD803sA/NN7APzTewD803sA/NN7APzTewD803sA/NN7APzTewD803sA/NN7APzTewD///8A////AP///wD///8A////AP///wD///8A////AP///wD803sA/NN7APzTewD803sA/NN7APzTewD803sA/NN7APzTewD803sA/NN7APzTewD803sA/NN7APzTewD803sA/NN7APzTewD803sA/NN7APzTewD803sA/NN7APzTewD803sA/NN7APzTewD803sA/NN7APzTewD803sA/NN7APzTewD803sA/NN7APzTewD803sA/NN7APzTewD803sA/NN7APzTewD803sA/NN7APzTewD803sA/NN7APzTewD803sA/NN7APzTewD803sA/NN7APzTewD803sA/NN7APzTewD803sA/NN7APzTewD803sA/NN7APzTewD///8A////AP///wD///8A////AP///wD///8A////AP///wD803sA/NN7APzTewD803sA/NN7APzTewD803sA/NN7APzTewD803sA/NN7APzTewD803sA/NN7APzTewD803sA/NN7APzTewD803sA/NN7APzTewD803sA/NN7APzTewD803sA/NN7APzTewD803sA/NN7APzTewD803sA/NN7APzTewD803sA/NN7APzTewD803sA/NN7APzTewD803sA/NN7APzTewD803sA/NN7APzTewD803sA/NN7APzTewD803sA/NN7APzTewD803sA/NN7APzTewD803sA/NN7APzTewD803sA/NN7APzTewD803sA/NN7APzTewD///8A////AP///wD///8A////AP///wD///8A////AP///wD803sA/NN7APzTewD803sA/NN7APzTewD803sA/NN7APzTewD803sA/NN7APzTewD803sA/NN7APzTewD803sA/NN7APzTewD803sA/NN7APzTewD803sA/NN7APzTewD803sA/NN7APzTewD803sA/NN7APzTewD803sA/NN7APzTewD803sA/NN7APzTewD803sA/NN7APzTewD803sA/NN7APzTewD803sA/NN7APzTewD803sA/NN7APzTewD803sA/NN7APzTewD803sA/NN7APzTewD803sA/NN7APzTewD803sA/NN7APzTewD803sA/NN7APzTewD///8A////AP///wD///8A////AP///wD///8A////AP///wD803sA/NN7APzTewD803sA/NN7APzTewD803sA/NN7APzTewD803sA/NN7APzTewD803sA/NN7APzTewD803sA/NN7APzTewD803sA/NN7APzTewD803sA/NN7APzTewD803sA/NN7APzTewD803sA/NN7APzTewD803sA/NN7APzTewD803sA/NN7APzTewD803sA/NN7APzTewD803sA/NN7APzTewD803sA/NN7APzTewD803sA/NN7APzTewD803sA/NN7APzTewD803sA/NN7APzTewD803sA/NN7APzTewD803sA/NN7APzTewD803sA/NN7APzTewD///8A////AP///wD///8A////AP///wD///8A////AP///wD///8A////AP///wD///8A////AP///wD///8A////AP///wD///8A////AP///wD///8A////AP///wD///8A////AP///wD///8A////AP///wD///8A////AP///wD///8A////AP///wD///8A////AP///wD///8A////AP///wD///8A////AP///wD///8A////AP///wD///8A////AP///wD///8A////AP///wD///8A////AP///wD///8A////AP///wD///8A////AP///wD///8A////AP///wD///8A////AP///wD///8A////AP///wD///8A////AP///wD///8A////AP///////////wAAAP///////////wAAAPw//////////wAAAPw//////////wAAAPw//////////wAAAPw//////////wAAAPw//////////wAAAPw//////////wAAAPw//////////wAAAPw//////////wAAAPw//////////wAAAPw//////////wAAAPw//////////wAAAPw//////////wAAAPw//////////wAAAPw//////////wAAAPw//////////wAAAPw//////////wAAAPw//////////wAAAPw//////////wAAAPw//////////wAAAPw//////////wAAAPw//////////wAAAPw//////////wAAAPw//////////wAAAPw///+AAAAAPwAAAPw///+AAAAAPwAAAPw///+AAAAAPwAAAPw///+AAAAAPwAAAPw///+AAAAAPwAAAPw///+AAAAAPwAAAPw///+AAAAAPwAAAPw///+AAAAAPwAAAPw8AAeAAAAAPwAAAPw8AAeAAAAAPwAAAPw8AAeAAAAAPwAAAPw8AAeAAAAAPwAAAPw8AAeAAAAAPwAAAPw8AAeAAAAAPwAAAPw8AAeAAAAAPwAAAPw8AAeAAAAAPwAAAPw8AAeAAAAAPwAAAPw8AAeAAAAAPwAAAPw8AAeAAAAAPwAAAPw8AAeAAAAAPwAAAPw8AAeAAAAAPwAAAPw8AAeAAAAAPwAAAPw8AAeAAAAAPwAAAPw8AAeAAAAAPwAAAPw8AAeAAAAAPwAAAPw8AAeAAAAAPwAAAPw8AAeAAAAAPwAAAPw8AAeAAAAAPwAAAPw8AAeAAAAAPwAAAPw8AAeAAAAAPwAAAPw8AAeAAf///wAAAPw8AAHgAf///wAAAPw8AAB8Af///wAAAPw8AAAPAf///wAAAPw8AAAD4f///wAAAPw8AAAAef///wAAAPw8AAAAH////wAAAPw8AAAAD////wAAAP///////////wAAAP///////////wAAAP///////////wAAAP///////////wAAAP///////////wAAAP///////////wAAAP///////////wAAAP///////////wAAAP///////////wAAAA==</Flag>
    <Flag Caption="Yellow Flag">AAABAAcAEBAAAAEAIABoBAAAdgAAABgYAAABACAAiAkAAN4EAAAgIAAAAQAgAKgQAABmDgAAICAAAAEAIACoEAAADh8AADAwAAABACAAqCUAALYvAABAQAAAAQAgAChCAABeVQAASEgAAAEAIACIVAAAhpcAACgAAAAQAAAAIAAAAAEAIAAAAAAAAAAAAAAAAAAAAAAAAAAAAAAAAAD///8A////AP///wD///8A////AP///wD///8A////AP///wD///8A////AP///wD///8A////AP///wD///8A////ADvr//876///O+v/ADvr/wA76/8AO+v/ADvr/wA76/8AO+v/ADvr/wA76/8AO+v/ADvr/wA76/8AO+v/AP///wA76///O+v//zvr/wA76/8AO+v/ADvr/wA76/8AO+v/ADvr/wA76/8AO+v/ADvr/wA76/8AO+v/ADvr/wD///8AO+v//zvr//876/8AO+v/ADvr/wA76/8AO+v/ADvr/wA76/8AO+v/ADvr/wA76/8AO+v/ADvr/wA76/8A////ADvr//876///O+v/ADvr/wA76/8AO+v/ADvr/wA76/8AO+v/ADvr/wA76/8AO+v/ADvr/wA76/8AO+v/AP///wA76///O+v//zvr/wA76/8AO+v/ADvr/wA76/8AO+v/ADvr/wA76/8AO+v/ADvr/wA76/8AO+v/ADvr/wD///8AO+v//zvr//876/8AO+v/ADvr/wA76/8AO+v/ADvr//876///O+v//zvr//876///O+v//zvr//876///////ADvr//876///O+v/ADvr/wA76/8AO+v/ADvr/wA76///O+v//zvr//876///O+v//zvr//876///O+v//////wA76///O+v//zvr/wA76///O+v//zvr//876/8aO+v//zvr//876///O+v//zvr//876///O+v//zvr//////8AO+v//zvr//876/8AO+v//zvr//876///O+v/Gjvr//876///O+v//zvr//876///O+v//zvr//876///////ADvr//876///O+v/ADvr//876///O+v//zvr/xo76///O+v//zvr//876///O+v//zvr//876///O+v//////wA76///O+v//zvr/wA76///O+v//zvr//876/8aO+v//zvr//876///O+v//zvr//876///O+v//zvr//////8AO+v//zvr//876/8AO+v//zvr//876///O+v/Gjvr//876///O+v//zvr//876///O+v//zvr//876///////ADvr//876///O+v/ADvr//876///O+v//zvr/xo76/8aO+v/Gjvr/xo76/8aO+v/ADvr/wA76/8AO+v/AP///wA76///O+v//zvr/wA76///O+v//zvr//876///O+v//zvr//876///O+v//zvr/wA76/8AO+v/ADvr/wD///8A////AP///wD///8A////AP///wD///8A////AP///wD///8A////AP///wD///8A////AP///wD///8A//8AAJ//AACf/wAAn/8AAJ//AACf/wAAnwAAAJ8AAACQAAAAkAAAAJAAAACQAAAAkAAAAJAPAACQDwAA//8AACgAAAAYAAAAMAAAAAEAIAAAAAAAAAAAAAAAAAAAAAAAAAAAAAAAAAD///8AO+v//zvr//876///O+v/ADvr/wA76/8AO+v/ADvr/wA76/8AO+v/ADvr/wA76/8AO+v/ADvr/wA76/8AO+v/ADvr/wA76/8AO+v/ADvr/wA76/8AO+v/ADvr/wD///8AO+v//zvr//876///O+v/ADvr/wA76/8AO+v/ADvr/wA76/8AO+v/ADvr/wA76/8AO+v/ADvr/wA76/8AO+v/ADvr/wA76/8AO+v/ADvr/wA76/8AO+v/ADvr/wD///8AO+v//zvr//876///O+v/ADvr/wA76/8AO+v/ADvr/wA76/8AO+v/ADvr/wA76/8AO+v/ADvr/wA76/8AO+v/ADvr/wA76/8AO+v/ADvr/wA76/8AO+v/ADvr/wD///8AO+v//zvr//876///O+v/ADvr/wA76/8AO+v/ADvr/wA76/8AO+v/ADvr/wA76/8AO+v/ADvr/wA76/8AO+v/ADvr/wA76/8AO+v/ADvr/wA76/8AO+v/ADvr/wD///8AO+v//zvr//876///O+v/ADvr/wA76/8AO+v/ADvr/wA76/8AO+v/ADvr/wA76/8AO+v/ADvr/wA76/8AO+v/ADvr/wA76/8AO+v/ADvr/wA76/8AO+v/ADvr/wD///8AO+v//zvr//876///O+v/ADvr/wA76/8AO+v/ADvr/wA76/8AO+v/ADvr/wA76/8AO+v/ADvr/wA76/8AO+v/ADvr/wA76/8AO+v/ADvr/wA76/8AO+v/ADvr/wD///8AO+v//zvr//876///O+v/ADvr/wA76/8AO+v/ADvr/wA76/8AO+v/ADvr/wA76/8AO+v/ADvr/wA76/8AO+v/ADvr/wA76/8AO+v/ADvr/wA76/8AO+v/ADvr/wD///8AO+v//zvr//876///O+v/ADvr/wA76/8AO+v/ADvr/wA76/8AO+v/ADvr/wA76/8AO+v/ADvr/wA76/8AO+v/ADvr/wA76/8AO+v/ADvr/wA76/8AO+v/ADvr/wD///8AO+v//zvr//876///O+v/ADvr/wA76/8AO+v/ADvr/wA76/8AO+v/ADvr/wA76/8AO+v/ADvr/wA76/8AO+v/ADvr/wA76/8AO+v/ADvr/wA76/8AO+v/ADvr/wD///8AO+v//zvr//876///O+v/ADvr/wA76/8AO+v/ADvr/wA76/8AO+v/ADvr/wA76///O+v//zvr//876///O+v//zvr//876///O+v//zvr//876///O+v//zvr//////8AO+v//zvr//876///O+v/ADvr/wA76/8AO+v/ADvr/wA76/8AO+v/ADvr/wA76///O+v//zvr//876///O+v//zvr//876///O+v//zvr//876///O+v//zvr//////8AO+v//zvr//876///O+v/ADvr/wA76/8AO+v/ADvr/wA76/8AO+v/ADvr/wA76///O+v//zvr//876///O+v//zvr//876///O+v//zvr//876///O+v//zvr//////8AO+v//zvr//876///O+v/ADvr/wA76/8AO+v/ADvr/wA76/8AO+v/ADvr/wA76///O+v//zvr//876///O+v//zvr//876///O+v//zvr//876///O+v//zvr//////8AO+v//zvr//876///O+v/ADvr//876///O+v//zvr//876///O+v//zvr/xo76///O+v//zvr//876///O+v//zvr//876///O+v//zvr//876///O+v//zvr//////8AO+v//zvr//876///O+v/ADvr//876///O+v//zvr//876///O+v//zvr/xo76///O+v//zvr//876///O+v//zvr//876///O+v//zvr//876///O+v//zvr//////8AO+v//zvr//876///O+v/ADvr//876///O+v//zvr//876///O+v//zvr/xo76///O+v//zvr//876///O+v//zvr//876///O+v//zvr//876///O+v//zvr//////8AO+v//zvr//876///O+v/ADvr//876///O+v//zvr//876///O+v//zvr/xo76///O+v//zvr//876///O+v//zvr//876///O+v//zvr//876///O+v//zvr//////8AO+v//zvr//876///O+v/ADvr//876///O+v//zvr//876///O+v//zvr/xo76///O+v//zvr//876///O+v//zvr//876///O+v//zvr//876///O+v//zvr//////8AO+v//zvr//876///O+v/ADvr//876///O+v//zvr//876///O+v//zvr/xo76///O+v//zvr//876///O+v//zvr//876///O+v//zvr//876///O+v//zvr//////8AO+v//zvr//876///O+v/ADvr//876///O+v//zvr//876///O+v//zvr/xo76///O+v//zvr//876///O+v//zvr//876///O+v//zvr//876///O+v//zvr//////8AO+v//zvr//876///O+v/ADvr//876///O+v//zvr//876///O+v//zvr/xo76/8aO+v/Gjvr/xo76/8aO+v/Gjvr/wA76/8AO+v/ADvr/wA76/8AO+v/ADvr/wD///8AO+v//zvr//876///O+v/ADvr//876///O+v//zvr//876///O+v//zvr//876///O+v//zvr//876///O+v//zvr/wA76/8AO+v/ADvr/wA76/8AO+v/ADvr/wD///8AO+v//zvr//876///O+v/ADvr//876///O+v//zvr//876///O+v//zvr//876///O+v//zvr//876///O+v//zvr/wA76/8AO+v/ADvr/wA76/8AO+v/ADvr/wD///8AO+v//zvr//876///O+v/ADvr//876///O+v//zvr//876///O+v//zvr//876///O+v//zvr//876///O+v//zvr/wA76/8AO+v/ADvr/wA76/8AO+v/ADvr/wCP//8Aj///AI///wCP//8Aj///AI///wCP//8Aj///AI///wCP8AAAj/AAAI/wAACP8AAAiAAAAIgAAACIAAAAiAAAAIgAAACIAAAAiAAAAIgAfwCIAH8AiAB/AIgAfwAoAAAAIAAAAEAAAAABACAAAAAAAAAAAAAAAAAAAAAAAAAAAAAAAAAA////AP///wCKye4AisnuAIrJ7gCKye4A////AP///wD///8A////AP///wD///8A////AP///wD///8A////AP///wD///8A////AP///wD///8A////AP///wD///8A////AP///wD///8A////AP///wD///8A////AP///wD///8A////AIrJ7gCKye4Aisnu64rJ7gD///8A////AP///wD///8A////AP///wD///8A////AP///wD///8A////AP///wD///8A////AP///wD///8A////AP///wD///8A////AP///wD///8A////AP///wD///8A////AP///wD///8AisnuAIrJ7gCKye7/isnuAP///wD///8A////AP///wD///8A////AP///wD///8A////AP///wD///8A////AP///wD///8A////AP///wD///8A////AP///wD///8A////AP///wD///8A////AP///wD///8A////AP///wCKye4AisnuAIrJ7v+Kye4A////AP///wD///8A////AP///wD///8A////AP///wD///8A////AP///wD///8A////AP///wD///8A////AP///wD///8A////AP///wD///8A////AP///wD///8A////AP///wD///8A////AIrJ7gCKye4Aisnu/4rJ7gD///8A////AP///wD///8A////AP///wD///8A////AP///wD///8A////AP///wD///8A////AP///wD///8A////AP///wD///8A////AP///wD///8A////AP///wD///8A////AP///wD///8AisnuAIrJ7gCKye7/isnuAP///wD///8A////AP///wD///8A////AP///wD///8A////AP///wD///8A////AP///wD///8A////AP///wD///8A////AP///wD///8A////AP///wD///8A////AP///wD///8A////AP///wCKye4AisnuAIrJ7v+Kye4A////AP///wD///8A////AP///wD///8A////AP///wD///8A////AP///wD///8A////AP///wD///8A////AP///wD///8A////AP///wD///8A////AP///wD///8A////AP///wD///8A////AIrJ7gCKye4Aisnu/4rJ7gD///8A////AP///wD///8A////AP///wD///8A////AP///wD///8A////AP///wD///8A////AP///wD///8A////AP///wD///8A////AP///wD///8A////AP///wD///8A////AP///wD///8AisnuAIrJ7gCKye7/isnuAP///wD///8A////AP///wD///8A////AP///wD///8A////AP///wD///8A////AP///wD///8A////AP///wD///8A////AP///wD///8A////AP///wD///8A////AP///wD///8A////AP///wCKye4AisnuAIrJ7v+Kye4A////AP///wD///8A////AP///wD///8A////AP///wD///8A////AP///wD///8A////AP///wD///8A////AP///wD///8A////AP///wD///8A////AP///wD///8A////AP///wD///8A////AIrJ7gCKye4Aisnu/4rJ7gD///8A////AP///wD///8A////AP///wD///8A////AP///wD///8A////AP///wD///8A////AP///wD///8A////AP///wD///8A////AP///wD///8A////AP///wD///8A////AP///wD///8AisnuAIrJ7gCKye7/isnuAP///wD///8A////AP///wD///8A////AP///wD///8A////AP///wD///8A////AP///wD///8A////AP///wD///8A////AP///wD///8A////AP///wD///8A////AP///wD///8A////AP///wCKye4AisnuAIrJ7v+Kye4A////AP///wD///8A////AP///wD///8A////AP///wD///8A////AP///wD///8A////AP///wD///8A////AP///wD///8A////AP///wD///8A////AP///wD///8A////AP///wD///8A////AIrJ7gCKye4Aisnu/4rJ7lyKye4M////AP///wD///8A////AP///wD///8A////AP///wD///8A////AIrJ7hSKye5Visnul4rJ7sqKye7risnu/orJ7viKye7lisnuxYrJ7pmKye5lisnuIv///wD///8A////AP///wD///8AisnuAIrJ7gCKye7/pdr0/4rJ7vaKye65isnucYrJ7jqKye4VisnuA4rJ7g2Kye4kisnuUIrJ7pCKye7Qisnu/qPY9P+25Pj/xe37/8/z/v/V9///0/b//83y/f/E7fv/t+X4/6jb9f+Kye7/////AP///wD///8A////AP///wCKye4AisnuAIrJ7v/V9///0vX+/8Dq+v+r3fb/m9Py/5DN7/+Lyu7/jsvv/5XP8P+i1/P/tOP4/8fv/P/V9///1ff//9X3///V9///1ff//9X3///V9///1ff//9X3///V9///1ff//4rJ7v////8A////AP///wD///8A////AIrJ7gCKye4Aisnu/9X3///V9///1ff//9X3///V9///1ff//9X3///V9///1ff//9X3///V9///1ff//9X3///V9///1ff//9X3///V9///1ff//9X3///V9///1ff//9X3///V9///isnu/////wD///8A////AP///wD///8AisnuAIrJ7gCKye7/1ff//9X3///V9///1ff//9X3///V9///1ff//9X3///V9///1ff//9X3///V9///1ff//9X3///V9///1ff//9X3///V9///1ff//9X3///V9///1ff//9X3//+Kye7/////AP///wD///8A////AP///wCKye4AisnuAIrJ7v/V9///1ff//9X3///V9///1ff//9X3///V9///1ff//9X3///V9///1ff//9X3///V9///1ff//9X3///V9///1ff//9X3///V9///1ff//9X3///V9///1ff//4rJ7v////8A////AP///wD///8A////AIrJ7gCKye4Aisnu/9X3///V9///1ff//9X3///V9///1ff//9X3///V9///1ff//9X3///V9///1ff//9X3///V9///1ff//9X3///V9///1ff//9X3///V9///1ff//9X3///V9///isnu/////wD///8A////AP///wD///8AisnuAIrJ7gCKye7/1ff//9X3///V9///1ff//9X3///V9///1ff//9X3///V9///1ff//9X3///V9///1ff//9X3///V9///1ff//9X3///V9///1ff//9X3///V9///1ff//9X3//+Kye7/////AP///wD///8A////AP///wCKye4AisnuAIrJ7v/V9///1ff//9X3///V9///1ff//9X3///V9///1ff//9X3///V9///1ff//9X3///V9///1ff//9X3///V9///1ff//9X3///V9///1ff//9X3///V9///1ff//4rJ7v////8A////AP///wD///8A////AIrJ7gCKye4Aisnu/9X3///V9///1ff//9X3///V9///1ff//9X3///V9///1ff//9X3///V9///1ff//9X3///V9///1ff//9X3///V9///1ff//9X3///V9///1ff//9X3///V9///isnu/////wD///8A////AP///wD///8AisnuAIrJ7gCKye7/1ff//9X3///V9///1ff//9X3///V9///1ff//9X3///V9///1ff//9X3///V9///1ff//9X3///V9///1ff//9X3///V9///1ff//9X3///V9///1ff//9X3//+Kye7/////AP///wD///8A////AP///wCKye4AisnuAIrJ7v/V9///1ff//9X3///V9///1ff//9X3///V9///1ff//9X3///V9///1ff//9X3///V9///1ff//9X3///V9///1ff//9X3///V9///1ff//9X3///V9///1ff//4rJ7v////8A////AP///wD///8A////AIrJ7gCKye4Aisnu/9X3///V9///1ff//9X3///V9///1ff//9X3///V9///1ff//9X3///V9///1ff//9X3///V9///1ff//9X3///V9///1ff//9X3///V9///1ff//9X3///V9///isnu/////wD///8A////AP///wD///8AisnuAIrJ7gCKye7/1ff//9X3///V9///1ff//9X3///V9///1ff//9X3///V9///1ff//9X3///V9///1ff//9X3///V9///1ff//9X3///V9///1ff//9X3///V9///1ff//9X3//+Kye7/////AP///wD///8A////AP///wCKye4AisnuAIrJ7v/V9///1ff//9X3///V9///1ff//9X3///V9///1ff//9X3///V9///1ff//9X3///V9///1ff//9X3///V9///1ff//9X3///V9///1ff//9X3///V9///1ff//4rJ7v////8A////AP///wD///8A////AIrJ7gCKye4Aisnu/7bk+P/R9P7/1ff//9X3///V9///1ff//9X3///V9///1ff//9X3///V9///1ff//8/z/v+85/n/qNz1/5nS8f+QzO//i8ru/4/M7/+Tz/D/nNTy/6nc9f+45fj/isnu/////wD///8A////AP///wD///8AisnuAIrJ7gCKye7visnulYrJ7vCd1fL/suL3/8Ps+//P8/7/1Pf//9L1/v/L8f3/vun6/6ze9v+Y0fH/isnu6orJ7qmKye5nisnuNIrJ7hOKye4DisnuEIrJ7iCKye49isnuaIrJ7p2Kye7g////AP///wD///8A////AP///wCKye4AisnuAIrJ7gCKye4AisnuBorJ7kKKye6Jisnuw4rJ7umKye79isnu9YrJ7t2Kye6xisnucorJ7i+Kye4B////AP///wD///8A////AP///wD///8A////AP///wD///8A////AP///wD///8A////AP///wD///8A////AP///wD///8A////AP///wD///8A////AP///wD///8A////AP///wD///8A////AP///wD///8A////AP///wD///8A////AP///wD///8A////AP///wD///8A////AP///wD///8A////AP///wD///8A////AP/////3////9/////f////3////9/////f////3////9/////f////3////9/////f////x/4AH8AAAB/AAAAfwAAAH8AAAB/AAAAfwAAAH8AAAB/AAAAfwAAAH8AAAB/AAAAfwAAAH8AAAB/AAAAfwAAAH8AAAB/wAP///////KAAAACAAAABAAAAAAQAgAAAAAAAAAAAAAAAAAAAAAAAAAAAAAAAAAP///wD///8A////AP///wD///8A////AP///wD///8A////AP///wD///8A////AP///wD///8A////AP///wD///8A////AP///wD///8A////AP///wD///8A////AP///wD///8A////AP///wD///8A////AP///wD///8A////AP///wD///8A////AP///wD///8A////AP///wD///8A////AP///wD///8A////AP///wD///8A////AP///wD///8A////AP///wD///8A////AP///wD///8A////AP///wD///8A////AP///wD///8A////AP///wD///8A////ADvr//876///O+v//zvr/wA76/8AO+v/ADvr/wA76/8AO+v/ADvr/wA76/8AO+v/ADvr/wA76/8AO+v/ADvr/wA76/8AO+v/ADvr/wA76/8AO+v/ADvr/wA76/8AO+v/ADvr/wA76/8AO+v/ADvr/wD///8A////AP///wD///8AO+v//zvr//876///O+v/ADvr/wA76/8AO+v/ADvr/wA76/8AO+v/ADvr/wA76/8AO+v/ADvr/wA76/8AO+v/ADvr/wA76/8AO+v/ADvr/wA76/8AO+v/ADvr/wA76/8AO+v/ADvr/wA76/8AO+v/AP///wD///8A////AP///wA76///O+v//zvr//876/8AO+v/ADvr/wA76/8AO+v/ADvr/wA76/8AO+v/ADvr/wA76/8AO+v/ADvr/wA76/8AO+v/ADvr/wA76/8AO+v/ADvr/wA76/8AO+v/ADvr/wA76/8AO+v/ADvr/wA76/8A////AP///wD///8A////ADvr//876///O+v//zvr/wA76/8AO+v/ADvr/wA76/8AO+v/ADvr/wA76/8AO+v/ADvr/wA76/8AO+v/ADvr/wA76/8AO+v/ADvr/wA76/8AO+v/ADvr/wA76/8AO+v/ADvr/wA76/8AO+v/ADvr/wD///8A////AP///wD///8AO+v//zvr//876///O+v/ADvr/wA76/8AO+v/ADvr/wA76/8AO+v/ADvr/wA76/8AO+v/ADvr/wA76/8AO+v/ADvr/wA76/8AO+v/ADvr/wA76/8AO+v/ADvr/wA76/8AO+v/ADvr/wA76/8AO+v/AP///wD///8A////AP///wA76///O+v//zvr//876/8AO+v/ADvr/wA76/8AO+v/ADvr/wA76/8AO+v/ADvr/wA76/8AO+v/ADvr/wA76/8AO+v/ADvr/wA76/8AO+v/ADvr/wA76/8AO+v/ADvr/wA76/8AO+v/ADvr/wA76/8A////AP///wD///8A////ADvr//876///O+v//zvr/wA76/8AO+v/ADvr/wA76/8AO+v/ADvr/wA76/8AO+v/ADvr/wA76/8AO+v/ADvr/wA76/8AO+v/ADvr/wA76/8AO+v/ADvr/wA76/8AO+v/ADvr/wA76/8AO+v/ADvr/wD///8A////AP///wD///8AO+v//zvr//876///O+v/ADvr/wA76/8AO+v/ADvr/wA76/8AO+v/ADvr/wA76/8AO+v/ADvr/wA76/8AO+v/ADvr/wA76/8AO+v/ADvr/wA76/8AO+v/ADvr/wA76/8AO+v/ADvr/wA76/8AO+v/AP///wD///8A////AP///wA76///O+v//zvr//876/8AO+v/ADvr/wA76/8AO+v/ADvr/wA76/8AO+v/ADvr/wA76/8AO+v/ADvr/wA76/8AO+v/ADvr/wA76/8AO+v/ADvr/wA76/8AO+v/ADvr/wA76/8AO+v/ADvr/wA76/8A////AP///wD///8A////ADvr//876///O+v//zvr/wA76/8AO+v/ADvr/wA76/8AO+v/ADvr/wA76/8AO+v/ADvr/wA76/8AO+v/ADvr/wA76/8AO+v/ADvr/wA76/8AO+v/ADvr/wA76/8AO+v/ADvr/wA76/8AO+v/ADvr/wD///8A////AP///wD///8AO+v//zvr//876///O+v/ADvr/wA76/8AO+v/ADvr/wA76/8AO+v/ADvr/wA76/8AO+v//zvr//876///O+v//zvr//876///O+v//zvr//876///O+v//zvr//876///O+v//zvr//876///O+v//////wD///8A////AP///wA76///O+v//zvr//876/8AO+v/ADvr/wA76/8AO+v/ADvr/wA76/8AO+v/ADvr/wA76///O+v//zvr//876///O+v//zvr//876///O+v//zvr//876///O+v//zvr//876///O+v//zvr//876///////AP///wD///8A////ADvr//876///O+v//zvr/wA76/8AO+v/ADvr/wA76/8AO+v/ADvr/wA76/8AO+v/ADvr//876///O+v//zvr//876///O+v//zvr//876///O+v//zvr//876///O+v//zvr//876///O+v//zvr//////8A////AP///wD///8AO+v//zvr//876///O+v/ADvr/wA76/8AO+v/ADvr/wA76/8AO+v/ADvr/wA76/8AO+v//zvr//876///O+v//zvr//876///O+v//zvr//876///O+v//zvr//876///O+v//zvr//876///O+v//////wD///8A////AP///wA76///O+v//zvr//876/8AO+v//zvr//876///O+v//zvr//876///O+v//zvr/xo76///O+v//zvr//876///O+v//zvr//876///O+v//zvr//876///O+v//zvr//876///O+v//zvr//876///////AP///wD///8A////ADvr//876///O+v//zvr/wA76///O+v//zvr//876///O+v//zvr//876///O+v/Gjvr//876///O+v//zvr//876///O+v//zvr//876///O+v//zvr//876///O+v//zvr//876///O+v//zvr//////8A////AP///wD///8AO+v//zvr//876///O+v/ADvr//876///O+v//zvr//876///O+v//zvr//876/8aO+v//zvr//876///O+v//zvr//876///O+v//zvr//876///O+v//zvr//876///O+v//zvr//876///O+v//////wD///8A////AP///wA76///O+v//zvr//876/8AO+v//zvr//876///O+v//zvr//876///O+v//zvr/xo76///O+v//zvr//876///O+v//zvr//876///O+v//zvr//876///O+v//zvr//876///O+v//zvr//876///////AP///wD///8A////ADvr//876///O+v//zvr/wA76///O+v//zvr//876///O+v//zvr//876///O+v/Gjvr//876///O+v//zvr//876///O+v//zvr//876///O+v//zvr//876///O+v//zvr//876///O+v//zvr//////8A////AP///wD///8AO+v//zvr//876///O+v/ADvr//876///O+v//zvr//876///O+v//zvr//876/8aO+v//zvr//876///O+v//zvr//876///O+v//zvr//876///O+v//zvr//876///O+v//zvr//876///O+v//////wD///8A////AP///wA76///O+v//zvr//876/8AO+v//zvr//876///O+v//zvr//876///O+v//zvr/xo76///O+v//zvr//876///O+v//zvr//876///O+v//zvr//876///O+v//zvr//876///O+v//zvr//876///////AP///wD///8A////ADvr//876///O+v//zvr/wA76///O+v//zvr//876///O+v//zvr//876///O+v/Gjvr//876///O+v//zvr//876///O+v//zvr//876///O+v//zvr//876///O+v//zvr//876///O+v//zvr//////8A////AP///wD///8AO+v//zvr//876///O+v/ADvr//876///O+v//zvr//876///O+v//zvr//876/8aO+v//zvr//876///O+v//zvr//876///O+v//zvr//876///O+v//zvr//876///O+v//zvr//876///O+v//////wD///8A////AP///wA76///O+v//zvr//876/8AO+v//zvr//876///O+v//zvr//876///O+v//zvr/xo76///O+v//zvr//876///O+v//zvr//876///O+v//zvr//876///O+v//zvr//876///O+v//zvr//876///////AP///wD///8A////ADvr//876///O+v//zvr/wA76///O+v//zvr//876///O+v//zvr//876///O+v/Gjvr/xo76/8aO+v/Gjvr/xo76/8aO+v/Gjvr/xo76/8aO+v/ADvr/wA76/8AO+v/ADvr/wA76/8AO+v/ADvr/wD///8A////AP///wD///8AO+v//zvr//876///O+v/ADvr//876///O+v//zvr//876///O+v//zvr//876///O+v//zvr//876///O+v//zvr//876///O+v//zvr//876/8AO+v/ADvr/wA76/8AO+v/ADvr/wA76/8AO+v/AP///wD///8A////AP///wA76///O+v//zvr//876/8AO+v//zvr//876///O+v//zvr//876///O+v//zvr//876///O+v//zvr//876///O+v//zvr//876///O+v//zvr/wA76/8AO+v/ADvr/wA76/8AO+v/ADvr/wA76/8A////AP///wD///8A////ADvr//876///O+v//zvr/wA76///O+v//zvr//876///O+v//zvr//876///O+v//zvr//876///O+v//zvr//876///O+v//zvr//876///O+v/ADvr/wA76/8AO+v/ADvr/wA76/8AO+v/ADvr/wD///8A////AP///wD///8A////AP///wD///8A////AP///wD///8A////AP///wD///8A////AP///wD///8A////AP///wD///8A////AP///wD///8A////AP///wD///8A////AP///wD///8A////AP///wD///8A////AP///wD///8A////AP///wD///8A////AP///wD///8A////AP///wD///8A////AP///wD///8A////AP///wD///8A////AP///wD///8A////AP///wD///8A////AP///wD///8A////AP///wD///8A////AP///wD///8A////AP///wD//////////8f////H////x////8f////H////x////8f////H////x////8f////H/AADx/wAA8f8AAPH/AADxAAAA8QAAAPEAAADxAAAA8QAAAPEAAADxAAAA8QAAAPEAAADxAAAA8QAA//EAAP/xAAD/8QAA////////////ygAAAAwAAAAYAAAAAEAIAAAAAAAAAAAAAAAAAAAAAAAAAAAAAAAAAD///8A////AP///wD///8A////AP///wD///8A////AP///wD///8A////AP///wD///8A////AP///wD///8A////AP///wD///8A////AP///wD///8A////AP///wD///8A////AP///wD///8A////AP///wD///8A////AP///wD///8A////AP///wD///8A////AP///wD///8A////AP///wD///8A////AP///wD///8A////AP///wD///8A////AP///wD///8A////AP///wD///8A////AP///wD///8A////AP///wD///8A////AP///wD///8A////AP///wD///8A////AP///wD///8A////AP///wD///8A////AP///wD///8A////AP///wD///8A////AP///wD///8A////AP///wD///8A////AP///wD///8A////AP///wD///8A////AP///wD///8A////AP///wD///8A////AP///wD///8A////AP///wD///8A////AP///wD///8A////AP///wD///8A////AP///wD///8A////AP///wD///8A////AP///wD///8A////AP///wD///8A////AP///wD///8A////AP///wD///8A////AP///wD///8A////AP///wD///8A////AP///wD///8A////AP///wD///8A////AP///wD///8A////AP///wD///8A////AP///wD///8A////AP///wD///8A////AP///wD///8A////AP///wD///8A////AP///wD///8A////AP///wD///8A////AP///wD///8A////AP///wD///8A////AP///wD///8A////AP///wD///8A////AP///wD///8A////AP///wD///8A////AP///wD///8A////AP///wD///8A////AP///wD///8A////AP///wD///8A////AP///wD///8A////ABfZ//8X2f//F9n//////wD///8A////AP///wD///8A////AP///wD///8A////ABfZ/wAX2f8AF9n/ABfZ/wAX2f8AF9n/ABfZ/wAX2f8AF9n/ABfZ/wAX2f8AF9n/ABfZ/wAX2f8AF9n/ABfZ/wD///8A////AP///wD///8A////AP///wD///8A////AP///wD///8A////AP///wD///8A////AP///wD///8A////AP///wD///8A////ABfZ//8X2f//F9n//////wD///8A////AP///wD///8A////AP///wD///8A////ABfZ/wAX2f8AF9n/ABfZ/wAX2f8AF9n/ABfZ/wAX2f8AF9n/ABfZ/wAX2f8AF9n/ABfZ/wAX2f8AF9n/ABfZ/wD///8A////AP///wD///8A////AP///wD///8A////AP///wD///8A////AP///wD///8A////AP///wD///8A////AP///wD///8A////ABfZ//8X2f//F9n//////wD///8A////AP///wD///8A////AP///wD///8A////ABfZ/wAX2f8AF9n/ABfZ/wAX2f8AF9n/ABfZ/wAX2f8AF9n/ABfZ/wAX2f8AF9n/ABfZ/wAX2f8AF9n/ABfZ/wD///8A////AP///wD///8A////AP///wD///8A////AP///wD///8A////AP///wD///8A////AP///wD///8A////AP///wD///8A////ABfZ//8X2f//F9n//////wD///8A////AP///wD///8A////AP///wD///8A////ABfZ/wAX2f8AF9n/ABfZ/wAX2f8AF9n/ABfZ/wAX2f8AF9n/ABfZ/wAX2f8AF9n/ABfZ/wAX2f8AF9n/ABfZ/wD///8A////AP///wD///8A////AP///wD///8A////AP///wD///8A////AP///wD///8A////AP///wD///8A////AP///wD///8A////ABfZ//8X2f//F9n//////wD///8A////AP///wD///8A////AP///wD///8A////ABfZ/wAX2f8AF9n/ABfZ/wAX2f8AF9n/ABfZ/wAX2f8AF9n/ABfZ/wAX2f8AF9n/ABfZ/wAX2f8AF9n/ABfZ/wD///8A////AP///wD///8A////AP///wD///8A////AP///wD///8A////AP///wD///8A////AP///wD///8A////AP///wD///8A////ABfZ//8X2f//F9n//////wD///8A////AP///wD///8A////AP///wD///8A////ABfZ/wAX2f8AF9n/ABfZ/wAX2f8AF9n/ABfZ/wAX2f8AF9n/ABfZ/wAX2f8AF9n/ABfZ/wAX2f8AF9n/ABfZ/wD///8A////AP///wD///8A////AP///wD///8A////AP///wD///8A////AP///wD///8A////AP///wD///8A////AP///wD///8A////ABfZ//8X2f//F9n//////wD///8A////AP///wD///8A////AP///wD///8A////ABfZ/wAX2f8AF9n/ABfZ/wAX2f8AF9n/ABfZ/wAX2f8AF9n/ABfZ/wAX2f8AF9n/ABfZ/wAX2f8AF9n/ABfZ/wD///8A////AP///wD///8A////AP///wD///8A////AP///wD///8A////AP///wD///8A////AP///wD///8A////AP///wD///8A////ABfZ//8X2f//F9n//////wD///8A////AP///wD///8A////AP///wD///8A////ABfZ/wAX2f8AF9n/ABfZ/wAX2f8AF9n/ABfZ/wAX2f8AF9n/ABfZ/wAX2f8AF9n/ABfZ/wAX2f8AF9n/ABfZ/wD///8A////AP///wD///8A////AP///wD///8A////AP///wD///8A////AP///wD///8A////AP///wD///8A////AP///wD///8A////ABfZ//8X2f//F9n//////wD///8A////AP///wD///8A////AP///wD///8A////ABfZ/wAX2f8AF9n/ABfZ/wAX2f8AF9n/ABfZ/wAX2f8AF9n/ABfZ/wAX2f8AF9n/ABfZ/wAX2f8AF9n/ABfZ/wD///8A////AP///wD///8A////AP///wD///8A////AP///wD///8A////AP///wD///8A////AP///wD///8A////AP///wD///8A////ABfZ//8X2f//F9n//////wD///8A////AP///wD///8A////AP///wD///8A////ABfZ/wAX2f8AF9n/ABfZ/wAX2f8AF9n/ABfZ/wAX2f8AF9n/ABfZ/wAX2f8AF9n/ABfZ/wAX2f8AF9n/ABfZ/wD///8A////AP///wD///8A////AP///wD///8A////AP///wD///8A////AP///wD///8A////AP///wD///8A////AP///wD///8A////ABfZ//8X2f//F9n//////wD///8A////AP///wD///8A////AP///wD///8A////ABfZ/wAX2f8AF9n/ABfZ/wAX2f8AF9n/ABfZ/wAX2f8AF9n/ABfZ/wAX2f8AF9n/ABfZ/wAX2f8AF9n/ABfZ/wD///8A////AP///wD///8A////AP///wD///8A////AP///wD///8A////AP///wD///8A////AP///wD///8A////AP///wD///8A////ABfZ//8X2f//F9n//////wD///8A////AP///wD///8A////AP///wD///8A////ABfZ/wAX2f8AF9n/ABfZ/wAX2f8AF9n/ABfZ/wAX2f8AF9n/ABfZ/wAX2f8AF9n/ABfZ/wAX2f8AF9n/ABfZ/wD///8A////AP///wD///8A////AP///wD///8A////AP///wD///8A////AP///wD///8A////AP///wD///8A////AP///wD///8A////ABfZ//8X2f//F9n//////wD///8A////AP///wD///8A////AP///wD///8A////ABfZ/wAX2f8AF9n/ABfZ/wAX2f8AF9n/ABfZ/wAX2f8AF9n/ABfZ/wAX2f8AF9n/ABfZ/wAX2f8AF9n/ABfZ/wD///8A////AP///wD///8A////AP///wD///8A////AP///wD///8A////AP///wD///8A////AP///wD///8A////AP///wD///8A////ABfZ//8X2f//F9n//////wD///8A////AP///wD///8A////AP///wD///8A////ABfZ/wAX2f8AF9n/ABfZ/wAX2f8AF9n/ABfZ/wAX2f8AF9n/ABfZ/wAX2f8AF9n/ABfZ/wAX2f8AF9n/ABfZ/wD///8A////AP///wD///8A////AP///wD///8A////AP///wD///8A////AP///wD///8A////AP///wD///8A////AP///wD///8A////ABfZ//8X2f//F9n//////wD///8A////AP///wD///8A////AP///wD///8A////ABfZ/wAX2f8AF9n/ABfZ/wAX2f8AF9n//xfZ//8X2f//F9n//xfZ//8X2f//F9n//xfZ//8X2f//F9n//xfZ//8X2f//F9n//xfZ//8X2f//F9n//xfZ//8X2f//F9n//xfZ//8X2f//F9n//////wD///8A////AP///wD///8A////AP///wD///8A////ABfZ//8X2f//F9n//////wD///8A////AP///wD///8A////AP///wD///8A////ABfZ/wAX2f8AF9n/ABfZ/wAX2f8AF9n//xfZ//8X2f//F9n//xfZ//8X2f//F9n//xfZ//8X2f//F9n//xfZ//8X2f//F9n//xfZ//8X2f//F9n//xfZ//8X2f//F9n//xfZ//8X2f//F9n//////wD///8A////AP///wD///8A////AP///wD///8A////ABfZ//8X2f//F9n//////wD///8A////AP///wD///8A////AP///wD///8A////ABfZ/wAX2f8AF9n/ABfZ/wAX2f8AF9n//xfZ//8X2f//F9n//xfZ//8X2f//F9n//xfZ//8X2f//F9n//xfZ//8X2f//F9n//xfZ//8X2f//F9n//xfZ//8X2f//F9n//xfZ//8X2f//F9n//////wD///8A////AP///wD///8A////AP///wD///8A////ABfZ//8X2f//F9n//////wD///8A////AP///wD///8A////AP///wD///8A////ABfZ/wAX2f8AF9n/ABfZ/wAX2f8AF9n//xfZ//8X2f//F9n//xfZ//8X2f//F9n//xfZ//8X2f//F9n//xfZ//8X2f//F9n//xfZ//8X2f//F9n//xfZ//8X2f//F9n//xfZ//8X2f//F9n//////wD///8A////AP///wD///8A////AP///wD///8A////ABfZ//8X2f//F9n//////wD///8A////AP///wD///8A////AP///wD///8A////ABfZ/wAX2f8AF9n/ABfZ/wAX2f8AF9n//xfZ//8X2f//F9n//xfZ//8X2f//F9n//xfZ//8X2f//F9n//xfZ//8X2f//F9n//xfZ//8X2f//F9n//xfZ//8X2f//F9n//xfZ//8X2f//F9n//////wD///8A////AP///wD///8A////AP///wD///8A////ABfZ//8X2f//F9n//////wD///8A////AP///wD///8A////AP///wD///8A////ABfZ/wAX2f8AF9n/ABfZ/wAX2f8AF9n//xfZ//8X2f//F9n//xfZ//8X2f//F9n//xfZ//8X2f//F9n//xfZ//8X2f//F9n//xfZ//8X2f//F9n//xfZ//8X2f//F9n//xfZ//8X2f//F9n//////wD///8A////AP///wD///8A////AP///wD///8A////ABfZ//8X2f//F9n//////wD///8AF9n//xfZ//8X2f//F9n//xfZ//8X2f//F9n//xfZ//8X2f//F9n//xfZ/wAX2f8AF9n//xfZ//8X2f//F9n//xfZ//8X2f//F9n//xfZ//8X2f//F9n//xfZ//8X2f//F9n//xfZ//8X2f//F9n//xfZ//8X2f//F9n//xfZ//8X2f//F9n//////wD///8A////AP///wD///8A////AP///wD///8A////ABfZ//8X2f//F9n//////wD///8AF9n//xfZ//8X2f//F9n//xfZ//8X2f//F9n//xfZ//8X2f//F9n//xfZ/wAX2f8AF9n//xfZ//8X2f//F9n//xfZ//8X2f//F9n//xfZ//8X2f//F9n//xfZ//8X2f//F9n//xfZ//8X2f//F9n//xfZ//8X2f//F9n//xfZ//8X2f//F9n//////wD///8A////AP///wD///8A////AP///wD///8A////ABfZ//8X2f//F9n//////wD///8AF9n//xfZ//8X2f//F9n//xfZ//8X2f//F9n//xfZ//8X2f//F9n//xfZ/wAX2f8AF9n//xfZ//8X2f//F9n//xfZ//8X2f//F9n//xfZ//8X2f//F9n//xfZ//8X2f//F9n//xfZ//8X2f//F9n//xfZ//8X2f//F9n//xfZ//8X2f//F9n//////wD///8A////AP///wD///8A////AP///wD///8A////ABfZ//8X2f//F9n//////wD///8AF9n//xfZ//8X2f//F9n//xfZ//8X2f//F9n//xfZ//8X2f//F9n//xfZ/wAX2f8AF9n//xfZ//8X2f//F9n//xfZ//8X2f//F9n//xfZ//8X2f//F9n//xfZ//8X2f//F9n//xfZ//8X2f//F9n//xfZ//8X2f//F9n//xfZ//8X2f//F9n//////wD///8A////AP///wD///8A////AP///wD///8A////ABfZ//8X2f//F9n//////wD///8AF9n//xfZ//8X2f//F9n//xfZ//8X2f//F9n//xfZ//8X2f//F9n//xfZ/wAX2f8AF9n//xfZ//8X2f//F9n//xfZ//8X2f//F9n//xfZ//8X2f//F9n//xfZ//8X2f//F9n//xfZ//8X2f//F9n//xfZ//8X2f//F9n//xfZ//8X2f//F9n//////wD///8A////AP///wD///8A////AP///wD///8A////ABfZ//8X2f//F9n//////wD///8AF9n//xfZ//8X2f//F9n//xfZ//8X2f//F9n//xfZ//8X2f//F9n//xfZ/wAX2f8AF9n//xfZ//8X2f//F9n//xfZ//8X2f//F9n//xfZ//8X2f//F9n//xfZ//8X2f//F9n//xfZ//8X2f//F9n//xfZ//8X2f//F9n//xfZ//8X2f//F9n//////wD///8A////AP///wD///8A////AP///wD///8A////ABfZ//8X2f//F9n//////wD///8AF9n//xfZ//8X2f//F9n//xfZ//8X2f//F9n//xfZ//8X2f//F9n//xfZ/wAX2f8AF9n//xfZ//8X2f//F9n//xfZ//8X2f//F9n//xfZ//8X2f//F9n//xfZ//8X2f//F9n//xfZ//8X2f//F9n//xfZ//8X2f//F9n//xfZ//8X2f//F9n//////wD///8A////AP///wD///8A////AP///wD///8A////ABfZ//8X2f//F9n//////wD///8AF9n//xfZ//8X2f//F9n//xfZ//8X2f//F9n//xfZ//8X2f//F9n//xfZ/wAX2f8AF9n//xfZ//8X2f//F9n//xfZ//8X2f//F9n//xfZ//8X2f//F9n//xfZ//8X2f//F9n//xfZ//8X2f//F9n//xfZ//8X2f//F9n//xfZ//8X2f//F9n//////wD///8A////AP///wD///8A////AP///wD///8A////ABfZ//8X2f//F9n//////wD///8AF9n//xfZ//8X2f//F9n//xfZ//8X2f//F9n//xfZ//8X2f//F9n//xfZ/wAX2f8AF9n//xfZ//8X2f//F9n//xfZ//8X2f//F9n//xfZ//8X2f//F9n//xfZ//8X2f//F9n//xfZ//8X2f//F9n//xfZ//8X2f//F9n//xfZ//8X2f//F9n//////wD///8A////AP///wD///8A////AP///wD///8A////ABfZ//8X2f//F9n//////wD///8AF9n//xfZ//8X2f//F9n//xfZ//8X2f//F9n//xfZ//8X2f//F9n//xfZ/wAX2f8AF9n//xfZ//8X2f//F9n//xfZ//8X2f//F9n//xfZ//8X2f//F9n//xfZ//8X2f//F9n//xfZ//8X2f//F9n//xfZ//8X2f//F9n//xfZ//8X2f//F9n//////wD///8A////AP///wD///8A////AP///wD///8A////ABfZ//8X2f//F9n//////wD///8AF9n//xfZ//8X2f//F9n//xfZ//8X2f//F9n//xfZ//8X2f//F9n//xfZ/wAX2f8AF9n//xfZ//8X2f//F9n//xfZ//8X2f//F9n//xfZ//8X2f//F9n//xfZ//8X2f//F9n//xfZ//8X2f//F9n//xfZ//8X2f//F9n//xfZ//8X2f//F9n//////wD///8A////AP///wD///8A////AP///wD///8A////ABfZ//8X2f//F9n//////wD///8AF9n//xfZ//8X2f//F9n//xfZ//8X2f//F9n//xfZ//8X2f//F9n//xfZ/wAX2f8AF9n//xfZ//8X2f//F9n//xfZ//8X2f//F9n//xfZ//8X2f//F9n//xfZ//8X2f//F9n//xfZ//8X2f//F9n//xfZ//8X2f//F9n//xfZ//8X2f//F9n//////wD///8A////AP///wD///8A////AP///wD///8A////ABfZ//8X2f//F9n//////wD///8AF9n//xfZ//8X2f//F9n//xfZ//8X2f//F9n//xfZ//8X2f//F9n//xfZ/wAX2f8AF9n//xfZ//8X2f//F9n//xfZ//8X2f//F9n//xfZ//8X2f//F9n//xfZ//8X2f//F9n//xfZ//8X2f//F9n//xfZ//8X2f//F9n//xfZ//8X2f//F9n//////wD///8A////AP///wD///8A////AP///wD///8A////ABfZ//8X2f//F9n//////wD///8AF9n//xfZ//8X2f//F9n//xfZ//8X2f//F9n//xfZ//8X2f//F9n//xfZ/wAX2f8AF9n//xfZ//8X2f//F9n//xfZ//8X2f//F9n//xfZ//8X2f//F9n//xfZ//8X2f//F9n//xfZ//8X2f//F9n//xfZ//8X2f//F9n//xfZ//8X2f//F9n//////wD///8A////AP///wD///8A////AP///wD///8A////ABfZ//8X2f//F9n//////wD///8AF9n//xfZ//8X2f//F9n//xfZ//8X2f//F9n//xfZ//8X2f//F9n//xfZ/wAX2f8AF9n/MhfZ/5gX2f/yF9n//xfZ//8X2f//F9n//xfZ//8X2f//F9n//xfZ/wD///8A////AP///wD///8A////AP///wD///8A////AP///wD///8A////AP///wD///8A////AP///wD///8A////AP///wD///8A////ABfZ//8X2f//F9n//////wD///8AF9n//xfZ//8X2f//F9n//xfZ//8X2f//F9n//xfZ//8X2f//F9n//xfZ/8AX2f9AF9n/ABfZ/wAX2f8MF9n/ZRfZ/8sX2f//F9n//xfZ//8X2f//F9n//xfZ/wD///8A////AP///wD///8A////AP///wD///8A////AP///wD///8A////AP///wD///8A////AP///wD///8A////AP///wD///8A////ABfZ//8X2f//F9n//////wD///8AF9n//xfZ//8X2f//F9n//xfZ//8X2f//F9n//xfZ//8X2f//F9n//xfZ//8X2f//F9n/zRfZ/2cX2f8NF9n/ABfZ/wAX2f8yF9n/mBfZ//IX2f//F9n//xfZ/wD///8A////AP///wD///8A////AP///wD///8A////AP///wD///8A////AP///wD///8A////AP///wD///8A////AP///wD///8A////ABfZ//8X2f//F9n//////wD///8AF9n//xfZ//8X2f//F9n//xfZ//8X2f//F9n//xfZ//8X2f//F9n//xfZ//8X2f//F9n//xfZ//8X2f/zF9n/mhfZ/zQX2f8AF9n/ABfZ/wwX2f9lF9n/yxfZ/wD///8A////AP///wD///8A////AP///wD///8A////AP///wD///8A////AP///wD///8A////AP///wD///8A////AP///wD///8A////ABfZ//8X2f//F9n//////wD///8AF9n//xfZ//8X2f//F9n//xfZ//8X2f//F9n//xfZ//8X2f//F9n//xfZ//8X2f//F9n//xfZ//8X2f//F9n//xfZ//8X2f/NF9n/ZxfZ/w0X2f8AF9n/ABfZ/wD///8A////AP///wD///8A////AP///wD///8A////AP///wD///8A////AP///wD///8A////AP///wD///8A////AP///wD///8A////ABfZ//8X2f//F9n//////wD///8AF9n//xfZ//8X2f//F9n//xfZ//8X2f//F9n//xfZ//8X2f//F9n//xfZ//8X2f//F9n//xfZ//8X2f//F9n//xfZ//8X2f//F9n//xfZ//MX2f8AF9n/ABfZ/wD///8A////AP///wD///8A////AP///wD///8A////AP///wD///8A////AP///wD///8A////AP///wD///8A////AP///wD///8A////AP///wD///8A////AP///wD///8A////AP///wD///8A////AP///wD///8A////AP///wD///8A////AP///wD///8A////AP///wD///8A////AP///wD///8A////AP///wD///8A////AP///wD///8A////AP///wD///8A////AP///wD///8A////AP///wD///8A////AP///wD///8A////AP///wD///8A////AP///wD///8A////AP///wD///8A////AP///wD///8A////AP///wD///8A////AP///wD///8A////AP///wD///8A////AP///wD///8A////AP///wD///8A////AP///wD///8A////AP///wD///8A////AP///wD///8A////AP///wD///8A////AP///wD///8A////AP///wD///8A////AP///wD///8A////AP///wD///8A////AP///wD///8A////AP///wD///8A////AP///wD///8A////AP///wD///8A////AP///wD///8A////AP///wD///8A////AP///wD///8A////AP///wD///8A////AP///wD///8A////AP///wD///8A////AP///wD///8A////AP///wD///8A////AP///wD///8A////AP///wD///8A////AP///wD///8A////AP///wD///8A////AP///wD///8A////AP///wD///8A////AP///wD///8A////AP///wD///8A////AP///wD///8A////AP///wD///8A////AP///wD///8A////AP///wD///8A////AP///wD///8A////AP///wD///8A////AP///wD///8A////AP///wD///8A////AP///wD///8A////AP///wD///8A////AP///wD///8A////AP///wD///////8AAP///////wAA////////AAD///////8AAPj//////wAA+P//////AAD4//////8AAPj//////wAA+P//////AAD4//////8AAPj//////wAA+P//////AAD4//////8AAPj//////wAA+P//////AAD4//////8AAPj//////wAA+P//////AAD4//wAAA8AAPj//AAADwAA+P/8AAAPAAD4//wAAA8AAPj//AAADwAA+P/8AAAPAAD4wAwAAA8AAPjADAAADwAA+MAMAAAPAAD4wAwAAA8AAPjADAAADwAA+MAMAAAPAAD4wAwAAA8AAPjADAAADwAA+MAMAAAPAAD4wAwAAA8AAPjADAAADwAA+MAMAAAPAAD4wAwAAA8AAPjADAAADwAA+MAMAP//AAD4wAMA//8AAPjAAGD//wAA+MAAGP//AAD4wAAD//8AAPjAAAP//wAA////////AAD///////8AAP///////wAA////////AAAoAAAAQAAAAIAAAAABACAAAAAAAAAAAAAAAAAAAAAAAAAAAAAAAAAA////AP///wD///8A////AP///wCKye4AisnuAIrJ7gCKye4A////AP///wD///8A////AP///wD///8A////AP///wD///8A////AP///wD///8A////AP///wD///8A////AP///wD///8A////AP///wD///8A////AP///wD///8A////AP///wD///8A////AP///wD///8A////AP///wD///8A////AP///wD///8A////AP///wD///8A////AP///wD///8A////AP///wD///8A////AP///wD///8A////AP///wD///8A////AP///wD///8A////AP///wD///8A////AP///wD///8AisnuAIrJ7gCKye7hisnuAP///wD///8A////AP///wD///8A////AP///wD///8A////AP///wD///8A////AP///wD///8A////AP///wD///8A////AP///wD///8A////AP///wD///8A////AP///wD///8A////AP///wD///8A////AP///wD///8A////AP///wD///8A////AP///wD///8A////AP///wD///8A////AP///wD///8A////AP///wD///8A////AP///wD///8A////AP///wD///8A////AP///wD///8A////AP///wD///8A////AIrJ7gCKye4Aisnu/4rJ7gD///8A////AP///wD///8A////AP///wD///8A////AP///wD///8A////AP///wD///8A////AP///wD///8A////AP///wD///8A////AP///wD///8A////AP///wD///8A////AP///wD///8A////AP///wD///8A////AP///wD///8A////AP///wD///8A////AP///wD///8A////AP///wD///8A////AP///wD///8A////AP///wD///8A////AP///wD///8A////AP///wD///8A////AP///wD///8A////AP///wCKye4AisnuAIrJ7v+Kye4A////AP///wD///8A////AP///wD///8A////AP///wD///8A////AP///wD///8A////AP///wD///8A////AP///wD///8A////AP///wD///8A////AP///wD///8A////AP///wD///8A////AP///wD///8A////AP///wD///8A////AP///wD///8A////AP///wD///8A////AP///wD///8A////AP///wD///8A////AP///wD///8A////AP///wD///8A////AP///wD///8A////AP///wD///8A////AP///wD///8AisnuAIrJ7gCKye7/isnuAP///wD///8A////AP///wD///8A////AP///wD///8A////AP///wD///8A////AP///wD///8A////AP///wD///8A////AP///wD///8A////AP///wD///8A////AP///wD///8A////AP///wD///8A////AP///wD///8A////AP///wD///8A////AP///wD///8A////AP///wD///8A////AP///wD///8A////AP///wD///8A////AP///wD///8A////AP///wD///8A////AP///wD///8A////AP///wD///8A////AIrJ7gCKye4Aisnu/4rJ7gD///8A////AP///wD///8A////AP///wD///8A////AP///wD///8A////AP///wD///8A////AP///wD///8A////AP///wD///8A////AP///wD///8A////AP///wD///8A////AP///wD///8A////AP///wD///8A////AP///wD///8A////AP///wD///8A////AP///wD///8A////AP///wD///8A////AP///wD///8A////AP///wD///8A////AP///wD///8A////AP///wD///8A////AP///wD///8A////AP///wCKye4AisnuAIrJ7v+Kye4A////AP///wD///8A////AP///wD///8A////AP///wD///8A////AP///wD///8A////AP///wD///8A////AP///wD///8A////AP///wD///8A////AP///wD///8A////AP///wD///8A////AP///wD///8A////AP///wD///8A////AP///wD///8A////AP///wD///8A////AP///wD///8A////AP///wD///8A////AP///wD///8A////AP///wD///8A////AP///wD///8A////AP///wD///8A////AP///wD///8AisnuAIrJ7gCKye7/isnuAP///wD///8A////AP///wD///8A////AP///wD///8A////AP///wD///8A////AP///wD///8A////AP///wD///8A////AP///wD///8A////AP///wD///8A////AP///wD///8A////AP///wD///8A////AP///wD///8A////AP///wD///8A////AP///wD///8A////AP///wD///8A////AP///wD///8A////AP///wD///8A////AP///wD///8A////AP///wD///8A////AP///wD///8A////AP///wD///8A////AIrJ7gCKye4Aisnu/4rJ7gD///8A////AP///wD///8A////AP///wD///8A////AP///wD///8A////AP///wD///8A////AP///wD///8A////AP///wD///8A////AP///wD///8A////AP///wD///8A////AP///wD///8A////AP///wD///8A////AP///wD///8A////AP///wD///8A////AP///wD///8A////AP///wD///8A////AP///wD///8A////AP///wD///8A////AP///wD///8A////AP///wD///8A////AP///wD///8A////AP///wCKye4AisnuAIrJ7v+Kye4A////AP///wD///8A////AP///wD///8A////AP///wD///8A////AP///wD///8A////AP///wD///8A////AP///wD///8A////AP///wD///8A////AP///wD///8A////AP///wD///8A////AP///wD///8A////AP///wD///8A////AP///wD///8A////AP///wD///8A////AP///wD///8A////AP///wD///8A////AP///wD///8A////AP///wD///8A////AP///wD///8A////AP///wD///8A////AP///wD///8AisnuAIrJ7gCKye7/isnuAP///wD///8A////AP///wD///8A////AP///wD///8A////AP///wD///8A////AP///wD///8A////AP///wD///8A////AP///wD///8A////AP///wD///8A////AP///wD///8A////AP///wD///8A////AP///wD///8A////AP///wD///8A////AP///wD///8A////AP///wD///8A////AP///wD///8A////AP///wD///8A////AP///wD///8A////AP///wD///8A////AP///wD///8A////AP///wD///8A////AIrJ7gCKye4Aisnu/4rJ7gD///8A////AP///wD///8A////AP///wD///8A////AP///wD///8A////AP///wD///8A////AP///wD///8A////AP///wD///8A////AP///wD///8A////AP///wD///8A////AP///wD///8A////AP///wD///8A////AP///wD///8A////AP///wD///8A////AP///wD///8A////AP///wD///8A////AP///wD///8A////AP///wD///8A////AP///wD///8A////AP///wD///8A////AP///wD///8A////AP///wCKye4AisnuAIrJ7v+Kye4A////AP///wD///8A////AP///wD///8A////AP///wD///8A////AP///wD///8A////AP///wD///8A////AP///wD///8A////AP///wD///8A////AP///wD///8A////AP///wD///8A////AP///wD///8A////AP///wD///8A////AP///wD///8A////AP///wD///8A////AP///wD///8A////AP///wD///8A////AP///wD///8A////AP///wD///8A////AP///wD///8A////AP///wD///8A////AP///wD///8AisnuAIrJ7gCKye7/isnuAP///wD///8A////AP///wD///8A////AP///wD///8A////AP///wD///8A////AP///wD///8A////AP///wD///8A////AP///wD///8A////AP///wD///8A////AP///wD///8A////AP///wD///8A////AP///wD///8A////AP///wD///8A////AP///wD///8A////AP///wD///8A////AP///wD///8A////AP///wD///8A////AP///wD///8A////AP///wD///8A////AP///wD///8A////AP///wD///8A////AIrJ7gCKye4Aisnu/4rJ7gD///8A////AP///wD///8A////AP///wD///8A////AP///wD///8A////AP///wD///8A////AP///wD///8A////AP///wD///8A////AP///wD///8A////AP///wD///8A////AP///wD///8A////AP///wD///8A////AP///wD///8A////AP///wD///8A////AP///wD///8A////AP///wD///8A////AP///wD///8A////AP///wD///8A////AP///wD///8A////AP///wD///8A////AP///wD///8A////AP///wCKye4AisnuAIrJ7v+Kye4A////AP///wD///8A////AP///wD///8A////AP///wD///8A////AP///wD///8A////AP///wD///8A////AP///wD///8A////AP///wD///8A////AP///wD///8A////AP///wD///8A////AP///wD///8A////AP///wD///8A////AP///wD///8A////AP///wD///8A////AP///wD///8A////AP///wD///8A////AP///wD///8A////AP///wD///8A////AP///wD///8A////AP///wD///8A////AP///wD///8AisnuAIrJ7gCKye7/isnuAP///wD///8A////AP///wD///8A////AP///wD///8A////AP///wD///8A////AP///wD///8A////AP///wD///8A////AP///wD///8A////AP///wD///8A////AP///wD///8A////AP///wD///8A////AP///wD///8A////AP///wD///8A////AP///wD///8A////AP///wD///8A////AP///wD///8A////AP///wD///8A////AP///wD///8A////AP///wD///8A////AP///wD///8A////AP///wD///8A////AIrJ7gCKye4Aisnu/4rJ7gD///8A////AP///wD///8A////AP///wD///8A////AP///wD///8A////AP///wD///8A////AP///wD///8A////AP///wD///8A////AP///wD///8A////AP///wD///8A////AP///wD///8A////AP///wD///8A////AP///wD///8A////AP///wD///8A////AP///wD///8A////AP///wD///8A////AP///wD///8A////AP///wD///8A////AP///wD///8A////AP///wD///8A////AP///wD///8A////AP///wCKye4AisnuAIrJ7v+Kye4A////AP///wD///8A////AP///wD///8A////AP///wD///8A////AP///wD///8A////AP///wD///8A////AP///wD///8A////AP///wD///8A////AP///wD///8A////AP///wD///8A////AP///wD///8A////AP///wD///8A////AP///wD///8A////AP///wD///8A////AP///wD///8A////AP///wD///8A////AP///wD///8A////AP///wD///8A////AP///wD///8A////AP///wD///8A////AP///wD///8AisnuAIrJ7gCKye7/isnuAP///wD///8A////AP///wD///8A////AP///wD///8A////AP///wD///8A////AP///wD///8A////AP///wD///8A////AP///wD///8A////AP///wD///8A////AP///wD///8A////AP///wD///8A////AP///wD///8A////AP///wD///8A////AP///wD///8A////AP///wD///8A////AP///wD///8A////AP///wD///8A////AP///wD///8A////AP///wD///8A////AP///wD///8A////AP///wD///8A////AIrJ7gCKye4Aisnu/4rJ7gD///8A////AP///wD///8A////AP///wD///8A////AP///wD///8A////AP///wD///8A////AP///wD///8A////AP///wD///8A////AP///wD///8A////AP///wD///8A////AP///wD///8A////AP///wD///8A////AP///wD///8A////AP///wD///8A////AP///wD///8A////AP///wD///8A////AP///wD///8A////AP///wD///8A////AP///wD///8A////AP///wD///8A////AP///wD///8A////AP///wCKye4AisnuAIrJ7v+Kye4A////AP///wD///8A////AP///wD///8A////AP///wD///8A////AP///wD///8A////AP///wD///8A////AP///wD///8A////AP///wD///8A////AP///wD///8A////AP///wD///8A////AP///wD///8A////AP///wD///8A////AP///wD///8A////AP///wD///8A////AP///wD///8A////AP///wD///8A////AP///wD///8A////AP///wD///8A////AP///wD///8A////AP///wD///8A////AP///wD///8AisnuAIrJ7gCKye7/isnuAP///wD///8A////AP///wD///8A////AP///wD///8A////AP///wD///8A////AP///wD///8A////AP///wD///8A////AP///wD///8A////AP///wD///8A////AP///wD///8A////AP///wD///8A////AP///wD///8A////AP///wD///8A////AP///wD///8A////AP///wD///8A////AP///wD///8A////AP///wD///8A////AP///wD///8A////AP///wD///8A////AP///wD///8A////AP///wD///8A////AIrJ7gCKye4Aisnu/4rJ7gD///8A////AP///wD///8A////AP///wD///8A////AP///wD///8A////AP///wD///8A////AP///wD///8A////AP///wD///8A////AP///wD///8A////AP///wD///8A////AP///wD///8A////AP///wD///8A////AP///wD///8A////AP///wD///8A////AP///wD///8A////AP///wD///8A////AP///wD///8A////AP///wD///8A////AP///wD///8A////AP///wD///8A////AP///wD///8A////AP///wCKye4AisnuAIrJ7v+Kye4A////AP///wD///8A////AP///wD///8A////AP///wD///8A////AP///wD///8A////AP///wD///8A////AP///wD///8A////AP///wD///8A////AP///wD///8A////AP///wD///8A////AP///wD///8A////AP///wD///8A////AP///wD///8A////AP///wD///8A////AP///wD///8A////AP///wD///8A////AP///wD///8A////AP///wD///8A////AP///wD///8A////AP///wD///8A////AP///wD///8AisnuAIrJ7gCKye7/isnuAP///wD///8A////AP///wD///8A////AP///wD///8A////AP///wD///8A////AP///wD///8A////AP///wD///8A////AP///wD///8A////AP///wD///8A////AP///wD///8A////AP///wD///8A////AP///wD///8A////AP///wD///8A////AP///wD///8A////AP///wD///8A////AP///wD///8A////AP///wD///8A////AP///wD///8A////AP///wD///8A////AP///wD///8A////AP///wD///8A////AIrJ7gCKye4Aisnu/4rJ7gD///8A////AP///wD///8A////AP///wD///8AisnuAIrJ7gCKye4AisnuAIrJ7gCKye4AisnuAIrJ7gCKye4AisnuAIrJ7gCKye4AisnuAIrJ7gCKye4AisnuAIrJ7gCKye4AisnuAIrJ7gCKye4AisnuAIrJ7gCKye4AisnuAIrJ7gCKye4AisnuAIrJ7gCKye4AisnuAIrJ7gD///8A////AP///wD///8A////AP///wD///8A////AP///wD///8A////AP///wD///8A////AP///wD///8A////AP///wD///8A////AP///wCKye4AisnuAIrJ7v+Kye5UisnuBf///wD///8A////AP///wD///8A////AIrJ7gCKye4AisnuAIrJ7gCKye4AisnuAIrJ7gCKye4AisnuAIrJ7gCKye4AisnuAIrJ7gCKye4AisnuAIrJ7gCKye4AisnuAIrJ7gCKye4AisnuAIrJ7hWKye5QisnugYrJ7qqKye7Uisnu6orJ7vyKye7/isnu84rJ7u2Kye7XisnuwYrJ7qCKye51isnuSorJ7iD///8A////AP///wD///8A////AP///wD///8A////AP///wD///8A////AP///wD///8A////AP///wD///8AisnuAIrJ7gCKye7/o9j0/4rJ7uaKye6IisnuLf///wD///8A////AP///wCKye4AisnuAIrJ7gCKye4AisnuAIrJ7gCKye4AisnuAIrJ7gCKye4AisnuAIrJ7gCKye4AisnuAIrJ7gCKye4AisnuAIrJ7gyKye5Lisnuk4rJ7tWKye7+otfz/7Dg9/+86Pn/yO/8/8/z/v/U9v//1ff//9H1/v/Q9P7/yfD8/8Ps+/+55vn/rN72/6DW8/+Tz/D/isnu6orJ7qmKye5lisnuIv///wD///8A////AP///wD///8A////AP///wD///8A////AP///wD///8A////AIrJ7gCKye4Aisnu/9X3///O8v3/suL3/5fR8f+Kye7Visnuh4rJ7juKye4FisnuAIrJ7gCKye4AisnuAIrJ7gCKye4AisnuAIrJ7gCKye4AisnuAIrJ7gCKye4AisnuAIrJ7gSKye40isnueIrJ7r2Kye75oNfz/7Xk+P/J7/z/1ff//9X3///V9///1ff//9X3///V9///1ff//9X3///V9///1ff//9X3///V9///1ff//9X3///V9///1ff//8/z/v+85/n/qNv1/4rJ7v////8A////AP///wD///8A////AP///wD///8A////AP///wD///8A////AP///wCKye4AisnuAIrJ7v/V9///1ff//9X3///V9///ye/8/7Lh9/+b1PL/isnu9YrJ7ryKye6IisnuX4rJ7jSKye4ZisnuCYrJ7gCKye4KisnuGorJ7jSKye5disnuiIrJ7rmKye7ymdLx/63f9v/C6/v/0/b//9X3///V9///1ff//9X3///V9///1ff//9X3///V9///1ff//9X3///V9///1ff//9X3///V9///1ff//9X3///V9///1ff//9X3///V9///1ff//9X3//+Kye7/////AP///wD///8A////AP///wD///8A////AP///wD///8A////AP///wD///8AisnuAIrJ7gCKye7/1ff//9X3///V9///1ff//9X3///V9///1ff//9L1/v/B6/v/suL3/6ba9P+Z0vH/kc7w/43L7/+Kye7/jcvv/5LO8P+Z0vH/pdr0/7Li9//A6vr/0fX+/9X3///V9///1ff//9X3///V9///1ff//9X3///V9///1ff//9X3///V9///1ff//9X3///V9///1ff//9X3///V9///1ff//9X3///V9///1ff//9X3///V9///1ff//9X3///V9///isnu/////wD///8A////AP///wD///8A////AP///wD///8A////AP///wD///8A////AIrJ7gCKye4Aisnu/9X3///V9///1ff//9X3///V9///1ff//9X3///V9///1ff//9X3///V9///1ff//9X3///V9///1ff//9X3///V9///1ff//9X3///V9///1ff//9X3///V9///1ff//9X3///V9///1ff//9X3///V9///1ff//9X3///V9///1ff//9X3///V9///1ff//9X3///V9///1ff//9X3///V9///1ff//9X3///V9///1ff//9X3///V9///1ff//4rJ7v////8A////AP///wD///8A////AP///wD///8A////AP///wD///8A////AP///wCKye4AisnuAIrJ7v/V9///1ff//9X3///V9///1ff//9X3///V9///1ff//9X3///V9///1ff//9X3///V9///1ff//9X3///V9///1ff//9X3///V9///1ff//9X3///V9///1ff//9X3///V9///1ff//9X3///V9///1ff//9X3///V9///1ff//9X3///V9///1ff//9X3///V9///1ff//9X3///V9///1ff//9X3///V9///1ff//9X3///V9///1ff//9X3//+Kye7/////AP///wD///8A////AP///wD///8A////AP///wD///8A////AP///wD///8AisnuAIrJ7gCKye7/1ff//9X3///V9///1ff//9X3///V9///1ff//9X3///V9///1ff//9X3///V9///1ff//9X3///V9///1ff//9X3///V9///1ff//9X3///V9///1ff//9X3///V9///1ff//9X3///V9///1ff//9X3///V9///1ff//9X3///V9///1ff//9X3///V9///1ff//9X3///V9///1ff//9X3///V9///1ff//9X3///V9///1ff//9X3///V9///isnu/////wD///8A////AP///wD///8A////AP///wD///8A////AP///wD///8A////AIrJ7gCKye4Aisnu/9X3///V9///1ff//9X3///V9///1ff//9X3///V9///1ff//9X3///V9///1ff//9X3///V9///1ff//9X3///V9///1ff//9X3///V9///1ff//9X3///V9///1ff//9X3///V9///1ff//9X3///V9///1ff//9X3///V9///1ff//9X3///V9///1ff//9X3///V9///1ff//9X3///V9///1ff//9X3///V9///1ff//9X3///V9///1ff//4rJ7v////8A////AP///wD///8A////AP///wD///8A////AP///wD///8A////AP///wCKye4AisnuAIrJ7v/V9///1ff//9X3///V9///1ff//9X3///V9///1ff//9X3///V9///1ff//9X3///V9///1ff//9X3///V9///1ff//9X3///V9///1ff//9X3///V9///1ff//9X3///V9///1ff//9X3///V9///1ff//9X3///V9///1ff//9X3///V9///1ff//9X3///V9///1ff//9X3///V9///1ff//9X3///V9///1ff//9X3///V9///1ff//9X3//+Kye7/////AP///wD///8A////AP///wD///8A////AP///wD///8A////AP///wD///8AisnuAIrJ7gCKye7/1ff//9X3///V9///1ff//9X3///V9///1ff//9X3///V9///1ff//9X3///V9///1ff//9X3///V9///1ff//9X3///V9///1ff//9X3///V9///1ff//9X3///V9///1ff//9X3///V9///1ff//9X3///V9///1ff//9X3///V9///1ff//9X3///V9///1ff//9X3///V9///1ff//9X3///V9///1ff//9X3///V9///1ff//9X3///V9///isnu/////wD///8A////AP///wD///8A////AP///wD///8A////AP///wD///8A////AIrJ7gCKye4Aisnu/9X3///V9///1ff//9X3///V9///1ff//9X3///V9///1ff//9X3///V9///1ff//9X3///V9///1ff//9X3///V9///1ff//9X3///V9///1ff//9X3///V9///1ff//9X3///V9///1ff//9X3///V9///1ff//9X3///V9///1ff//9X3///V9///1ff//9X3///V9///1ff//9X3///V9///1ff//9X3///V9///1ff//9X3///V9///1ff//4rJ7v////8A////AP///wD///8A////AP///wD///8A////AP///wD///8A////AP///wCKye4AisnuAIrJ7v/V9///1ff//9X3///V9///1ff//9X3///V9///1ff//9X3///V9///1ff//9X3///V9///1ff//9X3///V9///1ff//9X3///V9///1ff//9X3///V9///1ff//9X3///V9///1ff//9X3///V9///1ff//9X3///V9///1ff//9X3///V9///1ff//9X3///V9///1ff//9X3///V9///1ff//9X3///V9///1ff//9X3///V9///1ff//9X3//+Kye7/////AP///wD///8A////AP///wD///8A////AP///wD///8A////AP///wD///8AisnuAIrJ7gCKye7/1ff//9X3///V9///1ff//9X3///V9///1ff//9X3///V9///1ff//9X3///V9///1ff//9X3///V9///1ff//9X3///V9///1ff//9X3///V9///1ff//9X3///V9///1ff//9X3///V9///1ff//9X3///V9///1ff//9X3///V9///1ff//9X3///V9///1ff//9X3///V9///1ff//9X3///V9///1ff//9X3///V9///1ff//9X3///V9///isnu/////wD///8A////AP///wD///8A////AP///wD///8A////AP///wD///8A////AIrJ7gCKye4Aisnu/9X3///V9///1ff//9X3///V9///1ff//9X3///V9///1ff//9X3///V9///1ff//9X3///V9///1ff//9X3///V9///1ff//9X3///V9///1ff//9X3///V9///1ff//9X3///V9///1ff//9X3///V9///1ff//9X3///V9///1ff//9X3///V9///1ff//9X3///V9///1ff//9X3///V9///1ff//9X3///V9///1ff//9X3///V9///1ff//4rJ7v////8A////AP///wD///8A////AP///wD///8A////AP///wD///8A////AP///wCKye4AisnuAIrJ7v/V9///1ff//9X3///V9///1ff//9X3///V9///1ff//9X3///V9///1ff//9X3///V9///1ff//9X3///V9///1ff//9X3///V9///1ff//9X3///V9///1ff//9X3///V9///1ff//9X3///V9///1ff//9X3///V9///1ff//9X3///V9///1ff//9X3///V9///1ff//9X3///V9///1ff//9X3///V9///1ff//9X3///V9///1ff//9X3//+Kye7/////AP///wD///8A////AP///wD///8A////AP///wD///8A////AP///wD///8AisnuAIrJ7gCKye7/1ff//9X3///V9///1ff//9X3///V9///1ff//9X3///V9///1ff//9X3///V9///1ff//9X3///V9///1ff//9X3///V9///1ff//9X3///V9///1ff//9X3///V9///1ff//9X3///V9///1ff//9X3///V9///1ff//9X3///V9///1ff//9X3///V9///1ff//9X3///V9///1ff//9X3///V9///1ff//9X3///V9///1ff//9X3///V9///isnu/////wD///8A////AP///wD///8A////AP///wD///8A////AP///wD///8A////AIrJ7gCKye4Aisnu/9X3///V9///1ff//9X3///V9///1ff//9X3///V9///1ff//9X3///V9///1ff//9X3///V9///1ff//9X3///V9///1ff//9X3///V9///1ff//9X3///V9///1ff//9X3///V9///1ff//9X3///V9///1ff//9X3///V9///1ff//9X3///V9///1ff//9X3///V9///1ff//9X3///V9///1ff//9X3///V9///1ff//9X3///V9///1ff//4rJ7v////8A////AP///wD///8A////AP///wD///8A////AP///wD///8A////AP///wCKye4AisnuAIrJ7v/V9///1ff//9X3///V9///1ff//9X3///V9///1ff//9X3///V9///1ff//9X3///V9///1ff//9X3///V9///1ff//9X3///V9///1ff//9X3///V9///1ff//9X3///V9///1ff//9X3///V9///1ff//9X3///V9///1ff//9X3///V9///1ff//9X3///V9///1ff//9X3///V9///1ff//9X3///V9///1ff//9X3///V9///1ff//9X3//+Kye7/////AP///wD///8A////AP///wD///8A////AP///wD///8A////AP///wD///8AisnuAIrJ7gCKye7/1ff//9X3///V9///1ff//9X3///V9///1ff//9X3///V9///1ff//9X3///V9///1ff//9X3///V9///1ff//9X3///V9///1ff//9X3///V9///1ff//9X3///V9///1ff//9X3///V9///1ff//9X3///V9///1ff//9X3///V9///1ff//9X3///V9///1ff//9X3///V9///1ff//9X3///V9///1ff//9X3///V9///1ff//9X3///V9///isnu/////wD///8A////AP///wD///8A////AP///wD///8A////AP///wD///8A////AIrJ7gCKye4Aisnu/9X3///V9///1ff//9X3///V9///1ff//9X3///V9///1ff//9X3///V9///1ff//9X3///V9///1ff//9X3///V9///1ff//9X3///V9///1ff//9X3///V9///1ff//9X3///V9///1ff//9X3///V9///1ff//9X3///V9///1ff//9X3///V9///1ff//9X3///V9///1ff//9X3///V9///1ff//9X3///V9///1ff//9X3///V9///1ff//4rJ7v////8A////AP///wD///8A////AP///wD///8A////AP///wD///8A////AP///wCKye4AisnuAIrJ7v/V9///1ff//9X3///V9///1ff//9X3///V9///1ff//9X3///V9///1ff//9X3///V9///1ff//9X3///V9///1ff//9X3///V9///1ff//9X3///V9///1ff//9X3///V9///1ff//9X3///V9///1ff//9X3///V9///1ff//9X3///V9///1ff//9X3///V9///1ff//9X3///V9///1ff//9X3///V9///1ff//9X3///V9///1ff//9X3//+Kye7/////AP///wD///8A////AP///wD///8A////AP///wD///8A////AP///wD///8AisnuAIrJ7gCKye7/1ff//9X3///V9///1ff//9X3///V9///1ff//9X3///V9///1ff//9X3///V9///1ff//9X3///V9///1ff//9X3///V9///1ff//9X3///V9///1ff//9X3///V9///1ff//9X3///V9///1ff//9X3///V9///1ff//9X3///V9///1ff//9X3///V9///1ff//9X3///V9///1ff//9X3///V9///1ff//9X3///V9///1ff//9X3///V9///isnu/////wD///8A////AP///wD///8A////AP///wD///8A////AP///wD///8A////AIrJ7gCKye4Aisnu/9X3///V9///1ff//9X3///V9///1ff//9X3///V9///1ff//9X3///V9///1ff//9X3///V9///1ff//9X3///V9///1ff//9X3///V9///1ff//9X3///V9///1ff//9X3///V9///1ff//9X3///V9///1ff//9X3///V9///1ff//9X3///V9///1ff//9X3///V9///1ff//9X3///V9///1ff//9X3///V9///1ff//9X3///V9///1ff//4rJ7v////8A////AP///wD///8A////AP///wD///8A////AP///wD///8A////AP///wCKye4AisnuAIrJ7v/V9///1ff//9X3///V9///1ff//9X3///V9///1ff//9X3///V9///1ff//9X3///V9///1ff//9X3///V9///1ff//9X3///V9///1ff//9X3///V9///1ff//9X3///V9///1ff//9X3///V9///1ff//9X3///V9///1ff//9X3///V9///1ff//9X3///V9///1ff//9X3///V9///1ff//9X3///V9///1ff//9X3///V9///1ff//9X3//+Kye7/////AP///wD///8A////AP///wD///8A////AP///wD///8A////AP///wD///8AisnuAIrJ7gCKye7/1ff//9X3///V9///1ff//9X3///V9///1ff//9X3///V9///1ff//9X3///V9///1ff//9X3///V9///1ff//9X3///V9///1ff//9X3///V9///1ff//9X3///V9///1ff//9X3///V9///1ff//9X3///V9///1ff//9X3///V9///1ff//9X3///V9///1ff//9X3///V9///1ff//9X3///V9///1ff//9X3///V9///1ff//9X3///V9///isnu/////wD///8A////AP///wD///8A////AP///wD///8A////AP///wD///8A////AIrJ7gCKye4Aisnu/9X3///V9///1ff//9X3///V9///1ff//9X3///V9///1ff//9X3///V9///1ff//9X3///V9///1ff//9X3///V9///1ff//9X3///V9///1ff//9X3///V9///1ff//9X3///V9///1ff//9X3///V9///1ff//9X3///V9///1ff//9X3///V9///1ff//9X3///V9///1ff//9X3///V9///1ff//9X3///V9///1ff//9X3///V9///1ff//4rJ7v////8A////AP///wD///8A////AP///wD///8A////AP///wD///8A////AP///wCKye4AisnuAIrJ7v/V9///1ff//9X3///V9///1ff//9X3///V9///1ff//9X3///V9///1ff//9X3///V9///1ff//9X3///V9///1ff//9X3///V9///1ff//9X3///V9///1ff//9X3///V9///1ff//9X3///V9///1ff//9X3///V9///1ff//9X3///V9///1ff//9X3///V9///1ff//9X3///V9///1ff//9X3///V9///1ff//9X3///V9///1ff//9X3//+Kye7/////AP///wD///8A////AP///wD///8A////AP///wD///8A////AP///wD///8AisnuAIrJ7gCKye7/1ff//9X3///V9///1ff//9X3///V9///1ff//9X3///V9///1ff//9X3///V9///1ff//9X3///V9///1ff//9X3///V9///1ff//9X3///V9///1ff//9X3///V9///1ff//9X3///V9///1ff//9X3///V9///1ff//9X3///V9///1ff//9X3///V9///1ff//9X3///V9///1ff//9X3///V9///1ff//9X3///V9///1ff//9X3///V9///isnu/////wD///8A////AP///wD///8A////AP///wD///8A////AP///wD///8A////AIrJ7gCKye4Aisnu/9X3///V9///1ff//9X3///V9///1ff//9X3///V9///1ff//9X3///V9///1ff//9X3///V9///1ff//9X3///V9///1ff//9X3///V9///1ff//9X3///V9///1ff//9X3///V9///1ff//9X3///V9///1ff//9X3///V9///1ff//9X3///V9///1ff//9X3///V9///1ff//9X3///V9///1ff//9X3///V9///1ff//9X3///V9///1ff//4rJ7v////8A////AP///wD///8A////AP///wD///8A////AP///wD///8A////AP///wCKye4AisnuAIrJ7v/V9///1ff//9X3///V9///1ff//9X3///V9///1ff//9X3///V9///1ff//9X3///V9///1ff//9X3///V9///1ff//9X3///V9///1ff//9X3///V9///1ff//9X3///V9///1ff//9X3///V9///1ff//9X3///V9///1ff//9X3///V9///1ff//9X3///V9///1ff//9X3///V9///1ff//9X3///V9///1ff//9X3///V9///1ff//9X3//+Kye7/////AP///wD///8A////AP///wD///8A////AP///wD///8A////AP///wD///8AisnuAIrJ7gCKye7/ueb5/9L1/v/V9///1ff//9X3///V9///1ff//9X3///V9///1ff//9X3///V9///1ff//9X3///V9///1ff//9X3///V9///1ff//9X3///V9///1ff//9X3///V9///1ff//9X3///V9///1ff//9X3///N8v3/u+f5/67f9v+i2PP/ltDx/5DN7/+Lye7/isnu/47L7/+QzO//ltDx/53U8v+n2/X/s+L3/8Dq+v/M8v3/1ff//9X3///V9///isnu/////wD///8A////AP///wD///8A////AP///wD///8A////AP///wD///8A////AIrJ7gCKye4Aisnu54rJ7qOKye72ptr0/8Ps+//V9///1ff//9X3///V9///1ff//9X3///V9///1ff//9X3///V9///1ff//9X3///V9///1ff//9X3///V9///1ff//9X3///V9///1ff//9X3///R9P7/vej5/6fb9f+Uz/D/isnu5IrJ7qiKye55isnuUYrJ7imKye4UisnuAorJ7gCKye4MisnuE4rJ7imKye4/isnuYorJ7oqKye63isnu4ZHN8P+k2fT/t+X4/4rJ7v////8A////AP///wD///8A////AP///wD///8A////AP///wD///8A////AP///wCKye4AisnuAIrJ7gCKye4AisnuDIrJ7mCKye7Bisnu/qjc9f+/6fr/0fX+/9X3///V9///1ff//9X3///V9///1ff//9X3///V9///1ff//9X3///V9///1ff//9X3///U9v//xu78/7Hh9/+c1PL/isnu8IrJ7qyKye5kisnuI4rJ7gCKye4AisnuAIrJ7gCKye4AisnuAIrJ7gCKye4AisnuAIrJ7gCKye4A////AP///wD///8A////AP///wCKye4XisnuWIrJ7pqKye7d////AP///wD///8A////AP///wD///8A////AP///wD///8A////AP///wD///8AisnuAIrJ7gCKye4AisnuAP///wD///8A////AIrJ7huKye5nisnutIrJ7vKa0/L/qt31/7fl+P/E7fv/zfL9/9L1/v/V9///0vX+/87y/f/G7vz/uub5/67f9v+f1vP/isnu/IrJ7suKye6GisnuPorJ7gSKye4AisnuAIrJ7gCKye4AisnuAIrJ7gCKye4AisnuAIrJ7gCKye4AisnuAIrJ7gCKye4AisnuAP///wD///8A////AP///wD///8A////AP///wD///8A////AP///wD///8A////AP///wD///8A////AP///wD///8A////AP///wD///8A////AP///wD///8A////AP///wD///8A////AP///wD///8A////AP///wCKye4EisnuNYrJ7m6Kye6ZisnuxYrJ7uSKye71isnu/4rJ7vaKye7misnuzIrJ7qOKye55isnuSYrJ7g2Kye4AisnuAIrJ7gCKye4AisnuAIrJ7gCKye4AisnuAIrJ7gCKye4AisnuAIrJ7gCKye4AisnuAIrJ7gCKye4AisnuAIrJ7gD///8A////AP///wD///8A////AP///wD///8A////AP///wD///8A////AP///wD///8A////AP///wD///8A////AP///wD///8A////AP///wD///8A////AP///wD///8A////AP///wD///8A////AP///wD///8A////AIrJ7gCKye4AisnuAIrJ7gCKye4AisnuAIrJ7gCKye4AisnuAIrJ7gCKye4AisnuAIrJ7gCKye4AisnuAIrJ7gCKye4AisnuAIrJ7gCKye4AisnuAIrJ7gCKye4AisnuAIrJ7gCKye4AisnuAIrJ7gCKye4AisnuAIrJ7gCKye4A////AP///wD///8A////AP///wD///8A////AP///wD///8A////AP///wD///8A////AP///wD///8A////AP///////////v/////////+//////////7//////////v/////////+//////////7//////////v/////////+//////////7//////////v/////////+//////////7//////////v/////////+//////////7//////////v/////////+//////////7//////////v/////////+//////////7//////////v/////////+//////////7//////////v/////////+//////////4////4AAf//g///4AAAH/+AP/4AAAAf/4AAgAAAAB//gAAAAAAAH/+AAAAAAAAf/4AAAAAAAB//gAAAAAAAH/+AAAAAAAAf/4AAAAAAAB//gAAAAAAAH/+AAAAAAAAf/4AAAAAAAB//gAAAAAAAH/+AAAAAAAAf/4AAAAAAAB//gAAAAAAAH/+AAAAAAAAf/4AAAAAAAB//gAAAAAAAH/+AAAAAAAAf/4AAAAAAAB//gAAAAAAAH/+AAAAAAAAf/4AAAAAAAB//gAAAAAAAH/+AAAAAAAAf/4AAAAAAAB//gAAAAAAAH/+AAAAAAAAf/4AAAAAAAB//gAAAAAAAH/+AAAAAAgAf/+AAAAH//h///AAAD///////gAD////////////////KAAAAEgAAACQAAAAAQAgAAAAAAAAAAAAAAAAAAAAAAAAAAAAAAAAAP///wD///8A////AP///wD///8A////AP///wD///8A////AP///wD///8A////AP///wD///8A////AP///wD///8A////AP///wD///8A////AP///wD///8A////AP///wD///8A////AP///wD///8A////AP///wD///8A////AP///wD///8A////AP///wD///8A////AP///wD///8A////AP///wD///8A////AP///wD///8A////AP///wD///8A////AP///wD///8A////AP///wD///8A////AP///wD///8A////AP///wD///8A////AP///wD///8A////AP///wD///8A////AP///wD///8A////AP///wD///8A////AP///wD///8A////AP///wD///8A////AP///wD///8A////AP///wD///8A////AP///wD///8A////AP///wD///8A////AP///wD///8A////AP///wD///8A////AP///wD///8A////AP///wD///8A////AP///wD///8A////AP///wD///8A////AP///wD///8A////AP///wD///8A////AP///wD///8A////AP///wD///8A////AP///wD///8A////AP///wD///8A////AP///wD///8A////AP///wD///8A////AP///wD///8A////AP///wD///8A////AP///wD///8A////AP///wD///8A////AP///wD///8A////ABfZ//8X2f//F9n//xfZ//8X2f8AF9n/ABfZ/wAX2f8AF9n/ABfZ/wAX2f8AF9n/ABfZ/wAX2f8AF9n/ABfZ/wAX2f8AF9n/ABfZ/wAX2f8AF9n/ABfZ/wAX2f8AF9n/ABfZ/wAX2f8AF9n/ABfZ/wAX2f8AF9n/ABfZ/wAX2f8AF9n/ABfZ/wAX2f8AF9n/ABfZ/wAX2f8AF9n/ABfZ/wAX2f8AF9n/ABfZ/wAX2f8AF9n/ABfZ/wAX2f8AF9n/ABfZ/wAX2f8AF9n/ABfZ/wAX2f8AF9n/ABfZ/wAX2f8AF9n/ABfZ/wAX2f8AF9n/AP///wD///8A////AP///wD///8A////AP///wD///8A////AP///wD///8A////ABfZ//8X2f//F9n//xfZ//8X2f8AF9n/ABfZ/wAX2f8AF9n/ABfZ/wAX2f8AF9n/ABfZ/wAX2f8AF9n/ABfZ/wAX2f8AF9n/ABfZ/wAX2f8AF9n/ABfZ/wAX2f8AF9n/ABfZ/wAX2f8AF9n/ABfZ/wAX2f8AF9n/ABfZ/wAX2f8AF9n/ABfZ/wAX2f8AF9n/ABfZ/wAX2f8AF9n/ABfZ/wAX2f8AF9n/ABfZ/wAX2f8AF9n/ABfZ/wAX2f8AF9n/ABfZ/wAX2f8AF9n/ABfZ/wAX2f8AF9n/ABfZ/wAX2f8AF9n/ABfZ/wAX2f8AF9n/AP///wD///8A////AP///wD///8A////AP///wD///8A////AP///wD///8A////ABfZ//8X2f//F9n//xfZ//8X2f8AF9n/ABfZ/wAX2f8AF9n/ABfZ/wAX2f8AF9n/ABfZ/wAX2f8AF9n/ABfZ/wAX2f8AF9n/ABfZ/wAX2f8AF9n/ABfZ/wAX2f8AF9n/ABfZ/wAX2f8AF9n/ABfZ/wAX2f8AF9n/ABfZ/wAX2f8AF9n/ABfZ/wAX2f8AF9n/ABfZ/wAX2f8AF9n/ABfZ/wAX2f8AF9n/ABfZ/wAX2f8AF9n/ABfZ/wAX2f8AF9n/ABfZ/wAX2f8AF9n/ABfZ/wAX2f8AF9n/ABfZ/wAX2f8AF9n/ABfZ/wAX2f8AF9n/AP///wD///8A////AP///wD///8A////AP///wD///8A////AP///wD///8A////ABfZ//8X2f//F9n//xfZ//8X2f8AF9n/ABfZ/wAX2f8AF9n/ABfZ/wAX2f8AF9n/ABfZ/wAX2f8AF9n/ABfZ/wAX2f8AF9n/ABfZ/wAX2f8AF9n/ABfZ/wAX2f8AF9n/ABfZ/wAX2f8AF9n/ABfZ/wAX2f8AF9n/ABfZ/wAX2f8AF9n/ABfZ/wAX2f8AF9n/ABfZ/wAX2f8AF9n/ABfZ/wAX2f8AF9n/ABfZ/wAX2f8AF9n/ABfZ/wAX2f8AF9n/ABfZ/wAX2f8AF9n/ABfZ/wAX2f8AF9n/ABfZ/wAX2f8AF9n/ABfZ/wAX2f8AF9n/AP///wD///8A////AP///wD///8A////AP///wD///8A////AP///wD///8A////ABfZ//8X2f//F9n//xfZ//8X2f8AF9n/ABfZ/wAX2f8AF9n/ABfZ/wAX2f8AF9n/ABfZ/wAX2f8AF9n/ABfZ/wAX2f8AF9n/ABfZ/wAX2f8AF9n/ABfZ/wAX2f8AF9n/ABfZ/wAX2f8AF9n/ABfZ/wAX2f8AF9n/ABfZ/wAX2f8AF9n/ABfZ/wAX2f8AF9n/ABfZ/wAX2f8AF9n/ABfZ/wAX2f8AF9n/ABfZ/wAX2f8AF9n/ABfZ/wAX2f8AF9n/ABfZ/wAX2f8AF9n/ABfZ/wAX2f8AF9n/ABfZ/wAX2f8AF9n/ABfZ/wAX2f8AF9n/AP///wD///8A////AP///wD///8A////AP///wD///8A////AP///wD///8A////ABfZ//8X2f//F9n//xfZ//8X2f8AF9n/ABfZ/wAX2f8AF9n/ABfZ/wAX2f8AF9n/ABfZ/wAX2f8AF9n/ABfZ/wAX2f8AF9n/ABfZ/wAX2f8AF9n/ABfZ/wAX2f8AF9n/ABfZ/wAX2f8AF9n/ABfZ/wAX2f8AF9n/ABfZ/wAX2f8AF9n/ABfZ/wAX2f8AF9n/ABfZ/wAX2f8AF9n/ABfZ/wAX2f8AF9n/ABfZ/wAX2f8AF9n/ABfZ/wAX2f8AF9n/ABfZ/wAX2f8AF9n/ABfZ/wAX2f8AF9n/ABfZ/wAX2f8AF9n/ABfZ/wAX2f8AF9n/AP///wD///8A////AP///wD///8A////AP///wD///8A////AP///wD///8A////ABfZ//8X2f//F9n//xfZ//8X2f8AF9n/ABfZ/wAX2f8AF9n/ABfZ/wAX2f8AF9n/ABfZ/wAX2f8AF9n/ABfZ/wAX2f8AF9n/ABfZ/wAX2f8AF9n/ABfZ/wAX2f8AF9n/ABfZ/wAX2f8AF9n/ABfZ/wAX2f8AF9n/ABfZ/wAX2f8AF9n/ABfZ/wAX2f8AF9n/ABfZ/wAX2f8AF9n/ABfZ/wAX2f8AF9n/ABfZ/wAX2f8AF9n/ABfZ/wAX2f8AF9n/ABfZ/wAX2f8AF9n/ABfZ/wAX2f8AF9n/ABfZ/wAX2f8AF9n/ABfZ/wAX2f8AF9n/AP///wD///8A////AP///wD///8A////AP///wD///8A////AP///wD///8A////ABfZ//8X2f//F9n//xfZ//8X2f8AF9n/ABfZ/wAX2f8AF9n/ABfZ/wAX2f8AF9n/ABfZ/wAX2f8AF9n/ABfZ/wAX2f8AF9n/ABfZ/wAX2f8AF9n/ABfZ/wAX2f8AF9n/ABfZ/wAX2f8AF9n/ABfZ/wAX2f8AF9n/ABfZ/wAX2f8AF9n/ABfZ/wAX2f8AF9n/ABfZ/wAX2f8AF9n/ABfZ/wAX2f8AF9n/ABfZ/wAX2f8AF9n/ABfZ/wAX2f8AF9n/ABfZ/wAX2f8AF9n/ABfZ/wAX2f8AF9n/ABfZ/wAX2f8AF9n/ABfZ/wAX2f8AF9n/AP///wD///8A////AP///wD///8A////AP///wD///8A////AP///wD///8A////ABfZ//8X2f//F9n//xfZ//8X2f8AF9n/ABfZ/wAX2f8AF9n/ABfZ/wAX2f8AF9n/ABfZ/wAX2f8AF9n/ABfZ/wAX2f8AF9n/ABfZ/wAX2f8AF9n/ABfZ/wAX2f8AF9n/ABfZ/wAX2f8AF9n/ABfZ/wAX2f8AF9n/ABfZ/wAX2f8AF9n/ABfZ/wAX2f8AF9n/ABfZ/wAX2f8AF9n/ABfZ/wAX2f8AF9n/ABfZ/wAX2f8AF9n/ABfZ/wAX2f8AF9n/ABfZ/wAX2f8AF9n/ABfZ/wAX2f8AF9n/ABfZ/wAX2f8AF9n/ABfZ/wAX2f8AF9n/AP///wD///8A////AP///wD///8A////AP///wD///8A////AP///wD///8A////ABfZ//8X2f//F9n//xfZ//8X2f8AF9n/ABfZ/wAX2f8AF9n/ABfZ/wAX2f8AF9n/ABfZ/wAX2f8AF9n/ABfZ/wAX2f8AF9n/ABfZ/wAX2f8AF9n/ABfZ/wAX2f8AF9n/ABfZ/wAX2f8AF9n/ABfZ/wAX2f8AF9n/ABfZ/wAX2f8AF9n/ABfZ/wAX2f8AF9n/ABfZ/wAX2f8AF9n/ABfZ/wAX2f8AF9n/ABfZ/wAX2f8AF9n/ABfZ/wAX2f8AF9n/ABfZ/wAX2f8AF9n/ABfZ/wAX2f8AF9n/ABfZ/wAX2f8AF9n/ABfZ/wAX2f8AF9n/AP///wD///8A////AP///wD///8A////AP///wD///8A////AP///wD///8A////ABfZ//8X2f//F9n//xfZ//8X2f8AF9n/ABfZ/wAX2f8AF9n/ABfZ/wAX2f8AF9n/ABfZ/wAX2f8AF9n/ABfZ/wAX2f8AF9n/ABfZ/wAX2f8AF9n/ABfZ/wAX2f8AF9n/ABfZ/wAX2f8AF9n/ABfZ/wAX2f8AF9n/ABfZ/wAX2f8AF9n/ABfZ/wAX2f8AF9n/ABfZ/wAX2f8AF9n/ABfZ/wAX2f8AF9n/ABfZ/wAX2f8AF9n/ABfZ/wAX2f8AF9n/ABfZ/wAX2f8AF9n/ABfZ/wAX2f8AF9n/ABfZ/wAX2f8AF9n/ABfZ/wAX2f8AF9n/AP///wD///8A////AP///wD///8A////AP///wD///8A////AP///wD///8A////ABfZ//8X2f//F9n//xfZ//8X2f8AF9n/ABfZ/wAX2f8AF9n/ABfZ/wAX2f8AF9n/ABfZ/wAX2f8AF9n/ABfZ/wAX2f8AF9n/ABfZ/wAX2f8AF9n/ABfZ/wAX2f8AF9n/ABfZ/wAX2f8AF9n/ABfZ/wAX2f8AF9n/ABfZ/wAX2f8AF9n/ABfZ/wAX2f8AF9n/ABfZ/wAX2f8AF9n/ABfZ/wAX2f8AF9n/ABfZ/wAX2f8AF9n/ABfZ/wAX2f8AF9n/ABfZ/wAX2f8AF9n/ABfZ/wAX2f8AF9n/ABfZ/wAX2f8AF9n/ABfZ/wAX2f8AF9n/AP///wD///8A////AP///wD///8A////AP///wD///8A////AP///wD///8A////ABfZ//8X2f//F9n//xfZ//8X2f8AF9n/ABfZ/wAX2f8AF9n/ABfZ/wAX2f8AF9n/ABfZ/wAX2f8AF9n/ABfZ/wAX2f8AF9n/ABfZ/wAX2f8AF9n/ABfZ/wAX2f8AF9n/ABfZ/wAX2f8AF9n/ABfZ/wAX2f8AF9n/ABfZ/wAX2f8AF9n/ABfZ/wAX2f8AF9n/ABfZ/wAX2f8AF9n/ABfZ/wAX2f8AF9n/ABfZ/wAX2f8AF9n/ABfZ/wAX2f8AF9n/ABfZ/wAX2f8AF9n/ABfZ/wAX2f8AF9n/ABfZ/wAX2f8AF9n/ABfZ/wAX2f8AF9n/AP///wD///8A////AP///wD///8A////AP///wD///8A////AP///wD///8A////ABfZ//8X2f//F9n//xfZ//8X2f8AF9n/ABfZ/wAX2f8AF9n/ABfZ/wAX2f8AF9n/ABfZ/wAX2f8AF9n/ABfZ/wAX2f8AF9n/ABfZ/wAX2f8AF9n/ABfZ/wAX2f8AF9n/ABfZ/wAX2f8AF9n/ABfZ/wAX2f8AF9n/ABfZ/wAX2f8AF9n/ABfZ/wAX2f8AF9n/ABfZ/wAX2f8AF9n/ABfZ/wAX2f8AF9n/ABfZ/wAX2f8AF9n/ABfZ/wAX2f8AF9n/ABfZ/wAX2f8AF9n/ABfZ/wAX2f8AF9n/ABfZ/wAX2f8AF9n/ABfZ/wAX2f8AF9n/AP///wD///8A////AP///wD///8A////AP///wD///8A////AP///wD///8A////ABfZ//8X2f//F9n//xfZ//8X2f8AF9n/ABfZ/wAX2f8AF9n/ABfZ/wAX2f8AF9n/ABfZ/wAX2f8AF9n/ABfZ/wAX2f8AF9n/ABfZ/wAX2f8AF9n/ABfZ/wAX2f8AF9n/ABfZ/wAX2f8AF9n/ABfZ/wAX2f8AF9n/ABfZ/wAX2f8AF9n/ABfZ/wAX2f8AF9n/ABfZ/wAX2f8AF9n/ABfZ/wAX2f8AF9n/ABfZ/wAX2f8AF9n/ABfZ/wAX2f8AF9n/ABfZ/wAX2f8AF9n/ABfZ/wAX2f8AF9n/ABfZ/wAX2f8AF9n/ABfZ/wAX2f8AF9n/AP///wD///8A////AP///wD///8A////AP///wD///8A////AP///wD///8A////ABfZ//8X2f//F9n//xfZ//8X2f8AF9n/ABfZ/wAX2f8AF9n/ABfZ/wAX2f8AF9n/ABfZ/wAX2f8AF9n/ABfZ/wAX2f8AF9n/ABfZ/wAX2f8AF9n/ABfZ/wAX2f8AF9n/ABfZ/wAX2f8AF9n/ABfZ/wAX2f8AF9n/ABfZ/wAX2f8AF9n/ABfZ/wAX2f8AF9n/ABfZ/wAX2f8AF9n/ABfZ/wAX2f8AF9n/ABfZ/wAX2f8AF9n/ABfZ/wAX2f8AF9n/ABfZ/wAX2f8AF9n/ABfZ/wAX2f8AF9n/ABfZ/wAX2f8AF9n/ABfZ/wAX2f8AF9n/AP///wD///8A////AP///wD///8A////AP///wD///8A////AP///wD///8A////ABfZ//8X2f//F9n//xfZ//8X2f8AF9n/ABfZ/wAX2f8AF9n/ABfZ/wAX2f8AF9n/ABfZ/wAX2f8AF9n/ABfZ/wAX2f8AF9n/ABfZ/wAX2f8AF9n/ABfZ/wAX2f8AF9n/ABfZ/wAX2f8AF9n/ABfZ/wAX2f8AF9n/ABfZ/wAX2f8AF9n/ABfZ/wAX2f8AF9n/ABfZ/wAX2f8AF9n/ABfZ/wAX2f8AF9n/ABfZ/wAX2f8AF9n/ABfZ/wAX2f8AF9n/ABfZ/wAX2f8AF9n/ABfZ/wAX2f8AF9n/ABfZ/wAX2f8AF9n/ABfZ/wAX2f8AF9n/AP///wD///8A////AP///wD///8A////AP///wD///8A////AP///wD///8A////ABfZ//8X2f//F9n//xfZ//8X2f8AF9n/ABfZ/wAX2f8AF9n/ABfZ/wAX2f8AF9n/ABfZ/wAX2f8AF9n/ABfZ/wAX2f8AF9n/ABfZ/wAX2f8AF9n/ABfZ/wAX2f8AF9n/ABfZ/wAX2f8AF9n/ABfZ/wAX2f8AF9n/ABfZ/wAX2f8AF9n/ABfZ/wAX2f8AF9n/ABfZ/wAX2f8AF9n/ABfZ/wAX2f8AF9n/ABfZ/wAX2f8AF9n/ABfZ/wAX2f8AF9n/ABfZ/wAX2f8AF9n/ABfZ/wAX2f8AF9n/ABfZ/wAX2f8AF9n/ABfZ/wAX2f8AF9n/AP///wD///8A////AP///wD///8A////AP///wD///8A////AP///wD///8A////ABfZ//8X2f//F9n//xfZ//8X2f8AF9n/ABfZ/wAX2f8AF9n/ABfZ/wAX2f8AF9n/ABfZ/wAX2f8AF9n/ABfZ/wAX2f8AF9n/ABfZ/wAX2f8AF9n/ABfZ/wAX2f8AF9n/ABfZ/wAX2f8AF9n/ABfZ/wAX2f8AF9n/ABfZ/wAX2f8AF9n/ABfZ/wAX2f8AF9n/ABfZ/wAX2f8AF9n/ABfZ/wAX2f8AF9n/ABfZ/wAX2f8AF9n/ABfZ/wAX2f8AF9n/ABfZ/wAX2f8AF9n/ABfZ/wAX2f8AF9n/ABfZ/wAX2f8AF9n/ABfZ/wAX2f8AF9n/AP///wD///8A////AP///wD///8A////AP///wD///8A////AP///wD///8A////ABfZ//8X2f//F9n//xfZ//8X2f8AF9n/ABfZ/wAX2f8AF9n/ABfZ/wAX2f8AF9n/ABfZ/wAX2f8AF9n/ABfZ/wAX2f8AF9n/ABfZ/wAX2f8AF9n/ABfZ/wAX2f8AF9n/ABfZ/wAX2f8AF9n/ABfZ/wAX2f8AF9n/ABfZ/wAX2f8AF9n/ABfZ/wAX2f8AF9n/ABfZ/wAX2f8AF9n/ABfZ/wAX2f8AF9n/ABfZ/wAX2f8AF9n/ABfZ/wAX2f8AF9n/ABfZ/wAX2f8AF9n/ABfZ/wAX2f8AF9n/ABfZ/wAX2f8AF9n/ABfZ/wAX2f8AF9n/AP///wD///8A////AP///wD///8A////AP///wD///8A////AP///wD///8A////ABfZ//8X2f//F9n//xfZ//8X2f8AF9n/ABfZ/wAX2f8AF9n/ABfZ/wAX2f8AF9n/ABfZ/wAX2f8AF9n/ABfZ/wAX2f8AF9n/ABfZ/wAX2f8AF9n/ABfZ/wAX2f8AF9n/ABfZ/wAX2f8AF9n/ABfZ/wAX2f8AF9n/ABfZ/wAX2f8AF9n/ABfZ/wAX2f8AF9n/ABfZ/wAX2f8AF9n/ABfZ/wAX2f8AF9n/ABfZ/wAX2f8AF9n/ABfZ/wAX2f8AF9n/ABfZ/wAX2f8AF9n/ABfZ/wAX2f8AF9n/ABfZ/wAX2f8AF9n/ABfZ/wAX2f8AF9n/AP///wD///8A////AP///wD///8A////AP///wD///8A////AP///wD///8A////ABfZ//8X2f//F9n//xfZ//8X2f8AF9n/ABfZ/wAX2f8AF9n/ABfZ/wAX2f8AF9n/ABfZ/wAX2f8AF9n/ABfZ/wAX2f8AF9n/ABfZ/wAX2f8AF9n/ABfZ/wAX2f8AF9n/ABfZ/wAX2f8AF9n/ABfZ/wAX2f8AF9n/ABfZ/wAX2f8AF9n/ABfZ/wAX2f8AF9n/ABfZ/wAX2f8AF9n/ABfZ/wAX2f8AF9n/ABfZ/wAX2f8AF9n/ABfZ/wAX2f8AF9n/ABfZ/wAX2f8AF9n/ABfZ/wAX2f8AF9n/ABfZ/wAX2f8AF9n/ABfZ/wAX2f8AF9n/AP///wD///8A////AP///wD///8A////AP///wD///8A////AP///wD///8A////ABfZ//8X2f//F9n//xfZ//8X2f8AF9n/ABfZ/wAX2f8AF9n/ABfZ/wAX2f8AF9n/ABfZ/wAX2f8AF9n/ABfZ/wAX2f8AF9n/ABfZ/wAX2f8AF9n/ABfZ/wAX2f8AF9n/ABfZ/wAX2f8AF9n/ABfZ/wAX2f8AF9n/ABfZ/wAX2f8AF9n/ABfZ/wAX2f8AF9n/ABfZ/wAX2f8AF9n/ABfZ/wAX2f8AF9n/ABfZ/wAX2f8AF9n/ABfZ/wAX2f8AF9n/ABfZ/wAX2f8AF9n/ABfZ/wAX2f8AF9n/ABfZ/wAX2f8AF9n/ABfZ/wAX2f8AF9n/AP///wD///8A////AP///wD///8A////AP///wD///8A////AP///wD///8A////ABfZ//8X2f//F9n//xfZ//8X2f8AF9n/ABfZ/wAX2f8AF9n/ABfZ/wAX2f8AF9n/ABfZ/wAX2f8AF9n/ABfZ/wAX2f8AF9n/ABfZ/wAX2f8AF9n/ABfZ/wAX2f8AF9n/ABfZ/wAX2f8AF9n/ABfZ//8X2f//F9n//xfZ//8X2f//F9n//xfZ//8X2f//F9n//xfZ//8X2f//F9n//xfZ//8X2f//F9n//xfZ//8X2f//F9n//xfZ//8X2f//F9n//xfZ//8X2f//F9n//xfZ//8X2f//F9n//xfZ//8X2f//F9n//xfZ//8X2f//F9n//////wD///8A////AP///wD///8A////AP///wD///8A////AP///wD///8A////ABfZ//8X2f//F9n//xfZ//8X2f8AF9n/ABfZ/wAX2f8AF9n/ABfZ/wAX2f8AF9n/ABfZ/wAX2f8AF9n/ABfZ/wAX2f8AF9n/ABfZ/wAX2f8AF9n/ABfZ/wAX2f8AF9n/ABfZ/wAX2f8AF9n/ABfZ//8X2f//F9n//xfZ//8X2f//F9n//xfZ//8X2f//F9n//xfZ//8X2f//F9n//xfZ//8X2f//F9n//xfZ//8X2f//F9n//xfZ//8X2f//F9n//xfZ//8X2f//F9n//xfZ//8X2f//F9n//xfZ//8X2f//F9n//xfZ//8X2f//F9n//////wD///8A////AP///wD///8A////AP///wD///8A////AP///wD///8A////ABfZ//8X2f//F9n//xfZ//8X2f8AF9n/ABfZ/wAX2f8AF9n/ABfZ/wAX2f8AF9n/ABfZ/wAX2f8AF9n/ABfZ/wAX2f8AF9n/ABfZ/wAX2f8AF9n/ABfZ/wAX2f8AF9n/ABfZ/wAX2f8AF9n/ABfZ//8X2f//F9n//xfZ//8X2f//F9n//xfZ//8X2f//F9n//xfZ//8X2f//F9n//xfZ//8X2f//F9n//xfZ//8X2f//F9n//xfZ//8X2f//F9n//xfZ//8X2f//F9n//xfZ//8X2f//F9n//xfZ//8X2f//F9n//xfZ//8X2f//F9n//////wD///8A////AP///wD///8A////AP///wD///8A////AP///wD///8A////ABfZ//8X2f//F9n//xfZ//8X2f8AF9n/ABfZ/wAX2f8AF9n/ABfZ/wAX2f8AF9n/ABfZ/wAX2f8AF9n/ABfZ/wAX2f8AF9n/ABfZ/wAX2f8AF9n/ABfZ/wAX2f8AF9n/ABfZ/wAX2f8AF9n/ABfZ//8X2f//F9n//xfZ//8X2f//F9n//xfZ//8X2f//F9n//xfZ//8X2f//F9n//xfZ//8X2f//F9n//xfZ//8X2f//F9n//xfZ//8X2f//F9n//xfZ//8X2f//F9n//xfZ//8X2f//F9n//xfZ//8X2f//F9n//xfZ//8X2f//F9n//////wD///8A////AP///wD///8A////AP///wD///8A////AP///wD///8A////ABfZ//8X2f//F9n//xfZ//8X2f8AF9n/ABfZ/wAX2f8AF9n/ABfZ/wAX2f8AF9n/ABfZ/wAX2f8AF9n/ABfZ/wAX2f8AF9n/ABfZ/wAX2f8AF9n/ABfZ/wAX2f8AF9n/ABfZ/wAX2f8AF9n/ABfZ//8X2f//F9n//xfZ//8X2f//F9n//xfZ//8X2f//F9n//xfZ//8X2f//F9n//xfZ//8X2f//F9n//xfZ//8X2f//F9n//xfZ//8X2f//F9n//xfZ//8X2f//F9n//xfZ//8X2f//F9n//xfZ//8X2f//F9n//xfZ//8X2f//F9n//////wD///8A////AP///wD///8A////AP///wD///8A////AP///wD///8A////ABfZ//8X2f//F9n//xfZ//8X2f8AF9n/ABfZ/wAX2f8AF9n/ABfZ/wAX2f8AF9n/ABfZ/wAX2f8AF9n/ABfZ/wAX2f8AF9n/ABfZ/wAX2f8AF9n/ABfZ/wAX2f8AF9n/ABfZ/wAX2f8AF9n/ABfZ//8X2f//F9n//xfZ//8X2f//F9n//xfZ//8X2f//F9n//xfZ//8X2f//F9n//xfZ//8X2f//F9n//xfZ//8X2f//F9n//xfZ//8X2f//F9n//xfZ//8X2f//F9n//xfZ//8X2f//F9n//xfZ//8X2f//F9n//xfZ//8X2f//F9n//////wD///8A////AP///wD///8A////AP///wD///8A////AP///wD///8A////ABfZ//8X2f//F9n//xfZ//8X2f8AF9n/ABfZ/wAX2f8AF9n/ABfZ/wAX2f8AF9n/ABfZ/wAX2f8AF9n/ABfZ/wAX2f8AF9n/ABfZ/wAX2f8AF9n/ABfZ/wAX2f8AF9n/ABfZ/wAX2f8AF9n/ABfZ//8X2f//F9n//xfZ//8X2f//F9n//xfZ//8X2f//F9n//xfZ//8X2f//F9n//xfZ//8X2f//F9n//xfZ//8X2f//F9n//xfZ//8X2f//F9n//xfZ//8X2f//F9n//xfZ//8X2f//F9n//xfZ//8X2f//F9n//xfZ//8X2f//F9n//////wD///8A////AP///wD///8A////AP///wD///8A////AP///wD///8A////ABfZ//8X2f//F9n//xfZ//8X2f8AF9n/ABfZ/wAX2f8AF9n/ABfZ/wAX2f8AF9n/ABfZ/wAX2f8AF9n/ABfZ/wAX2f8AF9n/ABfZ/wAX2f8AF9n/ABfZ/wAX2f8AF9n/ABfZ/wAX2f8AF9n/ABfZ//8X2f//F9n//xfZ//8X2f//F9n//xfZ//8X2f//F9n//xfZ//8X2f//F9n//xfZ//8X2f//F9n//xfZ//8X2f//F9n//xfZ//8X2f//F9n//xfZ//8X2f//F9n//xfZ//8X2f//F9n//xfZ//8X2f//F9n//xfZ//8X2f//F9n//////wD///8A////AP///wD///8A////AP///wD///8A////AP///wD///8A////ABfZ//8X2f//F9n//xfZ//8X2f8AF9n/ABfZ/wAX2f8AF9n//xfZ//8X2f//F9n//xfZ//8X2f//F9n//xfZ//8X2f//F9n//xfZ//8X2f//F9n//xfZ//8X2f//F9n/ABfZ/wAX2f8AF9n/ABfZ//8X2f//F9n//xfZ//8X2f//F9n//xfZ//8X2f//F9n//xfZ//8X2f//F9n//xfZ//8X2f//F9n//xfZ//8X2f//F9n//xfZ//8X2f//F9n//xfZ//8X2f//F9n//xfZ//8X2f//F9n//xfZ//8X2f//F9n//xfZ//8X2f//F9n//////wD///8A////AP///wD///8A////AP///wD///8A////AP///wD///8A////ABfZ//8X2f//F9n//xfZ//8X2f8AF9n/ABfZ/wAX2f8AF9n//xfZ//8X2f//F9n//xfZ//8X2f//F9n//xfZ//8X2f//F9n//xfZ//8X2f//F9n//xfZ//8X2f//F9n/ABfZ/wAX2f8AF9n/ABfZ//8X2f//F9n//xfZ//8X2f//F9n//xfZ//8X2f//F9n//xfZ//8X2f//F9n//xfZ//8X2f//F9n//xfZ//8X2f//F9n//xfZ//8X2f//F9n//xfZ//8X2f//F9n//xfZ//8X2f//F9n//xfZ//8X2f//F9n//xfZ//8X2f//F9n//////wD///8A////AP///wD///8A////AP///wD///8A////AP///wD///8A////ABfZ//8X2f//F9n//xfZ//8X2f8AF9n/ABfZ/wAX2f8AF9n//xfZ//8X2f//F9n//xfZ//8X2f//F9n//xfZ//8X2f//F9n//xfZ//8X2f//F9n//xfZ//8X2f//F9n/ABfZ/wAX2f8AF9n/ABfZ//8X2f//F9n//xfZ//8X2f//F9n//xfZ//8X2f//F9n//xfZ//8X2f//F9n//xfZ//8X2f//F9n//xfZ//8X2f//F9n//xfZ//8X2f//F9n//xfZ//8X2f//F9n//xfZ//8X2f//F9n//xfZ//8X2f//F9n//xfZ//8X2f//F9n//////wD///8A////AP///wD///8A////AP///wD///8A////AP///wD///8A////ABfZ//8X2f//F9n//xfZ//8X2f8AF9n/ABfZ/wAX2f8AF9n//xfZ//8X2f//F9n//xfZ//8X2f//F9n//xfZ//8X2f//F9n//xfZ//8X2f//F9n//xfZ//8X2f//F9n/ABfZ/wAX2f8AF9n/ABfZ//8X2f//F9n//xfZ//8X2f//F9n//xfZ//8X2f//F9n//xfZ//8X2f//F9n//xfZ//8X2f//F9n//xfZ//8X2f//F9n//xfZ//8X2f//F9n//xfZ//8X2f//F9n//xfZ//8X2f//F9n//xfZ//8X2f//F9n//xfZ//8X2f//F9n//////wD///8A////AP///wD///8A////AP///wD///8A////AP///wD///8A////ABfZ//8X2f//F9n//xfZ//8X2f8AF9n/ABfZ/wAX2f8AF9n//xfZ//8X2f//F9n//xfZ//8X2f//F9n//xfZ//8X2f//F9n//xfZ//8X2f//F9n//xfZ//8X2f//F9n/ABfZ/wAX2f8AF9n/ABfZ//8X2f//F9n//xfZ//8X2f//F9n//xfZ//8X2f//F9n//xfZ//8X2f//F9n//xfZ//8X2f//F9n//xfZ//8X2f//F9n//xfZ//8X2f//F9n//xfZ//8X2f//F9n//xfZ//8X2f//F9n//xfZ//8X2f//F9n//xfZ//8X2f//F9n//////wD///8A////AP///wD///8A////AP///wD///8A////AP///wD///8A////ABfZ//8X2f//F9n//xfZ//8X2f8AF9n/ABfZ/wAX2f8AF9n//xfZ//8X2f//F9n//xfZ//8X2f//F9n//xfZ//8X2f//F9n//xfZ//8X2f//F9n//xfZ//8X2f//F9n/ABfZ/wAX2f8AF9n/ABfZ//8X2f//F9n//xfZ//8X2f//F9n//xfZ//8X2f//F9n//xfZ//8X2f//F9n//xfZ//8X2f//F9n//xfZ//8X2f//F9n//xfZ//8X2f//F9n//xfZ//8X2f//F9n//xfZ//8X2f//F9n//xfZ//8X2f//F9n//xfZ//8X2f//F9n//////wD///8A////AP///wD///8A////AP///wD///8A////AP///wD///8A////ABfZ//8X2f//F9n//xfZ//8X2f8AF9n/ABfZ/wAX2f8AF9n//xfZ//8X2f//F9n//xfZ//8X2f//F9n//xfZ//8X2f//F9n//xfZ//8X2f//F9n//xfZ//8X2f//F9n/ABfZ/wAX2f8AF9n/ABfZ//8X2f//F9n//xfZ//8X2f//F9n//xfZ//8X2f//F9n//xfZ//8X2f//F9n//xfZ//8X2f//F9n//xfZ//8X2f//F9n//xfZ//8X2f//F9n//xfZ//8X2f//F9n//xfZ//8X2f//F9n//xfZ//8X2f//F9n//xfZ//8X2f//F9n//////wD///8A////AP///wD///8A////AP///wD///8A////AP///wD///8A////ABfZ//8X2f//F9n//xfZ//8X2f8AF9n/ABfZ/wAX2f8AF9n//xfZ//8X2f//F9n//xfZ//8X2f//F9n//xfZ//8X2f//F9n//xfZ//8X2f//F9n//xfZ//8X2f//F9n/ABfZ/wAX2f8AF9n/ABfZ//8X2f//F9n//xfZ//8X2f//F9n//xfZ//8X2f//F9n//xfZ//8X2f//F9n//xfZ//8X2f//F9n//xfZ//8X2f//F9n//xfZ//8X2f//F9n//xfZ//8X2f//F9n//xfZ//8X2f//F9n//xfZ//8X2f//F9n//xfZ//8X2f//F9n//////wD///8A////AP///wD///8A////AP///wD///8A////AP///wD///8A////ABfZ//8X2f//F9n//xfZ//8X2f8AF9n/ABfZ/wAX2f8AF9n//xfZ//8X2f//F9n//xfZ//8X2f//F9n//xfZ//8X2f//F9n//xfZ//8X2f//F9n//xfZ//8X2f//F9n/ABfZ/wAX2f8AF9n/ABfZ//8X2f//F9n//xfZ//8X2f//F9n//xfZ//8X2f//F9n//xfZ//8X2f//F9n//xfZ//8X2f//F9n//xfZ//8X2f//F9n//xfZ//8X2f//F9n//xfZ//8X2f//F9n//xfZ//8X2f//F9n//xfZ//8X2f//F9n//xfZ//8X2f//F9n//////wD///8A////AP///wD///8A////AP///wD///8A////AP///wD///8A////ABfZ//8X2f//F9n//xfZ//8X2f8AF9n/ABfZ/wAX2f8AF9n//xfZ//8X2f//F9n//xfZ//8X2f//F9n//xfZ//8X2f//F9n//xfZ//8X2f//F9n//xfZ//8X2f//F9n/ABfZ/wAX2f8AF9n/ABfZ//8X2f//F9n//xfZ//8X2f//F9n//xfZ//8X2f//F9n//xfZ//8X2f//F9n//xfZ//8X2f//F9n//xfZ//8X2f//F9n//xfZ//8X2f//F9n//xfZ//8X2f//F9n//xfZ//8X2f//F9n//xfZ//8X2f//F9n//xfZ//8X2f//F9n//////wD///8A////AP///wD///8A////AP///wD///8A////AP///wD///8A////ABfZ//8X2f//F9n//xfZ//8X2f8AF9n/ABfZ/wAX2f8AF9n//xfZ//8X2f//F9n//xfZ//8X2f//F9n//xfZ//8X2f//F9n//xfZ//8X2f//F9n//xfZ//8X2f//F9n/ABfZ/wAX2f8AF9n/ABfZ//8X2f//F9n//xfZ//8X2f//F9n//xfZ//8X2f//F9n//xfZ//8X2f//F9n//xfZ//8X2f//F9n//xfZ//8X2f//F9n//xfZ//8X2f//F9n//xfZ//8X2f//F9n//xfZ//8X2f//F9n//xfZ//8X2f//F9n//xfZ//8X2f//F9n//////wD///8A////AP///wD///8A////AP///wD///8A////AP///wD///8A////ABfZ//8X2f//F9n//xfZ//8X2f8AF9n/ABfZ/wAX2f8AF9n//xfZ//8X2f//F9n//xfZ//8X2f//F9n//xfZ//8X2f//F9n//xfZ//8X2f//F9n//xfZ//8X2f//F9n/ABfZ/wAX2f8AF9n/ABfZ//8X2f//F9n//xfZ//8X2f//F9n//xfZ//8X2f//F9n//xfZ//8X2f//F9n//xfZ//8X2f//F9n//xfZ//8X2f//F9n//xfZ//8X2f//F9n//xfZ//8X2f//F9n//xfZ//8X2f//F9n//xfZ//8X2f//F9n//xfZ//8X2f//F9n//////wD///8A////AP///wD///8A////AP///wD///8A////AP///wD///8A////ABfZ//8X2f//F9n//xfZ//8X2f8AF9n/ABfZ/wAX2f8AF9n//xfZ//8X2f//F9n//xfZ//8X2f//F9n//xfZ//8X2f//F9n//xfZ//8X2f//F9n//xfZ//8X2f//F9n/ABfZ/wAX2f8AF9n/ABfZ//8X2f//F9n//xfZ//8X2f//F9n//xfZ//8X2f//F9n//xfZ//8X2f//F9n//xfZ//8X2f//F9n//xfZ//8X2f//F9n//xfZ//8X2f//F9n//xfZ//8X2f//F9n//xfZ//8X2f//F9n//xfZ//8X2f//F9n//xfZ//8X2f//F9n//////wD///8A////AP///wD///8A////AP///wD///8A////AP///wD///8A////ABfZ//8X2f//F9n//xfZ//8X2f8AF9n/ABfZ/wAX2f8AF9n//xfZ//8X2f//F9n//xfZ//8X2f//F9n//xfZ//8X2f//F9n//xfZ//8X2f//F9n//xfZ//8X2f//F9n/ABfZ/wAX2f8AF9n/ABfZ//8X2f//F9n//xfZ//8X2f//F9n//xfZ//8X2f//F9n//xfZ//8X2f//F9n//xfZ//8X2f//F9n//xfZ//8X2f//F9n//xfZ//8X2f//F9n//xfZ//8X2f//F9n//xfZ//8X2f//F9n//xfZ//8X2f//F9n//xfZ//8X2f//F9n//////wD///8A////AP///wD///8A////AP///wD///8A////AP///wD///8A////ABfZ//8X2f//F9n//xfZ//8X2f8AF9n/ABfZ/wAX2f8AF9n//xfZ//8X2f//F9n//xfZ//8X2f//F9n//xfZ//8X2f//F9n//xfZ//8X2f//F9n//xfZ//8X2f//F9n/ABfZ/wAX2f8AF9n/ABfZ//8X2f//F9n//xfZ//8X2f//F9n//xfZ//8X2f//F9n//xfZ//8X2f//F9n//xfZ//8X2f//F9n//xfZ//8X2f//F9n//xfZ//8X2f//F9n//xfZ//8X2f//F9n//xfZ//8X2f//F9n//xfZ//8X2f//F9n//xfZ//8X2f//F9n//////wD///8A////AP///wD///8A////AP///wD///8A////AP///wD///8A////ABfZ//8X2f//F9n//xfZ//8X2f8AF9n/ABfZ/wAX2f8AF9n//xfZ//8X2f//F9n//xfZ//8X2f//F9n//xfZ//8X2f//F9n//xfZ//8X2f//F9n//xfZ//8X2f//F9n/ABfZ/wAX2f8AF9n/ABfZ//8X2f//F9n//xfZ//8X2f//F9n//xfZ//8X2f//F9n//xfZ//8X2f//F9n//xfZ//8X2f//F9n//xfZ//8X2f//F9n//xfZ//8X2f//F9n//xfZ//8X2f//F9n//xfZ//8X2f//F9n//xfZ//8X2f//F9n//xfZ//8X2f//F9n//////wD///8A////AP///wD///8A////AP///wD///8A////AP///wD///8A////ABfZ//8X2f//F9n//xfZ//8X2f8AF9n/ABfZ/wAX2f8AF9n//xfZ//8X2f//F9n//xfZ//8X2f//F9n//xfZ//8X2f//F9n//xfZ//8X2f//F9n//xfZ//8X2f//F9n/ABfZ/wAX2f8AF9n/ABfZ//8X2f//F9n//xfZ//8X2f//F9n//xfZ//8X2f//F9n//xfZ//8X2f//F9n//xfZ//8X2f//F9n//xfZ//8X2f//F9n//xfZ//8X2f//F9n//xfZ//8X2f//F9n//xfZ//8X2f//F9n//xfZ//8X2f//F9n//xfZ//8X2f//F9n//////wD///8A////AP///wD///8A////AP///wD///8A////AP///wD///8A////ABfZ//8X2f//F9n//xfZ//8X2f8AF9n/ABfZ/wAX2f8AF9n//xfZ//8X2f//F9n//xfZ//8X2f//F9n//xfZ//8X2f//F9n//xfZ//8X2f//F9n//xfZ//8X2f//F9n/ABfZ/wAX2f8AF9n/ABfZ//8X2f//F9n//xfZ//8X2f//F9n//xfZ//8X2f//F9n//xfZ//8X2f//F9n//xfZ//8X2f//F9n//xfZ//8X2f//F9n//xfZ//8X2f//F9n//xfZ//8X2f//F9n//xfZ//8X2f//F9n//xfZ//8X2f//F9n//xfZ//8X2f//F9n//////wD///8A////AP///wD///8A////AP///wD///8A////AP///wD///8A////ABfZ//8X2f//F9n//xfZ//8X2f8AF9n/ABfZ/wAX2f8AF9n//xfZ//8X2f//F9n//xfZ//8X2f//F9n//xfZ//8X2f//F9n//xfZ//8X2f//F9n//xfZ//8X2f//F9n/ABfZ/wAX2f8AF9n/ABfZ//8X2f//F9n//xfZ//8X2f//F9n//xfZ//8X2f//F9n//xfZ//8X2f//F9n//xfZ//8X2f//F9n//xfZ//8X2f//F9n//xfZ//8X2f//F9n//xfZ//8X2f//F9n//xfZ//8X2f//F9n//xfZ//8X2f//F9n//xfZ//8X2f//F9n//////wD///8A////AP///wD///8A////AP///wD///8A////AP///wD///8A////ABfZ//8X2f//F9n//xfZ//8X2f8AF9n/ABfZ/wAX2f8AF9n//xfZ//8X2f//F9n//xfZ//8X2f//F9n//xfZ//8X2f//F9n//xfZ//8X2f//F9n//xfZ//8X2f//F9n/ABfZ/wAX2f8AF9n/ABfZ//8X2f//F9n//xfZ//8X2f//F9n//xfZ//8X2f//F9n//xfZ//8X2f//F9n//xfZ//8X2f//F9n//xfZ//8X2f//F9n//xfZ//8X2f//F9n//xfZ//8X2f//F9n//xfZ//8X2f//F9n//xfZ//8X2f//F9n//xfZ//8X2f//F9n//////wD///8A////AP///wD///8A////AP///wD///8A////AP///wD///8A////ABfZ//8X2f//F9n//xfZ//8X2f8AF9n/ABfZ/wAX2f8AF9n//xfZ//8X2f//F9n//xfZ//8X2f//F9n//xfZ//8X2f//F9n//xfZ//8X2f//F9n//xfZ//8X2f//F9n/ABfZ/wAX2f8AF9n/ABfZ//8X2f//F9n//xfZ//8X2f//F9n//xfZ//8X2f//F9n//xfZ//8X2f//F9n//xfZ//8X2f//F9n//xfZ//8X2f//F9n//xfZ//8X2f//F9n//xfZ//8X2f//F9n//xfZ//8X2f//F9n//xfZ//8X2f//F9n//xfZ//8X2f//F9n//////wD///8A////AP///wD///8A////AP///wD///8A////AP///wD///8A////ABfZ//8X2f//F9n//xfZ//8X2f8AF9n/ABfZ/wAX2f8AF9n//xfZ//8X2f//F9n//xfZ//8X2f//F9n//xfZ//8X2f//F9n//xfZ//8X2f//F9n//xfZ//8X2f//F9n/ABfZ/wAX2f8AF9n/ABfZ//8X2f//F9n//xfZ//8X2f//F9n//xfZ//8X2f//F9n//xfZ//8X2f//F9n//xfZ//8X2f//F9n//xfZ//8X2f//F9n//xfZ//8X2f//F9n//xfZ//8X2f//F9n//xfZ//8X2f//F9n//xfZ//8X2f//F9n//xfZ//8X2f//F9n//////wD///8A////AP///wD///8A////AP///wD///8A////AP///wD///8A////ABfZ//8X2f//F9n//xfZ//8X2f8AF9n/ABfZ/wAX2f8AF9n//xfZ//8X2f//F9n//xfZ//8X2f//F9n//xfZ//8X2f//F9n//xfZ//8X2f//F9n//xfZ//8X2f//F9n/ABfZ/wAX2f8AF9n/ABfZ/yEX2f+FF9n/5hfZ//8X2f//F9n//xfZ//8X2f//F9n//xfZ//8X2f//F9n//xfZ//8X2f//F9n/ABfZ/wAX2f8AF9n/ABfZ/wAX2f8AF9n/ABfZ/wAX2f8AF9n/ABfZ/wAX2f8AF9n/ABfZ/wAX2f8AF9n/ABfZ/wAX2f8AF9n/AP///wD///8A////AP///wD///8A////AP///wD///8A////AP///wD///8A////ABfZ//8X2f//F9n//xfZ//8X2f8AF9n/ABfZ/wAX2f8AF9n//xfZ//8X2f//F9n//xfZ//8X2f//F9n//xfZ//8X2f//F9n//xfZ//8X2f//F9n//xfZ//8X2f//F9n/WxfZ/wkX2f8AF9n/ABfZ/wAX2f8AF9n/BRfZ/1IX2f+4F9n//RfZ//8X2f//F9n//xfZ//8X2f//F9n//xfZ//8X2f//F9n/ABfZ/wAX2f8AF9n/ABfZ/wAX2f8AF9n/ABfZ/wAX2f8AF9n/ABfZ/wAX2f8AF9n/ABfZ/wAX2f8AF9n/ABfZ/wAX2f8AF9n/AP///wD///8A////AP///wD///8A////AP///wD///8A////AP///wD///8A////ABfZ//8X2f//F9n//xfZ//8X2f8AF9n/ABfZ/wAX2f8AF9n//xfZ//8X2f//F9n//xfZ//8X2f//F9n//xfZ//8X2f//F9n//xfZ//8X2f//F9n//xfZ//8X2f//F9n//xfZ//AX2f+UF9n/KxfZ/wAX2f8AF9n/ABfZ/wAX2f8AF9n/IRfZ/4UX2f/mF9n//xfZ//8X2f//F9n//xfZ//8X2f//F9n/ABfZ/wAX2f8AF9n/ABfZ/wAX2f8AF9n/ABfZ/wAX2f8AF9n/ABfZ/wAX2f8AF9n/ABfZ/wAX2f8AF9n/ABfZ/wAX2f8AF9n/AP///wD///8A////AP///wD///8A////AP///wD///8A////AP///wD///8A////ABfZ//8X2f//F9n//xfZ//8X2f8AF9n/ABfZ/wAX2f8AF9n//xfZ//8X2f//F9n//xfZ//8X2f//F9n//xfZ//8X2f//F9n//xfZ//8X2f//F9n//xfZ//8X2f//F9n//xfZ//8X2f//F9n//xfZ/8MX2f9dF9n/CRfZ/wAX2f8AF9n/ABfZ/wAX2f8FF9n/UhfZ/7gX2f/9F9n//xfZ//8X2f//F9n/ABfZ/wAX2f8AF9n/ABfZ/wAX2f8AF9n/ABfZ/wAX2f8AF9n/ABfZ/wAX2f8AF9n/ABfZ/wAX2f8AF9n/ABfZ/wAX2f8AF9n/AP///wD///8A////AP///wD///8A////AP///wD///8A////AP///wD///8A////ABfZ//8X2f//F9n//xfZ//8X2f8AF9n/ABfZ/wAX2f8AF9n//xfZ//8X2f//F9n//xfZ//8X2f//F9n//xfZ//8X2f//F9n//xfZ//8X2f//F9n//xfZ//8X2f//F9n//xfZ//8X2f//F9n//xfZ//8X2f//F9n/7RfZ/48X2f8pF9n/ABfZ/wAX2f8AF9n/ABfZ/wAX2f8hF9n/hhfZ/+cX2f//F9n/ABfZ/wAX2f8AF9n/ABfZ/wAX2f8AF9n/ABfZ/wAX2f8AF9n/ABfZ/wAX2f8AF9n/ABfZ/wAX2f8AF9n/ABfZ/wAX2f8AF9n/AP///wD///8A////AP///wD///8A////AP///wD///8A////AP///wD///8A////ABfZ//8X2f//F9n//xfZ//8X2f8AF9n/ABfZ/wAX2f8AF9n//xfZ//8X2f//F9n//xfZ//8X2f//F9n//xfZ//8X2f//F9n//xfZ//8X2f//F9n//xfZ//8X2f//F9n//xfZ//8X2f//F9n//xfZ//8X2f//F9n//xfZ//8X2f//F9n/whfZ/1wX2f8IF9n/ABfZ/wAX2f8AF9n/ABfZ/wUX2f9TF9n/ABfZ/wAX2f8AF9n/ABfZ/wAX2f8AF9n/ABfZ/wAX2f8AF9n/ABfZ/wAX2f8AF9n/ABfZ/wAX2f8AF9n/ABfZ/wAX2f8AF9n/AP///wD///8A////AP///wD///8A////AP///wD///8A////AP///wD///8A////ABfZ//8X2f//F9n//xfZ//8X2f8AF9n/ABfZ/wAX2f8AF9n//xfZ//8X2f//F9n//xfZ//8X2f//F9n//xfZ//8X2f//F9n//xfZ//8X2f//F9n//xfZ//8X2f//F9n//xfZ//8X2f//F9n//xfZ//8X2f//F9n//xfZ//8X2f//F9n//xfZ//8X2f/tF9n/jxfZ/ykX2f8AF9n/ABfZ/wAX2f8AF9n/ABfZ/wAX2f8AF9n/ABfZ/wAX2f8AF9n/ABfZ/wAX2f8AF9n/ABfZ/wAX2f8AF9n/ABfZ/wAX2f8AF9n/ABfZ/wAX2f8AF9n/AP///wD///8A////AP///wD///8A////AP///wD///8A////AP///wD///8A////ABfZ//8X2f//F9n//xfZ//8X2f8AF9n/ABfZ/wAX2f8AF9n//xfZ//8X2f//F9n//xfZ//8X2f//F9n//xfZ//8X2f//F9n//xfZ//8X2f//F9n//xfZ//8X2f//F9n//xfZ//8X2f//F9n//xfZ//8X2f//F9n//xfZ//8X2f//F9n//xfZ//8X2f//F9n//xfZ//8X2f/CF9n/ABfZ/wAX2f8AF9n/ABfZ/wAX2f8AF9n/ABfZ/wAX2f8AF9n/ABfZ/wAX2f8AF9n/ABfZ/wAX2f8AF9n/ABfZ/wAX2f8AF9n/ABfZ/wAX2f8AF9n/AP///wD///8A////AP///wD///8A////AP///wD///8A////AP///wD///8A////AP///wD///8A////AP///wD///8A////AP///wD///8A////AP///wD///8A////AP///wD///8A////AP///wD///8A////AP///wD///8A////AP///wD///8A////AP///wD///8A////AP///wD///8A////AP///wD///8A////AP///wD///8A////AP///wD///8A////AP///wD///8A////AP///wD///8A////AP///wD///8A////AP///wD///8A////AP///wD///8A////AP///wD///8A////AP///wD///8A////AP///wD///8A////AP///wD///8A////AP///wD///8A////AP///wD///8A////AP///wD///8A////AP///wD///8A////AP///wD///8A////AP///wD///8A////AP///wD///8A////AP///wD///8A////AP///wD///8A////AP///wD///8A////AP///wD///8A////AP///wD///8A////AP///wD///8A////AP///wD///8A////AP///wD///8A////AP///wD///8A////AP///wD///8A////AP///wD///8A////AP///wD///8A////AP///wD///8A////AP///wD///8A////AP///wD///8A////AP///wD///8A////AP///wD///8A////AP///wD///8A////AP///wD///8A////AP///wD///8A////AP///wD///8A////AP///wD///8A////AP///wD///8A////AP///wD///8A////AP///wD///8A////AP///wD///8A////AP///wD///8A////AP///wD///8A////AP///wD///8A////AP///wD///8A////AP///wD///8A////AP///wD///8A////AP///wD///8A////AP///wD///8A////AP///wD///8A////AP///wD///8A////AP///wD///8A////AP///wD///8A////AP///wD///8A////AP///wD///8A////AP///wD///8A////AP///wD///8A////AP///wD///8A////AP///wD///8A////AP///wD///8A////AP///wD///8A////AP///wD///8A////AP///wD///8A////AP///wD///8A////AP///wD///8A////AP///wD///8A////AP///wD///8A////AP///wD///8A////AP///wD///8A////AP///wD///8A////AP///wD///8A////AP///wD///8A////AP///wD///8A////AP///wD///8A////AP///wD///8A////AP///wD///8A////AP///wD///8A////AP///wD///8A////AP///wD///8A////AP///wD///8A////AP///wD///8A////AP///wD///8A////AP///wD///8A////AP///wD///8A////AP///wD///8A////AP///wD///8A////AP///wD///8A////AP///wD///8A////AP///wD///8A////AP///wD///8A////AP///wD///8A////AP///wD///8A////AP///wD///8A////AP///wD///8A////AP///wD///8A////AP///wD///8A////AP///wD///8A////AP///wD///8A////AP///wD///8A////AP///wD///8A////AP///wD///8A////AP///wD///8A////AP///wD///8A////AP///wD///8A////AP///wD///8A////AP///wD///8A////AP///wD///8A////AP///wD///8A////AP///wD///8A////AP///wD///8A////AP///wD///8A////AP///wD///8A////AP///wD///8A////AP///wD///8A////AP///wD///8A////AP///wD///8A////AP///wD///8A////AP///wD///8A////AP///wD///8A////AP///wD///8A////AP///wD///8A////AP///wD///8A////AP///wD///8A////AP///wD///8A////AP///wD///8A////AP///wD///8A////AP///wD///8A////AP///wD///8A////AP///wD///8A////AP///wD///8A////AP///wD///8A////AP///wD///8A////AP///wD///8A////AP///wD///8A////AP///wD///8A////AP///wD///8A////AP///wD///8A////AP///wD///8A////AP///wD///8A////AP///wD///8A////AP///wD///8A////AP///wD///8A////AP///wD///8A////AP///wD///8A////AP///wD///8A////AP///wD///8A////AP///wD///8A////AP///wD///8A////AP///wD///8A////AP///wD///8A////AP///wD///8A////AP///wD///8A////AP///wD///8A////AP///wD///8A////AP///wD///8A////AP///wD///8A////AP///wD///8A////AP///wD///8A////AP///wD///8A////AP///wD///8A////AP///wD///8A////AP///wD///8A////AP///wD///8A////AP///wD///8A////AP///wD///8A////AP///wD///8A////AP///wD///8A////AP///wD///8A////AP///wD///8A////AP///wD///8A////AP///wD///8A////AP///wD///8A////AP///wD///8A////AP///wD///8A////AP///wD///8A////AP///wD///8A////AP///wD///8A////AP///wD///8A////AP///wD///8A////AP///wD///8A////AP///wD///8A////AP///wD///8A////AP///wD///8A////AP///wD///8A////AP///wD///8A////AP///wD///8A////AP///wD///8A////AP///wD///8A////AP///wD///8A////AP///wD///8A////AP///wD///8A////AP///wD///8A////AP///wD///8A////AP///wD///8A////AP///wD///8A////AP///wD///8A////AP///wD///8A////AP///wD///8A////AP///wD///8A////AP///wD///8A////AP///////////wAAAP///////////wAAAPw//////////wAAAPw//////////wAAAPw//////////wAAAPw//////////wAAAPw//////////wAAAPw//////////wAAAPw//////////wAAAPw//////////wAAAPw//////////wAAAPw//////////wAAAPw//////////wAAAPw//////////wAAAPw//////////wAAAPw//////////wAAAPw//////////wAAAPw//////////wAAAPw//////////wAAAPw//////////wAAAPw//////////wAAAPw//////////wAAAPw//////////wAAAPw//////////wAAAPw//////////wAAAPw///+AAAAAPwAAAPw///+AAAAAPwAAAPw///+AAAAAPwAAAPw///+AAAAAPwAAAPw///+AAAAAPwAAAPw///+AAAAAPwAAAPw///+AAAAAPwAAAPw///+AAAAAPwAAAPw8AAeAAAAAPwAAAPw8AAeAAAAAPwAAAPw8AAeAAAAAPwAAAPw8AAeAAAAAPwAAAPw8AAeAAAAAPwAAAPw8AAeAAAAAPwAAAPw8AAeAAAAAPwAAAPw8AAeAAAAAPwAAAPw8AAeAAAAAPwAAAPw8AAeAAAAAPwAAAPw8AAeAAAAAPwAAAPw8AAeAAAAAPwAAAPw8AAeAAAAAPwAAAPw8AAeAAAAAPwAAAPw8AAeAAAAAPwAAAPw8AAeAAAAAPwAAAPw8AAeAAAAAPwAAAPw8AAeAAAAAPwAAAPw8AAeAAAAAPwAAAPw8AAeAAAAAPwAAAPw8AAeAAAAAPwAAAPw8AAeAAAAAPwAAAPw8AAeAAf///wAAAPw8AAHgAf///wAAAPw8AAB8Af///wAAAPw8AAAPAf///wAAAPw8AAAD4f///wAAAPw8AAAAef///wAAAPw8AAAAH////wAAAPw8AAAAD////wAAAP///////////wAAAP///////////wAAAP///////////wAAAP///////////wAAAP///////////wAAAP///////////wAAAP///////////wAAAP///////////wAAAP///////////wAAAA==</Flag>
    <Flag Caption="Orange Flag">AAABAAcAEBAAAAEAIABoBAAAdgAAABgYAAABACAAiAkAAN4EAAAgIAAAAQAgAKgQAABmDgAAICAAAAEAIACoEAAADh8AADAwAAABACAAqCUAALYvAABAQAAAAQAgAChCAABeVQAASEgAAAEAIACIVAAAhpcAACgAAAAQAAAAIAAAAAEAIAAAAAAAAAAAAAAAAAAAAAAAAAAAAAAAAAD///8A////AP///wD///8A////AP///wD///8A////AP///wD///8A////AP///wD///8A////AP///wD///8A////AACY//8AmP//AJj/AACY/wAAmP8AAJj/AACY/wAAmP8AAJj/AACY/wAAmP8AAJj/AACY/wAAmP8AAJj/AP///wAAmP//AJj//wCY/wAAmP8AAJj/AACY/wAAmP8AAJj/AACY/wAAmP8AAJj/AACY/wAAmP8AAJj/AACY/wD///8AAJj//wCY//8AmP8AAJj/AACY/wAAmP8AAJj/AACY/wAAmP8AAJj/AACY/wAAmP8AAJj/AACY/wAAmP8A////AACY//8AmP//AJj/AACY/wAAmP8AAJj/AACY/wAAmP8AAJj/AACY/wAAmP8AAJj/AACY/wAAmP8AAJj/AP///wAAmP//AJj//wCY/wAAmP8AAJj/AACY/wAAmP8AAJj/AACY/wAAmP8AAJj/AACY/wAAmP8AAJj/AACY/wD///8AAJj//wCY//8AmP8AAJj/AACY/wAAmP8AAJj/AACY//8AmP//AJj//wCY//8AmP//AJj//wCY//8AmP//////AACY//8AmP//AJj/AACY/wAAmP8AAJj/AACY/wAAmP//AJj//wCY//8AmP//AJj//wCY//8AmP//AJj//////wAAmP//AJj//wCY/wAAmP//AJj//wCY//8AmP8aAJj//wCY//8AmP//AJj//wCY//8AmP//AJj//wCY//////8AAJj//wCY//8AmP8AAJj//wCY//8AmP//AJj/GgCY//8AmP//AJj//wCY//8AmP//AJj//wCY//8AmP//////AACY//8AmP//AJj/AACY//8AmP//AJj//wCY/xoAmP//AJj//wCY//8AmP//AJj//wCY//8AmP//AJj//////wAAmP//AJj//wCY/wAAmP//AJj//wCY//8AmP8aAJj//wCY//8AmP//AJj//wCY//8AmP//AJj//wCY//////8AAJj//wCY//8AmP8AAJj//wCY//8AmP//AJj/GgCY//8AmP//AJj//wCY//8AmP//AJj//wCY//8AmP//////AACY//8AmP//AJj/AACY//8AmP//AJj//wCY/xoAmP8aAJj/GgCY/xoAmP8aAJj/AACY/wAAmP8AAJj/AP///wAAmP//AJj//wCY/wAAmP//AJj//wCY//8AmP//AJj//wCY//8AmP//AJj//wCY/wAAmP8AAJj/AACY/wD///8A////AP///wD///8A////AP///wD///8A////AP///wD///8A////AP///wD///8A////AP///wD///8A//8AAJ//AACf/wAAn/8AAJ//AACf/wAAnwAAAJ8AAACQAAAAkAAAAJAAAACQAAAAkAAAAJAPAACQDwAA//8AACgAAAAYAAAAMAAAAAEAIAAAAAAAAAAAAAAAAAAAAAAAAAAAAAAAAAD///8AAJj//wCY//8AmP//AJj/AACY/wAAmP8AAJj/AACY/wAAmP8AAJj/AACY/wAAmP8AAJj/AACY/wAAmP8AAJj/AACY/wAAmP8AAJj/AACY/wAAmP8AAJj/AACY/wD///8AAJj//wCY//8AmP//AJj/AACY/wAAmP8AAJj/AACY/wAAmP8AAJj/AACY/wAAmP8AAJj/AACY/wAAmP8AAJj/AACY/wAAmP8AAJj/AACY/wAAmP8AAJj/AACY/wD///8AAJj//wCY//8AmP//AJj/AACY/wAAmP8AAJj/AACY/wAAmP8AAJj/AACY/wAAmP8AAJj/AACY/wAAmP8AAJj/AACY/wAAmP8AAJj/AACY/wAAmP8AAJj/AACY/wD///8AAJj//wCY//8AmP//AJj/AACY/wAAmP8AAJj/AACY/wAAmP8AAJj/AACY/wAAmP8AAJj/AACY/wAAmP8AAJj/AACY/wAAmP8AAJj/AACY/wAAmP8AAJj/AACY/wD///8AAJj//wCY//8AmP//AJj/AACY/wAAmP8AAJj/AACY/wAAmP8AAJj/AACY/wAAmP8AAJj/AACY/wAAmP8AAJj/AACY/wAAmP8AAJj/AACY/wAAmP8AAJj/AACY/wD///8AAJj//wCY//8AmP//AJj/AACY/wAAmP8AAJj/AACY/wAAmP8AAJj/AACY/wAAmP8AAJj/AACY/wAAmP8AAJj/AACY/wAAmP8AAJj/AACY/wAAmP8AAJj/AACY/wD///8AAJj//wCY//8AmP//AJj/AACY/wAAmP8AAJj/AACY/wAAmP8AAJj/AACY/wAAmP8AAJj/AACY/wAAmP8AAJj/AACY/wAAmP8AAJj/AACY/wAAmP8AAJj/AACY/wD///8AAJj//wCY//8AmP//AJj/AACY/wAAmP8AAJj/AACY/wAAmP8AAJj/AACY/wAAmP8AAJj/AACY/wAAmP8AAJj/AACY/wAAmP8AAJj/AACY/wAAmP8AAJj/AACY/wD///8AAJj//wCY//8AmP//AJj/AACY/wAAmP8AAJj/AACY/wAAmP8AAJj/AACY/wAAmP8AAJj/AACY/wAAmP8AAJj/AACY/wAAmP8AAJj/AACY/wAAmP8AAJj/AACY/wD///8AAJj//wCY//8AmP//AJj/AACY/wAAmP8AAJj/AACY/wAAmP8AAJj/AACY/wAAmP//AJj//wCY//8AmP//AJj//wCY//8AmP//AJj//wCY//8AmP//AJj//wCY//////8AAJj//wCY//8AmP//AJj/AACY/wAAmP8AAJj/AACY/wAAmP8AAJj/AACY/wAAmP//AJj//wCY//8AmP//AJj//wCY//8AmP//AJj//wCY//8AmP//AJj//wCY//////8AAJj//wCY//8AmP//AJj/AACY/wAAmP8AAJj/AACY/wAAmP8AAJj/AACY/wAAmP//AJj//wCY//8AmP//AJj//wCY//8AmP//AJj//wCY//8AmP//AJj//wCY//////8AAJj//wCY//8AmP//AJj/AACY/wAAmP8AAJj/AACY/wAAmP8AAJj/AACY/wAAmP//AJj//wCY//8AmP//AJj//wCY//8AmP//AJj//wCY//8AmP//AJj//wCY//////8AAJj//wCY//8AmP//AJj/AACY//8AmP//AJj//wCY//8AmP//AJj//wCY/xoAmP//AJj//wCY//8AmP//AJj//wCY//8AmP//AJj//wCY//8AmP//AJj//wCY//////8AAJj//wCY//8AmP//AJj/AACY//8AmP//AJj//wCY//8AmP//AJj//wCY/xoAmP//AJj//wCY//8AmP//AJj//wCY//8AmP//AJj//wCY//8AmP//AJj//wCY//////8AAJj//wCY//8AmP//AJj/AACY//8AmP//AJj//wCY//8AmP//AJj//wCY/xoAmP//AJj//wCY//8AmP//AJj//wCY//8AmP//AJj//wCY//8AmP//AJj//wCY//////8AAJj//wCY//8AmP//AJj/AACY//8AmP//AJj//wCY//8AmP//AJj//wCY/xoAmP//AJj//wCY//8AmP//AJj//wCY//8AmP//AJj//wCY//8AmP//AJj//wCY//////8AAJj//wCY//8AmP//AJj/AACY//8AmP//AJj//wCY//8AmP//AJj//wCY/xoAmP//AJj//wCY//8AmP//AJj//wCY//8AmP//AJj//wCY//8AmP//AJj//wCY//////8AAJj//wCY//8AmP//AJj/AACY//8AmP//AJj//wCY//8AmP//AJj//wCY/xoAmP//AJj//wCY//8AmP//AJj//wCY//8AmP//AJj//wCY//8AmP//AJj//wCY//////8AAJj//wCY//8AmP//AJj/AACY//8AmP//AJj//wCY//8AmP//AJj//wCY/xoAmP//AJj//wCY//8AmP//AJj//wCY//8AmP//AJj//wCY//8AmP//AJj//wCY//////8AAJj//wCY//8AmP//AJj/AACY//8AmP//AJj//wCY//8AmP//AJj//wCY/xoAmP8aAJj/GgCY/xoAmP8aAJj/GgCY/wAAmP8AAJj/AACY/wAAmP8AAJj/AACY/wD///8AAJj//wCY//8AmP//AJj/AACY//8AmP//AJj//wCY//8AmP//AJj//wCY//8AmP//AJj//wCY//8AmP//AJj//wCY/wAAmP8AAJj/AACY/wAAmP8AAJj/AACY/wD///8AAJj//wCY//8AmP//AJj/AACY//8AmP//AJj//wCY//8AmP//AJj//wCY//8AmP//AJj//wCY//8AmP//AJj//wCY/wAAmP8AAJj/AACY/wAAmP8AAJj/AACY/wD///8AAJj//wCY//8AmP//AJj/AACY//8AmP//AJj//wCY//8AmP//AJj//wCY//8AmP//AJj//wCY//8AmP//AJj//wCY/wAAmP8AAJj/AACY/wAAmP8AAJj/AACY/wCP//8Aj///AI///wCP//8Aj///AI///wCP//8Aj///AI///wCP8AAAj/AAAI/wAACP8AAAiAAAAIgAAACIAAAAiAAAAIgAAACIAAAAiAAAAIgAfwCIAH8AiAB/AIgAfwAoAAAAIAAAAEAAAAABACAAAAAAAAAAAAAAAAAAAAAAAAAAAAAAAAAA////AP///wBzuf8Ac7n/AHO5/wBzuf8A////AP///wD///8A////AP///wD///8A////AP///wD///8A////AP///wD///8A////AP///wD///8A////AP///wD///8A////AP///wD///8A////AP///wD///8A////AP///wD///8A////AHO5/wBzuf8Ac7n/8XO5/wD///8A////AP///wD///8A////AP///wD///8A////AP///wD///8A////AP///wD///8A////AP///wD///8A////AP///wD///8A////AP///wD///8A////AP///wD///8A////AP///wD///8Ac7n/AHO5/wBzuf//c7n/AP///wD///8A////AP///wD///8A////AP///wD///8A////AP///wD///8A////AP///wD///8A////AP///wD///8A////AP///wD///8A////AP///wD///8A////AP///wD///8A////AP///wBzuf8Ac7n/AHO5//9zuf8A////AP///wD///8A////AP///wD///8A////AP///wD///8A////AP///wD///8A////AP///wD///8A////AP///wD///8A////AP///wD///8A////AP///wD///8A////AP///wD///8A////AHO5/wBzuf8Ac7n//3O5/wD///8A////AP///wD///8A////AP///wD///8A////AP///wD///8A////AP///wD///8A////AP///wD///8A////AP///wD///8A////AP///wD///8A////AP///wD///8A////AP///wD///8Ac7n/AHO5/wBzuf//c7n/AP///wD///8A////AP///wD///8A////AP///wD///8A////AP///wD///8A////AP///wD///8A////AP///wD///8A////AP///wD///8A////AP///wD///8A////AP///wD///8A////AP///wBzuf8Ac7n/AHO5//9zuf8A////AP///wD///8A////AP///wD///8A////AP///wD///8A////AP///wD///8A////AP///wD///8A////AP///wD///8A////AP///wD///8A////AP///wD///8A////AP///wD///8A////AHO5/wBzuf8Ac7n//3O5/wD///8A////AP///wD///8A////AP///wD///8A////AP///wD///8A////AP///wD///8A////AP///wD///8A////AP///wD///8A////AP///wD///8A////AP///wD///8A////AP///wD///8Ac7n/AHO5/wBzuf//c7n/AP///wD///8A////AP///wD///8A////AP///wD///8A////AP///wD///8A////AP///wD///8A////AP///wD///8A////AP///wD///8A////AP///wD///8A////AP///wD///8A////AP///wBzuf8Ac7n/AHO5//9zuf8A////AP///wD///8A////AP///wD///8A////AP///wD///8A////AP///wD///8A////AP///wD///8A////AP///wD///8A////AP///wD///8A////AP///wD///8A////AP///wD///8A////AHO5/wBzuf8Ac7n//3O5/wD///8A////AP///wD///8A////AP///wD///8A////AP///wD///8A////AP///wD///8A////AP///wD///8A////AP///wD///8A////AP///wD///8A////AP///wD///8A////AP///wD///8Ac7n/AHO5/wBzuf//c7n/AP///wD///8A////AP///wD///8A////AP///wD///8A////AP///wD///8A////AP///wD///8A////AP///wD///8A////AP///wD///8A////AP///wD///8A////AP///wD///8A////AP///wBzuf8Ac7n/AHO5//9zuf8A////AP///wD///8A////AP///wD///8A////AP///wD///8A////AP///wD///8A////AP///wD///8A////AP///wD///8A////AP///wD///8A////AP///wD///8A////AP///wD///8A////AHO5/wBzuf8Ac7n//3O5/2Vzuf8M////AP///wD///8A////AP///wD///8A////AP///wD///8A////AHO5/xRzuf9Uc7n/lnO5/8pzuf/rc7n//XO5//hzuf/lc7n/xXO5/5lzuf9kc7n/If///wD///8A////AP///wD///8Ac7n/AHO5/wBzuf//gsH//3O5//Vzuf+3c7n/cXO5/zdzuf8Vc7n/AnO5/wtzuf8jc7n/UHO5/45zuf/Qc7n//YC///+JxP//kcj//5bL//+ZzP//mMv//5XK//+QyP//isT//4LA//9zuf//////AP///wD///8A////AP///wBzuf8Ac7n/AHO5//+ZzP//mMv//47H//+Ewf//e73//3a7//9zuf//dbr//3i8//9/v///iMT//5LI//+ZzP//mcz//5nM//+ZzP//mcz//5nM//+ZzP//mcz//5nM//+ZzP//mcz//3O5//////8A////AP///wD///8A////AHO5/wBzuf8Ac7n//5nM//+ZzP//mcz//5nM//+ZzP//mcz//5nM//+ZzP//mcz//5nM//+ZzP//mcz//5nM//+ZzP//mcz//5nM//+ZzP//mcz//5nM//+ZzP//mcz//5nM//+ZzP//c7n//////wD///8A////AP///wD///8Ac7n/AHO5/wBzuf//mcz//5nM//+ZzP//mcz//5nM//+ZzP//mcz//5nM//+ZzP//mcz//5nM//+ZzP//mcz//5nM//+ZzP//mcz//5nM//+ZzP//mcz//5nM//+ZzP//mcz//5nM//9zuf//////AP///wD///8A////AP///wBzuf8Ac7n/AHO5//+ZzP//mcz//5nM//+ZzP//mcz//5nM//+ZzP//mcz//5nM//+ZzP//mcz//5nM//+ZzP//mcz//5nM//+ZzP//mcz//5nM//+ZzP//mcz//5nM//+ZzP//mcz//3O5//////8A////AP///wD///8A////AHO5/wBzuf8Ac7n//5nM//+ZzP//mcz//5nM//+ZzP//mcz//5nM//+ZzP//mcz//5nM//+ZzP//mcz//5nM//+ZzP//mcz//5nM//+ZzP//mcz//5nM//+ZzP//mcz//5nM//+ZzP//c7n//////wD///8A////AP///wD///8Ac7n/AHO5/wBzuf//mcz//5nM//+ZzP//mcz//5nM//+ZzP//mcz//5nM//+ZzP//mcz//5nM//+ZzP//mcz//5nM//+ZzP//mcz//5nM//+ZzP//mcz//5nM//+ZzP//mcz//5nM//9zuf//////AP///wD///8A////AP///wBzuf8Ac7n/AHO5//+ZzP//mcz//5nM//+ZzP//mcz//5nM//+ZzP//mcz//5nM//+ZzP//mcz//5nM//+ZzP//mcz//5nM//+ZzP//mcz//5nM//+ZzP//mcz//5nM//+ZzP//mcz//3O5//////8A////AP///wD///8A////AHO5/wBzuf8Ac7n//5nM//+ZzP//mcz//5nM//+ZzP//mcz//5nM//+ZzP//mcz//5nM//+ZzP//mcz//5nM//+ZzP//mcz//5nM//+ZzP//mcz//5nM//+ZzP//mcz//5nM//+ZzP//c7n//////wD///8A////AP///wD///8Ac7n/AHO5/wBzuf//mcz//5nM//+ZzP//mcz//5nM//+ZzP//mcz//5nM//+ZzP//mcz//5nM//+ZzP//mcz//5nM//+ZzP//mcz//5nM//+ZzP//mcz//5nM//+ZzP//mcz//5nM//9zuf//////AP///wD///8A////AP///wBzuf8Ac7n/AHO5//+ZzP//mcz//5nM//+ZzP//mcz//5nM//+ZzP//mcz//5nM//+ZzP//mcz//5nM//+ZzP//mcz//5nM//+ZzP//mcz//5nM//+ZzP//mcz//5nM//+ZzP//mcz//3O5//////8A////AP///wD///8A////AHO5/wBzuf8Ac7n//5nM//+ZzP//mcz//5nM//+ZzP//mcz//5nM//+ZzP//mcz//5nM//+ZzP//mcz//5nM//+ZzP//mcz//5nM//+ZzP//mcz//5nM//+ZzP//mcz//5nM//+ZzP//c7n//////wD///8A////AP///wD///8Ac7n/AHO5/wBzuf//mcz//5nM//+ZzP//mcz//5nM//+ZzP//mcz//5nM//+ZzP//mcz//5nM//+ZzP//mcz//5nM//+ZzP//mcz//5nM//+ZzP//mcz//5nM//+ZzP//mcz//5nM//9zuf//////AP///wD///8A////AP///wBzuf8Ac7n/AHO5//+ZzP//mcz//5nM//+ZzP//mcz//5nM//+ZzP//mcz//5nM//+ZzP//mcz//5nM//+ZzP//mcz//5nM//+ZzP//mcz//5nM//+ZzP//mcz//5nM//+ZzP//mcz//3O5//////8A////AP///wD///8A////AHO5/wBzuf8Ac7n//4rE//+Xy///mcz//5nM//+ZzP//mcz//5nM//+ZzP//mcz//5nM//+ZzP//mcz//5bL//+Mxv//gsH//3u9//92uv//dLn//3a6//94u///fL7//4LB//+Lxf//c7n//////wD///8A////AP///wD///8Ac7n/AHO5/wBzuf/vc7n/mHO5//B9vv//iMP//5DI//+Wyv//mcz//5jL//+Uyf//jsb//4TC//96vf//c7n/63O5/6pzuf9oc7n/NXO5/xRzuf8Ec7n/EXO5/yFzuf8+c7n/aHO5/59zuf/h////AP///wD///8A////AP///wBzuf8Ac7n/AHO5/wBzuf8Ac7n/CHO5/0Jzuf+Kc7n/xHO5/+lzuf/+c7n/9nO5/91zuf+yc7n/c3O5/zBzuf8C////AP///wD///8A////AP///wD///8A////AP///wD///8A////AP///wD///8A////AP///wD///8A////AP///wD///8A////AP///wD///8A////AP///wD///8A////AP///wD///8A////AP///wD///8A////AP///wD///8A////AP///wD///8A////AP///wD///8A////AP///wD///8A////AP///wD///8A////AP/////3////9/////f////3////9/////f////3////9/////f////3////9/////f////x/4AH8AAAB/AAAAfwAAAH8AAAB/AAAAfwAAAH8AAAB/AAAAfwAAAH8AAAB/AAAAfwAAAH8AAAB/AAAAfwAAAH8AAAB/wAP///////KAAAACAAAABAAAAAAQAgAAAAAAAAAAAAAAAAAAAAAAAAAAAAAAAAAP///wD///8A////AP///wD///8A////AP///wD///8A////AP///wD///8A////AP///wD///8A////AP///wD///8A////AP///wD///8A////AP///wD///8A////AP///wD///8A////AP///wD///8A////AP///wD///8A////AP///wD///8A////AP///wD///8A////AP///wD///8A////AP///wD///8A////AP///wD///8A////AP///wD///8A////AP///wD///8A////AP///wD///8A////AP///wD///8A////AP///wD///8A////AP///wD///8A////AACY//8AmP//AJj//wCY/wAAmP8AAJj/AACY/wAAmP8AAJj/AACY/wAAmP8AAJj/AACY/wAAmP8AAJj/AACY/wAAmP8AAJj/AACY/wAAmP8AAJj/AACY/wAAmP8AAJj/AACY/wAAmP8AAJj/AACY/wD///8A////AP///wD///8AAJj//wCY//8AmP//AJj/AACY/wAAmP8AAJj/AACY/wAAmP8AAJj/AACY/wAAmP8AAJj/AACY/wAAmP8AAJj/AACY/wAAmP8AAJj/AACY/wAAmP8AAJj/AACY/wAAmP8AAJj/AACY/wAAmP8AAJj/AP///wD///8A////AP///wAAmP//AJj//wCY//8AmP8AAJj/AACY/wAAmP8AAJj/AACY/wAAmP8AAJj/AACY/wAAmP8AAJj/AACY/wAAmP8AAJj/AACY/wAAmP8AAJj/AACY/wAAmP8AAJj/AACY/wAAmP8AAJj/AACY/wAAmP8A////AP///wD///8A////AACY//8AmP//AJj//wCY/wAAmP8AAJj/AACY/wAAmP8AAJj/AACY/wAAmP8AAJj/AACY/wAAmP8AAJj/AACY/wAAmP8AAJj/AACY/wAAmP8AAJj/AACY/wAAmP8AAJj/AACY/wAAmP8AAJj/AACY/wD///8A////AP///wD///8AAJj//wCY//8AmP//AJj/AACY/wAAmP8AAJj/AACY/wAAmP8AAJj/AACY/wAAmP8AAJj/AACY/wAAmP8AAJj/AACY/wAAmP8AAJj/AACY/wAAmP8AAJj/AACY/wAAmP8AAJj/AACY/wAAmP8AAJj/AP///wD///8A////AP///wAAmP//AJj//wCY//8AmP8AAJj/AACY/wAAmP8AAJj/AACY/wAAmP8AAJj/AACY/wAAmP8AAJj/AACY/wAAmP8AAJj/AACY/wAAmP8AAJj/AACY/wAAmP8AAJj/AACY/wAAmP8AAJj/AACY/wAAmP8A////AP///wD///8A////AACY//8AmP//AJj//wCY/wAAmP8AAJj/AACY/wAAmP8AAJj/AACY/wAAmP8AAJj/AACY/wAAmP8AAJj/AACY/wAAmP8AAJj/AACY/wAAmP8AAJj/AACY/wAAmP8AAJj/AACY/wAAmP8AAJj/AACY/wD///8A////AP///wD///8AAJj//wCY//8AmP//AJj/AACY/wAAmP8AAJj/AACY/wAAmP8AAJj/AACY/wAAmP8AAJj/AACY/wAAmP8AAJj/AACY/wAAmP8AAJj/AACY/wAAmP8AAJj/AACY/wAAmP8AAJj/AACY/wAAmP8AAJj/AP///wD///8A////AP///wAAmP//AJj//wCY//8AmP8AAJj/AACY/wAAmP8AAJj/AACY/wAAmP8AAJj/AACY/wAAmP8AAJj/AACY/wAAmP8AAJj/AACY/wAAmP8AAJj/AACY/wAAmP8AAJj/AACY/wAAmP8AAJj/AACY/wAAmP8A////AP///wD///8A////AACY//8AmP//AJj//wCY/wAAmP8AAJj/AACY/wAAmP8AAJj/AACY/wAAmP8AAJj/AACY/wAAmP8AAJj/AACY/wAAmP8AAJj/AACY/wAAmP8AAJj/AACY/wAAmP8AAJj/AACY/wAAmP8AAJj/AACY/wD///8A////AP///wD///8AAJj//wCY//8AmP//AJj/AACY/wAAmP8AAJj/AACY/wAAmP8AAJj/AACY/wAAmP8AAJj//wCY//8AmP//AJj//wCY//8AmP//AJj//wCY//8AmP//AJj//wCY//8AmP//AJj//wCY//8AmP//AJj//////wD///8A////AP///wAAmP//AJj//wCY//8AmP8AAJj/AACY/wAAmP8AAJj/AACY/wAAmP8AAJj/AACY/wAAmP//AJj//wCY//8AmP//AJj//wCY//8AmP//AJj//wCY//8AmP//AJj//wCY//8AmP//AJj//wCY//8AmP//////AP///wD///8A////AACY//8AmP//AJj//wCY/wAAmP8AAJj/AACY/wAAmP8AAJj/AACY/wAAmP8AAJj/AACY//8AmP//AJj//wCY//8AmP//AJj//wCY//8AmP//AJj//wCY//8AmP//AJj//wCY//8AmP//AJj//wCY//////8A////AP///wD///8AAJj//wCY//8AmP//AJj/AACY/wAAmP8AAJj/AACY/wAAmP8AAJj/AACY/wAAmP8AAJj//wCY//8AmP//AJj//wCY//8AmP//AJj//wCY//8AmP//AJj//wCY//8AmP//AJj//wCY//8AmP//AJj//////wD///8A////AP///wAAmP//AJj//wCY//8AmP8AAJj//wCY//8AmP//AJj//wCY//8AmP//AJj//wCY/xoAmP//AJj//wCY//8AmP//AJj//wCY//8AmP//AJj//wCY//8AmP//AJj//wCY//8AmP//AJj//wCY//8AmP//////AP///wD///8A////AACY//8AmP//AJj//wCY/wAAmP//AJj//wCY//8AmP//AJj//wCY//8AmP//AJj/GgCY//8AmP//AJj//wCY//8AmP//AJj//wCY//8AmP//AJj//wCY//8AmP//AJj//wCY//8AmP//AJj//wCY//////8A////AP///wD///8AAJj//wCY//8AmP//AJj/AACY//8AmP//AJj//wCY//8AmP//AJj//wCY//8AmP8aAJj//wCY//8AmP//AJj//wCY//8AmP//AJj//wCY//8AmP//AJj//wCY//8AmP//AJj//wCY//8AmP//AJj//////wD///8A////AP///wAAmP//AJj//wCY//8AmP8AAJj//wCY//8AmP//AJj//wCY//8AmP//AJj//wCY/xoAmP//AJj//wCY//8AmP//AJj//wCY//8AmP//AJj//wCY//8AmP//AJj//wCY//8AmP//AJj//wCY//8AmP//////AP///wD///8A////AACY//8AmP//AJj//wCY/wAAmP//AJj//wCY//8AmP//AJj//wCY//8AmP//AJj/GgCY//8AmP//AJj//wCY//8AmP//AJj//wCY//8AmP//AJj//wCY//8AmP//AJj//wCY//8AmP//AJj//wCY//////8A////AP///wD///8AAJj//wCY//8AmP//AJj/AACY//8AmP//AJj//wCY//8AmP//AJj//wCY//8AmP8aAJj//wCY//8AmP//AJj//wCY//8AmP//AJj//wCY//8AmP//AJj//wCY//8AmP//AJj//wCY//8AmP//AJj//////wD///8A////AP///wAAmP//AJj//wCY//8AmP8AAJj//wCY//8AmP//AJj//wCY//8AmP//AJj//wCY/xoAmP//AJj//wCY//8AmP//AJj//wCY//8AmP//AJj//wCY//8AmP//AJj//wCY//8AmP//AJj//wCY//8AmP//////AP///wD///8A////AACY//8AmP//AJj//wCY/wAAmP//AJj//wCY//8AmP//AJj//wCY//8AmP//AJj/GgCY//8AmP//AJj//wCY//8AmP//AJj//wCY//8AmP//AJj//wCY//8AmP//AJj//wCY//8AmP//AJj//wCY//////8A////AP///wD///8AAJj//wCY//8AmP//AJj/AACY//8AmP//AJj//wCY//8AmP//AJj//wCY//8AmP8aAJj//wCY//8AmP//AJj//wCY//8AmP//AJj//wCY//8AmP//AJj//wCY//8AmP//AJj//wCY//8AmP//AJj//////wD///8A////AP///wAAmP//AJj//wCY//8AmP8AAJj//wCY//8AmP//AJj//wCY//8AmP//AJj//wCY/xoAmP//AJj//wCY//8AmP//AJj//wCY//8AmP//AJj//wCY//8AmP//AJj//wCY//8AmP//AJj//wCY//8AmP//////AP///wD///8A////AACY//8AmP//AJj//wCY/wAAmP//AJj//wCY//8AmP//AJj//wCY//8AmP//AJj/GgCY/xoAmP8aAJj/GgCY/xoAmP8aAJj/GgCY/xoAmP8aAJj/AACY/wAAmP8AAJj/AACY/wAAmP8AAJj/AACY/wD///8A////AP///wD///8AAJj//wCY//8AmP//AJj/AACY//8AmP//AJj//wCY//8AmP//AJj//wCY//8AmP//AJj//wCY//8AmP//AJj//wCY//8AmP//AJj//wCY//8AmP8AAJj/AACY/wAAmP8AAJj/AACY/wAAmP8AAJj/AP///wD///8A////AP///wAAmP//AJj//wCY//8AmP8AAJj//wCY//8AmP//AJj//wCY//8AmP//AJj//wCY//8AmP//AJj//wCY//8AmP//AJj//wCY//8AmP//AJj//wCY/wAAmP8AAJj/AACY/wAAmP8AAJj/AACY/wAAmP8A////AP///wD///8A////AACY//8AmP//AJj//wCY/wAAmP//AJj//wCY//8AmP//AJj//wCY//8AmP//AJj//wCY//8AmP//AJj//wCY//8AmP//AJj//wCY//8AmP//AJj/AACY/wAAmP8AAJj/AACY/wAAmP8AAJj/AACY/wD///8A////AP///wD///8A////AP///wD///8A////AP///wD///8A////AP///wD///8A////AP///wD///8A////AP///wD///8A////AP///wD///8A////AP///wD///8A////AP///wD///8A////AP///wD///8A////AP///wD///8A////AP///wD///8A////AP///wD///8A////AP///wD///8A////AP///wD///8A////AP///wD///8A////AP///wD///8A////AP///wD///8A////AP///wD///8A////AP///wD///8A////AP///wD///8A////AP///wD//////////8f////H////x////8f////H////x////8f////H////x////8f////H/AADx/wAA8f8AAPH/AADxAAAA8QAAAPEAAADxAAAA8QAAAPEAAADxAAAA8QAAAPEAAADxAAAA8QAA//EAAP/xAAD/8QAA////////////ygAAAAwAAAAYAAAAAEAIAAAAAAAAAAAAAAAAAAAAAAAAAAAAAAAAAD///8A////AP///wD///8A////AP///wD///8A////AP///wD///8A////AP///wD///8A////AP///wD///8A////AP///wD///8A////AP///wD///8A////AP///wD///8A////AP///wD///8A////AP///wD///8A////AP///wD///8A////AP///wD///8A////AP///wD///8A////AP///wD///8A////AP///wD///8A////AP///wD///8A////AP///wD///8A////AP///wD///8A////AP///wD///8A////AP///wD///8A////AP///wD///8A////AP///wD///8A////AP///wD///8A////AP///wD///8A////AP///wD///8A////AP///wD///8A////AP///wD///8A////AP///wD///8A////AP///wD///8A////AP///wD///8A////AP///wD///8A////AP///wD///8A////AP///wD///8A////AP///wD///8A////AP///wD///8A////AP///wD///8A////AP///wD///8A////AP///wD///8A////AP///wD///8A////AP///wD///8A////AP///wD///8A////AP///wD///8A////AP///wD///8A////AP///wD///8A////AP///wD///8A////AP///wD///8A////AP///wD///8A////AP///wD///8A////AP///wD///8A////AP///wD///8A////AP///wD///8A////AP///wD///8A////AP///wD///8A////AP///wD///8A////AP///wD///8A////AP///wD///8A////AP///wD///8A////AP///wD///8A////AP///wD///8A////AP///wD///8A////AP///wD///8A////AP///wD///8A////AP///wD///8A////AP///wD///8A////AP///wD///8A////AACY//8AmP//AJj//////wD///8A////AP///wD///8A////AP///wD///8AAJj/AACY/wAAmP8AAJj/AACY/wAAmP8AAJj/AACY/wAAmP8AAJj/AACY/wAAmP8AAJj/AACY/wAAmP8AAJj/AP///wD///8A////AP///wD///8A////AP///wD///8A////AP///wD///8A////AP///wD///8A////AP///wD///8A////AP///wD///8A////AACY//8AmP//AJj//////wD///8A////AP///wD///8A////AP///wD///8AAJj/AACY/wAAmP8AAJj/AACY/wAAmP8AAJj/AACY/wAAmP8AAJj/AACY/wAAmP8AAJj/AACY/wAAmP8AAJj/AP///wD///8A////AP///wD///8A////AP///wD///8A////AP///wD///8A////AP///wD///8A////AP///wD///8A////AP///wD///8A////AACY//8AmP//AJj//////wD///8A////AP///wD///8A////AP///wD///8AAJj/AACY/wAAmP8AAJj/AACY/wAAmP8AAJj/AACY/wAAmP8AAJj/AACY/wAAmP8AAJj/AACY/wAAmP8AAJj/AP///wD///8A////AP///wD///8A////AP///wD///8A////AP///wD///8A////AP///wD///8A////AP///wD///8A////AP///wD///8A////AACY//8AmP//AJj//////wD///8A////AP///wD///8A////AP///wD///8AAJj/AACY/wAAmP8AAJj/AACY/wAAmP8AAJj/AACY/wAAmP8AAJj/AACY/wAAmP8AAJj/AACY/wAAmP8AAJj/AP///wD///8A////AP///wD///8A////AP///wD///8A////AP///wD///8A////AP///wD///8A////AP///wD///8A////AP///wD///8A////AACY//8AmP//AJj//////wD///8A////AP///wD///8A////AP///wD///8AAJj/AACY/wAAmP8AAJj/AACY/wAAmP8AAJj/AACY/wAAmP8AAJj/AACY/wAAmP8AAJj/AACY/wAAmP8AAJj/AP///wD///8A////AP///wD///8A////AP///wD///8A////AP///wD///8A////AP///wD///8A////AP///wD///8A////AP///wD///8A////AACY//8AmP//AJj//////wD///8A////AP///wD///8A////AP///wD///8AAJj/AACY/wAAmP8AAJj/AACY/wAAmP8AAJj/AACY/wAAmP8AAJj/AACY/wAAmP8AAJj/AACY/wAAmP8AAJj/AP///wD///8A////AP///wD///8A////AP///wD///8A////AP///wD///8A////AP///wD///8A////AP///wD///8A////AP///wD///8A////AACY//8AmP//AJj//////wD///8A////AP///wD///8A////AP///wD///8AAJj/AACY/wAAmP8AAJj/AACY/wAAmP8AAJj/AACY/wAAmP8AAJj/AACY/wAAmP8AAJj/AACY/wAAmP8AAJj/AP///wD///8A////AP///wD///8A////AP///wD///8A////AP///wD///8A////AP///wD///8A////AP///wD///8A////AP///wD///8A////AACY//8AmP//AJj//////wD///8A////AP///wD///8A////AP///wD///8AAJj/AACY/wAAmP8AAJj/AACY/wAAmP8AAJj/AACY/wAAmP8AAJj/AACY/wAAmP8AAJj/AACY/wAAmP8AAJj/AP///wD///8A////AP///wD///8A////AP///wD///8A////AP///wD///8A////AP///wD///8A////AP///wD///8A////AP///wD///8A////AACY//8AmP//AJj//////wD///8A////AP///wD///8A////AP///wD///8AAJj/AACY/wAAmP8AAJj/AACY/wAAmP8AAJj/AACY/wAAmP8AAJj/AACY/wAAmP8AAJj/AACY/wAAmP8AAJj/AP///wD///8A////AP///wD///8A////AP///wD///8A////AP///wD///8A////AP///wD///8A////AP///wD///8A////AP///wD///8A////AACY//8AmP//AJj//////wD///8A////AP///wD///8A////AP///wD///8AAJj/AACY/wAAmP8AAJj/AACY/wAAmP8AAJj/AACY/wAAmP8AAJj/AACY/wAAmP8AAJj/AACY/wAAmP8AAJj/AP///wD///8A////AP///wD///8A////AP///wD///8A////AP///wD///8A////AP///wD///8A////AP///wD///8A////AP///wD///8A////AACY//8AmP//AJj//////wD///8A////AP///wD///8A////AP///wD///8AAJj/AACY/wAAmP8AAJj/AACY/wAAmP8AAJj/AACY/wAAmP8AAJj/AACY/wAAmP8AAJj/AACY/wAAmP8AAJj/AP///wD///8A////AP///wD///8A////AP///wD///8A////AP///wD///8A////AP///wD///8A////AP///wD///8A////AP///wD///8A////AACY//8AmP//AJj//////wD///8A////AP///wD///8A////AP///wD///8AAJj/AACY/wAAmP8AAJj/AACY/wAAmP8AAJj/AACY/wAAmP8AAJj/AACY/wAAmP8AAJj/AACY/wAAmP8AAJj/AP///wD///8A////AP///wD///8A////AP///wD///8A////AP///wD///8A////AP///wD///8A////AP///wD///8A////AP///wD///8A////AACY//8AmP//AJj//////wD///8A////AP///wD///8A////AP///wD///8AAJj/AACY/wAAmP8AAJj/AACY/wAAmP8AAJj/AACY/wAAmP8AAJj/AACY/wAAmP8AAJj/AACY/wAAmP8AAJj/AP///wD///8A////AP///wD///8A////AP///wD///8A////AP///wD///8A////AP///wD///8A////AP///wD///8A////AP///wD///8A////AACY//8AmP//AJj//////wD///8A////AP///wD///8A////AP///wD///8AAJj/AACY/wAAmP8AAJj/AACY/wAAmP8AAJj/AACY/wAAmP8AAJj/AACY/wAAmP8AAJj/AACY/wAAmP8AAJj/AP///wD///8A////AP///wD///8A////AP///wD///8A////AP///wD///8A////AP///wD///8A////AP///wD///8A////AP///wD///8A////AACY//8AmP//AJj//////wD///8A////AP///wD///8A////AP///wD///8AAJj/AACY/wAAmP8AAJj/AACY/wAAmP8AAJj//wCY//8AmP//AJj//wCY//8AmP//AJj//wCY//8AmP//AJj//wCY//8AmP//AJj//wCY//8AmP//AJj//wCY//8AmP//AJj//wCY//8AmP//AJj//////wD///8A////AP///wD///8A////AP///wD///8A////AACY//8AmP//AJj//////wD///8A////AP///wD///8A////AP///wD///8AAJj/AACY/wAAmP8AAJj/AACY/wAAmP8AAJj//wCY//8AmP//AJj//wCY//8AmP//AJj//wCY//8AmP//AJj//wCY//8AmP//AJj//wCY//8AmP//AJj//wCY//8AmP//AJj//wCY//8AmP//AJj//////wD///8A////AP///wD///8A////AP///wD///8A////AACY//8AmP//AJj//////wD///8A////AP///wD///8A////AP///wD///8AAJj/AACY/wAAmP8AAJj/AACY/wAAmP8AAJj//wCY//8AmP//AJj//wCY//8AmP//AJj//wCY//8AmP//AJj//wCY//8AmP//AJj//wCY//8AmP//AJj//wCY//8AmP//AJj//wCY//8AmP//AJj//////wD///8A////AP///wD///8A////AP///wD///8A////AACY//8AmP//AJj//////wD///8A////AP///wD///8A////AP///wD///8AAJj/AACY/wAAmP8AAJj/AACY/wAAmP8AAJj//wCY//8AmP//AJj//wCY//8AmP//AJj//wCY//8AmP//AJj//wCY//8AmP//AJj//wCY//8AmP//AJj//wCY//8AmP//AJj//wCY//8AmP//AJj//////wD///8A////AP///wD///8A////AP///wD///8A////AACY//8AmP//AJj//////wD///8A////AP///wD///8A////AP///wD///8AAJj/AACY/wAAmP8AAJj/AACY/wAAmP8AAJj//wCY//8AmP//AJj//wCY//8AmP//AJj//wCY//8AmP//AJj//wCY//8AmP//AJj//wCY//8AmP//AJj//wCY//8AmP//AJj//wCY//8AmP//AJj//////wD///8A////AP///wD///8A////AP///wD///8A////AACY//8AmP//AJj//////wD///8A////AP///wD///8A////AP///wD///8AAJj/AACY/wAAmP8AAJj/AACY/wAAmP8AAJj//wCY//8AmP//AJj//wCY//8AmP//AJj//wCY//8AmP//AJj//wCY//8AmP//AJj//wCY//8AmP//AJj//wCY//8AmP//AJj//wCY//8AmP//AJj//////wD///8A////AP///wD///8A////AP///wD///8A////AACY//8AmP//AJj//////wD///8AAJj//wCY//8AmP//AJj//wCY//8AmP//AJj//wCY//8AmP//AJj//wCY/wAAmP8AAJj//wCY//8AmP//AJj//wCY//8AmP//AJj//wCY//8AmP//AJj//wCY//8AmP//AJj//wCY//8AmP//AJj//wCY//8AmP//AJj//wCY//8AmP//AJj//////wD///8A////AP///wD///8A////AP///wD///8A////AACY//8AmP//AJj//////wD///8AAJj//wCY//8AmP//AJj//wCY//8AmP//AJj//wCY//8AmP//AJj//wCY/wAAmP8AAJj//wCY//8AmP//AJj//wCY//8AmP//AJj//wCY//8AmP//AJj//wCY//8AmP//AJj//wCY//8AmP//AJj//wCY//8AmP//AJj//wCY//8AmP//AJj//////wD///8A////AP///wD///8A////AP///wD///8A////AACY//8AmP//AJj//////wD///8AAJj//wCY//8AmP//AJj//wCY//8AmP//AJj//wCY//8AmP//AJj//wCY/wAAmP8AAJj//wCY//8AmP//AJj//wCY//8AmP//AJj//wCY//8AmP//AJj//wCY//8AmP//AJj//wCY//8AmP//AJj//wCY//8AmP//AJj//wCY//8AmP//AJj//////wD///8A////AP///wD///8A////AP///wD///8A////AACY//8AmP//AJj//////wD///8AAJj//wCY//8AmP//AJj//wCY//8AmP//AJj//wCY//8AmP//AJj//wCY/wAAmP8AAJj//wCY//8AmP//AJj//wCY//8AmP//AJj//wCY//8AmP//AJj//wCY//8AmP//AJj//wCY//8AmP//AJj//wCY//8AmP//AJj//wCY//8AmP//AJj//////wD///8A////AP///wD///8A////AP///wD///8A////AACY//8AmP//AJj//////wD///8AAJj//wCY//8AmP//AJj//wCY//8AmP//AJj//wCY//8AmP//AJj//wCY/wAAmP8AAJj//wCY//8AmP//AJj//wCY//8AmP//AJj//wCY//8AmP//AJj//wCY//8AmP//AJj//wCY//8AmP//AJj//wCY//8AmP//AJj//wCY//8AmP//AJj//////wD///8A////AP///wD///8A////AP///wD///8A////AACY//8AmP//AJj//////wD///8AAJj//wCY//8AmP//AJj//wCY//8AmP//AJj//wCY//8AmP//AJj//wCY/wAAmP8AAJj//wCY//8AmP//AJj//wCY//8AmP//AJj//wCY//8AmP//AJj//wCY//8AmP//AJj//wCY//8AmP//AJj//wCY//8AmP//AJj//wCY//8AmP//AJj//////wD///8A////AP///wD///8A////AP///wD///8A////AACY//8AmP//AJj//////wD///8AAJj//wCY//8AmP//AJj//wCY//8AmP//AJj//wCY//8AmP//AJj//wCY/wAAmP8AAJj//wCY//8AmP//AJj//wCY//8AmP//AJj//wCY//8AmP//AJj//wCY//8AmP//AJj//wCY//8AmP//AJj//wCY//8AmP//AJj//wCY//8AmP//AJj//////wD///8A////AP///wD///8A////AP///wD///8A////AACY//8AmP//AJj//////wD///8AAJj//wCY//8AmP//AJj//wCY//8AmP//AJj//wCY//8AmP//AJj//wCY/wAAmP8AAJj//wCY//8AmP//AJj//wCY//8AmP//AJj//wCY//8AmP//AJj//wCY//8AmP//AJj//wCY//8AmP//AJj//wCY//8AmP//AJj//wCY//8AmP//AJj//////wD///8A////AP///wD///8A////AP///wD///8A////AACY//8AmP//AJj//////wD///8AAJj//wCY//8AmP//AJj//wCY//8AmP//AJj//wCY//8AmP//AJj//wCY/wAAmP8AAJj//wCY//8AmP//AJj//wCY//8AmP//AJj//wCY//8AmP//AJj//wCY//8AmP//AJj//wCY//8AmP//AJj//wCY//8AmP//AJj//wCY//8AmP//AJj//////wD///8A////AP///wD///8A////AP///wD///8A////AACY//8AmP//AJj//////wD///8AAJj//wCY//8AmP//AJj//wCY//8AmP//AJj//wCY//8AmP//AJj//wCY/wAAmP8AAJj//wCY//8AmP//AJj//wCY//8AmP//AJj//wCY//8AmP//AJj//wCY//8AmP//AJj//wCY//8AmP//AJj//wCY//8AmP//AJj//wCY//8AmP//AJj//////wD///8A////AP///wD///8A////AP///wD///8A////AACY//8AmP//AJj//////wD///8AAJj//wCY//8AmP//AJj//wCY//8AmP//AJj//wCY//8AmP//AJj//wCY/wAAmP8AAJj//wCY//8AmP//AJj//wCY//8AmP//AJj//wCY//8AmP//AJj//wCY//8AmP//AJj//wCY//8AmP//AJj//wCY//8AmP//AJj//wCY//8AmP//AJj//////wD///8A////AP///wD///8A////AP///wD///8A////AACY//8AmP//AJj//////wD///8AAJj//wCY//8AmP//AJj//wCY//8AmP//AJj//wCY//8AmP//AJj//wCY/wAAmP8AAJj//wCY//8AmP//AJj//wCY//8AmP//AJj//wCY//8AmP//AJj//wCY//8AmP//AJj//wCY//8AmP//AJj//wCY//8AmP//AJj//wCY//8AmP//AJj//////wD///8A////AP///wD///8A////AP///wD///8A////AACY//8AmP//AJj//////wD///8AAJj//wCY//8AmP//AJj//wCY//8AmP//AJj//wCY//8AmP//AJj//wCY/wAAmP8AAJj//wCY//8AmP//AJj//wCY//8AmP//AJj//wCY//8AmP//AJj//wCY//8AmP//AJj//wCY//8AmP//AJj//wCY//8AmP//AJj//wCY//8AmP//AJj//////wD///8A////AP///wD///8A////AP///wD///8A////AACY//8AmP//AJj//////wD///8AAJj//wCY//8AmP//AJj//wCY//8AmP//AJj//wCY//8AmP//AJj//wCY/wAAmP8AAJj//wCY//8AmP//AJj//wCY//8AmP//AJj//wCY//8AmP//AJj//wCY//8AmP//AJj//wCY//8AmP//AJj//wCY//8AmP//AJj//wCY//8AmP//AJj//////wD///8A////AP///wD///8A////AP///wD///8A////AACY//8AmP//AJj//////wD///8AAJj//wCY//8AmP//AJj//wCY//8AmP//AJj//wCY//8AmP//AJj//wCY/wAAmP8AAJj/MgCY/5gAmP/yAJj//wCY//8AmP//AJj//wCY//8AmP//AJj//////wD///8A////AP///wD///8A////AP///wD///8A////AP///wD///8A////AP///wD///8A////AP///wD///8A////AP///wD///8A////AACY//8AmP//AJj//////wD///8AAJj//wCY//8AmP//AJj//wCY//8AmP//AJj//wCY//8AmP//AJj//wCY/8AAmP9AAJj/AACY/wAAmP8MAJj/ZQCY/8sAmP//AJj//wCY//8AmP//AJj//////wD///8A////AP///wD///8A////AP///wD///8A////AP///wD///8A////AP///wD///8A////AP///wD///8A////AP///wD///8A////AACY//8AmP//AJj//////wD///8AAJj//wCY//8AmP//AJj//wCY//8AmP//AJj//wCY//8AmP//AJj//wCY//8AmP//AJj/zQCY/2cAmP8NAJj/AACY/wAAmP8yAJj/mACY//IAmP//AJj//////wD///8A////AP///wD///8A////AP///wD///8A////AP///wD///8A////AP///wD///8A////AP///wD///8A////AP///wD///8A////AACY//8AmP//AJj//////wD///8AAJj//wCY//8AmP//AJj//wCY//8AmP//AJj//wCY//8AmP//AJj//wCY//8AmP//AJj//wCY//8AmP/zAJj/mgCY/zQAmP8AAJj/AACY/wwAmP9lAJj/y////wD///8A////AP///wD///8A////AP///wD///8A////AP///wD///8A////AP///wD///8A////AP///wD///8A////AP///wD///8A////AACY//8AmP//AJj//////wD///8AAJj//wCY//8AmP//AJj//wCY//8AmP//AJj//wCY//8AmP//AJj//wCY//8AmP//AJj//wCY//8AmP//AJj//wCY//8AmP/NAJj/ZwCY/w0AmP8AAJj/AP///wD///8A////AP///wD///8A////AP///wD///8A////AP///wD///8A////AP///wD///8A////AP///wD///8A////AP///wD///8A////AACY//8AmP//AJj//////wD///8AAJj//wCY//8AmP//AJj//wCY//8AmP//AJj//wCY//8AmP//AJj//wCY//8AmP//AJj//wCY//8AmP//AJj//wCY//8AmP//AJj//wCY//MAmP8AAJj/AP///wD///8A////AP///wD///8A////AP///wD///8A////AP///wD///8A////AP///wD///8A////AP///wD///8A////AP///wD///8A////AP///wD///8A////AP///wD///8A////AP///wD///8A////AP///wD///8A////AP///wD///8A////AP///wD///8A////AP///wD///8A////AP///wD///8A////AP///wD///8A////AP///wD///8A////AP///wD///8A////AP///wD///8A////AP///wD///8A////AP///wD///8A////AP///wD///8A////AP///wD///8A////AP///wD///8A////AP///wD///8A////AP///wD///8A////AP///wD///8A////AP///wD///8A////AP///wD///8A////AP///wD///8A////AP///wD///8A////AP///wD///8A////AP///wD///8A////AP///wD///8A////AP///wD///8A////AP///wD///8A////AP///wD///8A////AP///wD///8A////AP///wD///8A////AP///wD///8A////AP///wD///8A////AP///wD///8A////AP///wD///8A////AP///wD///8A////AP///wD///8A////AP///wD///8A////AP///wD///8A////AP///wD///8A////AP///wD///8A////AP///wD///8A////AP///wD///8A////AP///wD///8A////AP///wD///8A////AP///wD///8A////AP///wD///8A////AP///wD///8A////AP///wD///8A////AP///wD///8A////AP///wD///8A////AP///wD///8A////AP///wD///8A////AP///wD///8A////AP///wD///8A////AP///wD///8A////AP///wD///8A////AP///wD///8A////AP///wD///8A////AP///wD///8A////AP///wD///8A////AP///wD///////8AAP///////wAA////////AAD///////8AAPj//////wAA+P//////AAD4//////8AAPj//////wAA+P//////AAD4//////8AAPj//////wAA+P//////AAD4//////8AAPj//////wAA+P//////AAD4//////8AAPj//////wAA+P//////AAD4//wAAA8AAPj//AAADwAA+P/8AAAPAAD4//wAAA8AAPj//AAADwAA+P/8AAAPAAD4wAwAAA8AAPjADAAADwAA+MAMAAAPAAD4wAwAAA8AAPjADAAADwAA+MAMAAAPAAD4wAwAAA8AAPjADAAADwAA+MAMAAAPAAD4wAwAAA8AAPjADAAADwAA+MAMAAAPAAD4wAwAAA8AAPjADAAADwAA+MAMAP//AAD4wAMA//8AAPjAAGD//wAA+MAAGP//AAD4wAAD//8AAPjAAAP//wAA////////AAD///////8AAP///////wAA////////AAAoAAAAQAAAAIAAAAABACAAAAAAAAAAAAAAAAAAAAAAAAAAAAAAAAAA////AP///wD///8A////AP///wBzuf8Ac7n/AHO5/wBzuf8A////AP///wD///8A////AP///wD///8A////AP///wD///8A////AP///wD///8A////AP///wD///8A////AP///wD///8A////AP///wD///8A////AP///wD///8A////AP///wD///8A////AP///wD///8A////AP///wD///8A////AP///wD///8A////AP///wD///8A////AP///wD///8A////AP///wD///8A////AP///wD///8A////AP///wD///8A////AP///wD///8A////AP///wD///8A////AP///wD///8Ac7n/AHO5/wBzuf/hc7n/AP///wD///8A////AP///wD///8A////AP///wD///8A////AP///wD///8A////AP///wD///8A////AP///wD///8A////AP///wD///8A////AP///wD///8A////AP///wD///8A////AP///wD///8A////AP///wD///8A////AP///wD///8A////AP///wD///8A////AP///wD///8A////AP///wD///8A////AP///wD///8A////AP///wD///8A////AP///wD///8A////AP///wD///8A////AP///wD///8A////AHO5/wBzuf8Ac7n//3O5/wD///8A////AP///wD///8A////AP///wD///8A////AP///wD///8A////AP///wD///8A////AP///wD///8A////AP///wD///8A////AP///wD///8A////AP///wD///8A////AP///wD///8A////AP///wD///8A////AP///wD///8A////AP///wD///8A////AP///wD///8A////AP///wD///8A////AP///wD///8A////AP///wD///8A////AP///wD///8A////AP///wD///8A////AP///wD///8A////AP///wBzuf8Ac7n/AHO5//9zuf8A////AP///wD///8A////AP///wD///8A////AP///wD///8A////AP///wD///8A////AP///wD///8A////AP///wD///8A////AP///wD///8A////AP///wD///8A////AP///wD///8A////AP///wD///8A////AP///wD///8A////AP///wD///8A////AP///wD///8A////AP///wD///8A////AP///wD///8A////AP///wD///8A////AP///wD///8A////AP///wD///8A////AP///wD///8A////AP///wD///8Ac7n/AHO5/wBzuf//c7n/AP///wD///8A////AP///wD///8A////AP///wD///8A////AP///wD///8A////AP///wD///8A////AP///wD///8A////AP///wD///8A////AP///wD///8A////AP///wD///8A////AP///wD///8A////AP///wD///8A////AP///wD///8A////AP///wD///8A////AP///wD///8A////AP///wD///8A////AP///wD///8A////AP///wD///8A////AP///wD///8A////AP///wD///8A////AP///wD///8A////AHO5/wBzuf8Ac7n//3O5/wD///8A////AP///wD///8A////AP///wD///8A////AP///wD///8A////AP///wD///8A////AP///wD///8A////AP///wD///8A////AP///wD///8A////AP///wD///8A////AP///wD///8A////AP///wD///8A////AP///wD///8A////AP///wD///8A////AP///wD///8A////AP///wD///8A////AP///wD///8A////AP///wD///8A////AP///wD///8A////AP///wD///8A////AP///wD///8A////AP///wBzuf8Ac7n/AHO5//9zuf8A////AP///wD///8A////AP///wD///8A////AP///wD///8A////AP///wD///8A////AP///wD///8A////AP///wD///8A////AP///wD///8A////AP///wD///8A////AP///wD///8A////AP///wD///8A////AP///wD///8A////AP///wD///8A////AP///wD///8A////AP///wD///8A////AP///wD///8A////AP///wD///8A////AP///wD///8A////AP///wD///8A////AP///wD///8A////AP///wD///8Ac7n/AHO5/wBzuf//c7n/AP///wD///8A////AP///wD///8A////AP///wD///8A////AP///wD///8A////AP///wD///8A////AP///wD///8A////AP///wD///8A////AP///wD///8A////AP///wD///8A////AP///wD///8A////AP///wD///8A////AP///wD///8A////AP///wD///8A////AP///wD///8A////AP///wD///8A////AP///wD///8A////AP///wD///8A////AP///wD///8A////AP///wD///8A////AP///wD///8A////AHO5/wBzuf8Ac7n//3O5/wD///8A////AP///wD///8A////AP///wD///8A////AP///wD///8A////AP///wD///8A////AP///wD///8A////AP///wD///8A////AP///wD///8A////AP///wD///8A////AP///wD///8A////AP///wD///8A////AP///wD///8A////AP///wD///8A////AP///wD///8A////AP///wD///8A////AP///wD///8A////AP///wD///8A////AP///wD///8A////AP///wD///8A////AP///wD///8A////AP///wBzuf8Ac7n/AHO5//9zuf8A////AP///wD///8A////AP///wD///8A////AP///wD///8A////AP///wD///8A////AP///wD///8A////AP///wD///8A////AP///wD///8A////AP///wD///8A////AP///wD///8A////AP///wD///8A////AP///wD///8A////AP///wD///8A////AP///wD///8A////AP///wD///8A////AP///wD///8A////AP///wD///8A////AP///wD///8A////AP///wD///8A////AP///wD///8A////AP///wD///8Ac7n/AHO5/wBzuf//c7n/AP///wD///8A////AP///wD///8A////AP///wD///8A////AP///wD///8A////AP///wD///8A////AP///wD///8A////AP///wD///8A////AP///wD///8A////AP///wD///8A////AP///wD///8A////AP///wD///8A////AP///wD///8A////AP///wD///8A////AP///wD///8A////AP///wD///8A////AP///wD///8A////AP///wD///8A////AP///wD///8A////AP///wD///8A////AP///wD///8A////AHO5/wBzuf8Ac7n//3O5/wD///8A////AP///wD///8A////AP///wD///8A////AP///wD///8A////AP///wD///8A////AP///wD///8A////AP///wD///8A////AP///wD///8A////AP///wD///8A////AP///wD///8A////AP///wD///8A////AP///wD///8A////AP///wD///8A////AP///wD///8A////AP///wD///8A////AP///wD///8A////AP///wD///8A////AP///wD///8A////AP///wD///8A////AP///wD///8A////AP///wBzuf8Ac7n/AHO5//9zuf8A////AP///wD///8A////AP///wD///8A////AP///wD///8A////AP///wD///8A////AP///wD///8A////AP///wD///8A////AP///wD///8A////AP///wD///8A////AP///wD///8A////AP///wD///8A////AP///wD///8A////AP///wD///8A////AP///wD///8A////AP///wD///8A////AP///wD///8A////AP///wD///8A////AP///wD///8A////AP///wD///8A////AP///wD///8A////AP///wD///8Ac7n/AHO5/wBzuf//c7n/AP///wD///8A////AP///wD///8A////AP///wD///8A////AP///wD///8A////AP///wD///8A////AP///wD///8A////AP///wD///8A////AP///wD///8A////AP///wD///8A////AP///wD///8A////AP///wD///8A////AP///wD///8A////AP///wD///8A////AP///wD///8A////AP///wD///8A////AP///wD///8A////AP///wD///8A////AP///wD///8A////AP///wD///8A////AP///wD///8A////AHO5/wBzuf8Ac7n//3O5/wD///8A////AP///wD///8A////AP///wD///8A////AP///wD///8A////AP///wD///8A////AP///wD///8A////AP///wD///8A////AP///wD///8A////AP///wD///8A////AP///wD///8A////AP///wD///8A////AP///wD///8A////AP///wD///8A////AP///wD///8A////AP///wD///8A////AP///wD///8A////AP///wD///8A////AP///wD///8A////AP///wD///8A////AP///wD///8A////AP///wBzuf8Ac7n/AHO5//9zuf8A////AP///wD///8A////AP///wD///8A////AP///wD///8A////AP///wD///8A////AP///wD///8A////AP///wD///8A////AP///wD///8A////AP///wD///8A////AP///wD///8A////AP///wD///8A////AP///wD///8A////AP///wD///8A////AP///wD///8A////AP///wD///8A////AP///wD///8A////AP///wD///8A////AP///wD///8A////AP///wD///8A////AP///wD///8A////AP///wD///8Ac7n/AHO5/wBzuf//c7n/AP///wD///8A////AP///wD///8A////AP///wD///8A////AP///wD///8A////AP///wD///8A////AP///wD///8A////AP///wD///8A////AP///wD///8A////AP///wD///8A////AP///wD///8A////AP///wD///8A////AP///wD///8A////AP///wD///8A////AP///wD///8A////AP///wD///8A////AP///wD///8A////AP///wD///8A////AP///wD///8A////AP///wD///8A////AP///wD///8A////AHO5/wBzuf8Ac7n//3O5/wD///8A////AP///wD///8A////AP///wD///8A////AP///wD///8A////AP///wD///8A////AP///wD///8A////AP///wD///8A////AP///wD///8A////AP///wD///8A////AP///wD///8A////AP///wD///8A////AP///wD///8A////AP///wD///8A////AP///wD///8A////AP///wD///8A////AP///wD///8A////AP///wD///8A////AP///wD///8A////AP///wD///8A////AP///wD///8A////AP///wBzuf8Ac7n/AHO5//9zuf8A////AP///wD///8A////AP///wD///8A////AP///wD///8A////AP///wD///8A////AP///wD///8A////AP///wD///8A////AP///wD///8A////AP///wD///8A////AP///wD///8A////AP///wD///8A////AP///wD///8A////AP///wD///8A////AP///wD///8A////AP///wD///8A////AP///wD///8A////AP///wD///8A////AP///wD///8A////AP///wD///8A////AP///wD///8A////AP///wD///8Ac7n/AHO5/wBzuf//c7n/AP///wD///8A////AP///wD///8A////AP///wD///8A////AP///wD///8A////AP///wD///8A////AP///wD///8A////AP///wD///8A////AP///wD///8A////AP///wD///8A////AP///wD///8A////AP///wD///8A////AP///wD///8A////AP///wD///8A////AP///wD///8A////AP///wD///8A////AP///wD///8A////AP///wD///8A////AP///wD///8A////AP///wD///8A////AP///wD///8A////AHO5/wBzuf8Ac7n//3O5/wD///8A////AP///wD///8A////AP///wD///8A////AP///wD///8A////AP///wD///8A////AP///wD///8A////AP///wD///8A////AP///wD///8A////AP///wD///8A////AP///wD///8A////AP///wD///8A////AP///wD///8A////AP///wD///8A////AP///wD///8A////AP///wD///8A////AP///wD///8A////AP///wD///8A////AP///wD///8A////AP///wD///8A////AP///wD///8A////AP///wBzuf8Ac7n/AHO5//9zuf8A////AP///wD///8A////AP///wD///8A////AP///wD///8A////AP///wD///8A////AP///wD///8A////AP///wD///8A////AP///wD///8A////AP///wD///8A////AP///wD///8A////AP///wD///8A////AP///wD///8A////AP///wD///8A////AP///wD///8A////AP///wD///8A////AP///wD///8A////AP///wD///8A////AP///wD///8A////AP///wD///8A////AP///wD///8A////AP///wD///8Ac7n/AHO5/wBzuf//c7n/AP///wD///8A////AP///wD///8A////AP///wD///8A////AP///wD///8A////AP///wD///8A////AP///wD///8A////AP///wD///8A////AP///wD///8A////AP///wD///8A////AP///wD///8A////AP///wD///8A////AP///wD///8A////AP///wD///8A////AP///wD///8A////AP///wD///8A////AP///wD///8A////AP///wD///8A////AP///wD///8A////AP///wD///8A////AP///wD///8A////AHO5/wBzuf8Ac7n//3O5/wD///8A////AP///wD///8A////AP///wD///8A////AP///wD///8A////AP///wD///8A////AP///wD///8A////AP///wD///8A////AP///wD///8A////AP///wD///8A////AP///wD///8A////AP///wD///8A////AP///wD///8A////AP///wD///8A////AP///wD///8A////AP///wD///8A////AP///wD///8A////AP///wD///8A////AP///wD///8A////AP///wD///8A////AP///wD///8A////AP///wBzuf8Ac7n/AHO5//9zuf8A////AP///wD///8A////AP///wD///8A////AP///wD///8A////AP///wD///8A////AP///wD///8A////AP///wD///8A////AP///wD///8A////AP///wD///8A////AP///wD///8A////AP///wD///8A////AP///wD///8A////AP///wD///8A////AP///wD///8A////AP///wD///8A////AP///wD///8A////AP///wD///8A////AP///wD///8A////AP///wD///8A////AP///wD///8A////AP///wD///8Ac7n/AHO5/wBzuf//c7n/AP///wD///8A////AP///wD///8A////AP///wD///8A////AP///wD///8A////AP///wD///8A////AP///wD///8A////AP///wD///8A////AP///wD///8A////AP///wD///8A////AP///wD///8A////AP///wD///8A////AP///wD///8A////AP///wD///8A////AP///wD///8A////AP///wD///8A////AP///wD///8A////AP///wD///8A////AP///wD///8A////AP///wD///8A////AP///wD///8A////AHO5/wBzuf8Ac7n//3O5/wD///8A////AP///wD///8A////AP///wD///8Ac7n/AHO5/wBzuf8Ac7n/AHO5/wBzuf8Ac7n/AHO5/wBzuf8Ac7n/AHO5/wBzuf8Ac7n/AHO5/wBzuf8Ac7n/AHO5/wBzuf8Ac7n/AHO5/wBzuf8Ac7n/AHO5/wBzuf8Ac7n/AHO5/wBzuf8Ac7n/AHO5/wBzuf8Ac7n/AHO5/wD///8A////AP///wD///8A////AP///wD///8A////AP///wD///8A////AP///wD///8A////AP///wD///8A////AP///wD///8A////AP///wBzuf8Ac7n/AHO5//9zuf9Uc7n/Bf///wD///8A////AP///wD///8A////AHO5/wBzuf8Ac7n/AHO5/wBzuf8Ac7n/AHO5/wBzuf8Ac7n/AHO5/wBzuf8Ac7n/AHO5/wBzuf8Ac7n/AHO5/wBzuf8Ac7n/AHO5/wBzuf8Ac7n/AHO5/xVzuf9Qc7n/gXO5/6pzuf/Uc7n/6nO5//xzuf//c7n/83O5/+1zuf/Xc7n/wXO5/6Bzuf91c7n/SnO5/yD///8A////AP///wD///8A////AP///wD///8A////AP///wD///8A////AP///wD///8A////AP///wD///8Ac7n/AHO5/wBzuf//gL///3O5/+Zzuf+Ic7n/Lf///wD///8A////AP///wBzuf8Ac7n/AHO5/wBzuf8Ac7n/AHO5/wBzuf8Ac7n/AHO5/wBzuf8Ac7n/AHO5/wBzuf8Ac7n/AHO5/wBzuf8Ac7n/AHO5/wxzuf9Lc7n/k3O5/9Vzuf/+f7///4bD//+Mxv//k8n//5bK//+ZzP//mcz//5fL//+Wy///k8n//5DH//+Lxf//hML//36///94u///c7n/6nO5/6lzuf9lc7n/Iv///wD///8A////AP///wD///8A////AP///wD///8A////AP///wD///8A////AHO5/wBzuf8Ac7n//5nM//+Vyv//h8P//3q8//9zuf/Vc7n/h3O5/ztzuf8Fc7n/AHO5/wBzuf8Ac7n/AHO5/wBzuf8Ac7n/AHO5/wBzuf8Ac7n/AHO5/wBzuf8Ac7n/AHO5/wRzuf80c7n/eHO5/71zuf/5fr///4nE//+Tyf//mcz//5nM//+ZzP//mcz//5nM//+ZzP//mcz//5nM//+ZzP//mcz//5nM//+ZzP//mcz//5nM//+ZzP//mcz//5bK//+Mxv//gsH//3O5//////8A////AP///wD///8A////AP///wD///8A////AP///wD///8A////AP///wBzuf8Ac7n/AHO5//+ZzP//mcz//5nM//+ZzP//k8n//4fD//98vf//c7n/9XO5/7xzuf+Ic7n/X3O5/zRzuf8Zc7n/CXO5/wBzuf8Kc7n/GnO5/zRzuf9dc7n/iHO5/7lzuf/ye73//4XC//+Px///mMz//5nM//+ZzP//mcz//5nM//+ZzP//mcz//5nM//+ZzP//mcz//5nM//+ZzP//mcz//5nM//+ZzP//mcz//5nM//+ZzP//mcz//5nM//+ZzP//mcz//5nM//9zuf//////AP///wD///8A////AP///wD///8A////AP///wD///8A////AP///wD///8Ac7n/AHO5/wBzuf//mcz//5nM//+ZzP//mcz//5nM//+ZzP//mcz//5jL//+Px///h8P//4HA//97vf//d7v//3S6//9zuf//dLr//3e7//97vf//gcD//4fD//+Px///l8v//5nM//+ZzP//mcz//5nM//+ZzP//mcz//5nM//+ZzP//mcz//5nM//+ZzP//mcz//5nM//+ZzP//mcz//5nM//+ZzP//mcz//5nM//+ZzP//mcz//5nM//+ZzP//mcz//5nM//+ZzP//c7n//////wD///8A////AP///wD///8A////AP///wD///8A////AP///wD///8A////AHO5/wBzuf8Ac7n//5nM//+ZzP//mcz//5nM//+ZzP//mcz//5nM//+ZzP//mcz//5nM//+ZzP//mcz//5nM//+ZzP//mcz//5nM//+ZzP//mcz//5nM//+ZzP//mcz//5nM//+ZzP//mcz//5nM//+ZzP//mcz//5nM//+ZzP//mcz//5nM//+ZzP//mcz//5nM//+ZzP//mcz//5nM//+ZzP//mcz//5nM//+ZzP//mcz//5nM//+ZzP//mcz//5nM//+ZzP//mcz//3O5//////8A////AP///wD///8A////AP///wD///8A////AP///wD///8A////AP///wBzuf8Ac7n/AHO5//+ZzP//mcz//5nM//+ZzP//mcz//5nM//+ZzP//mcz//5nM//+ZzP//mcz//5nM//+ZzP//mcz//5nM//+ZzP//mcz//5nM//+ZzP//mcz//5nM//+ZzP//mcz//5nM//+ZzP//mcz//5nM//+ZzP//mcz//5nM//+ZzP//mcz//5nM//+ZzP//mcz//5nM//+ZzP//mcz//5nM//+ZzP//mcz//5nM//+ZzP//mcz//5nM//+ZzP//mcz//5nM//9zuf//////AP///wD///8A////AP///wD///8A////AP///wD///8A////AP///wD///8Ac7n/AHO5/wBzuf//mcz//5nM//+ZzP//mcz//5nM//+ZzP//mcz//5nM//+ZzP//mcz//5nM//+ZzP//mcz//5nM//+ZzP//mcz//5nM//+ZzP//mcz//5nM//+ZzP//mcz//5nM//+ZzP//mcz//5nM//+ZzP//mcz//5nM//+ZzP//mcz//5nM//+ZzP//mcz//5nM//+ZzP//mcz//5nM//+ZzP//mcz//5nM//+ZzP//mcz//5nM//+ZzP//mcz//5nM//+ZzP//c7n//////wD///8A////AP///wD///8A////AP///wD///8A////AP///wD///8A////AHO5/wBzuf8Ac7n//5nM//+ZzP//mcz//5nM//+ZzP//mcz//5nM//+ZzP//mcz//5nM//+ZzP//mcz//5nM//+ZzP//mcz//5nM//+ZzP//mcz//5nM//+ZzP//mcz//5nM//+ZzP//mcz//5nM//+ZzP//mcz//5nM//+ZzP//mcz//5nM//+ZzP//mcz//5nM//+ZzP//mcz//5nM//+ZzP//mcz//5nM//+ZzP//mcz//5nM//+ZzP//mcz//5nM//+ZzP//mcz//3O5//////8A////AP///wD///8A////AP///wD///8A////AP///wD///8A////AP///wBzuf8Ac7n/AHO5//+ZzP//mcz//5nM//+ZzP//mcz//5nM//+ZzP//mcz//5nM//+ZzP//mcz//5nM//+ZzP//mcz//5nM//+ZzP//mcz//5nM//+ZzP//mcz//5nM//+ZzP//mcz//5nM//+ZzP//mcz//5nM//+ZzP//mcz//5nM//+ZzP//mcz//5nM//+ZzP//mcz//5nM//+ZzP//mcz//5nM//+ZzP//mcz//5nM//+ZzP//mcz//5nM//+ZzP//mcz//5nM//9zuf//////AP///wD///8A////AP///wD///8A////AP///wD///8A////AP///wD///8Ac7n/AHO5/wBzuf//mcz//5nM//+ZzP//mcz//5nM//+ZzP//mcz//5nM//+ZzP//mcz//5nM//+ZzP//mcz//5nM//+ZzP//mcz//5nM//+ZzP//mcz//5nM//+ZzP//mcz//5nM//+ZzP//mcz//5nM//+ZzP//mcz//5nM//+ZzP//mcz//5nM//+ZzP//mcz//5nM//+ZzP//mcz//5nM//+ZzP//mcz//5nM//+ZzP//mcz//5nM//+ZzP//mcz//5nM//+ZzP//c7n//////wD///8A////AP///wD///8A////AP///wD///8A////AP///wD///8A////AHO5/wBzuf8Ac7n//5nM//+ZzP//mcz//5nM//+ZzP//mcz//5nM//+ZzP//mcz//5nM//+ZzP//mcz//5nM//+ZzP//mcz//5nM//+ZzP//mcz//5nM//+ZzP//mcz//5nM//+ZzP//mcz//5nM//+ZzP//mcz//5nM//+ZzP//mcz//5nM//+ZzP//mcz//5nM//+ZzP//mcz//5nM//+ZzP//mcz//5nM//+ZzP//mcz//5nM//+ZzP//mcz//5nM//+ZzP//mcz//3O5//////8A////AP///wD///8A////AP///wD///8A////AP///wD///8A////AP///wBzuf8Ac7n/AHO5//+ZzP//mcz//5nM//+ZzP//mcz//5nM//+ZzP//mcz//5nM//+ZzP//mcz//5nM//+ZzP//mcz//5nM//+ZzP//mcz//5nM//+ZzP//mcz//5nM//+ZzP//mcz//5nM//+ZzP//mcz//5nM//+ZzP//mcz//5nM//+ZzP//mcz//5nM//+ZzP//mcz//5nM//+ZzP//mcz//5nM//+ZzP//mcz//5nM//+ZzP//mcz//5nM//+ZzP//mcz//5nM//9zuf//////AP///wD///8A////AP///wD///8A////AP///wD///8A////AP///wD///8Ac7n/AHO5/wBzuf//mcz//5nM//+ZzP//mcz//5nM//+ZzP//mcz//5nM//+ZzP//mcz//5nM//+ZzP//mcz//5nM//+ZzP//mcz//5nM//+ZzP//mcz//5nM//+ZzP//mcz//5nM//+ZzP//mcz//5nM//+ZzP//mcz//5nM//+ZzP//mcz//5nM//+ZzP//mcz//5nM//+ZzP//mcz//5nM//+ZzP//mcz//5nM//+ZzP//mcz//5nM//+ZzP//mcz//5nM//+ZzP//c7n//////wD///8A////AP///wD///8A////AP///wD///8A////AP///wD///8A////AHO5/wBzuf8Ac7n//5nM//+ZzP//mcz//5nM//+ZzP//mcz//5nM//+ZzP//mcz//5nM//+ZzP//mcz//5nM//+ZzP//mcz//5nM//+ZzP//mcz//5nM//+ZzP//mcz//5nM//+ZzP//mcz//5nM//+ZzP//mcz//5nM//+ZzP//mcz//5nM//+ZzP//mcz//5nM//+ZzP//mcz//5nM//+ZzP//mcz//5nM//+ZzP//mcz//5nM//+ZzP//mcz//5nM//+ZzP//mcz//3O5//////8A////AP///wD///8A////AP///wD///8A////AP///wD///8A////AP///wBzuf8Ac7n/AHO5//+ZzP//mcz//5nM//+ZzP//mcz//5nM//+ZzP//mcz//5nM//+ZzP//mcz//5nM//+ZzP//mcz//5nM//+ZzP//mcz//5nM//+ZzP//mcz//5nM//+ZzP//mcz//5nM//+ZzP//mcz//5nM//+ZzP//mcz//5nM//+ZzP//mcz//5nM//+ZzP//mcz//5nM//+ZzP//mcz//5nM//+ZzP//mcz//5nM//+ZzP//mcz//5nM//+ZzP//mcz//5nM//9zuf//////AP///wD///8A////AP///wD///8A////AP///wD///8A////AP///wD///8Ac7n/AHO5/wBzuf//mcz//5nM//+ZzP//mcz//5nM//+ZzP//mcz//5nM//+ZzP//mcz//5nM//+ZzP//mcz//5nM//+ZzP//mcz//5nM//+ZzP//mcz//5nM//+ZzP//mcz//5nM//+ZzP//mcz//5nM//+ZzP//mcz//5nM//+ZzP//mcz//5nM//+ZzP//mcz//5nM//+ZzP//mcz//5nM//+ZzP//mcz//5nM//+ZzP//mcz//5nM//+ZzP//mcz//5nM//+ZzP//c7n//////wD///8A////AP///wD///8A////AP///wD///8A////AP///wD///8A////AHO5/wBzuf8Ac7n//5nM//+ZzP//mcz//5nM//+ZzP//mcz//5nM//+ZzP//mcz//5nM//+ZzP//mcz//5nM//+ZzP//mcz//5nM//+ZzP//mcz//5nM//+ZzP//mcz//5nM//+ZzP//mcz//5nM//+ZzP//mcz//5nM//+ZzP//mcz//5nM//+ZzP//mcz//5nM//+ZzP//mcz//5nM//+ZzP//mcz//5nM//+ZzP//mcz//5nM//+ZzP//mcz//5nM//+ZzP//mcz//3O5//////8A////AP///wD///8A////AP///wD///8A////AP///wD///8A////AP///wBzuf8Ac7n/AHO5//+ZzP//mcz//5nM//+ZzP//mcz//5nM//+ZzP//mcz//5nM//+ZzP//mcz//5nM//+ZzP//mcz//5nM//+ZzP//mcz//5nM//+ZzP//mcz//5nM//+ZzP//mcz//5nM//+ZzP//mcz//5nM//+ZzP//mcz//5nM//+ZzP//mcz//5nM//+ZzP//mcz//5nM//+ZzP//mcz//5nM//+ZzP//mcz//5nM//+ZzP//mcz//5nM//+ZzP//mcz//5nM//9zuf//////AP///wD///8A////AP///wD///8A////AP///wD///8A////AP///wD///8Ac7n/AHO5/wBzuf//mcz//5nM//+ZzP//mcz//5nM//+ZzP//mcz//5nM//+ZzP//mcz//5nM//+ZzP//mcz//5nM//+ZzP//mcz//5nM//+ZzP//mcz//5nM//+ZzP//mcz//5nM//+ZzP//mcz//5nM//+ZzP//mcz//5nM//+ZzP//mcz//5nM//+ZzP//mcz//5nM//+ZzP//mcz//5nM//+ZzP//mcz//5nM//+ZzP//mcz//5nM//+ZzP//mcz//5nM//+ZzP//c7n//////wD///8A////AP///wD///8A////AP///wD///8A////AP///wD///8A////AHO5/wBzuf8Ac7n//5nM//+ZzP//mcz//5nM//+ZzP//mcz//5nM//+ZzP//mcz//5nM//+ZzP//mcz//5nM//+ZzP//mcz//5nM//+ZzP//mcz//5nM//+ZzP//mcz//5nM//+ZzP//mcz//5nM//+ZzP//mcz//5nM//+ZzP//mcz//5nM//+ZzP//mcz//5nM//+ZzP//mcz//5nM//+ZzP//mcz//5nM//+ZzP//mcz//5nM//+ZzP//mcz//5nM//+ZzP//mcz//3O5//////8A////AP///wD///8A////AP///wD///8A////AP///wD///8A////AP///wBzuf8Ac7n/AHO5//+ZzP//mcz//5nM//+ZzP//mcz//5nM//+ZzP//mcz//5nM//+ZzP//mcz//5nM//+ZzP//mcz//5nM//+ZzP//mcz//5nM//+ZzP//mcz//5nM//+ZzP//mcz//5nM//+ZzP//mcz//5nM//+ZzP//mcz//5nM//+ZzP//mcz//5nM//+ZzP//mcz//5nM//+ZzP//mcz//5nM//+ZzP//mcz//5nM//+ZzP//mcz//5nM//+ZzP//mcz//5nM//9zuf//////AP///wD///8A////AP///wD///8A////AP///wD///8A////AP///wD///8Ac7n/AHO5/wBzuf//mcz//5nM//+ZzP//mcz//5nM//+ZzP//mcz//5nM//+ZzP//mcz//5nM//+ZzP//mcz//5nM//+ZzP//mcz//5nM//+ZzP//mcz//5nM//+ZzP//mcz//5nM//+ZzP//mcz//5nM//+ZzP//mcz//5nM//+ZzP//mcz//5nM//+ZzP//mcz//5nM//+ZzP//mcz//5nM//+ZzP//mcz//5nM//+ZzP//mcz//5nM//+ZzP//mcz//5nM//+ZzP//c7n//////wD///8A////AP///wD///8A////AP///wD///8A////AP///wD///8A////AHO5/wBzuf8Ac7n//5nM//+ZzP//mcz//5nM//+ZzP//mcz//5nM//+ZzP//mcz//5nM//+ZzP//mcz//5nM//+ZzP//mcz//5nM//+ZzP//mcz//5nM//+ZzP//mcz//5nM//+ZzP//mcz//5nM//+ZzP//mcz//5nM//+ZzP//mcz//5nM//+ZzP//mcz//5nM//+ZzP//mcz//5nM//+ZzP//mcz//5nM//+ZzP//mcz//5nM//+ZzP//mcz//5nM//+ZzP//mcz//3O5//////8A////AP///wD///8A////AP///wD///8A////AP///wD///8A////AP///wBzuf8Ac7n/AHO5//+ZzP//mcz//5nM//+ZzP//mcz//5nM//+ZzP//mcz//5nM//+ZzP//mcz//5nM//+ZzP//mcz//5nM//+ZzP//mcz//5nM//+ZzP//mcz//5nM//+ZzP//mcz//5nM//+ZzP//mcz//5nM//+ZzP//mcz//5nM//+ZzP//mcz//5nM//+ZzP//mcz//5nM//+ZzP//mcz//5nM//+ZzP//mcz//5nM//+ZzP//mcz//5nM//+ZzP//mcz//5nM//9zuf//////AP///wD///8A////AP///wD///8A////AP///wD///8A////AP///wD///8Ac7n/AHO5/wBzuf//mcz//5nM//+ZzP//mcz//5nM//+ZzP//mcz//5nM//+ZzP//mcz//5nM//+ZzP//mcz//5nM//+ZzP//mcz//5nM//+ZzP//mcz//5nM//+ZzP//mcz//5nM//+ZzP//mcz//5nM//+ZzP//mcz//5nM//+ZzP//mcz//5nM//+ZzP//mcz//5nM//+ZzP//mcz//5nM//+ZzP//mcz//5nM//+ZzP//mcz//5nM//+ZzP//mcz//5nM//+ZzP//c7n//////wD///8A////AP///wD///8A////AP///wD///8A////AP///wD///8A////AHO5/wBzuf8Ac7n//5nM//+ZzP//mcz//5nM//+ZzP//mcz//5nM//+ZzP//mcz//5nM//+ZzP//mcz//5nM//+ZzP//mcz//5nM//+ZzP//mcz//5nM//+ZzP//mcz//5nM//+ZzP//mcz//5nM//+ZzP//mcz//5nM//+ZzP//mcz//5nM//+ZzP//mcz//5nM//+ZzP//mcz//5nM//+ZzP//mcz//5nM//+ZzP//mcz//5nM//+ZzP//mcz//5nM//+ZzP//mcz//3O5//////8A////AP///wD///8A////AP///wD///8A////AP///wD///8A////AP///wBzuf8Ac7n/AHO5//+ZzP//mcz//5nM//+ZzP//mcz//5nM//+ZzP//mcz//5nM//+ZzP//mcz//5nM//+ZzP//mcz//5nM//+ZzP//mcz//5nM//+ZzP//mcz//5nM//+ZzP//mcz//5nM//+ZzP//mcz//5nM//+ZzP//mcz//5nM//+ZzP//mcz//5nM//+ZzP//mcz//5nM//+ZzP//mcz//5nM//+ZzP//mcz//5nM//+ZzP//mcz//5nM//+ZzP//mcz//5nM//9zuf//////AP///wD///8A////AP///wD///8A////AP///wD///8A////AP///wD///8Ac7n/AHO5/wBzuf//mcz//5nM//+ZzP//mcz//5nM//+ZzP//mcz//5nM//+ZzP//mcz//5nM//+ZzP//mcz//5nM//+ZzP//mcz//5nM//+ZzP//mcz//5nM//+ZzP//mcz//5nM//+ZzP//mcz//5nM//+ZzP//mcz//5nM//+ZzP//mcz//5nM//+ZzP//mcz//5nM//+ZzP//mcz//5nM//+ZzP//mcz//5nM//+ZzP//mcz//5nM//+ZzP//mcz//5nM//+ZzP//c7n//////wD///8A////AP///wD///8A////AP///wD///8A////AP///wD///8A////AHO5/wBzuf8Ac7n//5nM//+ZzP//mcz//5nM//+ZzP//mcz//5nM//+ZzP//mcz//5nM//+ZzP//mcz//5nM//+ZzP//mcz//5nM//+ZzP//mcz//5nM//+ZzP//mcz//5nM//+ZzP//mcz//5nM//+ZzP//mcz//5nM//+ZzP//mcz//5nM//+ZzP//mcz//5nM//+ZzP//mcz//5nM//+ZzP//mcz//5nM//+ZzP//mcz//5nM//+ZzP//mcz//5nM//+ZzP//mcz//3O5//////8A////AP///wD///8A////AP///wD///8A////AP///wD///8A////AP///wBzuf8Ac7n/AHO5//+ZzP//mcz//5nM//+ZzP//mcz//5nM//+ZzP//mcz//5nM//+ZzP//mcz//5nM//+ZzP//mcz//5nM//+ZzP//mcz//5nM//+ZzP//mcz//5nM//+ZzP//mcz//5nM//+ZzP//mcz//5nM//+ZzP//mcz//5nM//+ZzP//mcz//5nM//+ZzP//mcz//5nM//+ZzP//mcz//5nM//+ZzP//mcz//5nM//+ZzP//mcz//5nM//+ZzP//mcz//5nM//9zuf//////AP///wD///8A////AP///wD///8A////AP///wD///8A////AP///wD///8Ac7n/AHO5/wBzuf//i8X//5jL//+ZzP//mcz//5nM//+ZzP//mcz//5nM//+ZzP//mcz//5nM//+ZzP//mcz//5nM//+ZzP//mcz//5nM//+ZzP//mcz//5nM//+ZzP//mcz//5nM//+ZzP//mcz//5nM//+ZzP//mcz//5nM//+Vyv//jMb//4XC//9/v///ebz//3a6//9zuf//c7n//3W6//92uv//ebz//3y+//+CwP//iMP//47H//+Vyv//mcz//5nM//+ZzP//c7n//////wD///8A////AP///wD///8A////AP///wD///8A////AP///wD///8A////AHO5/wBzuf8Ac7n/53O5/6Nzuf/2gcD//5DH//+ZzP//mcz//5nM//+ZzP//mcz//5nM//+ZzP//mcz//5nM//+ZzP//mcz//5nM//+ZzP//mcz//5nM//+ZzP//mcz//5nM//+ZzP//mcz//5nM//+Xy///jcb//4LA//94vP//c7n/5HO5/6hzuf95c7n/UXO5/ylzuf8Uc7n/AnO5/wBzuf8Mc7n/E3O5/ylzuf8/c7n/YnO5/4pzuf+3c7n/4Xa7//+AwP//isT//3O5//////8A////AP///wD///8A////AP///wD///8A////AP///wD///8A////AP///wBzuf8Ac7n/AHO5/wBzuf8Ac7n/DHO5/2Bzuf/Bc7n//oLB//+Oxv//l8v//5nM//+ZzP//mcz//5nM//+ZzP//mcz//5nM//+ZzP//mcz//5nM//+ZzP//mcz//5nM//+ZzP//kcj//4fD//98vv//c7n/8HO5/6xzuf9kc7n/I3O5/wBzuf8Ac7n/AHO5/wBzuf8Ac7n/AHO5/wBzuf8Ac7n/AHO5/wBzuf8A////AP///wD///8A////AP///wBzuf8Xc7n/WHO5/5pzuf/d////AP///wD///8A////AP///wD///8A////AP///wD///8A////AP///wD///8Ac7n/AHO5/wBzuf8Ac7n/AP///wD///8A////AHO5/xtzuf9nc7n/tHO5//J7vf//g8H//4rE//+QyP//lcr//5jL//+ZzP//mMv//5XK//+RyP//i8X//4XC//9+vv//c7n//HO5/8tzuf+Gc7n/PnO5/wRzuf8Ac7n/AHO5/wBzuf8Ac7n/AHO5/wBzuf8Ac7n/AHO5/wBzuf8Ac7n/AHO5/wBzuf8Ac7n/AP///wD///8A////AP///wD///8A////AP///wD///8A////AP///wD///8A////AP///wD///8A////AP///wD///8A////AP///wD///8A////AP///wD///8A////AP///wD///8A////AP///wD///8A////AP///wBzuf8Ec7n/NXO5/25zuf+Zc7n/xXO5/+Rzuf/1c7n//3O5//Zzuf/mc7n/zHO5/6Nzuf95c7n/SXO5/w1zuf8Ac7n/AHO5/wBzuf8Ac7n/AHO5/wBzuf8Ac7n/AHO5/wBzuf8Ac7n/AHO5/wBzuf8Ac7n/AHO5/wBzuf8Ac7n/AHO5/wD///8A////AP///wD///8A////AP///wD///8A////AP///wD///8A////AP///wD///8A////AP///wD///8A////AP///wD///8A////AP///wD///8A////AP///wD///8A////AP///wD///8A////AP///wD///8A////AHO5/wBzuf8Ac7n/AHO5/wBzuf8Ac7n/AHO5/wBzuf8Ac7n/AHO5/wBzuf8Ac7n/AHO5/wBzuf8Ac7n/AHO5/wBzuf8Ac7n/AHO5/wBzuf8Ac7n/AHO5/wBzuf8Ac7n/AHO5/wBzuf8Ac7n/AHO5/wBzuf8Ac7n/AHO5/wBzuf8A////AP///wD///8A////AP///wD///8A////AP///wD///8A////AP///wD///8A////AP///wD///8A////AP///////////v/////////+//////////7//////////v/////////+//////////7//////////v/////////+//////////7//////////v/////////+//////////7//////////v/////////+//////////7//////////v/////////+//////////7//////////v/////////+//////////7//////////v/////////+//////////7//////////v/////////+//////////4////4AAf//g///4AAAH/+AP/4AAAAf/4AAgAAAAB//gAAAAAAAH/+AAAAAAAAf/4AAAAAAAB//gAAAAAAAH/+AAAAAAAAf/4AAAAAAAB//gAAAAAAAH/+AAAAAAAAf/4AAAAAAAB//gAAAAAAAH/+AAAAAAAAf/4AAAAAAAB//gAAAAAAAH/+AAAAAAAAf/4AAAAAAAB//gAAAAAAAH/+AAAAAAAAf/4AAAAAAAB//gAAAAAAAH/+AAAAAAAAf/4AAAAAAAB//gAAAAAAAH/+AAAAAAAAf/4AAAAAAAB//gAAAAAAAH/+AAAAAAAAf/4AAAAAAAB//gAAAAAAAH/+AAAAAAgAf/+AAAAH//h///AAAD///////gAD////////////////KAAAAEgAAACQAAAAAQAgAAAAAAAAAAAAAAAAAAAAAAAAAAAAAAAAAP///wD///8A////AP///wD///8A////AP///wD///8A////AP///wD///8A////AP///wD///8A////AP///wD///8A////AP///wD///8A////AP///wD///8A////AP///wD///8A////AP///wD///8A////AP///wD///8A////AP///wD///8A////AP///wD///8A////AP///wD///8A////AP///wD///8A////AP///wD///8A////AP///wD///8A////AP///wD///8A////AP///wD///8A////AP///wD///8A////AP///wD///8A////AP///wD///8A////AP///wD///8A////AP///wD///8A////AP///wD///8A////AP///wAAmP8AAJj/AACY/wAAmP8AAJj/AACY/wAAmP8AAJj/AACY/wAAmP8AAJj/AACY/wAAmP8AAJj/AACY/wAAmP8AAJj/AACY/wAAmP8AAJj/AACY/wAAmP8AAJj/AACY/wAAmP8AAJj/AACY/wAAmP8AAJj/AACY/wAAmP8AAJj/AACY/wAAmP8AAJj/AACY/wAAmP8AAJj/AACY/wAAmP8AAJj/AACY/wAAmP8AAJj/AACY/wAAmP8AAJj/AACY/wAAmP8AAJj/AACY/wAAmP8AAJj/AACY/wAAmP8AAJj/AACY/wAAmP8AAJj/AACY/wAAmP8AAJj/AACY/wD///8A////AP///wD///8A////AP///wD///8A////AP///wAAmP8AAJj/AACY//8AmP//AJj//wCY//8AmP8AAJj/AACY/wAAmP8AAJj/AACY/wAAmP8AAJj/AACY/wAAmP8AAJj/AACY/wAAmP8AAJj/AACY/wAAmP8AAJj/AACY/wAAmP8AAJj/AACY/wAAmP8AAJj/AACY/wAAmP8AAJj/AACY/wAAmP8AAJj/AACY/wAAmP8AAJj/AACY/wAAmP8AAJj/AACY/wAAmP8AAJj/AACY/wAAmP8AAJj/AACY/wAAmP8AAJj/AACY/wAAmP8AAJj/AACY/wAAmP8AAJj/AACY/wAAmP8AAJj/AACY/wAAmP8AAJj/AACY/wD///8A////AP///wD///8A////AP///wD///8A////AP///wAAmP8AAJj/AACY//8AmP//AJj//wCY//8AmP8AAJj/AACY/wAAmP8AAJj/AACY/wAAmP8AAJj/AACY/wAAmP8AAJj/AACY/wAAmP8AAJj/AACY/wAAmP8AAJj/AACY/wAAmP8AAJj/AACY/wAAmP8AAJj/AACY/wAAmP8AAJj/AACY/wAAmP8AAJj/AACY/wAAmP8AAJj/AACY/wAAmP8AAJj/AACY/wAAmP8AAJj/AACY/wAAmP8AAJj/AACY/wAAmP8AAJj/AACY/wAAmP8AAJj/AACY/wAAmP8AAJj/AACY/wAAmP8AAJj/AACY/wAAmP8AAJj/AACY/wD///8A////AP///wD///8A////AP///wD///8A////AP///wAAmP8AAJj/AACY//8AmP//AJj//wCY//8AmP8AAJj/AACY/wAAmP8AAJj/AACY/wAAmP8AAJj/AACY/wAAmP8AAJj/AACY/wAAmP8AAJj/AACY/wAAmP8AAJj/AACY/wAAmP8AAJj/AACY/wAAmP8AAJj/AACY/wAAmP8AAJj/AACY/wAAmP8AAJj/AACY/wAAmP8AAJj/AACY/wAAmP8AAJj/AACY/wAAmP8AAJj/AACY/wAAmP8AAJj/AACY/wAAmP8AAJj/AACY/wAAmP8AAJj/AACY/wAAmP8AAJj/AACY/wAAmP8AAJj/AACY/wAAmP8AAJj/AACY/wD///8A////AP///wD///8A////AP///wD///8A////AP///wAAmP8AAJj/AACY//8AmP//AJj//wCY//8AmP8AAJj/AACY/wAAmP8AAJj/AACY/wAAmP8AAJj/AACY/wAAmP8AAJj/AACY/wAAmP8AAJj/AACY/wAAmP8AAJj/AACY/wAAmP8AAJj/AACY/wAAmP8AAJj/AACY/wAAmP8AAJj/AACY/wAAmP8AAJj/AACY/wAAmP8AAJj/AACY/wAAmP8AAJj/AACY/wAAmP8AAJj/AACY/wAAmP8AAJj/AACY/wAAmP8AAJj/AACY/wAAmP8AAJj/AACY/wAAmP8AAJj/AACY/wAAmP8AAJj/AACY/wAAmP8AAJj/AACY/wD///8A////AP///wD///8A////AP///wD///8A////AP///wAAmP8AAJj/AACY//8AmP//AJj//wCY//8AmP8AAJj/AACY/wAAmP8AAJj/AACY/wAAmP8AAJj/AACY/wAAmP8AAJj/AACY/wAAmP8AAJj/AACY/wAAmP8AAJj/AACY/wAAmP8AAJj/AACY/wAAmP8AAJj/AACY/wAAmP8AAJj/AACY/wAAmP8AAJj/AACY/wAAmP8AAJj/AACY/wAAmP8AAJj/AACY/wAAmP8AAJj/AACY/wAAmP8AAJj/AACY/wAAmP8AAJj/AACY/wAAmP8AAJj/AACY/wAAmP8AAJj/AACY/wAAmP8AAJj/AACY/wAAmP8AAJj/AACY/wD///8A////AP///wD///8A////AP///wD///8A////AP///wAAmP8AAJj/AACY//8AmP//AJj//wCY//8AmP8AAJj/AACY/wAAmP8AAJj/AACY/wAAmP8AAJj/AACY/wAAmP8AAJj/AACY/wAAmP8AAJj/AACY/wAAmP8AAJj/AACY/wAAmP8AAJj/AACY/wAAmP8AAJj/AACY/wAAmP8AAJj/AACY/wAAmP8AAJj/AACY/wAAmP8AAJj/AACY/wAAmP8AAJj/AACY/wAAmP8AAJj/AACY/wAAmP8AAJj/AACY/wAAmP8AAJj/AACY/wAAmP8AAJj/AACY/wAAmP8AAJj/AACY/wAAmP8AAJj/AACY/wAAmP8AAJj/AACY/wD///8A////AP///wD///8A////AP///wD///8A////AP///wAAmP8AAJj/AACY//8AmP//AJj//wCY//8AmP8AAJj/AACY/wAAmP8AAJj/AACY/wAAmP8AAJj/AACY/wAAmP8AAJj/AACY/wAAmP8AAJj/AACY/wAAmP8AAJj/AACY/wAAmP8AAJj/AACY/wAAmP8AAJj/AACY/wAAmP8AAJj/AACY/wAAmP8AAJj/AACY/wAAmP8AAJj/AACY/wAAmP8AAJj/AACY/wAAmP8AAJj/AACY/wAAmP8AAJj/AACY/wAAmP8AAJj/AACY/wAAmP8AAJj/AACY/wAAmP8AAJj/AACY/wAAmP8AAJj/AACY/wAAmP8AAJj/AACY/wD///8A////AP///wD///8A////AP///wD///8A////AP///wAAmP8AAJj/AACY//8AmP//AJj//wCY//8AmP8AAJj/AACY/wAAmP8AAJj/AACY/wAAmP8AAJj/AACY/wAAmP8AAJj/AACY/wAAmP8AAJj/AACY/wAAmP8AAJj/AACY/wAAmP8AAJj/AACY/wAAmP8AAJj/AACY/wAAmP8AAJj/AACY/wAAmP8AAJj/AACY/wAAmP8AAJj/AACY/wAAmP8AAJj/AACY/wAAmP8AAJj/AACY/wAAmP8AAJj/AACY/wAAmP8AAJj/AACY/wAAmP8AAJj/AACY/wAAmP8AAJj/AACY/wAAmP8AAJj/AACY/wAAmP8AAJj/AACY/wD///8A////AP///wD///8A////AP///wD///8A////AP///wAAmP8AAJj/AACY//8AmP//AJj//wCY//8AmP8AAJj/AACY/wAAmP8AAJj/AACY/wAAmP8AAJj/AACY/wAAmP8AAJj/AACY/wAAmP8AAJj/AACY/wAAmP8AAJj/AACY/wAAmP8AAJj/AACY/wAAmP8AAJj/AACY/wAAmP8AAJj/AACY/wAAmP8AAJj/AACY/wAAmP8AAJj/AACY/wAAmP8AAJj/AACY/wAAmP8AAJj/AACY/wAAmP8AAJj/AACY/wAAmP8AAJj/AACY/wAAmP8AAJj/AACY/wAAmP8AAJj/AACY/wAAmP8AAJj/AACY/wAAmP8AAJj/AACY/wD///8A////AP///wD///8A////AP///wD///8A////AP///wAAmP8AAJj/AACY//8AmP//AJj//wCY//8AmP8AAJj/AACY/wAAmP8AAJj/AACY/wAAmP8AAJj/AACY/wAAmP8AAJj/AACY/wAAmP8AAJj/AACY/wAAmP8AAJj/AACY/wAAmP8AAJj/AACY/wAAmP8AAJj/AACY/wAAmP8AAJj/AACY/wAAmP8AAJj/AACY/wAAmP8AAJj/AACY/wAAmP8AAJj/AACY/wAAmP8AAJj/AACY/wAAmP8AAJj/AACY/wAAmP8AAJj/AACY/wAAmP8AAJj/AACY/wAAmP8AAJj/AACY/wAAmP8AAJj/AACY/wAAmP8AAJj/AACY/wD///8A////AP///wD///8A////AP///wD///8A////AP///wAAmP8AAJj/AACY//8AmP//AJj//wCY//8AmP8AAJj/AACY/wAAmP8AAJj/AACY/wAAmP8AAJj/AACY/wAAmP8AAJj/AACY/wAAmP8AAJj/AACY/wAAmP8AAJj/AACY/wAAmP8AAJj/AACY/wAAmP8AAJj/AACY/wAAmP8AAJj/AACY/wAAmP8AAJj/AACY/wAAmP8AAJj/AACY/wAAmP8AAJj/AACY/wAAmP8AAJj/AACY/wAAmP8AAJj/AACY/wAAmP8AAJj/AACY/wAAmP8AAJj/AACY/wAAmP8AAJj/AACY/wAAmP8AAJj/AACY/wAAmP8AAJj/AACY/wD///8A////AP///wD///8A////AP///wD///8A////AP///wAAmP8AAJj/AACY//8AmP//AJj//wCY//8AmP8AAJj/AACY/wAAmP8AAJj/AACY/wAAmP8AAJj/AACY/wAAmP8AAJj/AACY/wAAmP8AAJj/AACY/wAAmP8AAJj/AACY/wAAmP8AAJj/AACY/wAAmP8AAJj/AACY/wAAmP8AAJj/AACY/wAAmP8AAJj/AACY/wAAmP8AAJj/AACY/wAAmP8AAJj/AACY/wAAmP8AAJj/AACY/wAAmP8AAJj/AACY/wAAmP8AAJj/AACY/wAAmP8AAJj/AACY/wAAmP8AAJj/AACY/wAAmP8AAJj/AACY/wAAmP8AAJj/AACY/wD///8A////AP///wD///8A////AP///wD///8A////AP///wAAmP8AAJj/AACY//8AmP//AJj//wCY//8AmP8AAJj/AACY/wAAmP8AAJj/AACY/wAAmP8AAJj/AACY/wAAmP8AAJj/AACY/wAAmP8AAJj/AACY/wAAmP8AAJj/AACY/wAAmP8AAJj/AACY/wAAmP8AAJj/AACY/wAAmP8AAJj/AACY/wAAmP8AAJj/AACY/wAAmP8AAJj/AACY/wAAmP8AAJj/AACY/wAAmP8AAJj/AACY/wAAmP8AAJj/AACY/wAAmP8AAJj/AACY/wAAmP8AAJj/AACY/wAAmP8AAJj/AACY/wAAmP8AAJj/AACY/wAAmP8AAJj/AACY/wD///8A////AP///wD///8A////AP///wD///8A////AP///wAAmP8AAJj/AACY//8AmP//AJj//wCY//8AmP8AAJj/AACY/wAAmP8AAJj/AACY/wAAmP8AAJj/AACY/wAAmP8AAJj/AACY/wAAmP8AAJj/AACY/wAAmP8AAJj/AACY/wAAmP8AAJj/AACY/wAAmP8AAJj/AACY/wAAmP8AAJj/AACY/wAAmP8AAJj/AACY/wAAmP8AAJj/AACY/wAAmP8AAJj/AACY/wAAmP8AAJj/AACY/wAAmP8AAJj/AACY/wAAmP8AAJj/AACY/wAAmP8AAJj/AACY/wAAmP8AAJj/AACY/wAAmP8AAJj/AACY/wAAmP8AAJj/AACY/wD///8A////AP///wD///8A////AP///wD///8A////AP///wAAmP8AAJj/AACY//8AmP//AJj//wCY//8AmP8AAJj/AACY/wAAmP8AAJj/AACY/wAAmP8AAJj/AACY/wAAmP8AAJj/AACY/wAAmP8AAJj/AACY/wAAmP8AAJj/AACY/wAAmP8AAJj/AACY/wAAmP8AAJj/AACY/wAAmP8AAJj/AACY/wAAmP8AAJj/AACY/wAAmP8AAJj/AACY/wAAmP8AAJj/AACY/wAAmP8AAJj/AACY/wAAmP8AAJj/AACY/wAAmP8AAJj/AACY/wAAmP8AAJj/AACY/wAAmP8AAJj/AACY/wAAmP8AAJj/AACY/wAAmP8AAJj/AACY/wD///8A////AP///wD///8A////AP///wD///8A////AP///wAAmP8AAJj/AACY//8AmP//AJj//wCY//8AmP8AAJj/AACY/wAAmP8AAJj/AACY/wAAmP8AAJj/AACY/wAAmP8AAJj/AACY/wAAmP8AAJj/AACY/wAAmP8AAJj/AACY/wAAmP8AAJj/AACY/wAAmP8AAJj/AACY/wAAmP8AAJj/AACY/wAAmP8AAJj/AACY/wAAmP8AAJj/AACY/wAAmP8AAJj/AACY/wAAmP8AAJj/AACY/wAAmP8AAJj/AACY/wAAmP8AAJj/AACY/wAAmP8AAJj/AACY/wAAmP8AAJj/AACY/wAAmP8AAJj/AACY/wAAmP8AAJj/AACY/wD///8A////AP///wD///8A////AP///wD///8A////AP///wAAmP8AAJj/AACY//8AmP//AJj//wCY//8AmP8AAJj/AACY/wAAmP8AAJj/AACY/wAAmP8AAJj/AACY/wAAmP8AAJj/AACY/wAAmP8AAJj/AACY/wAAmP8AAJj/AACY/wAAmP8AAJj/AACY/wAAmP8AAJj/AACY/wAAmP8AAJj/AACY/wAAmP8AAJj/AACY/wAAmP8AAJj/AACY/wAAmP8AAJj/AACY/wAAmP8AAJj/AACY/wAAmP8AAJj/AACY/wAAmP8AAJj/AACY/wAAmP8AAJj/AACY/wAAmP8AAJj/AACY/wAAmP8AAJj/AACY/wAAmP8AAJj/AACY/wD///8A////AP///wD///8A////AP///wD///8A////AP///wAAmP8AAJj/AACY//8AmP//AJj//wCY//8AmP8AAJj/AACY/wAAmP8AAJj/AACY/wAAmP8AAJj/AACY/wAAmP8AAJj/AACY/wAAmP8AAJj/AACY/wAAmP8AAJj/AACY/wAAmP8AAJj/AACY/wAAmP8AAJj/AACY/wAAmP8AAJj/AACY/wAAmP8AAJj/AACY/wAAmP8AAJj/AACY/wAAmP8AAJj/AACY/wAAmP8AAJj/AACY/wAAmP8AAJj/AACY/wAAmP8AAJj/AACY/wAAmP8AAJj/AACY/wAAmP8AAJj/AACY/wAAmP8AAJj/AACY/wAAmP8AAJj/AACY/wD///8A////AP///wD///8A////AP///wD///8A////AP///wAAmP8AAJj/AACY//8AmP//AJj//wCY//8AmP8AAJj/AACY/wAAmP8AAJj/AACY/wAAmP8AAJj/AACY/wAAmP8AAJj/AACY/wAAmP8AAJj/AACY/wAAmP8AAJj/AACY/wAAmP8AAJj/AACY/wAAmP8AAJj/AACY/wAAmP8AAJj/AACY/wAAmP8AAJj/AACY/wAAmP8AAJj/AACY/wAAmP8AAJj/AACY/wAAmP8AAJj/AACY/wAAmP8AAJj/AACY/wAAmP8AAJj/AACY/wAAmP8AAJj/AACY/wAAmP8AAJj/AACY/wAAmP8AAJj/AACY/wAAmP8AAJj/AACY/wD///8A////AP///wD///8A////AP///wD///8A////AP///wAAmP8AAJj/AACY//8AmP//AJj//wCY//8AmP8AAJj/AACY/wAAmP8AAJj/AACY/wAAmP8AAJj/AACY/wAAmP8AAJj/AACY/wAAmP8AAJj/AACY/wAAmP8AAJj/AACY/wAAmP8AAJj/AACY/wAAmP8AAJj/AACY/wAAmP8AAJj/AACY/wAAmP8AAJj/AACY/wAAmP8AAJj/AACY/wAAmP8AAJj/AACY/wAAmP8AAJj/AACY/wAAmP8AAJj/AACY/wAAmP8AAJj/AACY/wAAmP8AAJj/AACY/wAAmP8AAJj/AACY/wAAmP8AAJj/AACY/wAAmP8AAJj/AACY/wD///8A////AP///wD///8A////AP///wD///8A////AP///wAAmP8AAJj/AACY//8AmP//AJj//wCY//8AmP8AAJj/AACY/wAAmP8AAJj/AACY/wAAmP8AAJj/AACY/wAAmP8AAJj/AACY/wAAmP8AAJj/AACY/wAAmP8AAJj/AACY/wAAmP8AAJj/AACY/wAAmP8AAJj/AACY/wAAmP8AAJj/AACY/wAAmP8AAJj/AACY/wAAmP8AAJj/AACY/wAAmP8AAJj/AACY/wAAmP8AAJj/AACY/wAAmP8AAJj/AACY/wAAmP8AAJj/AACY/wAAmP8AAJj/AACY/wAAmP8AAJj/AACY/wAAmP8AAJj/AACY/wAAmP8AAJj/AACY/wD///8A////AP///wD///8A////AP///wD///8A////AP///wAAmP8AAJj/AACY//8AmP//AJj//wCY//8AmP8AAJj/AACY/wAAmP8AAJj/AACY/wAAmP8AAJj/AACY/wAAmP8AAJj/AACY/wAAmP8AAJj/AACY/wAAmP8AAJj/AACY/wAAmP8AAJj/AACY/wAAmP8AAJj/AACY/wAAmP8AAJj/AACY/wAAmP8AAJj/AACY/wAAmP8AAJj/AACY/wAAmP8AAJj/AACY/wAAmP8AAJj/AACY/wAAmP8AAJj/AACY/wAAmP8AAJj/AACY/wAAmP8AAJj/AACY/wAAmP8AAJj/AACY/wAAmP8AAJj/AACY/wAAmP8AAJj/AACY/wD///8A////AP///wD///8A////AP///wD///8A////AP///wAAmP8AAJj/AACY//8AmP//AJj//wCY//8AmP8AAJj/AACY/wAAmP8AAJj/AACY/wAAmP8AAJj/AACY/wAAmP8AAJj/AACY/wAAmP8AAJj/AACY/wAAmP8AAJj/AACY/wAAmP8AAJj/AACY/wAAmP8AAJj/AACY/wAAmP8AAJj/AACY/wAAmP8AAJj/AACY/wAAmP8AAJj/AACY/wAAmP8AAJj/AACY/wAAmP8AAJj/AACY/wAAmP8AAJj/AACY/wAAmP8AAJj/AACY/wAAmP8AAJj/AACY/wAAmP8AAJj/AACY/wAAmP8AAJj/AACY/wAAmP8AAJj/AACY/wD///8A////AP///wD///8A////AP///wD///8A////AP///wAAmP8AAJj/AACY//8AmP//AJj//wCY//8AmP8AAJj/AACY/wAAmP8AAJj/AACY/wAAmP8AAJj/AACY/wAAmP8AAJj/AACY/wAAmP8AAJj/AACY/wAAmP8AAJj/AACY/wAAmP8AAJj/AACY/wAAmP8AAJj/AACY//8AmP//AJj//wCY//8AmP//AJj//wCY//8AmP//AJj//wCY//8AmP//AJj//wCY//8AmP//AJj//wCY//8AmP//AJj//wCY//8AmP//AJj//wCY//8AmP//AJj//wCY//8AmP//AJj//wCY//8AmP//AJj//wCY//8AmP//AJj//wCY/wD///8A////AP///wD///8A////AP///wD///8A////AP///wAAmP8AAJj/AACY//8AmP//AJj//wCY//8AmP8AAJj/AACY/wAAmP8AAJj/AACY/wAAmP8AAJj/AACY/wAAmP8AAJj/AACY/wAAmP8AAJj/AACY/wAAmP8AAJj/AACY/wAAmP8AAJj/AACY/wAAmP8AAJj/AACY//8AmP//AJj//wCY//8AmP//AJj//wCY//8AmP//AJj//wCY//8AmP//AJj//wCY//8AmP//AJj//wCY//8AmP//AJj//wCY//8AmP//AJj//wCY//8AmP//AJj//wCY//8AmP//AJj//wCY//8AmP//AJj//wCY//8AmP//AJj//wCY/wD///8A////AP///wD///8A////AP///wD///8A////AP///wAAmP8AAJj/AACY//8AmP//AJj//wCY//8AmP8AAJj/AACY/wAAmP8AAJj/AACY/wAAmP8AAJj/AACY/wAAmP8AAJj/AACY/wAAmP8AAJj/AACY/wAAmP8AAJj/AACY/wAAmP8AAJj/AACY/wAAmP8AAJj/AACY//8AmP//AJj//wCY//8AmP//AJj//wCY//8AmP//AJj//wCY//8AmP//AJj//wCY//8AmP//AJj//wCY//8AmP//AJj//wCY//8AmP//AJj//wCY//8AmP//AJj//wCY//8AmP//AJj//wCY//8AmP//AJj//wCY//8AmP//AJj//wCY/wD///8A////AP///wD///8A////AP///wD///8A////AP///wAAmP8AAJj/AACY//8AmP//AJj//wCY//8AmP8AAJj/AACY/wAAmP8AAJj/AACY/wAAmP8AAJj/AACY/wAAmP8AAJj/AACY/wAAmP8AAJj/AACY/wAAmP8AAJj/AACY/wAAmP8AAJj/AACY/wAAmP8AAJj/AACY//8AmP//AJj//wCY//8AmP//AJj//wCY//8AmP//AJj//wCY//8AmP//AJj//wCY//8AmP//AJj//wCY//8AmP//AJj//wCY//8AmP//AJj//wCY//8AmP//AJj//wCY//8AmP//AJj//wCY//8AmP//AJj//wCY//8AmP//AJj//wCY/wD///8A////AP///wD///8A////AP///wD///8A////AP///wAAmP8AAJj/AACY//8AmP//AJj//wCY//8AmP8AAJj/AACY/wAAmP8AAJj/AACY/wAAmP8AAJj/AACY/wAAmP8AAJj/AACY/wAAmP8AAJj/AACY/wAAmP8AAJj/AACY/wAAmP8AAJj/AACY/wAAmP8AAJj/AACY//8AmP//AJj//wCY//8AmP//AJj//wCY//8AmP//AJj//wCY//8AmP//AJj//wCY//8AmP//AJj//wCY//8AmP//AJj//wCY//8AmP//AJj//wCY//8AmP//AJj//wCY//8AmP//AJj//wCY//8AmP//AJj//wCY//8AmP//AJj//wCY/wD///8A////AP///wD///8A////AP///wD///8A////AP///wAAmP8AAJj/AACY//8AmP//AJj//wCY//8AmP8AAJj/AACY/wAAmP8AAJj/AACY/wAAmP8AAJj/AACY/wAAmP8AAJj/AACY/wAAmP8AAJj/AACY/wAAmP8AAJj/AACY/wAAmP8AAJj/AACY/wAAmP8AAJj/AACY//8AmP//AJj//wCY//8AmP//AJj//wCY//8AmP//AJj//wCY//8AmP//AJj//wCY//8AmP//AJj//wCY//8AmP//AJj//wCY//8AmP//AJj//wCY//8AmP//AJj//wCY//8AmP//AJj//wCY//8AmP//AJj//wCY//8AmP//AJj//wCY/wD///8A////AP///wD///8A////AP///wD///8A////AP///wAAmP8AAJj/AACY//8AmP//AJj//wCY//8AmP8AAJj/AACY/wAAmP8AAJj/AACY/wAAmP8AAJj/AACY/wAAmP8AAJj/AACY/wAAmP8AAJj/AACY/wAAmP8AAJj/AACY/wAAmP8AAJj/AACY/wAAmP8AAJj/AACY//8AmP//AJj//wCY//8AmP//AJj//wCY//8AmP//AJj//wCY//8AmP//AJj//wCY//8AmP//AJj//wCY//8AmP//AJj//wCY//8AmP//AJj//wCY//8AmP//AJj//wCY//8AmP//AJj//wCY//8AmP//AJj//wCY//8AmP//AJj//wCY/wD///8A////AP///wD///8A////AP///wD///8A////AP///wAAmP8AAJj/AACY//8AmP//AJj//wCY//8AmP8AAJj/AACY/wAAmP8AAJj/AACY/wAAmP8AAJj/AACY/wAAmP8AAJj/AACY/wAAmP8AAJj/AACY/wAAmP8AAJj/AACY/wAAmP8AAJj/AACY/wAAmP8AAJj/AACY//8AmP//AJj//wCY//8AmP//AJj//wCY//8AmP//AJj//wCY//8AmP//AJj//wCY//8AmP//AJj//wCY//8AmP//AJj//wCY//8AmP//AJj//wCY//8AmP//AJj//wCY//8AmP//AJj//wCY//8AmP//AJj//wCY//8AmP//AJj//wCY/wD///8A////AP///wD///8A////AP///wD///8A////AP///wAAmP8AAJj/AACY//8AmP//AJj//wCY//8AmP8AAJj/AACY/wAAmP8AAJj//wCY//8AmP//AJj//wCY//8AmP//AJj//wCY//8AmP//AJj//wCY//8AmP//AJj//wCY//8AmP//AJj/AACY/wAAmP8AAJj/AACY//8AmP//AJj//wCY//8AmP//AJj//wCY//8AmP//AJj//wCY//8AmP//AJj//wCY//8AmP//AJj//wCY//8AmP//AJj//wCY//8AmP//AJj//wCY//8AmP//AJj//wCY//8AmP//AJj//wCY//8AmP//AJj//wCY//8AmP//AJj//wCY/wD///8A////AP///wD///8A////AP///wD///8A////AP///wAAmP8AAJj/AACY//8AmP//AJj//wCY//8AmP8AAJj/AACY/wAAmP8AAJj//wCY//8AmP//AJj//wCY//8AmP//AJj//wCY//8AmP//AJj//wCY//8AmP//AJj//wCY//8AmP//AJj/AACY/wAAmP8AAJj/AACY//8AmP//AJj//wCY//8AmP//AJj//wCY//8AmP//AJj//wCY//8AmP//AJj//wCY//8AmP//AJj//wCY//8AmP//AJj//wCY//8AmP//AJj//wCY//8AmP//AJj//wCY//8AmP//AJj//wCY//8AmP//AJj//wCY//8AmP//AJj//wCY/wD///8A////AP///wD///8A////AP///wD///8A////AP///wAAmP8AAJj/AACY//8AmP//AJj//wCY//8AmP8AAJj/AACY/wAAmP8AAJj//wCY//8AmP//AJj//wCY//8AmP//AJj//wCY//8AmP//AJj//wCY//8AmP//AJj//wCY//8AmP//AJj/AACY/wAAmP8AAJj/AACY//8AmP//AJj//wCY//8AmP//AJj//wCY//8AmP//AJj//wCY//8AmP//AJj//wCY//8AmP//AJj//wCY//8AmP//AJj//wCY//8AmP//AJj//wCY//8AmP//AJj//wCY//8AmP//AJj//wCY//8AmP//AJj//wCY//8AmP//AJj//wCY/wD///8A////AP///wD///8A////AP///wD///8A////AP///wAAmP8AAJj/AACY//8AmP//AJj//wCY//8AmP8AAJj/AACY/wAAmP8AAJj//wCY//8AmP//AJj//wCY//8AmP//AJj//wCY//8AmP//AJj//wCY//8AmP//AJj//wCY//8AmP//AJj/AACY/wAAmP8AAJj/AACY//8AmP//AJj//wCY//8AmP//AJj//wCY//8AmP//AJj//wCY//8AmP//AJj//wCY//8AmP//AJj//wCY//8AmP//AJj//wCY//8AmP//AJj//wCY//8AmP//AJj//wCY//8AmP//AJj//wCY//8AmP//AJj//wCY//8AmP//AJj//wCY/wD///8A////AP///wD///8A////AP///wD///8A////AP///wAAmP8AAJj/AACY//8AmP//AJj//wCY//8AmP8AAJj/AACY/wAAmP8AAJj//wCY//8AmP//AJj//wCY//8AmP//AJj//wCY//8AmP//AJj//wCY//8AmP//AJj//wCY//8AmP//AJj/AACY/wAAmP8AAJj/AACY//8AmP//AJj//wCY//8AmP//AJj//wCY//8AmP//AJj//wCY//8AmP//AJj//wCY//8AmP//AJj//wCY//8AmP//AJj//wCY//8AmP//AJj//wCY//8AmP//AJj//wCY//8AmP//AJj//wCY//8AmP//AJj//wCY//8AmP//AJj//wCY/wD///8A////AP///wD///8A////AP///wD///8A////AP///wAAmP8AAJj/AACY//8AmP//AJj//wCY//8AmP8AAJj/AACY/wAAmP8AAJj//wCY//8AmP//AJj//wCY//8AmP//AJj//wCY//8AmP//AJj//wCY//8AmP//AJj//wCY//8AmP//AJj/AACY/wAAmP8AAJj/AACY//8AmP//AJj//wCY//8AmP//AJj//wCY//8AmP//AJj//wCY//8AmP//AJj//wCY//8AmP//AJj//wCY//8AmP//AJj//wCY//8AmP//AJj//wCY//8AmP//AJj//wCY//8AmP//AJj//wCY//8AmP//AJj//wCY//8AmP//AJj//wCY/wD///8A////AP///wD///8A////AP///wD///8A////AP///wAAmP8AAJj/AACY//8AmP//AJj//wCY//8AmP8AAJj/AACY/wAAmP8AAJj//wCY//8AmP//AJj//wCY//8AmP//AJj//wCY//8AmP//AJj//wCY//8AmP//AJj//wCY//8AmP//AJj/AACY/wAAmP8AAJj/AACY//8AmP//AJj//wCY//8AmP//AJj//wCY//8AmP//AJj//wCY//8AmP//AJj//wCY//8AmP//AJj//wCY//8AmP//AJj//wCY//8AmP//AJj//wCY//8AmP//AJj//wCY//8AmP//AJj//wCY//8AmP//AJj//wCY//8AmP//AJj//wCY/wD///8A////AP///wD///8A////AP///wD///8A////AP///wAAmP8AAJj/AACY//8AmP//AJj//wCY//8AmP8AAJj/AACY/wAAmP8AAJj//wCY//8AmP//AJj//wCY//8AmP//AJj//wCY//8AmP//AJj//wCY//8AmP//AJj//wCY//8AmP//AJj/AACY/wAAmP8AAJj/AACY//8AmP//AJj//wCY//8AmP//AJj//wCY//8AmP//AJj//wCY//8AmP//AJj//wCY//8AmP//AJj//wCY//8AmP//AJj//wCY//8AmP//AJj//wCY//8AmP//AJj//wCY//8AmP//AJj//wCY//8AmP//AJj//wCY//8AmP//AJj//wCY/wD///8A////AP///wD///8A////AP///wD///8A////AP///wAAmP8AAJj/AACY//8AmP//AJj//wCY//8AmP8AAJj/AACY/wAAmP8AAJj//wCY//8AmP//AJj//wCY//8AmP//AJj//wCY//8AmP//AJj//wCY//8AmP//AJj//wCY//8AmP//AJj/AACY/wAAmP8AAJj/AACY//8AmP//AJj//wCY//8AmP//AJj//wCY//8AmP//AJj//wCY//8AmP//AJj//wCY//8AmP//AJj//wCY//8AmP//AJj//wCY//8AmP//AJj//wCY//8AmP//AJj//wCY//8AmP//AJj//wCY//8AmP//AJj//wCY//8AmP//AJj//wCY/wD///8A////AP///wD///8A////AP///wD///8A////AP///wAAmP8AAJj/AACY//8AmP//AJj//wCY//8AmP8AAJj/AACY/wAAmP8AAJj//wCY//8AmP//AJj//wCY//8AmP//AJj//wCY//8AmP//AJj//wCY//8AmP//AJj//wCY//8AmP//AJj/AACY/wAAmP8AAJj/AACY//8AmP//AJj//wCY//8AmP//AJj//wCY//8AmP//AJj//wCY//8AmP//AJj//wCY//8AmP//AJj//wCY//8AmP//AJj//wCY//8AmP//AJj//wCY//8AmP//AJj//wCY//8AmP//AJj//wCY//8AmP//AJj//wCY//8AmP//AJj//wCY/wD///8A////AP///wD///8A////AP///wD///8A////AP///wAAmP8AAJj/AACY//8AmP//AJj//wCY//8AmP8AAJj/AACY/wAAmP8AAJj//wCY//8AmP//AJj//wCY//8AmP//AJj//wCY//8AmP//AJj//wCY//8AmP//AJj//wCY//8AmP//AJj/AACY/wAAmP8AAJj/AACY//8AmP//AJj//wCY//8AmP//AJj//wCY//8AmP//AJj//wCY//8AmP//AJj//wCY//8AmP//AJj//wCY//8AmP//AJj//wCY//8AmP//AJj//wCY//8AmP//AJj//wCY//8AmP//AJj//wCY//8AmP//AJj//wCY//8AmP//AJj//wCY/wD///8A////AP///wD///8A////AP///wD///8A////AP///wAAmP8AAJj/AACY//8AmP//AJj//wCY//8AmP8AAJj/AACY/wAAmP8AAJj//wCY//8AmP//AJj//wCY//8AmP//AJj//wCY//8AmP//AJj//wCY//8AmP//AJj//wCY//8AmP//AJj/AACY/wAAmP8AAJj/AACY//8AmP//AJj//wCY//8AmP//AJj//wCY//8AmP//AJj//wCY//8AmP//AJj//wCY//8AmP//AJj//wCY//8AmP//AJj//wCY//8AmP//AJj//wCY//8AmP//AJj//wCY//8AmP//AJj//wCY//8AmP//AJj//wCY//8AmP//AJj//wCY/wD///8A////AP///wD///8A////AP///wD///8A////AP///wAAmP8AAJj/AACY//8AmP//AJj//wCY//8AmP8AAJj/AACY/wAAmP8AAJj//wCY//8AmP//AJj//wCY//8AmP//AJj//wCY//8AmP//AJj//wCY//8AmP//AJj//wCY//8AmP//AJj/AACY/wAAmP8AAJj/AACY//8AmP//AJj//wCY//8AmP//AJj//wCY//8AmP//AJj//wCY//8AmP//AJj//wCY//8AmP//AJj//wCY//8AmP//AJj//wCY//8AmP//AJj//wCY//8AmP//AJj//wCY//8AmP//AJj//wCY//8AmP//AJj//wCY//8AmP//AJj//wCY/wD///8A////AP///wD///8A////AP///wD///8A////AP///wAAmP8AAJj/AACY//8AmP//AJj//wCY//8AmP8AAJj/AACY/wAAmP8AAJj//wCY//8AmP//AJj//wCY//8AmP//AJj//wCY//8AmP//AJj//wCY//8AmP//AJj//wCY//8AmP//AJj/AACY/wAAmP8AAJj/AACY//8AmP//AJj//wCY//8AmP//AJj//wCY//8AmP//AJj//wCY//8AmP//AJj//wCY//8AmP//AJj//wCY//8AmP//AJj//wCY//8AmP//AJj//wCY//8AmP//AJj//wCY//8AmP//AJj//wCY//8AmP//AJj//wCY//8AmP//AJj//wCY/wD///8A////AP///wD///8A////AP///wD///8A////AP///wAAmP8AAJj/AACY//8AmP//AJj//wCY//8AmP8AAJj/AACY/wAAmP8AAJj//wCY//8AmP//AJj//wCY//8AmP//AJj//wCY//8AmP//AJj//wCY//8AmP//AJj//wCY//8AmP//AJj/AACY/wAAmP8AAJj/AACY//8AmP//AJj//wCY//8AmP//AJj//wCY//8AmP//AJj//wCY//8AmP//AJj//wCY//8AmP//AJj//wCY//8AmP//AJj//wCY//8AmP//AJj//wCY//8AmP//AJj//wCY//8AmP//AJj//wCY//8AmP//AJj//wCY//8AmP//AJj//wCY/wD///8A////AP///wD///8A////AP///wD///8A////AP///wAAmP8AAJj/AACY//8AmP//AJj//wCY//8AmP8AAJj/AACY/wAAmP8AAJj//wCY//8AmP//AJj//wCY//8AmP//AJj//wCY//8AmP//AJj//wCY//8AmP//AJj//wCY//8AmP//AJj/AACY/wAAmP8AAJj/AACY//8AmP//AJj//wCY//8AmP//AJj//wCY//8AmP//AJj//wCY//8AmP//AJj//wCY//8AmP//AJj//wCY//8AmP//AJj//wCY//8AmP//AJj//wCY//8AmP//AJj//wCY//8AmP//AJj//wCY//8AmP//AJj//wCY//8AmP//AJj//wCY/wD///8A////AP///wD///8A////AP///wD///8A////AP///wAAmP8AAJj/AACY//8AmP//AJj//wCY//8AmP8AAJj/AACY/wAAmP8AAJj//wCY//8AmP//AJj//wCY//8AmP//AJj//wCY//8AmP//AJj//wCY//8AmP//AJj//wCY//8AmP//AJj/AACY/wAAmP8AAJj/AACY//8AmP//AJj//wCY//8AmP//AJj//wCY//8AmP//AJj//wCY//8AmP//AJj//wCY//8AmP//AJj//wCY//8AmP//AJj//wCY//8AmP//AJj//wCY//8AmP//AJj//wCY//8AmP//AJj//wCY//8AmP//AJj//wCY//8AmP//AJj//wCY/wD///8A////AP///wD///8A////AP///wD///8A////AP///wAAmP8AAJj/AACY//8AmP//AJj//wCY//8AmP8AAJj/AACY/wAAmP8AAJj//wCY//8AmP//AJj//wCY//8AmP//AJj//wCY//8AmP//AJj//wCY//8AmP//AJj//wCY//8AmP//AJj/AACY/wAAmP8AAJj/AACY//8AmP//AJj//wCY//8AmP//AJj//wCY//8AmP//AJj//wCY//8AmP//AJj//wCY//8AmP//AJj//wCY//8AmP//AJj//wCY//8AmP//AJj//wCY//8AmP//AJj//wCY//8AmP//AJj//wCY//8AmP//AJj//wCY//8AmP//AJj//wCY/wD///8A////AP///wD///8A////AP///wD///8A////AP///wAAmP8AAJj/AACY//8AmP//AJj//wCY//8AmP8AAJj/AACY/wAAmP8AAJj//wCY//8AmP//AJj//wCY//8AmP//AJj//wCY//8AmP//AJj//wCY//8AmP//AJj//wCY//8AmP//AJj/AACY/wAAmP8AAJj/AACY//8AmP//AJj//wCY//8AmP//AJj//wCY//8AmP//AJj//wCY//8AmP//AJj//wCY//8AmP//AJj//wCY//8AmP//AJj//wCY//8AmP//AJj//wCY//8AmP//AJj//wCY//8AmP//AJj//wCY//8AmP//AJj//wCY//8AmP//AJj//wCY/wD///8A////AP///wD///8A////AP///wD///8A////AP///wAAmP8AAJj/AACY//8AmP//AJj//wCY//8AmP8AAJj/AACY/wAAmP8AAJj//wCY//8AmP//AJj//wCY//8AmP//AJj//wCY//8AmP//AJj//wCY//8AmP//AJj//wCY//8AmP//AJj/AACY/wAAmP8AAJj/AACY//8AmP//AJj//wCY//8AmP//AJj//wCY//8AmP//AJj//wCY//8AmP//AJj//wCY//8AmP//AJj//wCY//8AmP//AJj//wCY//8AmP//AJj//wCY//8AmP//AJj//wCY//8AmP//AJj//wCY//8AmP//AJj//wCY//8AmP//AJj//wCY/wD///8A////AP///wD///8A////AP///wD///8A////AP///wAAmP8AAJj/AACY//8AmP//AJj//wCY//8AmP8AAJj/AACY/wAAmP8AAJj//wCY//8AmP//AJj//wCY//8AmP//AJj//wCY//8AmP//AJj//wCY//8AmP//AJj//wCY//8AmP//AJj/AACY/wAAmP8AAJj/AACY//8AmP//AJj//wCY//8AmP//AJj//wCY//8AmP//AJj//wCY//8AmP//AJj//wCY//8AmP//AJj//wCY//8AmP//AJj//wCY//8AmP//AJj//wCY//8AmP//AJj//wCY//8AmP//AJj//wCY//8AmP//AJj//wCY//8AmP//AJj//wCY/wD///8A////AP///wD///8A////AP///wD///8A////AP///wAAmP8AAJj/AACY//8AmP//AJj//wCY//8AmP8AAJj/AACY/wAAmP8AAJj//wCY//8AmP//AJj//wCY//8AmP//AJj//wCY//8AmP//AJj//wCY//8AmP//AJj//wCY//8AmP//AJj/AACY/wAAmP8AAJj/AACY//8AmP//AJj//wCY//8AmP//AJj//wCY//8AmP//AJj//wCY//8AmP//AJj//wCY//8AmP//AJj//wCY//8AmP//AJj//wCY//8AmP//AJj//wCY//8AmP//AJj//wCY//8AmP//AJj//wCY//8AmP//AJj//wCY//8AmP//AJj//wCY/wD///8A////AP///wD///8A////AP///wD///8A////AP///wAAmP8AAJj/AACY//8AmP//AJj//wCY//8AmP8AAJj/AACY/wAAmP8AAJj//wCY//8AmP//AJj//wCY//8AmP//AJj//wCY//8AmP//AJj//wCY//8AmP//AJj//wCY//8AmP//AJj/AACY/wAAmP8AAJj/AACY/yEAmP+FAJj/5gCY//8AmP//AJj//wCY//8AmP//AJj//wCY//8AmP//AJj//wCY//8AmP//AJj/AACY/wAAmP8AAJj/AACY/wAAmP8AAJj/AACY/wAAmP8AAJj/AACY/wAAmP8AAJj/AACY/wAAmP8AAJj/AACY/wAAmP8AAJj/AACY/wD///8A////AP///wD///8A////AP///wD///8A////AP///wAAmP8AAJj/AACY//8AmP//AJj//wCY//8AmP8AAJj/AACY/wAAmP8AAJj//wCY//8AmP//AJj//wCY//8AmP//AJj//wCY//8AmP//AJj//wCY//8AmP//AJj//wCY//8AmP//AJj/WwCY/wkAmP8AAJj/AACY/wAAmP8AAJj/BQCY/1IAmP+4AJj//QCY//8AmP//AJj//wCY//8AmP//AJj//wCY//8AmP//AJj/AACY/wAAmP8AAJj/AACY/wAAmP8AAJj/AACY/wAAmP8AAJj/AACY/wAAmP8AAJj/AACY/wAAmP8AAJj/AACY/wAAmP8AAJj/AACY/wD///8A////AP///wD///8A////AP///wD///8A////AP///wAAmP8AAJj/AACY//8AmP//AJj//wCY//8AmP8AAJj/AACY/wAAmP8AAJj//wCY//8AmP//AJj//wCY//8AmP//AJj//wCY//8AmP//AJj//wCY//8AmP//AJj//wCY//8AmP//AJj//wCY//AAmP+UAJj/KwCY/wAAmP8AAJj/AACY/wAAmP8AAJj/IQCY/4UAmP/mAJj//wCY//8AmP//AJj//wCY//8AmP//AJj/AACY/wAAmP8AAJj/AACY/wAAmP8AAJj/AACY/wAAmP8AAJj/AACY/wAAmP8AAJj/AACY/wAAmP8AAJj/AACY/wAAmP8AAJj/AACY/wD///8A////AP///wD///8A////AP///wD///8A////AP///wAAmP8AAJj/AACY//8AmP//AJj//wCY//8AmP8AAJj/AACY/wAAmP8AAJj//wCY//8AmP//AJj//wCY//8AmP//AJj//wCY//8AmP//AJj//wCY//8AmP//AJj//wCY//8AmP//AJj//wCY//8AmP//AJj//wCY/8MAmP9dAJj/CQCY/wAAmP8AAJj/AACY/wAAmP8FAJj/UgCY/7gAmP/9AJj//wCY//8AmP//AJj/AACY/wAAmP8AAJj/AACY/wAAmP8AAJj/AACY/wAAmP8AAJj/AACY/wAAmP8AAJj/AACY/wAAmP8AAJj/AACY/wAAmP8AAJj/AACY/wD///8A////AP///wD///8A////AP///wD///8A////AP///wAAmP8AAJj/AACY//8AmP//AJj//wCY//8AmP8AAJj/AACY/wAAmP8AAJj//wCY//8AmP//AJj//wCY//8AmP//AJj//wCY//8AmP//AJj//wCY//8AmP//AJj//wCY//8AmP//AJj//wCY//8AmP//AJj//wCY//8AmP//AJj/7QCY/48AmP8pAJj/AACY/wAAmP8AAJj/AACY/wAAmP8hAJj/hgCY/+cAmP//AJj/AACY/wAAmP8AAJj/AACY/wAAmP8AAJj/AACY/wAAmP8AAJj/AACY/wAAmP8AAJj/AACY/wAAmP8AAJj/AACY/wAAmP8AAJj/AACY/wD///8A////AP///wD///8A////AP///wD///8A////AP///wAAmP8AAJj/AACY//8AmP//AJj//wCY//8AmP8AAJj/AACY/wAAmP8AAJj//wCY//8AmP//AJj//wCY//8AmP//AJj//wCY//8AmP//AJj//wCY//8AmP//AJj//wCY//8AmP//AJj//wCY//8AmP//AJj//wCY//8AmP//AJj//wCY//8AmP//AJj/wgCY/1wAmP8IAJj/AACY/wAAmP8AAJj/AACY/wUAmP9TAJj/AACY/wAAmP8AAJj/AACY/wAAmP8AAJj/AACY/wAAmP8AAJj/AACY/wAAmP8AAJj/AACY/wAAmP8AAJj/AACY/wAAmP8AAJj/AACY/wD///8A////AP///wD///8A////AP///wD///8A////AP///wAAmP8AAJj/AACY//8AmP//AJj//wCY//8AmP8AAJj/AACY/wAAmP8AAJj//wCY//8AmP//AJj//wCY//8AmP//AJj//wCY//8AmP//AJj//wCY//8AmP//AJj//wCY//8AmP//AJj//wCY//8AmP//AJj//wCY//8AmP//AJj//wCY//8AmP//AJj//wCY//8AmP/tAJj/jwCY/ykAmP8AAJj/AACY/wAAmP8AAJj/AACY/wAAmP8AAJj/AACY/wAAmP8AAJj/AACY/wAAmP8AAJj/AACY/wAAmP8AAJj/AACY/wAAmP8AAJj/AACY/wAAmP8AAJj/AACY/wD///8A////AP///wD///8A////AP///wD///8A////AP///wAAmP8AAJj/AACY//8AmP//AJj//wCY//8AmP8AAJj/AACY/wAAmP8AAJj//wCY//8AmP//AJj//wCY//8AmP//AJj//wCY//8AmP//AJj//wCY//8AmP//AJj//wCY//8AmP//AJj//wCY//8AmP//AJj//wCY//8AmP//AJj//wCY//8AmP//AJj//wCY//8AmP//AJj//wCY//8AmP/CAJj/AACY/wAAmP8AAJj/AACY/wAAmP8AAJj/AACY/wAAmP8AAJj/AACY/wAAmP8AAJj/AACY/wAAmP8AAJj/AACY/wAAmP8AAJj/AACY/wAAmP8AAJj/AACY/wD///8A////AP///wD///8A////AP///wD///8A////AP///wAAmP8AAJj/AACY/wAAmP8AAJj/AACY/wAAmP8AAJj/AACY/wAAmP8AAJj/AACY/wAAmP8AAJj/AACY/wAAmP8AAJj/AACY/wAAmP8AAJj/AACY/wAAmP8AAJj/AACY/wAAmP8AAJj/AACY/wAAmP8AAJj/AACY/wAAmP8AAJj/AACY/wAAmP8AAJj/AACY/wAAmP8AAJj/AACY/wAAmP8AAJj/AACY/wAAmP8AAJj/AACY/wAAmP8AAJj/AACY/wAAmP8AAJj/AACY/wAAmP8AAJj/AACY/wAAmP8AAJj/AACY/wAAmP8AAJj/AACY/wAAmP8AAJj/AACY/wD///8A////AP///wD///8A////AP///wD///8A////AP///wAAmP8AAJj/AACY/wAAmP8AAJj/AACY/wAAmP8AAJj/AACY/wAAmP8AAJj/AACY/wAAmP8AAJj/AACY/wAAmP8AAJj/AACY/wAAmP8AAJj/AACY/wAAmP8AAJj/AACY/wAAmP8AAJj/AACY/wAAmP8AAJj/AACY/wAAmP8AAJj/AACY/wAAmP8AAJj/AACY/wAAmP8AAJj/AACY/wAAmP8AAJj/AACY/wAAmP8AAJj/AACY/wAAmP8AAJj/AACY/wAAmP8AAJj/AACY/wAAmP8AAJj/AACY/wAAmP8AAJj/AACY/wAAmP8AAJj/AACY/wAAmP8AAJj/AACY/wD///8A////AP///wD///8A////AP///wD///8A////AP///wAAmP8AAJj/AACY/wAAmP8AAJj/AACY/wAAmP8AAJj/AACY/wAAmP8AAJj/AACY/wAAmP8AAJj/AACY/wAAmP8AAJj/AACY/wAAmP8AAJj/AACY/wAAmP8AAJj/AACY/wAAmP8AAJj/AACY/wAAmP8AAJj/AACY/wAAmP8AAJj/AACY/wAAmP8AAJj/AACY/wAAmP8AAJj/AACY/wAAmP8AAJj/AACY/wAAmP8AAJj/AACY/wAAmP8AAJj/AACY/wAAmP8AAJj/AACY/wAAmP8AAJj/AACY/wAAmP8AAJj/AACY/wAAmP8AAJj/AACY/wAAmP8AAJj/AACY/wD///8A////AP///wD///8A////AP///wD///8A////AP///wAAmP8AAJj/AACY/wAAmP8AAJj/AACY/wAAmP8AAJj/AACY/wAAmP8AAJj/AACY/wAAmP8AAJj/AACY/wAAmP8AAJj/AACY/wAAmP8AAJj/AACY/wAAmP8AAJj/AACY/wAAmP8AAJj/AACY/wAAmP8AAJj/AACY/wAAmP8AAJj/AACY/wAAmP8AAJj/AACY/wAAmP8AAJj/AACY/wAAmP8AAJj/AACY/wAAmP8AAJj/AACY/wAAmP8AAJj/AACY/wAAmP8AAJj/AACY/wAAmP8AAJj/AACY/wAAmP8AAJj/AACY/wAAmP8AAJj/AACY/wAAmP8AAJj/AACY/wD///8A////AP///wD///8A////AP///wD///8A////AP///wAAmP8AAJj/AACY/wAAmP8AAJj/AACY/wAAmP8AAJj/AACY/wAAmP8AAJj/AACY/wAAmP8AAJj/AACY/wAAmP8AAJj/AACY/wAAmP8AAJj/AACY/wAAmP8AAJj/AACY/wAAmP8AAJj/AACY/wAAmP8AAJj/AACY/wAAmP8AAJj/AACY/wAAmP8AAJj/AACY/wAAmP8AAJj/AACY/wAAmP8AAJj/AACY/wAAmP8AAJj/AACY/wAAmP8AAJj/AACY/wAAmP8AAJj/AACY/wAAmP8AAJj/AACY/wAAmP8AAJj/AACY/wAAmP8AAJj/AACY/wAAmP8AAJj/AACY/wD///8A////AP///wD///8A////AP///wD///8A////AP///wAAmP8AAJj/AACY/wAAmP8AAJj/AACY/wAAmP8AAJj/AACY/wAAmP8AAJj/AACY/wAAmP8AAJj/AACY/wAAmP8AAJj/AACY/wAAmP8AAJj/AACY/wAAmP8AAJj/AACY/wAAmP8AAJj/AACY/wAAmP8AAJj/AACY/wAAmP8AAJj/AACY/wAAmP8AAJj/AACY/wAAmP8AAJj/AACY/wAAmP8AAJj/AACY/wAAmP8AAJj/AACY/wAAmP8AAJj/AACY/wAAmP8AAJj/AACY/wAAmP8AAJj/AACY/wAAmP8AAJj/AACY/wAAmP8AAJj/AACY/wAAmP8AAJj/AACY/wD///8A////AP///wD///8A////AP///wD///8A////AP///wAAmP8AAJj/AACY/wAAmP8AAJj/AACY/wAAmP8AAJj/AACY/wAAmP8AAJj/AACY/wAAmP8AAJj/AACY/wAAmP8AAJj/AACY/wAAmP8AAJj/AACY/wAAmP8AAJj/AACY/wAAmP8AAJj/AACY/wAAmP8AAJj/AACY/wAAmP8AAJj/AACY/wAAmP8AAJj/AACY/wAAmP8AAJj/AACY/wAAmP8AAJj/AACY/wAAmP8AAJj/AACY/wAAmP8AAJj/AACY/wAAmP8AAJj/AACY/wAAmP8AAJj/AACY/wAAmP8AAJj/AACY/wAAmP8AAJj/AACY/wAAmP8AAJj/AACY/wD///8A////AP///wD///8A////AP///wD///8A////AP///wAAmP8AAJj/AACY/wAAmP8AAJj/AACY/wAAmP8AAJj/AACY/wAAmP8AAJj/AACY/wAAmP8AAJj/AACY/wAAmP8AAJj/AACY/wAAmP8AAJj/AACY/wAAmP8AAJj/AACY/wAAmP8AAJj/AACY/wAAmP8AAJj/AACY/wAAmP8AAJj/AACY/wAAmP8AAJj/AACY/wAAmP8AAJj/AACY/wAAmP8AAJj/AACY/wAAmP8AAJj/AACY/wAAmP8AAJj/AACY/wAAmP8AAJj/AACY/wAAmP8AAJj/AACY/wAAmP8AAJj/AACY/wAAmP8AAJj/AACY/wAAmP8AAJj/AACY/wD///8A////AP///wD///8A////AP///wD///8A////AP///wD///8A////AP///wD///8A////AP///wD///8A////AP///wD///8A////AP///wD///8A////AP///wD///8A////AP///wD///8A////AP///wD///8A////AP///wD///8A////AP///wD///8A////AP///wD///8A////AP///wD///8A////AP///wD///8A////AP///wD///8A////AP///wD///8A////AP///wD///8A////AP///wD///8A////AP///wD///8A////AP///wD///8A////AP///wD///8A////AP///wD///8A////AP///wD///8A////AP///wD///8A////AP///////////wAAAP///////////wAAAPw//////////wAAAPw//////////wAAAPw//////////wAAAPw//////////wAAAPw//////////wAAAPw//////////wAAAPw//////////wAAAPw//////////wAAAPw//////////wAAAPw//////////wAAAPw//////////wAAAPw//////////wAAAPw//////////wAAAPw//////////wAAAPw//////////wAAAPw//////////wAAAPw//////////wAAAPw//////////wAAAPw//////////wAAAPw//////////wAAAPw//////////wAAAPw//////////wAAAPw//////////wAAAPw///+AAAAAPwAAAPw///+AAAAAPwAAAPw///+AAAAAPwAAAPw///+AAAAAPwAAAPw///+AAAAAPwAAAPw///+AAAAAPwAAAPw///+AAAAAPwAAAPw///+AAAAAPwAAAPw8AAeAAAAAPwAAAPw8AAeAAAAAPwAAAPw8AAeAAAAAPwAAAPw8AAeAAAAAPwAAAPw8AAeAAAAAPwAAAPw8AAeAAAAAPwAAAPw8AAeAAAAAPwAAAPw8AAeAAAAAPwAAAPw8AAeAAAAAPwAAAPw8AAeAAAAAPwAAAPw8AAeAAAAAPwAAAPw8AAeAAAAAPwAAAPw8AAeAAAAAPwAAAPw8AAeAAAAAPwAAAPw8AAeAAAAAPwAAAPw8AAeAAAAAPwAAAPw8AAeAAAAAPwAAAPw8AAeAAAAAPwAAAPw8AAeAAAAAPwAAAPw8AAeAAAAAPwAAAPw8AAeAAAAAPwAAAPw8AAeAAAAAPwAAAPw8AAeAAf///wAAAPw8AAHgAf///wAAAPw8AAB8Af///wAAAPw8AAAPAf///wAAAPw8AAAD4f///wAAAPw8AAAAef///wAAAPw8AAAAH////wAAAPw8AAAAD////wAAAP///////////wAAAP///////////wAAAP///////////wAAAP///////////wAAAP///////////wAAAP///////////wAAAP///////////wAAAP///////////wAAAP///////////wAAAA==</Flag>
    <Flag Caption="Pink Flag">AAABAAcAEBAAAAEAIABoBAAAdgAAABgYAAABACAAiAkAAN4EAAAgIAAAAQAgAKgQAABmDgAAICAAAAEAIACoEAAADh8AADAwAAABACAAqCUAALYvAABAQAAAAQAgAChCAABeVQAASEgAAAEAIACIVAAAhpcAACgAAAAQAAAAIAAAAAEAIAAAAAAAAAAAAAAAAAAAAAAAAAAAAAAAAADQu/gA0Lv4ANC7+ADQu/gA0Lv4ANC7+ADQu/gA0Lv4ANC7+ADQu/gA0Lv4ANC7+ADQu/gA0Lv4ANC7+ADQu/gA0Lv4ANC7+P/Qu/j/0Lv4ANC7+ADQu/gA0Lv4ANC7+ADQu/gA0Lv4ANC7+ADQu/gA0Lv4ANC7+ADQu/gA0Lv4ANC7+ADQu/j/0Lv4/9C7+ADQu/gA0Lv4ANC7+ADQu/gA0Lv4ANC7+ADQu/gA0Lv4ANC7+ADQu/gA0Lv4ANC7+ADQu/gA0Lv4/9C7+P/Qu/gA0Lv4ANC7+ADQu/gA0Lv4ANC7+ADQu/gA0Lv4ANC7+ADQu/gA0Lv4ANC7+ADQu/gA0Lv4ANC7+P/Qu/j/0Lv4ANC7+ADQu/gA0Lv4ANC7+ADQu/gA0Lv4ANC7+ADQu/gA0Lv4ANC7+ADQu/gA0Lv4ANC7+ADQu/j/0Lv4/9C7+ADQu/gA0Lv4ANC7+ADQu/gA0Lv4ANC7+ADQu/gA0Lv4ANC7+ADQu/gA0Lv4ANC7+ADQu/gA0Lv4/9C7+P/Qu/gA0Lv4ANC7+ADQu/gA0Lv4ANC7+P/Qu/j/0Lv4/9C7+P/Qu/j/0Lv4/9C7+P/Qu/j/0Lv4ANC7+P/Qu/j/0Lv4ANC7+ADQu/gA0Lv4ANC7+ADQu/j/0Lv4/9C7+P/Qu/j/0Lv4/9C7+P/Qu/j/0Lv4/9C7+ADQu/j/0Lv4/9C7+ADQu/j/0Lv4/9C7+P/Qu/ga0Lv4/9C7+P/Qu/j/0Lv4/9C7+P/Qu/j/0Lv4/9C7+P/Qu/gA0Lv4/9C7+P/Qu/gA0Lv4/9C7+P/Qu/j/0Lv4GtC7+P/Qu/j/0Lv4/9C7+P/Qu/j/0Lv4/9C7+P/Qu/j/0Lv4ANC7+P/Qu/j/0Lv4ANC7+P/Qu/j/0Lv4/9C7+BrQu/j/0Lv4/9C7+P/Qu/j/0Lv4/9C7+P/Qu/j/0Lv4/9C7+ADQu/j/0Lv4/9C7+ADQu/j/0Lv4/9C7+P/Qu/ga0Lv4/9C7+P/Qu/j/0Lv4/9C7+P/Qu/j/0Lv4/9C7+P/Qu/gA0Lv4/9C7+P/Qu/gA0Lv4/9C7+P/Qu/j/0Lv4GtC7+P/Qu/j/0Lv4/9C7+P/Qu/j/0Lv4/9C7+P/Qu/j/0Lv4ANC7+P/Qu/j/0Lv4ANC7+P/Qu/j/0Lv4/9C7+BrQu/ga0Lv4GtC7+BrQu/ga0Lv4ANC7+ADQu/gA0Lv4ANC7+ADQu/j/0Lv4/9C7+ADQu/j/0Lv4/9C7+P/Qu/j/0Lv4/9C7+P/Qu/j/0Lv4/9C7+ADQu/gA0Lv4ANC7+ADQu/gA0Lv4ANC7+ADQu/gA0Lv4ANC7+ADQu/gA0Lv4ANC7+ADQu/gA0Lv4ANC7+ADQu/gA0Lv4ANC7+ADQu/gA//8AAJ//AACf/wAAn/8AAJ//AACf/wAAnwAAAJ8AAACQAAAAkAAAAJAAAACQAAAAkAAAAJAPAACQDwAA//8AACgAAAAYAAAAMAAAAAEAIAAAAAAAAAAAAAAAAAAAAAAAAAAAAAAAAADQu/gA0Lv4/9C7+P/Qu/j/0Lv4ANC7+ADQu/gA0Lv4ANC7+ADQu/gA0Lv4ANC7+ADQu/gA0Lv4ANC7+ADQu/gA0Lv4ANC7+ADQu/gA0Lv4ANC7+ADQu/gA0Lv4ANC7+ADQu/gA0Lv4/9C7+P/Qu/j/0Lv4ANC7+ADQu/gA0Lv4ANC7+ADQu/gA0Lv4ANC7+ADQu/gA0Lv4ANC7+ADQu/gA0Lv4ANC7+ADQu/gA0Lv4ANC7+ADQu/gA0Lv4ANC7+ADQu/gA0Lv4/9C7+P/Qu/j/0Lv4ANC7+ADQu/gA0Lv4ANC7+ADQu/gA0Lv4ANC7+ADQu/gA0Lv4ANC7+ADQu/gA0Lv4ANC7+ADQu/gA0Lv4ANC7+ADQu/gA0Lv4ANC7+ADQu/gA0Lv4/9C7+P/Qu/j/0Lv4ANC7+ADQu/gA0Lv4ANC7+ADQu/gA0Lv4ANC7+ADQu/gA0Lv4ANC7+ADQu/gA0Lv4ANC7+ADQu/gA0Lv4ANC7+ADQu/gA0Lv4ANC7+ADQu/gA0Lv4/9C7+P/Qu/j/0Lv4ANC7+ADQu/gA0Lv4ANC7+ADQu/gA0Lv4ANC7+ADQu/gA0Lv4ANC7+ADQu/gA0Lv4ANC7+ADQu/gA0Lv4ANC7+ADQu/gA0Lv4ANC7+ADQu/gA0Lv4/9C7+P/Qu/j/0Lv4ANC7+ADQu/gA0Lv4ANC7+ADQu/gA0Lv4ANC7+ADQu/gA0Lv4ANC7+ADQu/gA0Lv4ANC7+ADQu/gA0Lv4ANC7+ADQu/gA0Lv4ANC7+ADQu/gA0Lv4/9C7+P/Qu/j/0Lv4ANC7+ADQu/gA0Lv4ANC7+ADQu/gA0Lv4ANC7+ADQu/gA0Lv4ANC7+ADQu/gA0Lv4ANC7+ADQu/gA0Lv4ANC7+ADQu/gA0Lv4ANC7+ADQu/gA0Lv4/9C7+P/Qu/j/0Lv4ANC7+ADQu/gA0Lv4ANC7+ADQu/gA0Lv4ANC7+ADQu/gA0Lv4ANC7+ADQu/gA0Lv4ANC7+ADQu/gA0Lv4ANC7+ADQu/gA0Lv4ANC7+ADQu/gA0Lv4/9C7+P/Qu/j/0Lv4ANC7+ADQu/gA0Lv4ANC7+ADQu/gA0Lv4ANC7+ADQu/gA0Lv4ANC7+ADQu/gA0Lv4ANC7+ADQu/gA0Lv4ANC7+ADQu/gA0Lv4ANC7+ADQu/gA0Lv4/9C7+P/Qu/j/0Lv4ANC7+ADQu/gA0Lv4ANC7+ADQu/gA0Lv4ANC7+ADQu/j/0Lv4/9C7+P/Qu/j/0Lv4/9C7+P/Qu/j/0Lv4/9C7+P/Qu/j/0Lv4/9C7+P/Qu/gA0Lv4/9C7+P/Qu/j/0Lv4ANC7+ADQu/gA0Lv4ANC7+ADQu/gA0Lv4ANC7+ADQu/j/0Lv4/9C7+P/Qu/j/0Lv4/9C7+P/Qu/j/0Lv4/9C7+P/Qu/j/0Lv4/9C7+P/Qu/gA0Lv4/9C7+P/Qu/j/0Lv4ANC7+ADQu/gA0Lv4ANC7+ADQu/gA0Lv4ANC7+ADQu/j/0Lv4/9C7+P/Qu/j/0Lv4/9C7+P/Qu/j/0Lv4/9C7+P/Qu/j/0Lv4/9C7+P/Qu/gA0Lv4/9C7+P/Qu/j/0Lv4ANC7+ADQu/gA0Lv4ANC7+ADQu/gA0Lv4ANC7+ADQu/j/0Lv4/9C7+P/Qu/j/0Lv4/9C7+P/Qu/j/0Lv4/9C7+P/Qu/j/0Lv4/9C7+P/Qu/gA0Lv4/9C7+P/Qu/j/0Lv4ANC7+P/Qu/j/0Lv4/9C7+P/Qu/j/0Lv4/9C7+BrQu/j/0Lv4/9C7+P/Qu/j/0Lv4/9C7+P/Qu/j/0Lv4/9C7+P/Qu/j/0Lv4/9C7+P/Qu/gA0Lv4/9C7+P/Qu/j/0Lv4ANC7+P/Qu/j/0Lv4/9C7+P/Qu/j/0Lv4/9C7+BrQu/j/0Lv4/9C7+P/Qu/j/0Lv4/9C7+P/Qu/j/0Lv4/9C7+P/Qu/j/0Lv4/9C7+P/Qu/gA0Lv4/9C7+P/Qu/j/0Lv4ANC7+P/Qu/j/0Lv4/9C7+P/Qu/j/0Lv4/9C7+BrQu/j/0Lv4/9C7+P/Qu/j/0Lv4/9C7+P/Qu/j/0Lv4/9C7+P/Qu/j/0Lv4/9C7+P/Qu/gA0Lv4/9C7+P/Qu/j/0Lv4ANC7+P/Qu/j/0Lv4/9C7+P/Qu/j/0Lv4/9C7+BrQu/j/0Lv4/9C7+P/Qu/j/0Lv4/9C7+P/Qu/j/0Lv4/9C7+P/Qu/j/0Lv4/9C7+P/Qu/gA0Lv4/9C7+P/Qu/j/0Lv4ANC7+P/Qu/j/0Lv4/9C7+P/Qu/j/0Lv4/9C7+BrQu/j/0Lv4/9C7+P/Qu/j/0Lv4/9C7+P/Qu/j/0Lv4/9C7+P/Qu/j/0Lv4/9C7+P/Qu/gA0Lv4/9C7+P/Qu/j/0Lv4ANC7+P/Qu/j/0Lv4/9C7+P/Qu/j/0Lv4/9C7+BrQu/j/0Lv4/9C7+P/Qu/j/0Lv4/9C7+P/Qu/j/0Lv4/9C7+P/Qu/j/0Lv4/9C7+P/Qu/gA0Lv4/9C7+P/Qu/j/0Lv4ANC7+P/Qu/j/0Lv4/9C7+P/Qu/j/0Lv4/9C7+BrQu/j/0Lv4/9C7+P/Qu/j/0Lv4/9C7+P/Qu/j/0Lv4/9C7+P/Qu/j/0Lv4/9C7+P/Qu/gA0Lv4/9C7+P/Qu/j/0Lv4ANC7+P/Qu/j/0Lv4/9C7+P/Qu/j/0Lv4/9C7+BrQu/ga0Lv4GtC7+BrQu/ga0Lv4GtC7+ADQu/gA0Lv4ANC7+ADQu/gA0Lv4ANC7+ADQu/gA0Lv4/9C7+P/Qu/j/0Lv4ANC7+P/Qu/j/0Lv4/9C7+P/Qu/j/0Lv4/9C7+P/Qu/j/0Lv4/9C7+P/Qu/j/0Lv4/9C7+ADQu/gA0Lv4ANC7+ADQu/gA0Lv4ANC7+ADQu/gA0Lv4/9C7+P/Qu/j/0Lv4ANC7+P/Qu/j/0Lv4/9C7+P/Qu/j/0Lv4/9C7+P/Qu/j/0Lv4/9C7+P/Qu/j/0Lv4/9C7+ADQu/gA0Lv4ANC7+ADQu/gA0Lv4ANC7+ADQu/gA0Lv4/9C7+P/Qu/j/0Lv4ANC7+P/Qu/j/0Lv4/9C7+P/Qu/j/0Lv4/9C7+P/Qu/j/0Lv4/9C7+P/Qu/j/0Lv4/9C7+ADQu/gA0Lv4ANC7+ADQu/gA0Lv4ANC7+ACP//8Aj///AI///wCP//8Aj///AI///wCP//8Aj///AI///wCP8AAAj/AAAI/wAACP8AAAiAAAAIgAAACIAAAAiAAAAIgAAACIAAAAiAAAAIgAfwCIAH8AiAB/AIgAfwAoAAAAIAAAAEAAAAABACAAAAAAAAAAAAAAAAAAAAAAAAAAAAAAAAAA////AP///wDTwP8A08D/ANPA/wDTwP8A////AP///wD///8A////AP///wD///8A////AP///wD///8A////AP///wD///8A////AP///wD///8A////AP///wD///8A////AP///wD///8A////AP///wD///8A////AP///wD///8A////ANPA/wDTwP8A08D/7tPA/wD///8A////AP///wD///8A////AP///wD///8A////AP///wD///8A////AP///wD///8A////AP///wD///8A////AP///wD///8A////AP///wD///8A////AP///wD///8A////AP///wD///8A08D/ANPA/wDTwP//08D/AP///wD///8A////AP///wD///8A////AP///wD///8A////AP///wD///8A////AP///wD///8A////AP///wD///8A////AP///wD///8A////AP///wD///8A////AP///wD///8A////AP///wDTwP8A08D/ANPA///TwP8A////AP///wD///8A////AP///wD///8A////AP///wD///8A////AP///wD///8A////AP///wD///8A////AP///wD///8A////AP///wD///8A////AP///wD///8A////AP///wD///8A////ANPA/wDTwP8A08D//9PA/wD///8A////AP///wD///8A////AP///wD///8A////AP///wD///8A////AP///wD///8A////AP///wD///8A////AP///wD///8A////AP///wD///8A////AP///wD///8A////AP///wD///8A08D/ANPA/wDTwP//08D/AP///wD///8A////AP///wD///8A////AP///wD///8A////AP///wD///8A////AP///wD///8A////AP///wD///8A////AP///wD///8A////AP///wD///8A////AP///wD///8A////AP///wDTwP8A08D/ANPA///TwP8A////AP///wD///8A////AP///wD///8A////AP///wD///8A////AP///wD///8A////AP///wD///8A////AP///wD///8A////AP///wD///8A////AP///wD///8A////AP///wD///8A////ANPA/wDTwP8A08D//9PA/wD///8A////AP///wD///8A////AP///wD///8A////AP///wD///8A////AP///wD///8A////AP///wD///8A////AP///wD///8A////AP///wD///8A////AP///wD///8A////AP///wD///8A08D/ANPA/wDTwP//08D/AP///wD///8A////AP///wD///8A////AP///wD///8A////AP///wD///8A////AP///wD///8A////AP///wD///8A////AP///wD///8A////AP///wD///8A////AP///wD///8A////AP///wDTwP8A08D/ANPA///TwP8A////AP///wD///8A////AP///wD///8A////AP///wD///8A////AP///wD///8A////AP///wD///8A////AP///wD///8A////AP///wD///8A////AP///wD///8A////AP///wD///8A////ANPA/wDTwP8A08D//9PA/wD///8A////AP///wD///8A////AP///wD///8A////AP///wD///8A////AP///wD///8A////AP///wD///8A////AP///wD///8A////AP///wD///8A////AP///wD///8A////AP///wD///8A08D/ANPA/wDTwP//08D/AP///wD///8A////AP///wD///8A////AP///wD///8A////AP///wD///8A////AP///wD///8A////AP///wD///8A////AP///wD///8A////AP///wD///8A////AP///wD///8A////AP///wDTwP8A08D/ANPA///TwP8A////AP///wD///8A////AP///wD///8A////AP///wD///8A////AP///wD///8A////AP///wD///8A////AP///wD///8A////AP///wD///8A////AP///wD///8A////AP///wD///8A////ANPA/wDTwP8A08D//8i28mLItvIL////AP///wD///8A////AP///wD///8A////AP///wD///8A////AMi28hLItvJRyLbyk8i28sfItvLqyLby+ci28u7ItvLdyLbywci28pfItvJgyLbyHv///wD///8A////AP///wD///8A08D/ANPA/wDTwP//z773/8i28vXItvK1yLbybsi28jXItvIU////AMi28gnItvIiyLbyTsi28ozItvLNyLby/c699v/Twvn/18b8/9nJ/v/by///2sr+/9jI/f/Wxvz/08L6/8++9//ItvL/////AP///wD///8A////AP///wDTwP8A08D/ANPA///by///2sr+/9XF+//Qv/j/zLr1/8m48//ItvL/ybfy/8u59P/OvPb/0sL5/9fH/P/by///28v//9vL///by///28v//9vL///by///28v//9vL///by///28v//8i28v////8A////AP///wD///8A////ANPA/wDTwP8A08D//9vL///by///28v//9vL///by///28v//9vL///by///28v//9vL///by///28v//9vL///by///28v//9vL///by///28v//9vL///by///28v//9vL///by///yLby/////wD///8A////AP///wD///8A08D/ANPA/wDTwP//28v//9vL///by///28v//9vL///by///28v//9vL///by///28v//9vL///by///28v//9vL///by///28v//9vL///by///28v//9vL///by///28v//9vL///ItvL/////AP///wD///8A////AP///wDTwP8A08D/ANPA///by///28v//9vL///by///28v//9vL///by///28v//9vL///by///28v//9vL///by///28v//9vL///by///28v//9vL///by///28v//9vL///by///28v//8i28v////8A////AP///wD///8A////ANPA/wDTwP8A08D//9vL///by///28v//9vL///by///28v//9vL///by///28v//9vL///by///28v//9vL///by///28v//9vL///by///28v//9vL///by///28v//9vL///by///yLby/////wD///8A////AP///wD///8A08D/ANPA/wDTwP//28v//9vL///by///28v//9vL///by///28v//9vL///by///28v//9vL///by///28v//9vL///by///28v//9vL///by///28v//9vL///by///28v//9vL///ItvL/////AP///wD///8A////AP///wDTwP8A08D/ANPA///by///28v//9vL///by///28v//9vL///by///28v//9vL///by///28v//9vL///by///28v//9vL///by///28v//9vL///by///28v//9vL///by///28v//8i28v////8A////AP///wD///8A////ANPA/wDTwP8A08D//9vL///by///28v//9vL///by///28v//9vL///by///28v//9vL///by///28v//9vL///by///28v//9vL///by///28v//9vL///by///28v//9vL///by///yLby/////wD///8A////AP///wD///8A08D/ANPA/wDTwP//28v//9vL///by///28v//9vL///by///28v//9vL///by///28v//9vL///by///28v//9vL///by///28v//9vL///by///28v//9vL///by///28v//9vL///ItvL/////AP///wD///8A////AP///wDTwP8A08D/ANPA///by///28v//9vL///by///28v//9vL///by///28v//9vL///by///28v//9vL///by///28v//9vL///by///28v//9vL///by///28v//9vL///by///28v//8i28v////8A////AP///wD///8A////ANPA/wDTwP8A08D//9vL///by///28v//9vL///by///28v//9vL///by///28v//9vL///by///28v//9vL///by///28v//9vL///by///28v//9vL///by///28v//9vL///by///yLby/////wD///8A////AP///wD///8A08D/ANPA/wDTwP//28v//9vL///by///28v//9vL///by///28v//9vL///by///28v//9vL///by///28v//9vL///by///28v//9vL///by///28v//9vL///by///28v//9vL///ItvL/////AP///wD///8A////AP///wDTwP8A08D/ANPA///by///28v//9vL///by///28v//9vL///by///28v//9vL///by///28v//9vL///by///28v//9vL///by///28v//9vL///by///28v//9vL///by///28v//8i28v////8A////AP///wD///8A////ANPA/wDTwP8A08D//9PC+v/ayv7/28v//9vL///by///28v//9vL///by///28v//9vL///by///28v//9nJ/v/UxPr/z773/8y69P/Jt/P/yLby/8i28v/KuPP/zLv1/9C+9//Tw/r/yLby/////wD///8A////AP///wD///8A08D/ANPA/wDTwP/xyLbyl8i28u3Nu/X/0sH5/9bG/P/Zyf7/28v//9rK/v/YyP3/1cT7/9C/+P/LuvT/yLby58i28qXItvJjyLbyMci28hH///8AyLbyA8i28hnItvI5yLbyZci28prItvLc////AP///wD///8A////AP///wDTwP8A08D/ANPA/wDTwP8AyLbyBMi28j7ItvKEyLbyvsi28ujItvL5yLby8Mi28tvItvKsyLbybsi28iv///8A////AP///wD///8A////AP///wD///8A////AP///wD///8A////AP///wD///8A////AP///wD///8A////ANPA/wDTwP8A08D/ANPA/wD///8A////AP///wD///8A////AP///wD///8A////AP///wD///8A////AP///wD///8A////AP///wD///8A////AP///wD///8A////AP///wD///8A////AP///wD///8A////AP/////3////9/////f////3////9/////f////3////9/////f////3////9/////f////x/4AH8BAAB/AAAAfwAAAH8AAAB/AAAAfwAAAH8AAAB/AAAAfwAAAH8AAAB/AAAAfwAAAH8AAAB/AAAAfwAAAH8AACB/wAf///////KAAAACAAAABAAAAAAQAgAAAAAAAAAAAAAAAAAAAAAAAAAAAAAAAAAP///wD///8A////AP///wD///8A////AP///wD///8A////AP///wD///8A////AP///wD///8A////AP///wD///8A////AP///wD///8A////AP///wD///8A////AP///wD///8A////AP///wD///8A////AP///wD///8A0Lv4ANC7+ADQu/gA0Lv4ANC7+ADQu/gA0Lv4ANC7+ADQu/gA0Lv4ANC7+ADQu/gA0Lv4ANC7+ADQu/gA0Lv4ANC7+ADQu/gA0Lv4ANC7+ADQu/gA0Lv4ANC7+ADQu/gA0Lv4ANC7+ADQu/gA0Lv4ANC7+ADQu/gA0Lv4AP///wDQu/gA0Lv4ANC7+P/Qu/j/0Lv4/9C7+ADQu/gA0Lv4ANC7+ADQu/gA0Lv4ANC7+ADQu/gA0Lv4ANC7+ADQu/gA0Lv4ANC7+ADQu/gA0Lv4ANC7+ADQu/gA0Lv4ANC7+ADQu/gA0Lv4ANC7+ADQu/gA0Lv4ANC7+ADQu/gA////ANC7+ADQu/gA0Lv4/9C7+P/Qu/j/0Lv4ANC7+ADQu/gA0Lv4ANC7+ADQu/gA0Lv4ANC7+ADQu/gA0Lv4ANC7+ADQu/gA0Lv4ANC7+ADQu/gA0Lv4ANC7+ADQu/gA0Lv4ANC7+ADQu/gA0Lv4ANC7+ADQu/gA0Lv4ANC7+AD///8A0Lv4ANC7+ADQu/j/0Lv4/9C7+P/Qu/gA0Lv4ANC7+ADQu/gA0Lv4ANC7+ADQu/gA0Lv4ANC7+ADQu/gA0Lv4ANC7+ADQu/gA0Lv4ANC7+ADQu/gA0Lv4ANC7+ADQu/gA0Lv4ANC7+ADQu/gA0Lv4ANC7+ADQu/gA0Lv4AP///wDQu/gA0Lv4ANC7+P/Qu/j/0Lv4/9C7+ADQu/gA0Lv4ANC7+ADQu/gA0Lv4ANC7+ADQu/gA0Lv4ANC7+ADQu/gA0Lv4ANC7+ADQu/gA0Lv4ANC7+ADQu/gA0Lv4ANC7+ADQu/gA0Lv4ANC7+ADQu/gA0Lv4ANC7+ADQu/gA////ANC7+ADQu/gA0Lv4/9C7+P/Qu/j/0Lv4ANC7+ADQu/gA0Lv4ANC7+ADQu/gA0Lv4ANC7+ADQu/gA0Lv4ANC7+ADQu/gA0Lv4ANC7+ADQu/gA0Lv4ANC7+ADQu/gA0Lv4ANC7+ADQu/gA0Lv4ANC7+ADQu/gA0Lv4ANC7+AD///8A0Lv4ANC7+ADQu/j/0Lv4/9C7+P/Qu/gA0Lv4ANC7+ADQu/gA0Lv4ANC7+ADQu/gA0Lv4ANC7+ADQu/gA0Lv4ANC7+ADQu/gA0Lv4ANC7+ADQu/gA0Lv4ANC7+ADQu/gA0Lv4ANC7+ADQu/gA0Lv4ANC7+ADQu/gA0Lv4AP///wDQu/gA0Lv4ANC7+P/Qu/j/0Lv4/9C7+ADQu/gA0Lv4ANC7+ADQu/gA0Lv4ANC7+ADQu/gA0Lv4ANC7+ADQu/gA0Lv4ANC7+ADQu/gA0Lv4ANC7+ADQu/gA0Lv4ANC7+ADQu/gA0Lv4ANC7+ADQu/gA0Lv4ANC7+ADQu/gA////ANC7+ADQu/gA0Lv4/9C7+P/Qu/j/0Lv4ANC7+ADQu/gA0Lv4ANC7+ADQu/gA0Lv4ANC7+ADQu/gA0Lv4ANC7+ADQu/gA0Lv4ANC7+ADQu/gA0Lv4ANC7+ADQu/gA0Lv4ANC7+ADQu/gA0Lv4ANC7+ADQu/gA0Lv4ANC7+AD///8A0Lv4ANC7+ADQu/j/0Lv4/9C7+P/Qu/gA0Lv4ANC7+ADQu/gA0Lv4ANC7+ADQu/gA0Lv4ANC7+ADQu/gA0Lv4ANC7+ADQu/gA0Lv4ANC7+ADQu/gA0Lv4ANC7+ADQu/gA0Lv4ANC7+ADQu/gA0Lv4ANC7+ADQu/gA0Lv4AP///wDQu/gA0Lv4ANC7+P/Qu/j/0Lv4/9C7+ADQu/gA0Lv4ANC7+ADQu/gA0Lv4ANC7+ADQu/gA0Lv4ANC7+ADQu/gA0Lv4ANC7+ADQu/gA0Lv4ANC7+ADQu/gA0Lv4ANC7+ADQu/gA0Lv4ANC7+ADQu/gA0Lv4ANC7+ADQu/gA////ANC7+ADQu/gA0Lv4/9C7+P/Qu/j/0Lv4ANC7+ADQu/gA0Lv4ANC7+ADQu/gA0Lv4ANC7+ADQu/gA0Lv4/9C7+P/Qu/j/0Lv4/9C7+P/Qu/j/0Lv4/9C7+P/Qu/j/0Lv4/9C7+P/Qu/j/0Lv4/9C7+P/Qu/j/0Lv4/9C7+AD///8A0Lv4ANC7+ADQu/j/0Lv4/9C7+P/Qu/gA0Lv4ANC7+ADQu/gA0Lv4ANC7+ADQu/gA0Lv4ANC7+ADQu/j/0Lv4/9C7+P/Qu/j/0Lv4/9C7+P/Qu/j/0Lv4/9C7+P/Qu/j/0Lv4/9C7+P/Qu/j/0Lv4/9C7+P/Qu/j/0Lv4AP///wDQu/gA0Lv4ANC7+P/Qu/j/0Lv4/9C7+ADQu/gA0Lv4ANC7+ADQu/gA0Lv4ANC7+ADQu/gA0Lv4ANC7+P/Qu/j/0Lv4/9C7+P/Qu/j/0Lv4/9C7+P/Qu/j/0Lv4/9C7+P/Qu/j/0Lv4/9C7+P/Qu/j/0Lv4/9C7+P/Qu/gA////ANC7+ADQu/gA0Lv4/9C7+P/Qu/j/0Lv4ANC7+ADQu/gA0Lv4ANC7+ADQu/gA0Lv4ANC7+ADQu/gA0Lv4/9C7+P/Qu/j/0Lv4/9C7+P/Qu/j/0Lv4/9C7+P/Qu/j/0Lv4/9C7+P/Qu/j/0Lv4/9C7+P/Qu/j/0Lv4/9C7+AD///8A0Lv4ANC7+ADQu/j/0Lv4/9C7+P/Qu/gA0Lv4/9C7+P/Qu/j/0Lv4/9C7+P/Qu/j/0Lv4/9C7+BrQu/j/0Lv4/9C7+P/Qu/j/0Lv4/9C7+P/Qu/j/0Lv4/9C7+P/Qu/j/0Lv4/9C7+P/Qu/j/0Lv4/9C7+P/Qu/j/0Lv4AP///wDQu/gA0Lv4ANC7+P/Qu/j/0Lv4/9C7+ADQu/j/0Lv4/9C7+P/Qu/j/0Lv4/9C7+P/Qu/j/0Lv4GtC7+P/Qu/j/0Lv4/9C7+P/Qu/j/0Lv4/9C7+P/Qu/j/0Lv4/9C7+P/Qu/j/0Lv4/9C7+P/Qu/j/0Lv4/9C7+P/Qu/gA////ANC7+ADQu/gA0Lv4/9C7+P/Qu/j/0Lv4ANC7+P/Qu/j/0Lv4/9C7+P/Qu/j/0Lv4/9C7+P/Qu/ga0Lv4/9C7+P/Qu/j/0Lv4/9C7+P/Qu/j/0Lv4/9C7+P/Qu/j/0Lv4/9C7+P/Qu/j/0Lv4/9C7+P/Qu/j/0Lv4/9C7+AD///8A0Lv4ANC7+ADQu/j/0Lv4/9C7+P/Qu/gA0Lv4/9C7+P/Qu/j/0Lv4/9C7+P/Qu/j/0Lv4/9C7+BrQu/j/0Lv4/9C7+P/Qu/j/0Lv4/9C7+P/Qu/j/0Lv4/9C7+P/Qu/j/0Lv4/9C7+P/Qu/j/0Lv4/9C7+P/Qu/j/0Lv4AP///wDQu/gA0Lv4ANC7+P/Qu/j/0Lv4/9C7+ADQu/j/0Lv4/9C7+P/Qu/j/0Lv4/9C7+P/Qu/j/0Lv4GtC7+P/Qu/j/0Lv4/9C7+P/Qu/j/0Lv4/9C7+P/Qu/j/0Lv4/9C7+P/Qu/j/0Lv4/9C7+P/Qu/j/0Lv4/9C7+P/Qu/gA////ANC7+ADQu/gA0Lv4/9C7+P/Qu/j/0Lv4ANC7+P/Qu/j/0Lv4/9C7+P/Qu/j/0Lv4/9C7+P/Qu/ga0Lv4/9C7+P/Qu/j/0Lv4/9C7+P/Qu/j/0Lv4/9C7+P/Qu/j/0Lv4/9C7+P/Qu/j/0Lv4/9C7+P/Qu/j/0Lv4/9C7+AD///8A0Lv4ANC7+ADQu/j/0Lv4/9C7+P/Qu/gA0Lv4/9C7+P/Qu/j/0Lv4/9C7+P/Qu/j/0Lv4/9C7+BrQu/j/0Lv4/9C7+P/Qu/j/0Lv4/9C7+P/Qu/j/0Lv4/9C7+P/Qu/j/0Lv4/9C7+P/Qu/j/0Lv4/9C7+P/Qu/j/0Lv4AP///wDQu/gA0Lv4ANC7+P/Qu/j/0Lv4/9C7+ADQu/j/0Lv4/9C7+P/Qu/j/0Lv4/9C7+P/Qu/j/0Lv4GtC7+P/Qu/j/0Lv4/9C7+P/Qu/j/0Lv4/9C7+P/Qu/j/0Lv4/9C7+P/Qu/j/0Lv4/9C7+P/Qu/j/0Lv4/9C7+P/Qu/gA////ANC7+ADQu/gA0Lv4/9C7+P/Qu/j/0Lv4ANC7+P/Qu/j/0Lv4/9C7+P/Qu/j/0Lv4/9C7+P/Qu/ga0Lv4/9C7+P/Qu/j/0Lv4/9C7+P/Qu/j/0Lv4/9C7+P/Qu/j/0Lv4/9C7+P/Qu/j/0Lv4/9C7+P/Qu/j/0Lv4/9C7+AD///8A0Lv4ANC7+ADQu/j/0Lv4/9C7+P/Qu/gA0Lv4/9C7+P/Qu/j/0Lv4/9C7+P/Qu/j/0Lv4/9C7+BrQu/j/0Lv4/9C7+P/Qu/j/0Lv4/9C7+P/Qu/j/0Lv4/9C7+P/Qu/j/0Lv4/9C7+P/Qu/j/0Lv4/9C7+P/Qu/j/0Lv4AP///wDQu/gA0Lv4ANC7+P/Qu/j/0Lv4/9C7+ADQu/j/0Lv4/9C7+P/Qu/j/0Lv4/9C7+P/Qu/j/0Lv4GtC7+BrQu/ga0Lv4GtC7+BrQu/ga0Lv4GtC7+BrQu/ga0Lv4ANC7+ADQu/gA0Lv4ANC7+ADQu/gA0Lv4ANC7+ADQu/gA////ANC7+ADQu/gA0Lv4/9C7+P/Qu/j/0Lv4ANC7+P/Qu/j/0Lv4/9C7+P/Qu/j/0Lv4/9C7+P/Qu/j/0Lv4/9C7+P/Qu/j/0Lv4/9C7+P/Qu/j/0Lv4/9C7+P/Qu/gA0Lv4ANC7+ADQu/gA0Lv4ANC7+ADQu/gA0Lv4ANC7+AD///8A0Lv4ANC7+ADQu/j/0Lv4/9C7+P/Qu/gA0Lv4/9C7+P/Qu/j/0Lv4/9C7+P/Qu/j/0Lv4/9C7+P/Qu/j/0Lv4/9C7+P/Qu/j/0Lv4/9C7+P/Qu/j/0Lv4/9C7+ADQu/gA0Lv4ANC7+ADQu/gA0Lv4ANC7+ADQu/gA0Lv4AP///wDQu/gA0Lv4ANC7+P/Qu/j/0Lv4/9C7+ADQu/j/0Lv4/9C7+P/Qu/j/0Lv4/9C7+P/Qu/j/0Lv4/9C7+P/Qu/j/0Lv4/9C7+P/Qu/j/0Lv4/9C7+P/Qu/j/0Lv4ANC7+ADQu/gA0Lv4ANC7+ADQu/gA0Lv4ANC7+ADQu/gA////ANC7+ADQu/gA0Lv4ANC7+ADQu/gA0Lv4ANC7+ADQu/gA0Lv4ANC7+ADQu/gA0Lv4ANC7+ADQu/gA0Lv4ANC7+ADQu/gA0Lv4ANC7+ADQu/gA0Lv4ANC7+ADQu/gA0Lv4ANC7+ADQu/gA0Lv4ANC7+ADQu/gA0Lv4ANC7+AD///8A0Lv4ANC7+ADQu/gA0Lv4ANC7+ADQu/gA0Lv4ANC7+ADQu/gA0Lv4ANC7+ADQu/gA0Lv4ANC7+ADQu/gA0Lv4ANC7+ADQu/gA0Lv4ANC7+ADQu/gA0Lv4ANC7+ADQu/gA0Lv4ANC7+ADQu/gA0Lv4ANC7+ADQu/gA0Lv4AP///wD//////////8f////H////x////8f////H////x////8f////H////x////8f////H/AADx/wAA8f8AAPH/AADxAAAA8QAAAPEAAADxAAAA8QAAAPEAAADxAAAA8QAAAPEAAADxAAAA8QAA//EAAP/xAAD/8QAA////////////ygAAAAwAAAAYAAAAAEAIAAAAAAAAAAAAAAAAAAAAAAAAAAAAAAAAAD///8A////AP///wD///8A////AP///wD///8A////AP///wD///8A////AP///wD///8A////AP///wD///8A////AP///wD///8A////AP///wD///8A////AP///wD///8A////AP///wD///8A////AP///wD///8A////AP///wD///8A////AP///wD///8A////AP///wD///8A////AP///wD///8A////AP///wD///8A////AP///wD///8A////AP///wD///8A////AP///wD///8A////AP///wD///8A////AP///wD///8A////AP///wD///8A////AP///wD///8A////AP///wD///8A////AP///wD///8A////AP///wD///8A////AP///wD///8A////AP///wD///8A////AP///wD///8A////AP///wD///8A////AP///wD///8A////AP///wD///8A////AP///wD///8A////AP///wD///8A////AP///wD///8A////AP///wD///8A////AP///wD///8A////AP///wD///8A////AP///wD///8A////AP///wD///8A////AP///wD///8A////AP///wD///8A////AP///wD///8A////AP///wD///8A////AP///wD///8A////AP///wD///8A////AP///wD///8A////AP///wD///8A////AP///wD///8A////AP///wD///8A////AP///wD///8A////AP///wD///8A////AP///wD///8A////AP///wD///8A////AP///wD///8A////AP///wD///8A////AP///wD///8A////AP///wD///8A////AP///wD///8A////AP///wD///8A////AP///wD///8A////AP///wD///8A////AP///wD///8A////AP///wD///8A////AP///wD///8A////AP///wD///8A////ANC7+P/Qu/j/0Lv4/////wD///8A////AP///wD///8A////AP///wD///8A0Lv4ANC7+ADQu/gA0Lv4ANC7+ADQu/gA0Lv4ANC7+ADQu/gA0Lv4ANC7+ADQu/gA0Lv4ANC7+ADQu/gA0Lv4AP///wD///8A////AP///wD///8A////AP///wD///8A////AP///wD///8A////AP///wD///8A////AP///wD///8A////AP///wD///8A////ANC7+P/Qu/j/0Lv4/////wD///8A////AP///wD///8A////AP///wD///8A0Lv4ANC7+ADQu/gA0Lv4ANC7+ADQu/gA0Lv4ANC7+ADQu/gA0Lv4ANC7+ADQu/gA0Lv4ANC7+ADQu/gA0Lv4AP///wD///8A////AP///wD///8A////AP///wD///8A////AP///wD///8A////AP///wD///8A////AP///wD///8A////AP///wD///8A////ANC7+P/Qu/j/0Lv4/////wD///8A////AP///wD///8A////AP///wD///8A0Lv4ANC7+ADQu/gA0Lv4ANC7+ADQu/gA0Lv4ANC7+ADQu/gA0Lv4ANC7+ADQu/gA0Lv4ANC7+ADQu/gA0Lv4AP///wD///8A////AP///wD///8A////AP///wD///8A////AP///wD///8A////AP///wD///8A////AP///wD///8A////AP///wD///8A////ANC7+P/Qu/j/0Lv4/////wD///8A////AP///wD///8A////AP///wD///8A0Lv4ANC7+ADQu/gA0Lv4ANC7+ADQu/gA0Lv4ANC7+ADQu/gA0Lv4ANC7+ADQu/gA0Lv4ANC7+ADQu/gA0Lv4AP///wD///8A////AP///wD///8A////AP///wD///8A////AP///wD///8A////AP///wD///8A////AP///wD///8A////AP///wD///8A////ANC7+P/Qu/j/0Lv4/////wD///8A////AP///wD///8A////AP///wD///8A0Lv4ANC7+ADQu/gA0Lv4ANC7+ADQu/gA0Lv4ANC7+ADQu/gA0Lv4ANC7+ADQu/gA0Lv4ANC7+ADQu/gA0Lv4AP///wD///8A////AP///wD///8A////AP///wD///8A////AP///wD///8A////AP///wD///8A////AP///wD///8A////AP///wD///8A////ANC7+P/Qu/j/0Lv4/////wD///8A////AP///wD///8A////AP///wD///8A0Lv4ANC7+ADQu/gA0Lv4ANC7+ADQu/gA0Lv4ANC7+ADQu/gA0Lv4ANC7+ADQu/gA0Lv4ANC7+ADQu/gA0Lv4AP///wD///8A////AP///wD///8A////AP///wD///8A////AP///wD///8A////AP///wD///8A////AP///wD///8A////AP///wD///8A////ANC7+P/Qu/j/0Lv4/////wD///8A////AP///wD///8A////AP///wD///8A0Lv4ANC7+ADQu/gA0Lv4ANC7+ADQu/gA0Lv4ANC7+ADQu/gA0Lv4ANC7+ADQu/gA0Lv4ANC7+ADQu/gA0Lv4AP///wD///8A////AP///wD///8A////AP///wD///8A////AP///wD///8A////AP///wD///8A////AP///wD///8A////AP///wD///8A////ANC7+P/Qu/j/0Lv4/////wD///8A////AP///wD///8A////AP///wD///8A0Lv4ANC7+ADQu/gA0Lv4ANC7+ADQu/gA0Lv4ANC7+ADQu/gA0Lv4ANC7+ADQu/gA0Lv4ANC7+ADQu/gA0Lv4AP///wD///8A////AP///wD///8A////AP///wD///8A////AP///wD///8A////AP///wD///8A////AP///wD///8A////AP///wD///8A////ANC7+P/Qu/j/0Lv4/////wD///8A////AP///wD///8A////AP///wD///8A0Lv4ANC7+ADQu/gA0Lv4ANC7+ADQu/gA0Lv4ANC7+ADQu/gA0Lv4ANC7+ADQu/gA0Lv4ANC7+ADQu/gA0Lv4AP///wD///8A////AP///wD///8A////AP///wD///8A////AP///wD///8A////AP///wD///8A////AP///wD///8A////AP///wD///8A////ANC7+P/Qu/j/0Lv4/////wD///8A////AP///wD///8A////AP///wD///8A0Lv4ANC7+ADQu/gA0Lv4ANC7+ADQu/gA0Lv4ANC7+ADQu/gA0Lv4ANC7+ADQu/gA0Lv4ANC7+ADQu/gA0Lv4AP///wD///8A////AP///wD///8A////AP///wD///8A////AP///wD///8A////AP///wD///8A////AP///wD///8A////AP///wD///8A////ANC7+P/Qu/j/0Lv4/////wD///8A////AP///wD///8A////AP///wD///8A0Lv4ANC7+ADQu/gA0Lv4ANC7+ADQu/gA0Lv4ANC7+ADQu/gA0Lv4ANC7+ADQu/gA0Lv4ANC7+ADQu/gA0Lv4AP///wD///8A////AP///wD///8A////AP///wD///8A////AP///wD///8A////AP///wD///8A////AP///wD///8A////AP///wD///8A////ANC7+P/Qu/j/0Lv4/////wD///8A////AP///wD///8A////AP///wD///8A0Lv4ANC7+ADQu/gA0Lv4ANC7+ADQu/gA0Lv4ANC7+ADQu/gA0Lv4ANC7+ADQu/gA0Lv4ANC7+ADQu/gA0Lv4AP///wD///8A////AP///wD///8A////AP///wD///8A////AP///wD///8A////AP///wD///8A////AP///wD///8A////AP///wD///8A////ANC7+P/Qu/j/0Lv4/////wD///8A////AP///wD///8A////AP///wD///8A0Lv4ANC7+ADQu/gA0Lv4ANC7+ADQu/gA0Lv4ANC7+ADQu/gA0Lv4ANC7+ADQu/gA0Lv4ANC7+ADQu/gA0Lv4AP///wD///8A////AP///wD///8A////AP///wD///8A////AP///wD///8A////AP///wD///8A////AP///wD///8A////AP///wD///8A////ANC7+P/Qu/j/0Lv4/////wD///8A////AP///wD///8A////AP///wD///8A0Lv4ANC7+ADQu/gA0Lv4ANC7+ADQu/gA0Lv4ANC7+ADQu/gA0Lv4ANC7+ADQu/gA0Lv4ANC7+ADQu/gA0Lv4AP///wD///8A////AP///wD///8A////AP///wD///8A////AP///wD///8A////AP///wD///8A////AP///wD///8A////AP///wD///8A////ANC7+P/Qu/j/0Lv4/////wD///8A////AP///wD///8A////AP///wD///8A0Lv4ANC7+ADQu/gA0Lv4ANC7+ADQu/gA0Lv4/9C7+P/Qu/j/0Lv4/9C7+P/Qu/j/0Lv4/9C7+P/Qu/j/0Lv4/9C7+P/Qu/j/0Lv4/9C7+P/Qu/j/0Lv4/9C7+P/Qu/j/0Lv4/9C7+P/Qu/j/0Lv4/////wD///8A////AP///wD///8A////AP///wD///8A////ANC7+P/Qu/j/0Lv4/////wD///8A////AP///wD///8A////AP///wD///8A0Lv4ANC7+ADQu/gA0Lv4ANC7+ADQu/gA0Lv4/9C7+P/Qu/j/0Lv4/9C7+P/Qu/j/0Lv4/9C7+P/Qu/j/0Lv4/9C7+P/Qu/j/0Lv4/9C7+P/Qu/j/0Lv4/9C7+P/Qu/j/0Lv4/9C7+P/Qu/j/0Lv4/////wD///8A////AP///wD///8A////AP///wD///8A////ANC7+P/Qu/j/0Lv4/////wD///8A////AP///wD///8A////AP///wD///8A0Lv4ANC7+ADQu/gA0Lv4ANC7+ADQu/gA0Lv4/9C7+P/Qu/j/0Lv4/9C7+P/Qu/j/0Lv4/9C7+P/Qu/j/0Lv4/9C7+P/Qu/j/0Lv4/9C7+P/Qu/j/0Lv4/9C7+P/Qu/j/0Lv4/9C7+P/Qu/j/0Lv4/////wD///8A////AP///wD///8A////AP///wD///8A////ANC7+P/Qu/j/0Lv4/////wD///8A////AP///wD///8A////AP///wD///8A0Lv4ANC7+ADQu/gA0Lv4ANC7+ADQu/gA0Lv4/9C7+P/Qu/j/0Lv4/9C7+P/Qu/j/0Lv4/9C7+P/Qu/j/0Lv4/9C7+P/Qu/j/0Lv4/9C7+P/Qu/j/0Lv4/9C7+P/Qu/j/0Lv4/9C7+P/Qu/j/0Lv4/////wD///8A////AP///wD///8A////AP///wD///8A////ANC7+P/Qu/j/0Lv4/////wD///8A////AP///wD///8A////AP///wD///8A0Lv4ANC7+ADQu/gA0Lv4ANC7+ADQu/gA0Lv4/9C7+P/Qu/j/0Lv4/9C7+P/Qu/j/0Lv4/9C7+P/Qu/j/0Lv4/9C7+P/Qu/j/0Lv4/9C7+P/Qu/j/0Lv4/9C7+P/Qu/j/0Lv4/9C7+P/Qu/j/0Lv4/////wD///8A////AP///wD///8A////AP///wD///8A////ANC7+P/Qu/j/0Lv4/////wD///8A////AP///wD///8A////AP///wD///8A0Lv4ANC7+ADQu/gA0Lv4ANC7+ADQu/gA0Lv4/9C7+P/Qu/j/0Lv4/9C7+P/Qu/j/0Lv4/9C7+P/Qu/j/0Lv4/9C7+P/Qu/j/0Lv4/9C7+P/Qu/j/0Lv4/9C7+P/Qu/j/0Lv4/9C7+P/Qu/j/0Lv4/////wD///8A////AP///wD///8A////AP///wD///8A////ANC7+P/Qu/j/0Lv4/////wD///8A0Lv4/9C7+P/Qu/j/0Lv4/9C7+P/Qu/j/0Lv4/9C7+P/Qu/j/0Lv4/9C7+ADQu/gA0Lv4/9C7+P/Qu/j/0Lv4/9C7+P/Qu/j/0Lv4/9C7+P/Qu/j/0Lv4/9C7+P/Qu/j/0Lv4/9C7+P/Qu/j/0Lv4/9C7+P/Qu/j/0Lv4/9C7+P/Qu/j/0Lv4/////wD///8A////AP///wD///8A////AP///wD///8A////ANC7+P/Qu/j/0Lv4/////wD///8A0Lv4/9C7+P/Qu/j/0Lv4/9C7+P/Qu/j/0Lv4/9C7+P/Qu/j/0Lv4/9C7+ADQu/gA0Lv4/9C7+P/Qu/j/0Lv4/9C7+P/Qu/j/0Lv4/9C7+P/Qu/j/0Lv4/9C7+P/Qu/j/0Lv4/9C7+P/Qu/j/0Lv4/9C7+P/Qu/j/0Lv4/9C7+P/Qu/j/0Lv4/////wD///8A////AP///wD///8A////AP///wD///8A////ANC7+P/Qu/j/0Lv4/////wD///8A0Lv4/9C7+P/Qu/j/0Lv4/9C7+P/Qu/j/0Lv4/9C7+P/Qu/j/0Lv4/9C7+ADQu/gA0Lv4/9C7+P/Qu/j/0Lv4/9C7+P/Qu/j/0Lv4/9C7+P/Qu/j/0Lv4/9C7+P/Qu/j/0Lv4/9C7+P/Qu/j/0Lv4/9C7+P/Qu/j/0Lv4/9C7+P/Qu/j/0Lv4/////wD///8A////AP///wD///8A////AP///wD///8A////ANC7+P/Qu/j/0Lv4/////wD///8A0Lv4/9C7+P/Qu/j/0Lv4/9C7+P/Qu/j/0Lv4/9C7+P/Qu/j/0Lv4/9C7+ADQu/gA0Lv4/9C7+P/Qu/j/0Lv4/9C7+P/Qu/j/0Lv4/9C7+P/Qu/j/0Lv4/9C7+P/Qu/j/0Lv4/9C7+P/Qu/j/0Lv4/9C7+P/Qu/j/0Lv4/9C7+P/Qu/j/0Lv4/////wD///8A////AP///wD///8A////AP///wD///8A////ANC7+P/Qu/j/0Lv4/////wD///8A0Lv4/9C7+P/Qu/j/0Lv4/9C7+P/Qu/j/0Lv4/9C7+P/Qu/j/0Lv4/9C7+ADQu/gA0Lv4/9C7+P/Qu/j/0Lv4/9C7+P/Qu/j/0Lv4/9C7+P/Qu/j/0Lv4/9C7+P/Qu/j/0Lv4/9C7+P/Qu/j/0Lv4/9C7+P/Qu/j/0Lv4/9C7+P/Qu/j/0Lv4/////wD///8A////AP///wD///8A////AP///wD///8A////ANC7+P/Qu/j/0Lv4/////wD///8A0Lv4/9C7+P/Qu/j/0Lv4/9C7+P/Qu/j/0Lv4/9C7+P/Qu/j/0Lv4/9C7+ADQu/gA0Lv4/9C7+P/Qu/j/0Lv4/9C7+P/Qu/j/0Lv4/9C7+P/Qu/j/0Lv4/9C7+P/Qu/j/0Lv4/9C7+P/Qu/j/0Lv4/9C7+P/Qu/j/0Lv4/9C7+P/Qu/j/0Lv4/////wD///8A////AP///wD///8A////AP///wD///8A////ANC7+P/Qu/j/0Lv4/////wD///8A0Lv4/9C7+P/Qu/j/0Lv4/9C7+P/Qu/j/0Lv4/9C7+P/Qu/j/0Lv4/9C7+ADQu/gA0Lv4/9C7+P/Qu/j/0Lv4/9C7+P/Qu/j/0Lv4/9C7+P/Qu/j/0Lv4/9C7+P/Qu/j/0Lv4/9C7+P/Qu/j/0Lv4/9C7+P/Qu/j/0Lv4/9C7+P/Qu/j/0Lv4/////wD///8A////AP///wD///8A////AP///wD///8A////ANC7+P/Qu/j/0Lv4/////wD///8A0Lv4/9C7+P/Qu/j/0Lv4/9C7+P/Qu/j/0Lv4/9C7+P/Qu/j/0Lv4/9C7+ADQu/gA0Lv4/9C7+P/Qu/j/0Lv4/9C7+P/Qu/j/0Lv4/9C7+P/Qu/j/0Lv4/9C7+P/Qu/j/0Lv4/9C7+P/Qu/j/0Lv4/9C7+P/Qu/j/0Lv4/9C7+P/Qu/j/0Lv4/////wD///8A////AP///wD///8A////AP///wD///8A////ANC7+P/Qu/j/0Lv4/////wD///8A0Lv4/9C7+P/Qu/j/0Lv4/9C7+P/Qu/j/0Lv4/9C7+P/Qu/j/0Lv4/9C7+ADQu/gA0Lv4/9C7+P/Qu/j/0Lv4/9C7+P/Qu/j/0Lv4/9C7+P/Qu/j/0Lv4/9C7+P/Qu/j/0Lv4/9C7+P/Qu/j/0Lv4/9C7+P/Qu/j/0Lv4/9C7+P/Qu/j/0Lv4/////wD///8A////AP///wD///8A////AP///wD///8A////ANC7+P/Qu/j/0Lv4/////wD///8A0Lv4/9C7+P/Qu/j/0Lv4/9C7+P/Qu/j/0Lv4/9C7+P/Qu/j/0Lv4/9C7+ADQu/gA0Lv4/9C7+P/Qu/j/0Lv4/9C7+P/Qu/j/0Lv4/9C7+P/Qu/j/0Lv4/9C7+P/Qu/j/0Lv4/9C7+P/Qu/j/0Lv4/9C7+P/Qu/j/0Lv4/9C7+P/Qu/j/0Lv4/////wD///8A////AP///wD///8A////AP///wD///8A////ANC7+P/Qu/j/0Lv4/////wD///8A0Lv4/9C7+P/Qu/j/0Lv4/9C7+P/Qu/j/0Lv4/9C7+P/Qu/j/0Lv4/9C7+ADQu/gA0Lv4/9C7+P/Qu/j/0Lv4/9C7+P/Qu/j/0Lv4/9C7+P/Qu/j/0Lv4/9C7+P/Qu/j/0Lv4/9C7+P/Qu/j/0Lv4/9C7+P/Qu/j/0Lv4/9C7+P/Qu/j/0Lv4/////wD///8A////AP///wD///8A////AP///wD///8A////ANC7+P/Qu/j/0Lv4/////wD///8A0Lv4/9C7+P/Qu/j/0Lv4/9C7+P/Qu/j/0Lv4/9C7+P/Qu/j/0Lv4/9C7+ADQu/gA0Lv4/9C7+P/Qu/j/0Lv4/9C7+P/Qu/j/0Lv4/9C7+P/Qu/j/0Lv4/9C7+P/Qu/j/0Lv4/9C7+P/Qu/j/0Lv4/9C7+P/Qu/j/0Lv4/9C7+P/Qu/j/0Lv4/////wD///8A////AP///wD///8A////AP///wD///8A////ANC7+P/Qu/j/0Lv4/////wD///8A0Lv4/9C7+P/Qu/j/0Lv4/9C7+P/Qu/j/0Lv4/9C7+P/Qu/j/0Lv4/9C7+ADQu/gA0Lv4/9C7+P/Qu/j/0Lv4/9C7+P/Qu/j/0Lv4/9C7+P/Qu/j/0Lv4/9C7+P/Qu/j/0Lv4/9C7+P/Qu/j/0Lv4/9C7+P/Qu/j/0Lv4/9C7+P/Qu/j/0Lv4/////wD///8A////AP///wD///8A////AP///wD///8A////ANC7+P/Qu/j/0Lv4/////wD///8A0Lv4/9C7+P/Qu/j/0Lv4/9C7+P/Qu/j/0Lv4/9C7+P/Qu/j/0Lv4/9C7+ADQu/gA0Lv4/9C7+P/Qu/j/0Lv4/9C7+P/Qu/j/0Lv4/9C7+P/Qu/j/0Lv4/9C7+P/Qu/j/0Lv4/9C7+P/Qu/j/0Lv4/9C7+P/Qu/j/0Lv4/9C7+P/Qu/j/0Lv4/////wD///8A////AP///wD///8A////AP///wD///8A////ANC7+P/Qu/j/0Lv4/////wD///8A0Lv4/9C7+P/Qu/j/0Lv4/9C7+P/Qu/j/0Lv4/9C7+P/Qu/j/0Lv4/9C7+ADQu/gA0Lv4MtC7+JjQu/jy0Lv4/9C7+P/Qu/j/0Lv4/9C7+P/Qu/j/0Lv4/////wD///8A////AP///wD///8A////AP///wD///8A////AP///wD///8A////AP///wD///8A////AP///wD///8A////AP///wD///8A////ANC7+P/Qu/j/0Lv4/////wD///8A0Lv4/9C7+P/Qu/j/0Lv4/9C7+P/Qu/j/0Lv4/9C7+P/Qu/j/0Lv4/9C7+MDQu/hA0Lv4ANC7+ADQu/gM0Lv4ZdC7+MvQu/j/0Lv4/9C7+P/Qu/j/0Lv4/////wD///8A////AP///wD///8A////AP///wD///8A////AP///wD///8A////AP///wD///8A////AP///wD///8A////AP///wD///8A////ANC7+P/Qu/j/0Lv4/////wD///8A0Lv4/9C7+P/Qu/j/0Lv4/9C7+P/Qu/j/0Lv4/9C7+P/Qu/j/0Lv4/9C7+P/Qu/j/0Lv4zdC7+GfQu/gN0Lv4ANC7+ADQu/gy0Lv4mNC7+PLQu/j/0Lv4/////wD///8A////AP///wD///8A////AP///wD///8A////AP///wD///8A////AP///wD///8A////AP///wD///8A////AP///wD///8A////ANC7+P/Qu/j/0Lv4/////wD///8A0Lv4/9C7+P/Qu/j/0Lv4/9C7+P/Qu/j/0Lv4/9C7+P/Qu/j/0Lv4/9C7+P/Qu/j/0Lv4/9C7+P/Qu/jz0Lv4mtC7+DTQu/gA0Lv4ANC7+AzQu/hl0Lv4y////wD///8A////AP///wD///8A////AP///wD///8A////AP///wD///8A////AP///wD///8A////AP///wD///8A////AP///wD///8A////ANC7+P/Qu/j/0Lv4/////wD///8A0Lv4/9C7+P/Qu/j/0Lv4/9C7+P/Qu/j/0Lv4/9C7+P/Qu/j/0Lv4/9C7+P/Qu/j/0Lv4/9C7+P/Qu/j/0Lv4/9C7+P/Qu/jN0Lv4Z9C7+A3Qu/gA0Lv4AP///wD///8A////AP///wD///8A////AP///wD///8A////AP///wD///8A////AP///wD///8A////AP///wD///8A////AP///wD///8A////ANC7+P/Qu/j/0Lv4/////wD///8A0Lv4/9C7+P/Qu/j/0Lv4/9C7+P/Qu/j/0Lv4/9C7+P/Qu/j/0Lv4/9C7+P/Qu/j/0Lv4/9C7+P/Qu/j/0Lv4/9C7+P/Qu/j/0Lv4/9C7+PPQu/gA0Lv4AP///wD///8A////AP///wD///8A////AP///wD///8A////AP///wD///8A////AP///wD///8A////AP///wD///8A////AP///wD///8A////AP///wD///8A////AP///wD///8A////AP///wD///8A////AP///wD///8A////AP///wD///8A////AP///wD///8A////AP///wD///8A////AP///wD///8A////AP///wD///8A////AP///wD///8A////AP///wD///8A////AP///wD///8A////AP///wD///8A////AP///wD///8A////AP///wD///8A////AP///wD///8A////AP///wD///8A////AP///wD///8A////AP///wD///8A////AP///wD///8A////AP///wD///8A////AP///wD///8A////AP///wD///8A////AP///wD///8A////AP///wD///8A////AP///wD///8A////AP///wD///8A////AP///wD///8A////AP///wD///8A////AP///wD///8A////AP///wD///8A////AP///wD///8A////AP///wD///8A////AP///wD///8A////AP///wD///8A////AP///wD///8A////AP///wD///8A////AP///wD///8A////AP///wD///8A////AP///wD///8A////AP///wD///8A////AP///wD///8A////AP///wD///8A////AP///wD///8A////AP///wD///8A////AP///wD///8A////AP///wD///8A////AP///wD///8A////AP///wD///8A////AP///wD///8A////AP///wD///8A////AP///wD///8A////AP///wD///8A////AP///wD///8A////AP///wD///8A////AP///wD///8A////AP///wD///8A////AP///wD///8A////AP///wD///8A////AP///wD///8A////AP///wD///8A////AP///wD///8A////AP///wD///////8AAP///////wAA////////AAD///////8AAPj//////wAA+P//////AAD4//////8AAPj//////wAA+P//////AAD4//////8AAPj//////wAA+P//////AAD4//////8AAPj//////wAA+P//////AAD4//////8AAPj//////wAA+P//////AAD4//wAAA8AAPj//AAADwAA+P/8AAAPAAD4//wAAA8AAPj//AAADwAA+P/8AAAPAAD4wAwAAA8AAPjADAAADwAA+MAMAAAPAAD4wAwAAA8AAPjADAAADwAA+MAMAAAPAAD4wAwAAA8AAPjADAAADwAA+MAMAAAPAAD4wAwAAA8AAPjADAAADwAA+MAMAAAPAAD4wAwAAA8AAPjADAAADwAA+MAMAP//AAD4wAMA//8AAPjAAGD//wAA+MAAGP//AAD4wAAD//8AAPjAAAP//wAA////////AAD///////8AAP///////wAA////////AAAoAAAAQAAAAIAAAAABACAAAAAAAAAAAAAAAAAAAAAAAAAAAAAAAAAA////AP///wD///8A////AP///wDTwP8A08D/ANPA/wDTwP8A////AP///wD///8A////AP///wD///8A////AP///wD///8A////AP///wD///8A////AP///wD///8A////AP///wD///8A////AP///wD///8A////AP///wD///8A////AP///wD///8A////AP///wD///8A////AP///wD///8A////AP///wD///8A////AP///wD///8A////AP///wD///8A////AP///wD///8A////AP///wD///8A////AP///wD///8A////AP///wD///8A////AP///wD///8A////AP///wD///8A08D/ANPA/wDTwP/g08D/AP///wD///8A////AP///wD///8A////AP///wD///8A////AP///wD///8A////AP///wD///8A////AP///wD///8A////AP///wD///8A////AP///wD///8A////AP///wD///8A////AP///wD///8A////AP///wD///8A////AP///wD///8A////AP///wD///8A////AP///wD///8A////AP///wD///8A////AP///wD///8A////AP///wD///8A////AP///wD///8A////AP///wD///8A////AP///wD///8A////ANPA/wDTwP8A08D//9PA/wD///8A////AP///wD///8A////AP///wD///8A////AP///wD///8A////AP///wD///8A////AP///wD///8A////AP///wD///8A////AP///wD///8A////AP///wD///8A////AP///wD///8A////AP///wD///8A////AP///wD///8A////AP///wD///8A////AP///wD///8A////AP///wD///8A////AP///wD///8A////AP///wD///8A////AP///wD///8A////AP///wD///8A////AP///wD///8A////AP///wDTwP8A08D/ANPA///TwP8A////AP///wD///8A////AP///wD///8A////AP///wD///8A////AP///wD///8A////AP///wD///8A////AP///wD///8A////AP///wD///8A////AP///wD///8A////AP///wD///8A////AP///wD///8A////AP///wD///8A////AP///wD///8A////AP///wD///8A////AP///wD///8A////AP///wD///8A////AP///wD///8A////AP///wD///8A////AP///wD///8A////AP///wD///8A////AP///wD///8A08D/ANPA/wDTwP//08D/AP///wD///8A////AP///wD///8A////AP///wD///8A////AP///wD///8A////AP///wD///8A////AP///wD///8A////AP///wD///8A////AP///wD///8A////AP///wD///8A////AP///wD///8A////AP///wD///8A////AP///wD///8A////AP///wD///8A////AP///wD///8A////AP///wD///8A////AP///wD///8A////AP///wD///8A////AP///wD///8A////AP///wD///8A////AP///wD///8A////ANPA/wDTwP8A08D//9PA/wD///8A////AP///wD///8A////AP///wD///8A////AP///wD///8A////AP///wD///8A////AP///wD///8A////AP///wD///8A////AP///wD///8A////AP///wD///8A////AP///wD///8A////AP///wD///8A////AP///wD///8A////AP///wD///8A////AP///wD///8A////AP///wD///8A////AP///wD///8A////AP///wD///8A////AP///wD///8A////AP///wD///8A////AP///wD///8A////AP///wDTwP8A08D/ANPA///TwP8A////AP///wD///8A////AP///wD///8A////AP///wD///8A////AP///wD///8A////AP///wD///8A////AP///wD///8A////AP///wD///8A////AP///wD///8A////AP///wD///8A////AP///wD///8A////AP///wD///8A////AP///wD///8A////AP///wD///8A////AP///wD///8A////AP///wD///8A////AP///wD///8A////AP///wD///8A////AP///wD///8A////AP///wD///8A////AP///wD///8A08D/ANPA/wDTwP//08D/AP///wD///8A////AP///wD///8A////AP///wD///8A////AP///wD///8A////AP///wD///8A////AP///wD///8A////AP///wD///8A////AP///wD///8A////AP///wD///8A////AP///wD///8A////AP///wD///8A////AP///wD///8A////AP///wD///8A////AP///wD///8A////AP///wD///8A////AP///wD///8A////AP///wD///8A////AP///wD///8A////AP///wD///8A////AP///wD///8A////ANPA/wDTwP8A08D//9PA/wD///8A////AP///wD///8A////AP///wD///8A////AP///wD///8A////AP///wD///8A////AP///wD///8A////AP///wD///8A////AP///wD///8A////AP///wD///8A////AP///wD///8A////AP///wD///8A////AP///wD///8A////AP///wD///8A////AP///wD///8A////AP///wD///8A////AP///wD///8A////AP///wD///8A////AP///wD///8A////AP///wD///8A////AP///wD///8A////AP///wDTwP8A08D/ANPA///TwP8A////AP///wD///8A////AP///wD///8A////AP///wD///8A////AP///wD///8A////AP///wD///8A////AP///wD///8A////AP///wD///8A////AP///wD///8A////AP///wD///8A////AP///wD///8A////AP///wD///8A////AP///wD///8A////AP///wD///8A////AP///wD///8A////AP///wD///8A////AP///wD///8A////AP///wD///8A////AP///wD///8A////AP///wD///8A////AP///wD///8A08D/ANPA/wDTwP//08D/AP///wD///8A////AP///wD///8A////AP///wD///8A////AP///wD///8A////AP///wD///8A////AP///wD///8A////AP///wD///8A////AP///wD///8A////AP///wD///8A////AP///wD///8A////AP///wD///8A////AP///wD///8A////AP///wD///8A////AP///wD///8A////AP///wD///8A////AP///wD///8A////AP///wD///8A////AP///wD///8A////AP///wD///8A////AP///wD///8A////ANPA/wDTwP8A08D//9PA/wD///8A////AP///wD///8A////AP///wD///8A////AP///wD///8A////AP///wD///8A////AP///wD///8A////AP///wD///8A////AP///wD///8A////AP///wD///8A////AP///wD///8A////AP///wD///8A////AP///wD///8A////AP///wD///8A////AP///wD///8A////AP///wD///8A////AP///wD///8A////AP///wD///8A////AP///wD///8A////AP///wD///8A////AP///wD///8A////AP///wDTwP8A08D/ANPA///TwP8A////AP///wD///8A////AP///wD///8A////AP///wD///8A////AP///wD///8A////AP///wD///8A////AP///wD///8A////AP///wD///8A////AP///wD///8A////AP///wD///8A////AP///wD///8A////AP///wD///8A////AP///wD///8A////AP///wD///8A////AP///wD///8A////AP///wD///8A////AP///wD///8A////AP///wD///8A////AP///wD///8A////AP///wD///8A////AP///wD///8A08D/ANPA/wDTwP//08D/AP///wD///8A////AP///wD///8A////AP///wD///8A////AP///wD///8A////AP///wD///8A////AP///wD///8A////AP///wD///8A////AP///wD///8A////AP///wD///8A////AP///wD///8A////AP///wD///8A////AP///wD///8A////AP///wD///8A////AP///wD///8A////AP///wD///8A////AP///wD///8A////AP///wD///8A////AP///wD///8A////AP///wD///8A////AP///wD///8A////ANPA/wDTwP8A08D//9PA/wD///8A////AP///wD///8A////AP///wD///8A////AP///wD///8A////AP///wD///8A////AP///wD///8A////AP///wD///8A////AP///wD///8A////AP///wD///8A////AP///wD///8A////AP///wD///8A////AP///wD///8A////AP///wD///8A////AP///wD///8A////AP///wD///8A////AP///wD///8A////AP///wD///8A////AP///wD///8A////AP///wD///8A////AP///wD///8A////AP///wDTwP8A08D/ANPA///TwP8A////AP///wD///8A////AP///wD///8A////AP///wD///8A////AP///wD///8A////AP///wD///8A////AP///wD///8A////AP///wD///8A////AP///wD///8A////AP///wD///8A////AP///wD///8A////AP///wD///8A////AP///wD///8A////AP///wD///8A////AP///wD///8A////AP///wD///8A////AP///wD///8A////AP///wD///8A////AP///wD///8A////AP///wD///8A////AP///wD///8A08D/ANPA/wDTwP//08D/AP///wD///8A////AP///wD///8A////AP///wD///8A////AP///wD///8A////AP///wD///8A////AP///wD///8A////AP///wD///8A////AP///wD///8A////AP///wD///8A////AP///wD///8A////AP///wD///8A////AP///wD///8A////AP///wD///8A////AP///wD///8A////AP///wD///8A////AP///wD///8A////AP///wD///8A////AP///wD///8A////AP///wD///8A////AP///wD///8A////ANPA/wDTwP8A08D//9PA/wD///8A////AP///wD///8A////AP///wD///8A////AP///wD///8A////AP///wD///8A////AP///wD///8A////AP///wD///8A////AP///wD///8A////AP///wD///8A////AP///wD///8A////AP///wD///8A////AP///wD///8A////AP///wD///8A////AP///wD///8A////AP///wD///8A////AP///wD///8A////AP///wD///8A////AP///wD///8A////AP///wD///8A////AP///wD///8A////AP///wDTwP8A08D/ANPA///TwP8A////AP///wD///8A////AP///wD///8A////AP///wD///8A////AP///wD///8A////AP///wD///8A////AP///wD///8A////AP///wD///8A////AP///wD///8A////AP///wD///8A////AP///wD///8A////AP///wD///8A////AP///wD///8A////AP///wD///8A////AP///wD///8A////AP///wD///8A////AP///wD///8A////AP///wD///8A////AP///wD///8A////AP///wD///8A////AP///wD///8A08D/ANPA/wDTwP//08D/AP///wD///8A////AP///wD///8A////AP///wD///8A////AP///wD///8A////AP///wD///8A////AP///wD///8A////AP///wD///8A////AP///wD///8A////AP///wD///8A////AP///wD///8A////AP///wD///8A////AP///wD///8A////AP///wD///8A////AP///wD///8A////AP///wD///8A////AP///wD///8A////AP///wD///8A////AP///wD///8A////AP///wD///8A////AP///wD///8A////ANPA/wDTwP8A08D//9PA/wD///8A////AP///wD///8A////AP///wD///8A////AP///wD///8A////AP///wD///8A////AP///wD///8A////AP///wD///8A////AP///wD///8A////AP///wD///8A////AP///wD///8A////AP///wD///8A////AP///wD///8A////AP///wD///8A////AP///wD///8A////AP///wD///8A////AP///wD///8A////AP///wD///8A////AP///wD///8A////AP///wD///8A////AP///wD///8A////AP///wDTwP8A08D/ANPA///TwP8A////AP///wD///8A////AP///wD///8A////AP///wD///8A////AP///wD///8A////AP///wD///8A////AP///wD///8A////AP///wD///8A////AP///wD///8A////AP///wD///8A////AP///wD///8A////AP///wD///8A////AP///wD///8A////AP///wD///8A////AP///wD///8A////AP///wD///8A////AP///wD///8A////AP///wD///8A////AP///wD///8A////AP///wD///8A////AP///wD///8A08D/ANPA/wDTwP//08D/AP///wD///8A////AP///wD///8A////AP///wD///8A////AP///wD///8A////AP///wD///8A////AP///wD///8A////AP///wD///8A////AP///wD///8A////AP///wD///8A////AP///wD///8A////AP///wD///8A////AP///wD///8A////AP///wD///8A////AP///wD///8A////AP///wD///8A////AP///wD///8A////AP///wD///8A////AP///wD///8A////AP///wD///8A////AP///wD///8A////ANPA/wDTwP8A08D//9PA/wD///8A////AP///wD///8A////AP///wD///8A////AP///wD///8A////AP///wD///8A////AP///wD///8A////AP///wD///8A////AP///wD///8A////AP///wD///8A////AP///wD///8A////AP///wD///8A////AP///wD///8A////AP///wD///8A////AP///wD///8A////AP///wD///8A////AP///wD///8A////AP///wD///8A////AP///wD///8A////AP///wD///8A////AP///wD///8A////AP///wDTwP8A08D/ANPA///TwP8A////AP///wD///8A////AP///wD///8A////AP///wD///8A////AP///wD///8A////AP///wD///8A////AP///wD///8A////AP///wD///8A////AP///wD///8A////AP///wD///8A////AP///wD///8A////AP///wD///8A////AP///wD///8A////AP///wD///8A////AP///wD///8A////AP///wD///8A////AP///wD///8A////AP///wD///8A////AP///wD///8A////AP///wD///8A////AP///wD///8A08D/ANPA/wDTwP//08D/AP///wD///8A////AP///wD///8A////AP///wD///8A////AP///wD///8A////AP///wD///8A////AP///wD///8A////AP///wD///8A////AP///wD///8A////AP///wD///8A////AP///wD///8A////AP///wD///8A////AP///wD///8A////AP///wD///8A////AP///wD///8A////AP///wD///8A////AP///wD///8A////AP///wD///8A////AP///wD///8A////AP///wD///8A////AP///wD///8A////ANPA/wDTwP8A08D//9PA/wD///8A////AP///wD///8A////AP///wD///8AyLbyAMi28gDItvIAyLbyAMi28gDItvIAyLbyAMi28gDItvIAyLbyAMi28gDItvIAyLbyAMi28gDItvIAyLbyAMi28gDItvIAyLbyAMi28gDItvIAyLbyAMi28gDItvIAyLbyAMi28gDItvIAyLbyAMi28gDItvIAyLbyAMi28gD///8A////AP///wD///8A////AP///wD///8A////AP///wD///8A////AP///wD///8A////AP///wD///8A////AP///wD///8A////AP///wDTwP8A08D/ANPA///ItvJUyLbyBf///wD///8A////AP///wD///8A////AMi28gDItvIAyLbyAMi28gDItvIAyLbyAMi28gDItvIAyLbyAMi28gDItvIAyLbyAMi28gDItvIAyLbyAMi28gDItvIAyLbyAMi28gDItvIAyLbyAMi28hXItvJQyLbygci28qrItvLUyLby6si28vzItvL/yLby88i28u3ItvLXyLbywci28qDItvJ1yLbySsi28iD///8A////AP///wD///8A////AP///wD///8A////AP///wD///8A////AP///wD///8A////AP///wD///8A08D/ANPA/wDTwP//zr32/8i28ubItvKIyLbyLf///wD///8A////AP///wDItvIAyLbyAMi28gDItvIAyLbyAMi28gDItvIAyLbyAMi28gDItvIAyLbyAMi28gDItvIAyLbyAMi28gDItvIAyLbyAMi28gzItvJLyLbyk8i28tXItvL+zr32/9LB+f/VxPv/2Mf9/9nJ/v/by///28v//9rK/v/ayv7/2Mj9/9bG/P/Uw/r/0cD4/8689v/KufT/yLby6si28qnItvJlyLbyIv///wD///8A////AP///wD///8A////AP///wD///8A////AP///wD///8A////ANPA/wDTwP8A08D//9vL///Zyf7/0sH5/8u69P/ItvLVyLbyh8i28jvItvIFyLbyAMi28gDItvIAyLbyAMi28gDItvIAyLbyAMi28gDItvIAyLbyAMi28gDItvIAyLbyAMi28gTItvI0yLbyeMi28r3ItvL5zrz2/9PC+f/YyP3/28v//9vL///by///28v//9vL///by///28v//9vL///by///28v//9vL///by///28v//9vL///by///28v//9nJ/v/VxPv/0L73/8i28v////8A////AP///wD///8A////AP///wD///8A////AP///wD///8A////AP///wDTwP8A08D/ANPA///by///28v//9vL///by///2Mj9/9LB+f/Mu/X/yLby9ci28rzItvKIyLbyX8i28jTItvIZyLbyCci28gDItvIKyLbyGsi28jTItvJdyLbyiMi28rnItvLyzLr1/9HA+P/Wxvz/28v//9vL///by///28v//9vL///by///28v//9vL///by///28v//9vL///by///28v//9vL///by///28v//9vL///by///28v//9vL///by///28v//9vL///ItvL/////AP///wD///8A////AP///wD///8A////AP///wD///8A////AP///wD///8A08D/ANPA/wDTwP//28v//9vL///by///28v//9vL///by///28v//9rK/v/Wxfz/0sH5/8++9//MuvX/yrjz/8m38v/ItvL/ybfz/8q48//MuvX/z773/9LB+f/Wxfv/2sr+/9vL///by///28v//9vL///by///28v//9vL///by///28v//9vL///by///28v//9vL///by///28v//9vL///by///28v//9vL///by///28v//9vL///by///28v//9vL///by///yLby/////wD///8A////AP///wD///8A////AP///wD///8A////AP///wD///8A////ANPA/wDTwP8A08D//9vL///by///28v//9vL///by///28v//9vL///by///28v//9vL///by///28v//9vL///by///28v//9vL///by///28v//9vL///by///28v//9vL///by///28v//9vL///by///28v//9vL///by///28v//9vL///by///28v//9vL///by///28v//9vL///by///28v//9vL///by///28v//9vL///by///28v//9vL///by///28v//8i28v////8A////AP///wD///8A////AP///wD///8A////AP///wD///8A////AP///wDTwP8A08D/ANPA///by///28v//9vL///by///28v//9vL///by///28v//9vL///by///28v//9vL///by///28v//9vL///by///28v//9vL///by///28v//9vL///by///28v//9vL///by///28v//9vL///by///28v//9vL///by///28v//9vL///by///28v//9vL///by///28v//9vL///by///28v//9vL///by///28v//9vL///by///28v//9vL///ItvL/////AP///wD///8A////AP///wD///8A////AP///wD///8A////AP///wD///8A08D/ANPA/wDTwP//28v//9vL///by///28v//9vL///by///28v//9vL///by///28v//9vL///by///28v//9vL///by///28v//9vL///by///28v//9vL///by///28v//9vL///by///28v//9vL///by///28v//9vL///by///28v//9vL///by///28v//9vL///by///28v//9vL///by///28v//9vL///by///28v//9vL///by///28v//9vL///by///yLby/////wD///8A////AP///wD///8A////AP///wD///8A////AP///wD///8A////ANPA/wDTwP8A08D//9vL///by///28v//9vL///by///28v//9vL///by///28v//9vL///by///28v//9vL///by///28v//9vL///by///28v//9vL///by///28v//9vL///by///28v//9vL///by///28v//9vL///by///28v//9vL///by///28v//9vL///by///28v//9vL///by///28v//9vL///by///28v//9vL///by///28v//9vL///by///28v//8i28v////8A////AP///wD///8A////AP///wD///8A////AP///wD///8A////AP///wDTwP8A08D/ANPA///by///28v//9vL///by///28v//9vL///by///28v//9vL///by///28v//9vL///by///28v//9vL///by///28v//9vL///by///28v//9vL///by///28v//9vL///by///28v//9vL///by///28v//9vL///by///28v//9vL///by///28v//9vL///by///28v//9vL///by///28v//9vL///by///28v//9vL///by///28v//9vL///ItvL/////AP///wD///8A////AP///wD///8A////AP///wD///8A////AP///wD///8A08D/ANPA/wDTwP//28v//9vL///by///28v//9vL///by///28v//9vL///by///28v//9vL///by///28v//9vL///by///28v//9vL///by///28v//9vL///by///28v//9vL///by///28v//9vL///by///28v//9vL///by///28v//9vL///by///28v//9vL///by///28v//9vL///by///28v//9vL///by///28v//9vL///by///28v//9vL///by///yLby/////wD///8A////AP///wD///8A////AP///wD///8A////AP///wD///8A////ANPA/wDTwP8A08D//9vL///by///28v//9vL///by///28v//9vL///by///28v//9vL///by///28v//9vL///by///28v//9vL///by///28v//9vL///by///28v//9vL///by///28v//9vL///by///28v//9vL///by///28v//9vL///by///28v//9vL///by///28v//9vL///by///28v//9vL///by///28v//9vL///by///28v//9vL///by///28v//8i28v////8A////AP///wD///8A////AP///wD///8A////AP///wD///8A////AP///wDTwP8A08D/ANPA///by///28v//9vL///by///28v//9vL///by///28v//9vL///by///28v//9vL///by///28v//9vL///by///28v//9vL///by///28v//9vL///by///28v//9vL///by///28v//9vL///by///28v//9vL///by///28v//9vL///by///28v//9vL///by///28v//9vL///by///28v//9vL///by///28v//9vL///by///28v//9vL///ItvL/////AP///wD///8A////AP///wD///8A////AP///wD///8A////AP///wD///8A08D/ANPA/wDTwP//28v//9vL///by///28v//9vL///by///28v//9vL///by///28v//9vL///by///28v//9vL///by///28v//9vL///by///28v//9vL///by///28v//9vL///by///28v//9vL///by///28v//9vL///by///28v//9vL///by///28v//9vL///by///28v//9vL///by///28v//9vL///by///28v//9vL///by///28v//9vL///by///yLby/////wD///8A////AP///wD///8A////AP///wD///8A////AP///wD///8A////ANPA/wDTwP8A08D//9vL///by///28v//9vL///by///28v//9vL///by///28v//9vL///by///28v//9vL///by///28v//9vL///by///28v//9vL///by///28v//9vL///by///28v//9vL///by///28v//9vL///by///28v//9vL///by///28v//9vL///by///28v//9vL///by///28v//9vL///by///28v//9vL///by///28v//9vL///by///28v//8i28v////8A////AP///wD///8A////AP///wD///8A////AP///wD///8A////AP///wDTwP8A08D/ANPA///by///28v//9vL///by///28v//9vL///by///28v//9vL///by///28v//9vL///by///28v//9vL///by///28v//9vL///by///28v//9vL///by///28v//9vL///by///28v//9vL///by///28v//9vL///by///28v//9vL///by///28v//9vL///by///28v//9vL///by///28v//9vL///by///28v//9vL///by///28v//9vL///ItvL/////AP///wD///8A////AP///wD///8A////AP///wD///8A////AP///wD///8A08D/ANPA/wDTwP//28v//9vL///by///28v//9vL///by///28v//9vL///by///28v//9vL///by///28v//9vL///by///28v//9vL///by///28v//9vL///by///28v//9vL///by///28v//9vL///by///28v//9vL///by///28v//9vL///by///28v//9vL///by///28v//9vL///by///28v//9vL///by///28v//9vL///by///28v//9vL///by///yLby/////wD///8A////AP///wD///8A////AP///wD///8A////AP///wD///8A////ANPA/wDTwP8A08D//9vL///by///28v//9vL///by///28v//9vL///by///28v//9vL///by///28v//9vL///by///28v//9vL///by///28v//9vL///by///28v//9vL///by///28v//9vL///by///28v//9vL///by///28v//9vL///by///28v//9vL///by///28v//9vL///by///28v//9vL///by///28v//9vL///by///28v//9vL///by///28v//8i28v////8A////AP///wD///8A////AP///wD///8A////AP///wD///8A////AP///wDTwP8A08D/ANPA///by///28v//9vL///by///28v//9vL///by///28v//9vL///by///28v//9vL///by///28v//9vL///by///28v//9vL///by///28v//9vL///by///28v//9vL///by///28v//9vL///by///28v//9vL///by///28v//9vL///by///28v//9vL///by///28v//9vL///by///28v//9vL///by///28v//9vL///by///28v//9vL///ItvL/////AP///wD///8A////AP///wD///8A////AP///wD///8A////AP///wD///8A08D/ANPA/wDTwP//28v//9vL///by///28v//9vL///by///28v//9vL///by///28v//9vL///by///28v//9vL///by///28v//9vL///by///28v//9vL///by///28v//9vL///by///28v//9vL///by///28v//9vL///by///28v//9vL///by///28v//9vL///by///28v//9vL///by///28v//9vL///by///28v//9vL///by///28v//9vL///by///yLby/////wD///8A////AP///wD///8A////AP///wD///8A////AP///wD///8A////ANPA/wDTwP8A08D//9vL///by///28v//9vL///by///28v//9vL///by///28v//9vL///by///28v//9vL///by///28v//9vL///by///28v//9vL///by///28v//9vL///by///28v//9vL///by///28v//9vL///by///28v//9vL///by///28v//9vL///by///28v//9vL///by///28v//9vL///by///28v//9vL///by///28v//9vL///by///28v//8i28v////8A////AP///wD///8A////AP///wD///8A////AP///wD///8A////AP///wDTwP8A08D/ANPA///by///28v//9vL///by///28v//9vL///by///28v//9vL///by///28v//9vL///by///28v//9vL///by///28v//9vL///by///28v//9vL///by///28v//9vL///by///28v//9vL///by///28v//9vL///by///28v//9vL///by///28v//9vL///by///28v//9vL///by///28v//9vL///by///28v//9vL///by///28v//9vL///ItvL/////AP///wD///8A////AP///wD///8A////AP///wD///8A////AP///wD///8A08D/ANPA/wDTwP//28v//9vL///by///28v//9vL///by///28v//9vL///by///28v//9vL///by///28v//9vL///by///28v//9vL///by///28v//9vL///by///28v//9vL///by///28v//9vL///by///28v//9vL///by///28v//9vL///by///28v//9vL///by///28v//9vL///by///28v//9vL///by///28v//9vL///by///28v//9vL///by///yLby/////wD///8A////AP///wD///8A////AP///wD///8A////AP///wD///8A////ANPA/wDTwP8A08D//9vL///by///28v//9vL///by///28v//9vL///by///28v//9vL///by///28v//9vL///by///28v//9vL///by///28v//9vL///by///28v//9vL///by///28v//9vL///by///28v//9vL///by///28v//9vL///by///28v//9vL///by///28v//9vL///by///28v//9vL///by///28v//9vL///by///28v//9vL///by///28v//8i28v////8A////AP///wD///8A////AP///wD///8A////AP///wD///8A////AP///wDTwP8A08D/ANPA///by///28v//9vL///by///28v//9vL///by///28v//9vL///by///28v//9vL///by///28v//9vL///by///28v//9vL///by///28v//9vL///by///28v//9vL///by///28v//9vL///by///28v//9vL///by///28v//9vL///by///28v//9vL///by///28v//9vL///by///28v//9vL///by///28v//9vL///by///28v//9vL///ItvL/////AP///wD///8A////AP///wD///8A////AP///wD///8A////AP///wD///8A08D/ANPA/wDTwP//28v//9vL///by///28v//9vL///by///28v//9vL///by///28v//9vL///by///28v//9vL///by///28v//9vL///by///28v//9vL///by///28v//9vL///by///28v//9vL///by///28v//9vL///by///28v//9vL///by///28v//9vL///by///28v//9vL///by///28v//9vL///by///28v//9vL///by///28v//9vL///by///yLby/////wD///8A////AP///wD///8A////AP///wD///8A////AP///wD///8A////ANPA/wDTwP8A08D//9vL///by///28v//9vL///by///28v//9vL///by///28v//9vL///by///28v//9vL///by///28v//9vL///by///28v//9vL///by///28v//9vL///by///28v//9vL///by///28v//9vL///by///28v//9vL///by///28v//9vL///by///28v//9vL///by///28v//9vL///by///28v//9vL///by///28v//9vL///by///28v//8i28v////8A////AP///wD///8A////AP///wD///8A////AP///wD///8A////AP///wDTwP8A08D/ANPA///by///28v//9vL///by///28v//9vL///by///28v//9vL///by///28v//9vL///by///28v//9vL///by///28v//9vL///by///28v//9vL///by///28v//9vL///by///28v//9vL///by///28v//9vL///by///28v//9vL///by///28v//9vL///by///28v//9vL///by///28v//9vL///by///28v//9vL///by///28v//9vL///ItvL/////AP///wD///8A////AP///wD///8A////AP///wD///8A////AP///wD///8A08D/ANPA/wDTwP//28v//9vL///by///28v//9vL///by///28v//9vL///by///28v//9vL///by///28v//9vL///by///28v//9vL///by///28v//9vL///by///28v//9vL///by///28v//9vL///by///28v//9vL///by///28v//9vL///by///28v//9vL///by///28v//9vL///by///28v//9vL///by///28v//9vL///by///28v//9vL///by///yLby/////wD///8A////AP///wD///8A////AP///wD///8A////AP///wD///8A////ANPA/wDTwP8A08D//9vL///by///28v//9vL///by///28v//9vL///by///28v//9vL///by///28v//9vL///by///28v//9vL///by///28v//9vL///by///28v//9vL///by///28v//9vL///by///28v//9vL///by///28v//9vL///by///28v//9vL///by///28v//9vL///by///28v//9vL///by///28v//9vL///by///28v//9vL///by///28v//8i28v////8A////AP///wD///8A////AP///wD///8A////AP///wD///8A////AP///wDTwP8A08D/ANPA///by///28v//9vL///by///28v//9vL///by///28v//9vL///by///28v//9vL///by///28v//9vL///by///28v//9vL///by///28v//9vL///by///28v//9vL///by///28v//9vL///by///28v//9vL///by///28v//9vL///by///28v//9vL///by///28v//9vL///by///28v//9vL///by///28v//9vL///by///28v//9vL///ItvL/////AP///wD///8A////AP///wD///8A////AP///wD///8A////AP///wD///8A08D/ANPA/wDTwP//1MP6/9rK///by///28v//9vL///by///28v//9vL///by///28v//9vL///by///28v//9vL///by///28v//9vL///by///28v//9vL///by///28v//9vL///by///28v//9vL///by///28v//9vL///Zyf7/1cT7/9HA+P/Ovfb/y7n0/8m48//ItvL/yLby/8m38//JuPP/y7n0/8279f/Pvvf/0sH5/9bF+//Zyf3/28v//9vL///by///yLby/////wD///8A////AP///wD///8A////AP///wD///8A////AP///wD///8A////ANPA/wDTwP8A08D/58i28qPItvL2z773/9bG/P/by///28v//9vL///by///28v//9vL///by///28v//9vL///by///28v//9vL///by///28v//9vL///by///28v//9vL///by///28v//9vL///ayv7/1cT7/8++9//LufT/yLby5Mi28qjItvJ5yLbyUci28inItvIUyLbyAsi28gDItvIMyLbyE8i28inItvI/yLbyYsi28orItvK3yLby4cq48//Pvfb/08P6/8i28v////8A////AP///wD///8A////AP///wD///8A////AP///wD///8A////AP///wDTwP8A08D/ANPA/wDTwP8AyLbyDMi28mDItvLByLby/tC+9//Vxfv/2sr+/9vL///by///28v//9vL///by///28v//9vL///by///28v//9vL///by///28v//9vL///by///18f8/9LB+f/Nu/X/yLby8Mi28qzItvJkyLbyI8i28gDItvIAyLbyAMi28gDItvIAyLbyAMi28gDItvIAyLbyAMi28gDItvIA////AP///wD///8A////AP///wDItvIXyLbyWMi28prItvLd////AP///wD///8A////AP///wD///8A////AP///wD///8A////AP///wD///8A08D/ANPA/wDTwP8A08D/AP///wD///8A////AMi28hvItvJnyLbytMi28vLMuvX/0L/4/9PD+v/Xxvz/2cn+/9rK/v/by///2sr//9nJ/v/Xx/z/1MP6/9HA+P/NvPb/yLby/Mi28svItvKGyLbyPsi28gTItvIAyLbyAMi28gDItvIAyLbyAMi28gDItvIAyLbyAMi28gDItvIAyLbyAMi28gDItvIAyLbyAP///wD///8A////AP///wD///8A////AP///wD///8A////AP///wD///8A////AP///wD///8A////AP///wD///8A////AP///wD///8A////AP///wD///8A////AP///wD///8A////AP///wD///8A////AP///wDItvIEyLbyNci28m7ItvKZyLbyxci28uTItvL1yLby/8i28vbItvLmyLbyzMi28qPItvJ5yLbySci28g3ItvIAyLbyAMi28gDItvIAyLbyAMi28gDItvIAyLbyAMi28gDItvIAyLbyAMi28gDItvIAyLbyAMi28gDItvIAyLbyAMi28gD///8A////AP///wD///8A////AP///wD///8A////AP///wD///8A////AP///wD///8A////AP///wD///8A////AP///wD///8A////AP///wD///8A////AP///wD///8A////AP///wD///8A////AP///wD///8A////AMi28gDItvIAyLbyAMi28gDItvIAyLbyAMi28gDItvIAyLbyAMi28gDItvIAyLbyAMi28gDItvIAyLbyAMi28gDItvIAyLbyAMi28gDItvIAyLbyAMi28gDItvIAyLbyAMi28gDItvIAyLbyAMi28gDItvIAyLbyAMi28gDItvIA////AP///wD///8A////AP///wD///8A////AP///wD///8A////AP///wD///8A////AP///wD///8A////AP///////////v/////////+//////////7//////////v/////////+//////////7//////////v/////////+//////////7//////////v/////////+//////////7//////////v/////////+//////////7//////////v/////////+//////////7//////////v/////////+//////////7//////////v/////////+//////////7//////////v/////////+//////////4////4AAf//g///4AAAH/+AP/4AAAAf/4AAgAAAAB//gAAAAAAAH/+AAAAAAAAf/4AAAAAAAB//gAAAAAAAH/+AAAAAAAAf/4AAAAAAAB//gAAAAAAAH/+AAAAAAAAf/4AAAAAAAB//gAAAAAAAH/+AAAAAAAAf/4AAAAAAAB//gAAAAAAAH/+AAAAAAAAf/4AAAAAAAB//gAAAAAAAH/+AAAAAAAAf/4AAAAAAAB//gAAAAAAAH/+AAAAAAAAf/4AAAAAAAB//gAAAAAAAH/+AAAAAAAAf/4AAAAAAAB//gAAAAAAAH/+AAAAAAAAf/4AAAAAAAB//gAAAAAAAH/+AAAAAAgAf/+AAAAH//h///AAAD///////gAD////////////////KAAAAEgAAACQAAAAAQAgAAAAAAAAAAAAAAAAAAAAAAAAAAAAAAAAAP///wD///8A////AP///wD///8A////AP///wD///8A////AP///wD///8A////AP///wD///8A////AP///wD///8A////AP///wD///8A////AP///wD///8A////AP///wD///8A////AP///wD///8A////AP///wD///8A////AP///wD///8A////AP///wD///8A////AP///wD///8A////AP///wD///8A////AP///wD///8A////AP///wD///8A////AP///wD///8A////AP///wD///8A////AP///wD///8A////AP///wD///8A////AP///wD///8A////AP///wD///8A////AP///wD///8A////AP///wD///8A////AP///wDQu/gA0Lv4ANC7+ADQu/gA0Lv4ANC7+ADQu/gA0Lv4ANC7+ADQu/gA0Lv4ANC7+ADQu/gA0Lv4ANC7+ADQu/gA0Lv4ANC7+ADQu/gA0Lv4ANC7+ADQu/gA0Lv4ANC7+ADQu/gA0Lv4ANC7+ADQu/gA0Lv4ANC7+ADQu/gA0Lv4ANC7+ADQu/gA0Lv4ANC7+ADQu/gA0Lv4ANC7+ADQu/gA0Lv4ANC7+ADQu/gA0Lv4ANC7+ADQu/gA0Lv4ANC7+ADQu/gA0Lv4ANC7+ADQu/gA0Lv4ANC7+ADQu/gA0Lv4ANC7+ADQu/gA0Lv4ANC7+ADQu/gA0Lv4ANC7+AD///8A////AP///wD///8A////AP///wD///8A////AP///wDQu/gA0Lv4ANC7+P/Qu/j/0Lv4/9C7+P/Qu/gA0Lv4ANC7+ADQu/gA0Lv4ANC7+ADQu/gA0Lv4ANC7+ADQu/gA0Lv4ANC7+ADQu/gA0Lv4ANC7+ADQu/gA0Lv4ANC7+ADQu/gA0Lv4ANC7+ADQu/gA0Lv4ANC7+ADQu/gA0Lv4ANC7+ADQu/gA0Lv4ANC7+ADQu/gA0Lv4ANC7+ADQu/gA0Lv4ANC7+ADQu/gA0Lv4ANC7+ADQu/gA0Lv4ANC7+ADQu/gA0Lv4ANC7+ADQu/gA0Lv4ANC7+ADQu/gA0Lv4ANC7+ADQu/gA0Lv4ANC7+ADQu/gA0Lv4ANC7+AD///8A////AP///wD///8A////AP///wD///8A////AP///wDQu/gA0Lv4ANC7+P/Qu/j/0Lv4/9C7+P/Qu/gA0Lv4ANC7+ADQu/gA0Lv4ANC7+ADQu/gA0Lv4ANC7+ADQu/gA0Lv4ANC7+ADQu/gA0Lv4ANC7+ADQu/gA0Lv4ANC7+ADQu/gA0Lv4ANC7+ADQu/gA0Lv4ANC7+ADQu/gA0Lv4ANC7+ADQu/gA0Lv4ANC7+ADQu/gA0Lv4ANC7+ADQu/gA0Lv4ANC7+ADQu/gA0Lv4ANC7+ADQu/gA0Lv4ANC7+ADQu/gA0Lv4ANC7+ADQu/gA0Lv4ANC7+ADQu/gA0Lv4ANC7+ADQu/gA0Lv4ANC7+ADQu/gA0Lv4ANC7+AD///8A////AP///wD///8A////AP///wD///8A////AP///wDQu/gA0Lv4ANC7+P/Qu/j/0Lv4/9C7+P/Qu/gA0Lv4ANC7+ADQu/gA0Lv4ANC7+ADQu/gA0Lv4ANC7+ADQu/gA0Lv4ANC7+ADQu/gA0Lv4ANC7+ADQu/gA0Lv4ANC7+ADQu/gA0Lv4ANC7+ADQu/gA0Lv4ANC7+ADQu/gA0Lv4ANC7+ADQu/gA0Lv4ANC7+ADQu/gA0Lv4ANC7+ADQu/gA0Lv4ANC7+ADQu/gA0Lv4ANC7+ADQu/gA0Lv4ANC7+ADQu/gA0Lv4ANC7+ADQu/gA0Lv4ANC7+ADQu/gA0Lv4ANC7+ADQu/gA0Lv4ANC7+ADQu/gA0Lv4ANC7+AD///8A////AP///wD///8A////AP///wD///8A////AP///wDQu/gA0Lv4ANC7+P/Qu/j/0Lv4/9C7+P/Qu/gA0Lv4ANC7+ADQu/gA0Lv4ANC7+ADQu/gA0Lv4ANC7+ADQu/gA0Lv4ANC7+ADQu/gA0Lv4ANC7+ADQu/gA0Lv4ANC7+ADQu/gA0Lv4ANC7+ADQu/gA0Lv4ANC7+ADQu/gA0Lv4ANC7+ADQu/gA0Lv4ANC7+ADQu/gA0Lv4ANC7+ADQu/gA0Lv4ANC7+ADQu/gA0Lv4ANC7+ADQu/gA0Lv4ANC7+ADQu/gA0Lv4ANC7+ADQu/gA0Lv4ANC7+ADQu/gA0Lv4ANC7+ADQu/gA0Lv4ANC7+ADQu/gA0Lv4ANC7+AD///8A////AP///wD///8A////AP///wD///8A////AP///wDQu/gA0Lv4ANC7+P/Qu/j/0Lv4/9C7+P/Qu/gA0Lv4ANC7+ADQu/gA0Lv4ANC7+ADQu/gA0Lv4ANC7+ADQu/gA0Lv4ANC7+ADQu/gA0Lv4ANC7+ADQu/gA0Lv4ANC7+ADQu/gA0Lv4ANC7+ADQu/gA0Lv4ANC7+ADQu/gA0Lv4ANC7+ADQu/gA0Lv4ANC7+ADQu/gA0Lv4ANC7+ADQu/gA0Lv4ANC7+ADQu/gA0Lv4ANC7+ADQu/gA0Lv4ANC7+ADQu/gA0Lv4ANC7+ADQu/gA0Lv4ANC7+ADQu/gA0Lv4ANC7+ADQu/gA0Lv4ANC7+ADQu/gA0Lv4ANC7+AD///8A////AP///wD///8A////AP///wD///8A////AP///wDQu/gA0Lv4ANC7+P/Qu/j/0Lv4/9C7+P/Qu/gA0Lv4ANC7+ADQu/gA0Lv4ANC7+ADQu/gA0Lv4ANC7+ADQu/gA0Lv4ANC7+ADQu/gA0Lv4ANC7+ADQu/gA0Lv4ANC7+ADQu/gA0Lv4ANC7+ADQu/gA0Lv4ANC7+ADQu/gA0Lv4ANC7+ADQu/gA0Lv4ANC7+ADQu/gA0Lv4ANC7+ADQu/gA0Lv4ANC7+ADQu/gA0Lv4ANC7+ADQu/gA0Lv4ANC7+ADQu/gA0Lv4ANC7+ADQu/gA0Lv4ANC7+ADQu/gA0Lv4ANC7+ADQu/gA0Lv4ANC7+ADQu/gA0Lv4ANC7+AD///8A////AP///wD///8A////AP///wD///8A////AP///wDQu/gA0Lv4ANC7+P/Qu/j/0Lv4/9C7+P/Qu/gA0Lv4ANC7+ADQu/gA0Lv4ANC7+ADQu/gA0Lv4ANC7+ADQu/gA0Lv4ANC7+ADQu/gA0Lv4ANC7+ADQu/gA0Lv4ANC7+ADQu/gA0Lv4ANC7+ADQu/gA0Lv4ANC7+ADQu/gA0Lv4ANC7+ADQu/gA0Lv4ANC7+ADQu/gA0Lv4ANC7+ADQu/gA0Lv4ANC7+ADQu/gA0Lv4ANC7+ADQu/gA0Lv4ANC7+ADQu/gA0Lv4ANC7+ADQu/gA0Lv4ANC7+ADQu/gA0Lv4ANC7+ADQu/gA0Lv4ANC7+ADQu/gA0Lv4ANC7+AD///8A////AP///wD///8A////AP///wD///8A////AP///wDQu/gA0Lv4ANC7+P/Qu/j/0Lv4/9C7+P/Qu/gA0Lv4ANC7+ADQu/gA0Lv4ANC7+ADQu/gA0Lv4ANC7+ADQu/gA0Lv4ANC7+ADQu/gA0Lv4ANC7+ADQu/gA0Lv4ANC7+ADQu/gA0Lv4ANC7+ADQu/gA0Lv4ANC7+ADQu/gA0Lv4ANC7+ADQu/gA0Lv4ANC7+ADQu/gA0Lv4ANC7+ADQu/gA0Lv4ANC7+ADQu/gA0Lv4ANC7+ADQu/gA0Lv4ANC7+ADQu/gA0Lv4ANC7+ADQu/gA0Lv4ANC7+ADQu/gA0Lv4ANC7+ADQu/gA0Lv4ANC7+ADQu/gA0Lv4ANC7+AD///8A////AP///wD///8A////AP///wD///8A////AP///wDQu/gA0Lv4ANC7+P/Qu/j/0Lv4/9C7+P/Qu/gA0Lv4ANC7+ADQu/gA0Lv4ANC7+ADQu/gA0Lv4ANC7+ADQu/gA0Lv4ANC7+ADQu/gA0Lv4ANC7+ADQu/gA0Lv4ANC7+ADQu/gA0Lv4ANC7+ADQu/gA0Lv4ANC7+ADQu/gA0Lv4ANC7+ADQu/gA0Lv4ANC7+ADQu/gA0Lv4ANC7+ADQu/gA0Lv4ANC7+ADQu/gA0Lv4ANC7+ADQu/gA0Lv4ANC7+ADQu/gA0Lv4ANC7+ADQu/gA0Lv4ANC7+ADQu/gA0Lv4ANC7+ADQu/gA0Lv4ANC7+ADQu/gA0Lv4ANC7+AD///8A////AP///wD///8A////AP///wD///8A////AP///wDQu/gA0Lv4ANC7+P/Qu/j/0Lv4/9C7+P/Qu/gA0Lv4ANC7+ADQu/gA0Lv4ANC7+ADQu/gA0Lv4ANC7+ADQu/gA0Lv4ANC7+ADQu/gA0Lv4ANC7+ADQu/gA0Lv4ANC7+ADQu/gA0Lv4ANC7+ADQu/gA0Lv4ANC7+ADQu/gA0Lv4ANC7+ADQu/gA0Lv4ANC7+ADQu/gA0Lv4ANC7+ADQu/gA0Lv4ANC7+ADQu/gA0Lv4ANC7+ADQu/gA0Lv4ANC7+ADQu/gA0Lv4ANC7+ADQu/gA0Lv4ANC7+ADQu/gA0Lv4ANC7+ADQu/gA0Lv4ANC7+ADQu/gA0Lv4ANC7+AD///8A////AP///wD///8A////AP///wD///8A////AP///wDQu/gA0Lv4ANC7+P/Qu/j/0Lv4/9C7+P/Qu/gA0Lv4ANC7+ADQu/gA0Lv4ANC7+ADQu/gA0Lv4ANC7+ADQu/gA0Lv4ANC7+ADQu/gA0Lv4ANC7+ADQu/gA0Lv4ANC7+ADQu/gA0Lv4ANC7+ADQu/gA0Lv4ANC7+ADQu/gA0Lv4ANC7+ADQu/gA0Lv4ANC7+ADQu/gA0Lv4ANC7+ADQu/gA0Lv4ANC7+ADQu/gA0Lv4ANC7+ADQu/gA0Lv4ANC7+ADQu/gA0Lv4ANC7+ADQu/gA0Lv4ANC7+ADQu/gA0Lv4ANC7+ADQu/gA0Lv4ANC7+ADQu/gA0Lv4ANC7+AD///8A////AP///wD///8A////AP///wD///8A////AP///wDQu/gA0Lv4ANC7+P/Qu/j/0Lv4/9C7+P/Qu/gA0Lv4ANC7+ADQu/gA0Lv4ANC7+ADQu/gA0Lv4ANC7+ADQu/gA0Lv4ANC7+ADQu/gA0Lv4ANC7+ADQu/gA0Lv4ANC7+ADQu/gA0Lv4ANC7+ADQu/gA0Lv4ANC7+ADQu/gA0Lv4ANC7+ADQu/gA0Lv4ANC7+ADQu/gA0Lv4ANC7+ADQu/gA0Lv4ANC7+ADQu/gA0Lv4ANC7+ADQu/gA0Lv4ANC7+ADQu/gA0Lv4ANC7+ADQu/gA0Lv4ANC7+ADQu/gA0Lv4ANC7+ADQu/gA0Lv4ANC7+ADQu/gA0Lv4ANC7+AD///8A////AP///wD///8A////AP///wD///8A////AP///wDQu/gA0Lv4ANC7+P/Qu/j/0Lv4/9C7+P/Qu/gA0Lv4ANC7+ADQu/gA0Lv4ANC7+ADQu/gA0Lv4ANC7+ADQu/gA0Lv4ANC7+ADQu/gA0Lv4ANC7+ADQu/gA0Lv4ANC7+ADQu/gA0Lv4ANC7+ADQu/gA0Lv4ANC7+ADQu/gA0Lv4ANC7+ADQu/gA0Lv4ANC7+ADQu/gA0Lv4ANC7+ADQu/gA0Lv4ANC7+ADQu/gA0Lv4ANC7+ADQu/gA0Lv4ANC7+ADQu/gA0Lv4ANC7+ADQu/gA0Lv4ANC7+ADQu/gA0Lv4ANC7+ADQu/gA0Lv4ANC7+ADQu/gA0Lv4ANC7+AD///8A////AP///wD///8A////AP///wD///8A////AP///wDQu/gA0Lv4ANC7+P/Qu/j/0Lv4/9C7+P/Qu/gA0Lv4ANC7+ADQu/gA0Lv4ANC7+ADQu/gA0Lv4ANC7+ADQu/gA0Lv4ANC7+ADQu/gA0Lv4ANC7+ADQu/gA0Lv4ANC7+ADQu/gA0Lv4ANC7+ADQu/gA0Lv4ANC7+ADQu/gA0Lv4ANC7+ADQu/gA0Lv4ANC7+ADQu/gA0Lv4ANC7+ADQu/gA0Lv4ANC7+ADQu/gA0Lv4ANC7+ADQu/gA0Lv4ANC7+ADQu/gA0Lv4ANC7+ADQu/gA0Lv4ANC7+ADQu/gA0Lv4ANC7+ADQu/gA0Lv4ANC7+ADQu/gA0Lv4ANC7+AD///8A////AP///wD///8A////AP///wD///8A////AP///wDQu/gA0Lv4ANC7+P/Qu/j/0Lv4/9C7+P/Qu/gA0Lv4ANC7+ADQu/gA0Lv4ANC7+ADQu/gA0Lv4ANC7+ADQu/gA0Lv4ANC7+ADQu/gA0Lv4ANC7+ADQu/gA0Lv4ANC7+ADQu/gA0Lv4ANC7+ADQu/gA0Lv4ANC7+ADQu/gA0Lv4ANC7+ADQu/gA0Lv4ANC7+ADQu/gA0Lv4ANC7+ADQu/gA0Lv4ANC7+ADQu/gA0Lv4ANC7+ADQu/gA0Lv4ANC7+ADQu/gA0Lv4ANC7+ADQu/gA0Lv4ANC7+ADQu/gA0Lv4ANC7+ADQu/gA0Lv4ANC7+ADQu/gA0Lv4ANC7+AD///8A////AP///wD///8A////AP///wD///8A////AP///wDQu/gA0Lv4ANC7+P/Qu/j/0Lv4/9C7+P/Qu/gA0Lv4ANC7+ADQu/gA0Lv4ANC7+ADQu/gA0Lv4ANC7+ADQu/gA0Lv4ANC7+ADQu/gA0Lv4ANC7+ADQu/gA0Lv4ANC7+ADQu/gA0Lv4ANC7+ADQu/gA0Lv4ANC7+ADQu/gA0Lv4ANC7+ADQu/gA0Lv4ANC7+ADQu/gA0Lv4ANC7+ADQu/gA0Lv4ANC7+ADQu/gA0Lv4ANC7+ADQu/gA0Lv4ANC7+ADQu/gA0Lv4ANC7+ADQu/gA0Lv4ANC7+ADQu/gA0Lv4ANC7+ADQu/gA0Lv4ANC7+ADQu/gA0Lv4ANC7+AD///8A////AP///wD///8A////AP///wD///8A////AP///wDQu/gA0Lv4ANC7+P/Qu/j/0Lv4/9C7+P/Qu/gA0Lv4ANC7+ADQu/gA0Lv4ANC7+ADQu/gA0Lv4ANC7+ADQu/gA0Lv4ANC7+ADQu/gA0Lv4ANC7+ADQu/gA0Lv4ANC7+ADQu/gA0Lv4ANC7+ADQu/gA0Lv4ANC7+ADQu/gA0Lv4ANC7+ADQu/gA0Lv4ANC7+ADQu/gA0Lv4ANC7+ADQu/gA0Lv4ANC7+ADQu/gA0Lv4ANC7+ADQu/gA0Lv4ANC7+ADQu/gA0Lv4ANC7+ADQu/gA0Lv4ANC7+ADQu/gA0Lv4ANC7+ADQu/gA0Lv4ANC7+ADQu/gA0Lv4ANC7+AD///8A////AP///wD///8A////AP///wD///8A////AP///wDQu/gA0Lv4ANC7+P/Qu/j/0Lv4/9C7+P/Qu/gA0Lv4ANC7+ADQu/gA0Lv4ANC7+ADQu/gA0Lv4ANC7+ADQu/gA0Lv4ANC7+ADQu/gA0Lv4ANC7+ADQu/gA0Lv4ANC7+ADQu/gA0Lv4ANC7+ADQu/gA0Lv4ANC7+ADQu/gA0Lv4ANC7+ADQu/gA0Lv4ANC7+ADQu/gA0Lv4ANC7+ADQu/gA0Lv4ANC7+ADQu/gA0Lv4ANC7+ADQu/gA0Lv4ANC7+ADQu/gA0Lv4ANC7+ADQu/gA0Lv4ANC7+ADQu/gA0Lv4ANC7+ADQu/gA0Lv4ANC7+ADQu/gA0Lv4ANC7+AD///8A////AP///wD///8A////AP///wD///8A////AP///wDQu/gA0Lv4ANC7+P/Qu/j/0Lv4/9C7+P/Qu/gA0Lv4ANC7+ADQu/gA0Lv4ANC7+ADQu/gA0Lv4ANC7+ADQu/gA0Lv4ANC7+ADQu/gA0Lv4ANC7+ADQu/gA0Lv4ANC7+ADQu/gA0Lv4ANC7+ADQu/gA0Lv4ANC7+ADQu/gA0Lv4ANC7+ADQu/gA0Lv4ANC7+ADQu/gA0Lv4ANC7+ADQu/gA0Lv4ANC7+ADQu/gA0Lv4ANC7+ADQu/gA0Lv4ANC7+ADQu/gA0Lv4ANC7+ADQu/gA0Lv4ANC7+ADQu/gA0Lv4ANC7+ADQu/gA0Lv4ANC7+ADQu/gA0Lv4ANC7+AD///8A////AP///wD///8A////AP///wD///8A////AP///wDQu/gA0Lv4ANC7+P/Qu/j/0Lv4/9C7+P/Qu/gA0Lv4ANC7+ADQu/gA0Lv4ANC7+ADQu/gA0Lv4ANC7+ADQu/gA0Lv4ANC7+ADQu/gA0Lv4ANC7+ADQu/gA0Lv4ANC7+ADQu/gA0Lv4ANC7+ADQu/gA0Lv4ANC7+ADQu/gA0Lv4ANC7+ADQu/gA0Lv4ANC7+ADQu/gA0Lv4ANC7+ADQu/gA0Lv4ANC7+ADQu/gA0Lv4ANC7+ADQu/gA0Lv4ANC7+ADQu/gA0Lv4ANC7+ADQu/gA0Lv4ANC7+ADQu/gA0Lv4ANC7+ADQu/gA0Lv4ANC7+ADQu/gA0Lv4ANC7+AD///8A////AP///wD///8A////AP///wD///8A////AP///wDQu/gA0Lv4ANC7+P/Qu/j/0Lv4/9C7+P/Qu/gA0Lv4ANC7+ADQu/gA0Lv4ANC7+ADQu/gA0Lv4ANC7+ADQu/gA0Lv4ANC7+ADQu/gA0Lv4ANC7+ADQu/gA0Lv4ANC7+ADQu/gA0Lv4ANC7+ADQu/gA0Lv4ANC7+ADQu/gA0Lv4ANC7+ADQu/gA0Lv4ANC7+ADQu/gA0Lv4ANC7+ADQu/gA0Lv4ANC7+ADQu/gA0Lv4ANC7+ADQu/gA0Lv4ANC7+ADQu/gA0Lv4ANC7+ADQu/gA0Lv4ANC7+ADQu/gA0Lv4ANC7+ADQu/gA0Lv4ANC7+ADQu/gA0Lv4ANC7+AD///8A////AP///wD///8A////AP///wD///8A////AP///wDQu/gA0Lv4ANC7+P/Qu/j/0Lv4/9C7+P/Qu/gA0Lv4ANC7+ADQu/gA0Lv4ANC7+ADQu/gA0Lv4ANC7+ADQu/gA0Lv4ANC7+ADQu/gA0Lv4ANC7+ADQu/gA0Lv4ANC7+ADQu/gA0Lv4ANC7+ADQu/gA0Lv4ANC7+ADQu/gA0Lv4ANC7+ADQu/gA0Lv4ANC7+ADQu/gA0Lv4ANC7+ADQu/gA0Lv4ANC7+ADQu/gA0Lv4ANC7+ADQu/gA0Lv4ANC7+ADQu/gA0Lv4ANC7+ADQu/gA0Lv4ANC7+ADQu/gA0Lv4ANC7+ADQu/gA0Lv4ANC7+ADQu/gA0Lv4ANC7+AD///8A////AP///wD///8A////AP///wD///8A////AP///wDQu/gA0Lv4ANC7+P/Qu/j/0Lv4/9C7+P/Qu/gA0Lv4ANC7+ADQu/gA0Lv4ANC7+ADQu/gA0Lv4ANC7+ADQu/gA0Lv4ANC7+ADQu/gA0Lv4ANC7+ADQu/gA0Lv4ANC7+ADQu/gA0Lv4ANC7+ADQu/gA0Lv4ANC7+ADQu/gA0Lv4ANC7+ADQu/gA0Lv4ANC7+ADQu/gA0Lv4ANC7+ADQu/gA0Lv4ANC7+ADQu/gA0Lv4ANC7+ADQu/gA0Lv4ANC7+ADQu/gA0Lv4ANC7+ADQu/gA0Lv4ANC7+ADQu/gA0Lv4ANC7+ADQu/gA0Lv4ANC7+ADQu/gA0Lv4ANC7+AD///8A////AP///wD///8A////AP///wD///8A////AP///wDQu/gA0Lv4ANC7+P/Qu/j/0Lv4/9C7+P/Qu/gA0Lv4ANC7+ADQu/gA0Lv4ANC7+ADQu/gA0Lv4ANC7+ADQu/gA0Lv4ANC7+ADQu/gA0Lv4ANC7+ADQu/gA0Lv4ANC7+ADQu/gA0Lv4ANC7+ADQu/gA0Lv4ANC7+P/Qu/j/0Lv4/9C7+P/Qu/j/0Lv4/9C7+P/Qu/j/0Lv4/9C7+P/Qu/j/0Lv4/9C7+P/Qu/j/0Lv4/9C7+P/Qu/j/0Lv4/9C7+P/Qu/j/0Lv4/9C7+P/Qu/j/0Lv4/9C7+P/Qu/j/0Lv4/9C7+P/Qu/j/0Lv4/9C7+P/Qu/j/0Lv4/9C7+AD///8A////AP///wD///8A////AP///wD///8A////AP///wDQu/gA0Lv4ANC7+P/Qu/j/0Lv4/9C7+P/Qu/gA0Lv4ANC7+ADQu/gA0Lv4ANC7+ADQu/gA0Lv4ANC7+ADQu/gA0Lv4ANC7+ADQu/gA0Lv4ANC7+ADQu/gA0Lv4ANC7+ADQu/gA0Lv4ANC7+ADQu/gA0Lv4ANC7+P/Qu/j/0Lv4/9C7+P/Qu/j/0Lv4/9C7+P/Qu/j/0Lv4/9C7+P/Qu/j/0Lv4/9C7+P/Qu/j/0Lv4/9C7+P/Qu/j/0Lv4/9C7+P/Qu/j/0Lv4/9C7+P/Qu/j/0Lv4/9C7+P/Qu/j/0Lv4/9C7+P/Qu/j/0Lv4/9C7+P/Qu/j/0Lv4/9C7+AD///8A////AP///wD///8A////AP///wD///8A////AP///wDQu/gA0Lv4ANC7+P/Qu/j/0Lv4/9C7+P/Qu/gA0Lv4ANC7+ADQu/gA0Lv4ANC7+ADQu/gA0Lv4ANC7+ADQu/gA0Lv4ANC7+ADQu/gA0Lv4ANC7+ADQu/gA0Lv4ANC7+ADQu/gA0Lv4ANC7+ADQu/gA0Lv4ANC7+P/Qu/j/0Lv4/9C7+P/Qu/j/0Lv4/9C7+P/Qu/j/0Lv4/9C7+P/Qu/j/0Lv4/9C7+P/Qu/j/0Lv4/9C7+P/Qu/j/0Lv4/9C7+P/Qu/j/0Lv4/9C7+P/Qu/j/0Lv4/9C7+P/Qu/j/0Lv4/9C7+P/Qu/j/0Lv4/9C7+P/Qu/j/0Lv4/9C7+AD///8A////AP///wD///8A////AP///wD///8A////AP///wDQu/gA0Lv4ANC7+P/Qu/j/0Lv4/9C7+P/Qu/gA0Lv4ANC7+ADQu/gA0Lv4ANC7+ADQu/gA0Lv4ANC7+ADQu/gA0Lv4ANC7+ADQu/gA0Lv4ANC7+ADQu/gA0Lv4ANC7+ADQu/gA0Lv4ANC7+ADQu/gA0Lv4ANC7+P/Qu/j/0Lv4/9C7+P/Qu/j/0Lv4/9C7+P/Qu/j/0Lv4/9C7+P/Qu/j/0Lv4/9C7+P/Qu/j/0Lv4/9C7+P/Qu/j/0Lv4/9C7+P/Qu/j/0Lv4/9C7+P/Qu/j/0Lv4/9C7+P/Qu/j/0Lv4/9C7+P/Qu/j/0Lv4/9C7+P/Qu/j/0Lv4/9C7+AD///8A////AP///wD///8A////AP///wD///8A////AP///wDQu/gA0Lv4ANC7+P/Qu/j/0Lv4/9C7+P/Qu/gA0Lv4ANC7+ADQu/gA0Lv4ANC7+ADQu/gA0Lv4ANC7+ADQu/gA0Lv4ANC7+ADQu/gA0Lv4ANC7+ADQu/gA0Lv4ANC7+ADQu/gA0Lv4ANC7+ADQu/gA0Lv4ANC7+P/Qu/j/0Lv4/9C7+P/Qu/j/0Lv4/9C7+P/Qu/j/0Lv4/9C7+P/Qu/j/0Lv4/9C7+P/Qu/j/0Lv4/9C7+P/Qu/j/0Lv4/9C7+P/Qu/j/0Lv4/9C7+P/Qu/j/0Lv4/9C7+P/Qu/j/0Lv4/9C7+P/Qu/j/0Lv4/9C7+P/Qu/j/0Lv4/9C7+AD///8A////AP///wD///8A////AP///wD///8A////AP///wDQu/gA0Lv4ANC7+P/Qu/j/0Lv4/9C7+P/Qu/gA0Lv4ANC7+ADQu/gA0Lv4ANC7+ADQu/gA0Lv4ANC7+ADQu/gA0Lv4ANC7+ADQu/gA0Lv4ANC7+ADQu/gA0Lv4ANC7+ADQu/gA0Lv4ANC7+ADQu/gA0Lv4ANC7+P/Qu/j/0Lv4/9C7+P/Qu/j/0Lv4/9C7+P/Qu/j/0Lv4/9C7+P/Qu/j/0Lv4/9C7+P/Qu/j/0Lv4/9C7+P/Qu/j/0Lv4/9C7+P/Qu/j/0Lv4/9C7+P/Qu/j/0Lv4/9C7+P/Qu/j/0Lv4/9C7+P/Qu/j/0Lv4/9C7+P/Qu/j/0Lv4/9C7+AD///8A////AP///wD///8A////AP///wD///8A////AP///wDQu/gA0Lv4ANC7+P/Qu/j/0Lv4/9C7+P/Qu/gA0Lv4ANC7+ADQu/gA0Lv4ANC7+ADQu/gA0Lv4ANC7+ADQu/gA0Lv4ANC7+ADQu/gA0Lv4ANC7+ADQu/gA0Lv4ANC7+ADQu/gA0Lv4ANC7+ADQu/gA0Lv4ANC7+P/Qu/j/0Lv4/9C7+P/Qu/j/0Lv4/9C7+P/Qu/j/0Lv4/9C7+P/Qu/j/0Lv4/9C7+P/Qu/j/0Lv4/9C7+P/Qu/j/0Lv4/9C7+P/Qu/j/0Lv4/9C7+P/Qu/j/0Lv4/9C7+P/Qu/j/0Lv4/9C7+P/Qu/j/0Lv4/9C7+P/Qu/j/0Lv4/9C7+AD///8A////AP///wD///8A////AP///wD///8A////AP///wDQu/gA0Lv4ANC7+P/Qu/j/0Lv4/9C7+P/Qu/gA0Lv4ANC7+ADQu/gA0Lv4ANC7+ADQu/gA0Lv4ANC7+ADQu/gA0Lv4ANC7+ADQu/gA0Lv4ANC7+ADQu/gA0Lv4ANC7+ADQu/gA0Lv4ANC7+ADQu/gA0Lv4ANC7+P/Qu/j/0Lv4/9C7+P/Qu/j/0Lv4/9C7+P/Qu/j/0Lv4/9C7+P/Qu/j/0Lv4/9C7+P/Qu/j/0Lv4/9C7+P/Qu/j/0Lv4/9C7+P/Qu/j/0Lv4/9C7+P/Qu/j/0Lv4/9C7+P/Qu/j/0Lv4/9C7+P/Qu/j/0Lv4/9C7+P/Qu/j/0Lv4/9C7+AD///8A////AP///wD///8A////AP///wD///8A////AP///wDQu/gA0Lv4ANC7+P/Qu/j/0Lv4/9C7+P/Qu/gA0Lv4ANC7+ADQu/gA0Lv4/9C7+P/Qu/j/0Lv4/9C7+P/Qu/j/0Lv4/9C7+P/Qu/j/0Lv4/9C7+P/Qu/j/0Lv4/9C7+P/Qu/j/0Lv4ANC7+ADQu/gA0Lv4ANC7+P/Qu/j/0Lv4/9C7+P/Qu/j/0Lv4/9C7+P/Qu/j/0Lv4/9C7+P/Qu/j/0Lv4/9C7+P/Qu/j/0Lv4/9C7+P/Qu/j/0Lv4/9C7+P/Qu/j/0Lv4/9C7+P/Qu/j/0Lv4/9C7+P/Qu/j/0Lv4/9C7+P/Qu/j/0Lv4/9C7+P/Qu/j/0Lv4/9C7+AD///8A////AP///wD///8A////AP///wD///8A////AP///wDQu/gA0Lv4ANC7+P/Qu/j/0Lv4/9C7+P/Qu/gA0Lv4ANC7+ADQu/gA0Lv4/9C7+P/Qu/j/0Lv4/9C7+P/Qu/j/0Lv4/9C7+P/Qu/j/0Lv4/9C7+P/Qu/j/0Lv4/9C7+P/Qu/j/0Lv4ANC7+ADQu/gA0Lv4ANC7+P/Qu/j/0Lv4/9C7+P/Qu/j/0Lv4/9C7+P/Qu/j/0Lv4/9C7+P/Qu/j/0Lv4/9C7+P/Qu/j/0Lv4/9C7+P/Qu/j/0Lv4/9C7+P/Qu/j/0Lv4/9C7+P/Qu/j/0Lv4/9C7+P/Qu/j/0Lv4/9C7+P/Qu/j/0Lv4/9C7+P/Qu/j/0Lv4/9C7+AD///8A////AP///wD///8A////AP///wD///8A////AP///wDQu/gA0Lv4ANC7+P/Qu/j/0Lv4/9C7+P/Qu/gA0Lv4ANC7+ADQu/gA0Lv4/9C7+P/Qu/j/0Lv4/9C7+P/Qu/j/0Lv4/9C7+P/Qu/j/0Lv4/9C7+P/Qu/j/0Lv4/9C7+P/Qu/j/0Lv4ANC7+ADQu/gA0Lv4ANC7+P/Qu/j/0Lv4/9C7+P/Qu/j/0Lv4/9C7+P/Qu/j/0Lv4/9C7+P/Qu/j/0Lv4/9C7+P/Qu/j/0Lv4/9C7+P/Qu/j/0Lv4/9C7+P/Qu/j/0Lv4/9C7+P/Qu/j/0Lv4/9C7+P/Qu/j/0Lv4/9C7+P/Qu/j/0Lv4/9C7+P/Qu/j/0Lv4/9C7+AD///8A////AP///wD///8A////AP///wD///8A////AP///wDQu/gA0Lv4ANC7+P/Qu/j/0Lv4/9C7+P/Qu/gA0Lv4ANC7+ADQu/gA0Lv4/9C7+P/Qu/j/0Lv4/9C7+P/Qu/j/0Lv4/9C7+P/Qu/j/0Lv4/9C7+P/Qu/j/0Lv4/9C7+P/Qu/j/0Lv4ANC7+ADQu/gA0Lv4ANC7+P/Qu/j/0Lv4/9C7+P/Qu/j/0Lv4/9C7+P/Qu/j/0Lv4/9C7+P/Qu/j/0Lv4/9C7+P/Qu/j/0Lv4/9C7+P/Qu/j/0Lv4/9C7+P/Qu/j/0Lv4/9C7+P/Qu/j/0Lv4/9C7+P/Qu/j/0Lv4/9C7+P/Qu/j/0Lv4/9C7+P/Qu/j/0Lv4/9C7+AD///8A////AP///wD///8A////AP///wD///8A////AP///wDQu/gA0Lv4ANC7+P/Qu/j/0Lv4/9C7+P/Qu/gA0Lv4ANC7+ADQu/gA0Lv4/9C7+P/Qu/j/0Lv4/9C7+P/Qu/j/0Lv4/9C7+P/Qu/j/0Lv4/9C7+P/Qu/j/0Lv4/9C7+P/Qu/j/0Lv4ANC7+ADQu/gA0Lv4ANC7+P/Qu/j/0Lv4/9C7+P/Qu/j/0Lv4/9C7+P/Qu/j/0Lv4/9C7+P/Qu/j/0Lv4/9C7+P/Qu/j/0Lv4/9C7+P/Qu/j/0Lv4/9C7+P/Qu/j/0Lv4/9C7+P/Qu/j/0Lv4/9C7+P/Qu/j/0Lv4/9C7+P/Qu/j/0Lv4/9C7+P/Qu/j/0Lv4/9C7+AD///8A////AP///wD///8A////AP///wD///8A////AP///wDQu/gA0Lv4ANC7+P/Qu/j/0Lv4/9C7+P/Qu/gA0Lv4ANC7+ADQu/gA0Lv4/9C7+P/Qu/j/0Lv4/9C7+P/Qu/j/0Lv4/9C7+P/Qu/j/0Lv4/9C7+P/Qu/j/0Lv4/9C7+P/Qu/j/0Lv4ANC7+ADQu/gA0Lv4ANC7+P/Qu/j/0Lv4/9C7+P/Qu/j/0Lv4/9C7+P/Qu/j/0Lv4/9C7+P/Qu/j/0Lv4/9C7+P/Qu/j/0Lv4/9C7+P/Qu/j/0Lv4/9C7+P/Qu/j/0Lv4/9C7+P/Qu/j/0Lv4/9C7+P/Qu/j/0Lv4/9C7+P/Qu/j/0Lv4/9C7+P/Qu/j/0Lv4/9C7+AD///8A////AP///wD///8A////AP///wD///8A////AP///wDQu/gA0Lv4ANC7+P/Qu/j/0Lv4/9C7+P/Qu/gA0Lv4ANC7+ADQu/gA0Lv4/9C7+P/Qu/j/0Lv4/9C7+P/Qu/j/0Lv4/9C7+P/Qu/j/0Lv4/9C7+P/Qu/j/0Lv4/9C7+P/Qu/j/0Lv4ANC7+ADQu/gA0Lv4ANC7+P/Qu/j/0Lv4/9C7+P/Qu/j/0Lv4/9C7+P/Qu/j/0Lv4/9C7+P/Qu/j/0Lv4/9C7+P/Qu/j/0Lv4/9C7+P/Qu/j/0Lv4/9C7+P/Qu/j/0Lv4/9C7+P/Qu/j/0Lv4/9C7+P/Qu/j/0Lv4/9C7+P/Qu/j/0Lv4/9C7+P/Qu/j/0Lv4/9C7+AD///8A////AP///wD///8A////AP///wD///8A////AP///wDQu/gA0Lv4ANC7+P/Qu/j/0Lv4/9C7+P/Qu/gA0Lv4ANC7+ADQu/gA0Lv4/9C7+P/Qu/j/0Lv4/9C7+P/Qu/j/0Lv4/9C7+P/Qu/j/0Lv4/9C7+P/Qu/j/0Lv4/9C7+P/Qu/j/0Lv4ANC7+ADQu/gA0Lv4ANC7+P/Qu/j/0Lv4/9C7+P/Qu/j/0Lv4/9C7+P/Qu/j/0Lv4/9C7+P/Qu/j/0Lv4/9C7+P/Qu/j/0Lv4/9C7+P/Qu/j/0Lv4/9C7+P/Qu/j/0Lv4/9C7+P/Qu/j/0Lv4/9C7+P/Qu/j/0Lv4/9C7+P/Qu/j/0Lv4/9C7+P/Qu/j/0Lv4/9C7+AD///8A////AP///wD///8A////AP///wD///8A////AP///wDQu/gA0Lv4ANC7+P/Qu/j/0Lv4/9C7+P/Qu/gA0Lv4ANC7+ADQu/gA0Lv4/9C7+P/Qu/j/0Lv4/9C7+P/Qu/j/0Lv4/9C7+P/Qu/j/0Lv4/9C7+P/Qu/j/0Lv4/9C7+P/Qu/j/0Lv4ANC7+ADQu/gA0Lv4ANC7+P/Qu/j/0Lv4/9C7+P/Qu/j/0Lv4/9C7+P/Qu/j/0Lv4/9C7+P/Qu/j/0Lv4/9C7+P/Qu/j/0Lv4/9C7+P/Qu/j/0Lv4/9C7+P/Qu/j/0Lv4/9C7+P/Qu/j/0Lv4/9C7+P/Qu/j/0Lv4/9C7+P/Qu/j/0Lv4/9C7+P/Qu/j/0Lv4/9C7+AD///8A////AP///wD///8A////AP///wD///8A////AP///wDQu/gA0Lv4ANC7+P/Qu/j/0Lv4/9C7+P/Qu/gA0Lv4ANC7+ADQu/gA0Lv4/9C7+P/Qu/j/0Lv4/9C7+P/Qu/j/0Lv4/9C7+P/Qu/j/0Lv4/9C7+P/Qu/j/0Lv4/9C7+P/Qu/j/0Lv4ANC7+ADQu/gA0Lv4ANC7+P/Qu/j/0Lv4/9C7+P/Qu/j/0Lv4/9C7+P/Qu/j/0Lv4/9C7+P/Qu/j/0Lv4/9C7+P/Qu/j/0Lv4/9C7+P/Qu/j/0Lv4/9C7+P/Qu/j/0Lv4/9C7+P/Qu/j/0Lv4/9C7+P/Qu/j/0Lv4/9C7+P/Qu/j/0Lv4/9C7+P/Qu/j/0Lv4/9C7+AD///8A////AP///wD///8A////AP///wD///8A////AP///wDQu/gA0Lv4ANC7+P/Qu/j/0Lv4/9C7+P/Qu/gA0Lv4ANC7+ADQu/gA0Lv4/9C7+P/Qu/j/0Lv4/9C7+P/Qu/j/0Lv4/9C7+P/Qu/j/0Lv4/9C7+P/Qu/j/0Lv4/9C7+P/Qu/j/0Lv4ANC7+ADQu/gA0Lv4ANC7+P/Qu/j/0Lv4/9C7+P/Qu/j/0Lv4/9C7+P/Qu/j/0Lv4/9C7+P/Qu/j/0Lv4/9C7+P/Qu/j/0Lv4/9C7+P/Qu/j/0Lv4/9C7+P/Qu/j/0Lv4/9C7+P/Qu/j/0Lv4/9C7+P/Qu/j/0Lv4/9C7+P/Qu/j/0Lv4/9C7+P/Qu/j/0Lv4/9C7+AD///8A////AP///wD///8A////AP///wD///8A////AP///wDQu/gA0Lv4ANC7+P/Qu/j/0Lv4/9C7+P/Qu/gA0Lv4ANC7+ADQu/gA0Lv4/9C7+P/Qu/j/0Lv4/9C7+P/Qu/j/0Lv4/9C7+P/Qu/j/0Lv4/9C7+P/Qu/j/0Lv4/9C7+P/Qu/j/0Lv4ANC7+ADQu/gA0Lv4ANC7+P/Qu/j/0Lv4/9C7+P/Qu/j/0Lv4/9C7+P/Qu/j/0Lv4/9C7+P/Qu/j/0Lv4/9C7+P/Qu/j/0Lv4/9C7+P/Qu/j/0Lv4/9C7+P/Qu/j/0Lv4/9C7+P/Qu/j/0Lv4/9C7+P/Qu/j/0Lv4/9C7+P/Qu/j/0Lv4/9C7+P/Qu/j/0Lv4/9C7+AD///8A////AP///wD///8A////AP///wD///8A////AP///wDQu/gA0Lv4ANC7+P/Qu/j/0Lv4/9C7+P/Qu/gA0Lv4ANC7+ADQu/gA0Lv4/9C7+P/Qu/j/0Lv4/9C7+P/Qu/j/0Lv4/9C7+P/Qu/j/0Lv4/9C7+P/Qu/j/0Lv4/9C7+P/Qu/j/0Lv4ANC7+ADQu/gA0Lv4ANC7+P/Qu/j/0Lv4/9C7+P/Qu/j/0Lv4/9C7+P/Qu/j/0Lv4/9C7+P/Qu/j/0Lv4/9C7+P/Qu/j/0Lv4/9C7+P/Qu/j/0Lv4/9C7+P/Qu/j/0Lv4/9C7+P/Qu/j/0Lv4/9C7+P/Qu/j/0Lv4/9C7+P/Qu/j/0Lv4/9C7+P/Qu/j/0Lv4/9C7+AD///8A////AP///wD///8A////AP///wD///8A////AP///wDQu/gA0Lv4ANC7+P/Qu/j/0Lv4/9C7+P/Qu/gA0Lv4ANC7+ADQu/gA0Lv4/9C7+P/Qu/j/0Lv4/9C7+P/Qu/j/0Lv4/9C7+P/Qu/j/0Lv4/9C7+P/Qu/j/0Lv4/9C7+P/Qu/j/0Lv4ANC7+ADQu/gA0Lv4ANC7+P/Qu/j/0Lv4/9C7+P/Qu/j/0Lv4/9C7+P/Qu/j/0Lv4/9C7+P/Qu/j/0Lv4/9C7+P/Qu/j/0Lv4/9C7+P/Qu/j/0Lv4/9C7+P/Qu/j/0Lv4/9C7+P/Qu/j/0Lv4/9C7+P/Qu/j/0Lv4/9C7+P/Qu/j/0Lv4/9C7+P/Qu/j/0Lv4/9C7+AD///8A////AP///wD///8A////AP///wD///8A////AP///wDQu/gA0Lv4ANC7+P/Qu/j/0Lv4/9C7+P/Qu/gA0Lv4ANC7+ADQu/gA0Lv4/9C7+P/Qu/j/0Lv4/9C7+P/Qu/j/0Lv4/9C7+P/Qu/j/0Lv4/9C7+P/Qu/j/0Lv4/9C7+P/Qu/j/0Lv4ANC7+ADQu/gA0Lv4ANC7+P/Qu/j/0Lv4/9C7+P/Qu/j/0Lv4/9C7+P/Qu/j/0Lv4/9C7+P/Qu/j/0Lv4/9C7+P/Qu/j/0Lv4/9C7+P/Qu/j/0Lv4/9C7+P/Qu/j/0Lv4/9C7+P/Qu/j/0Lv4/9C7+P/Qu/j/0Lv4/9C7+P/Qu/j/0Lv4/9C7+P/Qu/j/0Lv4/9C7+AD///8A////AP///wD///8A////AP///wD///8A////AP///wDQu/gA0Lv4ANC7+P/Qu/j/0Lv4/9C7+P/Qu/gA0Lv4ANC7+ADQu/gA0Lv4/9C7+P/Qu/j/0Lv4/9C7+P/Qu/j/0Lv4/9C7+P/Qu/j/0Lv4/9C7+P/Qu/j/0Lv4/9C7+P/Qu/j/0Lv4ANC7+ADQu/gA0Lv4ANC7+P/Qu/j/0Lv4/9C7+P/Qu/j/0Lv4/9C7+P/Qu/j/0Lv4/9C7+P/Qu/j/0Lv4/9C7+P/Qu/j/0Lv4/9C7+P/Qu/j/0Lv4/9C7+P/Qu/j/0Lv4/9C7+P/Qu/j/0Lv4/9C7+P/Qu/j/0Lv4/9C7+P/Qu/j/0Lv4/9C7+P/Qu/j/0Lv4/9C7+AD///8A////AP///wD///8A////AP///wD///8A////AP///wDQu/gA0Lv4ANC7+P/Qu/j/0Lv4/9C7+P/Qu/gA0Lv4ANC7+ADQu/gA0Lv4/9C7+P/Qu/j/0Lv4/9C7+P/Qu/j/0Lv4/9C7+P/Qu/j/0Lv4/9C7+P/Qu/j/0Lv4/9C7+P/Qu/j/0Lv4ANC7+ADQu/gA0Lv4ANC7+P/Qu/j/0Lv4/9C7+P/Qu/j/0Lv4/9C7+P/Qu/j/0Lv4/9C7+P/Qu/j/0Lv4/9C7+P/Qu/j/0Lv4/9C7+P/Qu/j/0Lv4/9C7+P/Qu/j/0Lv4/9C7+P/Qu/j/0Lv4/9C7+P/Qu/j/0Lv4/9C7+P/Qu/j/0Lv4/9C7+P/Qu/j/0Lv4/9C7+AD///8A////AP///wD///8A////AP///wD///8A////AP///wDQu/gA0Lv4ANC7+P/Qu/j/0Lv4/9C7+P/Qu/gA0Lv4ANC7+ADQu/gA0Lv4/9C7+P/Qu/j/0Lv4/9C7+P/Qu/j/0Lv4/9C7+P/Qu/j/0Lv4/9C7+P/Qu/j/0Lv4/9C7+P/Qu/j/0Lv4ANC7+ADQu/gA0Lv4ANC7+P/Qu/j/0Lv4/9C7+P/Qu/j/0Lv4/9C7+P/Qu/j/0Lv4/9C7+P/Qu/j/0Lv4/9C7+P/Qu/j/0Lv4/9C7+P/Qu/j/0Lv4/9C7+P/Qu/j/0Lv4/9C7+P/Qu/j/0Lv4/9C7+P/Qu/j/0Lv4/9C7+P/Qu/j/0Lv4/9C7+P/Qu/j/0Lv4/9C7+AD///8A////AP///wD///8A////AP///wD///8A////AP///wDQu/gA0Lv4ANC7+P/Qu/j/0Lv4/9C7+P/Qu/gA0Lv4ANC7+ADQu/gA0Lv4/9C7+P/Qu/j/0Lv4/9C7+P/Qu/j/0Lv4/9C7+P/Qu/j/0Lv4/9C7+P/Qu/j/0Lv4/9C7+P/Qu/j/0Lv4ANC7+ADQu/gA0Lv4ANC7+P/Qu/j/0Lv4/9C7+P/Qu/j/0Lv4/9C7+P/Qu/j/0Lv4/9C7+P/Qu/j/0Lv4/9C7+P/Qu/j/0Lv4/9C7+P/Qu/j/0Lv4/9C7+P/Qu/j/0Lv4/9C7+P/Qu/j/0Lv4/9C7+P/Qu/j/0Lv4/9C7+P/Qu/j/0Lv4/9C7+P/Qu/j/0Lv4/9C7+AD///8A////AP///wD///8A////AP///wD///8A////AP///wDQu/gA0Lv4ANC7+P/Qu/j/0Lv4/9C7+P/Qu/gA0Lv4ANC7+ADQu/gA0Lv4/9C7+P/Qu/j/0Lv4/9C7+P/Qu/j/0Lv4/9C7+P/Qu/j/0Lv4/9C7+P/Qu/j/0Lv4/9C7+P/Qu/j/0Lv4ANC7+ADQu/gA0Lv4ANC7+P/Qu/j/0Lv4/9C7+P/Qu/j/0Lv4/9C7+P/Qu/j/0Lv4/9C7+P/Qu/j/0Lv4/9C7+P/Qu/j/0Lv4/9C7+P/Qu/j/0Lv4/9C7+P/Qu/j/0Lv4/9C7+P/Qu/j/0Lv4/9C7+P/Qu/j/0Lv4/9C7+P/Qu/j/0Lv4/9C7+P/Qu/j/0Lv4/9C7+AD///8A////AP///wD///8A////AP///wD///8A////AP///wDQu/gA0Lv4ANC7+P/Qu/j/0Lv4/9C7+P/Qu/gA0Lv4ANC7+ADQu/gA0Lv4/9C7+P/Qu/j/0Lv4/9C7+P/Qu/j/0Lv4/9C7+P/Qu/j/0Lv4/9C7+P/Qu/j/0Lv4/9C7+P/Qu/j/0Lv4ANC7+ADQu/gA0Lv4ANC7+P/Qu/j/0Lv4/9C7+P/Qu/j/0Lv4/9C7+P/Qu/j/0Lv4/9C7+P/Qu/j/0Lv4/9C7+P/Qu/j/0Lv4/9C7+P/Qu/j/0Lv4/9C7+P/Qu/j/0Lv4/9C7+P/Qu/j/0Lv4/9C7+P/Qu/j/0Lv4/9C7+P/Qu/j/0Lv4/9C7+P/Qu/j/0Lv4/9C7+AD///8A////AP///wD///8A////AP///wD///8A////AP///wDQu/gA0Lv4ANC7+P/Qu/j/0Lv4/9C7+P/Qu/gA0Lv4ANC7+ADQu/gA0Lv4/9C7+P/Qu/j/0Lv4/9C7+P/Qu/j/0Lv4/9C7+P/Qu/j/0Lv4/9C7+P/Qu/j/0Lv4/9C7+P/Qu/j/0Lv4ANC7+ADQu/gA0Lv4ANC7+P/Qu/j/0Lv4/9C7+P/Qu/j/0Lv4/9C7+P/Qu/j/0Lv4/9C7+P/Qu/j/0Lv4/9C7+P/Qu/j/0Lv4/9C7+P/Qu/j/0Lv4/9C7+P/Qu/j/0Lv4/9C7+P/Qu/j/0Lv4/9C7+P/Qu/j/0Lv4/9C7+P/Qu/j/0Lv4/9C7+P/Qu/j/0Lv4/9C7+AD///8A////AP///wD///8A////AP///wD///8A////AP///wDQu/gA0Lv4ANC7+P/Qu/j/0Lv4/9C7+P/Qu/gA0Lv4ANC7+ADQu/gA0Lv4/9C7+P/Qu/j/0Lv4/9C7+P/Qu/j/0Lv4/9C7+P/Qu/j/0Lv4/9C7+P/Qu/j/0Lv4/9C7+P/Qu/j/0Lv4ANC7+ADQu/gA0Lv4ANC7+CHQu/iF0Lv45tC7+P/Qu/j/0Lv4/9C7+P/Qu/j/0Lv4/9C7+P/Qu/j/0Lv4/9C7+P/Qu/j/0Lv4ANC7+ADQu/gA0Lv4ANC7+ADQu/gA0Lv4ANC7+ADQu/gA0Lv4ANC7+ADQu/gA0Lv4ANC7+ADQu/gA0Lv4ANC7+ADQu/gA0Lv4ANC7+AD///8A////AP///wD///8A////AP///wD///8A////AP///wDQu/gA0Lv4ANC7+P/Qu/j/0Lv4/9C7+P/Qu/gA0Lv4ANC7+ADQu/gA0Lv4/9C7+P/Qu/j/0Lv4/9C7+P/Qu/j/0Lv4/9C7+P/Qu/j/0Lv4/9C7+P/Qu/j/0Lv4/9C7+P/Qu/j/0Lv4W9C7+AnQu/gA0Lv4ANC7+ADQu/gA0Lv4BdC7+FLQu/i40Lv4/dC7+P/Qu/j/0Lv4/9C7+P/Qu/j/0Lv4/9C7+P/Qu/j/0Lv4ANC7+ADQu/gA0Lv4ANC7+ADQu/gA0Lv4ANC7+ADQu/gA0Lv4ANC7+ADQu/gA0Lv4ANC7+ADQu/gA0Lv4ANC7+ADQu/gA0Lv4ANC7+AD///8A////AP///wD///8A////AP///wD///8A////AP///wDQu/gA0Lv4ANC7+P/Qu/j/0Lv4/9C7+P/Qu/gA0Lv4ANC7+ADQu/gA0Lv4/9C7+P/Qu/j/0Lv4/9C7+P/Qu/j/0Lv4/9C7+P/Qu/j/0Lv4/9C7+P/Qu/j/0Lv4/9C7+P/Qu/j/0Lv4/9C7+PDQu/iU0Lv4K9C7+ADQu/gA0Lv4ANC7+ADQu/gA0Lv4IdC7+IXQu/jm0Lv4/9C7+P/Qu/j/0Lv4/9C7+P/Qu/j/0Lv4ANC7+ADQu/gA0Lv4ANC7+ADQu/gA0Lv4ANC7+ADQu/gA0Lv4ANC7+ADQu/gA0Lv4ANC7+ADQu/gA0Lv4ANC7+ADQu/gA0Lv4ANC7+AD///8A////AP///wD///8A////AP///wD///8A////AP///wDQu/gA0Lv4ANC7+P/Qu/j/0Lv4/9C7+P/Qu/gA0Lv4ANC7+ADQu/gA0Lv4/9C7+P/Qu/j/0Lv4/9C7+P/Qu/j/0Lv4/9C7+P/Qu/j/0Lv4/9C7+P/Qu/j/0Lv4/9C7+P/Qu/j/0Lv4/9C7+P/Qu/j/0Lv4/9C7+MPQu/hc0Lv4CNC7+ADQu/gA0Lv4ANC7+ADQu/gF0Lv4UtC7+LjQu/j90Lv4/9C7+P/Qu/j/0Lv4ANC7+ADQu/gA0Lv4ANC7+ADQu/gA0Lv4ANC7+ADQu/gA0Lv4ANC7+ADQu/gA0Lv4ANC7+ADQu/gA0Lv4ANC7+ADQu/gA0Lv4ANC7+AD///8A////AP///wD///8A////AP///wD///8A////AP///wDQu/gA0Lv4ANC7+P/Qu/j/0Lv4/9C7+P/Qu/gA0Lv4ANC7+ADQu/gA0Lv4/9C7+P/Qu/j/0Lv4/9C7+P/Qu/j/0Lv4/9C7+P/Qu/j/0Lv4/9C7+P/Qu/j/0Lv4/9C7+P/Qu/j/0Lv4/9C7+P/Qu/j/0Lv4/9C7+P/Qu/j/0Lv47dC7+I/Qu/gp0Lv4ANC7+ADQu/gA0Lv4ANC7+ADQu/gh0Lv4htC7+OfQu/j/0Lv4ANC7+ADQu/gA0Lv4ANC7+ADQu/gA0Lv4ANC7+ADQu/gA0Lv4ANC7+ADQu/gA0Lv4ANC7+ADQu/gA0Lv4ANC7+ADQu/gA0Lv4ANC7+AD///8A////AP///wD///8A////AP///wD///8A////AP///wDQu/gA0Lv4ANC7+P/Qu/j/0Lv4/9C7+P/Qu/gA0Lv4ANC7+ADQu/gA0Lv4/9C7+P/Qu/j/0Lv4/9C7+P/Qu/j/0Lv4/9C7+P/Qu/j/0Lv4/9C7+P/Qu/j/0Lv4/9C7+P/Qu/j/0Lv4/9C7+P/Qu/j/0Lv4/9C7+P/Qu/j/0Lv4/9C7+P/Qu/j/0Lv4wtC7+FzQu/gI0Lv4ANC7+ADQu/gA0Lv4ANC7+AXQu/hT0Lv4ANC7+ADQu/gA0Lv4ANC7+ADQu/gA0Lv4ANC7+ADQu/gA0Lv4ANC7+ADQu/gA0Lv4ANC7+ADQu/gA0Lv4ANC7+ADQu/gA0Lv4ANC7+AD///8A////AP///wD///8A////AP///wD///8A////AP///wDQu/gA0Lv4ANC7+P/Qu/j/0Lv4/9C7+P/Qu/gA0Lv4ANC7+ADQu/gA0Lv4/9C7+P/Qu/j/0Lv4/9C7+P/Qu/j/0Lv4/9C7+P/Qu/j/0Lv4/9C7+P/Qu/j/0Lv4/9C7+P/Qu/j/0Lv4/9C7+P/Qu/j/0Lv4/9C7+P/Qu/j/0Lv4/9C7+P/Qu/j/0Lv4/9C7+P/Qu/jt0Lv4jtC7+CjQu/gA0Lv4ANC7+ADQu/gA0Lv4ANC7+ADQu/gA0Lv4ANC7+ADQu/gA0Lv4ANC7+ADQu/gA0Lv4ANC7+ADQu/gA0Lv4ANC7+ADQu/gA0Lv4ANC7+ADQu/gA0Lv4ANC7+AD///8A////AP///wD///8A////AP///wD///8A////AP///wDQu/gA0Lv4ANC7+P/Qu/j/0Lv4/9C7+P/Qu/gA0Lv4ANC7+ADQu/gA0Lv4/9C7+P/Qu/j/0Lv4/9C7+P/Qu/j/0Lv4/9C7+P/Qu/j/0Lv4/9C7+P/Qu/j/0Lv4/9C7+P/Qu/j/0Lv4/9C7+P/Qu/j/0Lv4/9C7+P/Qu/j/0Lv4/9C7+P/Qu/j/0Lv4/9C7+P/Qu/j/0Lv4/9C7+P/Qu/jB0Lv4ANC7+ADQu/gA0Lv4ANC7+ADQu/gA0Lv4ANC7+ADQu/gA0Lv4ANC7+ADQu/gA0Lv4ANC7+ADQu/gA0Lv4ANC7+ADQu/gA0Lv4ANC7+ADQu/gA0Lv4ANC7+AD///8A////AP///wD///8A////AP///wD///8A////AP///wDQu/gA0Lv4ANC7+ADQu/gA0Lv4ANC7+ADQu/gA0Lv4ANC7+ADQu/gA0Lv4ANC7+ADQu/gA0Lv4ANC7+ADQu/gA0Lv4ANC7+ADQu/gA0Lv4ANC7+ADQu/gA0Lv4ANC7+ADQu/gA0Lv4ANC7+ADQu/gA0Lv4ANC7+ADQu/gA0Lv4ANC7+ADQu/gA0Lv4ANC7+ADQu/gA0Lv4ANC7+ADQu/gA0Lv4ANC7+ADQu/gA0Lv4ANC7+ADQu/gA0Lv4ANC7+ADQu/gA0Lv4ANC7+ADQu/gA0Lv4ANC7+ADQu/gA0Lv4ANC7+ADQu/gA0Lv4ANC7+ADQu/gA0Lv4ANC7+AD///8A////AP///wD///8A////AP///wD///8A////AP///wDQu/gA0Lv4ANC7+ADQu/gA0Lv4ANC7+ADQu/gA0Lv4ANC7+ADQu/gA0Lv4ANC7+ADQu/gA0Lv4ANC7+ADQu/gA0Lv4ANC7+ADQu/gA0Lv4ANC7+ADQu/gA0Lv4ANC7+ADQu/gA0Lv4ANC7+ADQu/gA0Lv4ANC7+ADQu/gA0Lv4ANC7+ADQu/gA0Lv4ANC7+ADQu/gA0Lv4ANC7+ADQu/gA0Lv4ANC7+ADQu/gA0Lv4ANC7+ADQu/gA0Lv4ANC7+ADQu/gA0Lv4ANC7+ADQu/gA0Lv4ANC7+ADQu/gA0Lv4ANC7+ADQu/gA0Lv4ANC7+ADQu/gA0Lv4ANC7+AD///8A////AP///wD///8A////AP///wD///8A////AP///wDQu/gA0Lv4ANC7+ADQu/gA0Lv4ANC7+ADQu/gA0Lv4ANC7+ADQu/gA0Lv4ANC7+ADQu/gA0Lv4ANC7+ADQu/gA0Lv4ANC7+ADQu/gA0Lv4ANC7+ADQu/gA0Lv4ANC7+ADQu/gA0Lv4ANC7+ADQu/gA0Lv4ANC7+ADQu/gA0Lv4ANC7+ADQu/gA0Lv4ANC7+ADQu/gA0Lv4ANC7+ADQu/gA0Lv4ANC7+ADQu/gA0Lv4ANC7+ADQu/gA0Lv4ANC7+ADQu/gA0Lv4ANC7+ADQu/gA0Lv4ANC7+ADQu/gA0Lv4ANC7+ADQu/gA0Lv4ANC7+ADQu/gA0Lv4ANC7+AD///8A////AP///wD///8A////AP///wD///8A////AP///wDQu/gA0Lv4ANC7+ADQu/gA0Lv4ANC7+ADQu/gA0Lv4ANC7+ADQu/gA0Lv4ANC7+ADQu/gA0Lv4ANC7+ADQu/gA0Lv4ANC7+ADQu/gA0Lv4ANC7+ADQu/gA0Lv4ANC7+ADQu/gA0Lv4ANC7+ADQu/gA0Lv4ANC7+ADQu/gA0Lv4ANC7+ADQu/gA0Lv4ANC7+ADQu/gA0Lv4ANC7+ADQu/gA0Lv4ANC7+ADQu/gA0Lv4ANC7+ADQu/gA0Lv4ANC7+ADQu/gA0Lv4ANC7+ADQu/gA0Lv4ANC7+ADQu/gA0Lv4ANC7+ADQu/gA0Lv4ANC7+ADQu/gA0Lv4ANC7+AD///8A////AP///wD///8A////AP///wD///8A////AP///wDQu/gA0Lv4ANC7+ADQu/gA0Lv4ANC7+ADQu/gA0Lv4ANC7+ADQu/gA0Lv4ANC7+ADQu/gA0Lv4ANC7+ADQu/gA0Lv4ANC7+ADQu/gA0Lv4ANC7+ADQu/gA0Lv4ANC7+ADQu/gA0Lv4ANC7+ADQu/gA0Lv4ANC7+ADQu/gA0Lv4ANC7+ADQu/gA0Lv4ANC7+ADQu/gA0Lv4ANC7+ADQu/gA0Lv4ANC7+ADQu/gA0Lv4ANC7+ADQu/gA0Lv4ANC7+ADQu/gA0Lv4ANC7+ADQu/gA0Lv4ANC7+ADQu/gA0Lv4ANC7+ADQu/gA0Lv4ANC7+ADQu/gA0Lv4ANC7+AD///8A////AP///wD///8A////AP///wD///8A////AP///wDQu/gA0Lv4ANC7+ADQu/gA0Lv4ANC7+ADQu/gA0Lv4ANC7+ADQu/gA0Lv4ANC7+ADQu/gA0Lv4ANC7+ADQu/gA0Lv4ANC7+ADQu/gA0Lv4ANC7+ADQu/gA0Lv4ANC7+ADQu/gA0Lv4ANC7+ADQu/gA0Lv4ANC7+ADQu/gA0Lv4ANC7+ADQu/gA0Lv4ANC7+ADQu/gA0Lv4ANC7+ADQu/gA0Lv4ANC7+ADQu/gA0Lv4ANC7+ADQu/gA0Lv4ANC7+ADQu/gA0Lv4ANC7+ADQu/gA0Lv4ANC7+ADQu/gA0Lv4ANC7+ADQu/gA0Lv4ANC7+ADQu/gA0Lv4ANC7+AD///8A////AP///wD///8A////AP///wD///8A////AP///wDQu/gA0Lv4ANC7+ADQu/gA0Lv4ANC7+ADQu/gA0Lv4ANC7+ADQu/gA0Lv4ANC7+ADQu/gA0Lv4ANC7+ADQu/gA0Lv4ANC7+ADQu/gA0Lv4ANC7+ADQu/gA0Lv4ANC7+ADQu/gA0Lv4ANC7+ADQu/gA0Lv4ANC7+ADQu/gA0Lv4ANC7+ADQu/gA0Lv4ANC7+ADQu/gA0Lv4ANC7+ADQu/gA0Lv4ANC7+ADQu/gA0Lv4ANC7+ADQu/gA0Lv4ANC7+ADQu/gA0Lv4ANC7+ADQu/gA0Lv4ANC7+ADQu/gA0Lv4ANC7+ADQu/gA0Lv4ANC7+ADQu/gA0Lv4ANC7+AD///8A////AP///wD///8A////AP///wD///8A////AP///wDQu/gA0Lv4ANC7+ADQu/gA0Lv4ANC7+ADQu/gA0Lv4ANC7+ADQu/gA0Lv4ANC7+ADQu/gA0Lv4ANC7+ADQu/gA0Lv4ANC7+ADQu/gA0Lv4ANC7+ADQu/gA0Lv4ANC7+ADQu/gA0Lv4ANC7+ADQu/gA0Lv4ANC7+ADQu/gA0Lv4ANC7+ADQu/gA0Lv4ANC7+ADQu/gA0Lv4ANC7+ADQu/gA0Lv4ANC7+ADQu/gA0Lv4ANC7+ADQu/gA0Lv4ANC7+ADQu/gA0Lv4ANC7+ADQu/gA0Lv4ANC7+ADQu/gA0Lv4ANC7+ADQu/gA0Lv4ANC7+ADQu/gA0Lv4ANC7+AD///8A////AP///wD///8A////AP///wD///8A////AP///wD///8A////AP///wD///8A////AP///wD///8A////AP///wD///8A////AP///wD///8A////AP///wD///8A////AP///wD///8A////AP///wD///8A////AP///wD///8A////AP///wD///8A////AP///wD///8A////AP///wD///8A////AP///wD///8A////AP///wD///8A////AP///wD///8A////AP///wD///8A////AP///wD///8A////AP///wD///8A////AP///wD///8A////AP///wD///8A////AP///wD///8A////AP///wD///8A////AP///wD///8A////AP///////////wAAAP///////////wAAAPw//////////wAAAPw//////////wAAAPw//////////wAAAPw//////////wAAAPw//////////wAAAPw//////////wAAAPw//////////wAAAPw//////////wAAAPw//////////wAAAPw//////////wAAAPw//////////wAAAPw//////////wAAAPw//////////wAAAPw//////////wAAAPw//////////wAAAPw//////////wAAAPw//////////wAAAPw//////////wAAAPw//////////wAAAPw//////////wAAAPw//////////wAAAPw//////////wAAAPw//////////wAAAPw///+AAAAAPwAAAPw///+AAAAAPwAAAPw///+AAAAAPwAAAPw///+AAAAAPwAAAPw///+AAAAAPwAAAPw///+AAAAAPwAAAPw///+AAAAAPwAAAPw///+AAAAAPwAAAPw8AAeAAAAAPwAAAPw8AAeAAAAAPwAAAPw8AAeAAAAAPwAAAPw8AAeAAAAAPwAAAPw8AAeAAAAAPwAAAPw8AAeAAAAAPwAAAPw8AAeAAAAAPwAAAPw8AAeAAAAAPwAAAPw8AAeAAAAAPwAAAPw8AAeAAAAAPwAAAPw8AAeAAAAAPwAAAPw8AAeAAAAAPwAAAPw8AAeAAAAAPwAAAPw8AAeAAAAAPwAAAPw8AAeAAAAAPwAAAPw8AAeAAAAAPwAAAPw8AAeAAAAAPwAAAPw8AAeAAAAAPwAAAPw8AAeAAAAAPwAAAPw8AAeAAAAAPwAAAPw8AAeAAAAAPwAAAPw8AAeAAAAAPwAAAPw8AAeAAf///wAAAPw8AAHgAf///wAAAPw8AAB8Af///wAAAPw8AAAPAf///wAAAPw8AAAD4f///wAAAPw8AAAAef///wAAAPw8AAAAH////wAAAPw8AAAAD////wAAAP///////////wAAAP///////////wAAAP///////////wAAAP///////////wAAAP///////////wAAAP///////////wAAAP///////////wAAAP///////////wAAAP///////////wAAAA==</Flag>
    <Flag Caption="Purple Flag">AAABAAcAEBAAAAEAIABoBAAAdgAAABgYAAABACAAiAkAAN4EAAAgIAAAAQAgAKgQAABmDgAAICAAAAEAIACoEAAADh8AADAwAAABACAAqCUAALYvAABAQAAAAQAgAChCAABeVQAASEgAAAEAIACIVAAAhpcAACgAAAAQAAAAIAAAAAEAIAAAAAAAAAAAAAAAAAAAAAAAAAAAAAAAAAD7QOAA+0DgAPtA4AD7QOAA+0DgAPtA4AD7QOAA+0DgAPtA4AD7QOAA+0DgAPtA4AD7QOAA+0DgAPtA4AD7QOAA+0DgAPtA4P/7QOD/+0DgAPtA4AD7QOAA+0DgAPtA4AD7QOAA+0DgAPtA4AD7QOAA+0DgAPtA4AD7QOAA+0DgAPtA4AD7QOD/+0Dg//tA4AD7QOAA+0DgAPtA4AD7QOAA+0DgAPtA4AD7QOAA+0DgAPtA4AD7QOAA+0DgAPtA4AD7QOAA+0Dg//tA4P/7QOAA+0DgAPtA4AD7QOAA+0DgAPtA4AD7QOAA+0DgAPtA4AD7QOAA+0DgAPtA4AD7QOAA+0DgAPtA4P/7QOD/+0DgAPtA4AD7QOAA+0DgAPtA4AD7QOAA+0DgAPtA4AD7QOAA+0DgAPtA4AD7QOAA+0DgAPtA4AD7QOD/+0Dg//tA4AD7QOAA+0DgAPtA4AD7QOAA+0DgAPtA4AD7QOAA+0DgAPtA4AD7QOAA+0DgAPtA4AD7QOAA+0Dg//tA4P/7QOAA+0DgAPtA4AD7QOAA+0DgAPtA4P/7QOD/+0Dg//tA4P/7QOD/+0Dg//tA4P/7QOD/+0DgAPtA4P/7QOD/+0DgAPtA4AD7QOAA+0DgAPtA4AD7QOD/+0Dg//tA4P/7QOD/+0Dg//tA4P/7QOD/+0Dg//tA4AD7QOD/+0Dg//tA4AD7QOD/+0Dg//tA4P/7QOAa+0Dg//tA4P/7QOD/+0Dg//tA4P/7QOD/+0Dg//tA4P/7QOAA+0Dg//tA4P/7QOAA+0Dg//tA4P/7QOD/+0DgGvtA4P/7QOD/+0Dg//tA4P/7QOD/+0Dg//tA4P/7QOD/+0DgAPtA4P/7QOD/+0DgAPtA4P/7QOD/+0Dg//tA4Br7QOD/+0Dg//tA4P/7QOD/+0Dg//tA4P/7QOD/+0Dg//tA4AD7QOD/+0Dg//tA4AD7QOD/+0Dg//tA4P/7QOAa+0Dg//tA4P/7QOD/+0Dg//tA4P/7QOD/+0Dg//tA4P/7QOAA+0Dg//tA4P/7QOAA+0Dg//tA4P/7QOD/+0DgGvtA4P/7QOD/+0Dg//tA4P/7QOD/+0Dg//tA4P/7QOD/+0DgAPtA4P/7QOD/+0DgAPtA4P/7QOD/+0Dg//tA4Br7QOAa+0DgGvtA4Br7QOAa+0DgAPtA4AD7QOAA+0DgAPtA4AD7QOD/+0Dg//tA4AD7QOD/+0Dg//tA4P/7QOD/+0Dg//tA4P/7QOD/+0Dg//tA4AD7QOAA+0DgAPtA4AD7QOAA+0DgAPtA4AD7QOAA+0DgAPtA4AD7QOAA+0DgAPtA4AD7QOAA+0DgAPtA4AD7QOAA+0DgAPtA4AD7QOAA//8AAJ//AACf/wAAn/8AAJ//AACf/wAAnwAAAJ8AAACQAAAAkAAAAJAAAACQAAAAkAAAAJAPAACQDwAA//8AACgAAAAYAAAAMAAAAAEAIAAAAAAAAAAAAAAAAAAAAAAAAAAAAAAAAAD7QOAA+0Dg//tA4P/7QOD/+0DgAPtA4AD7QOAA+0DgAPtA4AD7QOAA+0DgAPtA4AD7QOAA+0DgAPtA4AD7QOAA+0DgAPtA4AD7QOAA+0DgAPtA4AD7QOAA+0DgAPtA4AD7QOAA+0Dg//tA4P/7QOD/+0DgAPtA4AD7QOAA+0DgAPtA4AD7QOAA+0DgAPtA4AD7QOAA+0DgAPtA4AD7QOAA+0DgAPtA4AD7QOAA+0DgAPtA4AD7QOAA+0DgAPtA4AD7QOAA+0Dg//tA4P/7QOD/+0DgAPtA4AD7QOAA+0DgAPtA4AD7QOAA+0DgAPtA4AD7QOAA+0DgAPtA4AD7QOAA+0DgAPtA4AD7QOAA+0DgAPtA4AD7QOAA+0DgAPtA4AD7QOAA+0Dg//tA4P/7QOD/+0DgAPtA4AD7QOAA+0DgAPtA4AD7QOAA+0DgAPtA4AD7QOAA+0DgAPtA4AD7QOAA+0DgAPtA4AD7QOAA+0DgAPtA4AD7QOAA+0DgAPtA4AD7QOAA+0Dg//tA4P/7QOD/+0DgAPtA4AD7QOAA+0DgAPtA4AD7QOAA+0DgAPtA4AD7QOAA+0DgAPtA4AD7QOAA+0DgAPtA4AD7QOAA+0DgAPtA4AD7QOAA+0DgAPtA4AD7QOAA+0Dg//tA4P/7QOD/+0DgAPtA4AD7QOAA+0DgAPtA4AD7QOAA+0DgAPtA4AD7QOAA+0DgAPtA4AD7QOAA+0DgAPtA4AD7QOAA+0DgAPtA4AD7QOAA+0DgAPtA4AD7QOAA+0Dg//tA4P/7QOD/+0DgAPtA4AD7QOAA+0DgAPtA4AD7QOAA+0DgAPtA4AD7QOAA+0DgAPtA4AD7QOAA+0DgAPtA4AD7QOAA+0DgAPtA4AD7QOAA+0DgAPtA4AD7QOAA+0Dg//tA4P/7QOD/+0DgAPtA4AD7QOAA+0DgAPtA4AD7QOAA+0DgAPtA4AD7QOAA+0DgAPtA4AD7QOAA+0DgAPtA4AD7QOAA+0DgAPtA4AD7QOAA+0DgAPtA4AD7QOAA+0Dg//tA4P/7QOD/+0DgAPtA4AD7QOAA+0DgAPtA4AD7QOAA+0DgAPtA4AD7QOAA+0DgAPtA4AD7QOAA+0DgAPtA4AD7QOAA+0DgAPtA4AD7QOAA+0DgAPtA4AD7QOAA+0Dg//tA4P/7QOD/+0DgAPtA4AD7QOAA+0DgAPtA4AD7QOAA+0DgAPtA4AD7QOD/+0Dg//tA4P/7QOD/+0Dg//tA4P/7QOD/+0Dg//tA4P/7QOD/+0Dg//tA4P/7QOAA+0Dg//tA4P/7QOD/+0DgAPtA4AD7QOAA+0DgAPtA4AD7QOAA+0DgAPtA4AD7QOD/+0Dg//tA4P/7QOD/+0Dg//tA4P/7QOD/+0Dg//tA4P/7QOD/+0Dg//tA4P/7QOAA+0Dg//tA4P/7QOD/+0DgAPtA4AD7QOAA+0DgAPtA4AD7QOAA+0DgAPtA4AD7QOD/+0Dg//tA4P/7QOD/+0Dg//tA4P/7QOD/+0Dg//tA4P/7QOD/+0Dg//tA4P/7QOAA+0Dg//tA4P/7QOD/+0DgAPtA4AD7QOAA+0DgAPtA4AD7QOAA+0DgAPtA4AD7QOD/+0Dg//tA4P/7QOD/+0Dg//tA4P/7QOD/+0Dg//tA4P/7QOD/+0Dg//tA4P/7QOAA+0Dg//tA4P/7QOD/+0DgAPtA4P/7QOD/+0Dg//tA4P/7QOD/+0Dg//tA4Br7QOD/+0Dg//tA4P/7QOD/+0Dg//tA4P/7QOD/+0Dg//tA4P/7QOD/+0Dg//tA4P/7QOAA+0Dg//tA4P/7QOD/+0DgAPtA4P/7QOD/+0Dg//tA4P/7QOD/+0Dg//tA4Br7QOD/+0Dg//tA4P/7QOD/+0Dg//tA4P/7QOD/+0Dg//tA4P/7QOD/+0Dg//tA4P/7QOAA+0Dg//tA4P/7QOD/+0DgAPtA4P/7QOD/+0Dg//tA4P/7QOD/+0Dg//tA4Br7QOD/+0Dg//tA4P/7QOD/+0Dg//tA4P/7QOD/+0Dg//tA4P/7QOD/+0Dg//tA4P/7QOAA+0Dg//tA4P/7QOD/+0DgAPtA4P/7QOD/+0Dg//tA4P/7QOD/+0Dg//tA4Br7QOD/+0Dg//tA4P/7QOD/+0Dg//tA4P/7QOD/+0Dg//tA4P/7QOD/+0Dg//tA4P/7QOAA+0Dg//tA4P/7QOD/+0DgAPtA4P/7QOD/+0Dg//tA4P/7QOD/+0Dg//tA4Br7QOD/+0Dg//tA4P/7QOD/+0Dg//tA4P/7QOD/+0Dg//tA4P/7QOD/+0Dg//tA4P/7QOAA+0Dg//tA4P/7QOD/+0DgAPtA4P/7QOD/+0Dg//tA4P/7QOD/+0Dg//tA4Br7QOD/+0Dg//tA4P/7QOD/+0Dg//tA4P/7QOD/+0Dg//tA4P/7QOD/+0Dg//tA4P/7QOAA+0Dg//tA4P/7QOD/+0DgAPtA4P/7QOD/+0Dg//tA4P/7QOD/+0Dg//tA4Br7QOD/+0Dg//tA4P/7QOD/+0Dg//tA4P/7QOD/+0Dg//tA4P/7QOD/+0Dg//tA4P/7QOAA+0Dg//tA4P/7QOD/+0DgAPtA4P/7QOD/+0Dg//tA4P/7QOD/+0Dg//tA4Br7QOAa+0DgGvtA4Br7QOAa+0DgGvtA4AD7QOAA+0DgAPtA4AD7QOAA+0DgAPtA4AD7QOAA+0Dg//tA4P/7QOD/+0DgAPtA4P/7QOD/+0Dg//tA4P/7QOD/+0Dg//tA4P/7QOD/+0Dg//tA4P/7QOD/+0Dg//tA4AD7QOAA+0DgAPtA4AD7QOAA+0DgAPtA4AD7QOAA+0Dg//tA4P/7QOD/+0DgAPtA4P/7QOD/+0Dg//tA4P/7QOD/+0Dg//tA4P/7QOD/+0Dg//tA4P/7QOD/+0Dg//tA4AD7QOAA+0DgAPtA4AD7QOAA+0DgAPtA4AD7QOAA+0Dg//tA4P/7QOD/+0DgAPtA4P/7QOD/+0Dg//tA4P/7QOD/+0Dg//tA4P/7QOD/+0Dg//tA4P/7QOD/+0Dg//tA4AD7QOAA+0DgAPtA4AD7QOAA+0DgAPtA4ACP//8Aj///AI///wCP//8Aj///AI///wCP//8Aj///AI///wCP8AAAj/AAAI/wAACP8AAAiAAAAIgAAACIAAAAiAAAAIgAAACIAAAAiAAAAIgAfwCIAH8AiAB/AIgAfwAoAAAAIAAAAEAAAAABACAAAAAAAAAAAAAAAAAAAAAAAAAAAAAAAAAA////AP///wDEfMQAxHzEAMR8xADEfMQA////AP///wD///8A////AP///wD///8A////AP///wD///8A////AP///wD///8A////AP///wD///8A////AP///wD///8A////AP///wD///8A////AP///wD///8A////AP///wD///8A////AMR8xADEfMQAxHzE68R8xAD///8A////AP///wD///8A////AP///wD///8A////AP///wD///8A////AP///wD///8A////AP///wD///8A////AP///wD///8A////AP///wD///8A////AP///wD///8A////AP///wD///8AxHzEAMR8xADEfMT/xHzEAP///wD///8A////AP///wD///8A////AP///wD///8A////AP///wD///8A////AP///wD///8A////AP///wD///8A////AP///wD///8A////AP///wD///8A////AP///wD///8A////AP///wDEfMQAxHzEAMR8xP/EfMQA////AP///wD///8A////AP///wD///8A////AP///wD///8A////AP///wD///8A////AP///wD///8A////AP///wD///8A////AP///wD///8A////AP///wD///8A////AP///wD///8A////AMR8xADEfMQAxHzE/8R8xAD///8A////AP///wD///8A////AP///wD///8A////AP///wD///8A////AP///wD///8A////AP///wD///8A////AP///wD///8A////AP///wD///8A////AP///wD///8A////AP///wD///8AxHzEAMR8xADEfMT/xHzEAP///wD///8A////AP///wD///8A////AP///wD///8A////AP///wD///8A////AP///wD///8A////AP///wD///8A////AP///wD///8A////AP///wD///8A////AP///wD///8A////AP///wDEfMQAxHzEAMR8xP/EfMQA////AP///wD///8A////AP///wD///8A////AP///wD///8A////AP///wD///8A////AP///wD///8A////AP///wD///8A////AP///wD///8A////AP///wD///8A////AP///wD///8A////AMR8xADEfMQAxHzE/8R8xAD///8A////AP///wD///8A////AP///wD///8A////AP///wD///8A////AP///wD///8A////AP///wD///8A////AP///wD///8A////AP///wD///8A////AP///wD///8A////AP///wD///8AxHzEAMR8xADEfMT/xHzEAP///wD///8A////AP///wD///8A////AP///wD///8A////AP///wD///8A////AP///wD///8A////AP///wD///8A////AP///wD///8A////AP///wD///8A////AP///wD///8A////AP///wDEfMQAxHzEAMR8xP/EfMQA////AP///wD///8A////AP///wD///8A////AP///wD///8A////AP///wD///8A////AP///wD///8A////AP///wD///8A////AP///wD///8A////AP///wD///8A////AP///wD///8A////AMR8xADEfMQAxHzE/8R8xAD///8A////AP///wD///8A////AP///wD///8A////AP///wD///8A////AP///wD///8A////AP///wD///8A////AP///wD///8A////AP///wD///8A////AP///wD///8A////AP///wD///8AxHzEAMR8xADEfMT/xHzEAP///wD///8A////AP///wD///8A////AP///wD///8A////AP///wD///8A////AP///wD///8A////AP///wD///8A////AP///wD///8A////AP///wD///8A////AP///wD///8A////AP///wDEfMQAxHzEAMR8xP/EfMQA////AP///wD///8A////AP///wD///8A////AP///wD///8A////AP///wD///8A////AP///wD///8A////AP///wD///8A////AP///wD///8A////AP///wD///8A////AP///wD///8A////AMR8xADEfMQAxHzE/8R8xGXEfMQM////AP///wD///8A////AP///wD///8A////AP///wD///8A////AMR8xBTEfMRUxHzElsR8xMrEfMTrxHzE/cR8xPjEfMTlxHzExcR8xJnEfMRkxHzEIf///wD///8A////AP///wD///8AxHzEAMR8xADEfMT/y4DL/8R8xPXEfMS3xHzEccR8xDjEfMQVxHzEA8R8xAzEfMQkxHzEUMR8xI7EfMTQxHzE/cqAyv/Pgs//0oXS/9WG1f/Wh9b/1ofW/9SG1P/ShNL/z4PP/8uAy//EfMT/////AP///wD///8A////AP///wDEfMQAxHzEAMR8xP/Wh9b/1YfV/9GE0f/Mgcz/yH7I/8V9xf/EfMT/xX3F/8d+x//Kf8r/zoLO/9OF0//Wh9b/1ofW/9aH1v/Wh9b/1ofW/9aH1v/Wh9b/1ofW/9aH1v/Wh9b/1ofW/8R8xP////8A////AP///wD///8A////AMR8xADEfMQAxHzE/9aH1v/Wh9b/1ofW/9aH1v/Wh9b/1ofW/9aH1v/Wh9b/1ofW/9aH1v/Wh9b/1ofW/9aH1v/Wh9b/1ofW/9aH1v/Wh9b/1ofW/9aH1v/Wh9b/1ofW/9aH1v/Wh9b/xHzE/////wD///8A////AP///wD///8AxHzEAMR8xADEfMT/1ofW/9aH1v/Wh9b/1ofW/9aH1v/Wh9b/1ofW/9aH1v/Wh9b/1ofW/9aH1v/Wh9b/1ofW/9aH1v/Wh9b/1ofW/9aH1v/Wh9b/1ofW/9aH1v/Wh9b/1ofW/9aH1v/EfMT/////AP///wD///8A////AP///wDEfMQAxHzEAMR8xP/Wh9b/1ofW/9aH1v/Wh9b/1ofW/9aH1v/Wh9b/1ofW/9aH1v/Wh9b/1ofW/9aH1v/Wh9b/1ofW/9aH1v/Wh9b/1ofW/9aH1v/Wh9b/1ofW/9aH1v/Wh9b/1ofW/8R8xP////8A////AP///wD///8A////AMR8xADEfMQAxHzE/9aH1v/Wh9b/1ofW/9aH1v/Wh9b/1ofW/9aH1v/Wh9b/1ofW/9aH1v/Wh9b/1ofW/9aH1v/Wh9b/1ofW/9aH1v/Wh9b/1ofW/9aH1v/Wh9b/1ofW/9aH1v/Wh9b/xHzE/////wD///8A////AP///wD///8AxHzEAMR8xADEfMT/1ofW/9aH1v/Wh9b/1ofW/9aH1v/Wh9b/1ofW/9aH1v/Wh9b/1ofW/9aH1v/Wh9b/1ofW/9aH1v/Wh9b/1ofW/9aH1v/Wh9b/1ofW/9aH1v/Wh9b/1ofW/9aH1v/EfMT/////AP///wD///8A////AP///wDEfMQAxHzEAMR8xP/Wh9b/1ofW/9aH1v/Wh9b/1ofW/9aH1v/Wh9b/1ofW/9aH1v/Wh9b/1ofW/9aH1v/Wh9b/1ofW/9aH1v/Wh9b/1ofW/9aH1v/Wh9b/1ofW/9aH1v/Wh9b/1ofW/8R8xP////8A////AP///wD///8A////AMR8xADEfMQAxHzE/9aH1v/Wh9b/1ofW/9aH1v/Wh9b/1ofW/9aH1v/Wh9b/1ofW/9aH1v/Wh9b/1ofW/9aH1v/Wh9b/1ofW/9aH1v/Wh9b/1ofW/9aH1v/Wh9b/1ofW/9aH1v/Wh9b/xHzE/////wD///8A////AP///wD///8AxHzEAMR8xADEfMT/1ofW/9aH1v/Wh9b/1ofW/9aH1v/Wh9b/1ofW/9aH1v/Wh9b/1ofW/9aH1v/Wh9b/1ofW/9aH1v/Wh9b/1ofW/9aH1v/Wh9b/1ofW/9aH1v/Wh9b/1ofW/9aH1v/EfMT/////AP///wD///8A////AP///wDEfMQAxHzEAMR8xP/Wh9b/1ofW/9aH1v/Wh9b/1ofW/9aH1v/Wh9b/1ofW/9aH1v/Wh9b/1ofW/9aH1v/Wh9b/1ofW/9aH1v/Wh9b/1ofW/9aH1v/Wh9b/1ofW/9aH1v/Wh9b/1ofW/8R8xP////8A////AP///wD///8A////AMR8xADEfMQAxHzE/9aH1v/Wh9b/1ofW/9aH1v/Wh9b/1ofW/9aH1v/Wh9b/1ofW/9aH1v/Wh9b/1ofW/9aH1v/Wh9b/1ofW/9aH1v/Wh9b/1ofW/9aH1v/Wh9b/1ofW/9aH1v/Wh9b/xHzE/////wD///8A////AP///wD///8AxHzEAMR8xADEfMT/1ofW/9aH1v/Wh9b/1ofW/9aH1v/Wh9b/1ofW/9aH1v/Wh9b/1ofW/9aH1v/Wh9b/1ofW/9aH1v/Wh9b/1ofW/9aH1v/Wh9b/1ofW/9aH1v/Wh9b/1ofW/9aH1v/EfMT/////AP///wD///8A////AP///wDEfMQAxHzEAMR8xP/Wh9b/1ofW/9aH1v/Wh9b/1ofW/9aH1v/Wh9b/1ofW/9aH1v/Wh9b/1ofW/9aH1v/Wh9b/1ofW/9aH1v/Wh9b/1ofW/9aH1v/Wh9b/1ofW/9aH1v/Wh9b/1ofW/8R8xP////8A////AP///wD///8A////AMR8xADEfMQAxHzE/8+Cz//VhtX/1ofW/9aH1v/Wh9b/1ofW/9aH1v/Wh9b/1ofW/9aH1v/Wh9b/1ofW/9WG1f/Qg9D/y4DL/8h+yP/FfcX/xHzE/8V9xf/Gfcb/yH/I/8uAy//Pg8//xHzE/////wD///8A////AP///wD///8AxHzEAMR8xADEfMTvxHzElcR8xPDJf8n/zoLO/9KE0v/UhtT/1ofW/9WH1f/UhtT/0ITQ/8yBzP/Hfsf/xHzE6sR8xKnEfMRnxHzENcR8xBTEfMQDxHzEEMR8xCHEfMQ9xHzEaMR8xJ3EfMTg////AP///wD///8A////AP///wDEfMQAxHzEAMR8xADEfMQAxHzEBsR8xELEfMSJxHzEw8R8xOnEfMT9xHzE9cR8xN3EfMSxxHzEcsR8xC/EfMQB////AP///wD///8A////AP///wD///8A////AP///wD///8A////AP///wD///8A////AP///wD///8A////AP///wD///8A////AP///wD///8A////AP///wD///8A////AP///wD///8A////AP///wD///8A////AP///wD///8A////AP///wD///8A////AP///wD///8A////AP///wD///8A////AP///wD///8A////AP/////3////9/////f////3////9/////f////3////9/////f////3////9/////f////x/4AH8AAAB/AAAAfwAAAH8AAAB/AAAAfwAAAH8AAAB/AAAAfwAAAH8AAAB/AAAAfwAAAH8AAAB/AAAAfwAAAH8AAAB/wAP///////KAAAACAAAABAAAAAAQAgAAAAAAAAAAAAAAAAAAAAAAAAAAAAAAAAAP///wD///8A////AP///wD///8A////AP///wD///8A////AP///wD///8A////AP///wD///8A////AP///wD///8A////AP///wD///8A////AP///wD///8A////AP///wD///8A////AP///wD///8A////AP///wD///8A+0DgAPtA4AD7QOAA+0DgAPtA4AD7QOAA+0DgAPtA4AD7QOAA+0DgAPtA4AD7QOAA+0DgAPtA4AD7QOAA+0DgAPtA4AD7QOAA+0DgAPtA4AD7QOAA+0DgAPtA4AD7QOAA+0DgAPtA4AD7QOAA+0DgAPtA4AD7QOAA+0DgAP///wD7QOAA+0DgAPtA4P/7QOD/+0Dg//tA4AD7QOAA+0DgAPtA4AD7QOAA+0DgAPtA4AD7QOAA+0DgAPtA4AD7QOAA+0DgAPtA4AD7QOAA+0DgAPtA4AD7QOAA+0DgAPtA4AD7QOAA+0DgAPtA4AD7QOAA+0DgAPtA4AD7QOAA////APtA4AD7QOAA+0Dg//tA4P/7QOD/+0DgAPtA4AD7QOAA+0DgAPtA4AD7QOAA+0DgAPtA4AD7QOAA+0DgAPtA4AD7QOAA+0DgAPtA4AD7QOAA+0DgAPtA4AD7QOAA+0DgAPtA4AD7QOAA+0DgAPtA4AD7QOAA+0DgAPtA4AD///8A+0DgAPtA4AD7QOD/+0Dg//tA4P/7QOAA+0DgAPtA4AD7QOAA+0DgAPtA4AD7QOAA+0DgAPtA4AD7QOAA+0DgAPtA4AD7QOAA+0DgAPtA4AD7QOAA+0DgAPtA4AD7QOAA+0DgAPtA4AD7QOAA+0DgAPtA4AD7QOAA+0DgAP///wD7QOAA+0DgAPtA4P/7QOD/+0Dg//tA4AD7QOAA+0DgAPtA4AD7QOAA+0DgAPtA4AD7QOAA+0DgAPtA4AD7QOAA+0DgAPtA4AD7QOAA+0DgAPtA4AD7QOAA+0DgAPtA4AD7QOAA+0DgAPtA4AD7QOAA+0DgAPtA4AD7QOAA////APtA4AD7QOAA+0Dg//tA4P/7QOD/+0DgAPtA4AD7QOAA+0DgAPtA4AD7QOAA+0DgAPtA4AD7QOAA+0DgAPtA4AD7QOAA+0DgAPtA4AD7QOAA+0DgAPtA4AD7QOAA+0DgAPtA4AD7QOAA+0DgAPtA4AD7QOAA+0DgAPtA4AD///8A+0DgAPtA4AD7QOD/+0Dg//tA4P/7QOAA+0DgAPtA4AD7QOAA+0DgAPtA4AD7QOAA+0DgAPtA4AD7QOAA+0DgAPtA4AD7QOAA+0DgAPtA4AD7QOAA+0DgAPtA4AD7QOAA+0DgAPtA4AD7QOAA+0DgAPtA4AD7QOAA+0DgAP///wD7QOAA+0DgAPtA4P/7QOD/+0Dg//tA4AD7QOAA+0DgAPtA4AD7QOAA+0DgAPtA4AD7QOAA+0DgAPtA4AD7QOAA+0DgAPtA4AD7QOAA+0DgAPtA4AD7QOAA+0DgAPtA4AD7QOAA+0DgAPtA4AD7QOAA+0DgAPtA4AD7QOAA////APtA4AD7QOAA+0Dg//tA4P/7QOD/+0DgAPtA4AD7QOAA+0DgAPtA4AD7QOAA+0DgAPtA4AD7QOAA+0DgAPtA4AD7QOAA+0DgAPtA4AD7QOAA+0DgAPtA4AD7QOAA+0DgAPtA4AD7QOAA+0DgAPtA4AD7QOAA+0DgAPtA4AD///8A+0DgAPtA4AD7QOD/+0Dg//tA4P/7QOAA+0DgAPtA4AD7QOAA+0DgAPtA4AD7QOAA+0DgAPtA4AD7QOAA+0DgAPtA4AD7QOAA+0DgAPtA4AD7QOAA+0DgAPtA4AD7QOAA+0DgAPtA4AD7QOAA+0DgAPtA4AD7QOAA+0DgAP///wD7QOAA+0DgAPtA4P/7QOD/+0Dg//tA4AD7QOAA+0DgAPtA4AD7QOAA+0DgAPtA4AD7QOAA+0DgAPtA4AD7QOAA+0DgAPtA4AD7QOAA+0DgAPtA4AD7QOAA+0DgAPtA4AD7QOAA+0DgAPtA4AD7QOAA+0DgAPtA4AD7QOAA////APtA4AD7QOAA+0Dg//tA4P/7QOD/+0DgAPtA4AD7QOAA+0DgAPtA4AD7QOAA+0DgAPtA4AD7QOAA+0Dg//tA4P/7QOD/+0Dg//tA4P/7QOD/+0Dg//tA4P/7QOD/+0Dg//tA4P/7QOD/+0Dg//tA4P/7QOD/+0Dg//tA4AD///8A+0DgAPtA4AD7QOD/+0Dg//tA4P/7QOAA+0DgAPtA4AD7QOAA+0DgAPtA4AD7QOAA+0DgAPtA4AD7QOD/+0Dg//tA4P/7QOD/+0Dg//tA4P/7QOD/+0Dg//tA4P/7QOD/+0Dg//tA4P/7QOD/+0Dg//tA4P/7QOD/+0DgAP///wD7QOAA+0DgAPtA4P/7QOD/+0Dg//tA4AD7QOAA+0DgAPtA4AD7QOAA+0DgAPtA4AD7QOAA+0DgAPtA4P/7QOD/+0Dg//tA4P/7QOD/+0Dg//tA4P/7QOD/+0Dg//tA4P/7QOD/+0Dg//tA4P/7QOD/+0Dg//tA4P/7QOAA////APtA4AD7QOAA+0Dg//tA4P/7QOD/+0DgAPtA4AD7QOAA+0DgAPtA4AD7QOAA+0DgAPtA4AD7QOAA+0Dg//tA4P/7QOD/+0Dg//tA4P/7QOD/+0Dg//tA4P/7QOD/+0Dg//tA4P/7QOD/+0Dg//tA4P/7QOD/+0Dg//tA4AD///8A+0DgAPtA4AD7QOD/+0Dg//tA4P/7QOAA+0Dg//tA4P/7QOD/+0Dg//tA4P/7QOD/+0Dg//tA4Br7QOD/+0Dg//tA4P/7QOD/+0Dg//tA4P/7QOD/+0Dg//tA4P/7QOD/+0Dg//tA4P/7QOD/+0Dg//tA4P/7QOD/+0DgAP///wD7QOAA+0DgAPtA4P/7QOD/+0Dg//tA4AD7QOD/+0Dg//tA4P/7QOD/+0Dg//tA4P/7QOD/+0DgGvtA4P/7QOD/+0Dg//tA4P/7QOD/+0Dg//tA4P/7QOD/+0Dg//tA4P/7QOD/+0Dg//tA4P/7QOD/+0Dg//tA4P/7QOAA////APtA4AD7QOAA+0Dg//tA4P/7QOD/+0DgAPtA4P/7QOD/+0Dg//tA4P/7QOD/+0Dg//tA4P/7QOAa+0Dg//tA4P/7QOD/+0Dg//tA4P/7QOD/+0Dg//tA4P/7QOD/+0Dg//tA4P/7QOD/+0Dg//tA4P/7QOD/+0Dg//tA4AD///8A+0DgAPtA4AD7QOD/+0Dg//tA4P/7QOAA+0Dg//tA4P/7QOD/+0Dg//tA4P/7QOD/+0Dg//tA4Br7QOD/+0Dg//tA4P/7QOD/+0Dg//tA4P/7QOD/+0Dg//tA4P/7QOD/+0Dg//tA4P/7QOD/+0Dg//tA4P/7QOD/+0DgAP///wD7QOAA+0DgAPtA4P/7QOD/+0Dg//tA4AD7QOD/+0Dg//tA4P/7QOD/+0Dg//tA4P/7QOD/+0DgGvtA4P/7QOD/+0Dg//tA4P/7QOD/+0Dg//tA4P/7QOD/+0Dg//tA4P/7QOD/+0Dg//tA4P/7QOD/+0Dg//tA4P/7QOAA////APtA4AD7QOAA+0Dg//tA4P/7QOD/+0DgAPtA4P/7QOD/+0Dg//tA4P/7QOD/+0Dg//tA4P/7QOAa+0Dg//tA4P/7QOD/+0Dg//tA4P/7QOD/+0Dg//tA4P/7QOD/+0Dg//tA4P/7QOD/+0Dg//tA4P/7QOD/+0Dg//tA4AD///8A+0DgAPtA4AD7QOD/+0Dg//tA4P/7QOAA+0Dg//tA4P/7QOD/+0Dg//tA4P/7QOD/+0Dg//tA4Br7QOD/+0Dg//tA4P/7QOD/+0Dg//tA4P/7QOD/+0Dg//tA4P/7QOD/+0Dg//tA4P/7QOD/+0Dg//tA4P/7QOD/+0DgAP///wD7QOAA+0DgAPtA4P/7QOD/+0Dg//tA4AD7QOD/+0Dg//tA4P/7QOD/+0Dg//tA4P/7QOD/+0DgGvtA4P/7QOD/+0Dg//tA4P/7QOD/+0Dg//tA4P/7QOD/+0Dg//tA4P/7QOD/+0Dg//tA4P/7QOD/+0Dg//tA4P/7QOAA////APtA4AD7QOAA+0Dg//tA4P/7QOD/+0DgAPtA4P/7QOD/+0Dg//tA4P/7QOD/+0Dg//tA4P/7QOAa+0Dg//tA4P/7QOD/+0Dg//tA4P/7QOD/+0Dg//tA4P/7QOD/+0Dg//tA4P/7QOD/+0Dg//tA4P/7QOD/+0Dg//tA4AD///8A+0DgAPtA4AD7QOD/+0Dg//tA4P/7QOAA+0Dg//tA4P/7QOD/+0Dg//tA4P/7QOD/+0Dg//tA4Br7QOD/+0Dg//tA4P/7QOD/+0Dg//tA4P/7QOD/+0Dg//tA4P/7QOD/+0Dg//tA4P/7QOD/+0Dg//tA4P/7QOD/+0DgAP///wD7QOAA+0DgAPtA4P/7QOD/+0Dg//tA4AD7QOD/+0Dg//tA4P/7QOD/+0Dg//tA4P/7QOD/+0DgGvtA4Br7QOAa+0DgGvtA4Br7QOAa+0DgGvtA4Br7QOAa+0DgAPtA4AD7QOAA+0DgAPtA4AD7QOAA+0DgAPtA4AD7QOAA////APtA4AD7QOAA+0Dg//tA4P/7QOD/+0DgAPtA4P/7QOD/+0Dg//tA4P/7QOD/+0Dg//tA4P/7QOD/+0Dg//tA4P/7QOD/+0Dg//tA4P/7QOD/+0Dg//tA4P/7QOAA+0DgAPtA4AD7QOAA+0DgAPtA4AD7QOAA+0DgAPtA4AD///8A+0DgAPtA4AD7QOD/+0Dg//tA4P/7QOAA+0Dg//tA4P/7QOD/+0Dg//tA4P/7QOD/+0Dg//tA4P/7QOD/+0Dg//tA4P/7QOD/+0Dg//tA4P/7QOD/+0Dg//tA4AD7QOAA+0DgAPtA4AD7QOAA+0DgAPtA4AD7QOAA+0DgAP///wD7QOAA+0DgAPtA4P/7QOD/+0Dg//tA4AD7QOD/+0Dg//tA4P/7QOD/+0Dg//tA4P/7QOD/+0Dg//tA4P/7QOD/+0Dg//tA4P/7QOD/+0Dg//tA4P/7QOD/+0DgAPtA4AD7QOAA+0DgAPtA4AD7QOAA+0DgAPtA4AD7QOAA////APtA4AD7QOAA+0DgAPtA4AD7QOAA+0DgAPtA4AD7QOAA+0DgAPtA4AD7QOAA+0DgAPtA4AD7QOAA+0DgAPtA4AD7QOAA+0DgAPtA4AD7QOAA+0DgAPtA4AD7QOAA+0DgAPtA4AD7QOAA+0DgAPtA4AD7QOAA+0DgAPtA4AD///8A+0DgAPtA4AD7QOAA+0DgAPtA4AD7QOAA+0DgAPtA4AD7QOAA+0DgAPtA4AD7QOAA+0DgAPtA4AD7QOAA+0DgAPtA4AD7QOAA+0DgAPtA4AD7QOAA+0DgAPtA4AD7QOAA+0DgAPtA4AD7QOAA+0DgAPtA4AD7QOAA+0DgAP///wD//////////8f////H////x////8f////H////x////8f////H////x////8f////H/AADx/wAA8f8AAPH/AADxAAAA8QAAAPEAAADxAAAA8QAAAPEAAADxAAAA8QAAAPEAAADxAAAA8QAA//EAAP/xAAD/8QAA////////////ygAAAAwAAAAYAAAAAEAIAAAAAAAAAAAAAAAAAAAAAAAAAAAAAAAAAD///8A////AP///wD///8A////AP///wD///8A////AP///wD///8A////AP///wD///8A////AP///wD///8A////AP///wD///8A////AP///wD///8A////AP///wD///8A////AP///wD///8A////AP///wD///8A////AP///wD///8A////AP///wD///8A////AP///wD///8A////AP///wD///8A////AP///wD///8A////AP///wD///8A////AP///wD///8A////AP///wD///8A////AP///wD///8A////AP///wD///8A////AP///wD///8A////AP///wD///8A////AP///wD///8A////AP///wD///8A////AP///wD///8A////AP///wD///8A////AP///wD///8A////AP///wD///8A////AP///wD///8A////AP///wD///8A////AP///wD///8A////AP///wD///8A////AP///wD///8A////AP///wD///8A////AP///wD///8A////AP///wD///8A////AP///wD///8A////AP///wD///8A////AP///wD///8A////AP///wD///8A////AP///wD///8A////AP///wD///8A////AP///wD///8A////AP///wD///8A////AP///wD///8A////AP///wD///8A////AP///wD///8A////AP///wD///8A////AP///wD///8A////AP///wD///8A////AP///wD///8A////AP///wD///8A////AP///wD///8A////AP///wD///8A////AP///wD///8A////AP///wD///8A////AP///wD///8A////AP///wD///8A////AP///wD///8A////AP///wD///8A////AP///wD///8A////AP///wD///8A////AP///wD///8A////AP///wD///8A////AP///wD///8A////APtA4P/7QOD/+0Dg/////wD///8A////AP///wD///8A////AP///wD///8A+0DgAPtA4AD7QOAA+0DgAPtA4AD7QOAA+0DgAPtA4AD7QOAA+0DgAPtA4AD7QOAA+0DgAPtA4AD7QOAA+0DgAP///wD///8A////AP///wD///8A////AP///wD///8A////AP///wD///8A////AP///wD///8A////AP///wD///8A////AP///wD///8A////APtA4P/7QOD/+0Dg/////wD///8A////AP///wD///8A////AP///wD///8A+0DgAPtA4AD7QOAA+0DgAPtA4AD7QOAA+0DgAPtA4AD7QOAA+0DgAPtA4AD7QOAA+0DgAPtA4AD7QOAA+0DgAP///wD///8A////AP///wD///8A////AP///wD///8A////AP///wD///8A////AP///wD///8A////AP///wD///8A////AP///wD///8A////APtA4P/7QOD/+0Dg/////wD///8A////AP///wD///8A////AP///wD///8A+0DgAPtA4AD7QOAA+0DgAPtA4AD7QOAA+0DgAPtA4AD7QOAA+0DgAPtA4AD7QOAA+0DgAPtA4AD7QOAA+0DgAP///wD///8A////AP///wD///8A////AP///wD///8A////AP///wD///8A////AP///wD///8A////AP///wD///8A////AP///wD///8A////APtA4P/7QOD/+0Dg/////wD///8A////AP///wD///8A////AP///wD///8A+0DgAPtA4AD7QOAA+0DgAPtA4AD7QOAA+0DgAPtA4AD7QOAA+0DgAPtA4AD7QOAA+0DgAPtA4AD7QOAA+0DgAP///wD///8A////AP///wD///8A////AP///wD///8A////AP///wD///8A////AP///wD///8A////AP///wD///8A////AP///wD///8A////APtA4P/7QOD/+0Dg/////wD///8A////AP///wD///8A////AP///wD///8A+0DgAPtA4AD7QOAA+0DgAPtA4AD7QOAA+0DgAPtA4AD7QOAA+0DgAPtA4AD7QOAA+0DgAPtA4AD7QOAA+0DgAP///wD///8A////AP///wD///8A////AP///wD///8A////AP///wD///8A////AP///wD///8A////AP///wD///8A////AP///wD///8A////APtA4P/7QOD/+0Dg/////wD///8A////AP///wD///8A////AP///wD///8A+0DgAPtA4AD7QOAA+0DgAPtA4AD7QOAA+0DgAPtA4AD7QOAA+0DgAPtA4AD7QOAA+0DgAPtA4AD7QOAA+0DgAP///wD///8A////AP///wD///8A////AP///wD///8A////AP///wD///8A////AP///wD///8A////AP///wD///8A////AP///wD///8A////APtA4P/7QOD/+0Dg/////wD///8A////AP///wD///8A////AP///wD///8A+0DgAPtA4AD7QOAA+0DgAPtA4AD7QOAA+0DgAPtA4AD7QOAA+0DgAPtA4AD7QOAA+0DgAPtA4AD7QOAA+0DgAP///wD///8A////AP///wD///8A////AP///wD///8A////AP///wD///8A////AP///wD///8A////AP///wD///8A////AP///wD///8A////APtA4P/7QOD/+0Dg/////wD///8A////AP///wD///8A////AP///wD///8A+0DgAPtA4AD7QOAA+0DgAPtA4AD7QOAA+0DgAPtA4AD7QOAA+0DgAPtA4AD7QOAA+0DgAPtA4AD7QOAA+0DgAP///wD///8A////AP///wD///8A////AP///wD///8A////AP///wD///8A////AP///wD///8A////AP///wD///8A////AP///wD///8A////APtA4P/7QOD/+0Dg/////wD///8A////AP///wD///8A////AP///wD///8A+0DgAPtA4AD7QOAA+0DgAPtA4AD7QOAA+0DgAPtA4AD7QOAA+0DgAPtA4AD7QOAA+0DgAPtA4AD7QOAA+0DgAP///wD///8A////AP///wD///8A////AP///wD///8A////AP///wD///8A////AP///wD///8A////AP///wD///8A////AP///wD///8A////APtA4P/7QOD/+0Dg/////wD///8A////AP///wD///8A////AP///wD///8A+0DgAPtA4AD7QOAA+0DgAPtA4AD7QOAA+0DgAPtA4AD7QOAA+0DgAPtA4AD7QOAA+0DgAPtA4AD7QOAA+0DgAP///wD///8A////AP///wD///8A////AP///wD///8A////AP///wD///8A////AP///wD///8A////AP///wD///8A////AP///wD///8A////APtA4P/7QOD/+0Dg/////wD///8A////AP///wD///8A////AP///wD///8A+0DgAPtA4AD7QOAA+0DgAPtA4AD7QOAA+0DgAPtA4AD7QOAA+0DgAPtA4AD7QOAA+0DgAPtA4AD7QOAA+0DgAP///wD///8A////AP///wD///8A////AP///wD///8A////AP///wD///8A////AP///wD///8A////AP///wD///8A////AP///wD///8A////APtA4P/7QOD/+0Dg/////wD///8A////AP///wD///8A////AP///wD///8A+0DgAPtA4AD7QOAA+0DgAPtA4AD7QOAA+0DgAPtA4AD7QOAA+0DgAPtA4AD7QOAA+0DgAPtA4AD7QOAA+0DgAP///wD///8A////AP///wD///8A////AP///wD///8A////AP///wD///8A////AP///wD///8A////AP///wD///8A////AP///wD///8A////APtA4P/7QOD/+0Dg/////wD///8A////AP///wD///8A////AP///wD///8A+0DgAPtA4AD7QOAA+0DgAPtA4AD7QOAA+0DgAPtA4AD7QOAA+0DgAPtA4AD7QOAA+0DgAPtA4AD7QOAA+0DgAP///wD///8A////AP///wD///8A////AP///wD///8A////AP///wD///8A////AP///wD///8A////AP///wD///8A////AP///wD///8A////APtA4P/7QOD/+0Dg/////wD///8A////AP///wD///8A////AP///wD///8A+0DgAPtA4AD7QOAA+0DgAPtA4AD7QOAA+0DgAPtA4AD7QOAA+0DgAPtA4AD7QOAA+0DgAPtA4AD7QOAA+0DgAP///wD///8A////AP///wD///8A////AP///wD///8A////AP///wD///8A////AP///wD///8A////AP///wD///8A////AP///wD///8A////APtA4P/7QOD/+0Dg/////wD///8A////AP///wD///8A////AP///wD///8A+0DgAPtA4AD7QOAA+0DgAPtA4AD7QOAA+0Dg//tA4P/7QOD/+0Dg//tA4P/7QOD/+0Dg//tA4P/7QOD/+0Dg//tA4P/7QOD/+0Dg//tA4P/7QOD/+0Dg//tA4P/7QOD/+0Dg//tA4P/7QOD/+0Dg/////wD///8A////AP///wD///8A////AP///wD///8A////APtA4P/7QOD/+0Dg/////wD///8A////AP///wD///8A////AP///wD///8A+0DgAPtA4AD7QOAA+0DgAPtA4AD7QOAA+0Dg//tA4P/7QOD/+0Dg//tA4P/7QOD/+0Dg//tA4P/7QOD/+0Dg//tA4P/7QOD/+0Dg//tA4P/7QOD/+0Dg//tA4P/7QOD/+0Dg//tA4P/7QOD/+0Dg/////wD///8A////AP///wD///8A////AP///wD///8A////APtA4P/7QOD/+0Dg/////wD///8A////AP///wD///8A////AP///wD///8A+0DgAPtA4AD7QOAA+0DgAPtA4AD7QOAA+0Dg//tA4P/7QOD/+0Dg//tA4P/7QOD/+0Dg//tA4P/7QOD/+0Dg//tA4P/7QOD/+0Dg//tA4P/7QOD/+0Dg//tA4P/7QOD/+0Dg//tA4P/7QOD/+0Dg/////wD///8A////AP///wD///8A////AP///wD///8A////APtA4P/7QOD/+0Dg/////wD///8A////AP///wD///8A////AP///wD///8A+0DgAPtA4AD7QOAA+0DgAPtA4AD7QOAA+0Dg//tA4P/7QOD/+0Dg//tA4P/7QOD/+0Dg//tA4P/7QOD/+0Dg//tA4P/7QOD/+0Dg//tA4P/7QOD/+0Dg//tA4P/7QOD/+0Dg//tA4P/7QOD/+0Dg/////wD///8A////AP///wD///8A////AP///wD///8A////APtA4P/7QOD/+0Dg/////wD///8A////AP///wD///8A////AP///wD///8A+0DgAPtA4AD7QOAA+0DgAPtA4AD7QOAA+0Dg//tA4P/7QOD/+0Dg//tA4P/7QOD/+0Dg//tA4P/7QOD/+0Dg//tA4P/7QOD/+0Dg//tA4P/7QOD/+0Dg//tA4P/7QOD/+0Dg//tA4P/7QOD/+0Dg/////wD///8A////AP///wD///8A////AP///wD///8A////APtA4P/7QOD/+0Dg/////wD///8A////AP///wD///8A////AP///wD///8A+0DgAPtA4AD7QOAA+0DgAPtA4AD7QOAA+0Dg//tA4P/7QOD/+0Dg//tA4P/7QOD/+0Dg//tA4P/7QOD/+0Dg//tA4P/7QOD/+0Dg//tA4P/7QOD/+0Dg//tA4P/7QOD/+0Dg//tA4P/7QOD/+0Dg/////wD///8A////AP///wD///8A////AP///wD///8A////APtA4P/7QOD/+0Dg/////wD///8A+0Dg//tA4P/7QOD/+0Dg//tA4P/7QOD/+0Dg//tA4P/7QOD/+0Dg//tA4AD7QOAA+0Dg//tA4P/7QOD/+0Dg//tA4P/7QOD/+0Dg//tA4P/7QOD/+0Dg//tA4P/7QOD/+0Dg//tA4P/7QOD/+0Dg//tA4P/7QOD/+0Dg//tA4P/7QOD/+0Dg/////wD///8A////AP///wD///8A////AP///wD///8A////APtA4P/7QOD/+0Dg/////wD///8A+0Dg//tA4P/7QOD/+0Dg//tA4P/7QOD/+0Dg//tA4P/7QOD/+0Dg//tA4AD7QOAA+0Dg//tA4P/7QOD/+0Dg//tA4P/7QOD/+0Dg//tA4P/7QOD/+0Dg//tA4P/7QOD/+0Dg//tA4P/7QOD/+0Dg//tA4P/7QOD/+0Dg//tA4P/7QOD/+0Dg/////wD///8A////AP///wD///8A////AP///wD///8A////APtA4P/7QOD/+0Dg/////wD///8A+0Dg//tA4P/7QOD/+0Dg//tA4P/7QOD/+0Dg//tA4P/7QOD/+0Dg//tA4AD7QOAA+0Dg//tA4P/7QOD/+0Dg//tA4P/7QOD/+0Dg//tA4P/7QOD/+0Dg//tA4P/7QOD/+0Dg//tA4P/7QOD/+0Dg//tA4P/7QOD/+0Dg//tA4P/7QOD/+0Dg/////wD///8A////AP///wD///8A////AP///wD///8A////APtA4P/7QOD/+0Dg/////wD///8A+0Dg//tA4P/7QOD/+0Dg//tA4P/7QOD/+0Dg//tA4P/7QOD/+0Dg//tA4AD7QOAA+0Dg//tA4P/7QOD/+0Dg//tA4P/7QOD/+0Dg//tA4P/7QOD/+0Dg//tA4P/7QOD/+0Dg//tA4P/7QOD/+0Dg//tA4P/7QOD/+0Dg//tA4P/7QOD/+0Dg/////wD///8A////AP///wD///8A////AP///wD///8A////APtA4P/7QOD/+0Dg/////wD///8A+0Dg//tA4P/7QOD/+0Dg//tA4P/7QOD/+0Dg//tA4P/7QOD/+0Dg//tA4AD7QOAA+0Dg//tA4P/7QOD/+0Dg//tA4P/7QOD/+0Dg//tA4P/7QOD/+0Dg//tA4P/7QOD/+0Dg//tA4P/7QOD/+0Dg//tA4P/7QOD/+0Dg//tA4P/7QOD/+0Dg/////wD///8A////AP///wD///8A////AP///wD///8A////APtA4P/7QOD/+0Dg/////wD///8A+0Dg//tA4P/7QOD/+0Dg//tA4P/7QOD/+0Dg//tA4P/7QOD/+0Dg//tA4AD7QOAA+0Dg//tA4P/7QOD/+0Dg//tA4P/7QOD/+0Dg//tA4P/7QOD/+0Dg//tA4P/7QOD/+0Dg//tA4P/7QOD/+0Dg//tA4P/7QOD/+0Dg//tA4P/7QOD/+0Dg/////wD///8A////AP///wD///8A////AP///wD///8A////APtA4P/7QOD/+0Dg/////wD///8A+0Dg//tA4P/7QOD/+0Dg//tA4P/7QOD/+0Dg//tA4P/7QOD/+0Dg//tA4AD7QOAA+0Dg//tA4P/7QOD/+0Dg//tA4P/7QOD/+0Dg//tA4P/7QOD/+0Dg//tA4P/7QOD/+0Dg//tA4P/7QOD/+0Dg//tA4P/7QOD/+0Dg//tA4P/7QOD/+0Dg/////wD///8A////AP///wD///8A////AP///wD///8A////APtA4P/7QOD/+0Dg/////wD///8A+0Dg//tA4P/7QOD/+0Dg//tA4P/7QOD/+0Dg//tA4P/7QOD/+0Dg//tA4AD7QOAA+0Dg//tA4P/7QOD/+0Dg//tA4P/7QOD/+0Dg//tA4P/7QOD/+0Dg//tA4P/7QOD/+0Dg//tA4P/7QOD/+0Dg//tA4P/7QOD/+0Dg//tA4P/7QOD/+0Dg/////wD///8A////AP///wD///8A////AP///wD///8A////APtA4P/7QOD/+0Dg/////wD///8A+0Dg//tA4P/7QOD/+0Dg//tA4P/7QOD/+0Dg//tA4P/7QOD/+0Dg//tA4AD7QOAA+0Dg//tA4P/7QOD/+0Dg//tA4P/7QOD/+0Dg//tA4P/7QOD/+0Dg//tA4P/7QOD/+0Dg//tA4P/7QOD/+0Dg//tA4P/7QOD/+0Dg//tA4P/7QOD/+0Dg/////wD///8A////AP///wD///8A////AP///wD///8A////APtA4P/7QOD/+0Dg/////wD///8A+0Dg//tA4P/7QOD/+0Dg//tA4P/7QOD/+0Dg//tA4P/7QOD/+0Dg//tA4AD7QOAA+0Dg//tA4P/7QOD/+0Dg//tA4P/7QOD/+0Dg//tA4P/7QOD/+0Dg//tA4P/7QOD/+0Dg//tA4P/7QOD/+0Dg//tA4P/7QOD/+0Dg//tA4P/7QOD/+0Dg/////wD///8A////AP///wD///8A////AP///wD///8A////APtA4P/7QOD/+0Dg/////wD///8A+0Dg//tA4P/7QOD/+0Dg//tA4P/7QOD/+0Dg//tA4P/7QOD/+0Dg//tA4AD7QOAA+0Dg//tA4P/7QOD/+0Dg//tA4P/7QOD/+0Dg//tA4P/7QOD/+0Dg//tA4P/7QOD/+0Dg//tA4P/7QOD/+0Dg//tA4P/7QOD/+0Dg//tA4P/7QOD/+0Dg/////wD///8A////AP///wD///8A////AP///wD///8A////APtA4P/7QOD/+0Dg/////wD///8A+0Dg//tA4P/7QOD/+0Dg//tA4P/7QOD/+0Dg//tA4P/7QOD/+0Dg//tA4AD7QOAA+0Dg//tA4P/7QOD/+0Dg//tA4P/7QOD/+0Dg//tA4P/7QOD/+0Dg//tA4P/7QOD/+0Dg//tA4P/7QOD/+0Dg//tA4P/7QOD/+0Dg//tA4P/7QOD/+0Dg/////wD///8A////AP///wD///8A////AP///wD///8A////APtA4P/7QOD/+0Dg/////wD///8A+0Dg//tA4P/7QOD/+0Dg//tA4P/7QOD/+0Dg//tA4P/7QOD/+0Dg//tA4AD7QOAA+0Dg//tA4P/7QOD/+0Dg//tA4P/7QOD/+0Dg//tA4P/7QOD/+0Dg//tA4P/7QOD/+0Dg//tA4P/7QOD/+0Dg//tA4P/7QOD/+0Dg//tA4P/7QOD/+0Dg/////wD///8A////AP///wD///8A////AP///wD///8A////APtA4P/7QOD/+0Dg/////wD///8A+0Dg//tA4P/7QOD/+0Dg//tA4P/7QOD/+0Dg//tA4P/7QOD/+0Dg//tA4AD7QOAA+0Dg//tA4P/7QOD/+0Dg//tA4P/7QOD/+0Dg//tA4P/7QOD/+0Dg//tA4P/7QOD/+0Dg//tA4P/7QOD/+0Dg//tA4P/7QOD/+0Dg//tA4P/7QOD/+0Dg/////wD///8A////AP///wD///8A////AP///wD///8A////APtA4P/7QOD/+0Dg/////wD///8A+0Dg//tA4P/7QOD/+0Dg//tA4P/7QOD/+0Dg//tA4P/7QOD/+0Dg//tA4AD7QOAA+0DgMvtA4Jj7QODy+0Dg//tA4P/7QOD/+0Dg//tA4P/7QOD/+0Dg/////wD///8A////AP///wD///8A////AP///wD///8A////AP///wD///8A////AP///wD///8A////AP///wD///8A////AP///wD///8A////APtA4P/7QOD/+0Dg/////wD///8A+0Dg//tA4P/7QOD/+0Dg//tA4P/7QOD/+0Dg//tA4P/7QOD/+0Dg//tA4MD7QOBA+0DgAPtA4AD7QOAM+0DgZftA4Mv7QOD/+0Dg//tA4P/7QOD/+0Dg/////wD///8A////AP///wD///8A////AP///wD///8A////AP///wD///8A////AP///wD///8A////AP///wD///8A////AP///wD///8A////APtA4P/7QOD/+0Dg/////wD///8A+0Dg//tA4P/7QOD/+0Dg//tA4P/7QOD/+0Dg//tA4P/7QOD/+0Dg//tA4P/7QOD/+0DgzftA4Gf7QOAN+0DgAPtA4AD7QOAy+0DgmPtA4PL7QOD/+0Dg/////wD///8A////AP///wD///8A////AP///wD///8A////AP///wD///8A////AP///wD///8A////AP///wD///8A////AP///wD///8A////APtA4P/7QOD/+0Dg/////wD///8A+0Dg//tA4P/7QOD/+0Dg//tA4P/7QOD/+0Dg//tA4P/7QOD/+0Dg//tA4P/7QOD/+0Dg//tA4P/7QODz+0DgmvtA4DT7QOAA+0DgAPtA4Az7QOBl+0Dgy////wD///8A////AP///wD///8A////AP///wD///8A////AP///wD///8A////AP///wD///8A////AP///wD///8A////AP///wD///8A////APtA4P/7QOD/+0Dg/////wD///8A+0Dg//tA4P/7QOD/+0Dg//tA4P/7QOD/+0Dg//tA4P/7QOD/+0Dg//tA4P/7QOD/+0Dg//tA4P/7QOD/+0Dg//tA4P/7QODN+0DgZ/tA4A37QOAA+0DgAP///wD///8A////AP///wD///8A////AP///wD///8A////AP///wD///8A////AP///wD///8A////AP///wD///8A////AP///wD///8A////APtA4P/7QOD/+0Dg/////wD///8A+0Dg//tA4P/7QOD/+0Dg//tA4P/7QOD/+0Dg//tA4P/7QOD/+0Dg//tA4P/7QOD/+0Dg//tA4P/7QOD/+0Dg//tA4P/7QOD/+0Dg//tA4PP7QOAA+0DgAP///wD///8A////AP///wD///8A////AP///wD///8A////AP///wD///8A////AP///wD///8A////AP///wD///8A////AP///wD///8A////AP///wD///8A////AP///wD///8A////AP///wD///8A////AP///wD///8A////AP///wD///8A////AP///wD///8A////AP///wD///8A////AP///wD///8A////AP///wD///8A////AP///wD///8A////AP///wD///8A////AP///wD///8A////AP///wD///8A////AP///wD///8A////AP///wD///8A////AP///wD///8A////AP///wD///8A////AP///wD///8A////AP///wD///8A////AP///wD///8A////AP///wD///8A////AP///wD///8A////AP///wD///8A////AP///wD///8A////AP///wD///8A////AP///wD///8A////AP///wD///8A////AP///wD///8A////AP///wD///8A////AP///wD///8A////AP///wD///8A////AP///wD///8A////AP///wD///8A////AP///wD///8A////AP///wD///8A////AP///wD///8A////AP///wD///8A////AP///wD///8A////AP///wD///8A////AP///wD///8A////AP///wD///8A////AP///wD///8A////AP///wD///8A////AP///wD///8A////AP///wD///8A////AP///wD///8A////AP///wD///8A////AP///wD///8A////AP///wD///8A////AP///wD///8A////AP///wD///8A////AP///wD///8A////AP///wD///8A////AP///wD///8A////AP///wD///8A////AP///wD///8A////AP///wD///8A////AP///wD///8A////AP///wD///8A////AP///wD///8A////AP///wD///8A////AP///wD///8A////AP///wD///////8AAP///////wAA////////AAD///////8AAPj//////wAA+P//////AAD4//////8AAPj//////wAA+P//////AAD4//////8AAPj//////wAA+P//////AAD4//////8AAPj//////wAA+P//////AAD4//////8AAPj//////wAA+P//////AAD4//wAAA8AAPj//AAADwAA+P/8AAAPAAD4//wAAA8AAPj//AAADwAA+P/8AAAPAAD4wAwAAA8AAPjADAAADwAA+MAMAAAPAAD4wAwAAA8AAPjADAAADwAA+MAMAAAPAAD4wAwAAA8AAPjADAAADwAA+MAMAAAPAAD4wAwAAA8AAPjADAAADwAA+MAMAAAPAAD4wAwAAA8AAPjADAAADwAA+MAMAP//AAD4wAMA//8AAPjAAGD//wAA+MAAGP//AAD4wAAD//8AAPjAAAP//wAA////////AAD///////8AAP///////wAA////////AAAoAAAAQAAAAIAAAAABACAAAAAAAAAAAAAAAAAAAAAAAAAAAAAAAAAA////AP///wD///8A////AP///wDEfMQAxHzEAMR8xADEfMQA////AP///wD///8A////AP///wD///8A////AP///wD///8A////AP///wD///8A////AP///wD///8A////AP///wD///8A////AP///wD///8A////AP///wD///8A////AP///wD///8A////AP///wD///8A////AP///wD///8A////AP///wD///8A////AP///wD///8A////AP///wD///8A////AP///wD///8A////AP///wD///8A////AP///wD///8A////AP///wD///8A////AP///wD///8A////AP///wD///8AxHzEAMR8xADEfMThxHzEAP///wD///8A////AP///wD///8A////AP///wD///8A////AP///wD///8A////AP///wD///8A////AP///wD///8A////AP///wD///8A////AP///wD///8A////AP///wD///8A////AP///wD///8A////AP///wD///8A////AP///wD///8A////AP///wD///8A////AP///wD///8A////AP///wD///8A////AP///wD///8A////AP///wD///8A////AP///wD///8A////AP///wD///8A////AP///wD///8A////AMR8xADEfMQAxHzE/8R8xAD///8A////AP///wD///8A////AP///wD///8A////AP///wD///8A////AP///wD///8A////AP///wD///8A////AP///wD///8A////AP///wD///8A////AP///wD///8A////AP///wD///8A////AP///wD///8A////AP///wD///8A////AP///wD///8A////AP///wD///8A////AP///wD///8A////AP///wD///8A////AP///wD///8A////AP///wD///8A////AP///wD///8A////AP///wD///8A////AP///wDEfMQAxHzEAMR8xP/EfMQA////AP///wD///8A////AP///wD///8A////AP///wD///8A////AP///wD///8A////AP///wD///8A////AP///wD///8A////AP///wD///8A////AP///wD///8A////AP///wD///8A////AP///wD///8A////AP///wD///8A////AP///wD///8A////AP///wD///8A////AP///wD///8A////AP///wD///8A////AP///wD///8A////AP///wD///8A////AP///wD///8A////AP///wD///8A////AP///wD///8AxHzEAMR8xADEfMT/xHzEAP///wD///8A////AP///wD///8A////AP///wD///8A////AP///wD///8A////AP///wD///8A////AP///wD///8A////AP///wD///8A////AP///wD///8A////AP///wD///8A////AP///wD///8A////AP///wD///8A////AP///wD///8A////AP///wD///8A////AP///wD///8A////AP///wD///8A////AP///wD///8A////AP///wD///8A////AP///wD///8A////AP///wD///8A////AP///wD///8A////AMR8xADEfMQAxHzE/8R8xAD///8A////AP///wD///8A////AP///wD///8A////AP///wD///8A////AP///wD///8A////AP///wD///8A////AP///wD///8A////AP///wD///8A////AP///wD///8A////AP///wD///8A////AP///wD///8A////AP///wD///8A////AP///wD///8A////AP///wD///8A////AP///wD///8A////AP///wD///8A////AP///wD///8A////AP///wD///8A////AP///wD///8A////AP///wD///8A////AP///wDEfMQAxHzEAMR8xP/EfMQA////AP///wD///8A////AP///wD///8A////AP///wD///8A////AP///wD///8A////AP///wD///8A////AP///wD///8A////AP///wD///8A////AP///wD///8A////AP///wD///8A////AP///wD///8A////AP///wD///8A////AP///wD///8A////AP///wD///8A////AP///wD///8A////AP///wD///8A////AP///wD///8A////AP///wD///8A////AP///wD///8A////AP///wD///8A////AP///wD///8AxHzEAMR8xADEfMT/xHzEAP///wD///8A////AP///wD///8A////AP///wD///8A////AP///wD///8A////AP///wD///8A////AP///wD///8A////AP///wD///8A////AP///wD///8A////AP///wD///8A////AP///wD///8A////AP///wD///8A////AP///wD///8A////AP///wD///8A////AP///wD///8A////AP///wD///8A////AP///wD///8A////AP///wD///8A////AP///wD///8A////AP///wD///8A////AP///wD///8A////AMR8xADEfMQAxHzE/8R8xAD///8A////AP///wD///8A////AP///wD///8A////AP///wD///8A////AP///wD///8A////AP///wD///8A////AP///wD///8A////AP///wD///8A////AP///wD///8A////AP///wD///8A////AP///wD///8A////AP///wD///8A////AP///wD///8A////AP///wD///8A////AP///wD///8A////AP///wD///8A////AP///wD///8A////AP///wD///8A////AP///wD///8A////AP///wD///8A////AP///wDEfMQAxHzEAMR8xP/EfMQA////AP///wD///8A////AP///wD///8A////AP///wD///8A////AP///wD///8A////AP///wD///8A////AP///wD///8A////AP///wD///8A////AP///wD///8A////AP///wD///8A////AP///wD///8A////AP///wD///8A////AP///wD///8A////AP///wD///8A////AP///wD///8A////AP///wD///8A////AP///wD///8A////AP///wD///8A////AP///wD///8A////AP///wD///8A////AP///wD///8AxHzEAMR8xADEfMT/xHzEAP///wD///8A////AP///wD///8A////AP///wD///8A////AP///wD///8A////AP///wD///8A////AP///wD///8A////AP///wD///8A////AP///wD///8A////AP///wD///8A////AP///wD///8A////AP///wD///8A////AP///wD///8A////AP///wD///8A////AP///wD///8A////AP///wD///8A////AP///wD///8A////AP///wD///8A////AP///wD///8A////AP///wD///8A////AP///wD///8A////AMR8xADEfMQAxHzE/8R8xAD///8A////AP///wD///8A////AP///wD///8A////AP///wD///8A////AP///wD///8A////AP///wD///8A////AP///wD///8A////AP///wD///8A////AP///wD///8A////AP///wD///8A////AP///wD///8A////AP///wD///8A////AP///wD///8A////AP///wD///8A////AP///wD///8A////AP///wD///8A////AP///wD///8A////AP///wD///8A////AP///wD///8A////AP///wD///8A////AP///wDEfMQAxHzEAMR8xP/EfMQA////AP///wD///8A////AP///wD///8A////AP///wD///8A////AP///wD///8A////AP///wD///8A////AP///wD///8A////AP///wD///8A////AP///wD///8A////AP///wD///8A////AP///wD///8A////AP///wD///8A////AP///wD///8A////AP///wD///8A////AP///wD///8A////AP///wD///8A////AP///wD///8A////AP///wD///8A////AP///wD///8A////AP///wD///8A////AP///wD///8AxHzEAMR8xADEfMT/xHzEAP///wD///8A////AP///wD///8A////AP///wD///8A////AP///wD///8A////AP///wD///8A////AP///wD///8A////AP///wD///8A////AP///wD///8A////AP///wD///8A////AP///wD///8A////AP///wD///8A////AP///wD///8A////AP///wD///8A////AP///wD///8A////AP///wD///8A////AP///wD///8A////AP///wD///8A////AP///wD///8A////AP///wD///8A////AP///wD///8A////AMR8xADEfMQAxHzE/8R8xAD///8A////AP///wD///8A////AP///wD///8A////AP///wD///8A////AP///wD///8A////AP///wD///8A////AP///wD///8A////AP///wD///8A////AP///wD///8A////AP///wD///8A////AP///wD///8A////AP///wD///8A////AP///wD///8A////AP///wD///8A////AP///wD///8A////AP///wD///8A////AP///wD///8A////AP///wD///8A////AP///wD///8A////AP///wD///8A////AP///wDEfMQAxHzEAMR8xP/EfMQA////AP///wD///8A////AP///wD///8A////AP///wD///8A////AP///wD///8A////AP///wD///8A////AP///wD///8A////AP///wD///8A////AP///wD///8A////AP///wD///8A////AP///wD///8A////AP///wD///8A////AP///wD///8A////AP///wD///8A////AP///wD///8A////AP///wD///8A////AP///wD///8A////AP///wD///8A////AP///wD///8A////AP///wD///8A////AP///wD///8AxHzEAMR8xADEfMT/xHzEAP///wD///8A////AP///wD///8A////AP///wD///8A////AP///wD///8A////AP///wD///8A////AP///wD///8A////AP///wD///8A////AP///wD///8A////AP///wD///8A////AP///wD///8A////AP///wD///8A////AP///wD///8A////AP///wD///8A////AP///wD///8A////AP///wD///8A////AP///wD///8A////AP///wD///8A////AP///wD///8A////AP///wD///8A////AP///wD///8A////AMR8xADEfMQAxHzE/8R8xAD///8A////AP///wD///8A////AP///wD///8A////AP///wD///8A////AP///wD///8A////AP///wD///8A////AP///wD///8A////AP///wD///8A////AP///wD///8A////AP///wD///8A////AP///wD///8A////AP///wD///8A////AP///wD///8A////AP///wD///8A////AP///wD///8A////AP///wD///8A////AP///wD///8A////AP///wD///8A////AP///wD///8A////AP///wD///8A////AP///wDEfMQAxHzEAMR8xP/EfMQA////AP///wD///8A////AP///wD///8A////AP///wD///8A////AP///wD///8A////AP///wD///8A////AP///wD///8A////AP///wD///8A////AP///wD///8A////AP///wD///8A////AP///wD///8A////AP///wD///8A////AP///wD///8A////AP///wD///8A////AP///wD///8A////AP///wD///8A////AP///wD///8A////AP///wD///8A////AP///wD///8A////AP///wD///8A////AP///wD///8AxHzEAMR8xADEfMT/xHzEAP///wD///8A////AP///wD///8A////AP///wD///8A////AP///wD///8A////AP///wD///8A////AP///wD///8A////AP///wD///8A////AP///wD///8A////AP///wD///8A////AP///wD///8A////AP///wD///8A////AP///wD///8A////AP///wD///8A////AP///wD///8A////AP///wD///8A////AP///wD///8A////AP///wD///8A////AP///wD///8A////AP///wD///8A////AP///wD///8A////AMR8xADEfMQAxHzE/8R8xAD///8A////AP///wD///8A////AP///wD///8A////AP///wD///8A////AP///wD///8A////AP///wD///8A////AP///wD///8A////AP///wD///8A////AP///wD///8A////AP///wD///8A////AP///wD///8A////AP///wD///8A////AP///wD///8A////AP///wD///8A////AP///wD///8A////AP///wD///8A////AP///wD///8A////AP///wD///8A////AP///wD///8A////AP///wD///8A////AP///wDEfMQAxHzEAMR8xP/EfMQA////AP///wD///8A////AP///wD///8A////AP///wD///8A////AP///wD///8A////AP///wD///8A////AP///wD///8A////AP///wD///8A////AP///wD///8A////AP///wD///8A////AP///wD///8A////AP///wD///8A////AP///wD///8A////AP///wD///8A////AP///wD///8A////AP///wD///8A////AP///wD///8A////AP///wD///8A////AP///wD///8A////AP///wD///8A////AP///wD///8AxHzEAMR8xADEfMT/xHzEAP///wD///8A////AP///wD///8A////AP///wD///8A////AP///wD///8A////AP///wD///8A////AP///wD///8A////AP///wD///8A////AP///wD///8A////AP///wD///8A////AP///wD///8A////AP///wD///8A////AP///wD///8A////AP///wD///8A////AP///wD///8A////AP///wD///8A////AP///wD///8A////AP///wD///8A////AP///wD///8A////AP///wD///8A////AP///wD///8A////AMR8xADEfMQAxHzE/8R8xAD///8A////AP///wD///8A////AP///wD///8A////AP///wD///8A////AP///wD///8A////AP///wD///8A////AP///wD///8A////AP///wD///8A////AP///wD///8A////AP///wD///8A////AP///wD///8A////AP///wD///8A////AP///wD///8A////AP///wD///8A////AP///wD///8A////AP///wD///8A////AP///wD///8A////AP///wD///8A////AP///wD///8A////AP///wD///8A////AP///wDEfMQAxHzEAMR8xP/EfMQA////AP///wD///8A////AP///wD///8A////AP///wD///8A////AP///wD///8A////AP///wD///8A////AP///wD///8A////AP///wD///8A////AP///wD///8A////AP///wD///8A////AP///wD///8A////AP///wD///8A////AP///wD///8A////AP///wD///8A////AP///wD///8A////AP///wD///8A////AP///wD///8A////AP///wD///8A////AP///wD///8A////AP///wD///8A////AP///wD///8AxHzEAMR8xADEfMT/xHzEAP///wD///8A////AP///wD///8A////AP///wD///8A////AP///wD///8A////AP///wD///8A////AP///wD///8A////AP///wD///8A////AP///wD///8A////AP///wD///8A////AP///wD///8A////AP///wD///8A////AP///wD///8A////AP///wD///8A////AP///wD///8A////AP///wD///8A////AP///wD///8A////AP///wD///8A////AP///wD///8A////AP///wD///8A////AP///wD///8A////AMR8xADEfMQAxHzE/8R8xAD///8A////AP///wD///8A////AP///wD///8AxHzEAMR8xADEfMQAxHzEAMR8xADEfMQAxHzEAMR8xADEfMQAxHzEAMR8xADEfMQAxHzEAMR8xADEfMQAxHzEAMR8xADEfMQAxHzEAMR8xADEfMQAxHzEAMR8xADEfMQAxHzEAMR8xADEfMQAxHzEAMR8xADEfMQAxHzEAMR8xAD///8A////AP///wD///8A////AP///wD///8A////AP///wD///8A////AP///wD///8A////AP///wD///8A////AP///wD///8A////AP///wDEfMQAxHzEAMR8xP/EfMRUxHzEBf///wD///8A////AP///wD///8A////AMR8xADEfMQAxHzEAMR8xADEfMQAxHzEAMR8xADEfMQAxHzEAMR8xADEfMQAxHzEAMR8xADEfMQAxHzEAMR8xADEfMQAxHzEAMR8xADEfMQAxHzEAMR8xBXEfMRQxHzEgcR8xKrEfMTUxHzE6sR8xPzEfMT/xHzE88R8xO3EfMTXxHzEwcR8xKDEfMR1xHzESsR8xCD///8A////AP///wD///8A////AP///wD///8A////AP///wD///8A////AP///wD///8A////AP///wD///8AxHzEAMR8xADEfMT/yoDK/8R8xObEfMSIxHzELf///wD///8A////AP///wDEfMQAxHzEAMR8xADEfMQAxHzEAMR8xADEfMQAxHzEAMR8xADEfMQAxHzEAMR8xADEfMQAxHzEAMR8xADEfMQAxHzEAMR8xAzEfMRLxHzEk8R8xNXEfMT+yn/K/82Czf/Qg9D/04XT/9WG1f/Wh9b/1ofW/9WG1f/VhtX/04XT/9KE0v/Pg8//zIHM/8l/yf/Gfcb/xHzE6sR8xKnEfMRlxHzEIv///wD///8A////AP///wD///8A////AP///wD///8A////AP///wD///8A////AMR8xADEfMQAxHzE/9aH1v/UhtT/zoLO/8d+x//EfMTVxHzEh8R8xDvEfMQFxHzEAMR8xADEfMQAxHzEAMR8xADEfMQAxHzEAMR8xADEfMQAxHzEAMR8xADEfMQAxHzEAMR8xATEfMQ0xHzEeMR8xL3EfMT5yX/J/86Czv/ThdP/1ofW/9aH1v/Wh9b/1ofW/9aH1v/Wh9b/1ofW/9aH1v/Wh9b/1ofW/9aH1v/Wh9b/1ofW/9aH1v/Wh9b/1ofW/9WG1f/Qg9D/y4DL/8R8xP////8A////AP///wD///8A////AP///wD///8A////AP///wD///8A////AP///wDEfMQAxHzEAMR8xP/Wh9b/1ofW/9aH1v/Wh9b/04XT/86Czv/If8j/xHzE9cR8xLzEfMSIxHzEX8R8xDTEfMQZxHzECcR8xADEfMQKxHzEGsR8xDTEfMRdxHzEiMR8xLnEfMTyyH7I/8yBzP/RhNH/1ofW/9aH1v/Wh9b/1ofW/9aH1v/Wh9b/1ofW/9aH1v/Wh9b/1ofW/9aH1v/Wh9b/1ofW/9aH1v/Wh9b/1ofW/9aH1v/Wh9b/1ofW/9aH1v/Wh9b/1ofW/9aH1v/EfMT/////AP///wD///8A////AP///wD///8A////AP///wD///8A////AP///wD///8AxHzEAMR8xADEfMT/1ofW/9aH1v/Wh9b/1ofW/9aH1v/Wh9b/1ofW/9WH1f/RhNH/zoLO/8uAy//Ifsj/xn3G/8V8xf/EfMT/xXzF/8Z9xv/Ifsj/y4DL/86Czv/RhNH/1YbV/9aH1v/Wh9b/1ofW/9aH1v/Wh9b/1ofW/9aH1v/Wh9b/1ofW/9aH1v/Wh9b/1ofW/9aH1v/Wh9b/1ofW/9aH1v/Wh9b/1ofW/9aH1v/Wh9b/1ofW/9aH1v/Wh9b/1ofW/9aH1v/Wh9b/xHzE/////wD///8A////AP///wD///8A////AP///wD///8A////AP///wD///8A////AMR8xADEfMQAxHzE/9aH1v/Wh9b/1ofW/9aH1v/Wh9b/1ofW/9aH1v/Wh9b/1ofW/9aH1v/Wh9b/1ofW/9aH1v/Wh9b/1ofW/9aH1v/Wh9b/1ofW/9aH1v/Wh9b/1ofW/9aH1v/Wh9b/1ofW/9aH1v/Wh9b/1ofW/9aH1v/Wh9b/1ofW/9aH1v/Wh9b/1ofW/9aH1v/Wh9b/1ofW/9aH1v/Wh9b/1ofW/9aH1v/Wh9b/1ofW/9aH1v/Wh9b/1ofW/9aH1v/Wh9b/1ofW/8R8xP////8A////AP///wD///8A////AP///wD///8A////AP///wD///8A////AP///wDEfMQAxHzEAMR8xP/Wh9b/1ofW/9aH1v/Wh9b/1ofW/9aH1v/Wh9b/1ofW/9aH1v/Wh9b/1ofW/9aH1v/Wh9b/1ofW/9aH1v/Wh9b/1ofW/9aH1v/Wh9b/1ofW/9aH1v/Wh9b/1ofW/9aH1v/Wh9b/1ofW/9aH1v/Wh9b/1ofW/9aH1v/Wh9b/1ofW/9aH1v/Wh9b/1ofW/9aH1v/Wh9b/1ofW/9aH1v/Wh9b/1ofW/9aH1v/Wh9b/1ofW/9aH1v/Wh9b/1ofW/9aH1v/EfMT/////AP///wD///8A////AP///wD///8A////AP///wD///8A////AP///wD///8AxHzEAMR8xADEfMT/1ofW/9aH1v/Wh9b/1ofW/9aH1v/Wh9b/1ofW/9aH1v/Wh9b/1ofW/9aH1v/Wh9b/1ofW/9aH1v/Wh9b/1ofW/9aH1v/Wh9b/1ofW/9aH1v/Wh9b/1ofW/9aH1v/Wh9b/1ofW/9aH1v/Wh9b/1ofW/9aH1v/Wh9b/1ofW/9aH1v/Wh9b/1ofW/9aH1v/Wh9b/1ofW/9aH1v/Wh9b/1ofW/9aH1v/Wh9b/1ofW/9aH1v/Wh9b/1ofW/9aH1v/Wh9b/xHzE/////wD///8A////AP///wD///8A////AP///wD///8A////AP///wD///8A////AMR8xADEfMQAxHzE/9aH1v/Wh9b/1ofW/9aH1v/Wh9b/1ofW/9aH1v/Wh9b/1ofW/9aH1v/Wh9b/1ofW/9aH1v/Wh9b/1ofW/9aH1v/Wh9b/1ofW/9aH1v/Wh9b/1ofW/9aH1v/Wh9b/1ofW/9aH1v/Wh9b/1ofW/9aH1v/Wh9b/1ofW/9aH1v/Wh9b/1ofW/9aH1v/Wh9b/1ofW/9aH1v/Wh9b/1ofW/9aH1v/Wh9b/1ofW/9aH1v/Wh9b/1ofW/9aH1v/Wh9b/1ofW/8R8xP////8A////AP///wD///8A////AP///wD///8A////AP///wD///8A////AP///wDEfMQAxHzEAMR8xP/Wh9b/1ofW/9aH1v/Wh9b/1ofW/9aH1v/Wh9b/1ofW/9aH1v/Wh9b/1ofW/9aH1v/Wh9b/1ofW/9aH1v/Wh9b/1ofW/9aH1v/Wh9b/1ofW/9aH1v/Wh9b/1ofW/9aH1v/Wh9b/1ofW/9aH1v/Wh9b/1ofW/9aH1v/Wh9b/1ofW/9aH1v/Wh9b/1ofW/9aH1v/Wh9b/1ofW/9aH1v/Wh9b/1ofW/9aH1v/Wh9b/1ofW/9aH1v/Wh9b/1ofW/9aH1v/EfMT/////AP///wD///8A////AP///wD///8A////AP///wD///8A////AP///wD///8AxHzEAMR8xADEfMT/1ofW/9aH1v/Wh9b/1ofW/9aH1v/Wh9b/1ofW/9aH1v/Wh9b/1ofW/9aH1v/Wh9b/1ofW/9aH1v/Wh9b/1ofW/9aH1v/Wh9b/1ofW/9aH1v/Wh9b/1ofW/9aH1v/Wh9b/1ofW/9aH1v/Wh9b/1ofW/9aH1v/Wh9b/1ofW/9aH1v/Wh9b/1ofW/9aH1v/Wh9b/1ofW/9aH1v/Wh9b/1ofW/9aH1v/Wh9b/1ofW/9aH1v/Wh9b/1ofW/9aH1v/Wh9b/xHzE/////wD///8A////AP///wD///8A////AP///wD///8A////AP///wD///8A////AMR8xADEfMQAxHzE/9aH1v/Wh9b/1ofW/9aH1v/Wh9b/1ofW/9aH1v/Wh9b/1ofW/9aH1v/Wh9b/1ofW/9aH1v/Wh9b/1ofW/9aH1v/Wh9b/1ofW/9aH1v/Wh9b/1ofW/9aH1v/Wh9b/1ofW/9aH1v/Wh9b/1ofW/9aH1v/Wh9b/1ofW/9aH1v/Wh9b/1ofW/9aH1v/Wh9b/1ofW/9aH1v/Wh9b/1ofW/9aH1v/Wh9b/1ofW/9aH1v/Wh9b/1ofW/9aH1v/Wh9b/1ofW/8R8xP////8A////AP///wD///8A////AP///wD///8A////AP///wD///8A////AP///wDEfMQAxHzEAMR8xP/Wh9b/1ofW/9aH1v/Wh9b/1ofW/9aH1v/Wh9b/1ofW/9aH1v/Wh9b/1ofW/9aH1v/Wh9b/1ofW/9aH1v/Wh9b/1ofW/9aH1v/Wh9b/1ofW/9aH1v/Wh9b/1ofW/9aH1v/Wh9b/1ofW/9aH1v/Wh9b/1ofW/9aH1v/Wh9b/1ofW/9aH1v/Wh9b/1ofW/9aH1v/Wh9b/1ofW/9aH1v/Wh9b/1ofW/9aH1v/Wh9b/1ofW/9aH1v/Wh9b/1ofW/9aH1v/EfMT/////AP///wD///8A////AP///wD///8A////AP///wD///8A////AP///wD///8AxHzEAMR8xADEfMT/1ofW/9aH1v/Wh9b/1ofW/9aH1v/Wh9b/1ofW/9aH1v/Wh9b/1ofW/9aH1v/Wh9b/1ofW/9aH1v/Wh9b/1ofW/9aH1v/Wh9b/1ofW/9aH1v/Wh9b/1ofW/9aH1v/Wh9b/1ofW/9aH1v/Wh9b/1ofW/9aH1v/Wh9b/1ofW/9aH1v/Wh9b/1ofW/9aH1v/Wh9b/1ofW/9aH1v/Wh9b/1ofW/9aH1v/Wh9b/1ofW/9aH1v/Wh9b/1ofW/9aH1v/Wh9b/xHzE/////wD///8A////AP///wD///8A////AP///wD///8A////AP///wD///8A////AMR8xADEfMQAxHzE/9aH1v/Wh9b/1ofW/9aH1v/Wh9b/1ofW/9aH1v/Wh9b/1ofW/9aH1v/Wh9b/1ofW/9aH1v/Wh9b/1ofW/9aH1v/Wh9b/1ofW/9aH1v/Wh9b/1ofW/9aH1v/Wh9b/1ofW/9aH1v/Wh9b/1ofW/9aH1v/Wh9b/1ofW/9aH1v/Wh9b/1ofW/9aH1v/Wh9b/1ofW/9aH1v/Wh9b/1ofW/9aH1v/Wh9b/1ofW/9aH1v/Wh9b/1ofW/9aH1v/Wh9b/1ofW/8R8xP////8A////AP///wD///8A////AP///wD///8A////AP///wD///8A////AP///wDEfMQAxHzEAMR8xP/Wh9b/1ofW/9aH1v/Wh9b/1ofW/9aH1v/Wh9b/1ofW/9aH1v/Wh9b/1ofW/9aH1v/Wh9b/1ofW/9aH1v/Wh9b/1ofW/9aH1v/Wh9b/1ofW/9aH1v/Wh9b/1ofW/9aH1v/Wh9b/1ofW/9aH1v/Wh9b/1ofW/9aH1v/Wh9b/1ofW/9aH1v/Wh9b/1ofW/9aH1v/Wh9b/1ofW/9aH1v/Wh9b/1ofW/9aH1v/Wh9b/1ofW/9aH1v/Wh9b/1ofW/9aH1v/EfMT/////AP///wD///8A////AP///wD///8A////AP///wD///8A////AP///wD///8AxHzEAMR8xADEfMT/1ofW/9aH1v/Wh9b/1ofW/9aH1v/Wh9b/1ofW/9aH1v/Wh9b/1ofW/9aH1v/Wh9b/1ofW/9aH1v/Wh9b/1ofW/9aH1v/Wh9b/1ofW/9aH1v/Wh9b/1ofW/9aH1v/Wh9b/1ofW/9aH1v/Wh9b/1ofW/9aH1v/Wh9b/1ofW/9aH1v/Wh9b/1ofW/9aH1v/Wh9b/1ofW/9aH1v/Wh9b/1ofW/9aH1v/Wh9b/1ofW/9aH1v/Wh9b/1ofW/9aH1v/Wh9b/xHzE/////wD///8A////AP///wD///8A////AP///wD///8A////AP///wD///8A////AMR8xADEfMQAxHzE/9aH1v/Wh9b/1ofW/9aH1v/Wh9b/1ofW/9aH1v/Wh9b/1ofW/9aH1v/Wh9b/1ofW/9aH1v/Wh9b/1ofW/9aH1v/Wh9b/1ofW/9aH1v/Wh9b/1ofW/9aH1v/Wh9b/1ofW/9aH1v/Wh9b/1ofW/9aH1v/Wh9b/1ofW/9aH1v/Wh9b/1ofW/9aH1v/Wh9b/1ofW/9aH1v/Wh9b/1ofW/9aH1v/Wh9b/1ofW/9aH1v/Wh9b/1ofW/9aH1v/Wh9b/1ofW/8R8xP////8A////AP///wD///8A////AP///wD///8A////AP///wD///8A////AP///wDEfMQAxHzEAMR8xP/Wh9b/1ofW/9aH1v/Wh9b/1ofW/9aH1v/Wh9b/1ofW/9aH1v/Wh9b/1ofW/9aH1v/Wh9b/1ofW/9aH1v/Wh9b/1ofW/9aH1v/Wh9b/1ofW/9aH1v/Wh9b/1ofW/9aH1v/Wh9b/1ofW/9aH1v/Wh9b/1ofW/9aH1v/Wh9b/1ofW/9aH1v/Wh9b/1ofW/9aH1v/Wh9b/1ofW/9aH1v/Wh9b/1ofW/9aH1v/Wh9b/1ofW/9aH1v/Wh9b/1ofW/9aH1v/EfMT/////AP///wD///8A////AP///wD///8A////AP///wD///8A////AP///wD///8AxHzEAMR8xADEfMT/1ofW/9aH1v/Wh9b/1ofW/9aH1v/Wh9b/1ofW/9aH1v/Wh9b/1ofW/9aH1v/Wh9b/1ofW/9aH1v/Wh9b/1ofW/9aH1v/Wh9b/1ofW/9aH1v/Wh9b/1ofW/9aH1v/Wh9b/1ofW/9aH1v/Wh9b/1ofW/9aH1v/Wh9b/1ofW/9aH1v/Wh9b/1ofW/9aH1v/Wh9b/1ofW/9aH1v/Wh9b/1ofW/9aH1v/Wh9b/1ofW/9aH1v/Wh9b/1ofW/9aH1v/Wh9b/xHzE/////wD///8A////AP///wD///8A////AP///wD///8A////AP///wD///8A////AMR8xADEfMQAxHzE/9aH1v/Wh9b/1ofW/9aH1v/Wh9b/1ofW/9aH1v/Wh9b/1ofW/9aH1v/Wh9b/1ofW/9aH1v/Wh9b/1ofW/9aH1v/Wh9b/1ofW/9aH1v/Wh9b/1ofW/9aH1v/Wh9b/1ofW/9aH1v/Wh9b/1ofW/9aH1v/Wh9b/1ofW/9aH1v/Wh9b/1ofW/9aH1v/Wh9b/1ofW/9aH1v/Wh9b/1ofW/9aH1v/Wh9b/1ofW/9aH1v/Wh9b/1ofW/9aH1v/Wh9b/1ofW/8R8xP////8A////AP///wD///8A////AP///wD///8A////AP///wD///8A////AP///wDEfMQAxHzEAMR8xP/Wh9b/1ofW/9aH1v/Wh9b/1ofW/9aH1v/Wh9b/1ofW/9aH1v/Wh9b/1ofW/9aH1v/Wh9b/1ofW/9aH1v/Wh9b/1ofW/9aH1v/Wh9b/1ofW/9aH1v/Wh9b/1ofW/9aH1v/Wh9b/1ofW/9aH1v/Wh9b/1ofW/9aH1v/Wh9b/1ofW/9aH1v/Wh9b/1ofW/9aH1v/Wh9b/1ofW/9aH1v/Wh9b/1ofW/9aH1v/Wh9b/1ofW/9aH1v/Wh9b/1ofW/9aH1v/EfMT/////AP///wD///8A////AP///wD///8A////AP///wD///8A////AP///wD///8AxHzEAMR8xADEfMT/1ofW/9aH1v/Wh9b/1ofW/9aH1v/Wh9b/1ofW/9aH1v/Wh9b/1ofW/9aH1v/Wh9b/1ofW/9aH1v/Wh9b/1ofW/9aH1v/Wh9b/1ofW/9aH1v/Wh9b/1ofW/9aH1v/Wh9b/1ofW/9aH1v/Wh9b/1ofW/9aH1v/Wh9b/1ofW/9aH1v/Wh9b/1ofW/9aH1v/Wh9b/1ofW/9aH1v/Wh9b/1ofW/9aH1v/Wh9b/1ofW/9aH1v/Wh9b/1ofW/9aH1v/Wh9b/xHzE/////wD///8A////AP///wD///8A////AP///wD///8A////AP///wD///8A////AMR8xADEfMQAxHzE/9aH1v/Wh9b/1ofW/9aH1v/Wh9b/1ofW/9aH1v/Wh9b/1ofW/9aH1v/Wh9b/1ofW/9aH1v/Wh9b/1ofW/9aH1v/Wh9b/1ofW/9aH1v/Wh9b/1ofW/9aH1v/Wh9b/1ofW/9aH1v/Wh9b/1ofW/9aH1v/Wh9b/1ofW/9aH1v/Wh9b/1ofW/9aH1v/Wh9b/1ofW/9aH1v/Wh9b/1ofW/9aH1v/Wh9b/1ofW/9aH1v/Wh9b/1ofW/9aH1v/Wh9b/1ofW/8R8xP////8A////AP///wD///8A////AP///wD///8A////AP///wD///8A////AP///wDEfMQAxHzEAMR8xP/Wh9b/1ofW/9aH1v/Wh9b/1ofW/9aH1v/Wh9b/1ofW/9aH1v/Wh9b/1ofW/9aH1v/Wh9b/1ofW/9aH1v/Wh9b/1ofW/9aH1v/Wh9b/1ofW/9aH1v/Wh9b/1ofW/9aH1v/Wh9b/1ofW/9aH1v/Wh9b/1ofW/9aH1v/Wh9b/1ofW/9aH1v/Wh9b/1ofW/9aH1v/Wh9b/1ofW/9aH1v/Wh9b/1ofW/9aH1v/Wh9b/1ofW/9aH1v/Wh9b/1ofW/9aH1v/EfMT/////AP///wD///8A////AP///wD///8A////AP///wD///8A////AP///wD///8AxHzEAMR8xADEfMT/1ofW/9aH1v/Wh9b/1ofW/9aH1v/Wh9b/1ofW/9aH1v/Wh9b/1ofW/9aH1v/Wh9b/1ofW/9aH1v/Wh9b/1ofW/9aH1v/Wh9b/1ofW/9aH1v/Wh9b/1ofW/9aH1v/Wh9b/1ofW/9aH1v/Wh9b/1ofW/9aH1v/Wh9b/1ofW/9aH1v/Wh9b/1ofW/9aH1v/Wh9b/1ofW/9aH1v/Wh9b/1ofW/9aH1v/Wh9b/1ofW/9aH1v/Wh9b/1ofW/9aH1v/Wh9b/xHzE/////wD///8A////AP///wD///8A////AP///wD///8A////AP///wD///8A////AMR8xADEfMQAxHzE/9aH1v/Wh9b/1ofW/9aH1v/Wh9b/1ofW/9aH1v/Wh9b/1ofW/9aH1v/Wh9b/1ofW/9aH1v/Wh9b/1ofW/9aH1v/Wh9b/1ofW/9aH1v/Wh9b/1ofW/9aH1v/Wh9b/1ofW/9aH1v/Wh9b/1ofW/9aH1v/Wh9b/1ofW/9aH1v/Wh9b/1ofW/9aH1v/Wh9b/1ofW/9aH1v/Wh9b/1ofW/9aH1v/Wh9b/1ofW/9aH1v/Wh9b/1ofW/9aH1v/Wh9b/1ofW/8R8xP////8A////AP///wD///8A////AP///wD///8A////AP///wD///8A////AP///wDEfMQAxHzEAMR8xP/Wh9b/1ofW/9aH1v/Wh9b/1ofW/9aH1v/Wh9b/1ofW/9aH1v/Wh9b/1ofW/9aH1v/Wh9b/1ofW/9aH1v/Wh9b/1ofW/9aH1v/Wh9b/1ofW/9aH1v/Wh9b/1ofW/9aH1v/Wh9b/1ofW/9aH1v/Wh9b/1ofW/9aH1v/Wh9b/1ofW/9aH1v/Wh9b/1ofW/9aH1v/Wh9b/1ofW/9aH1v/Wh9b/1ofW/9aH1v/Wh9b/1ofW/9aH1v/Wh9b/1ofW/9aH1v/EfMT/////AP///wD///8A////AP///wD///8A////AP///wD///8A////AP///wD///8AxHzEAMR8xADEfMT/1ofW/9aH1v/Wh9b/1ofW/9aH1v/Wh9b/1ofW/9aH1v/Wh9b/1ofW/9aH1v/Wh9b/1ofW/9aH1v/Wh9b/1ofW/9aH1v/Wh9b/1ofW/9aH1v/Wh9b/1ofW/9aH1v/Wh9b/1ofW/9aH1v/Wh9b/1ofW/9aH1v/Wh9b/1ofW/9aH1v/Wh9b/1ofW/9aH1v/Wh9b/1ofW/9aH1v/Wh9b/1ofW/9aH1v/Wh9b/1ofW/9aH1v/Wh9b/1ofW/9aH1v/Wh9b/xHzE/////wD///8A////AP///wD///8A////AP///wD///8A////AP///wD///8A////AMR8xADEfMQAxHzE/9aH1v/Wh9b/1ofW/9aH1v/Wh9b/1ofW/9aH1v/Wh9b/1ofW/9aH1v/Wh9b/1ofW/9aH1v/Wh9b/1ofW/9aH1v/Wh9b/1ofW/9aH1v/Wh9b/1ofW/9aH1v/Wh9b/1ofW/9aH1v/Wh9b/1ofW/9aH1v/Wh9b/1ofW/9aH1v/Wh9b/1ofW/9aH1v/Wh9b/1ofW/9aH1v/Wh9b/1ofW/9aH1v/Wh9b/1ofW/9aH1v/Wh9b/1ofW/9aH1v/Wh9b/1ofW/8R8xP////8A////AP///wD///8A////AP///wD///8A////AP///wD///8A////AP///wDEfMQAxHzEAMR8xP/Wh9b/1ofW/9aH1v/Wh9b/1ofW/9aH1v/Wh9b/1ofW/9aH1v/Wh9b/1ofW/9aH1v/Wh9b/1ofW/9aH1v/Wh9b/1ofW/9aH1v/Wh9b/1ofW/9aH1v/Wh9b/1ofW/9aH1v/Wh9b/1ofW/9aH1v/Wh9b/1ofW/9aH1v/Wh9b/1ofW/9aH1v/Wh9b/1ofW/9aH1v/Wh9b/1ofW/9aH1v/Wh9b/1ofW/9aH1v/Wh9b/1ofW/9aH1v/Wh9b/1ofW/9aH1v/EfMT/////AP///wD///8A////AP///wD///8A////AP///wD///8A////AP///wD///8AxHzEAMR8xADEfMT/z4PP/9WH1f/Wh9b/1ofW/9aH1v/Wh9b/1ofW/9aH1v/Wh9b/1ofW/9aH1v/Wh9b/1ofW/9aH1v/Wh9b/1ofW/9aH1v/Wh9b/1ofW/9aH1v/Wh9b/1ofW/9aH1v/Wh9b/1ofW/9aH1v/Wh9b/1ofW/9aH1v/UhtT/0IPQ/82Bzf/Kf8r/x37H/8V9xf/EfMT/xHzE/8V9xf/FfcX/x37H/8h/yP/LgMv/zoLO/9GE0f/UhtT/1ofW/9aH1v/Wh9b/xHzE/////wD///8A////AP///wD///8A////AP///wD///8A////AP///wD///8A////AMR8xADEfMQAxHzE58R8xKPEfMT2y4DL/9KE0v/Wh9b/1ofW/9aH1v/Wh9b/1ofW/9aH1v/Wh9b/1ofW/9aH1v/Wh9b/1ofW/9aH1v/Wh9b/1ofW/9aH1v/Wh9b/1ofW/9aH1v/Wh9b/1ofW/9aH1v/VhtX/0IPQ/8uAy//Gfsb/xHzE5MR8xKjEfMR5xHzEUcR8xCnEfMQUxHzEAsR8xADEfMQMxHzEE8R8xCnEfMQ/xHzEYsR8xIrEfMS3xHzE4cZ9xv/KgMr/z4PP/8R8xP////8A////AP///wD///8A////AP///wD///8A////AP///wD///8A////AP///wDEfMQAxHzEAMR8xADEfMQAxHzEDMR8xGDEfMTBxHzE/suAy//RhNH/1YbV/9aH1v/Wh9b/1ofW/9aH1v/Wh9b/1ofW/9aH1v/Wh9b/1ofW/9aH1v/Wh9b/1ofW/9aH1v/Wh9b/0oXS/82Czf/If8j/xHzE8MR8xKzEfMRkxHzEI8R8xADEfMQAxHzEAMR8xADEfMQAxHzEAMR8xADEfMQAxHzEAMR8xADEfMQA////AP///wD///8A////AP///wDEfMQXxHzEWMR8xJrEfMTd////AP///wD///8A////AP///wD///8A////AP///wD///8A////AP///wD///8AxHzEAMR8xADEfMQAxHzEAP///wD///8A////AMR8xBvEfMRnxHzEtMR8xPLIfsj/zIHM/8+Dz//ShNL/1IbU/9WH1f/Wh9b/1YfV/9SG1P/ShdL/0IPQ/82Bzf/Jf8n/xHzE/MR8xMvEfMSGxHzEPsR8xATEfMQAxHzEAMR8xADEfMQAxHzEAMR8xADEfMQAxHzEAMR8xADEfMQAxHzEAMR8xADEfMQAxHzEAP///wD///8A////AP///wD///8A////AP///wD///8A////AP///wD///8A////AP///wD///8A////AP///wD///8A////AP///wD///8A////AP///wD///8A////AP///wD///8A////AP///wD///8A////AP///wDEfMQExHzENcR8xG7EfMSZxHzExcR8xOTEfMT1xHzE/8R8xPbEfMTmxHzEzMR8xKPEfMR5xHzEScR8xA3EfMQAxHzEAMR8xADEfMQAxHzEAMR8xADEfMQAxHzEAMR8xADEfMQAxHzEAMR8xADEfMQAxHzEAMR8xADEfMQAxHzEAMR8xAD///8A////AP///wD///8A////AP///wD///8A////AP///wD///8A////AP///wD///8A////AP///wD///8A////AP///wD///8A////AP///wD///8A////AP///wD///8A////AP///wD///8A////AP///wD///8A////AMR8xADEfMQAxHzEAMR8xADEfMQAxHzEAMR8xADEfMQAxHzEAMR8xADEfMQAxHzEAMR8xADEfMQAxHzEAMR8xADEfMQAxHzEAMR8xADEfMQAxHzEAMR8xADEfMQAxHzEAMR8xADEfMQAxHzEAMR8xADEfMQAxHzEAMR8xADEfMQA////AP///wD///8A////AP///wD///8A////AP///wD///8A////AP///wD///8A////AP///wD///8A////AP///////////v/////////+//////////7//////////v/////////+//////////7//////////v/////////+//////////7//////////v/////////+//////////7//////////v/////////+//////////7//////////v/////////+//////////7//////////v/////////+//////////7//////////v/////////+//////////7//////////v/////////+//////////4////4AAf//g///4AAAH/+AP/4AAAAf/4AAgAAAAB//gAAAAAAAH/+AAAAAAAAf/4AAAAAAAB//gAAAAAAAH/+AAAAAAAAf/4AAAAAAAB//gAAAAAAAH/+AAAAAAAAf/4AAAAAAAB//gAAAAAAAH/+AAAAAAAAf/4AAAAAAAB//gAAAAAAAH/+AAAAAAAAf/4AAAAAAAB//gAAAAAAAH/+AAAAAAAAf/4AAAAAAAB//gAAAAAAAH/+AAAAAAAAf/4AAAAAAAB//gAAAAAAAH/+AAAAAAAAf/4AAAAAAAB//gAAAAAAAH/+AAAAAAAAf/4AAAAAAAB//gAAAAAAAH/+AAAAAAgAf/+AAAAH//h///AAAD///////gAD////////////////KAAAAEgAAACQAAAAAQAgAAAAAAAAAAAAAAAAAAAAAAAAAAAAAAAAAP///wD///8A////AP///wD///8A////AP///wD///8A////AP///wD///8A////AP///wD///8A////AP///wD///8A////AP///wD///8A////AP///wD///8A////AP///wD///8A////AP///wD///8A////AP///wD///8A////AP///wD///8A////AP///wD///8A////AP///wD///8A////AP///wD///8A////AP///wD///8A////AP///wD///8A////AP///wD///8A////AP///wD///8A////AP///wD///8A////AP///wD///8A////AP///wD///8A////AP///wD///8A////AP///wD///8A////AP///wD///8A////AP///wD7QOAA+0DgAPtA4AD7QOAA+0DgAPtA4AD7QOAA+0DgAPtA4AD7QOAA+0DgAPtA4AD7QOAA+0DgAPtA4AD7QOAA+0DgAPtA4AD7QOAA+0DgAPtA4AD7QOAA+0DgAPtA4AD7QOAA+0DgAPtA4AD7QOAA+0DgAPtA4AD7QOAA+0DgAPtA4AD7QOAA+0DgAPtA4AD7QOAA+0DgAPtA4AD7QOAA+0DgAPtA4AD7QOAA+0DgAPtA4AD7QOAA+0DgAPtA4AD7QOAA+0DgAPtA4AD7QOAA+0DgAPtA4AD7QOAA+0DgAPtA4AD7QOAA+0DgAPtA4AD7QOAA+0DgAPtA4AD///8A////AP///wD///8A////AP///wD///8A////AP///wD7QOAA+0DgAPtA4P/7QOD/+0Dg//tA4P/7QOAA+0DgAPtA4AD7QOAA+0DgAPtA4AD7QOAA+0DgAPtA4AD7QOAA+0DgAPtA4AD7QOAA+0DgAPtA4AD7QOAA+0DgAPtA4AD7QOAA+0DgAPtA4AD7QOAA+0DgAPtA4AD7QOAA+0DgAPtA4AD7QOAA+0DgAPtA4AD7QOAA+0DgAPtA4AD7QOAA+0DgAPtA4AD7QOAA+0DgAPtA4AD7QOAA+0DgAPtA4AD7QOAA+0DgAPtA4AD7QOAA+0DgAPtA4AD7QOAA+0DgAPtA4AD7QOAA+0DgAPtA4AD7QOAA+0DgAPtA4AD///8A////AP///wD///8A////AP///wD///8A////AP///wD7QOAA+0DgAPtA4P/7QOD/+0Dg//tA4P/7QOAA+0DgAPtA4AD7QOAA+0DgAPtA4AD7QOAA+0DgAPtA4AD7QOAA+0DgAPtA4AD7QOAA+0DgAPtA4AD7QOAA+0DgAPtA4AD7QOAA+0DgAPtA4AD7QOAA+0DgAPtA4AD7QOAA+0DgAPtA4AD7QOAA+0DgAPtA4AD7QOAA+0DgAPtA4AD7QOAA+0DgAPtA4AD7QOAA+0DgAPtA4AD7QOAA+0DgAPtA4AD7QOAA+0DgAPtA4AD7QOAA+0DgAPtA4AD7QOAA+0DgAPtA4AD7QOAA+0DgAPtA4AD7QOAA+0DgAPtA4AD///8A////AP///wD///8A////AP///wD///8A////AP///wD7QOAA+0DgAPtA4P/7QOD/+0Dg//tA4P/7QOAA+0DgAPtA4AD7QOAA+0DgAPtA4AD7QOAA+0DgAPtA4AD7QOAA+0DgAPtA4AD7QOAA+0DgAPtA4AD7QOAA+0DgAPtA4AD7QOAA+0DgAPtA4AD7QOAA+0DgAPtA4AD7QOAA+0DgAPtA4AD7QOAA+0DgAPtA4AD7QOAA+0DgAPtA4AD7QOAA+0DgAPtA4AD7QOAA+0DgAPtA4AD7QOAA+0DgAPtA4AD7QOAA+0DgAPtA4AD7QOAA+0DgAPtA4AD7QOAA+0DgAPtA4AD7QOAA+0DgAPtA4AD7QOAA+0DgAPtA4AD///8A////AP///wD///8A////AP///wD///8A////AP///wD7QOAA+0DgAPtA4P/7QOD/+0Dg//tA4P/7QOAA+0DgAPtA4AD7QOAA+0DgAPtA4AD7QOAA+0DgAPtA4AD7QOAA+0DgAPtA4AD7QOAA+0DgAPtA4AD7QOAA+0DgAPtA4AD7QOAA+0DgAPtA4AD7QOAA+0DgAPtA4AD7QOAA+0DgAPtA4AD7QOAA+0DgAPtA4AD7QOAA+0DgAPtA4AD7QOAA+0DgAPtA4AD7QOAA+0DgAPtA4AD7QOAA+0DgAPtA4AD7QOAA+0DgAPtA4AD7QOAA+0DgAPtA4AD7QOAA+0DgAPtA4AD7QOAA+0DgAPtA4AD7QOAA+0DgAPtA4AD///8A////AP///wD///8A////AP///wD///8A////AP///wD7QOAA+0DgAPtA4P/7QOD/+0Dg//tA4P/7QOAA+0DgAPtA4AD7QOAA+0DgAPtA4AD7QOAA+0DgAPtA4AD7QOAA+0DgAPtA4AD7QOAA+0DgAPtA4AD7QOAA+0DgAPtA4AD7QOAA+0DgAPtA4AD7QOAA+0DgAPtA4AD7QOAA+0DgAPtA4AD7QOAA+0DgAPtA4AD7QOAA+0DgAPtA4AD7QOAA+0DgAPtA4AD7QOAA+0DgAPtA4AD7QOAA+0DgAPtA4AD7QOAA+0DgAPtA4AD7QOAA+0DgAPtA4AD7QOAA+0DgAPtA4AD7QOAA+0DgAPtA4AD7QOAA+0DgAPtA4AD///8A////AP///wD///8A////AP///wD///8A////AP///wD7QOAA+0DgAPtA4P/7QOD/+0Dg//tA4P/7QOAA+0DgAPtA4AD7QOAA+0DgAPtA4AD7QOAA+0DgAPtA4AD7QOAA+0DgAPtA4AD7QOAA+0DgAPtA4AD7QOAA+0DgAPtA4AD7QOAA+0DgAPtA4AD7QOAA+0DgAPtA4AD7QOAA+0DgAPtA4AD7QOAA+0DgAPtA4AD7QOAA+0DgAPtA4AD7QOAA+0DgAPtA4AD7QOAA+0DgAPtA4AD7QOAA+0DgAPtA4AD7QOAA+0DgAPtA4AD7QOAA+0DgAPtA4AD7QOAA+0DgAPtA4AD7QOAA+0DgAPtA4AD7QOAA+0DgAPtA4AD///8A////AP///wD///8A////AP///wD///8A////AP///wD7QOAA+0DgAPtA4P/7QOD/+0Dg//tA4P/7QOAA+0DgAPtA4AD7QOAA+0DgAPtA4AD7QOAA+0DgAPtA4AD7QOAA+0DgAPtA4AD7QOAA+0DgAPtA4AD7QOAA+0DgAPtA4AD7QOAA+0DgAPtA4AD7QOAA+0DgAPtA4AD7QOAA+0DgAPtA4AD7QOAA+0DgAPtA4AD7QOAA+0DgAPtA4AD7QOAA+0DgAPtA4AD7QOAA+0DgAPtA4AD7QOAA+0DgAPtA4AD7QOAA+0DgAPtA4AD7QOAA+0DgAPtA4AD7QOAA+0DgAPtA4AD7QOAA+0DgAPtA4AD7QOAA+0DgAPtA4AD///8A////AP///wD///8A////AP///wD///8A////AP///wD7QOAA+0DgAPtA4P/7QOD/+0Dg//tA4P/7QOAA+0DgAPtA4AD7QOAA+0DgAPtA4AD7QOAA+0DgAPtA4AD7QOAA+0DgAPtA4AD7QOAA+0DgAPtA4AD7QOAA+0DgAPtA4AD7QOAA+0DgAPtA4AD7QOAA+0DgAPtA4AD7QOAA+0DgAPtA4AD7QOAA+0DgAPtA4AD7QOAA+0DgAPtA4AD7QOAA+0DgAPtA4AD7QOAA+0DgAPtA4AD7QOAA+0DgAPtA4AD7QOAA+0DgAPtA4AD7QOAA+0DgAPtA4AD7QOAA+0DgAPtA4AD7QOAA+0DgAPtA4AD7QOAA+0DgAPtA4AD///8A////AP///wD///8A////AP///wD///8A////AP///wD7QOAA+0DgAPtA4P/7QOD/+0Dg//tA4P/7QOAA+0DgAPtA4AD7QOAA+0DgAPtA4AD7QOAA+0DgAPtA4AD7QOAA+0DgAPtA4AD7QOAA+0DgAPtA4AD7QOAA+0DgAPtA4AD7QOAA+0DgAPtA4AD7QOAA+0DgAPtA4AD7QOAA+0DgAPtA4AD7QOAA+0DgAPtA4AD7QOAA+0DgAPtA4AD7QOAA+0DgAPtA4AD7QOAA+0DgAPtA4AD7QOAA+0DgAPtA4AD7QOAA+0DgAPtA4AD7QOAA+0DgAPtA4AD7QOAA+0DgAPtA4AD7QOAA+0DgAPtA4AD7QOAA+0DgAPtA4AD///8A////AP///wD///8A////AP///wD///8A////AP///wD7QOAA+0DgAPtA4P/7QOD/+0Dg//tA4P/7QOAA+0DgAPtA4AD7QOAA+0DgAPtA4AD7QOAA+0DgAPtA4AD7QOAA+0DgAPtA4AD7QOAA+0DgAPtA4AD7QOAA+0DgAPtA4AD7QOAA+0DgAPtA4AD7QOAA+0DgAPtA4AD7QOAA+0DgAPtA4AD7QOAA+0DgAPtA4AD7QOAA+0DgAPtA4AD7QOAA+0DgAPtA4AD7QOAA+0DgAPtA4AD7QOAA+0DgAPtA4AD7QOAA+0DgAPtA4AD7QOAA+0DgAPtA4AD7QOAA+0DgAPtA4AD7QOAA+0DgAPtA4AD7QOAA+0DgAPtA4AD///8A////AP///wD///8A////AP///wD///8A////AP///wD7QOAA+0DgAPtA4P/7QOD/+0Dg//tA4P/7QOAA+0DgAPtA4AD7QOAA+0DgAPtA4AD7QOAA+0DgAPtA4AD7QOAA+0DgAPtA4AD7QOAA+0DgAPtA4AD7QOAA+0DgAPtA4AD7QOAA+0DgAPtA4AD7QOAA+0DgAPtA4AD7QOAA+0DgAPtA4AD7QOAA+0DgAPtA4AD7QOAA+0DgAPtA4AD7QOAA+0DgAPtA4AD7QOAA+0DgAPtA4AD7QOAA+0DgAPtA4AD7QOAA+0DgAPtA4AD7QOAA+0DgAPtA4AD7QOAA+0DgAPtA4AD7QOAA+0DgAPtA4AD7QOAA+0DgAPtA4AD///8A////AP///wD///8A////AP///wD///8A////AP///wD7QOAA+0DgAPtA4P/7QOD/+0Dg//tA4P/7QOAA+0DgAPtA4AD7QOAA+0DgAPtA4AD7QOAA+0DgAPtA4AD7QOAA+0DgAPtA4AD7QOAA+0DgAPtA4AD7QOAA+0DgAPtA4AD7QOAA+0DgAPtA4AD7QOAA+0DgAPtA4AD7QOAA+0DgAPtA4AD7QOAA+0DgAPtA4AD7QOAA+0DgAPtA4AD7QOAA+0DgAPtA4AD7QOAA+0DgAPtA4AD7QOAA+0DgAPtA4AD7QOAA+0DgAPtA4AD7QOAA+0DgAPtA4AD7QOAA+0DgAPtA4AD7QOAA+0DgAPtA4AD7QOAA+0DgAPtA4AD///8A////AP///wD///8A////AP///wD///8A////AP///wD7QOAA+0DgAPtA4P/7QOD/+0Dg//tA4P/7QOAA+0DgAPtA4AD7QOAA+0DgAPtA4AD7QOAA+0DgAPtA4AD7QOAA+0DgAPtA4AD7QOAA+0DgAPtA4AD7QOAA+0DgAPtA4AD7QOAA+0DgAPtA4AD7QOAA+0DgAPtA4AD7QOAA+0DgAPtA4AD7QOAA+0DgAPtA4AD7QOAA+0DgAPtA4AD7QOAA+0DgAPtA4AD7QOAA+0DgAPtA4AD7QOAA+0DgAPtA4AD7QOAA+0DgAPtA4AD7QOAA+0DgAPtA4AD7QOAA+0DgAPtA4AD7QOAA+0DgAPtA4AD7QOAA+0DgAPtA4AD///8A////AP///wD///8A////AP///wD///8A////AP///wD7QOAA+0DgAPtA4P/7QOD/+0Dg//tA4P/7QOAA+0DgAPtA4AD7QOAA+0DgAPtA4AD7QOAA+0DgAPtA4AD7QOAA+0DgAPtA4AD7QOAA+0DgAPtA4AD7QOAA+0DgAPtA4AD7QOAA+0DgAPtA4AD7QOAA+0DgAPtA4AD7QOAA+0DgAPtA4AD7QOAA+0DgAPtA4AD7QOAA+0DgAPtA4AD7QOAA+0DgAPtA4AD7QOAA+0DgAPtA4AD7QOAA+0DgAPtA4AD7QOAA+0DgAPtA4AD7QOAA+0DgAPtA4AD7QOAA+0DgAPtA4AD7QOAA+0DgAPtA4AD7QOAA+0DgAPtA4AD///8A////AP///wD///8A////AP///wD///8A////AP///wD7QOAA+0DgAPtA4P/7QOD/+0Dg//tA4P/7QOAA+0DgAPtA4AD7QOAA+0DgAPtA4AD7QOAA+0DgAPtA4AD7QOAA+0DgAPtA4AD7QOAA+0DgAPtA4AD7QOAA+0DgAPtA4AD7QOAA+0DgAPtA4AD7QOAA+0DgAPtA4AD7QOAA+0DgAPtA4AD7QOAA+0DgAPtA4AD7QOAA+0DgAPtA4AD7QOAA+0DgAPtA4AD7QOAA+0DgAPtA4AD7QOAA+0DgAPtA4AD7QOAA+0DgAPtA4AD7QOAA+0DgAPtA4AD7QOAA+0DgAPtA4AD7QOAA+0DgAPtA4AD7QOAA+0DgAPtA4AD///8A////AP///wD///8A////AP///wD///8A////AP///wD7QOAA+0DgAPtA4P/7QOD/+0Dg//tA4P/7QOAA+0DgAPtA4AD7QOAA+0DgAPtA4AD7QOAA+0DgAPtA4AD7QOAA+0DgAPtA4AD7QOAA+0DgAPtA4AD7QOAA+0DgAPtA4AD7QOAA+0DgAPtA4AD7QOAA+0DgAPtA4AD7QOAA+0DgAPtA4AD7QOAA+0DgAPtA4AD7QOAA+0DgAPtA4AD7QOAA+0DgAPtA4AD7QOAA+0DgAPtA4AD7QOAA+0DgAPtA4AD7QOAA+0DgAPtA4AD7QOAA+0DgAPtA4AD7QOAA+0DgAPtA4AD7QOAA+0DgAPtA4AD7QOAA+0DgAPtA4AD///8A////AP///wD///8A////AP///wD///8A////AP///wD7QOAA+0DgAPtA4P/7QOD/+0Dg//tA4P/7QOAA+0DgAPtA4AD7QOAA+0DgAPtA4AD7QOAA+0DgAPtA4AD7QOAA+0DgAPtA4AD7QOAA+0DgAPtA4AD7QOAA+0DgAPtA4AD7QOAA+0DgAPtA4AD7QOAA+0DgAPtA4AD7QOAA+0DgAPtA4AD7QOAA+0DgAPtA4AD7QOAA+0DgAPtA4AD7QOAA+0DgAPtA4AD7QOAA+0DgAPtA4AD7QOAA+0DgAPtA4AD7QOAA+0DgAPtA4AD7QOAA+0DgAPtA4AD7QOAA+0DgAPtA4AD7QOAA+0DgAPtA4AD7QOAA+0DgAPtA4AD///8A////AP///wD///8A////AP///wD///8A////AP///wD7QOAA+0DgAPtA4P/7QOD/+0Dg//tA4P/7QOAA+0DgAPtA4AD7QOAA+0DgAPtA4AD7QOAA+0DgAPtA4AD7QOAA+0DgAPtA4AD7QOAA+0DgAPtA4AD7QOAA+0DgAPtA4AD7QOAA+0DgAPtA4AD7QOAA+0DgAPtA4AD7QOAA+0DgAPtA4AD7QOAA+0DgAPtA4AD7QOAA+0DgAPtA4AD7QOAA+0DgAPtA4AD7QOAA+0DgAPtA4AD7QOAA+0DgAPtA4AD7QOAA+0DgAPtA4AD7QOAA+0DgAPtA4AD7QOAA+0DgAPtA4AD7QOAA+0DgAPtA4AD7QOAA+0DgAPtA4AD///8A////AP///wD///8A////AP///wD///8A////AP///wD7QOAA+0DgAPtA4P/7QOD/+0Dg//tA4P/7QOAA+0DgAPtA4AD7QOAA+0DgAPtA4AD7QOAA+0DgAPtA4AD7QOAA+0DgAPtA4AD7QOAA+0DgAPtA4AD7QOAA+0DgAPtA4AD7QOAA+0DgAPtA4AD7QOAA+0DgAPtA4AD7QOAA+0DgAPtA4AD7QOAA+0DgAPtA4AD7QOAA+0DgAPtA4AD7QOAA+0DgAPtA4AD7QOAA+0DgAPtA4AD7QOAA+0DgAPtA4AD7QOAA+0DgAPtA4AD7QOAA+0DgAPtA4AD7QOAA+0DgAPtA4AD7QOAA+0DgAPtA4AD7QOAA+0DgAPtA4AD///8A////AP///wD///8A////AP///wD///8A////AP///wD7QOAA+0DgAPtA4P/7QOD/+0Dg//tA4P/7QOAA+0DgAPtA4AD7QOAA+0DgAPtA4AD7QOAA+0DgAPtA4AD7QOAA+0DgAPtA4AD7QOAA+0DgAPtA4AD7QOAA+0DgAPtA4AD7QOAA+0DgAPtA4AD7QOAA+0DgAPtA4AD7QOAA+0DgAPtA4AD7QOAA+0DgAPtA4AD7QOAA+0DgAPtA4AD7QOAA+0DgAPtA4AD7QOAA+0DgAPtA4AD7QOAA+0DgAPtA4AD7QOAA+0DgAPtA4AD7QOAA+0DgAPtA4AD7QOAA+0DgAPtA4AD7QOAA+0DgAPtA4AD7QOAA+0DgAPtA4AD///8A////AP///wD///8A////AP///wD///8A////AP///wD7QOAA+0DgAPtA4P/7QOD/+0Dg//tA4P/7QOAA+0DgAPtA4AD7QOAA+0DgAPtA4AD7QOAA+0DgAPtA4AD7QOAA+0DgAPtA4AD7QOAA+0DgAPtA4AD7QOAA+0DgAPtA4AD7QOAA+0DgAPtA4AD7QOAA+0DgAPtA4AD7QOAA+0DgAPtA4AD7QOAA+0DgAPtA4AD7QOAA+0DgAPtA4AD7QOAA+0DgAPtA4AD7QOAA+0DgAPtA4AD7QOAA+0DgAPtA4AD7QOAA+0DgAPtA4AD7QOAA+0DgAPtA4AD7QOAA+0DgAPtA4AD7QOAA+0DgAPtA4AD7QOAA+0DgAPtA4AD///8A////AP///wD///8A////AP///wD///8A////AP///wD7QOAA+0DgAPtA4P/7QOD/+0Dg//tA4P/7QOAA+0DgAPtA4AD7QOAA+0DgAPtA4AD7QOAA+0DgAPtA4AD7QOAA+0DgAPtA4AD7QOAA+0DgAPtA4AD7QOAA+0DgAPtA4AD7QOAA+0DgAPtA4AD7QOAA+0DgAPtA4AD7QOAA+0DgAPtA4AD7QOAA+0DgAPtA4AD7QOAA+0DgAPtA4AD7QOAA+0DgAPtA4AD7QOAA+0DgAPtA4AD7QOAA+0DgAPtA4AD7QOAA+0DgAPtA4AD7QOAA+0DgAPtA4AD7QOAA+0DgAPtA4AD7QOAA+0DgAPtA4AD7QOAA+0DgAPtA4AD///8A////AP///wD///8A////AP///wD///8A////AP///wD7QOAA+0DgAPtA4P/7QOD/+0Dg//tA4P/7QOAA+0DgAPtA4AD7QOAA+0DgAPtA4AD7QOAA+0DgAPtA4AD7QOAA+0DgAPtA4AD7QOAA+0DgAPtA4AD7QOAA+0DgAPtA4AD7QOAA+0DgAPtA4AD7QOAA+0DgAPtA4AD7QOAA+0DgAPtA4AD7QOAA+0DgAPtA4AD7QOAA+0DgAPtA4AD7QOAA+0DgAPtA4AD7QOAA+0DgAPtA4AD7QOAA+0DgAPtA4AD7QOAA+0DgAPtA4AD7QOAA+0DgAPtA4AD7QOAA+0DgAPtA4AD7QOAA+0DgAPtA4AD7QOAA+0DgAPtA4AD///8A////AP///wD///8A////AP///wD///8A////AP///wD7QOAA+0DgAPtA4P/7QOD/+0Dg//tA4P/7QOAA+0DgAPtA4AD7QOAA+0DgAPtA4AD7QOAA+0DgAPtA4AD7QOAA+0DgAPtA4AD7QOAA+0DgAPtA4AD7QOAA+0DgAPtA4AD7QOAA+0DgAPtA4AD7QOAA+0DgAPtA4P/7QOD/+0Dg//tA4P/7QOD/+0Dg//tA4P/7QOD/+0Dg//tA4P/7QOD/+0Dg//tA4P/7QOD/+0Dg//tA4P/7QOD/+0Dg//tA4P/7QOD/+0Dg//tA4P/7QOD/+0Dg//tA4P/7QOD/+0Dg//tA4P/7QOD/+0Dg//tA4P/7QOD/+0Dg//tA4AD///8A////AP///wD///8A////AP///wD///8A////AP///wD7QOAA+0DgAPtA4P/7QOD/+0Dg//tA4P/7QOAA+0DgAPtA4AD7QOAA+0DgAPtA4AD7QOAA+0DgAPtA4AD7QOAA+0DgAPtA4AD7QOAA+0DgAPtA4AD7QOAA+0DgAPtA4AD7QOAA+0DgAPtA4AD7QOAA+0DgAPtA4P/7QOD/+0Dg//tA4P/7QOD/+0Dg//tA4P/7QOD/+0Dg//tA4P/7QOD/+0Dg//tA4P/7QOD/+0Dg//tA4P/7QOD/+0Dg//tA4P/7QOD/+0Dg//tA4P/7QOD/+0Dg//tA4P/7QOD/+0Dg//tA4P/7QOD/+0Dg//tA4P/7QOD/+0Dg//tA4AD///8A////AP///wD///8A////AP///wD///8A////AP///wD7QOAA+0DgAPtA4P/7QOD/+0Dg//tA4P/7QOAA+0DgAPtA4AD7QOAA+0DgAPtA4AD7QOAA+0DgAPtA4AD7QOAA+0DgAPtA4AD7QOAA+0DgAPtA4AD7QOAA+0DgAPtA4AD7QOAA+0DgAPtA4AD7QOAA+0DgAPtA4P/7QOD/+0Dg//tA4P/7QOD/+0Dg//tA4P/7QOD/+0Dg//tA4P/7QOD/+0Dg//tA4P/7QOD/+0Dg//tA4P/7QOD/+0Dg//tA4P/7QOD/+0Dg//tA4P/7QOD/+0Dg//tA4P/7QOD/+0Dg//tA4P/7QOD/+0Dg//tA4P/7QOD/+0Dg//tA4AD///8A////AP///wD///8A////AP///wD///8A////AP///wD7QOAA+0DgAPtA4P/7QOD/+0Dg//tA4P/7QOAA+0DgAPtA4AD7QOAA+0DgAPtA4AD7QOAA+0DgAPtA4AD7QOAA+0DgAPtA4AD7QOAA+0DgAPtA4AD7QOAA+0DgAPtA4AD7QOAA+0DgAPtA4AD7QOAA+0DgAPtA4P/7QOD/+0Dg//tA4P/7QOD/+0Dg//tA4P/7QOD/+0Dg//tA4P/7QOD/+0Dg//tA4P/7QOD/+0Dg//tA4P/7QOD/+0Dg//tA4P/7QOD/+0Dg//tA4P/7QOD/+0Dg//tA4P/7QOD/+0Dg//tA4P/7QOD/+0Dg//tA4P/7QOD/+0Dg//tA4AD///8A////AP///wD///8A////AP///wD///8A////AP///wD7QOAA+0DgAPtA4P/7QOD/+0Dg//tA4P/7QOAA+0DgAPtA4AD7QOAA+0DgAPtA4AD7QOAA+0DgAPtA4AD7QOAA+0DgAPtA4AD7QOAA+0DgAPtA4AD7QOAA+0DgAPtA4AD7QOAA+0DgAPtA4AD7QOAA+0DgAPtA4P/7QOD/+0Dg//tA4P/7QOD/+0Dg//tA4P/7QOD/+0Dg//tA4P/7QOD/+0Dg//tA4P/7QOD/+0Dg//tA4P/7QOD/+0Dg//tA4P/7QOD/+0Dg//tA4P/7QOD/+0Dg//tA4P/7QOD/+0Dg//tA4P/7QOD/+0Dg//tA4P/7QOD/+0Dg//tA4AD///8A////AP///wD///8A////AP///wD///8A////AP///wD7QOAA+0DgAPtA4P/7QOD/+0Dg//tA4P/7QOAA+0DgAPtA4AD7QOAA+0DgAPtA4AD7QOAA+0DgAPtA4AD7QOAA+0DgAPtA4AD7QOAA+0DgAPtA4AD7QOAA+0DgAPtA4AD7QOAA+0DgAPtA4AD7QOAA+0DgAPtA4P/7QOD/+0Dg//tA4P/7QOD/+0Dg//tA4P/7QOD/+0Dg//tA4P/7QOD/+0Dg//tA4P/7QOD/+0Dg//tA4P/7QOD/+0Dg//tA4P/7QOD/+0Dg//tA4P/7QOD/+0Dg//tA4P/7QOD/+0Dg//tA4P/7QOD/+0Dg//tA4P/7QOD/+0Dg//tA4AD///8A////AP///wD///8A////AP///wD///8A////AP///wD7QOAA+0DgAPtA4P/7QOD/+0Dg//tA4P/7QOAA+0DgAPtA4AD7QOAA+0DgAPtA4AD7QOAA+0DgAPtA4AD7QOAA+0DgAPtA4AD7QOAA+0DgAPtA4AD7QOAA+0DgAPtA4AD7QOAA+0DgAPtA4AD7QOAA+0DgAPtA4P/7QOD/+0Dg//tA4P/7QOD/+0Dg//tA4P/7QOD/+0Dg//tA4P/7QOD/+0Dg//tA4P/7QOD/+0Dg//tA4P/7QOD/+0Dg//tA4P/7QOD/+0Dg//tA4P/7QOD/+0Dg//tA4P/7QOD/+0Dg//tA4P/7QOD/+0Dg//tA4P/7QOD/+0Dg//tA4AD///8A////AP///wD///8A////AP///wD///8A////AP///wD7QOAA+0DgAPtA4P/7QOD/+0Dg//tA4P/7QOAA+0DgAPtA4AD7QOAA+0DgAPtA4AD7QOAA+0DgAPtA4AD7QOAA+0DgAPtA4AD7QOAA+0DgAPtA4AD7QOAA+0DgAPtA4AD7QOAA+0DgAPtA4AD7QOAA+0DgAPtA4P/7QOD/+0Dg//tA4P/7QOD/+0Dg//tA4P/7QOD/+0Dg//tA4P/7QOD/+0Dg//tA4P/7QOD/+0Dg//tA4P/7QOD/+0Dg//tA4P/7QOD/+0Dg//tA4P/7QOD/+0Dg//tA4P/7QOD/+0Dg//tA4P/7QOD/+0Dg//tA4P/7QOD/+0Dg//tA4AD///8A////AP///wD///8A////AP///wD///8A////AP///wD7QOAA+0DgAPtA4P/7QOD/+0Dg//tA4P/7QOAA+0DgAPtA4AD7QOAA+0Dg//tA4P/7QOD/+0Dg//tA4P/7QOD/+0Dg//tA4P/7QOD/+0Dg//tA4P/7QOD/+0Dg//tA4P/7QOD/+0DgAPtA4AD7QOAA+0DgAPtA4P/7QOD/+0Dg//tA4P/7QOD/+0Dg//tA4P/7QOD/+0Dg//tA4P/7QOD/+0Dg//tA4P/7QOD/+0Dg//tA4P/7QOD/+0Dg//tA4P/7QOD/+0Dg//tA4P/7QOD/+0Dg//tA4P/7QOD/+0Dg//tA4P/7QOD/+0Dg//tA4P/7QOD/+0Dg//tA4AD///8A////AP///wD///8A////AP///wD///8A////AP///wD7QOAA+0DgAPtA4P/7QOD/+0Dg//tA4P/7QOAA+0DgAPtA4AD7QOAA+0Dg//tA4P/7QOD/+0Dg//tA4P/7QOD/+0Dg//tA4P/7QOD/+0Dg//tA4P/7QOD/+0Dg//tA4P/7QOD/+0DgAPtA4AD7QOAA+0DgAPtA4P/7QOD/+0Dg//tA4P/7QOD/+0Dg//tA4P/7QOD/+0Dg//tA4P/7QOD/+0Dg//tA4P/7QOD/+0Dg//tA4P/7QOD/+0Dg//tA4P/7QOD/+0Dg//tA4P/7QOD/+0Dg//tA4P/7QOD/+0Dg//tA4P/7QOD/+0Dg//tA4P/7QOD/+0Dg//tA4AD///8A////AP///wD///8A////AP///wD///8A////AP///wD7QOAA+0DgAPtA4P/7QOD/+0Dg//tA4P/7QOAA+0DgAPtA4AD7QOAA+0Dg//tA4P/7QOD/+0Dg//tA4P/7QOD/+0Dg//tA4P/7QOD/+0Dg//tA4P/7QOD/+0Dg//tA4P/7QOD/+0DgAPtA4AD7QOAA+0DgAPtA4P/7QOD/+0Dg//tA4P/7QOD/+0Dg//tA4P/7QOD/+0Dg//tA4P/7QOD/+0Dg//tA4P/7QOD/+0Dg//tA4P/7QOD/+0Dg//tA4P/7QOD/+0Dg//tA4P/7QOD/+0Dg//tA4P/7QOD/+0Dg//tA4P/7QOD/+0Dg//tA4P/7QOD/+0Dg//tA4AD///8A////AP///wD///8A////AP///wD///8A////AP///wD7QOAA+0DgAPtA4P/7QOD/+0Dg//tA4P/7QOAA+0DgAPtA4AD7QOAA+0Dg//tA4P/7QOD/+0Dg//tA4P/7QOD/+0Dg//tA4P/7QOD/+0Dg//tA4P/7QOD/+0Dg//tA4P/7QOD/+0DgAPtA4AD7QOAA+0DgAPtA4P/7QOD/+0Dg//tA4P/7QOD/+0Dg//tA4P/7QOD/+0Dg//tA4P/7QOD/+0Dg//tA4P/7QOD/+0Dg//tA4P/7QOD/+0Dg//tA4P/7QOD/+0Dg//tA4P/7QOD/+0Dg//tA4P/7QOD/+0Dg//tA4P/7QOD/+0Dg//tA4P/7QOD/+0Dg//tA4AD///8A////AP///wD///8A////AP///wD///8A////AP///wD7QOAA+0DgAPtA4P/7QOD/+0Dg//tA4P/7QOAA+0DgAPtA4AD7QOAA+0Dg//tA4P/7QOD/+0Dg//tA4P/7QOD/+0Dg//tA4P/7QOD/+0Dg//tA4P/7QOD/+0Dg//tA4P/7QOD/+0DgAPtA4AD7QOAA+0DgAPtA4P/7QOD/+0Dg//tA4P/7QOD/+0Dg//tA4P/7QOD/+0Dg//tA4P/7QOD/+0Dg//tA4P/7QOD/+0Dg//tA4P/7QOD/+0Dg//tA4P/7QOD/+0Dg//tA4P/7QOD/+0Dg//tA4P/7QOD/+0Dg//tA4P/7QOD/+0Dg//tA4P/7QOD/+0Dg//tA4AD///8A////AP///wD///8A////AP///wD///8A////AP///wD7QOAA+0DgAPtA4P/7QOD/+0Dg//tA4P/7QOAA+0DgAPtA4AD7QOAA+0Dg//tA4P/7QOD/+0Dg//tA4P/7QOD/+0Dg//tA4P/7QOD/+0Dg//tA4P/7QOD/+0Dg//tA4P/7QOD/+0DgAPtA4AD7QOAA+0DgAPtA4P/7QOD/+0Dg//tA4P/7QOD/+0Dg//tA4P/7QOD/+0Dg//tA4P/7QOD/+0Dg//tA4P/7QOD/+0Dg//tA4P/7QOD/+0Dg//tA4P/7QOD/+0Dg//tA4P/7QOD/+0Dg//tA4P/7QOD/+0Dg//tA4P/7QOD/+0Dg//tA4P/7QOD/+0Dg//tA4AD///8A////AP///wD///8A////AP///wD///8A////AP///wD7QOAA+0DgAPtA4P/7QOD/+0Dg//tA4P/7QOAA+0DgAPtA4AD7QOAA+0Dg//tA4P/7QOD/+0Dg//tA4P/7QOD/+0Dg//tA4P/7QOD/+0Dg//tA4P/7QOD/+0Dg//tA4P/7QOD/+0DgAPtA4AD7QOAA+0DgAPtA4P/7QOD/+0Dg//tA4P/7QOD/+0Dg//tA4P/7QOD/+0Dg//tA4P/7QOD/+0Dg//tA4P/7QOD/+0Dg//tA4P/7QOD/+0Dg//tA4P/7QOD/+0Dg//tA4P/7QOD/+0Dg//tA4P/7QOD/+0Dg//tA4P/7QOD/+0Dg//tA4P/7QOD/+0Dg//tA4AD///8A////AP///wD///8A////AP///wD///8A////AP///wD7QOAA+0DgAPtA4P/7QOD/+0Dg//tA4P/7QOAA+0DgAPtA4AD7QOAA+0Dg//tA4P/7QOD/+0Dg//tA4P/7QOD/+0Dg//tA4P/7QOD/+0Dg//tA4P/7QOD/+0Dg//tA4P/7QOD/+0DgAPtA4AD7QOAA+0DgAPtA4P/7QOD/+0Dg//tA4P/7QOD/+0Dg//tA4P/7QOD/+0Dg//tA4P/7QOD/+0Dg//tA4P/7QOD/+0Dg//tA4P/7QOD/+0Dg//tA4P/7QOD/+0Dg//tA4P/7QOD/+0Dg//tA4P/7QOD/+0Dg//tA4P/7QOD/+0Dg//tA4P/7QOD/+0Dg//tA4AD///8A////AP///wD///8A////AP///wD///8A////AP///wD7QOAA+0DgAPtA4P/7QOD/+0Dg//tA4P/7QOAA+0DgAPtA4AD7QOAA+0Dg//tA4P/7QOD/+0Dg//tA4P/7QOD/+0Dg//tA4P/7QOD/+0Dg//tA4P/7QOD/+0Dg//tA4P/7QOD/+0DgAPtA4AD7QOAA+0DgAPtA4P/7QOD/+0Dg//tA4P/7QOD/+0Dg//tA4P/7QOD/+0Dg//tA4P/7QOD/+0Dg//tA4P/7QOD/+0Dg//tA4P/7QOD/+0Dg//tA4P/7QOD/+0Dg//tA4P/7QOD/+0Dg//tA4P/7QOD/+0Dg//tA4P/7QOD/+0Dg//tA4P/7QOD/+0Dg//tA4AD///8A////AP///wD///8A////AP///wD///8A////AP///wD7QOAA+0DgAPtA4P/7QOD/+0Dg//tA4P/7QOAA+0DgAPtA4AD7QOAA+0Dg//tA4P/7QOD/+0Dg//tA4P/7QOD/+0Dg//tA4P/7QOD/+0Dg//tA4P/7QOD/+0Dg//tA4P/7QOD/+0DgAPtA4AD7QOAA+0DgAPtA4P/7QOD/+0Dg//tA4P/7QOD/+0Dg//tA4P/7QOD/+0Dg//tA4P/7QOD/+0Dg//tA4P/7QOD/+0Dg//tA4P/7QOD/+0Dg//tA4P/7QOD/+0Dg//tA4P/7QOD/+0Dg//tA4P/7QOD/+0Dg//tA4P/7QOD/+0Dg//tA4P/7QOD/+0Dg//tA4AD///8A////AP///wD///8A////AP///wD///8A////AP///wD7QOAA+0DgAPtA4P/7QOD/+0Dg//tA4P/7QOAA+0DgAPtA4AD7QOAA+0Dg//tA4P/7QOD/+0Dg//tA4P/7QOD/+0Dg//tA4P/7QOD/+0Dg//tA4P/7QOD/+0Dg//tA4P/7QOD/+0DgAPtA4AD7QOAA+0DgAPtA4P/7QOD/+0Dg//tA4P/7QOD/+0Dg//tA4P/7QOD/+0Dg//tA4P/7QOD/+0Dg//tA4P/7QOD/+0Dg//tA4P/7QOD/+0Dg//tA4P/7QOD/+0Dg//tA4P/7QOD/+0Dg//tA4P/7QOD/+0Dg//tA4P/7QOD/+0Dg//tA4P/7QOD/+0Dg//tA4AD///8A////AP///wD///8A////AP///wD///8A////AP///wD7QOAA+0DgAPtA4P/7QOD/+0Dg//tA4P/7QOAA+0DgAPtA4AD7QOAA+0Dg//tA4P/7QOD/+0Dg//tA4P/7QOD/+0Dg//tA4P/7QOD/+0Dg//tA4P/7QOD/+0Dg//tA4P/7QOD/+0DgAPtA4AD7QOAA+0DgAPtA4P/7QOD/+0Dg//tA4P/7QOD/+0Dg//tA4P/7QOD/+0Dg//tA4P/7QOD/+0Dg//tA4P/7QOD/+0Dg//tA4P/7QOD/+0Dg//tA4P/7QOD/+0Dg//tA4P/7QOD/+0Dg//tA4P/7QOD/+0Dg//tA4P/7QOD/+0Dg//tA4P/7QOD/+0Dg//tA4AD///8A////AP///wD///8A////AP///wD///8A////AP///wD7QOAA+0DgAPtA4P/7QOD/+0Dg//tA4P/7QOAA+0DgAPtA4AD7QOAA+0Dg//tA4P/7QOD/+0Dg//tA4P/7QOD/+0Dg//tA4P/7QOD/+0Dg//tA4P/7QOD/+0Dg//tA4P/7QOD/+0DgAPtA4AD7QOAA+0DgAPtA4P/7QOD/+0Dg//tA4P/7QOD/+0Dg//tA4P/7QOD/+0Dg//tA4P/7QOD/+0Dg//tA4P/7QOD/+0Dg//tA4P/7QOD/+0Dg//tA4P/7QOD/+0Dg//tA4P/7QOD/+0Dg//tA4P/7QOD/+0Dg//tA4P/7QOD/+0Dg//tA4P/7QOD/+0Dg//tA4AD///8A////AP///wD///8A////AP///wD///8A////AP///wD7QOAA+0DgAPtA4P/7QOD/+0Dg//tA4P/7QOAA+0DgAPtA4AD7QOAA+0Dg//tA4P/7QOD/+0Dg//tA4P/7QOD/+0Dg//tA4P/7QOD/+0Dg//tA4P/7QOD/+0Dg//tA4P/7QOD/+0DgAPtA4AD7QOAA+0DgAPtA4P/7QOD/+0Dg//tA4P/7QOD/+0Dg//tA4P/7QOD/+0Dg//tA4P/7QOD/+0Dg//tA4P/7QOD/+0Dg//tA4P/7QOD/+0Dg//tA4P/7QOD/+0Dg//tA4P/7QOD/+0Dg//tA4P/7QOD/+0Dg//tA4P/7QOD/+0Dg//tA4P/7QOD/+0Dg//tA4AD///8A////AP///wD///8A////AP///wD///8A////AP///wD7QOAA+0DgAPtA4P/7QOD/+0Dg//tA4P/7QOAA+0DgAPtA4AD7QOAA+0Dg//tA4P/7QOD/+0Dg//tA4P/7QOD/+0Dg//tA4P/7QOD/+0Dg//tA4P/7QOD/+0Dg//tA4P/7QOD/+0DgAPtA4AD7QOAA+0DgAPtA4P/7QOD/+0Dg//tA4P/7QOD/+0Dg//tA4P/7QOD/+0Dg//tA4P/7QOD/+0Dg//tA4P/7QOD/+0Dg//tA4P/7QOD/+0Dg//tA4P/7QOD/+0Dg//tA4P/7QOD/+0Dg//tA4P/7QOD/+0Dg//tA4P/7QOD/+0Dg//tA4P/7QOD/+0Dg//tA4AD///8A////AP///wD///8A////AP///wD///8A////AP///wD7QOAA+0DgAPtA4P/7QOD/+0Dg//tA4P/7QOAA+0DgAPtA4AD7QOAA+0Dg//tA4P/7QOD/+0Dg//tA4P/7QOD/+0Dg//tA4P/7QOD/+0Dg//tA4P/7QOD/+0Dg//tA4P/7QOD/+0DgAPtA4AD7QOAA+0DgAPtA4P/7QOD/+0Dg//tA4P/7QOD/+0Dg//tA4P/7QOD/+0Dg//tA4P/7QOD/+0Dg//tA4P/7QOD/+0Dg//tA4P/7QOD/+0Dg//tA4P/7QOD/+0Dg//tA4P/7QOD/+0Dg//tA4P/7QOD/+0Dg//tA4P/7QOD/+0Dg//tA4P/7QOD/+0Dg//tA4AD///8A////AP///wD///8A////AP///wD///8A////AP///wD7QOAA+0DgAPtA4P/7QOD/+0Dg//tA4P/7QOAA+0DgAPtA4AD7QOAA+0Dg//tA4P/7QOD/+0Dg//tA4P/7QOD/+0Dg//tA4P/7QOD/+0Dg//tA4P/7QOD/+0Dg//tA4P/7QOD/+0DgAPtA4AD7QOAA+0DgAPtA4P/7QOD/+0Dg//tA4P/7QOD/+0Dg//tA4P/7QOD/+0Dg//tA4P/7QOD/+0Dg//tA4P/7QOD/+0Dg//tA4P/7QOD/+0Dg//tA4P/7QOD/+0Dg//tA4P/7QOD/+0Dg//tA4P/7QOD/+0Dg//tA4P/7QOD/+0Dg//tA4P/7QOD/+0Dg//tA4AD///8A////AP///wD///8A////AP///wD///8A////AP///wD7QOAA+0DgAPtA4P/7QOD/+0Dg//tA4P/7QOAA+0DgAPtA4AD7QOAA+0Dg//tA4P/7QOD/+0Dg//tA4P/7QOD/+0Dg//tA4P/7QOD/+0Dg//tA4P/7QOD/+0Dg//tA4P/7QOD/+0DgAPtA4AD7QOAA+0DgAPtA4P/7QOD/+0Dg//tA4P/7QOD/+0Dg//tA4P/7QOD/+0Dg//tA4P/7QOD/+0Dg//tA4P/7QOD/+0Dg//tA4P/7QOD/+0Dg//tA4P/7QOD/+0Dg//tA4P/7QOD/+0Dg//tA4P/7QOD/+0Dg//tA4P/7QOD/+0Dg//tA4P/7QOD/+0Dg//tA4AD///8A////AP///wD///8A////AP///wD///8A////AP///wD7QOAA+0DgAPtA4P/7QOD/+0Dg//tA4P/7QOAA+0DgAPtA4AD7QOAA+0Dg//tA4P/7QOD/+0Dg//tA4P/7QOD/+0Dg//tA4P/7QOD/+0Dg//tA4P/7QOD/+0Dg//tA4P/7QOD/+0DgAPtA4AD7QOAA+0DgAPtA4P/7QOD/+0Dg//tA4P/7QOD/+0Dg//tA4P/7QOD/+0Dg//tA4P/7QOD/+0Dg//tA4P/7QOD/+0Dg//tA4P/7QOD/+0Dg//tA4P/7QOD/+0Dg//tA4P/7QOD/+0Dg//tA4P/7QOD/+0Dg//tA4P/7QOD/+0Dg//tA4P/7QOD/+0Dg//tA4AD///8A////AP///wD///8A////AP///wD///8A////AP///wD7QOAA+0DgAPtA4P/7QOD/+0Dg//tA4P/7QOAA+0DgAPtA4AD7QOAA+0Dg//tA4P/7QOD/+0Dg//tA4P/7QOD/+0Dg//tA4P/7QOD/+0Dg//tA4P/7QOD/+0Dg//tA4P/7QOD/+0DgAPtA4AD7QOAA+0DgAPtA4P/7QOD/+0Dg//tA4P/7QOD/+0Dg//tA4P/7QOD/+0Dg//tA4P/7QOD/+0Dg//tA4P/7QOD/+0Dg//tA4P/7QOD/+0Dg//tA4P/7QOD/+0Dg//tA4P/7QOD/+0Dg//tA4P/7QOD/+0Dg//tA4P/7QOD/+0Dg//tA4P/7QOD/+0Dg//tA4AD///8A////AP///wD///8A////AP///wD///8A////AP///wD7QOAA+0DgAPtA4P/7QOD/+0Dg//tA4P/7QOAA+0DgAPtA4AD7QOAA+0Dg//tA4P/7QOD/+0Dg//tA4P/7QOD/+0Dg//tA4P/7QOD/+0Dg//tA4P/7QOD/+0Dg//tA4P/7QOD/+0DgAPtA4AD7QOAA+0DgAPtA4P/7QOD/+0Dg//tA4P/7QOD/+0Dg//tA4P/7QOD/+0Dg//tA4P/7QOD/+0Dg//tA4P/7QOD/+0Dg//tA4P/7QOD/+0Dg//tA4P/7QOD/+0Dg//tA4P/7QOD/+0Dg//tA4P/7QOD/+0Dg//tA4P/7QOD/+0Dg//tA4P/7QOD/+0Dg//tA4AD///8A////AP///wD///8A////AP///wD///8A////AP///wD7QOAA+0DgAPtA4P/7QOD/+0Dg//tA4P/7QOAA+0DgAPtA4AD7QOAA+0Dg//tA4P/7QOD/+0Dg//tA4P/7QOD/+0Dg//tA4P/7QOD/+0Dg//tA4P/7QOD/+0Dg//tA4P/7QOD/+0DgAPtA4AD7QOAA+0DgAPtA4P/7QOD/+0Dg//tA4P/7QOD/+0Dg//tA4P/7QOD/+0Dg//tA4P/7QOD/+0Dg//tA4P/7QOD/+0Dg//tA4P/7QOD/+0Dg//tA4P/7QOD/+0Dg//tA4P/7QOD/+0Dg//tA4P/7QOD/+0Dg//tA4P/7QOD/+0Dg//tA4P/7QOD/+0Dg//tA4AD///8A////AP///wD///8A////AP///wD///8A////AP///wD7QOAA+0DgAPtA4P/7QOD/+0Dg//tA4P/7QOAA+0DgAPtA4AD7QOAA+0Dg//tA4P/7QOD/+0Dg//tA4P/7QOD/+0Dg//tA4P/7QOD/+0Dg//tA4P/7QOD/+0Dg//tA4P/7QOD/+0DgAPtA4AD7QOAA+0DgAPtA4CH7QOCF+0Dg5vtA4P/7QOD/+0Dg//tA4P/7QOD/+0Dg//tA4P/7QOD/+0Dg//tA4P/7QOD/+0DgAPtA4AD7QOAA+0DgAPtA4AD7QOAA+0DgAPtA4AD7QOAA+0DgAPtA4AD7QOAA+0DgAPtA4AD7QOAA+0DgAPtA4AD7QOAA+0DgAPtA4AD///8A////AP///wD///8A////AP///wD///8A////AP///wD7QOAA+0DgAPtA4P/7QOD/+0Dg//tA4P/7QOAA+0DgAPtA4AD7QOAA+0Dg//tA4P/7QOD/+0Dg//tA4P/7QOD/+0Dg//tA4P/7QOD/+0Dg//tA4P/7QOD/+0Dg//tA4P/7QOD/+0DgW/tA4An7QOAA+0DgAPtA4AD7QOAA+0DgBftA4FL7QOC4+0Dg/ftA4P/7QOD/+0Dg//tA4P/7QOD/+0Dg//tA4P/7QOD/+0DgAPtA4AD7QOAA+0DgAPtA4AD7QOAA+0DgAPtA4AD7QOAA+0DgAPtA4AD7QOAA+0DgAPtA4AD7QOAA+0DgAPtA4AD7QOAA+0DgAPtA4AD///8A////AP///wD///8A////AP///wD///8A////AP///wD7QOAA+0DgAPtA4P/7QOD/+0Dg//tA4P/7QOAA+0DgAPtA4AD7QOAA+0Dg//tA4P/7QOD/+0Dg//tA4P/7QOD/+0Dg//tA4P/7QOD/+0Dg//tA4P/7QOD/+0Dg//tA4P/7QOD/+0Dg//tA4PD7QOCU+0DgK/tA4AD7QOAA+0DgAPtA4AD7QOAA+0DgIftA4IX7QODm+0Dg//tA4P/7QOD/+0Dg//tA4P/7QOD/+0DgAPtA4AD7QOAA+0DgAPtA4AD7QOAA+0DgAPtA4AD7QOAA+0DgAPtA4AD7QOAA+0DgAPtA4AD7QOAA+0DgAPtA4AD7QOAA+0DgAPtA4AD///8A////AP///wD///8A////AP///wD///8A////AP///wD7QOAA+0DgAPtA4P/7QOD/+0Dg//tA4P/7QOAA+0DgAPtA4AD7QOAA+0Dg//tA4P/7QOD/+0Dg//tA4P/7QOD/+0Dg//tA4P/7QOD/+0Dg//tA4P/7QOD/+0Dg//tA4P/7QOD/+0Dg//tA4P/7QOD/+0Dg//tA4MP7QOBc+0DgCPtA4AD7QOAA+0DgAPtA4AD7QOAF+0DgUvtA4Lj7QOD9+0Dg//tA4P/7QOD/+0DgAPtA4AD7QOAA+0DgAPtA4AD7QOAA+0DgAPtA4AD7QOAA+0DgAPtA4AD7QOAA+0DgAPtA4AD7QOAA+0DgAPtA4AD7QOAA+0DgAPtA4AD///8A////AP///wD///8A////AP///wD///8A////AP///wD7QOAA+0DgAPtA4P/7QOD/+0Dg//tA4P/7QOAA+0DgAPtA4AD7QOAA+0Dg//tA4P/7QOD/+0Dg//tA4P/7QOD/+0Dg//tA4P/7QOD/+0Dg//tA4P/7QOD/+0Dg//tA4P/7QOD/+0Dg//tA4P/7QOD/+0Dg//tA4P/7QOD/+0Dg7ftA4I/7QOAp+0DgAPtA4AD7QOAA+0DgAPtA4AD7QOAh+0DghvtA4Of7QOD/+0DgAPtA4AD7QOAA+0DgAPtA4AD7QOAA+0DgAPtA4AD7QOAA+0DgAPtA4AD7QOAA+0DgAPtA4AD7QOAA+0DgAPtA4AD7QOAA+0DgAPtA4AD///8A////AP///wD///8A////AP///wD///8A////AP///wD7QOAA+0DgAPtA4P/7QOD/+0Dg//tA4P/7QOAA+0DgAPtA4AD7QOAA+0Dg//tA4P/7QOD/+0Dg//tA4P/7QOD/+0Dg//tA4P/7QOD/+0Dg//tA4P/7QOD/+0Dg//tA4P/7QOD/+0Dg//tA4P/7QOD/+0Dg//tA4P/7QOD/+0Dg//tA4P/7QOD/+0DgwvtA4Fz7QOAI+0DgAPtA4AD7QOAA+0DgAPtA4AX7QOBT+0DgAPtA4AD7QOAA+0DgAPtA4AD7QOAA+0DgAPtA4AD7QOAA+0DgAPtA4AD7QOAA+0DgAPtA4AD7QOAA+0DgAPtA4AD7QOAA+0DgAPtA4AD///8A////AP///wD///8A////AP///wD///8A////AP///wD7QOAA+0DgAPtA4P/7QOD/+0Dg//tA4P/7QOAA+0DgAPtA4AD7QOAA+0Dg//tA4P/7QOD/+0Dg//tA4P/7QOD/+0Dg//tA4P/7QOD/+0Dg//tA4P/7QOD/+0Dg//tA4P/7QOD/+0Dg//tA4P/7QOD/+0Dg//tA4P/7QOD/+0Dg//tA4P/7QOD/+0Dg//tA4P/7QODt+0DgjvtA4Cj7QOAA+0DgAPtA4AD7QOAA+0DgAPtA4AD7QOAA+0DgAPtA4AD7QOAA+0DgAPtA4AD7QOAA+0DgAPtA4AD7QOAA+0DgAPtA4AD7QOAA+0DgAPtA4AD7QOAA+0DgAPtA4AD///8A////AP///wD///8A////AP///wD///8A////AP///wD7QOAA+0DgAPtA4P/7QOD/+0Dg//tA4P/7QOAA+0DgAPtA4AD7QOAA+0Dg//tA4P/7QOD/+0Dg//tA4P/7QOD/+0Dg//tA4P/7QOD/+0Dg//tA4P/7QOD/+0Dg//tA4P/7QOD/+0Dg//tA4P/7QOD/+0Dg//tA4P/7QOD/+0Dg//tA4P/7QOD/+0Dg//tA4P/7QOD/+0Dg//tA4P/7QODB+0DgAPtA4AD7QOAA+0DgAPtA4AD7QOAA+0DgAPtA4AD7QOAA+0DgAPtA4AD7QOAA+0DgAPtA4AD7QOAA+0DgAPtA4AD7QOAA+0DgAPtA4AD7QOAA+0DgAPtA4AD///8A////AP///wD///8A////AP///wD///8A////AP///wD7QOAA+0DgAPtA4AD7QOAA+0DgAPtA4AD7QOAA+0DgAPtA4AD7QOAA+0DgAPtA4AD7QOAA+0DgAPtA4AD7QOAA+0DgAPtA4AD7QOAA+0DgAPtA4AD7QOAA+0DgAPtA4AD7QOAA+0DgAPtA4AD7QOAA+0DgAPtA4AD7QOAA+0DgAPtA4AD7QOAA+0DgAPtA4AD7QOAA+0DgAPtA4AD7QOAA+0DgAPtA4AD7QOAA+0DgAPtA4AD7QOAA+0DgAPtA4AD7QOAA+0DgAPtA4AD7QOAA+0DgAPtA4AD7QOAA+0DgAPtA4AD7QOAA+0DgAPtA4AD7QOAA+0DgAPtA4AD///8A////AP///wD///8A////AP///wD///8A////AP///wD7QOAA+0DgAPtA4AD7QOAA+0DgAPtA4AD7QOAA+0DgAPtA4AD7QOAA+0DgAPtA4AD7QOAA+0DgAPtA4AD7QOAA+0DgAPtA4AD7QOAA+0DgAPtA4AD7QOAA+0DgAPtA4AD7QOAA+0DgAPtA4AD7QOAA+0DgAPtA4AD7QOAA+0DgAPtA4AD7QOAA+0DgAPtA4AD7QOAA+0DgAPtA4AD7QOAA+0DgAPtA4AD7QOAA+0DgAPtA4AD7QOAA+0DgAPtA4AD7QOAA+0DgAPtA4AD7QOAA+0DgAPtA4AD7QOAA+0DgAPtA4AD7QOAA+0DgAPtA4AD7QOAA+0DgAPtA4AD///8A////AP///wD///8A////AP///wD///8A////AP///wD7QOAA+0DgAPtA4AD7QOAA+0DgAPtA4AD7QOAA+0DgAPtA4AD7QOAA+0DgAPtA4AD7QOAA+0DgAPtA4AD7QOAA+0DgAPtA4AD7QOAA+0DgAPtA4AD7QOAA+0DgAPtA4AD7QOAA+0DgAPtA4AD7QOAA+0DgAPtA4AD7QOAA+0DgAPtA4AD7QOAA+0DgAPtA4AD7QOAA+0DgAPtA4AD7QOAA+0DgAPtA4AD7QOAA+0DgAPtA4AD7QOAA+0DgAPtA4AD7QOAA+0DgAPtA4AD7QOAA+0DgAPtA4AD7QOAA+0DgAPtA4AD7QOAA+0DgAPtA4AD7QOAA+0DgAPtA4AD///8A////AP///wD///8A////AP///wD///8A////AP///wD7QOAA+0DgAPtA4AD7QOAA+0DgAPtA4AD7QOAA+0DgAPtA4AD7QOAA+0DgAPtA4AD7QOAA+0DgAPtA4AD7QOAA+0DgAPtA4AD7QOAA+0DgAPtA4AD7QOAA+0DgAPtA4AD7QOAA+0DgAPtA4AD7QOAA+0DgAPtA4AD7QOAA+0DgAPtA4AD7QOAA+0DgAPtA4AD7QOAA+0DgAPtA4AD7QOAA+0DgAPtA4AD7QOAA+0DgAPtA4AD7QOAA+0DgAPtA4AD7QOAA+0DgAPtA4AD7QOAA+0DgAPtA4AD7QOAA+0DgAPtA4AD7QOAA+0DgAPtA4AD7QOAA+0DgAPtA4AD///8A////AP///wD///8A////AP///wD///8A////AP///wD7QOAA+0DgAPtA4AD7QOAA+0DgAPtA4AD7QOAA+0DgAPtA4AD7QOAA+0DgAPtA4AD7QOAA+0DgAPtA4AD7QOAA+0DgAPtA4AD7QOAA+0DgAPtA4AD7QOAA+0DgAPtA4AD7QOAA+0DgAPtA4AD7QOAA+0DgAPtA4AD7QOAA+0DgAPtA4AD7QOAA+0DgAPtA4AD7QOAA+0DgAPtA4AD7QOAA+0DgAPtA4AD7QOAA+0DgAPtA4AD7QOAA+0DgAPtA4AD7QOAA+0DgAPtA4AD7QOAA+0DgAPtA4AD7QOAA+0DgAPtA4AD7QOAA+0DgAPtA4AD7QOAA+0DgAPtA4AD///8A////AP///wD///8A////AP///wD///8A////AP///wD7QOAA+0DgAPtA4AD7QOAA+0DgAPtA4AD7QOAA+0DgAPtA4AD7QOAA+0DgAPtA4AD7QOAA+0DgAPtA4AD7QOAA+0DgAPtA4AD7QOAA+0DgAPtA4AD7QOAA+0DgAPtA4AD7QOAA+0DgAPtA4AD7QOAA+0DgAPtA4AD7QOAA+0DgAPtA4AD7QOAA+0DgAPtA4AD7QOAA+0DgAPtA4AD7QOAA+0DgAPtA4AD7QOAA+0DgAPtA4AD7QOAA+0DgAPtA4AD7QOAA+0DgAPtA4AD7QOAA+0DgAPtA4AD7QOAA+0DgAPtA4AD7QOAA+0DgAPtA4AD7QOAA+0DgAPtA4AD///8A////AP///wD///8A////AP///wD///8A////AP///wD7QOAA+0DgAPtA4AD7QOAA+0DgAPtA4AD7QOAA+0DgAPtA4AD7QOAA+0DgAPtA4AD7QOAA+0DgAPtA4AD7QOAA+0DgAPtA4AD7QOAA+0DgAPtA4AD7QOAA+0DgAPtA4AD7QOAA+0DgAPtA4AD7QOAA+0DgAPtA4AD7QOAA+0DgAPtA4AD7QOAA+0DgAPtA4AD7QOAA+0DgAPtA4AD7QOAA+0DgAPtA4AD7QOAA+0DgAPtA4AD7QOAA+0DgAPtA4AD7QOAA+0DgAPtA4AD7QOAA+0DgAPtA4AD7QOAA+0DgAPtA4AD7QOAA+0DgAPtA4AD7QOAA+0DgAPtA4AD///8A////AP///wD///8A////AP///wD///8A////AP///wD7QOAA+0DgAPtA4AD7QOAA+0DgAPtA4AD7QOAA+0DgAPtA4AD7QOAA+0DgAPtA4AD7QOAA+0DgAPtA4AD7QOAA+0DgAPtA4AD7QOAA+0DgAPtA4AD7QOAA+0DgAPtA4AD7QOAA+0DgAPtA4AD7QOAA+0DgAPtA4AD7QOAA+0DgAPtA4AD7QOAA+0DgAPtA4AD7QOAA+0DgAPtA4AD7QOAA+0DgAPtA4AD7QOAA+0DgAPtA4AD7QOAA+0DgAPtA4AD7QOAA+0DgAPtA4AD7QOAA+0DgAPtA4AD7QOAA+0DgAPtA4AD7QOAA+0DgAPtA4AD7QOAA+0DgAPtA4AD///8A////AP///wD///8A////AP///wD///8A////AP///wD///8A////AP///wD///8A////AP///wD///8A////AP///wD///8A////AP///wD///8A////AP///wD///8A////AP///wD///8A////AP///wD///8A////AP///wD///8A////AP///wD///8A////AP///wD///8A////AP///wD///8A////AP///wD///8A////AP///wD///8A////AP///wD///8A////AP///wD///8A////AP///wD///8A////AP///wD///8A////AP///wD///8A////AP///wD///8A////AP///wD///8A////AP///wD///8A////AP///wD///8A////AP///////////wAAAP///////////wAAAPw//////////wAAAPw//////////wAAAPw//////////wAAAPw//////////wAAAPw//////////wAAAPw//////////wAAAPw//////////wAAAPw//////////wAAAPw//////////wAAAPw//////////wAAAPw//////////wAAAPw//////////wAAAPw//////////wAAAPw//////////wAAAPw//////////wAAAPw//////////wAAAPw//////////wAAAPw//////////wAAAPw//////////wAAAPw//////////wAAAPw//////////wAAAPw//////////wAAAPw//////////wAAAPw///+AAAAAPwAAAPw///+AAAAAPwAAAPw///+AAAAAPwAAAPw///+AAAAAPwAAAPw///+AAAAAPwAAAPw///+AAAAAPwAAAPw///+AAAAAPwAAAPw///+AAAAAPwAAAPw8AAeAAAAAPwAAAPw8AAeAAAAAPwAAAPw8AAeAAAAAPwAAAPw8AAeAAAAAPwAAAPw8AAeAAAAAPwAAAPw8AAeAAAAAPwAAAPw8AAeAAAAAPwAAAPw8AAeAAAAAPwAAAPw8AAeAAAAAPwAAAPw8AAeAAAAAPwAAAPw8AAeAAAAAPwAAAPw8AAeAAAAAPwAAAPw8AAeAAAAAPwAAAPw8AAeAAAAAPwAAAPw8AAeAAAAAPwAAAPw8AAeAAAAAPwAAAPw8AAeAAAAAPwAAAPw8AAeAAAAAPwAAAPw8AAeAAAAAPwAAAPw8AAeAAAAAPwAAAPw8AAeAAAAAPwAAAPw8AAeAAAAAPwAAAPw8AAeAAf///wAAAPw8AAHgAf///wAAAPw8AAB8Af///wAAAPw8AAAPAf///wAAAPw8AAAD4f///wAAAPw8AAAAef///wAAAPw8AAAAH////wAAAPw8AAAAD////wAAAP///////////wAAAP///////////wAAAP///////////wAAAP///////////wAAAP///////////wAAAP///////////wAAAP///////////wAAAP///////////wAAAP///////////wAAAA==</Flag>
  </Flags>
  <ToDoViewsRoot>
    <ToDoView Name="IN-BOX" CounterType="3" CounterHierarchy="2" CounterHideIfZero="true">
      <UI ActionFlt="4" UseHierarchy="true">
        <HightlightFormat bold="1" inherit="0" options="0"/>
      </UI>
      <Group/>
      <Sort Srt1="1" Srt2="1" Srt3="1" Srt4="1" Manual="false"/>
      <AdvFlt/>
      <AdvFltParent/>
      <AdvFltChild/>
      <Columns>
        <Column ID="0" Pos="0" Width="927"/>
        <Column ID="4" Pos="4" Width="100"/>
        <Column ID="7" Pos="7" Width="79"/>
        <Column ID="27" Pos="27" Width="22"/>
      </Columns>
      <IcoData Caption="Inbox">AAABAAEAGBgAAAEAIACICQAAFgAAACgAAAAYAAAAMAAAAAEAIAAAAAAAYAkAAAAAAAAAAAAAAAAAAAAAAAD///8A////AP///wD///8A////AP///wD///8A////AP///wD///8A////AP///wD///8A////AP///wD///8A////AP///wD///8A////AP///wD///8A////AP///wD///8A////AP///wD///8A////AP///wD///8A////AP///wD///8A////AP///wD///8A////AP///wD///8A////AP///wD///8A////AP///wD///8A////AP///wD///8A////AP///wBmZWR6ZmVk9WZlZP9mZWT/ZmVk/2ZlZP9mZWT/ZmVk/2ZlZP9mZWT/ZmVk/2ZlZP9mZWT/ZmVk/2ZlZP9mZWT1ZmVkev///wD///8A////AP///wD///8A////AP///wBmZWT4ZmVk/2ZlZP9mZWT/ZmVk/2ZlZP9mZWT/ZmVk/2ZlZP9mZWT/ZmVk/2ZlZP9mZWT/ZmVk/2ZlZP9mZWT/ZmVk+P///wD///8A////AP///wD///8A////AP///wBmZWT/ZmVk/2ZlZP9mZWT/ZmVk/2ZlZP9mZWT/ZmVk/2ZlZP9mZWT/ZmVk/2ZlZP9mZWT/ZmVk/2ZlZP9mZWT/ZmVk/////wD///8A////AP///wD///8A////AP///wBmZWT/ZmVk/2ZlZP9mZWT/ZmVk/2ZlZEL///8A////AP///wD///8A////AGZlZEJmZWT/ZmVk/2ZlZP9mZWT/ZmVk/////wD///8A////AP///wD///8A////AP///wBmZWT/ZmVk/2ZlZP9mZWT/ZmVk/////wD///8A////AP///wD///8A////AP///wBmZWT/ZmVk/2ZlZP9mZWT/ZmVk/////wD///8A////AP///wD///8A////AP///wBmZWT/ZmVk/2ZlZP9mZWT/ZmVk1f///wD///8A////AP///wD///8A////AP///wBmZWTTZmVk/2ZlZP9mZWT/ZmVk/////wD///8A////AP///wD///8A////AP///wBmZWT/ZmVk/////wD///8A////AP///wD///8AZmVkEGZlZB7///8A////AP///wD///8A////AP///wBmZWT/ZmVk/////wD///8A////AP///wD///8A////AP///wBmZWT/ZmVk/////wD///8A////AP///wBmZWQcZmVk2mZlZPRmZWQ+////AP///wD///8A////AP///wBmZWT/ZmVk/////wD///8A////AP///wD///8A////AP///wBmZWT/ZmVk/////wD///8A////AGZlZBxmZWTbZmVk/2ZlZP9mZWT0ZmVkPf///wD///8A////AP///wBmZWT/ZmVk/////wD///8A////AP///wD///8A////AP///wBmZWT/ZmVk/////wD///8AZmVkHWZlZNxmZWT/ZmVk/2ZlZP9mZWT/ZmVk9GZlZD3///8A////AP///wBmZWT/ZmVk/////wD///8A////AP///wD///8A////AP///wBmZWT/ZmVk/////wBmZWQeZmVk3WZlZP9mZWTkZmVk/2ZlZP9mZWTEZmVk/2ZlZPNmZWQ9////AP///wBmZWT/ZmVk/////wD///8A////AP///wD///8A////AP///wBmZWT/ZmVk/////wBmZWTXZmVk/2ZlZORmZWQlZmVk/2ZlZP9mZWQNZmVkxGZlZP9mZWTzZmVkPP///wBmZWT5ZmVk/////wD///8A////AP///wD///8A////AP///wBmZWT/ZmVk/////wBmZWSeZmVk3mZlZCX///8AZmVk/2ZlZP////8AZmVkDmZlZMRmZWT/ZmVk82ZlZDxmZWRJZmVk+f///wD///8A////AP///wD///8A////AP///wBmZWT/ZmVk/////wD///8A////AP///wD///8AZmVk/2ZlZP////8A////AGZlZA5mZWTFZmVk/2ZlZPJmZWQ8ZmVkSf///wD///8A////AP///wD///8A////AP///wBmZWT/ZmVk/2ZlZA3///8A////AP///wD///8AZmVk/2ZlZP////8A////AP///wBmZWQOZmVkxWZlZP9mZWTyZmVkO////wD///8A////AP///wD///8A////AP///wBmZWT4ZmVk/2ZlZP9mZWT/ZmVk/////wD///8AZmVk/2ZlZP////8A////AGZlZPdmZWREZmVkD2ZlZMVmZWT/ZmVk8mZlZDf///8A////AP///wD///8A////AP///wBmZWR7ZmVk9mZlZP9mZWT/ZmVk/////wD///8AZmVk/2ZlZP////8A////AGZlZP9mZWT1ZmVkPWZlZA9mZWTGZmVk/2ZlZJT///8A////AP///wD///8A////AP///wD///8A////AP///wD///8A////AP///wD///8AZmVk/2ZlZP////8A////AP///wD///8A////AP///wBmZWQOZmVkcGZlZA7///8A////AP///wD///8A////AP///wD///8A////AP///wD///8A////AP///wD///8AZmVk/2ZlZP////8A////AP///wD///8A////AP///wD///8A////AP///wD///8A////AP///wD///8A////AP///wD///8A////AP///wD///8A////AP///wD///8AZmVk/2ZlZP////8A////AP///wD///8A////AP///wD///8A////AP///wD///8A////AP///wD///8A////AP///wD///8A////AP///wD///8A////AP///wD///8AZmVkx2ZlZMz///8A////AP///wD///8A////AP///wD///8A////AP///wD///8A////AP///wD///8A////AP///wD///8A////AP///wD///8A////AP///wD///8A////AP///wD///8A////AP///wD///8A////AP///wD///8A////AP///wD///8A////AP///wAAAAAAAAAAAAAAAAAAAAAAAAAAAAAAAAAAAAAAAAAAAAAAAAAAAAAAAAAAAAAAAAAAAAAAAAAAAAAAAAAAAAAAAAAAAAAAAAAAAAAAAAAAAAAAAAAAAAAAAAAAAAAAAAA=</IcoData>
    </ToDoView>
    <ToDoView Name="Inbox" CounterType="3" CounterHierarchy="2" CounterHideIfZero="true">
      <UI ActionFlt="4" UseHierarchy="true">
        <HightlightFormat bold="1" inherit="0" options="0"/>
      </UI>
      <Group/>
      <Sort Srt1="1" Srt2="1" Srt3="1" Srt4="1" Manual="false"/>
      <AdvFlt/>
      <AdvFltParent/>
      <AdvFltChild/>
      <Columns>
        <Column ID="0" Pos="0" Width="927"/>
        <Column ID="4" Pos="4" Width="100"/>
        <Column ID="7" Pos="7" Width="79"/>
        <Column ID="27" Pos="27" Width="22"/>
      </Columns>
      <IcoData Caption="Inbox">AAABAAEAGBgAAAEAIACICQAAFgAAACgAAAAYAAAAMAAAAAEAIAAAAAAAYAkAAAAAAAAAAAAAAAAAAAAAAAD///8A////AP///wD///8A////AP///wD///8A////AP///wD///8A////AP///wD///8A////AP///wD///8A////AP///wD///8A////AP///wD///8A////AP///wD///8A////AP///wD///8A////AP///wD///8A////AP///wD///8A////AP///wD///8A////AP///wD///8A////AP///wD///8A////AP///wD///8A////AP///wD///8A////AP///wBmZWR6ZmVk9WZlZP9mZWT/ZmVk/2ZlZP9mZWT/ZmVk/2ZlZP9mZWT/ZmVk/2ZlZP9mZWT/ZmVk/2ZlZP9mZWT1ZmVkev///wD///8A////AP///wD///8A////AP///wBmZWT4ZmVk/2ZlZP9mZWT/ZmVk/2ZlZP9mZWT/ZmVk/2ZlZP9mZWT/ZmVk/2ZlZP9mZWT/ZmVk/2ZlZP9mZWT/ZmVk+P///wD///8A////AP///wD///8A////AP///wBmZWT/ZmVk/2ZlZP9mZWT/ZmVk/2ZlZP9mZWT/ZmVk/2ZlZP9mZWT/ZmVk/2ZlZP9mZWT/ZmVk/2ZlZP9mZWT/ZmVk/////wD///8A////AP///wD///8A////AP///wBmZWT/ZmVk/2ZlZP9mZWT/ZmVk/2ZlZEL///8A////AP///wD///8A////AGZlZEJmZWT/ZmVk/2ZlZP9mZWT/ZmVk/////wD///8A////AP///wD///8A////AP///wBmZWT/ZmVk/2ZlZP9mZWT/ZmVk/////wD///8A////AP///wD///8A////AP///wBmZWT/ZmVk/2ZlZP9mZWT/ZmVk/////wD///8A////AP///wD///8A////AP///wBmZWT/ZmVk/2ZlZP9mZWT/ZmVk1f///wD///8A////AP///wD///8A////AP///wBmZWTTZmVk/2ZlZP9mZWT/ZmVk/////wD///8A////AP///wD///8A////AP///wBmZWT/ZmVk/////wD///8A////AP///wD///8AZmVkEGZlZB7///8A////AP///wD///8A////AP///wBmZWT/ZmVk/////wD///8A////AP///wD///8A////AP///wBmZWT/ZmVk/////wD///8A////AP///wBmZWQcZmVk2mZlZPRmZWQ+////AP///wD///8A////AP///wBmZWT/ZmVk/////wD///8A////AP///wD///8A////AP///wBmZWT/ZmVk/////wD///8A////AGZlZBxmZWTbZmVk/2ZlZP9mZWT0ZmVkPf///wD///8A////AP///wBmZWT/ZmVk/////wD///8A////AP///wD///8A////AP///wBmZWT/ZmVk/////wD///8AZmVkHWZlZNxmZWT/ZmVk/2ZlZP9mZWT/ZmVk9GZlZD3///8A////AP///wBmZWT/ZmVk/////wD///8A////AP///wD///8A////AP///wBmZWT/ZmVk/////wBmZWQeZmVk3WZlZP9mZWTkZmVk/2ZlZP9mZWTEZmVk/2ZlZPNmZWQ9////AP///wBmZWT/ZmVk/////wD///8A////AP///wD///8A////AP///wBmZWT/ZmVk/////wBmZWTXZmVk/2ZlZORmZWQlZmVk/2ZlZP9mZWQNZmVkxGZlZP9mZWTzZmVkPP///wBmZWT5ZmVk/////wD///8A////AP///wD///8A////AP///wBmZWT/ZmVk/////wBmZWSeZmVk3mZlZCX///8AZmVk/2ZlZP////8AZmVkDmZlZMRmZWT/ZmVk82ZlZDxmZWRJZmVk+f///wD///8A////AP///wD///8A////AP///wBmZWT/ZmVk/////wD///8A////AP///wD///8AZmVk/2ZlZP////8A////AGZlZA5mZWTFZmVk/2ZlZPJmZWQ8ZmVkSf///wD///8A////AP///wD///8A////AP///wBmZWT/ZmVk/2ZlZA3///8A////AP///wD///8AZmVk/2ZlZP////8A////AP///wBmZWQOZmVkxWZlZP9mZWTyZmVkO////wD///8A////AP///wD///8A////AP///wBmZWT4ZmVk/2ZlZP9mZWT/ZmVk/////wD///8AZmVk/2ZlZP////8A////AGZlZPdmZWREZmVkD2ZlZMVmZWT/ZmVk8mZlZDf///8A////AP///wD///8A////AP///wBmZWR7ZmVk9mZlZP9mZWT/ZmVk/////wD///8AZmVk/2ZlZP////8A////AGZlZP9mZWT1ZmVkPWZlZA9mZWTGZmVk/2ZlZJT///8A////AP///wD///8A////AP///wD///8A////AP///wD///8A////AP///wD///8AZmVk/2ZlZP////8A////AP///wD///8A////AP///wBmZWQOZmVkcGZlZA7///8A////AP///wD///8A////AP///wD///8A////AP///wD///8A////AP///wD///8AZmVk/2ZlZP////8A////AP///wD///8A////AP///wD///8A////AP///wD///8A////AP///wD///8A////AP///wD///8A////AP///wD///8A////AP///wD///8AZmVk/2ZlZP////8A////AP///wD///8A////AP///wD///8A////AP///wD///8A////AP///wD///8A////AP///wD///8A////AP///wD///8A////AP///wD///8AZmVkx2ZlZMz///8A////AP///wD///8A////AP///wD///8A////AP///wD///8A////AP///wD///8A////AP///wD///8A////AP///wD///8A////AP///wD///8A////AP///wD///8A////AP///wD///8A////AP///wD///8A////AP///wD///8A////AP///wAAAAAAAAAAAAAAAAAAAAAAAAAAAAAAAAAAAAAAAAAAAAAAAAAAAAAAAAAAAAAAAAAAAAAAAAAAAAAAAAAAAAAAAAAAAAAAAAAAAAAAAAAAAAAAAAAAAAAAAAAAAAAAAAA=</IcoData>
    </ToDoView>
    <ToDoView Name="Starred" CounterType="3" CounterHideIfZero="true">
      <UI ActionFlt="4" UseAdvFlt="true">
        <HightlightFormat bold="1" inherit="0" options="0"/>
      </UI>
      <Group/>
      <Sort Srt1="1" Srt2="1" Srt3="1" Srt4="1" Manual="true"/>
      <AdvFlt>
        <RootRule>
          <Rule Field="Starred" ConditionName="is true" ConditionID="310"/>
        </RootRule>
      </AdvFlt>
      <AdvFltParent/>
      <AdvFltChild/>
      <Columns>
        <Column ID="0" Pos="0" Width="927"/>
        <Column ID="4" Pos="4" Width="100"/>
        <Column ID="7" Pos="7" Width="79"/>
        <Column ID="27" Pos="27" Width="22"/>
      </Columns>
      <IcoData Caption="Starred">AAABAAEAGBgAAAEAIACICQAAFgAAACgAAAAYAAAAMAAAAAEAIAAAAAAAYAkAAAAAAAAAAAAAAAAAAAAAAAD///8A////AP///wD///8A////AP///wD///8A////AP///wD///8A////AP///wD///8A////AP///wD///8A////AP///wD///8A////AP///wD///8A////AP///wD///8A////AP///wD///8A////AP///wD///8A////AP///wD///8A////AP///wD///8A////AP///wD///8A////AP///wD///8A////AP///wD///8A////AP///wD///8A////AP///wD///8AZmVkA2ZlZNtmZWTBZmVkUmZlZAP///8A////AP///wD///8A////AP///wBmZWQEZmVkV2ZlZMdmZWTZ////AP///wD///8A////AP///wD///8A////AP///wD///8AZmVkBGZlZP9mZWT/ZmVk/2ZlZN5mZWRxZmVkDv///wD///8AZmVkEWZlZHZmZWTiZmVk/2ZlZP9mZWT3////AP///wD///8A////AP///wD///8A////AP///wD///8A////AGZlZPNmZWT/ZmVkwGZlZP9mZWT/ZmVk8WZlZJBmZWSVZmVk9GZlZP9mZWT/ZmVkv2ZlZP9mZWTm////AP///wD///8A////AP///wD///8A////AP///wD///8A////AGZlZOBmZWT/ZmVkIGZlZFJmZWS1ZmVk/2ZlZP9mZWT/ZmVk/2ZlZLJmZWRNZmVkKmZlZP9mZWTV////AP///wD///8A////AP///wD///8A////AP///wD///8A////AGZlZM1mZWT/ZmVkM////wD///8AZmVkM2ZlZG9mZWRrZmVkLv///wD///8AZmVkP2ZlZP9mZWTB////AP///wD///8A////AP///wD///8A////AP///wD///8A////AGZlZLpmZWT/ZmVkRf///wD///8A////AP///wD///8A////AP///wD///8AZmVkUWZlZP9mZWSv////AP///wD///8A////AP///wD///8A////AP///wD///8A////AGZlZKZmZWT/ZmVkWv///wD///8A////AP///wD///8A////AP///wD///8AZmVkYmZlZP9mZWSe////AP///wD///8A////AP///wD///8A////AP///wD///8AZmVkAWZlZLlmZWT/ZmVkR////wD///8A////AP///wD///8A////AP///wD///8AZmVkSGZlZP9mZWS4ZmVkAf///wD///8A////AP///wD///8A////AP///wD///8AZmVkh2ZlZP9mZWTcZmVkCv///wD///8A////AP///wD///8A////AP///wD///8AZmVkC2ZlZN1mZWT/ZmVkgv///wD///8A////AP///wD///8A////AP///wBmZWRpZmVk/2ZlZP9mZWQ8////AP///wD///8A////AP///wD///8A////AP///wD///8A////AGZlZEFmZWT/ZmVk/mZlZFv///8A////AP///wD///8A////AGZlZE5mZWT8ZmVk/2ZlZFr///8A////AP///wD///8A////AP///wD///8A////AP///wD///8A////AP///wBmZWSXZmVk/2ZlZPlmZWRC////AP///wD///8AZmVkLWZlZPJmZWT/ZmVkmf///wD///8A////AP///wD///8A////AP///wD///8A////AP///wD///8A////AP///wD///8AZmVknGZlZP9mZWTwZmVkLf///wD///8AZmVk32ZlZP9mZWT/ZmVkwGZlZIRmZWRIZmVkEP///wD///8A////AP///wD///8A////AP///wD///8AZmVkDmZlZEVmZWR/ZmVkvGZlZP9mZWT/ZmVk3v///wD///8AZmVkdWZlZMdmZWT6ZmVk/2ZlZP9mZWT/ZmVk/2ZlZMFmZWQq////AP///wD///8A////AGZlZClmZWTAZmVk/2ZlZP9mZWT/ZmVk/2ZlZPxmZWTQZmVkef///wD///8A////AP///wBmZWQJZmVkQGZlZHtmZWS3ZmVk8GZlZP9mZWThZmVkD////wD///8AZmVkBWZlZNdmZWT/ZmVk8mZlZLtmZWSBZmVkRGZlZA3///8A////AP///wD///8A////AP///wD///8A////AP///wD///8AZmVkAmZlZLRmZWT/ZmVknv///wD///8AZmVkmmZlZP9mZWS+ZmVkA////wD///8A////AP///wD///8A////AP///wD///8A////AP///wD///8A////AP///wD///8A////AGZlZCVmZWT4ZmVk/2ZlZDxmZWQ3ZmVk/2ZlZPtmZWQs////AP///wD///8A////AP///wD///8A////AP///wD///8A////AP///wD///8A////AP///wD///8A////AP///wBmZWSHZmVk/2ZlZLdmZWS1ZmVk/2ZlZIz///8A////AP///wD///8A////AP///wD///8A////AP///wD///8A////AP///wD///8A////AP///wD///8A////AP///wBmZWQMZmVk5GZlZP9mZWT/ZmVk52ZlZA7///8A////AP///wD///8A////AP///wD///8A////AP///wD///8A////AP///wD///8A////AP///wD///8A////AP///wD///8AZmVkVmZlZP9mZWT/ZmVkX////wD///8A////AP///wD///8A////AP///wD///8A////AP///wD///8A////AP///wD///8A////AP///wD///8A////AP///wD///8A////AGZlZLFmZWS4ZmVkAf///wD///8A////AP///wD///8A////AP///wD///8A////AP///wD///8A////AP///wD///8A////AP///wD///8A////AP///wD///8A////AP///wD///8A////AP///wD///8A////AP///wD///8A////AP///wD///8A////AP///wAAAAAAAAAAAAAAAAAAAAAAAAAAAAAAAAAAAAAAAAAAAAAAAAAAAAAAAAAAAAAAAAAAAAAAAAAAAAAAAAAAAAAAAAAAAAAAAAAAAAAAAAAAAAAAAAAAAAAAAAAAAAAAAAA=</IcoData>
    </ToDoView>
    <ToDoView Name="Outline" IsFolder="true">
      <UI ActionFlt="4">
        <HightlightFormat bold="1" inherit="0" options="0"/>
      </UI>
      <Group/>
      <Sort Srt1="1" Srt2="1" Srt3="1" Srt4="1" Manual="false"/>
      <AdvFlt/>
      <AdvFltParent/>
      <AdvFltChild/>
      <Columns>
        <Column ID="0" Pos="0" Width="481"/>
        <Column ID="4" Pos="4" Width="100"/>
        <Column ID="7" Pos="7" Width="79"/>
        <Column ID="27" Pos="27" Width="22"/>
      </Columns>
      <ToDoView Name="All tasks" Visible="false" CounterType="8" CounterHideIfZero="true">
        <UI ActionFlt="4" UseHierarchy="true">
          <HightlightFormat bold="1" inherit="0" options="0"/>
        </UI>
        <Group/>
        <Sort Srt1="1" Srt2="1" Srt3="1" Srt4="1" Manual="false"/>
        <AdvFlt/>
        <AdvFltParent/>
        <AdvFltChild/>
        <Columns>
          <Column ID="0" Pos="0" Width="935"/>
          <Column ID="4" Pos="4" Width="100"/>
          <Column ID="7" Pos="7" Width="79"/>
          <Column ID="27" Pos="27" Width="22"/>
        </Columns>
        <IcoData Caption="All tasks">AAABAAEAGBgAAAEAIACICQAAFgAAACgAAAAYAAAAMAAAAAEAIAAAAAAAYAkAAAAAAAAAAAAAAAAAAAAAAAD///8A////AP///wD///8A////AP///wD///8A////AP///wD///8A////AP///wD///8A////AP///wD///8A////AP///wD///8A////AP///wD///8A////AP///wD///8A////AP///wD///8A////AP///wD///8A////AP///wD///8A////AP///wD///8A////AGZlZANmZWSaZmVkTf///wD///8A////AP///wD///8A////AP///wD///8A////AP///wD///8A////AP///wD///8A////AP///wD///8A////AP///wD///8AZmVkA2ZlZKJmZWT/ZmVk+WZlZE////8A////AP///wD///8A////AP///wD///8A////AP///wD///8A////AGZlZP9mZWT/ZmVk+GZlZP9mZWT/////AP///wBmZWQDZmVkpGZlZP9mZWTUZmVk9WZlZPlmZWRR////AP///wD///8A////AP///wD///8A////AP///wD///8A////AGZlZP9mZWT/ZmVk/2ZlZP9mZWT/////AGZlZANmZWSgZmVk/2ZlZMtmZWQQZmVkQmZlZPVmZWT5ZmVkU////wD///8A////AP///wD///8A////AP///wD///8A////AGZlZP9mZWT/ZmVkB////wD///8A////AGZlZJRmZWT/ZmVkymZlZA////8A////AGZlZEBmZWT1ZmVk+mZlZFT///8A////AP///wD///8A////AP///wD///8A////AGZlZP9mZWT/////AP///wD///8A////AGZlZDNmZWS7ZmVkD////wD///8A////AP///wBmZWQ+ZmVk9GZlZPtmZWRU////AP///wD///8A////AP///wD///8A////AGZlZP9mZWT/////AP///wD///8A////AP///wD///8A////AP///wD///8A////AP///wD///8AZmVkPWZlZPRmZWT7ZmVkVf///wD///8A////AP///wD///8A////AGZlZP9mZWT/////AP///wD///8A////AP///wD///8A////AGZlZANmZWSaZmVkTf///wD///8A////AGZlZD1mZWTzZmVkwWZlZAH///8A////AP///wD///8A////AGZlZP9mZWT/////AP///wD///8A////AP///wD///8AZmVkA2ZlZKJmZWT/ZmVk+WZlZE////8A////AP///wBmZWQzZmVkDf///wD///8A////AP///wD///8A////AGZlZP9mZWT/ZmVk/2ZlZP9mZWT/////AP///wBmZWQDZmVko2ZlZP9mZWTUZmVk9WZlZPlmZWRR////AP///wD///8A////AP///wD///8A////AP///wD///8A////AGZlZP9mZWT/ZmVk/2ZlZP9mZWT/////AGZlZANmZWSgZmVk/2ZlZMtmZWQQZmVkQmZlZPVmZWT5ZmVkU////wD///8A////AP///wD///8A////AP///wD///8A////AGZlZP9mZWT/////AP///wD///8A////AGZlZJRmZWT/ZmVkymZlZA////8A////AGZlZEBmZWT1ZmVk+WZlZFP///8A////AP///wD///8A////AP///wD///8A////AGZlZP9mZWT/////AP///wD///8A////AGZlZDNmZWS7ZmVkD////wD///8A////AP///wBmZWQ/ZmVk9WZlZPpmZWRU////AP///wD///8A////AP///wD///8A////AGZlZAFmZWQ0////AP///wD///8A////AP///wD///8A////AP///wD///8A////AP///wD///8AZmVkPmZlZPRmZWT7ZmVkVf///wD///8A////AP///wD///8AZmVkAWZlZJlmZWT7ZmVkVf///wD///8A////AP///wD///8A////AP///wD///8A////AP///wD///8A////AGZlZD1mZWTzZmVkwWZlZAH///8A////AP///wBmZWQBZmVkm2ZlZP9mZWT/ZmVk/GZlZFf///8A////AP///wD///8A////AP///wD///8A////AP///wD///8A////AP///wBmZWQzZmVkDf///wD///8A////AGZlZAFmZWSaZmVk/2ZlZNBmZWRRZmVk8mZlZPxmZWRY////AP///wD///8A////AP///wD///8A////AP///wD///8A////AP///wD///8A////AP///wD///8AZmVkAWZlZJlmZWT/ZmVkz2ZlZBT///8AZmVkO2ZlZPFmZWT8ZmVkWf///wD///8A////AP///wD///8A////AP///wD///8A////AP///wD///8A////AP///wD///8AZmVkIGZlZOpmZWTOZmVkE////wD///8A////AGZlZDpmZWTwZmVk/GZlZFv///8A////AP///wD///8A////AP///wD///8A////AP///wD///8A////AP///wD///8A////AGZlZCpmZWQV////AP///wD///8A////AP///wBmZWQ5ZmVk8GZlZPxmZWRd////AP///wD///8A////AP///wD///8A////AP///wD///8A////AP///wD///8A////AP///wD///8A////AP///wD///8A////AP///wD///8AZmVkOGZlZPBmZWT8ZmVkT////wD///8A////AP///wD///8A////AP///wD///8A////AP///wD///8A////AP///wD///8A////AP///wD///8A////AP///wD///8A////AGZlZDZmZWS8ZmVkEP///wD///8A////AP///wD///8A////AP///wD///8A////AP///wD///8A////AP///wD///8A////AP///wD///8A////AP///wD///8A////AP///wD///8A////AP///wD///8A////AP///wD///8A////AP///wD///8A////AP///wAAAAAAAAAAAAAAAAAAAAAAAAAAAAAAAAAAAAAAAAAAAAAAAAAAAAAAAAAAAAAAAAAAAAAAAAAAAAAAAAAAAAAAAAAAAAAAAAAAAAAAAAAAAAAAAAAAAAAAAAAAAAAAAAA=</IcoData>
      </ToDoView>
      <ToDoView Name="All tasks-main" CounterType="8" CounterHideIfZero="true">
        <UI ActionFlt="4" UseHierarchy="true" HideCompleted="0.333333333333333">
          <HightlightFormat bold="1" inherit="0" options="0"/>
        </UI>
        <Group/>
        <Sort Srt1="1" Srt2="1" Srt3="1" Srt4="1" Manual="true"/>
        <AdvFlt/>
        <AdvFltParent/>
        <AdvFltChild/>
        <Columns>
          <Column ID="0" Pos="0" Width="393"/>
          <Column ID="2" Pos="1" Width="120"/>
          <Column ID="17" Pos="2" Width="100"/>
          <Column ID="14" Pos="3" Width="98"/>
          <Column ID="15" Pos="4" Width="66"/>
          <Column ID="3" Pos="5" Width="100"/>
          <Column ID="4" Pos="6" Width="100"/>
          <Column ID="7" Pos="9" Width="79"/>
          <Column ID="27" Pos="27" Width="22"/>
        </Columns>
        <IcoData Caption="All tasks">AAABAAEAGBgAAAEAIACICQAAFgAAACgAAAAYAAAAMAAAAAEAIAAAAAAAYAkAAAAAAAAAAAAAAAAAAAAAAAD///8A////AP///wD///8A////AP///wD///8A////AP///wD///8A////AP///wD///8A////AP///wD///8A////AP///wD///8A////AP///wD///8A////AP///wD///8A////AP///wD///8A////AP///wD///8A////AP///wD///8A////AP///wD///8A////AGZlZANmZWSaZmVkTf///wD///8A////AP///wD///8A////AP///wD///8A////AP///wD///8A////AP///wD///8A////AP///wD///8A////AP///wD///8AZmVkA2ZlZKJmZWT/ZmVk+WZlZE////8A////AP///wD///8A////AP///wD///8A////AP///wD///8A////AGZlZP9mZWT/ZmVk+GZlZP9mZWT/////AP///wBmZWQDZmVkpGZlZP9mZWTUZmVk9WZlZPlmZWRR////AP///wD///8A////AP///wD///8A////AP///wD///8A////AGZlZP9mZWT/ZmVk/2ZlZP9mZWT/////AGZlZANmZWSgZmVk/2ZlZMtmZWQQZmVkQmZlZPVmZWT5ZmVkU////wD///8A////AP///wD///8A////AP///wD///8A////AGZlZP9mZWT/ZmVkB////wD///8A////AGZlZJRmZWT/ZmVkymZlZA////8A////AGZlZEBmZWT1ZmVk+mZlZFT///8A////AP///wD///8A////AP///wD///8A////AGZlZP9mZWT/////AP///wD///8A////AGZlZDNmZWS7ZmVkD////wD///8A////AP///wBmZWQ+ZmVk9GZlZPtmZWRU////AP///wD///8A////AP///wD///8A////AGZlZP9mZWT/////AP///wD///8A////AP///wD///8A////AP///wD///8A////AP///wD///8AZmVkPWZlZPRmZWT7ZmVkVf///wD///8A////AP///wD///8A////AGZlZP9mZWT/////AP///wD///8A////AP///wD///8A////AGZlZANmZWSaZmVkTf///wD///8A////AGZlZD1mZWTzZmVkwWZlZAH///8A////AP///wD///8A////AGZlZP9mZWT/////AP///wD///8A////AP///wD///8AZmVkA2ZlZKJmZWT/ZmVk+WZlZE////8A////AP///wBmZWQzZmVkDf///wD///8A////AP///wD///8A////AGZlZP9mZWT/ZmVk/2ZlZP9mZWT/////AP///wBmZWQDZmVko2ZlZP9mZWTUZmVk9WZlZPlmZWRR////AP///wD///8A////AP///wD///8A////AP///wD///8A////AGZlZP9mZWT/ZmVk/2ZlZP9mZWT/////AGZlZANmZWSgZmVk/2ZlZMtmZWQQZmVkQmZlZPVmZWT5ZmVkU////wD///8A////AP///wD///8A////AP///wD///8A////AGZlZP9mZWT/////AP///wD///8A////AGZlZJRmZWT/ZmVkymZlZA////8A////AGZlZEBmZWT1ZmVk+WZlZFP///8A////AP///wD///8A////AP///wD///8A////AGZlZP9mZWT/////AP///wD///8A////AGZlZDNmZWS7ZmVkD////wD///8A////AP///wBmZWQ/ZmVk9WZlZPpmZWRU////AP///wD///8A////AP///wD///8A////AGZlZAFmZWQ0////AP///wD///8A////AP///wD///8A////AP///wD///8A////AP///wD///8AZmVkPmZlZPRmZWT7ZmVkVf///wD///8A////AP///wD///8AZmVkAWZlZJlmZWT7ZmVkVf///wD///8A////AP///wD///8A////AP///wD///8A////AP///wD///8A////AGZlZD1mZWTzZmVkwWZlZAH///8A////AP///wBmZWQBZmVkm2ZlZP9mZWT/ZmVk/GZlZFf///8A////AP///wD///8A////AP///wD///8A////AP///wD///8A////AP///wBmZWQzZmVkDf///wD///8A////AGZlZAFmZWSaZmVk/2ZlZNBmZWRRZmVk8mZlZPxmZWRY////AP///wD///8A////AP///wD///8A////AP///wD///8A////AP///wD///8A////AP///wD///8AZmVkAWZlZJlmZWT/ZmVkz2ZlZBT///8AZmVkO2ZlZPFmZWT8ZmVkWf///wD///8A////AP///wD///8A////AP///wD///8A////AP///wD///8A////AP///wD///8AZmVkIGZlZOpmZWTOZmVkE////wD///8A////AGZlZDpmZWTwZmVk/GZlZFv///8A////AP///wD///8A////AP///wD///8A////AP///wD///8A////AP///wD///8A////AGZlZCpmZWQV////AP///wD///8A////AP///wBmZWQ5ZmVk8GZlZPxmZWRd////AP///wD///8A////AP///wD///8A////AP///wD///8A////AP///wD///8A////AP///wD///8A////AP///wD///8A////AP///wD///8AZmVkOGZlZPBmZWT8ZmVkT////wD///8A////AP///wD///8A////AP///wD///8A////AP///wD///8A////AP///wD///8A////AP///wD///8A////AP///wD///8A////AGZlZDZmZWS8ZmVkEP///wD///8A////AP///wD///8A////AP///wD///8A////AP///wD///8A////AP///wD///8A////AP///wD///8A////AP///wD///8A////AP///wD///8A////AP///wD///8A////AP///wD///8A////AP///wD///8A////AP///wAAAAAAAAAAAAAAAAAAAAAAAAAAAAAAAAAAAAAAAAAAAAAAAAAAAAAAAAAAAAAAAAAAAAAAAAAAAAAAAAAAAAAAAAAAAAAAAAAAAAAAAAAAAAAAAAAAAAAAAAAAAAAAAAA=</IcoData>
      </ToDoView>
      <ToDoView Name="All tasks-byContext" CounterType="8" CounterHideIfZero="true">
        <UI ActionFlt="4" UseHierarchy="true" HideCompleted="0.333333333333333">
          <HightlightFormat bold="1" inherit="0" options="0"/>
        </UI>
        <Group>
          <Grp1 GroupBy="2" Exp="false"/>
          <Grp3 GroupBy="0"/>
          <Grp4 GroupBy="0"/>
        </Group>
        <Sort Srt1="8" Srt2="1" Srt3="1" Srt4="1" Manual="true"/>
        <AdvFlt/>
        <AdvFltParent/>
        <AdvFltChild/>
        <Columns>
          <Column ID="0" Pos="0" Width="469"/>
          <Column ID="17" Pos="2" Width="100"/>
          <Column ID="14" Pos="3" Width="98"/>
          <Column ID="15" Pos="4" Width="66"/>
          <Column ID="3" Pos="5" Width="100"/>
          <Column ID="4" Pos="6" Width="111"/>
          <Column ID="7" Pos="8" Width="79"/>
          <Column ID="27" Pos="27" Width="22"/>
        </Columns>
        <IcoData Caption="All tasks">AAABAAEAGBgAAAEAIACICQAAFgAAACgAAAAYAAAAMAAAAAEAIAAAAAAAYAkAAAAAAAAAAAAAAAAAAAAAAAD///8A////AP///wD///8A////AP///wD///8A////AP///wD///8A////AP///wD///8A////AP///wD///8A////AP///wD///8A////AP///wD///8A////AP///wD///8A////AP///wD///8A////AP///wD///8A////AP///wD///8A////AP///wD///8A////AGZlZANmZWSaZmVkTf///wD///8A////AP///wD///8A////AP///wD///8A////AP///wD///8A////AP///wD///8A////AP///wD///8A////AP///wD///8AZmVkA2ZlZKJmZWT/ZmVk+WZlZE////8A////AP///wD///8A////AP///wD///8A////AP///wD///8A////AGZlZP9mZWT/ZmVk+GZlZP9mZWT/////AP///wBmZWQDZmVkpGZlZP9mZWTUZmVk9WZlZPlmZWRR////AP///wD///8A////AP///wD///8A////AP///wD///8A////AGZlZP9mZWT/ZmVk/2ZlZP9mZWT/////AGZlZANmZWSgZmVk/2ZlZMtmZWQQZmVkQmZlZPVmZWT5ZmVkU////wD///8A////AP///wD///8A////AP///wD///8A////AGZlZP9mZWT/ZmVkB////wD///8A////AGZlZJRmZWT/ZmVkymZlZA////8A////AGZlZEBmZWT1ZmVk+mZlZFT///8A////AP///wD///8A////AP///wD///8A////AGZlZP9mZWT/////AP///wD///8A////AGZlZDNmZWS7ZmVkD////wD///8A////AP///wBmZWQ+ZmVk9GZlZPtmZWRU////AP///wD///8A////AP///wD///8A////AGZlZP9mZWT/////AP///wD///8A////AP///wD///8A////AP///wD///8A////AP///wD///8AZmVkPWZlZPRmZWT7ZmVkVf///wD///8A////AP///wD///8A////AGZlZP9mZWT/////AP///wD///8A////AP///wD///8A////AGZlZANmZWSaZmVkTf///wD///8A////AGZlZD1mZWTzZmVkwWZlZAH///8A////AP///wD///8A////AGZlZP9mZWT/////AP///wD///8A////AP///wD///8AZmVkA2ZlZKJmZWT/ZmVk+WZlZE////8A////AP///wBmZWQzZmVkDf///wD///8A////AP///wD///8A////AGZlZP9mZWT/ZmVk/2ZlZP9mZWT/////AP///wBmZWQDZmVko2ZlZP9mZWTUZmVk9WZlZPlmZWRR////AP///wD///8A////AP///wD///8A////AP///wD///8A////AGZlZP9mZWT/ZmVk/2ZlZP9mZWT/////AGZlZANmZWSgZmVk/2ZlZMtmZWQQZmVkQmZlZPVmZWT5ZmVkU////wD///8A////AP///wD///8A////AP///wD///8A////AGZlZP9mZWT/////AP///wD///8A////AGZlZJRmZWT/ZmVkymZlZA////8A////AGZlZEBmZWT1ZmVk+WZlZFP///8A////AP///wD///8A////AP///wD///8A////AGZlZP9mZWT/////AP///wD///8A////AGZlZDNmZWS7ZmVkD////wD///8A////AP///wBmZWQ/ZmVk9WZlZPpmZWRU////AP///wD///8A////AP///wD///8A////AGZlZAFmZWQ0////AP///wD///8A////AP///wD///8A////AP///wD///8A////AP///wD///8AZmVkPmZlZPRmZWT7ZmVkVf///wD///8A////AP///wD///8AZmVkAWZlZJlmZWT7ZmVkVf///wD///8A////AP///wD///8A////AP///wD///8A////AP///wD///8A////AGZlZD1mZWTzZmVkwWZlZAH///8A////AP///wBmZWQBZmVkm2ZlZP9mZWT/ZmVk/GZlZFf///8A////AP///wD///8A////AP///wD///8A////AP///wD///8A////AP///wBmZWQzZmVkDf///wD///8A////AGZlZAFmZWSaZmVk/2ZlZNBmZWRRZmVk8mZlZPxmZWRY////AP///wD///8A////AP///wD///8A////AP///wD///8A////AP///wD///8A////AP///wD///8AZmVkAWZlZJlmZWT/ZmVkz2ZlZBT///8AZmVkO2ZlZPFmZWT8ZmVkWf///wD///8A////AP///wD///8A////AP///wD///8A////AP///wD///8A////AP///wD///8AZmVkIGZlZOpmZWTOZmVkE////wD///8A////AGZlZDpmZWTwZmVk/GZlZFv///8A////AP///wD///8A////AP///wD///8A////AP///wD///8A////AP///wD///8A////AGZlZCpmZWQV////AP///wD///8A////AP///wBmZWQ5ZmVk8GZlZPxmZWRd////AP///wD///8A////AP///wD///8A////AP///wD///8A////AP///wD///8A////AP///wD///8A////AP///wD///8A////AP///wD///8AZmVkOGZlZPBmZWT8ZmVkT////wD///8A////AP///wD///8A////AP///wD///8A////AP///wD///8A////AP///wD///8A////AP///wD///8A////AP///wD///8A////AGZlZDZmZWS8ZmVkEP///wD///8A////AP///wD///8A////AP///wD///8A////AP///wD///8A////AP///wD///8A////AP///wD///8A////AP///wD///8A////AP///wD///8A////AP///wD///8A////AP///wD///8A////AP///wD///8A////AP///wAAAAAAAAAAAAAAAAAAAAAAAAAAAAAAAAAAAAAAAAAAAAAAAAAAAAAAAAAAAAAAAAAAAAAAAAAAAAAAAAAAAAAAAAAAAAAAAAAAAAAAAAAAAAAAAAAAAAAAAAAAAAAAAAA=</IcoData>
      </ToDoView>
      <ToDoView Name="Projects" CounterType="3">
        <UI ActionFlt="4" UseAdvFlt="true" UseHierarchy="true" IncludeParents="false" IncludeChild="true" ProcessInclBranch="true">
          <HightlightFormat bold="1" inherit="0" options="0"/>
        </UI>
        <Group ShowGroupName="false">
          <Grp1 GroupBy="7"/>
        </Group>
        <Sort Srt1="1" Srt2="1" Srt3="1" Srt4="1" Manual="true"/>
        <AdvFlt>
          <RootRule>
            <Rule Field="IsProject" ConditionName="is true" ConditionID="310"/>
          </RootRule>
        </AdvFlt>
        <AdvFltParent/>
        <AdvFltChild/>
        <Columns>
          <Column ID="0" Pos="0" Width="571"/>
          <Column ID="17" Pos="2" Width="100"/>
          <Column ID="14" Pos="3" Width="98"/>
          <Column ID="15" Pos="4" Width="66"/>
          <Column ID="3" Pos="5" Width="100"/>
          <Column ID="4" Pos="6" Width="100"/>
          <Column ID="7" Pos="7" Width="79"/>
          <Column ID="27" Pos="27" Width="22"/>
        </Columns>
        <IcoData Caption="Projects">AAABAAEAGBgAAAEAIACICQAAFgAAACgAAAAYAAAAMAAAAAEAIAAAAAAAYAkAAAAAAAAAAAAAAAAAAAAAAAD///8A////AP///wD///8A////AP///wD///8A////AP///wD///8A////AP///wD///8A////AP///wD///8A////AP///wD///8A////AP///wD///8A////AP///wD///8A////AP///wD///8A////AP///wD///8A////AP///wD///8A////AP///wD///8A////AP///wD///8A////AP///wD///8A////AP///wD///8A////AP///wD///8A////AP///wD///8A////AP///wD///8A////AP///wD///8A////AP///wD///8A////AP///wD///8A////AP///wD///8A////AP///wD///8A////AP///wD///8A////AP///wD///8A////AP///wD///8A////AP///wD///8A////AP///wD///8A////AP///wD///8A////AP///wD///8A////AP///wD///8A////AP///wD///8A////AP///wD///8A////AP///wD///8A////AP///wD///8A////AP///wD///8A////AP///wD///8A////AP///wD///8A////AP///wD///8A////AP///wD///8A////AP///wD///8A////AP///wD///8A////AP///wD///8A////AP///wD///8A////AP///wD///8A////AP///wD///8A////AP///wD///8A////AP///wD///8A////AGZlZAZmZWSRZmVk7mZlZP9mZWT/ZmVk/2ZlZP9mZWT/ZmVk/2ZlZP9mZWT/ZmVk/2ZlZP9mZWT/ZmVk/2ZlZP9mZWT/ZmVk/2ZlZP9mZWT/ZmVk/////wD///8A////AGZlZJBmZWT/ZmVk/2ZlZP9mZWT/ZmVk/2ZlZP9mZWT/ZmVk/2ZlZP9mZWT/ZmVk/2ZlZP9mZWT/ZmVk/2ZlZP9mZWT/ZmVk/2ZlZP9mZWT/ZmVk/////wD///8A////AGZlZO1mZWT/ZmVk0GZlZBhmZWRVZmVk/2ZlZOdmZWQO////AGZlZLxmZWT/ZmVkkf///wBmZWQoZmVk/2ZlZP////8A////AP///wD///8A////AP///wD///8A////AGZlZP9mZWT/ZmVk52ZlZAxmZWQBZmVkwmZlZP9mZWSK////AGZlZCxmZWT7ZmVk+mZlZCj///8AZmVk/2ZlZP////8A////AP///wD///8A////AP///wD///8A////AGZlZP9mZWT/ZmVk/2ZlZIL///8AZmVkMmZlZP1mZWT4ZmVkJf///wBmZWSWZmVk/2ZlZLf///8AZmVk/2ZlZP////8A////AP///wD///8A////AP///wD///8A////AGZlZP9mZWT/ZmVk/mZlZPdmZWQf////AGZlZJtmZWT/ZmVkr////wBmZWQTZmVk72ZlZP9mZWRKZmVk/2ZlZP////8A////AP///wD///8A////AP///wD///8A////AGZlZP9mZWT/ZmVkomZlZP9mZWSq////AGZlZBhmZWTxZmVk/2ZlZET///8AZmVkbmZlZP9mZWTXZmVk/2ZlZP////8A////AP///wD///8A////AP///wD///8A////AGZlZP9mZWT/ZmVkG2ZlZPNmZWT/ZmVkPf///wBmZWR1ZmVk/2ZlZNNmZWQEZmVkBWZlZNdmZWT/ZmVk/2ZlZP////8A////AP///wD///8A////AP///wD///8A////AGZlZP9mZWT/ZmVkGWZlZH1mZWT/ZmVkzWZlZAJmZWQHZmVk22ZlZP9mZWRp////AGZlZElmZWT/ZmVk/2ZlZP////8A////AP///wD///8A////AP///wD///8A////AGZlZO1mZWT/ZmVktmZlZCBmZWTgZmVk/2ZlZGT///8AZmVkUGZlZP9mZWTsZmVkEP///wBmZWS1ZmVk/2ZlZP////8A////AP///wD///8A////AP///wD///8A////AGZlZJBmZWT/ZmVk/2ZlZP9mZWT/ZmVk/2ZlZP9mZWT/ZmVk/2ZlZP9mZWT/ZmVk/2ZlZP9mZWT/ZmVk/2ZlZP9mZWT/ZmVk/2ZlZP9mZWT/ZmVk/////wD///8A////AGZlZAZmZWSRZmVk7WZlZP9mZWT/ZmVk/2ZlZP9mZWT/ZmVk/2ZlZP9mZWT/ZmVk/2ZlZP9mZWT/ZmVk/2ZlZP9mZWT/ZmVk/2ZlZP9mZWT/ZmVk/////wD///8A////AP///wD///8A////AP///wD///8A////AP///wD///8A////AP///wD///8A////AP///wD///8A////AP///wD///8A////AP///wD///8A////AP///wD///8A////AP///wD///8A////AP///wD///8A////AP///wD///8A////AP///wD///8A////AP///wD///8A////AP///wD///8A////AP///wD///8A////AP///wD///8A////AP///wD///8A////AP///wD///8A////AP///wD///8A////AP///wD///8A////AP///wD///8A////AP///wD///8A////AP///wD///8A////AP///wD///8A////AP///wD///8A////AP///wD///8A////AP///wD///8A////AP///wD///8A////AP///wD///8A////AP///wD///8A////AP///wD///8A////AP///wD///8A////AP///wD///8A////AP///wD///8A////AP///wD///8A////AP///wD///8A////AP///wD///8A////AP///wD///8A////AP///wD///8A////AP///wD///8A////AP///wD///8A////AP///wD///8A////AP///wD///8A////AP///wD///8A////AP///wD///8A////AP///wD///8A////AP///wD///8A////AP///wAAAAAAAAAAAAAAAAAAAAAAAAAAAAAAAAAAAAAAAAAAAAAAAAAAAAAAAAAAAAAAAAAAAAAAAAAAAAAAAAAAAAAAAAAAAAAAAAAAAAAAAAAAAAAAAAAAAAAAAAAAAAAAAAA=</IcoData>
      </ToDoView>
      <ToDoView Name="Goals">
        <UI ActionFlt="4" UseAdvFlt="true" UseHierarchy="true" IncludeParents="false" IncludeChild="true" ProcessInclBranch="true">
          <HightlightFormat bold="1" inherit="0" options="0"/>
        </UI>
        <Group ShowGroupName="false">
          <Grp1 GroupBy="4"/>
        </Group>
        <Sort Srt1="1" Srt2="1" Srt3="1" Srt4="1" Manual="false"/>
        <AdvFlt>
          <RootRule>
            <Rule Field="GoalMaster" ConditionName="&lt;&gt;" DataValue="None" DataType="Integer" ConditionID="702"/>
          </RootRule>
        </AdvFlt>
        <AdvFltParent/>
        <AdvFltChild/>
        <Columns>
          <Column ID="0" Pos="0" Width="886"/>
          <Column ID="4" Pos="4" Width="100"/>
          <Column ID="7" Pos="7" Width="79"/>
          <Column ID="27" Pos="27" Width="22"/>
        </Columns>
        <IcoData Caption="Goals">AAABAAEAGBgAAAEAIACICQAAFgAAACgAAAAYAAAAMAAAAAEAIAAAAAAAYAkAAAAAAAAAAAAAAAAAAAAAAAD///8A////AP///wD///8A////AP///wD///8A////AP///wD///8A////AP///wD///8A////AP///wD///8A////AP///wD///8A////AP///wD///8A////AP///wD///8A////AP///wD///8A////AP///wD///8A////AP///wD///8A////AP///wD///8A////AP///wD///8A////AP///wD///8A////AP///wD///8A////AP///wD///8A////AP///wD///8A////AP///wD///8A////AGZlZDBmZWSMZmVkx2ZlZORmZWT3ZmVk5GZlZMdmZWSMZmVkMP///wD///8A////AP///wD///8A////AP///wD///8A////AP///wD///8A////AP///wBmZWQiZmVkrWZlZP5mZWT/ZmVk/2ZlZP9mZWT/ZmVk/2ZlZP9mZWT/ZmVk/mZlZKxmZWQi////AP///wD///8A////AP///wD///8A////AP///wD///8A////AGZlZEhmZWTwZmVk/2ZlZPNmZWSOZmVkQGZlZBX///8AZmVkFWZlZEFmZWSOZmVk82ZlZP9mZWTvZmVkR////wD///8A////AP///wD///8A////AP///wD///8AZmVkTmZlZPxmZWT/ZmVkomZlZBj///8A////AP///wD///8A////AP///wD///8AZmVkGWZlZKVmZWT/ZmVk/GZlZE7///8A////AP///wD///8A////AP///wBmZWQlZmVk82ZlZP9mZWR/////AP///wBmZWQ+ZmVkqWZlZOVmZWT7ZmVk5WZlZKhmZWQ9////AP///wBmZWSAZmVk/2ZlZPNmZWQm////AP///wD///8A////AP///wBmZWSuZmVk/2ZlZKL///8AZmVkBWZlZJdmZWT/ZmVk/2ZlZP9mZWT/ZmVk/2ZlZP9mZWT/ZmVklWZlZAP///8AZmVko2ZlZP9mZWS3////AP///wD///8A////AGZlZDJmZWT/ZmVk72ZlZBH///8AZmVklGZlZP9mZWT1ZmVkfWZlZCJmZWQFZmVkI2ZlZH5mZWT2ZmVk/2ZlZJT///8AZmVkE2ZlZO9mZWT/ZmVkM////wD///8A////AGZlZI5mZWT/ZmVkj////wBmZWQ8ZmVk/2ZlZPVmZWQ5////AP///wD///8A////AP///wBmZWQ5ZmVk9WZlZP9mZWQ6////AGZlZJJmZWT/ZmVkjP///wD///8A////AGZlZMxmZWT/ZmVkQv///wBmZWSnZmVk/2ZlZH7///8AZmVkIGZlZMBmZWT3ZmVku2ZlZB////8AZmVkfWZlZP9mZWSl////AGZlZENmZWT/ZmVkyP///wD///8A////AGZlZPBmZWT/ZmVkFv///wBmZWToZmVk/2ZlZCH///8AZmVkwGZlZP9mZWT/ZmVk/2ZlZL////8AZmVkImZlZP9mZWTm////AGZlZBdmZWT/ZmVk5f///wD///8A////AGZlZP9mZWT/ZmVkAv///wBmZWT/ZmVk/2ZlZAT///8AZmVk/WZlZP9mZWT/ZmVk/2ZlZPn///8AZmVkBmZlZP9mZWT9////AGZlZARmZWT/ZmVk/P///wD///8A////AGZlZPFmZWT/ZmVkFv///wBmZWToZmVk/2ZlZCH///8AZmVkwmZlZP9mZWT/ZmVk/2ZlZMD///8AZmVkImZlZP9mZWTm////AGZlZBdmZWT/ZmVk7v///wD///8A////AGZlZMxmZWT/ZmVkQf///wBmZWSnZmVk/2ZlZH3///8AZmVkIGZlZMBmZWT4ZmVku2ZlZCD///8AZmVkfGZlZP9mZWSl////AGZlZEJmZWT/ZmVky////wD///8A////AGZlZI5mZWT/ZmVkj////wBmZWQ8ZmVk/2ZlZPVmZWQ5////AP///wD///8A////AP///wBmZWQ5ZmVk9WZlZP9mZWQ7////AGZlZJFmZWT/ZmVkjf///wD///8A////AGZlZDNmZWT/ZmVk72ZlZBD///8AZmVklWZlZP9mZWT1ZmVkfWZlZCJmZWQEZmVkImZlZH1mZWT1ZmVk/2ZlZJT///8AZmVkEmZlZO9mZWT/ZmVkNP///wD///8A////AP///wBmZWSvZmVk/2ZlZKH///8AZmVkBWZlZJdmZWT/ZmVk/2ZlZP9mZWT/ZmVk/2ZlZP9mZWT/ZmVklmZlZAT///8AZmVkomZlZP9mZWS3////AP///wD///8A////AP///wBmZWQlZmVk9GZlZP9mZWR+////AP///wBmZWQ/ZmVkqWZlZOZmZWT9ZmVk5mZlZKlmZWQ+////AP///wBmZWSAZmVk/2ZlZPNmZWQm////AP///wD///8A////AP///wD///8AZmVkT2ZlZPxmZWT/ZmVkoWZlZBb///8A////AP///wD///8A////AP///wD///8AZmVkGGZlZKVmZWT/ZmVk/GZlZE7///8A////AP///wD///8A////AP///wD///8A////AGZlZEpmZWTwZmVk/2ZlZPNmZWSOZmVkP2ZlZBL///8AZmVkEmZlZD9mZWSOZmVk82ZlZP9mZWTwZmVkSf///wD///8A////AP///wD///8A////AP///wD///8A////AP///wBmZWQkZmVkrmZlZP9mZWT/ZmVk/2ZlZP9mZWT/ZmVk/2ZlZP9mZWT/ZmVk/mZlZK5mZWQi////AP///wD///8A////AP///wD///8A////AP///wD///8A////AP///wD///8A////AGZlZDBmZWSNZmVkyGZlZOVmZWT5ZmVk5WZlZMhmZWSNZmVkMP///wD///8A////AP///wD///8A////AP///wD///8A////AP///wD///8A////AP///wD///8A////AP///wD///8A////AP///wD///8A////AP///wD///8A////AP///wD///8A////AP///wD///8A////AP///wAAAAAAAAAAAAAAAAAAAAAAAAAAAAAAAAAAAAAAAAAAAAAAAAAAAAAAAAAAAAAAAAAAAAAAAAAAAAAAAAAAAAAAAAAAAAAAAAAAAAAAAAAAAAAAAAAAAAAAAAAAAAAAAAA=</IcoData>
      </ToDoView>
      <ToDoView Name="Review" CounterType="3" CounterHierarchy="2" CounterHideIfZero="true">
        <UI ActionFlt="4" UseAdvFlt="true" UseHierarchy="true" IncludeParents="false" IncludeChild="true">
          <HightlightFormat bold="1" inherit="0" options="0"/>
        </UI>
        <Group/>
        <Sort Srt1="26" Srt2="1" Srt3="1" Srt4="1" Manual="false"/>
        <AdvFlt>
          <RootRule>
            <Rule Field="NextReview" ConditionName="exists" ConditionID="429"/>
            <Rule Field="NextReview" ConditionName="on or before" DataValue="Today" DataType="TDateTime" ConditionID="414"/>
          </RootRule>
        </AdvFlt>
        <AdvFltParent/>
        <AdvFltChild/>
        <Columns>
          <Column ID="0" Pos="0" Width="634"/>
          <Column ID="36" Pos="8" Width="89"/>
          <Column ID="33" Pos="12" Width="100"/>
          <Column ID="35" Pos="13" Width="100"/>
          <Column ID="34" Pos="27" Width="103"/>
          <Column ID="7" Pos="29" Width="79"/>
          <Column ID="27" Pos="36" Width="22"/>
        </Columns>
        <IcoData Caption="Review">AAABAAEAGBgAAAEAIACICQAAFgAAACgAAAAYAAAAMAAAAAEAIAAAAAAAYAkAAAAAAAAAAAAAAAAAAAAAAAD///8A////AP///wD///8A////AP///wD///8A////AP///wD///8A////AP///wD///8A////AP///wD///8A////AP///wD///8A////AP///wD///8A////AP///wD///8A////AP///wD///8A////AP///wD///8A////AP///wD///8A////AP///wD///8A////AP///wD///8A////AP///wD///8A////AP///wD///8A////AP///wD///8A////AP///wD///8A////AP///wD///8AZmVkR2ZlZP9mZWT/ZmVk/2ZlZP9mZWT/ZmVk/2ZlZP9mZWT/ZmVk/2ZlZP9mZWT/ZmVkQv///wD///8A////AP///wD///8A////AP///wD///8A////AP///wD///8AZmVkxmZlZP9mZWT/ZmVk/2ZlZP9mZWT/ZmVk/2ZlZP9mZWT/ZmVk/2ZlZP9mZWT/ZmVkxP///wD///8A////AP///wD///8A////AP///wD///8A////AP///wBmZWQqZmVk/2ZlZP9mZWRq////AP///wD///8A////AP///wD///8A////AGZlZHRmZWT/ZmVk/2ZlZC3///8A////AP///wD///8A////AP///wD///8A////AP///wBmZWSFZmVk/2ZlZNJmZWQC////AP///wD///8A////AP///wD///8A////AGZlZANmZWTbZmVk/2ZlZIr///8A////AP///wD///8A////AP///wD///8A////AP///wBmZWTLZmVk/2ZlZGP///8A////AP///wD///8A////AP///wD///8A////AP///wBmZWR4ZmVk/2ZlZNf///8A////AP///wD///8A////AGZlZD9mZWTGZmVk92ZlZP9mZWT/ZmVk+2ZlZBD///8A////AP///wD///8A////AP///wD///8A////AP///wBmZWQxZmVk/2ZlZP9mZWQg////AP///wD///8AZmVkUWZlZP5mZWT/ZmVk/2ZlZP9mZWT/ZmVkyP///wD///8A////AP///wD///8A////AP///wD///8A////AP///wBmZWQCZmVk6mZlZP9mZWRe////AP///wD///8AZmVk0WZlZP9mZWSTZmVkFGZlZJdmZWT/ZmVkj////wD///8A////AP///wD///8A////AP///wD///8A////AP///wD///8AZmVkq2ZlZP9mZWSY////AP///wD///8AZmVk+GZlZP9mZWQS////AGZlZMRmZWT/ZmVkWv///wD///8A////AP///wD///8A////AP///wD///8A////AP///wD///8AZmVkcGZlZP9mZWTB////AP///wD///8AZmVk2GZlZP9mZWSTZmVkFGZlZNpmZWT/ZmVkLP///wD///8A////AP///wD///8A////AP///wD///8A////AP///wD///8AZmVkOmZlZP9mZWTa////AP///wD///8AZmVkXWZlZP9mZWT/ZmVk/2ZlZP9mZWT/ZmVkGP///wD///8A////AP///wD///8A////AP///wD///8A////AP///wD///8AZmVkF2ZlZP9mZWTu////AP///wD///8A////AGZlZFtmZWTZZmVk/2ZlZP9mZWT/ZmVkBv///wD///8A////AP///wD///8A////AP///wD///8A////AP///wD///8AZmVkCGZlZP9mZWT1////AP///wD///8A////AP///wD///8AZmVkAmZlZP9mZWT/////AP///wD///8A////AP///wD///8A////AP///wD///8A////AP///wD///8A////AGZlZP9mZWT/////AP///wD///8A////AP///wD///8A////AGZlZP9mZWT/ZmVk/2ZlZP9mZWT/ZmVk/2ZlZP9mZWT/ZmVk/2ZlZP9mZWT/ZmVk/2ZlZP9mZWT/ZmVk/2ZlZP9mZWT+////AP///wD///8A////AP///wD///8A////AGZlZMZmZWT/ZmVk/2ZlZP9mZWT/ZmVk/2ZlZP9mZWT/ZmVk/2ZlZP9mZWT/ZmVk/2ZlZP9mZWT/ZmVk/2ZlZP1mZWSn////AP///wD///8A////AP///wD///8A////AP///wD///8A////AP///wD///8A////AP///wD///8A////AP///wD///8A////AP///wD///8A////AP///wD///8A////AP///wD///8A////AP///wD///8A////AP///wD///8A////AGZlZB9mZWTuZmVk1GZlZANmZWQfZmVk7mZlZNRmZWQDZmVkH2ZlZO5mZWTUZmVkA////wD///8A////AP///wD///8A////AP///wD///8A////AP///wD///8A////AGZlZJBmZWT/ZmVkX////wBmZWSQZmVk/2ZlZF////8AZmVkkGZlZP9mZWRf////AP///wD///8A////AP///wD///8A////AP///wD///8A////AP///wD///8AZmVkGGZlZPhmZWTWZmVkAmZlZBhmZWT4ZmVk1mZlZAJmZWQYZmVk+GZlZNZmZWQC////AP///wD///8A////AP///wD///8A////AP///wD///8A////AP///wD///8AZmVkTmZlZP9mZWSs////AGZlZE5mZWT/ZmVkrP///wBmZWROZmVk/2ZlZKz///8A////AP///wD///8A////AP///wD///8A////AP///wD///8A////AP///wD///8AZmVkD2ZlZLdmZWTwZmVkDWZlZA9mZWS3ZmVk8GZlZA1mZWQPZmVkt2ZlZPBmZWQN////AP///wD///8A////AP///wD///8A////AP///wD///8A////AP///wD///8A////AP///wBmZWQD////AP///wD///8AZmVkA////wD///8A////AGZlZAP///8A////AP///wD///8A////AP///wAAAAAAAAAAAAAAAAAAAAAAAAAAAAAAAAAAAAAAAAAAAAAAAAAAAAAAAAAAAAAAAAAAAAAAAAAAAAAAAAAAAAAAAAAAAAAAAAAAAAAAAAAAAAAAAAAAAAAAAAAAAAAAAAA=</IcoData>
      </ToDoView>
    </ToDoView>
    <ToDoView Name="To-Do" IsFolder="true">
      <UI ActionFlt="4">
        <HightlightFormat bold="1" inherit="0" options="0"/>
      </UI>
      <Group/>
      <Sort Srt1="1" Srt2="1" Srt3="1" Srt4="1" Manual="false"/>
      <AdvFlt/>
      <AdvFltParent/>
      <AdvFltChild/>
      <Columns>
        <Column ID="0" Pos="0" Width="481"/>
        <Column ID="4" Pos="4" Width="100"/>
        <Column ID="7" Pos="7" Width="79"/>
        <Column ID="27" Pos="27" Width="22"/>
      </Columns>
      <ToDoView Name="Active Actions" CounterType="10" CounterHideIfZero="true">
        <UI InclClosedCntx="false">
          <HightlightFormat bold="1" inherit="0" options="0"/>
        </UI>
        <Group/>
        <Sort Srt1="-13" Srt2="1" Srt3="1" Srt4="1" Manual="false"/>
        <AdvFlt/>
        <AdvFltParent/>
        <AdvFltChild/>
        <Columns>
          <Column ID="0" Pos="0" Width="443"/>
          <Column ID="2" Pos="1" Width="120"/>
          <Column ID="14" Pos="3" Width="98"/>
          <Column ID="15" Pos="4" Width="66"/>
          <Column ID="3" Pos="5" Width="100"/>
          <Column ID="4" Pos="6" Width="100"/>
          <Column ID="7" Pos="7" Width="79"/>
          <Column ID="27" Pos="27" Width="22"/>
        </Columns>
        <IcoData Caption="Active Actions">AAABAAEAGBgAAAEAIACICQAAFgAAACgAAAAYAAAAMAAAAAEAIAAAAAAAYAkAAAAAAAAAAAAAAAAAAAAAAAD///8A////AP///wD///8A////AP///wD///8A////AP///wD///8A////AP///wD///8A////AP///wD///8A////AP///wD///8A////AP///wD///8A////AP///wD///8A////AP///wD///8A////AP///wD///8A////AP///wBmZWQPZmVktmZlZDb///8A////AP///wD///8A////AP///wD///8A////AP///wD///8A////AP///wD///8A////AP///wD///8A////AP///wD///8A////AGZlZBBmZWTKZmVk/2ZlZPBmZWQ6////AP///wD///8A////AP///wD///8A////AP///wD///8A////AP///wD///8A////AP///wD///8A////AP///wD///8AZmVkEmZlZM1mZWT/ZmVk/2ZlZP9mZWTyZmVkPP///wD///8A////AP///wD///8A////AP///wD///8A////AP///wD///8A////AP///wD///8A////AP///wBmZWQSZmVkzmZlZP9mZWT/ZmVkymZlZP5mZWT/ZmVk82ZlZD7///8A////AP///wD///8A////AP///wD///8A////AP///wD///8A////AP///wD///8A////AP///wBmZWS5ZmVk/2ZlZP9mZWSrZmVkBWZlZGFmZWT8ZmVk/2ZlZPVmZWRC////AP///wD///8A////AP///wD///8A////AP///wD///8A////AP///wD///8A////AP///wBmZWQtZmVk6mZlZKhmZWQD////AP///wBmZWReZmVk/GZlZP9mZWT1ZmVkRv///wD///8A////AP///wD///8A////AP///wD///8A////AP///wD///8A////AP///wD///8AZmVkIGZlZAP///8A////AP///wD///8AZmVkWmZlZPxmZWT/ZmVk92ZlZEj///8A////AP///wD///8A////AP///wD///8A////AP///wD///8A////AP///wD///8A////AP///wBmZWQPZmVktmZlZDb///8A////AGZlZFZmZWT7ZmVk/2ZlZK////8A////AP///wD///8A////AP///wD///8A////AP///wD///8A////AP///wD///8A////AGZlZBBmZWTKZmVk/2ZlZPBmZWQ6////AP///wBmZWRTZmVkrmZlZAb///8A////AP///wD///8A////AP///wD///8A////AP///wD///8A////AP///wD///8AZmVkEmZlZM1mZWT/ZmVk/2ZlZP9mZWTyZmVkPP///wD///8A////AP///wD///8A////AP///wD///8A////AP///wD///8A////AP///wD///8A////AP///wBmZWQSZmVkzmZlZP9mZWT/ZmVkymZlZP5mZWT/ZmVk82ZlZD7///8A////AP///wD///8A////AP///wD///8A////AP///wD///8A////AP///wD///8A////AP///wBmZWS5ZmVk/2ZlZP9mZWSrZmVkBWZlZGFmZWT8ZmVk/2ZlZPVmZWRC////AP///wD///8A////AP///wD///8A////AP///wD///8A////AP///wD///8A////AP///wBmZWQtZmVk6mZlZKhmZWQD////AP///wBmZWReZmVk/GZlZP9mZWT1ZmVkRv///wD///8A////AP///wD///8A////AP///wD///8A////AP///wD///8A////AP///wD///8AZmVkIGZlZAP///8A////AP///wD///8AZmVkWmZlZPxmZWT/ZmVk92ZlZEj///8A////AP///wD///8A////AP///wD///8A////AP///wD///8A////AP///wD///8A////AP///wBmZWQPZmVktmZlZDb///8A////AGZlZFZmZWT7ZmVk/2ZlZK////8A////AP///wD///8A////AP///wD///8A////AP///wD///8A////AP///wD///8A////AGZlZBBmZWTKZmVk/2ZlZPBmZWQ6////AP///wBmZWRTZmVkrmZlZAb///8A////AP///wD///8A////AP///wD///8A////AP///wD///8A////AP///wD///8AZmVkEmZlZM1mZWT/ZmVk/2ZlZP9mZWTyZmVkPP///wD///8A////AP///wD///8A////AP///wD///8A////AP///wD///8A////AP///wD///8A////AP///wBmZWQSZmVkzmZlZP9mZWT/ZmVkzGZlZP5mZWT/ZmVk82ZlZD7///8A////AP///wD///8A////AP///wD///8A////AP///wD///8A////AP///wD///8A////AP///wBmZWS5ZmVk/2ZlZP9mZWSrZmVkBWZlZGJmZWT8ZmVk/2ZlZPVmZWRC////AP///wD///8A////AP///wD///8A////AP///wD///8A////AP///wD///8A////AP///wBmZWQtZmVk6mZlZKhmZWQE////AP///wBmZWReZmVk/GZlZP9mZWT1ZmVkRv///wD///8A////AP///wD///8A////AP///wD///8A////AP///wD///8A////AP///wD///8AZmVkIGZlZAP///8A////AP///wD///8AZmVkWmZlZPxmZWT/ZmVk92ZlZEj///8A////AP///wD///8A////AP///wD///8A////AP///wD///8A////AP///wD///8A////AP///wD///8A////AP///wD///8A////AGZlZFZmZWT7ZmVk/2ZlZK////8A////AP///wD///8A////AP///wD///8A////AP///wD///8A////AP///wD///8A////AP///wD///8A////AP///wD///8A////AP///wBmZWRTZmVkrmZlZAb///8A////AP///wD///8A////AP///wAAAAAAAAAAAAAAAAAAAAAAAAAAAAAAAAAAAAAAAAAAAAAAAAAAAAAAAAAAAAAAAAAAAAAAAAAAAAAAAAAAAAAAAAAAAAAAAAAAAAAAAAAAAAAAAAAAAAAAAAAAAAAAAAA=</IcoData>
      </ToDoView>
      <ToDoView Name="Active by Context">
        <UI InclClosedCntx="false">
          <HightlightFormat bold="1" inherit="0" options="0"/>
        </UI>
        <Group>
          <Grp1 GroupBy="2"/>
        </Group>
        <Sort Srt1="-13" Srt2="1" Srt3="1" Srt4="1" Manual="false"/>
        <AdvFlt/>
        <AdvFltParent/>
        <AdvFltChild/>
        <Columns>
          <Column ID="0" Pos="0" Width="866"/>
          <Column ID="4" Pos="4" Width="100"/>
          <Column ID="7" Pos="7" Width="79"/>
          <Column ID="27" Pos="27" Width="22"/>
        </Columns>
        <IcoData Caption="Active by Context">AAABAAEAGBgAAAEAIACICQAAFgAAACgAAAAYAAAAMAAAAAEAIAAAAAAAYAkAAAAAAAAAAAAAAAAAAAAAAAD///8A////AP///wD///8A////AP///wD///8A////AP///wD///8A////AP///wD///8A////AP///wD///8A////AP///wD///8A////AP///wD///8A////AP///wD///8A////AP///wD///8A////AP///wD///8A////AP///wD///8A////AP///wD///8A////AP///wD///8A////AP///wD///8A////AP///wD///8A////AP///wD///8A////AP///wD///8A////AP///wBmZWQOZmVkaGZlZLFmZWTYZmVk7GZlZPhmZWTjZmVkuWZlZHBmZWQN////AP///wD///8A////AP///wD///8A////AP///wD///8A////AP///wD///8A////AGZlZGRmZWTvZmVk/2ZlZP9mZWT/ZmVk/2ZlZP9mZWT/ZmVk/2ZlZP9mZWRc////AP///wD///8A////AP///wD///8A////AP///wD///8A////AP///wD///8AZmVkimZlZP9mZWT/ZmVkumZlZFVmZWQfZmVkCf///wBmZWQSZmVkPmZlZIlmZWQb////AP///wD///8A////AP///wD///8A////AP///wD///8A////AP///wBmZWRjZmVk/2ZlZPlmZWRa////AP///wD///8A////AP///wD///8A////AP///wBmZWQUZmVkGf///wD///8A////AP///wD///8A////AP///wD///8A////AGZlZAtmZWTqZmVk/2ZlZF3///8A////AP///wD///8A////AP///wD///8AZmVkIWZlZMdmZWT/ZmVk/2ZlZOJmZWRl////AP///wD///8A////AP///wD///8A////AGZlZGBmZWT/ZmVky////wD///8A////AP///wD///8A////AP///wD///8AZmVkuGZlZP9mZWTtZmVktGZlZPFmZWT/ZmVkef///wD///8A////AP///wD///8A////AGZlZK9mZWT/ZmVkav///wD///8AZmVkSmZlZOdmZWT/ZmVk/2ZlZP9mZWT/ZmVk/2ZlZP9mZWTpZmVkSmZlZCJmZWTtZmVk+mZlZCP///8A////AP///wD///8A////AGZlZOZmZWT/ZmVkIf///wD///8AZmVk5mZlZP9mZWT/ZmVk/2ZlZP9mZWT/ZmVk/2ZlZP9mZWT/ZmVk5////wBmZWR8ZmVk/2ZlZIT///8A////AP///wD///8A////AGZlZPxmZWT/ZmVkAv///wD///8AZmVk/2ZlZP9mZWQ8ZmVkA2ZlZKBmZWR2////AGZlZDtmZWT/ZmVk/////wBmZWQyZmVk/2ZlZMj///8A////AP///wD///8A////AGZlZPlmZWT/ZmVkBv///wD///8AZmVk/2ZlZP9mZWQGZmVkq2ZlZP9mZWT/ZmVkh////wBmZWR/ZmVk/////wBmZWQPZmVk/2ZlZOv///8A////AP///wD///8A////AGZlZOJmZWT/ZmVkIv///wD///8AZmVk/2ZlZP9mZWSqZmVk/2ZlZNVmZWToZmVk/2ZlZJZmZWQCZmVkf////wD///8AZmVk/2ZlZP////8A////AP///wD///8A////AGZlZLhmZWT/ZmVkSf///wD///8AZmVk/2ZlZP9mZWQ4ZmVkuWZlZBFmZWQnZmVk4WZlZP9mZWSkZmVkBf///wBmZWQDZmVk/2ZlZPT///8A////AP///wD///8A////AGZlZHNmZWT/ZmVkjf///wD///8AZmVk/2ZlZP////8A////AP///wD///8AZmVkHmZlZNhmZWT/ZmVkqP///wBmZWQeZmVk/2ZlZN3///8A////AP///wD///8A////AGZlZCVmZWT+ZmVk62ZlZAn///8AZmVk/2ZlZP9mZWQ8////AP///wD///8A////AGZlZBZmZWTAZmVkPv///wBmZWRTZmVk/2ZlZKz///8A////AP///wD///8A////AP///wBmZWS2ZmVk/2ZlZG7///8AZmVk5mZlZP9mZWT/ZmVk/2ZlZP9mZWT/ZmVk/2ZlZID///8A////AP///wBmZWSsZmVk/2ZlZGn///8A////AP///wD///8A////AP///wBmZWQxZmVk+mZlZPJmZWQtZmVkSWZlZOZmZWT/ZmVk/2ZlZP9mZWT/ZmVk/2ZlZP9mZWRv////AGZlZDpmZWT9ZmVk8GZlZBD///8A////AP///wD///8A////AP///wD///8AZmVkdWZlZP9mZWToZmVkQ////wD///8A////AP///wD///8A////AP///wD///8AZmVkHGZlZN5mZWT/ZmVkYv///wD///8A////AP///wD///8A////AP///wD///8A////AGZlZIVmZWT/ZmVk/2ZlZLNmZWRUZmVkF2ZlZAFmZWQEZmVkGGZlZEpmZWSkZmVk+2ZlZP9mZWSS////AP///wD///8A////AP///wD///8A////AP///wD///8A////AP///wBmZWRNZmVk22ZlZP9mZWT/ZmVk/2ZlZP1mZWT/ZmVk/2ZlZP9mZWT/ZmVk72ZlZGz///8A////AP///wD///8A////AP///wD///8A////AP///wD///8A////AP///wD///8AZmVkBmZlZGBmZWSuZmVk32ZlZPdmZWT6ZmVk5mZlZLRmZWRsZmVkEv///wD///8A////AP///wD///8A////AP///wD///8A////AP///wD///8A////AP///wD///8A////AP///wD///8A////AP///wD///8A////AP///wD///8A////AP///wD///8A////AP///wD///8A////AP///wD///8A////AP///wD///8A////AP///wD///8A////AP///wD///8A////AP///wD///8A////AP///wD///8A////AP///wD///8A////AP///wD///8A////AP///wAAAAAAAAAAAAAAAAAAAAAAAAAAAAAAAAAAAAAAAAAAAAAAAAAAAAAAAAAAAAAAAAAAAAAAAAAAAAAAAAAAAAAAAAAAAAAAAAAAAAAAAAAAAAAAAAAAAAAAAAAAAAAAAAA=</IcoData>
      </ToDoView>
      <ToDoView Name="Active by Project">
        <UI>
          <HightlightFormat bold="1" inherit="0" options="0"/>
        </UI>
        <Group>
          <Grp1 GroupBy="6" Asc="false"/>
        </Group>
        <Sort Srt1="1" Srt2="1" Srt3="1" Srt4="1" Manual="false"/>
        <AdvFlt/>
        <AdvFltParent/>
        <AdvFltChild/>
        <Columns>
          <Column ID="0" Pos="0" Width="927"/>
          <Column ID="4" Pos="4" Width="100"/>
          <Column ID="7" Pos="7" Width="79"/>
          <Column ID="27" Pos="27" Width="22"/>
        </Columns>
        <IcoData Caption="Active by Project">AAABAAEAGBgAAAEAIACICQAAFgAAACgAAAAYAAAAMAAAAAEAIAAAAAAAYAkAAAAAAAAAAAAAAAAAAAAAAAD///8A////AP///wD///8A////AP///wD///8A////AP///wD///8A////AP///wD///8A////AP///wD///8A////AP///wD///8A////AP///wD///8A////AP///wD///8A////AP///wD///8A////AP///wD///8A////AP///wD///8AZmVk8WZlZP9mZWT/ZmVk/2ZlZP9mZWTk////AP///wD///8A////AP///wD///8A////AP///wD///8A////AP///wD///8A////AP///wD///8A////AP///wD///8AZmVk/2ZlZA7///8A////AGZlZA9mZWTw////AP///wD///8A////AP///wD///8A////AP///wD///8A////AP///wD///8A////AP///wD///8A////AP///wD///8AZmVk/////wD///8A////AP///wBmZWTw////AP///wD///8A////AP///wD///8A////AP///wD///8A////AP///wD///8A////AP///wBmZWT/ZmVk/2ZlZP////8AZmVk/////wD///8A////AP///wBmZWTw////AP///wD///8A////AP///wD///8A////AP///wD///8A////AP///wD///8A////AP///wBmZWT/////AP///wD///8AZmVk/2ZlZAv///8A////AGZlZA1mZWTw////AP///wD///8A////AP///wD///8A////AP///wD///8A////AP///wD///8A////AP///wBmZWT/////AP///wD///8AZmVk82ZlZP9mZWT/ZmVk/2ZlZP9mZWTl////AP///wD///8A////AP///wD///8A////AP///wD///8A////AP///wD///8A////AP///wBmZWT/////AP///wD///8A////AP///wD///8A////AP///wD///8A////AP///wD///8A////AP///wD///8A////AP///wD///8A////AP///wD///8A////AP///wBmZWT/////AP///wD///8AZmVk6WZlZP9mZWT/ZmVk/2ZlZP9mZWTd////AP///wD///8A////AP///wD///8A////AP///wD///8A////AP///wD///8A////AP///wBmZWT/////AP///wD///8AZmVk/2ZlZA3///8A////AGZlZA5mZWTw////AP///wD///8A////AP///wD///8A////AP///wD///8A////AP///wD///8A////AP///wBmZWT/////AP///wD///8AZmVk/////wD///8A////AP///wBmZWTw////AP///wD///8A////AP///wD///8A////AP///wD///8A////AP///wD///8A////AP///wBmZWT/ZmVk/2ZlZP////8AZmVk/////wD///8A////AP///wBmZWTw////AP///wD///8A////AP///wD///8A////AP///wD///8A////AP///wD///8A////AP///wBmZWT/////AP///wD///8AZmVk/2ZlZA3///8A////AGZlZA5mZWTw////AP///wD///8A////AP///wD///8A////AP///wD///8A////AP///wD///8A////AP///wBmZWT/////AP///wD///8AZmVk82ZlZP9mZWT/ZmVk/2ZlZP9mZWTm////AP///wD///8A////AP///wD///8A////AP///wD///8A////AP///wD///8A////AP///wD///8A////AP///wD///8A////AP///wD///8A////AP///wD///8A////AP///wD///8A////AP///wD///8A////AP///wD///8A////AP///wD///8AZmVkwGZlZP9mZWT/ZmVk/2ZlZP9mZWT/ZmVk/2ZlZP9mZWT/ZmVk/2ZlZP9mZWT/ZmVk/2ZlZP9mZWT/ZmVk/////wD///8A////AP///wD///8A////AP///wD///8AZmVk/2ZlZP9mZWT/ZmVk/2ZlZP9mZWT/ZmVk/2ZlZP9mZWT/ZmVk/2ZlZP9mZWT/ZmVk/2ZlZP9mZWT/ZmVk/////wD///8A////AP///wD///8A////AP///wD///8AZmVk/2ZlZP9mZWT5ZmVkoP///wBmZWSlZmVk9WZlZB5mZWRAZmVk/////wD///8A////AP///wD///8A////AP///wD///8A////AP///wD///8A////AP///wD///8AZmVk/2ZlZP9mZWSGZmVk/mZlZDRmZWQeZmVk9WZlZKZmZWQPZmVk+f///wD///8A////AP///wD///8A////AP///wD///8A////AP///wD///8A////AP///wD///8AZmVk/2ZlZP9mZWQMZmVk5mZlZMVmZWQBZmVkf2ZlZP5mZWRHZmVk8f///wD///8A////AP///wD///8A////AP///wD///8A////AP///wD///8A////AP///wD///8AZmVk/2ZlZP9mZWRFZmVkX2ZlZP9mZWRaZmVkCmZlZOFmZWTOZmVk8P///wD///8A////AP///wD///8A////AP///wD///8A////AP///wD///8A////AP///wD///8AZmVk/2ZlZP9mZWT/ZmVk/2ZlZP9mZWT/ZmVk/2ZlZP9mZWT/ZmVk/2ZlZP9mZWT/ZmVk/2ZlZP9mZWT/ZmVk/////wD///8A////AP///wD///8A////AP///wD///8AZmVkw2ZlZP9mZWT/ZmVk/2ZlZP9mZWT/ZmVk/2ZlZP9mZWT/ZmVk/2ZlZP9mZWT/ZmVk/2ZlZP9mZWT/ZmVk/////wD///8A////AP///wD///8A////AP///wD///8A////AP///wD///8A////AP///wD///8A////AP///wD///8A////AP///wD///8A////AP///wD///8A////AP///wD///8A////AP///wAAAAAAAAAAAAAAAAAAAAAAAAAAAAAAAAAAAAAAAAAAAAAAAAAAAAAAAAAAAAAAAAAAAAAAAAAAAAAAAAAAAAAAAAAAAAAAAAAAAAAAAAAAAAAAAAAAAAAAAAAAAAAAAAA=</IcoData>
      </ToDoView>
      <ToDoView Name="Next by Project" Visible="false">
        <UI ActionFlt="2">
          <HightlightFormat bold="1" inherit="0" options="0"/>
        </UI>
        <Group>
          <Grp1 GroupBy="6" Asc="false"/>
        </Group>
        <Sort Srt1="1" Srt2="1" Srt3="1" Srt4="1" Manual="false"/>
        <AdvFlt/>
        <AdvFltParent/>
        <AdvFltChild/>
        <Columns>
          <Column ID="0" Pos="0" Width="481"/>
          <Column ID="4" Pos="4" Width="100"/>
          <Column ID="7" Pos="7" Width="79"/>
          <Column ID="27" Pos="27" Width="22"/>
        </Columns>
        <IcoData Caption="Next by Project">AAABAAEAGBgAAAEAIACICQAAFgAAACgAAAAYAAAAMAAAAAEAIAAAAAAAYAkAAAAAAAAAAAAAAAAAAAAAAAD///8A////AP///wD///8A////AP///wD///8A////AP///wD///8A////AP///wD///8A////AP///wD///8A////AP///wD///8A////AP///wD///8A////AP///wD///8A////AP///wD///8A////AP///wD///8A////AP///wD///8A////AP///wD///8A////AP///wD///8A////AP///wD///8A////AP///wD///8A////AP///wD///8A////AP///wD///8A////AP///wD///8A////AP///wD///8A////AP///wD///8A////AP///wD///8A////AP///wD///8A////AP///wD///8A////AP///wD///8A////AP///wD///8A////AP///wD///8A////AGZlZOlmZWT/ZmVk/2ZlZP9mZWT/ZmVk3f///wD///8A////AP///wD///8A////AP///wD///8A////AP///wD///8A////AP///wD///8A////AP///wD///8A////AGZlZP9mZWQN////AP///wBmZWQOZmVk8P///wD///8A////AP///wD///8A////AP///wD///8A////AP///wD///8A////AP///wD///8A////AP///wD///8A////AGZlZP////8A////AP///wD///8AZmVk8P///wD///8A////AP///wD///8A////AP///wD///8A////AP///wD///8A////AP///wD///8AZmVk/2ZlZP9mZWT/////AGZlZP////8A////AP///wD///8AZmVk8P///wD///8A////AP///wD///8A////AP///wD///8A////AP///wD///8A////AP///wD///8AZmVk/////wD///8A////AGZlZP9mZWQN////AP///wBmZWQOZmVk8P///wD///8A////AP///wD///8A////AP///wD///8A////AP///wD///8A////AP///wD///8AZmVk/////wD///8A////AGZlZPNmZWT/ZmVk/2ZlZP9mZWT/ZmVk5v///wD///8A////AP///wD///8A////AP///wD///8A////AP///wD///8A////AP///wD///8A////AP///wD///8A////AP///wD///8A////AP///wD///8A////AP///wD///8A////AP///wD///8A////AP///wD///8A////AP///wD///8A////AP///wD///8A////AP///wD///8A////AP///wD///8A////AP///wD///8A////AP///wD///8A////AP///wD///8A////AP///wD///8A////AP///wD///8AZmVkq2ZlZP9mZWT/ZmVk/2ZlZP9mZWT/ZmVk/2ZlZP9mZWT/ZmVk/2ZlZP9mZWT/ZmVk/2ZlZP9mZWT/////AP///wD///8A////AP///wD///8A////AP///wD///8AZmVk/mZlZP9mZWT/ZmVk/2ZlZP9mZWT/ZmVk/2ZlZP9mZWT/ZmVk/2ZlZP9mZWT/ZmVk/2ZlZP9mZWT/////AP///wD///8AZmVkWWZlZJpmZWQB////AP///wD///8AZmVk/2ZlZP9mZWTvZmVk/GZlZDD///8AZmVkqmZlZP9mZWR9////AGZlZFtmZWT/ZmVk/////wD///8A////AP///wD///8AZmVkrmZlZP9mZWSeZmVkAf///wD///8AZmVk/2ZlZP9mZWRpZmVk/2ZlZL7///8AZmVkIWZlZPdmZWTzZmVkG2ZlZAFmZWTHZmVk/////wD///8A////AP///wD///8AZmVkB2ZlZLtmZWT/ZmVkkv///wD///8AZmVk/2ZlZP9mZWQDZmVk0mZlZP9mZWRT////AGZlZIVmZWT/ZmVkov///wBmZWQ2ZmVk/////wD///8AZmVk/2ZlZP9mZWT/ZmVk/2ZlZP9mZWT/ZmVk/2ZlZIj///8AZmVk/2ZlZP////8AZmVkQWZlZP9mZWTeZmVkCGZlZAxmZWTlZmVk/mZlZDj///8AZmVk/////wD///8AZmVk/2ZlZP9mZWT/ZmVk/2ZlZP9mZWT/ZmVk/2ZlZIb///8AZmVk/2ZlZP9mZWQs////AGZlZK9mZWT/ZmVkef///wBmZWRfZmVk/2ZlZMdmZWQBZmVk/////wD///8A////AP///wD///8AZmVkCGZlZLxmZWT/ZmVkkf///wD///8AZmVk/2ZlZP9mZWS7////AGZlZCJmZWT4ZmVk82ZlZBlmZWQBZmVkymZlZP9mZWRdZmVk/////wD///8A////AP///wD///8AZmVkrmZlZP9mZWSdZmVkAf///wD///8AZmVk/mZlZP9mZWT/ZmVk/2ZlZP9mZWT/ZmVk/2ZlZP9mZWT/ZmVk/2ZlZP9mZWT/ZmVk/2ZlZP9mZWT/////AP///wD///8AZmVkWWZlZJpmZWQB////AP///wD///8AZmVkpGZlZP5mZWT/ZmVk/2ZlZP9mZWT/ZmVk/2ZlZP9mZWT/ZmVk/2ZlZP9mZWT/ZmVk/2ZlZP9mZWT/////AP///wD///8A////AP///wD///8A////AP///wD///8A////AP///wD///8A////AP///wD///8A////AP///wD///8A////AP///wD///8A////AP///wD///8A////AP///wD///8A////AP///wD///8A////AP///wD///8A////AP///wD///8A////AP///wD///8A////AP///wD///8A////AP///wD///8A////AP///wD///8A////AP///wD///8A////AP///wD///8A////AP///wD///8A////AP///wD///8A////AP///wD///8A////AP///wD///8A////AP///wD///8A////AP///wD///8A////AP///wD///8A////AP///wD///8A////AP///wAAAAAAAAAAAAAAAAAAAAAAAAAAAAAAAAAAAAAAAAAAAAAAAAAAAAAAAAAAAAAAAAAAAAAAAAAAAAAAAAAAAAAAAAAAAAAAAAAAAAAAAAAAAAAAAAAAAAAAAAAAAAAAAAA=</IcoData>
      </ToDoView>
      <ToDoView Name="Active by Flag" Visible="false">
        <UI InclClosedCntx="false" UseAdvFlt="true">
          <HightlightFormat bold="1" inherit="0" options="0"/>
        </UI>
        <Group ShowGroupName="false">
          <Grp1 GroupBy="26"/>
        </Group>
        <Sort Srt1="-13" Srt2="1" Srt3="1" Srt4="1" Manual="false"/>
        <AdvFlt>
          <RootRule>
            <Rule Field="Flag" ConditionName="&lt;&gt;" DataValue="(none)" DataType="Integer" ConditionID="1302"/>
          </RootRule>
        </AdvFlt>
        <AdvFltParent/>
        <AdvFltChild/>
        <Columns>
          <Column ID="0" Pos="0" Width="474"/>
          <Column ID="1" Pos="1" Width="21"/>
          <Column ID="4" Pos="4" Width="100"/>
          <Column ID="7" Pos="7" Width="79"/>
        </Columns>
        <IcoData Caption="Active by Flag">AAABAAEAGBgAAAEAIACICQAAFgAAACgAAAAYAAAAMAAAAAEAIAAAAAAAYAkAAAAAAAAAAAAAAAAAAAAAAAD///8A////AP///wD///8A////AP///wD///8A////AP///wD///8A////AP///wD///8A////AP///wD///8A////AP///wD///8A////AP///wD///8A////AP///wD///8A////AP///wD///8A////AP///wD///8A////AP///wD///8AZmVk8WZlZP9mZWT/ZmVk/2ZlZP9mZWTk////AP///wD///8A////AP///wD///8A////AP///wD///8A////AP///wD///8A////AP///wD///8A////AP///wD///8AZmVk/2ZlZA7///8A////AGZlZA9mZWTw////AP///wD///8A////AP///wD///8A////AP///wD///8A////AP///wD///8A////AP///wD///8A////AP///wD///8AZmVk/////wD///8A////AP///wBmZWTw////AP///wD///8A////AP///wD///8A////AP///wD///8A////AP///wD///8A////AP///wBmZWT/ZmVk/2ZlZP////8AZmVk/////wD///8A////AP///wBmZWTw////AP///wD///8A////AP///wD///8A////AP///wD///8A////AP///wD///8A////AP///wBmZWT/////AP///wD///8AZmVk/2ZlZAv///8A////AGZlZA1mZWTw////AP///wD///8A////AP///wD///8A////AP///wD///8A////AP///wD///8A////AP///wBmZWT/////AP///wD///8AZmVk82ZlZP9mZWT/ZmVk/2ZlZP9mZWTl////AP///wD///8A////AP///wD///8A////AP///wD///8A////AP///wD///8A////AP///wBmZWT/////AP///wD///8A////AP///wD///8A////AP///wD///8A////AP///wD///8A////AP///wD///8A////AP///wD///8A////AP///wD///8A////AP///wBmZWT/////AP///wD///8AZmVk8WZlZP9mZWT/ZmVk/2ZlZP9mZWTw////AP///wD///8A////AP///wD///8A////AP///wD///8A////AP///wD///8A////AP///wBmZWT/////AP///wD///8AZmVk/2ZlZA3///8A////AGZlZA5mZWT/////AP///wD///8A////AP///wD///8A////AP///wD///8A////AP///wD///8A////AP///wBmZWT/////AP///wD///8AZmVk/////wD///8A////AP///wBmZWT/////AP///wD///8A////AP///wD///8A////AP///wD///8A////AP///wD///8A////AP///wBmZWT/ZmVk/2ZlZP////8AZmVk/////wD///8A////AP///wBmZWT/////AP///wD///8A////AP///wD///8A////AP///wD///8A////AP///wD///8A////AP///wBmZWT/////AP///wD///8AZmVk/2ZlZA3///8A////AGZlZA5mZWT/////AP///wD///8A////AP///wD///8A////AP///wD///8A////AP///wD///8A////AP///wBmZWT/////AP///wD///8AZmVk8mZlZP9mZWT/ZmVk/2ZlZP9mZWTv////AP///wD///8A////AP///wD///8A////AP///wD///8A////AP///wBmZWT/////AP///wD///8A////AP///wD///8A////AP///wD///8A////AP///wD///8A////AP///wD///8A////AP///wD///8A////AP///wD///8A////AP///wBmZWT/////AP///wD///8A////AP///wD///8A////AP///wD///8A////AP///wD///8A////AP///wD///8A////AP///wD///8A////AP///wD///8A////AP///wBmZWT/////AP///wD///8A////AP///wD///8A////AP///wD///8A////AP///wD///8A////AP///wD///8A////AP///wD///8A////AP///wD///8A////AP///wBmZWT/////AP///wD///8A////AP///wD///8A////AP///wD///8A////AP///wD///8A////AP///wD///8A////AP///wD///8A////AP///wD///8A////AP///wBmZWT/////AGZlZDz///8A////AGZlZC5mZWS7ZmVk/2ZlZP9mZWTE////AP///wD///8A////AP///wD///8A////AP///wD///8A////AP///wD///8A////AP///wBmZWT/////AGZlZP9mZWT/ZmVk/2ZlZP9mZWT/ZmVk/2ZlZP9mZWT/////AP///wD///8A////AP///wD///8A////AP///wD///8A////AP///wD///8A////AP///wBmZWT/////AGZlZP9mZWT/ZmVk/2ZlZP9mZWT/ZmVk/2ZlZP9mZWT/////AP///wD///8A////AP///wD///8A////AP///wD///8A////AP///wD///8A////AP///wBmZWT/////AGZlZP9mZWT/ZmVk/2ZlZP9mZWT/ZmVk/2ZlZP9mZWT/////AP///wD///8A////AP///wD///8A////AP///wD///8A////AP///wD///8A////AP///wBmZWT/////AGZlZP9mZWT/ZmVk/2ZlZP9mZWT/ZmVk/2ZlZP9mZWT/////AP///wD///8A////AP///wD///8A////AP///wD///8A////AP///wD///8A////AP///wBmZWT/////AGZlZMNmZWT/ZmVk/2ZlZNhmZWRN////AP///wBmZWQ7////AP///wD///8A////AP///wD///8A////AP///wD///8A////AP///wAAAAAAAAAAAAAAAAAAAAAAAAAAAAAAAAAAAAAAAAAAAAAAAAAAAAAAAAAAAAAAAAAAAAAAAAAAAAAAAAAAAAAAAAAAAAAAAAAAAAAAAAAAAAAAAAAAAAAAAAAAAAAAAAA=</IcoData>
      </ToDoView>
      <ToDoView Name="Active Starred" Visible="false">
        <UI InclClosedCntx="false" UseAdvFlt="true">
          <HightlightFormat bold="1" inherit="0" options="0"/>
        </UI>
        <Group/>
        <Sort Srt1="1" Srt2="1" Srt3="1" Srt4="1" Manual="true"/>
        <AdvFlt>
          <RootRule>
            <Rule Field="Starred" ConditionName="is true" ConditionID="310"/>
          </RootRule>
        </AdvFlt>
        <AdvFltParent/>
        <AdvFltChild/>
        <Columns>
          <Column ID="0" Pos="0" Width="481"/>
          <Column ID="4" Pos="4" Width="100"/>
          <Column ID="7" Pos="7" Width="79"/>
          <Column ID="27" Pos="27" Width="22"/>
        </Columns>
        <IcoData Caption="Active Starred">AAABAAEAGBgAAAEAIACICQAAFgAAACgAAAAYAAAAMAAAAAEAIAAAAAAAYAkAAAAAAAAAAAAAAAAAAAAAAAD///8A////AP///wD///8A////AP///wD///8A////AP///wD///8A////AP///wD///8A////AP///wD///8A////AP///wD///8A////AP///wD///8A////AP///wD///8A////AP///wD///8A////AP///wD///8A////AP///wD///8A////AP///wD///8A////AGZlZPFmZWT/ZmVk/2ZlZP9mZWT/ZmVk5P///wD///8A////AP///wD///8A////AP///wD///8A////AP///wD///8A////AP///wD///8A////AP///wD///8A////AGZlZP9mZWQO////AP///wBmZWQPZmVk8P///wD///8A////AP///wD///8A////AP///wD///8A////AP///wD///8A////AP///wD///8A////AP///wD///8A////AGZlZP////8A////AP///wD///8AZmVk8P///wD///8A////AP///wD///8A////AP///wD///8A////AP///wD///8A////AP///wD///8AZmVk/2ZlZP9mZWT/////AGZlZP////8A////AP///wD///8AZmVk8P///wD///8A////AP///wD///8A////AP///wD///8A////AP///wD///8A////AP///wD///8AZmVk/////wD///8A////AGZlZP9mZWQL////AP///wBmZWQNZmVk8P///wD///8A////AP///wD///8A////AP///wD///8A////AP///wD///8A////AP///wD///8AZmVk/////wD///8A////AGZlZPNmZWT/ZmVk/2ZlZP9mZWT/ZmVk5f///wD///8A////AP///wD///8A////AP///wD///8A////AP///wD///8A////AP///wD///8AZmVk/////wD///8A////AP///wD///8A////AP///wD///8A////AP///wD///8A////AP///wD///8A////AP///wD///8A////AP///wD///8A////AP///wD///8AZmVk/////wD///8A////AGZlZOlmZWT/ZmVk/2ZlZP9mZWT/ZmVk3f///wD///8A////AP///wD///8A////AP///wD///8A////AP///wD///8A////AP///wD///8AZmVk/////wD///8A////AGZlZP9mZWQN////AP///wBmZWQOZmVk8P///wD///8A////AP///wD///8A////AP///wD///8A////AP///wD///8A////AP///wD///8AZmVk/////wD///8A////AGZlZP////8A////AP///wD///8AZmVk8P///wD///8A////AP///wD///8A////AP///wD///8A////AP///wD///8A////AP///wD///8AZmVk/2ZlZP9mZWT/////AGZlZP////8A////AP///wD///8AZmVk8P///wD///8A////AP///wD///8A////AP///wD///8A////AP///wD///8A////AP///wD///8AZmVk/////wD///8A////AGZlZP9mZWQN////AP///wBmZWQOZmVk8P///wD///8A////AP///wD///8A////AP///wD///8A////AP///wD///8A////AP///wD///8AZmVk/////wD///8A////AGZlZPNmZWT/ZmVk/2ZlZP9mZWT/ZmVk5v///wD///8A////AP///wD///8A////AP///wD///8A////AP///wD///8AZmVkCv///wD///8A////AP///wD///8AZmVkCv///wD///8A////AP///wD///8A////AP///wD///8A////AP///wD///8A////AP///wD///8A////AP///wD///8AZmVktmZlZGJmZWQC////AGZlZAJmZWRiZmVktv///wD///8A////AP///wD///8A////AP///wD///8A////AP///wD///8A////AP///wD///8A////AP///wD///8AZmVkiWZlZP9mZWTOZmVkaGZlZM5mZWT/ZmVkif///wD///8A////AP///wD///8A////AP///wD///8A////AP///wD///8A////AP///wD///8A////AP///wD///8AZmVkRmZlZP9mZWT/ZmVk/2ZlZP9mZWT/ZmVkRP///wD///8A////AP///wD///8A////AP///wD///8A////AP///wD///8A////AP///wD///8A////AP///wD///8AZmVkNWZlZP9mZWT/ZmVk/2ZlZP9mZWT/ZmVkM////wD///8A////AP///wD///8A////AP///wD///8A////AP///wD///8A////AP///wD///8A////AP///wBmZWRMZmVk8mZlZP9mZWT/ZmVk/2ZlZP9mZWT/ZmVk8WZlZEr///8A////AP///wD///8A////AP///wD///8A////AP///wD///8A////AP///wD///8A////AGZlZHRmZWT8ZmVk/2ZlZP9mZWT/ZmVk/2ZlZP9mZWT/ZmVk/2ZlZPxmZWRx////AP///wD///8A////AP///wD///8A////AP///wD///8A////AP///wD///8A////AGZlZANmZWQYZmVkLGZlZEJmZWTrZmVk/2ZlZOtmZWRCZmVkLGZlZBhmZWQD////AP///wD///8A////AP///wD///8A////AP///wD///8A////AP///wD///8A////AP///wD///8A////AP///wBmZWSDZmVk/2ZlZIP///8A////AP///wD///8A////AP///wD///8A////AP///wD///8A////AP///wD///8A////AP///wD///8A////AP///wD///8A////AP///wBmZWQZZmVk82ZlZBn///8A////AP///wD///8A////AP///wD///8A////AP///wD///8A////AP///wAAAAAAAAAAAAAAAAAAAAAAAAAAAAAAAAAAAAAAAAAAAAAAAAAAAAAAAAAAAAAAAAAAAAAAAAAAAAAAAAAAAAAAAAAAAAAAAAAAAAAAAAAAAAAAAAAAAAAAAAAAAAAAAAA=</IcoData>
      </ToDoView>
      <ToDoView Name="Active Goals" Visible="false">
        <UI InclClosedCntx="false" UseAdvFlt="true">
          <HightlightFormat bold="1" inherit="0" options="0"/>
        </UI>
        <Group ShowGroupName="false">
          <Grp1 GroupBy="4"/>
        </Group>
        <Sort Srt1="-13" Srt2="1" Srt3="1" Srt4="1" Manual="false"/>
        <AdvFlt>
          <RootRule>
            <Rule Field="Goal" ConditionName="&lt;&gt;" DataValue="None" DataType="Integer" ConditionID="702"/>
          </RootRule>
        </AdvFlt>
        <AdvFltParent/>
        <AdvFltChild/>
        <Columns>
          <Column ID="0" Pos="0" Width="481"/>
          <Column ID="4" Pos="4" Width="100"/>
          <Column ID="7" Pos="7" Width="79"/>
          <Column ID="27" Pos="27" Width="22"/>
        </Columns>
        <IcoData Caption="Active Goals">AAABAAEAGBgAAAEAIACICQAAFgAAACgAAAAYAAAAMAAAAAEAIAAAAAAAYAkAAAAAAAAAAAAAAAAAAAAAAAD///8A////AP///wD///8A////AP///wD///8A////AP///wD///8A////AP///wD///8A////AP///wD///8A////AP///wD///8A////AP///wD///8A////AP///wD///8A////AP///wD///8A////AP///wD///8A////AP///wD///8A////AP///wD///8AZmVk8WZlZP9mZWT/ZmVk/2ZlZP9mZWTk////AP///wD///8A////AP///wD///8A////AP///wD///8A////AP///wD///8A////AP///wD///8A////AP///wD///8AZmVk/2ZlZA7///8A////AGZlZA9mZWTw////AP///wD///8A////AP///wD///8A////AP///wD///8A////AP///wD///8A////AP///wD///8A////AP///wD///8AZmVk/////wD///8A////AP///wBmZWTw////AP///wD///8A////AP///wD///8A////AP///wD///8A////AP///wD///8A////AP///wBmZWT/ZmVk/2ZlZP////8AZmVk/////wD///8A////AP///wBmZWTw////AP///wD///8A////AP///wD///8A////AP///wD///8A////AP///wD///8A////AP///wBmZWT/////AP///wD///8AZmVk/2ZlZAv///8A////AGZlZA1mZWTw////AP///wD///8A////AP///wD///8A////AP///wD///8A////AP///wD///8A////AP///wBmZWT/////AP///wD///8AZmVk82ZlZP9mZWT/ZmVk/2ZlZP9mZWTl////AP///wD///8A////AP///wD///8A////AP///wD///8A////AP///wD///8A////AP///wBmZWT/////AP///wD///8A////AP///wD///8A////AP///wD///8A////AP///wD///8A////AP///wD///8A////AP///wD///8A////AP///wD///8A////AP///wBmZWT/////AP///wD///8AZmVk6WZlZP9mZWT/ZmVk/2ZlZP9mZWTd////AP///wD///8A////AP///wD///8A////AP///wD///8A////AP///wD///8A////AP///wBmZWT/////AP///wD///8AZmVk/2ZlZA3///8A////AGZlZA5mZWTw////AP///wD///8A////AP///wD///8A////AP///wD///8A////AP///wD///8A////AP///wBmZWT/////AP///wD///8AZmVk/////wD///8A////AP///wBmZWTw////AP///wD///8A////AP///wD///8A////AP///wD///8A////AP///wD///8A////AP///wBmZWT/ZmVk/2ZlZP////8AZmVk/////wD///8A////AP///wBmZWTw////AP///wD///8A////AP///wD///8A////AP///wD///8A////AP///wD///8A////AP///wBmZWT/////AP///wD///8AZmVk/2ZlZA3///8A////AGZlZA5mZWTw////AP///wD///8A////AP///wD///8A////AP///wD///8A////AP///wD///8A////AP///wBmZWT/////AP///wD///8AZmVk82ZlZP9mZWT/ZmVk/2ZlZP9mZWTm////AP///wD///8A////AP///wD///8A////AP///wD///8A////AP///wD///8A////AP///wD///8A////AP///wD///8A////AP///wD///8A////AP///wD///8A////AP///wD///8A////AP///wD///8A////AP///wD///8A////AP///wBmZWQJZmVkgWZlZNxmZWT5ZmVk3GZlZIFmZWQJ////AP///wD///8A////AP///wD///8A////AP///wD///8A////AP///wD///8A////AP///wD///8A////AGZlZApmZWTFZmVk/2ZlZP9mZWT/ZmVk/2ZlZP9mZWTFZmVkCv///wD///8A////AP///wD///8A////AP///wD///8A////AP///wD///8A////AP///wD///8A////AGZlZINmZWT/ZmVk3WZlZEJmZWQMZmVkQWZlZN1mZWT/ZmVkgP///wD///8A////AP///wD///8A////AP///wD///8A////AP///wD///8A////AP///wD///8A////AGZlZN1mZWT/ZmVkOWZlZIVmZWTzZmVkhWZlZDtmZWT/ZmVk3v///wD///8A////AP///wD///8A////AP///wD///8A////AP///wD///8A////AP///wD///8A////AGZlZPlmZWT/ZmVkAmZlZPNmZWQ7ZmVk82ZlZANmZWT/ZmVk+f///wD///8A////AP///wD///8A////AP///wD///8A////AP///wD///8A////AP///wD///8A////AGZlZN1mZWT/ZmVkO2ZlZIVmZWTzZmVkhWZlZDtmZWT/ZmVk3v///wD///8A////AP///wD///8A////AP///wD///8A////AP///wD///8A////AP///wD///8A////AGZlZINmZWT/ZmVk3WZlZEJmZWQMZmVkQmZlZN1mZWT/ZmVkgP///wD///8A////AP///wD///8A////AP///wD///8A////AP///wD///8A////AP///wD///8A////AGZlZApmZWTFZmVk/2ZlZP9mZWT/ZmVk/2ZlZP9mZWTFZmVkCv///wD///8A////AP///wD///8A////AP///wD///8A////AP///wD///8A////AP///wD///8A////AP///wBmZWQJZmVkgWZlZNxmZWT5ZmVk3GZlZIFmZWQJ////AP///wD///8A////AP///wD///8A////AP///wD///8A////AP///wAAAAAAAAAAAAAAAAAAAAAAAAAAAAAAAAAAAAAAAAAAAAAAAAAAAAAAAAAAAAAAAAAAAAAAAAAAAAAAAAAAAAAAAAAAAAAAAAAAAAAAAAAAAAAAAAAAAAAAAAAAAAAAAAA=</IcoData>
      </ToDoView>
      <ToDoView Name="Start Next 7 days" Visible="false">
        <UI ActionFlt="1" DTmaxS="Today + 7" HideUndated="true">
          <HightlightFormat bold="1" inherit="0" options="0"/>
        </UI>
        <Group ShowGroupName="false" GroupOnlyByDays="true">
          <Grp1 GroupBy="9"/>
        </Group>
        <Sort Srt1="14" Srt2="1" Srt3="1" Srt4="1" Manual="false"/>
        <AdvFlt/>
        <AdvFltParent/>
        <AdvFltChild/>
        <Columns>
          <Column ID="0" Pos="0" Width="481"/>
          <Column ID="3" Pos="3" Width="100"/>
          <Column ID="7" Pos="7" Width="79"/>
          <Column ID="27" Pos="27" Width="22"/>
        </Columns>
        <IcoData Caption="Start Next 7 days">AAABAAEAGBgAAAEAIACICQAAFgAAACgAAAAYAAAAMAAAAAEAIAAAAAAAYAkAAAAAAAAAAAAAAAAAAAAAAAD///8A////AP///wD///8A////AP///wD///8A////AP///wD///8A////AP///wD///8A////AP///wD///8A////AP///wD///8A////AP///wD///8A////AP///wD///8A////AP///wD///8A////AP///wD///8A////AP///wD///8A////AP///wD///8A////AP///wD///8A////AP///wD///8A////AP///wD///8A////AP///wD///8A////AP///wD///8A////AP///wD///8AZmVkBmZlZFpmZWSqZmVk32ZlZPpmZWT5ZmVk3mZlZKNmZWRQZmVkBf///wD///8A////AP///wD///8A////AP///wD///8A////AP///wD///8A////AP///wBmZWRPZmVk4GZlZP9mZWT/ZmVk/2ZlZP9mZWT/ZmVk/2ZlZP9mZWT/ZmVk32ZlZEv///8A////AP///wD///8A////AP///wD///8A////AP///wD///8AZmVkAWZlZIlmZWT/ZmVk/2ZlZNtmZWRtZmVkLGZlZAxmZWQGZmVkKWZlZHFmZWTcZmVk/2ZlZP5mZWSEZmVkAf///wD///8A////AP///wD///8A////AP///wD///8AZmVkhmZlZP9mZWT+ZmVkf2ZlZAb///8A////AP///wD///8A////AP///wBmZWQIZmVkhWZlZP5mZWT/ZmVkhP///wD///8A////AP///wD///8A////AP///wBmZWRHZmVk/mZlZP5mZWRf////AP///wD///8A////AP///wD///8A////AP///wD///8A////AGZlZGNmZWT/ZmVk/mZlZEP///8A////AP///wD///8A////AGZlZAJmZWTTZmVk/2ZlZIn///8A////AP///wD///8A////AP///wD///8A////AP///wD///8A////AP///wBmZWSSZmVk/2ZlZNZmZWQC////AP///wD///8A////AGZlZE5mZWT/ZmVk5mZlZAr///8A////AP///wD///8AZmVkS2ZlZP9mZWT/ZmVkQv///wD///8A////AP///wBmZWQPZmVk7WZlZP9mZWRL////AP///wD///8A////AGZlZJtmZWT/ZmVkiP///wD///8A////AP///wD///8AZmVkAWZlZNBmZWT/ZmVkuf///wD///8A////AP///wD///8AZmVkjWZlZP9mZWSe////AP///wD///8A////AGZlZN1mZWT/ZmVkPf///wD///8A////AP///wD///8A////AGZlZFlmZWT/ZmVk/2ZlZDL///8A////AP///wD///8AZmVkQ2ZlZP9mZWTY////AP///wD///8A////AGZlZPxmZWT/ZmVkFv///wD///8A////AP///wD///8A////AGZlZARmZWTcZmVk/2ZlZKn///8A////AP///wD///8AZmVkGGZlZP9mZWT2////AP///wD///8A////AGZlZP9mZWT/ZmVkAv///wD///8A////AP///wD///8A////AP///wBmZWRnZmVk/2ZlZP1mZWQk////AP///wD///8AZmVkCGZlZP9mZWT9////AP///wD///8A////AGZlZPFmZWT/ZmVkFv///wD///8A////AP///wD///8A////AP///wBmZWQIZmVk5mZlZP9mZWSa////AP///wD///8AZmVkGWZlZP9mZWTo////AP///wD///8A////AGZlZMNmZWT/ZmVkPf///wD///8A////AP///wBmZWT/ZmVk/2ZlZP9mZWT/ZmVk/2ZlZP9mZWT5////AP///wD///8AZmVkQ2ZlZP9mZWS+////AP///wD///8A////AGZlZH9mZWT/ZmVkaP///wD///8A////AP///wBmZWT/ZmVk/2ZlZP9mZWT/ZmVk/2ZlZP9mZWT/////AP///wD///8AZmVkjWZlZP9mZWR3////AP///wD///8A////AGZlZBJmZWR6ZmVkE////wD///8A////AP///wD///8A////AP///wD///8A////AP///wD///8A////AP///wBmZWQPZmVk7mZlZPlmZWQc////AP///wD///8A////AP///wD///8A////AP///wD///8A////AP///wD///8A////AP///wD///8A////AP///wD///8A////AP///wBmZWSTZmVk/2ZlZJH///8A////AP///wD///8A////AP///wD///8A////AP///wD///8A////AP///wD///8A////AP///wD///8A////AP///wD///8A////AGZlZGNmZWT/ZmVk0mZlZAv///8A////AP///wD///8A////AP///wD///8A////AP///wD///8A////AP///wD///8A////AP///wD///8A////AP///wBmZWQIZmVkhWZlZP5mZWThZmVkI////wD///8A////AP///wD///8A////AP///wD///8A////AP///wD///8A////AP///wD///8AZmVkJ2ZlZNpmZWTUZmVkHmZlZB1mZWTpZmVk/2ZlZMJmZWQY////AP///wD///8A////AP///wD///8A////AP///wD///8A////AP///wD///8A////AP///wD///8AZmVkfWZlZP9mZWT/ZmVkbWZlZBZmZWTBZmVkYGZlZAH///8A////AP///wD///8A////AP///wD///8A////AP///wD///8A////AP///wD///8A////AP///wD///8AZmVkJmZlZNlmZWTTZmVkHf///wD///8A////AP///wD///8A////AP///wD///8A////AP///wD///8A////AP///wD///8A////AP///wD///8A////AP///wD///8A////AP///wD///8A////AP///wD///8A////AP///wD///8A////AP///wD///8A////AP///wAAAAAAAAAAAAAAAAAAAAAAAAAAAAAAAAAAAAAAAAAAAAAAAAAAAAAAAAAAAAAAAAAAAAAAAAAAAAAAAAAAAAAAAAAAAAAAAAAAAAAAAAAAAAAAAAAAAAAAAAAAAAAAAAA=</IcoData>
      </ToDoView>
      <ToDoView Name="Start Next 30 days" Visible="false">
        <UI ActionFlt="1" DTmaxS="Today + 30" HideUndated="true">
          <HightlightFormat bold="1" inherit="0" options="0"/>
        </UI>
        <Group ShowGroupName="false" GroupOnlyByDays="true">
          <Grp1 GroupBy="9"/>
        </Group>
        <Sort Srt1="14" Srt2="1" Srt3="1" Srt4="1" Manual="false"/>
        <AdvFlt/>
        <AdvFltParent/>
        <AdvFltChild/>
        <Columns>
          <Column ID="0" Pos="0" Width="481"/>
          <Column ID="3" Pos="3" Width="100"/>
          <Column ID="7" Pos="7" Width="79"/>
          <Column ID="27" Pos="27" Width="22"/>
        </Columns>
        <IcoData Caption="Start Next 30 days">AAABAAEAGBgAAAEAIACICQAAFgAAACgAAAAYAAAAMAAAAAEAIAAAAAAAYAkAAAAAAAAAAAAAAAAAAAAAAAD///8A////AP///wD///8A////AP///wD///8A////AP///wD///8A////AP///wD///8A////AP///wD///8A////AP///wD///8A////AP///wD///8A////AP///wD///8A////AP///wD///8A////AP///wD///8A////AP///wD///8A////AP///wD///8A////AP///wD///8A////AP///wD///8A////AP///wD///8A////AP///wD///8A////AP///wD///8A////AP///wD///8AZmVkBmZlZFpmZWSqZmVk32ZlZPpmZWT5ZmVk3mZlZKNmZWRQZmVkBf///wD///8A////AP///wD///8A////AP///wD///8A////AP///wD///8A////AP///wBmZWRPZmVk4GZlZP9mZWT/ZmVk/2ZlZP9mZWT/ZmVk/2ZlZP9mZWT/ZmVk32ZlZEv///8A////AP///wD///8A////AP///wD///8A////AP///wD///8AZmVkAWZlZIlmZWT/ZmVk/2ZlZNtmZWRtZmVkLGZlZAxmZWQGZmVkKWZlZHFmZWTcZmVk/2ZlZP5mZWSEZmVkAf///wD///8A////AP///wD///8A////AP///wD///8AZmVkhmZlZP9mZWT+ZmVkf2ZlZAb///8A////AP///wD///8A////AP///wBmZWQIZmVkhWZlZP5mZWT/ZmVkhP///wD///8A////AP///wD///8A////AP///wBmZWRHZmVk/mZlZP5mZWRf////AP///wD///8A////AP///wD///8A////AP///wD///8A////AGZlZGNmZWT/ZmVk/mZlZEP///8A////AP///wD///8A////AGZlZAJmZWTTZmVk/2ZlZIn///8A////AP///wD///8A////AP///wD///8A////AP///wD///8A////AP///wBmZWSSZmVk/2ZlZNZmZWQC////AP///wD///8A////AGZlZE5mZWT/ZmVk5mZlZAr///8A////AP///wD///8A////AP///wD///8A////AP///wD///8A////AP///wBmZWQPZmVk7WZlZP9mZWRL////AP///wD///8A////AGZlZJtmZWT/ZmVkiP///wD///8AZmVkYWZlZN9mZWT7ZmVktWZlZA9mZWQQZmVkuGZlZPdmZWS6ZmVkEv///wD///8AZmVkjWZlZP9mZWSe////AP///wD///8A////AGZlZN1mZWT/ZmVkPf///wD///8AZmVkrGZlZG9mZWRkZmVk+GZlZHZmZWSVZmVk2GZlZFtmZWTbZmVkl////wD///8AZmVkQ2ZlZP9mZWTY////AP///wD///8A////AGZlZPxmZWT/ZmVkFv///wD///8AZmVkAf///wBmZWQTZmVk7mZlZGxmZWTiZmVkbf///wBmZWRsZmVk4////wD///8AZmVkGGZlZP9mZWT2////AP///wD///8A////AGZlZP9mZWT/ZmVkAv///wD///8A////AGZlZH5mZWT8ZmVkomZlZANmZWT9ZmVkV////wBmZWRTZmVk/P///wD///8AZmVkCGZlZP9mZWT9////AP///wD///8A////AGZlZPFmZWT/ZmVkFv///wD///8A////AP///wBmZWQuZmVk+GZlZD5mZWTiZmVkbf///wBmZWRrZmVk6f///wD///8AZmVkGWZlZP9mZWTo////AP///wD///8A////AGZlZMNmZWT/ZmVkPf///wD///8AZmVkkWZlZGdmZWRpZmVk/mZlZG5mZWSWZmVk2GZlZFJmZWTXZmVkmf///wD///8AZmVkQ2ZlZP9mZWS+////AP///wD///8A////AGZlZH9mZWT/ZmVkaP///wD///8AZmVkV2ZlZN1mZWT4ZmVkumZlZBJmZWQSZmVku2ZlZPlmZWS+ZmVkE////wD///8AZmVkjWZlZP9mZWR3////AP///wD///8A////AGZlZBJmZWR6ZmVkE////wD///8A////AP///wD///8A////AP///wD///8A////AP///wD///8A////AP///wBmZWQPZmVk7mZlZPlmZWQc////AP///wD///8A////AP///wD///8A////AP///wD///8A////AP///wD///8A////AP///wD///8A////AP///wD///8A////AP///wBmZWSTZmVk/2ZlZJH///8A////AP///wD///8A////AP///wD///8A////AP///wD///8A////AP///wD///8A////AP///wD///8A////AP///wD///8A////AGZlZGNmZWT/ZmVk0mZlZAv///8A////AP///wD///8A////AP///wD///8A////AP///wD///8A////AP///wD///8A////AP///wD///8A////AP///wBmZWQIZmVkhWZlZP5mZWThZmVkI////wD///8A////AP///wD///8A////AP///wD///8A////AP///wD///8A////AP///wD///8AZmVkJ2ZlZNpmZWTUZmVkHmZlZA5mZWTlZmVk/2ZlZMJmZWQY////AP///wD///8A////AP///wD///8A////AP///wD///8A////AP///wD///8A////AP///wD///8AZmVkfWZlZP9mZWT/ZmVkbWZlZAZmZWSkZmVkW2ZlZAH///8A////AP///wD///8A////AP///wD///8A////AP///wD///8A////AP///wD///8A////AP///wD///8AZmVkJmZlZNlmZWTTZmVkHf///wD///8A////AP///wD///8A////AP///wD///8A////AP///wD///8A////AP///wD///8A////AP///wD///8A////AP///wD///8A////AP///wD///8A////AP///wD///8A////AP///wD///8A////AP///wD///8A////AP///wAAAAAAAAAAAAAAAAAAAAAAAAAAAAAAAAAAAAAAAAAAAAAAAAAAAAAAAAAAAAAAAAAAAAAAAAAAAAAAAAAAAAAAAAAAAAAAAAAAAAAAAAAAAAAAAAAAAAAAAAAAAAAAAAA=</IcoData>
      </ToDoView>
      <ToDoView Name="Due Next 7 days" CounterType="10" CounterHideIfZero="true">
        <UI ActionFlt="1" DTmax="44368" DTmaxS="Today + 7" UseAdvFlt="true">
          <HightlightFormat bold="1" inherit="0" options="0"/>
        </UI>
        <Group ShowGroupName="false" GroupOnlyByDays="true">
          <Grp1 GroupBy="10"/>
        </Group>
        <Sort Srt1="4" Srt2="1" Srt3="1" Srt4="1" Manual="false"/>
        <AdvFlt>
          <RootRule>
            <Rule Field="DueDateTime" ConditionName="on or before" DataValue="Today+7" DataType="TDateTime" ConditionID="414"/>
          </RootRule>
        </AdvFlt>
        <AdvFltParent/>
        <AdvFltChild/>
        <Columns>
          <Column ID="0" Pos="0" Width="910"/>
          <Column ID="4" Pos="4" Width="100"/>
          <Column ID="7" Pos="7" Width="79"/>
          <Column ID="27" Pos="27" Width="22"/>
        </Columns>
        <IcoData Caption="Due Next 7 days">AAABAAEAGBgAAAEAIACICQAAFgAAACgAAAAYAAAAMAAAAAEAIAAAAAAAYAkAAAAAAAAAAAAAAAAAAAAAAAD///8A////AP///wD///8A////AP///wD///8A////AP///wD///8A////AP///wD///8A////AP///wD///8A////AP///wD///8A////AP///wD///8A////AP///wD///8A////AP///wD///8A////AP///wD///8A////AP///wD///8A////AP///wD///8A////AP///wD///8A////AP///wD///8A////AP///wD///8A////AP///wD///8A////AP///wD///8A////AP///wD///8A////AP///wD///8A////AP///wD///8A////AP///wD///8A////AP///wD///8A////AP///wD///8A////AP///wD///8A////AP///wD///8AZmVkSmZlZOdmZWT/ZmVk/2ZlZP9mZWT/ZmVk/2ZlZP9mZWT/ZmVk/2ZlZP9mZWT/ZmVk/2ZlZP9mZWTkZmVkSv///wD///8A////AP///wD///8A////AP///wD///8AZmVk5mZlZP9mZWT/ZmVk/2ZlZP9mZWT/ZmVk/2ZlZP9mZWT/ZmVk/2ZlZP9mZWT/ZmVk/2ZlZP9mZWT/ZmVk5////wD///8A////AP///wD///8A////AP///wD///8AZmVk/2ZlZP9mZWQ8////AP///wD///8A////AP///wD///8A////AP///wD///8A////AGZlZDtmZWT/ZmVk/////wD///8A////AP///wD///8A////AP///wD///8AZmVk/2ZlZP////8A////AP///wD///8A////AP///wD///8A////AP///wD///8A////AP///wBmZWT/ZmVk/////wD///8A////AP///wD///8A////AP///wD///8AZmVk/2ZlZP////8A////AP///wD///8AZmVkS2ZlZP9mZWT/ZmVkQv///wD///8A////AP///wBmZWT/ZmVk/////wD///8A////AP///wD///8A////AP///wD///8AZmVk/2ZlZP////8A////AP///wD///8AZmVkAWZlZNBmZWT/ZmVkuf///wD///8A////AP///wBmZWT/ZmVk/////wD///8A////AP///wD///8A////AP///wD///8AZmVk/2ZlZP////8A////AP///wD///8A////AGZlZFlmZWT/ZmVk/2ZlZDL///8A////AP///wBmZWT/ZmVk/////wD///8A////AP///wD///8A////AP///wD///8AZmVk/2ZlZP////8A////AP///wD///8A////AGZlZARmZWTcZmVk/2ZlZKn///8A////AP///wBmZWT/ZmVk/////wD///8A////AP///wD///8A////AP///wD///8AZmVk/2ZlZP////8A////AP///wD///8A////AP///wBmZWRnZmVk/2ZlZP1mZWQk////AP///wBmZWT/ZmVk/////wD///8A////AP///wD///8A////AP///wD///8AZmVk/2ZlZP////8A////AP///wD///8A////AP///wBmZWQIZmVk5mZlZP9mZWSa////AP///wBmZWT/ZmVk/////wD///8A////AP///wD///8A////AP///wD///8AZmVk/2ZlZP////8A////AP///wBmZWT/ZmVk/2ZlZP9mZWT/ZmVk/2ZlZP9mZWT5////AP///wBmZWT/ZmVk/////wD///8A////AP///wD///8A////AP///wD///8AZmVk/2ZlZP////8A////AP///wBmZWT/ZmVk/2ZlZP9mZWT/ZmVk/2ZlZP9mZWT/////AP///wBmZWT/ZmVk/////wD///8A////AP///wD///8A////AP///wD///8AZmVk/2ZlZP////8A////AP///wD///8A////AP///wD///8A////AP///wD///8A////AP///wBmZWT/ZmVk/////wD///8A////AP///wD///8A////AP///wD///8AZmVk/2ZlZP9mZWQ8////AP///wD///8A////AP///wD///8A////AP///wD///8A////AGZlZDxmZWT/ZmVk/////wD///8A////AP///wD///8A////AP///wD///8AZmVk5mZlZP9mZWT/ZmVk/2ZlZP9mZWT/ZmVk/2ZlZP9mZWT/ZmVk/2ZlZP9mZWT/ZmVk/2ZlZP9mZWT/ZmVk5v///wD///8A////AP///wD///8A////AP///wD///8AZmVkSWZlZOZmZWT/ZmVk/2ZlZP9mZWT/ZmVk/2ZlZP9mZWT/ZmVk/2ZlZP9mZWT/ZmVk/2ZlZP9mZWTmZmVkSf///wD///8A////AP///wD///8A////AP///wD///8A////AP///wD///8AZmVk/2ZlZP////8A////AGZlZP9mZWT/////AP///wBmZWT/ZmVk/////wD///8A////AP///wD///8A////AP///wD///8A////AP///wD///8A////AP///wD///8AZmVk/2ZlZP////8A////AGZlZP9mZWT/////AP///wBmZWT/ZmVk/////wD///8A////AP///wD///8A////AP///wD///8A////AP///wD///8A////AP///wD///8A////AP///wD///8A////AP///wD///8A////AP///wD///8A////AP///wD///8A////AP///wD///8A////AP///wD///8A////AP///wD///8A////AP///wD///8A////AP///wD///8A////AP///wD///8A////AP///wD///8A////AP///wD///8A////AP///wD///8A////AP///wD///8A////AP///wD///8A////AP///wD///8A////AP///wD///8A////AP///wD///8A////AP///wD///8A////AP///wD///8A////AP///wD///8A////AP///wAAAAAAAAAAAAAAAAAAAAAAAAAAAAAAAAAAAAAAAAAAAAAAAAAAAAAAAAAAAAAAAAAAAAAAAAAAAAAAAAAAAAAAAAAAAAAAAAAAAAAAAAAAAAAAAAAAAAAAAAAAAAAAAAA=</IcoData>
      </ToDoView>
      <ToDoView Name="Due Next 30 days" Visible="false">
        <UI ActionFlt="1" DTmaxS="Today + 30" UseAdvFlt="true">
          <HightlightFormat bold="1" inherit="0" options="0"/>
        </UI>
        <Group ShowGroupName="false" GroupOnlyByDays="true">
          <Grp1 GroupBy="10"/>
        </Group>
        <Sort Srt1="4" Srt2="1" Srt3="1" Srt4="1" Manual="false"/>
        <AdvFlt>
          <RootRule>
            <Rule Field="DueDateTime" ConditionName="on or before" DataValue="Today+30" DataType="TDateTime" ConditionID="414"/>
          </RootRule>
        </AdvFlt>
        <AdvFltParent/>
        <AdvFltChild/>
        <Columns>
          <Column ID="0" Pos="0" Width="481"/>
          <Column ID="4" Pos="4" Width="100"/>
          <Column ID="7" Pos="7" Width="79"/>
          <Column ID="27" Pos="27" Width="22"/>
        </Columns>
        <IcoData Caption="Due Next 30 days">AAABAAEAGBgAAAEAIACICQAAFgAAACgAAAAYAAAAMAAAAAEAIAAAAAAAYAkAAAAAAAAAAAAAAAAAAAAAAAD///8A////AP///wD///8A////AP///wD///8A////AP///wD///8A////AP///wD///8A////AP///wD///8A////AP///wD///8A////AP///wD///8A////AP///wD///8A////AP///wD///8A////AP///wD///8A////AP///wD///8A////AP///wD///8A////AP///wD///8A////AP///wD///8A////AP///wD///8A////AP///wD///8A////AP///wD///8A////AP///wD///8A////AP///wD///8A////AP///wD///8A////AP///wD///8A////AP///wD///8A////AP///wD///8A////AP///wD///8A////AP///wD///8AZmVkSmZlZOdmZWT/ZmVk/2ZlZP9mZWT/ZmVk/2ZlZP9mZWT/ZmVk/2ZlZP9mZWT/ZmVk/2ZlZP9mZWTkZmVkSv///wD///8A////AP///wD///8A////AP///wD///8AZmVk5mZlZP9mZWT/ZmVk/2ZlZP9mZWT/ZmVk/2ZlZP9mZWT/ZmVk/2ZlZP9mZWT/ZmVk/2ZlZP9mZWT/ZmVk5////wD///8A////AP///wD///8A////AP///wD///8AZmVk/2ZlZP9mZWQ8////AP///wD///8A////AP///wD///8A////AP///wD///8A////AGZlZDtmZWT/ZmVk/////wD///8A////AP///wD///8A////AP///wD///8AZmVk/2ZlZP////8A////AP///wD///8A////AP///wD///8A////AP///wD///8A////AP///wBmZWT/ZmVk/////wD///8A////AP///wD///8A////AP///wD///8AZmVk/2ZlZP////8A////AP///wD///8A////AP///wD///8A////AP///wD///8A////AP///wBmZWT/ZmVk/////wD///8A////AP///wD///8A////AP///wD///8AZmVk/2ZlZP////8AZmVkYWZlZN9mZWT7ZmVktWZlZA9mZWQPZmVkuGZlZPdmZWS6ZmVkEv///wBmZWT/ZmVk/////wD///8A////AP///wD///8A////AP///wD///8AZmVk/2ZlZP////8AZmVkq2ZlZG9mZWRkZmVk+GZlZHZmZWSVZmVk2GZlZFtmZWTbZmVkl////wBmZWT/ZmVk/////wD///8A////AP///wD///8A////AP///wD///8AZmVk/2ZlZP////8AZmVkAf///wBmZWQTZmVk7mZlZGxmZWTiZmVkbf///wBmZWRsZmVk4////wBmZWT/ZmVk/////wD///8A////AP///wD///8A////AP///wD///8AZmVk/2ZlZP////8A////AGZlZH5mZWT8ZmVkomZlZANmZWT9ZmVkV////wBmZWRTZmVk/P///wBmZWT/ZmVk/////wD///8A////AP///wD///8A////AP///wD///8AZmVk/2ZlZP////8A////AP///wBmZWQuZmVk+GZlZD5mZWTiZmVkbf///wBmZWRrZmVk6f///wBmZWT/ZmVk/////wD///8A////AP///wD///8A////AP///wD///8AZmVk/2ZlZP////8AZmVkkWZlZGdmZWRpZmVk/mZlZG5mZWSWZmVk2GZlZFJmZWTXZmVkmf///wBmZWT/ZmVk/////wD///8A////AP///wD///8A////AP///wD///8AZmVk/2ZlZP////8AZmVkV2ZlZN1mZWT4ZmVkumZlZBJmZWQRZmVkumZlZPlmZWS+ZmVkE////wBmZWT/ZmVk/////wD///8A////AP///wD///8A////AP///wD///8AZmVk/2ZlZP////8A////AP///wD///8A////AP///wD///8A////AP///wD///8A////AP///wBmZWT/ZmVk/////wD///8A////AP///wD///8A////AP///wD///8AZmVk/2ZlZP9mZWQ8////AP///wD///8A////AP///wD///8A////AP///wD///8A////AGZlZDxmZWT/ZmVk/////wD///8A////AP///wD///8A////AP///wD///8AZmVk5mZlZP9mZWT/ZmVk/2ZlZP9mZWT/ZmVk/2ZlZP9mZWT/ZmVk/2ZlZP9mZWT/ZmVk/2ZlZP9mZWT/ZmVk5v///wD///8A////AP///wD///8A////AP///wD///8AZmVkSWZlZOZmZWT/ZmVk/2ZlZP9mZWT/ZmVk/2ZlZP9mZWT/ZmVk/2ZlZP9mZWT/ZmVk/2ZlZP9mZWTmZmVkSf///wD///8A////AP///wD///8A////AP///wD///8A////AP///wD///8AZmVk/2ZlZP////8A////AGZlZP9mZWT/////AP///wBmZWT/ZmVk/////wD///8A////AP///wD///8A////AP///wD///8A////AP///wD///8A////AP///wD///8AZmVk/2ZlZP////8A////AGZlZP9mZWT/////AP///wBmZWT/ZmVk/////wD///8A////AP///wD///8A////AP///wD///8A////AP///wD///8A////AP///wD///8A////AP///wD///8A////AP///wD///8A////AP///wD///8A////AP///wD///8A////AP///wD///8A////AP///wD///8A////AP///wD///8A////AP///wD///8A////AP///wD///8A////AP///wD///8A////AP///wD///8A////AP///wD///8A////AP///wD///8A////AP///wD///8A////AP///wD///8A////AP///wD///8A////AP///wD///8A////AP///wD///8A////AP///wD///8A////AP///wD///8A////AP///wD///8A////AP///wAAAAAAAAAAAAAAAAAAAAAAAAAAAAAAAAAAAAAAAAAAAAAAAAAAAAAAAAAAAAAAAAAAAAAAAAAAAAAAAAAAAAAAAAAAAAAAAAAAAAAAAAAAAAAAAAAAAAAAAAAAAAAAAAA=</IcoData>
      </ToDoView>
      <ToDoView Name="By Next Alert" Visible="false">
        <UI ActionFlt="4" UseAdvFlt="true">
          <HightlightFormat bold="1" inherit="0" options="0"/>
        </UI>
        <Group>
          <Grp1 GroupBy="18"/>
        </Group>
        <Sort Srt1="16" Srt2="1" Srt3="1" Srt4="1" Manual="false"/>
        <AdvFlt>
          <RootRule>
            <Rule Field="Reminder" ConditionName="is true" ConditionID="310"/>
          </RootRule>
        </AdvFlt>
        <AdvFltParent/>
        <AdvFltChild/>
        <Columns>
          <Column ID="0" Pos="0" Width="532"/>
          <Column ID="7" Pos="7" Width="79"/>
          <Column ID="18" Pos="18" Width="131"/>
          <Column ID="27" Pos="27" Width="22"/>
        </Columns>
        <IcoData Caption="By Next Alert">AAABAAEAGBgAAAEAIACICQAAFgAAACgAAAAYAAAAMAAAAAEAIAAAAAAAYAkAAAAAAAAAAAAAAAAAAAAAAAD///8A////AP///wD///8A////AP///wD///8A////AP///wD///8A////AP///wD///8A////AP///wD///8A////AP///wD///8A////AP///wD///8A////AP///wD///8A////AP///wD///8A////AP///wD///8A////AP///wD///8A////AP///wD///8A////AP///wD///8A////AP///wD///8A////AP///wD///8A////AP///wD///8A////AP///wD///8A////AP///wD///8A////AP///wD///8A////AP///wD///8A////AP///wD///8A////AP///wD///8A////AP///wD///8A////AP///wD///8A////AP///wD///8A////AP///wD///8A////AP///wBmZWQoZmVkxWZlZPhmZWS+ZmVkJ////wD///8A////AP///wD///8A////AP///wD///8A////AP///wD///8A////AP///wD///8A////AP///wD///8A////AP///wBmZWTVZmVk/2ZlZP9mZWT/ZmVk1f///wD///8A////AP///wD///8A////AP///wD///8A////AP///wD///8A////AP///wD///8AZmVk12ZlZP9mZWT/ZmVk/2ZlZP9mZWT/ZmVk/2ZlZP9mZWT/ZmVk/2ZlZP9mZWT/ZmVk/2ZlZP9mZWTY////AP///wD///8A////AP///wD///8A////AP///wD///8AZmVkiGZlZP9mZWT/ZmVk/2ZlZP9mZWT/ZmVk/2ZlZP9mZWT/ZmVk/2ZlZP9mZWT/ZmVk/2ZlZP9mZWSJ////AP///wD///8A////AP///wD///8A////AP///wD///8AZmVkOWZlZP9mZWT/////AP///wD///8A////AP///wD///8A////AP///wD///8AZmVk/2ZlZP9mZWQ5////AP///wD///8A////AP///wD///8A////AP///wD///8AZmVkAmZlZP9mZWT/////AP///wD///8A////AP///wD///8A////AP///wD///8AZmVk/2ZlZP9mZWQC////AP///wD///8A////AP///wD///8A////AP///wD///8A////AGZlZP9mZWT/////AP///wD///8A////AP///wD///8A////AP///wD///8AZmVk/2ZlZP////8A////AP///wD///8A////AP///wD///8A////AP///wD///8A////AGZlZP9mZWT/////AP///wD///8A////AP///wD///8A////AP///wD///8AZmVk/2ZlZP////8A////AP///wD///8A////AP///wD///8A////AP///wD///8A////AGZlZP9mZWT/////AP///wD///8A////AP///wD///8A////AP///wD///8AZmVk/2ZlZP////8A////AP///wD///8A////AP///wD///8A////AP///wD///8A////AGZlZP9mZWT/////AP///wD///8A////AP///wD///8A////AP///wD///8AZmVk/2ZlZP////8A////AP///wD///8A////AP///wD///8A////AP///wD///8A////AGZlZP9mZWT/////AP///wD///8A////AP///wD///8A////AP///wD///8AZmVk/2ZlZP////8A////AP///wD///8A////AP///wD///8A////AP///wD///8A////AGZlZO9mZWT/ZmVkEP///wD///8A////AP///wD///8A////AP///wBmZWQOZmVk/2ZlZOj///8A////AP///wD///8A////AP///wD///8A////AP///wD///8A////AGZlZKpmZWT/ZmVkXf///wD///8A////AP///wD///8A////AP///wBmZWRbZmVk/2ZlZKP///8A////AP///wD///8A////AP///wD///8A////AP///wD///8A////AGZlZDxmZWT+ZmVk5WZlZCD///8A////AP///wD///8A////AGZlZCBmZWTlZmVk/mZlZDj///8A////AP///wD///8A////AP///wD///8A////AP///wD///8A////AP///wBmZWSMZmVk/2ZlZOxmZWRyZmVkIGZlZARmZWQgZmVkcmZlZOxmZWT/ZmVkkP///wD///8A////AP///wD///8A////AP///wD///8A////AP///wD///8A////AP///wBmZWQBZmVkkWZlZP5mZWT/ZmVk/2ZlZP9mZWT/ZmVk/2ZlZP5mZWSUZmVkA////wD///8A////AP///wD///8A////AP///wD///8A////AP///wD///8A////AP///wD///8A////AGZlZDxmZWSmZmVk/2ZlZP9mZWT/ZmVkpWZlZDr///8A////AP///wD///8A////AP///wD///8A////AP///wD///8A////AP///wD///8A////AP///wD///8A////AP///wD///8AZmVk/2ZlZP9mZWT/////AP///wD///8A////AP///wD///8A////AP///wD///8A////AP///wD///8A////AP///wD///8A////AP///wD///8A////AP///wD///8AZmVk0WZlZP9mZWTS////AP///wD///8A////AP///wD///8A////AP///wD///8A////AP///wD///8A////AP///wD///8A////AP///wD///8A////AP///wD///8A////AP///wD///8A////AP///wD///8A////AP///wD///8A////AP///wD///8A////AP///wD///8A////AP///wD///8A////AP///wD///8A////AP///wD///8A////AP///wD///8A////AP///wD///8A////AP///wD///8A////AP///wD///8A////AP///wAAAAAAAAAAAAAAAAAAAAAAAAAAAAAAAAAAAAAAAAAAAAAAAAAAAAAAAAAAAAAAAAAAAAAAAAAAAAAAAAAAAAAAAAAAAAAAAAAAAAAAAAAAAAAAAAAAAAAAAAAAAAAAAAA=</IcoData>
      </ToDoView>
      <ToDoView Name="Missed Reminders" CounterType="3" CounterHideIfZero="true">
        <UI ActionFlt="4" UseAdvFlt="true">
          <HightlightFormat bold="1" inherit="0" options="0"/>
        </UI>
        <Group GroupOnlyByDays="true">
          <Grp1 GroupBy="18"/>
        </Group>
        <Sort Srt1="16" Srt2="1" Srt3="1" Srt4="1" Manual="false"/>
        <AdvFlt>
          <RootRule>
            <Rule Field="NextAlertTime" ConditionName="on or before" DataValue="Now" DataType="TDateTime" ConditionID="414"/>
          </RootRule>
        </AdvFlt>
        <AdvFltParent/>
        <AdvFltChild/>
        <Columns>
          <Column ID="0" Pos="0" Width="532"/>
          <Column ID="7" Pos="7" Width="79"/>
          <Column ID="18" Pos="18" Width="131"/>
          <Column ID="27" Pos="27" Width="22"/>
        </Columns>
        <IcoData Caption="Missed Reminders">AAABAAEAGBgAAAEAIACICQAAFgAAACgAAAAYAAAAMAAAAAEAIAAAAAAAYAkAAAAAAAAAAAAAAAAAAAAAAAD///8A////AP///wD///8A////AP///wD///8A////AP///wD///8A////AP///wD///8AZmVkFGZlZIZmZWTTZmVk+mZlZPRmZWTOZmVkg2ZlZBT///8A////AP///wD///8A////AP///wD///8A////AP///wD///8A////AP///wD///8A////AP///wBmZWRUZmVk8mZlZP9mZWT/ZmVk/2ZlZP9mZWT/ZmVk/2ZlZPJmZWRT////AP///wD///8A////AP///wD///8A////AP///wD///8A////AP///wD///8A////AGZlZFNmZWT+ZmVk/2ZlZLFmZWRBZmVkC2ZlZAtmZWRBZmVksmZlZP9mZWT+ZmVkU////wD///8A////AP///wD///8A////AP///wD///8A////AP///wD///8AZmVkFmZlZPFmZWT/ZmVke////wD///8A////AP///wD///8A////AGZlZHtmZWT/ZmVk8WZlZBb///8A////AP///wD///8A////AP///wD///8A////AP///wD///8AZmVkgmZlZP9mZWSy////AP///wD///8AZmVk/2ZlZP////8A////AP///wBmZWSyZmVk/2ZlZIb///8A////AP///wD///8A////AP///wD///8A////AP///wD///8AZmVk0GZlZP9mZWRB////AP///wD///8AZmVk/2ZlZP////8A////AP///wBmZWRBZmVk/2ZlZNH///8A////AP///wD///8A////AP///wD///8A////AP///wD///8AZmVk+GZlZP9mZWQN////AP///wD///8A////AP///wD///8A////AP///wBmZWQMZmVk/2ZlZPP///8A////AP///wD///8A////AP///wD///8A////AP///wD///8AZmVk+GZlZP9mZWQN////AP///wD///8AZmVk/2ZlZP////8A////AP///wBmZWQNZmVk/2ZlZPn///8A////AP///wD///8A////AGZlZDlmZWTbZmVk2////wD///8AZmVk0GZlZP9mZWRB////AP///wD///8AZmVk/2ZlZP////8A////AP///wBmZWRBZmVk/2ZlZNL///8A////AP///wD///8A////AGZlZN1mZWT/ZmVk/////wD///8AZmVkgmZlZP9mZWSz////AP///wD///8AZmVk/2ZlZP////8A////AP///wBmZWSyZmVk/2ZlZIb///8AZmVk12ZlZP9mZWT/ZmVk/2ZlZP9mZWT/ZmVk/////wD///8AZmVkFWZlZPFmZWT/ZmVke////wD///8AZmVk/2ZlZP////8A////AGZlZHtmZWT/ZmVk8WZlZBb///8AZmVkgmZlZP9mZWT/ZmVk/2ZlZP9mZWT/ZmVk/2ZlZCP///8A////AGZlZFNmZWT+ZmVk/2ZlZLJmZWRBZmVkDGZlZAxmZWRBZmVks2ZlZP9mZWT+ZmVkU////wD///8AZmVkL2ZlZP9mZWT/////AP///wD///8A////AP///wD///8A////AP///wBmZWRTZmVk8GZlZP9mZWT/ZmVk/2ZlZP9mZWT/ZmVk/2ZlZPFmZWRT////AP///wD///8A////AGZlZP9mZWT/////AP///wD///8A////AP///wD///8A////AP///wD///8AZmVkFGZlZIZmZWTSZmVk+GZlZPhmZWTQZmVkgmZlZBT///8A////AP///wD///8A////AGZlZP9mZWT/////AP///wD///8A////AP///wD///8AZmVkfmZlZCP///8A////AP///wD///8A////AP///wD///8A////AP///wD///8A////AP///wD///8A////AGZlZP9mZWT/////AP///wD///8A////AP///wD///8AZmVk/2ZlZP////8A////AP///wD///8A////AP///wD///8A////AP///wD///8A////AP///wD///8A////AGZlZP9mZWT/////AP///wD///8A////AP///wD///8AZmVk/2ZlZP////8A////AP///wD///8A////AP///wD///8A////AP///wD///8A////AP///wD///8A////AGZlZP5mZWT/ZmVkB////wD///8A////AP///wBmZWQHZmVk/2ZlZP7///8A////AP///wD///8A////AP///wD///8A////AP///wD///8A////AP///wD///8A////AGZlZOBmZWT/ZmVkT////wD///8A////AP///wBmZWRPZmVk/2ZlZOH///8A////AP///wD///8A////AP///wD///8A////AP///wD///8A////AP///wD///8A////AGZlZH1mZWT/ZmVk62ZlZFZmZWQNZmVkD2ZlZF9mZWTtZmVk/2ZlZH////8A////AP///wD///8A////AP///wD///8A////AP///wD///8A////AP///wD///8A////AGZlZAZmZWSxZmVk/2ZlZP9mZWT/ZmVk/2ZlZP9mZWT/ZmVks2ZlZAb///8A////AP///wD///8A////AP///wD///8A////AP///wD///8A////AP///wD///8A////AP///wBmZWQBZmVkX2ZlZMJmZWT/ZmVk/2ZlZMJmZWRfZmVkAf///wD///8A////AP///wD///8A////AP///wD///8A////AP///wD///8A////AP///wD///8A////AP///wD///8A////AP///wBmZWT/ZmVk/////wD///8A////AP///wD///8A////AP///wD///8A////AP///wD///8A////AP///wD///8A////AP///wD///8A////AP///wD///8A////AP///wBmZWTDZmVkw////wD///8A////AP///wD///8A////AP///wD///8A////AP///wD///8A////AP///wD///8A////AP///wAAAAAAAAAAAAAAAAAAAAAAAAAAAAAAAAAAAAAAAAAAAAAAAAAAAAAAAAAAAAAAAAAAAAAAAAAAAAAAAAAAAAAAAAAAAAAAAAAAAAAAAAAAAAAAAAAAAAAAAAAAAAAAAAA=</IcoData>
      </ToDoView>
      <ToDoView Name="By Start Date 1">
        <UI ActionFlt="4" UseAdvFlt="true">
          <HightlightFormat bold="1" inherit="0" options="0"/>
        </UI>
        <Group>
          <Grp1 GroupBy="9"/>
        </Group>
        <Sort Srt1="14" Srt2="1" Srt3="1" Srt4="1" Manual="false"/>
        <AdvFlt>
          <RootRule>
            <Rule Field="StartDateTime" ConditionName="exists" ConditionID="429"/>
          </RootRule>
        </AdvFlt>
        <AdvFltParent/>
        <AdvFltChild/>
        <Columns>
          <Column ID="0" Pos="0" Width="935"/>
          <Column ID="3" Pos="3" Width="100"/>
          <Column ID="7" Pos="7" Width="79"/>
          <Column ID="27" Pos="27" Width="22"/>
        </Columns>
      </ToDoView>
      <ToDoView Name="By Due Date 1">
        <UI ActionFlt="4" UseAdvFlt="true">
          <HightlightFormat bold="1" inherit="0" options="0"/>
        </UI>
        <Group>
          <Grp1 GroupBy="10"/>
        </Group>
        <Sort Srt1="4" Srt2="1" Srt3="1" Srt4="1" Manual="false"/>
        <AdvFlt>
          <RootRule>
            <Rule Field="DueDateTime" ConditionName="exists" ConditionID="429"/>
          </RootRule>
        </AdvFlt>
        <AdvFltParent/>
        <AdvFltChild/>
        <Columns>
          <Column ID="0" Pos="0" Width="927"/>
          <Column ID="4" Pos="4" Width="100"/>
          <Column ID="7" Pos="7" Width="79"/>
          <Column ID="27" Pos="27" Width="22"/>
        </Columns>
      </ToDoView>
    </ToDoView>
    <ToDoView Name="Completed" Visible="false" IsFolder="true">
      <UI ActionFlt="4">
        <HightlightFormat bold="1" inherit="0" options="0"/>
      </UI>
      <Group/>
      <Sort Srt1="1" Srt2="1" Srt3="1" Srt4="1" Manual="false"/>
      <AdvFlt/>
      <AdvFltParent/>
      <AdvFltChild/>
      <Columns>
        <Column ID="0" Pos="0" Width="481"/>
        <Column ID="4" Pos="4" Width="100"/>
        <Column ID="7" Pos="7" Width="79"/>
        <Column ID="27" Pos="27" Width="22"/>
      </Columns>
      <ToDoView Name="Completed in Outline">
        <UI ActionFlt="4" UseAdvFlt="true" UseHierarchy="true">
          <HightlightFormat bold="1" inherit="0" options="0"/>
        </UI>
        <Group/>
        <Sort Srt1="1" Srt2="1" Srt3="1" Srt4="1" Manual="false"/>
        <AdvFlt>
          <RootRule>
            <Rule Field="Complete" ConditionName="is true" ConditionID="310"/>
          </RootRule>
        </AdvFlt>
        <AdvFltParent/>
        <AdvFltChild/>
        <Columns>
          <Column ID="0" Pos="0" Width="347"/>
          <Column ID="7" Pos="7" Width="79"/>
          <Column ID="13" Pos="13" Width="100"/>
          <Column ID="27" Pos="27" Width="22"/>
        </Columns>
        <IcoData Caption="Completed in Outline">AAABAAEAGBgAAAEAIACICQAAFgAAACgAAAAYAAAAMAAAAAEAIAAAAAAAYAkAAAAAAAAAAAAAAAAAAAAAAAD///8A////AP///wD///8A////AP///wD///8A////AP///wD///8A////AP///wD///8A////AP///wD///8A////AP///wD///8A////AP///wD///8A////AP///wD///8A////AP///wD///8A////AP///wD///8A////AP///wD///8A////AP///wD///8A////AP///wD///8A////AP///wD///8A////AP///wD///8A////AP///wD///8A////AP///wD///8A////AP///wD///8A////AP///wD///8A////AP///wD///8A////AP///wD///8A////AP///wD///8A////AP///wD///8A////AP///wD///8A////AP///wD///8A////AP///wD///8A////AP///wD///8A////AP///wD///8A////AP///wD///8A////AP///wD///8A////AP///wD///8A////AP///wD///8A////AP///wD///8AZmVkSmZlZOdmZWT/ZmVk/2ZlZP9mZWT/ZmVk/2ZlZP9mZWT/ZmVk/2ZlZP9mZWT/ZmVk/2ZlZP9mZWTkZmVkSv///wD///8A////AP///wD///8A////AP///wD///8AZmVk5mZlZP9mZWT/ZmVk/2ZlZP9mZWT/ZmVk/2ZlZP9mZWT/ZmVk/2ZlZP9mZWT/ZmVk/2ZlZP9mZWT/ZmVk5////wD///8A////AP///wD///8A////AP///wD///8AZmVk/2ZlZP9mZWQ8////AP///wD///8A////AP///wD///8A////AP///wD///8A////AGZlZDtmZWT/ZmVk/////wD///8A////AP///wD///8A////AP///wD///8AZmVk/2ZlZP////8A////AP///wD///8AZmVkCP///wD///8A////AP///wD///8A////AP///wBmZWT/ZmVk/////wD///8A////AP///wD///8A////AP///wD///8AZmVk/2ZlZP////8A////AP///wBmZWQ1ZmVk5mZlZD7///8A////AP///wD///8A////AP///wBmZWT/ZmVk/////wD///8A////AP///wD///8A////AP///wD///8AZmVk/2ZlZP////8A////AGZlZDRmZWTwZmVk/2ZlZPRmZWQ8////AP///wD///8A////AP///wBmZWT/ZmVk/////wD///8A////AP///wD///8A////AP///wD///8AZmVk/2ZlZP////8AZmVkMGZlZOxmZWT/ZmVk/2ZlZP9mZWTyZmVkO////wD///8A////AP///wBmZWT/ZmVk/////wD///8A////AP///wD///8A////AP///wD///8AZmVk/2ZlZP9mZWQGZmVk4WZlZP9mZWTzZmVkamZlZPBmZWT/ZmVk8WZlZDr///8A////AP///wBmZWT/ZmVk/////wD///8A////AP///wD///8A////AP///wD///8AZmVk/2ZlZP////8AZmVkP2ZlZOpmZWQ9////AGZlZDVmZWTwZmVk/2ZlZPBmZWQ3////AP///wBmZWT/ZmVk/////wD///8A////AP///wD///8A////AP///wD///8AZmVk/2ZlZP////8A////AGZlZAn///8A////AP///wBmZWQ3ZmVk8GZlZP9mZWTwZmVkNf///wBmZWT/ZmVk/////wD///8A////AP///wD///8A////AP///wD///8AZmVk/2ZlZP////8A////AP///wD///8A////AP///wD///8AZmVkOmZlZPFmZWT/ZmVk4mZlZAZmZWT/ZmVk/////wD///8A////AP///wD///8A////AP///wD///8AZmVk/2ZlZP////8A////AP///wD///8A////AP///wD///8A////AGZlZDtmZWTkZmVkO////wBmZWT/ZmVk/////wD///8A////AP///wD///8A////AP///wD///8AZmVk/2ZlZP////8A////AP///wD///8A////AP///wD///8A////AP///wBmZWQJ////AP///wBmZWT/ZmVk/////wD///8A////AP///wD///8A////AP///wD///8AZmVk/2ZlZP9mZWQ8////AP///wD///8A////AP///wD///8A////AP///wD///8A////AGZlZDxmZWT/ZmVk/////wD///8A////AP///wD///8A////AP///wD///8AZmVk5mZlZP9mZWT/ZmVk/2ZlZP9mZWT/ZmVk/2ZlZP9mZWT/ZmVk/2ZlZP9mZWT/ZmVk/2ZlZP9mZWT/ZmVk5v///wD///8A////AP///wD///8A////AP///wD///8AZmVkSWZlZOZmZWT/ZmVk/2ZlZP9mZWT/ZmVk/2ZlZP9mZWT/ZmVk/2ZlZP9mZWT/ZmVk/2ZlZP9mZWTmZmVkSf///wD///8A////AP///wD///8A////AP///wD///8A////AP///wD///8A////AP///wD///8A////AP///wD///8A////AP///wD///8A////AP///wD///8A////AP///wD///8A////AP///wD///8A////AP///wD///8A////AP///wD///8A////AP///wD///8A////AP///wD///8A////AP///wD///8A////AP///wD///8A////AP///wD///8A////AP///wD///8A////AP///wD///8A////AP///wD///8A////AP///wD///8A////AP///wD///8A////AP///wD///8A////AP///wD///8A////AP///wD///8A////AP///wD///8A////AP///wD///8A////AP///wD///8A////AP///wD///8A////AP///wD///8A////AP///wD///8A////AP///wD///8A////AP///wD///8A////AP///wAAAAAAAAAAAAAAAAAAAAAAAAAAAAAAAAAAAAAAAAAAAAAAAAAAAAAAAAAAAAAAAAAAAAAAAAAAAAAAAAAAAAAAAAAAAAAAAAAAAAAAAAAAAAAAAAAAAAAAAAAAAAAAAAA=</IcoData>
      </ToDoView>
      <ToDoView Name="Completed by Context">
        <UI ActionFlt="4" UseAdvFlt="true">
          <HightlightFormat bold="1" inherit="0" options="0"/>
        </UI>
        <Group>
          <Grp1 GroupBy="2"/>
        </Group>
        <Sort Srt1="-2" Srt2="1" Srt3="1" Srt4="1" Manual="false"/>
        <AdvFlt>
          <RootRule>
            <Rule Field="Complete" ConditionName="is true" ConditionID="310"/>
          </RootRule>
        </AdvFlt>
        <AdvFltParent/>
        <AdvFltChild/>
        <Columns>
          <Column ID="0" Pos="0" Width="347"/>
          <Column ID="7" Pos="7" Width="79"/>
          <Column ID="13" Pos="13" Width="100"/>
          <Column ID="27" Pos="27" Width="22"/>
        </Columns>
        <IcoData Caption="Completed in Outline">AAABAAEAGBgAAAEAIACICQAAFgAAACgAAAAYAAAAMAAAAAEAIAAAAAAAYAkAAAAAAAAAAAAAAAAAAAAAAAD///8A////AP///wD///8A////AP///wD///8A////AP///wD///8A////AP///wD///8A////AP///wD///8A////AP///wD///8A////AP///wD///8A////AP///wD///8A////AP///wD///8A////AP///wD///8A////AP///wD///8A////AP///wD///8A////AP///wD///8A////AP///wD///8A////AP///wD///8A////AP///wD///8A////AP///wD///8A////AP///wD///8A////AP///wD///8A////AP///wD///8A////AP///wD///8A////AP///wD///8A////AP///wD///8A////AP///wD///8A////AP///wD///8A////AP///wD///8A////AP///wD///8A////AP///wD///8A////AP///wD///8A////AP///wD///8A////AP///wD///8A////AP///wD///8A////AP///wD///8AZmVkSmZlZOdmZWT/ZmVk/2ZlZP9mZWT/ZmVk/2ZlZP9mZWT/ZmVk/2ZlZP9mZWT/ZmVk/2ZlZP9mZWTkZmVkSv///wD///8A////AP///wD///8A////AP///wD///8AZmVk5mZlZP9mZWT/ZmVk/2ZlZP9mZWT/ZmVk/2ZlZP9mZWT/ZmVk/2ZlZP9mZWT/ZmVk/2ZlZP9mZWT/ZmVk5////wD///8A////AP///wD///8A////AP///wD///8AZmVk/2ZlZP9mZWQ8////AP///wD///8A////AP///wD///8A////AP///wD///8A////AGZlZDtmZWT/ZmVk/////wD///8A////AP///wD///8A////AP///wD///8AZmVk/2ZlZP////8A////AP///wD///8AZmVkCP///wD///8A////AP///wD///8A////AP///wBmZWT/ZmVk/////wD///8A////AP///wD///8A////AP///wD///8AZmVk/2ZlZP////8A////AP///wBmZWQ1ZmVk5mZlZD7///8A////AP///wD///8A////AP///wBmZWT/ZmVk/////wD///8A////AP///wD///8A////AP///wD///8AZmVk/2ZlZP////8A////AGZlZDRmZWTwZmVk/2ZlZPRmZWQ8////AP///wD///8A////AP///wBmZWT/ZmVk/////wD///8A////AP///wD///8A////AP///wD///8AZmVk/2ZlZP////8AZmVkMGZlZOxmZWT/ZmVk/2ZlZP9mZWTyZmVkO////wD///8A////AP///wBmZWT/ZmVk/////wD///8A////AP///wD///8A////AP///wD///8AZmVk/2ZlZP9mZWQGZmVk4WZlZP9mZWTzZmVkamZlZPBmZWT/ZmVk8WZlZDr///8A////AP///wBmZWT/ZmVk/////wD///8A////AP///wD///8A////AP///wD///8AZmVk/2ZlZP////8AZmVkP2ZlZOpmZWQ9////AGZlZDVmZWTwZmVk/2ZlZPBmZWQ3////AP///wBmZWT/ZmVk/////wD///8A////AP///wD///8A////AP///wD///8AZmVk/2ZlZP////8A////AGZlZAn///8A////AP///wBmZWQ3ZmVk8GZlZP9mZWTwZmVkNf///wBmZWT/ZmVk/////wD///8A////AP///wD///8A////AP///wD///8AZmVk/2ZlZP////8A////AP///wD///8A////AP///wD///8AZmVkOmZlZPFmZWT/ZmVk4mZlZAZmZWT/ZmVk/////wD///8A////AP///wD///8A////AP///wD///8AZmVk/2ZlZP////8A////AP///wD///8A////AP///wD///8A////AGZlZDtmZWTkZmVkO////wBmZWT/ZmVk/////wD///8A////AP///wD///8A////AP///wD///8AZmVk/2ZlZP////8A////AP///wD///8A////AP///wD///8A////AP///wBmZWQJ////AP///wBmZWT/ZmVk/////wD///8A////AP///wD///8A////AP///wD///8AZmVk/2ZlZP9mZWQ8////AP///wD///8A////AP///wD///8A////AP///wD///8A////AGZlZDxmZWT/ZmVk/////wD///8A////AP///wD///8A////AP///wD///8AZmVk5mZlZP9mZWT/ZmVk/2ZlZP9mZWT/ZmVk/2ZlZP9mZWT/ZmVk/2ZlZP9mZWT/ZmVk/2ZlZP9mZWT/ZmVk5v///wD///8A////AP///wD///8A////AP///wD///8AZmVkSWZlZOZmZWT/ZmVk/2ZlZP9mZWT/ZmVk/2ZlZP9mZWT/ZmVk/2ZlZP9mZWT/ZmVk/2ZlZP9mZWTmZmVkSf///wD///8A////AP///wD///8A////AP///wD///8A////AP///wD///8A////AP///wD///8A////AP///wD///8A////AP///wD///8A////AP///wD///8A////AP///wD///8A////AP///wD///8A////AP///wD///8A////AP///wD///8A////AP///wD///8A////AP///wD///8A////AP///wD///8A////AP///wD///8A////AP///wD///8A////AP///wD///8A////AP///wD///8A////AP///wD///8A////AP///wD///8A////AP///wD///8A////AP///wD///8A////AP///wD///8A////AP///wD///8A////AP///wD///8A////AP///wD///8A////AP///wD///8A////AP///wD///8A////AP///wD///8A////AP///wD///8A////AP///wD///8A////AP///wD///8A////AP///wAAAAAAAAAAAAAAAAAAAAAAAAAAAAAAAAAAAAAAAAAAAAAAAAAAAAAAAAAAAAAAAAAAAAAAAAAAAAAAAAAAAAAAAAAAAAAAAAAAAAAAAAAAAAAAAAAAAAAAAAAAAAAAAAA=</IcoData>
      </ToDoView>
      <ToDoView Name="Completed by Project">
        <UI ActionFlt="4" UseAdvFlt="true">
          <HightlightFormat bold="1" inherit="0" options="0"/>
        </UI>
        <Group>
          <Grp1 GroupBy="6" Asc="false"/>
        </Group>
        <Sort Srt1="-2" Srt2="1" Srt3="1" Srt4="1" Manual="false"/>
        <AdvFlt>
          <RootRule>
            <Rule Field="Complete" ConditionName="is true" ConditionID="310"/>
            <Rule Field="ProjectName" ConditionName="is not empty" ConditionID="519"/>
          </RootRule>
        </AdvFlt>
        <AdvFltParent/>
        <AdvFltChild/>
        <Columns>
          <Column ID="0" Pos="0" Width="347"/>
          <Column ID="7" Pos="7" Width="79"/>
          <Column ID="13" Pos="13" Width="100"/>
          <Column ID="27" Pos="27" Width="22"/>
        </Columns>
        <IcoData Caption="Completed in Outline">AAABAAEAGBgAAAEAIACICQAAFgAAACgAAAAYAAAAMAAAAAEAIAAAAAAAYAkAAAAAAAAAAAAAAAAAAAAAAAD///8A////AP///wD///8A////AP///wD///8A////AP///wD///8A////AP///wD///8A////AP///wD///8A////AP///wD///8A////AP///wD///8A////AP///wD///8A////AP///wD///8A////AP///wD///8A////AP///wD///8A////AP///wD///8A////AP///wD///8A////AP///wD///8A////AP///wD///8A////AP///wD///8A////AP///wD///8A////AP///wD///8A////AP///wD///8A////AP///wD///8A////AP///wD///8A////AP///wD///8A////AP///wD///8A////AP///wD///8A////AP///wD///8A////AP///wD///8A////AP///wD///8A////AP///wD///8A////AP///wD///8A////AP///wD///8A////AP///wD///8A////AP///wD///8A////AP///wD///8AZmVkSmZlZOdmZWT/ZmVk/2ZlZP9mZWT/ZmVk/2ZlZP9mZWT/ZmVk/2ZlZP9mZWT/ZmVk/2ZlZP9mZWTkZmVkSv///wD///8A////AP///wD///8A////AP///wD///8AZmVk5mZlZP9mZWT/ZmVk/2ZlZP9mZWT/ZmVk/2ZlZP9mZWT/ZmVk/2ZlZP9mZWT/ZmVk/2ZlZP9mZWT/ZmVk5////wD///8A////AP///wD///8A////AP///wD///8AZmVk/2ZlZP9mZWQ8////AP///wD///8A////AP///wD///8A////AP///wD///8A////AGZlZDtmZWT/ZmVk/////wD///8A////AP///wD///8A////AP///wD///8AZmVk/2ZlZP////8A////AP///wD///8AZmVkCP///wD///8A////AP///wD///8A////AP///wBmZWT/ZmVk/////wD///8A////AP///wD///8A////AP///wD///8AZmVk/2ZlZP////8A////AP///wBmZWQ1ZmVk5mZlZD7///8A////AP///wD///8A////AP///wBmZWT/ZmVk/////wD///8A////AP///wD///8A////AP///wD///8AZmVk/2ZlZP////8A////AGZlZDRmZWTwZmVk/2ZlZPRmZWQ8////AP///wD///8A////AP///wBmZWT/ZmVk/////wD///8A////AP///wD///8A////AP///wD///8AZmVk/2ZlZP////8AZmVkMGZlZOxmZWT/ZmVk/2ZlZP9mZWTyZmVkO////wD///8A////AP///wBmZWT/ZmVk/////wD///8A////AP///wD///8A////AP///wD///8AZmVk/2ZlZP9mZWQGZmVk4WZlZP9mZWTzZmVkamZlZPBmZWT/ZmVk8WZlZDr///8A////AP///wBmZWT/ZmVk/////wD///8A////AP///wD///8A////AP///wD///8AZmVk/2ZlZP////8AZmVkP2ZlZOpmZWQ9////AGZlZDVmZWTwZmVk/2ZlZPBmZWQ3////AP///wBmZWT/ZmVk/////wD///8A////AP///wD///8A////AP///wD///8AZmVk/2ZlZP////8A////AGZlZAn///8A////AP///wBmZWQ3ZmVk8GZlZP9mZWTwZmVkNf///wBmZWT/ZmVk/////wD///8A////AP///wD///8A////AP///wD///8AZmVk/2ZlZP////8A////AP///wD///8A////AP///wD///8AZmVkOmZlZPFmZWT/ZmVk4mZlZAZmZWT/ZmVk/////wD///8A////AP///wD///8A////AP///wD///8AZmVk/2ZlZP////8A////AP///wD///8A////AP///wD///8A////AGZlZDtmZWTkZmVkO////wBmZWT/ZmVk/////wD///8A////AP///wD///8A////AP///wD///8AZmVk/2ZlZP////8A////AP///wD///8A////AP///wD///8A////AP///wBmZWQJ////AP///wBmZWT/ZmVk/////wD///8A////AP///wD///8A////AP///wD///8AZmVk/2ZlZP9mZWQ8////AP///wD///8A////AP///wD///8A////AP///wD///8A////AGZlZDxmZWT/ZmVk/////wD///8A////AP///wD///8A////AP///wD///8AZmVk5mZlZP9mZWT/ZmVk/2ZlZP9mZWT/ZmVk/2ZlZP9mZWT/ZmVk/2ZlZP9mZWT/ZmVk/2ZlZP9mZWT/ZmVk5v///wD///8A////AP///wD///8A////AP///wD///8AZmVkSWZlZOZmZWT/ZmVk/2ZlZP9mZWT/ZmVk/2ZlZP9mZWT/ZmVk/2ZlZP9mZWT/ZmVk/2ZlZP9mZWTmZmVkSf///wD///8A////AP///wD///8A////AP///wD///8A////AP///wD///8A////AP///wD///8A////AP///wD///8A////AP///wD///8A////AP///wD///8A////AP///wD///8A////AP///wD///8A////AP///wD///8A////AP///wD///8A////AP///wD///8A////AP///wD///8A////AP///wD///8A////AP///wD///8A////AP///wD///8A////AP///wD///8A////AP///wD///8A////AP///wD///8A////AP///wD///8A////AP///wD///8A////AP///wD///8A////AP///wD///8A////AP///wD///8A////AP///wD///8A////AP///wD///8A////AP///wD///8A////AP///wD///8A////AP///wD///8A////AP///wD///8A////AP///wD///8A////AP///wD///8A////AP///wAAAAAAAAAAAAAAAAAAAAAAAAAAAAAAAAAAAAAAAAAAAAAAAAAAAAAAAAAAAAAAAAAAAAAAAAAAAAAAAAAAAAAAAAAAAAAAAAAAAAAAAAAAAAAAAAAAAAAAAAAAAAAAAAA=</IcoData>
      </ToDoView>
      <ToDoView Name="Completed by Flag">
        <UI ActionFlt="4" UseAdvFlt="true">
          <HightlightFormat bold="1" inherit="0" options="0"/>
        </UI>
        <Group>
          <Grp1 GroupBy="26"/>
        </Group>
        <Sort Srt1="-2" Srt2="1" Srt3="1" Srt4="1" Manual="false"/>
        <AdvFlt>
          <RootRule>
            <Rule Field="Complete" ConditionName="is true" ConditionID="310"/>
          </RootRule>
        </AdvFlt>
        <AdvFltParent/>
        <AdvFltChild/>
        <Columns>
          <Column ID="0" Pos="0" Width="378"/>
          <Column ID="1" Pos="1" Width="21"/>
          <Column ID="7" Pos="7" Width="79"/>
          <Column ID="13" Pos="13" Width="145"/>
          <Column ID="27" Pos="27" Width="22"/>
        </Columns>
        <IcoData Caption="Completed in Outline">AAABAAEAGBgAAAEAIACICQAAFgAAACgAAAAYAAAAMAAAAAEAIAAAAAAAYAkAAAAAAAAAAAAAAAAAAAAAAAD///8A////AP///wD///8A////AP///wD///8A////AP///wD///8A////AP///wD///8A////AP///wD///8A////AP///wD///8A////AP///wD///8A////AP///wD///8A////AP///wD///8A////AP///wD///8A////AP///wD///8A////AP///wD///8A////AP///wD///8A////AP///wD///8A////AP///wD///8A////AP///wD///8A////AP///wD///8A////AP///wD///8A////AP///wD///8A////AP///wD///8A////AP///wD///8A////AP///wD///8A////AP///wD///8A////AP///wD///8A////AP///wD///8A////AP///wD///8A////AP///wD///8A////AP///wD///8A////AP///wD///8A////AP///wD///8A////AP///wD///8A////AP///wD///8A////AP///wD///8AZmVkSmZlZOdmZWT/ZmVk/2ZlZP9mZWT/ZmVk/2ZlZP9mZWT/ZmVk/2ZlZP9mZWT/ZmVk/2ZlZP9mZWTkZmVkSv///wD///8A////AP///wD///8A////AP///wD///8AZmVk5mZlZP9mZWT/ZmVk/2ZlZP9mZWT/ZmVk/2ZlZP9mZWT/ZmVk/2ZlZP9mZWT/ZmVk/2ZlZP9mZWT/ZmVk5////wD///8A////AP///wD///8A////AP///wD///8AZmVk/2ZlZP9mZWQ8////AP///wD///8A////AP///wD///8A////AP///wD///8A////AGZlZDtmZWT/ZmVk/////wD///8A////AP///wD///8A////AP///wD///8AZmVk/2ZlZP////8A////AP///wD///8AZmVkCP///wD///8A////AP///wD///8A////AP///wBmZWT/ZmVk/////wD///8A////AP///wD///8A////AP///wD///8AZmVk/2ZlZP////8A////AP///wBmZWQ1ZmVk5mZlZD7///8A////AP///wD///8A////AP///wBmZWT/ZmVk/////wD///8A////AP///wD///8A////AP///wD///8AZmVk/2ZlZP////8A////AGZlZDRmZWTwZmVk/2ZlZPRmZWQ8////AP///wD///8A////AP///wBmZWT/ZmVk/////wD///8A////AP///wD///8A////AP///wD///8AZmVk/2ZlZP////8AZmVkMGZlZOxmZWT/ZmVk/2ZlZP9mZWTyZmVkO////wD///8A////AP///wBmZWT/ZmVk/////wD///8A////AP///wD///8A////AP///wD///8AZmVk/2ZlZP9mZWQGZmVk4WZlZP9mZWTzZmVkamZlZPBmZWT/ZmVk8WZlZDr///8A////AP///wBmZWT/ZmVk/////wD///8A////AP///wD///8A////AP///wD///8AZmVk/2ZlZP////8AZmVkP2ZlZOpmZWQ9////AGZlZDVmZWTwZmVk/2ZlZPBmZWQ3////AP///wBmZWT/ZmVk/////wD///8A////AP///wD///8A////AP///wD///8AZmVk/2ZlZP////8A////AGZlZAn///8A////AP///wBmZWQ3ZmVk8GZlZP9mZWTwZmVkNf///wBmZWT/ZmVk/////wD///8A////AP///wD///8A////AP///wD///8AZmVk/2ZlZP////8A////AP///wD///8A////AP///wD///8AZmVkOmZlZPFmZWT/ZmVk4mZlZAZmZWT/ZmVk/////wD///8A////AP///wD///8A////AP///wD///8AZmVk/2ZlZP////8A////AP///wD///8A////AP///wD///8A////AGZlZDtmZWTkZmVkO////wBmZWT/ZmVk/////wD///8A////AP///wD///8A////AP///wD///8AZmVk/2ZlZP////8A////AP///wD///8A////AP///wD///8A////AP///wBmZWQJ////AP///wBmZWT/ZmVk/////wD///8A////AP///wD///8A////AP///wD///8AZmVk/2ZlZP9mZWQ8////AP///wD///8A////AP///wD///8A////AP///wD///8A////AGZlZDxmZWT/ZmVk/////wD///8A////AP///wD///8A////AP///wD///8AZmVk5mZlZP9mZWT/ZmVk/2ZlZP9mZWT/ZmVk/2ZlZP9mZWT/ZmVk/2ZlZP9mZWT/ZmVk/2ZlZP9mZWT/ZmVk5v///wD///8A////AP///wD///8A////AP///wD///8AZmVkSWZlZOZmZWT/ZmVk/2ZlZP9mZWT/ZmVk/2ZlZP9mZWT/ZmVk/2ZlZP9mZWT/ZmVk/2ZlZP9mZWTmZmVkSf///wD///8A////AP///wD///8A////AP///wD///8A////AP///wD///8A////AP///wD///8A////AP///wD///8A////AP///wD///8A////AP///wD///8A////AP///wD///8A////AP///wD///8A////AP///wD///8A////AP///wD///8A////AP///wD///8A////AP///wD///8A////AP///wD///8A////AP///wD///8A////AP///wD///8A////AP///wD///8A////AP///wD///8A////AP///wD///8A////AP///wD///8A////AP///wD///8A////AP///wD///8A////AP///wD///8A////AP///wD///8A////AP///wD///8A////AP///wD///8A////AP///wD///8A////AP///wD///8A////AP///wD///8A////AP///wD///8A////AP///wD///8A////AP///wD///8A////AP///wAAAAAAAAAAAAAAAAAAAAAAAAAAAAAAAAAAAAAAAAAAAAAAAAAAAAAAAAAAAAAAAAAAAAAAAAAAAAAAAAAAAAAAAAAAAAAAAAAAAAAAAAAAAAAAAAAAAAAAAAAAAAAAAAA=</IcoData>
      </ToDoView>
    </ToDoView>
    <ToDoView Name="Recent" IsFolder="true">
      <UI ActionFlt="4">
        <HightlightFormat bold="1" inherit="0" options="0"/>
      </UI>
      <Group/>
      <Sort Srt1="1" Srt2="1" Srt3="1" Srt4="1" Manual="false"/>
      <AdvFlt/>
      <AdvFltParent/>
      <AdvFltChild/>
      <Columns>
        <Column ID="0" Pos="0" Width="481"/>
        <Column ID="4" Pos="4" Width="100"/>
        <Column ID="7" Pos="7" Width="79"/>
        <Column ID="27" Pos="27" Width="22"/>
      </Columns>
      <ToDoView Name="Completed Recently">
        <UI ActionFlt="4" UseAdvFlt="true">
          <HightlightFormat bold="1" inherit="0" options="0"/>
        </UI>
        <Group>
          <Grp1 GroupBy="12" Asc="false"/>
        </Group>
        <Sort Srt1="-2" Srt2="1" Srt3="1" Srt4="1" Manual="false"/>
        <AdvFlt>
          <RootRule>
            <Rule Field="Complete" ConditionName="is true" ConditionID="310"/>
          </RootRule>
        </AdvFlt>
        <AdvFltParent/>
        <AdvFltChild/>
        <Columns>
          <Column ID="0" Pos="0" Width="899"/>
          <Column ID="7" Pos="7" Width="79"/>
          <Column ID="13" Pos="13" Width="100"/>
          <Column ID="27" Pos="27" Width="22"/>
        </Columns>
        <IcoData Caption="Completed in Outline">AAABAAEAGBgAAAEAIACICQAAFgAAACgAAAAYAAAAMAAAAAEAIAAAAAAAYAkAAAAAAAAAAAAAAAAAAAAAAAD///8A////AP///wD///8A////AP///wD///8A////AP///wD///8A////AP///wD///8A////AP///wD///8A////AP///wD///8A////AP///wD///8A////AP///wD///8A////AP///wD///8A////AP///wD///8A////AP///wD///8A////AP///wD///8A////AP///wD///8A////AP///wD///8A////AP///wD///8A////AP///wD///8A////AP///wD///8A////AP///wD///8A////AP///wD///8A////AP///wD///8A////AP///wD///8A////AP///wD///8A////AP///wD///8A////AP///wD///8A////AP///wD///8A////AP///wD///8A////AP///wD///8A////AP///wD///8A////AP///wD///8A////AP///wD///8A////AP///wD///8A////AP///wD///8A////AP///wD///8AZmVkSmZlZOdmZWT/ZmVk/2ZlZP9mZWT/ZmVk/2ZlZP9mZWT/ZmVk/2ZlZP9mZWT/ZmVk/2ZlZP9mZWTkZmVkSv///wD///8A////AP///wD///8A////AP///wD///8AZmVk5mZlZP9mZWT/ZmVk/2ZlZP9mZWT/ZmVk/2ZlZP9mZWT/ZmVk/2ZlZP9mZWT/ZmVk/2ZlZP9mZWT/ZmVk5////wD///8A////AP///wD///8A////AP///wD///8AZmVk/2ZlZP9mZWQ8////AP///wD///8A////AP///wD///8A////AP///wD///8A////AGZlZDtmZWT/ZmVk/////wD///8A////AP///wD///8A////AP///wD///8AZmVk/2ZlZP////8A////AP///wD///8AZmVkCP///wD///8A////AP///wD///8A////AP///wBmZWT/ZmVk/////wD///8A////AP///wD///8A////AP///wD///8AZmVk/2ZlZP////8A////AP///wBmZWQ1ZmVk5mZlZD7///8A////AP///wD///8A////AP///wBmZWT/ZmVk/////wD///8A////AP///wD///8A////AP///wD///8AZmVk/2ZlZP////8A////AGZlZDRmZWTwZmVk/2ZlZPRmZWQ8////AP///wD///8A////AP///wBmZWT/ZmVk/////wD///8A////AP///wD///8A////AP///wD///8AZmVk/2ZlZP////8AZmVkMGZlZOxmZWT/ZmVk/2ZlZP9mZWTyZmVkO////wD///8A////AP///wBmZWT/ZmVk/////wD///8A////AP///wD///8A////AP///wD///8AZmVk/2ZlZP9mZWQGZmVk4WZlZP9mZWTzZmVkamZlZPBmZWT/ZmVk8WZlZDr///8A////AP///wBmZWT/ZmVk/////wD///8A////AP///wD///8A////AP///wD///8AZmVk/2ZlZP////8AZmVkP2ZlZOpmZWQ9////AGZlZDVmZWTwZmVk/2ZlZPBmZWQ3////AP///wBmZWT/ZmVk/////wD///8A////AP///wD///8A////AP///wD///8AZmVk/2ZlZP////8A////AGZlZAn///8A////AP///wBmZWQ3ZmVk8GZlZP9mZWTwZmVkNf///wBmZWT/ZmVk/////wD///8A////AP///wD///8A////AP///wD///8AZmVk/2ZlZP////8A////AP///wD///8A////AP///wD///8AZmVkOmZlZPFmZWT/ZmVk4mZlZAZmZWT/ZmVk/////wD///8A////AP///wD///8A////AP///wD///8AZmVk/2ZlZP////8A////AP///wD///8A////AP///wD///8A////AGZlZDtmZWTkZmVkO////wBmZWT/ZmVk/////wD///8A////AP///wD///8A////AP///wD///8AZmVk/2ZlZP////8A////AP///wD///8A////AP///wD///8A////AP///wBmZWQJ////AP///wBmZWT/ZmVk/////wD///8A////AP///wD///8A////AP///wD///8AZmVk/2ZlZP9mZWQ8////AP///wD///8A////AP///wD///8A////AP///wD///8A////AGZlZDxmZWT/ZmVk/////wD///8A////AP///wD///8A////AP///wD///8AZmVk5mZlZP9mZWT/ZmVk/2ZlZP9mZWT/ZmVk/2ZlZP9mZWT/ZmVk/2ZlZP9mZWT/ZmVk/2ZlZP9mZWT/ZmVk5v///wD///8A////AP///wD///8A////AP///wD///8AZmVkSWZlZOZmZWT/ZmVk/2ZlZP9mZWT/ZmVk/2ZlZP9mZWT/ZmVk/2ZlZP9mZWT/ZmVk/2ZlZP9mZWTmZmVkSf///wD///8A////AP///wD///8A////AP///wD///8A////AP///wD///8A////AP///wD///8A////AP///wD///8A////AP///wD///8A////AP///wD///8A////AP///wD///8A////AP///wD///8A////AP///wD///8A////AP///wD///8A////AP///wD///8A////AP///wD///8A////AP///wD///8A////AP///wD///8A////AP///wD///8A////AP///wD///8A////AP///wD///8A////AP///wD///8A////AP///wD///8A////AP///wD///8A////AP///wD///8A////AP///wD///8A////AP///wD///8A////AP///wD///8A////AP///wD///8A////AP///wD///8A////AP///wD///8A////AP///wD///8A////AP///wD///8A////AP///wD///8A////AP///wD///8A////AP///wAAAAAAAAAAAAAAAAAAAAAAAAAAAAAAAAAAAAAAAAAAAAAAAAAAAAAAAAAAAAAAAAAAAAAAAAAAAAAAAAAAAAAAAAAAAAAAAAAAAAAAAAAAAAAAAAAAAAAAAAAAAAAAAAA=</IcoData>
      </ToDoView>
      <ToDoView Name="Modified Recently">
        <UI ActionFlt="4">
          <HightlightFormat bold="1" inherit="0" options="0"/>
        </UI>
        <Group>
          <Grp1 GroupBy="11" Asc="false"/>
        </Group>
        <Sort Srt1="-10" Srt2="1" Srt3="1" Srt4="1" Manual="false"/>
        <AdvFlt/>
        <AdvFltParent/>
        <AdvFltChild/>
        <Columns>
          <Column ID="0" Pos="0" Width="596"/>
          <Column ID="7" Pos="7" Width="79"/>
          <Column ID="12" Pos="12" Width="180"/>
          <Column ID="27" Pos="27" Width="22"/>
        </Columns>
        <IcoData Caption="Modified Recently">AAABAAEAGBgAAAEAIACICQAAFgAAACgAAAAYAAAAMAAAAAEAIAAAAAAAYAkAAAAAAAAAAAAAAAAAAAAAAAD///8A////AP///wD///8A////AP///wD///8A////AP///wD///8A////AP///wD///8A////AP///wD///8A////AP///wD///8A////AP///wD///8A////AP///wD///8A////AP///wD///8A////AP///wD///8A////AP///wD///8A////AP///wD///8A////AP///wD///8A////AP///wD///8A////AP///wD///8A////AP///wD///8AZmVkAGZlZABmZWQAZmVkAGZlZABmZWQAZmVkAGZlZABmZWQAZmVkAGZlZABmZWQAZmVkAGZlZABmZWQAZmVkAGZlZABmZWQAZmVkAGZlZABmZWQA////AP///wD///8AZmVkAGZlZABmZWSFZmVk+WZlZP9mZWT/ZmVk/2ZlZP9mZWT/ZmVk/2ZlZP9mZWT/ZmVk+mZlZIVmZWQAZmVkAGZlZABmZWQAZmVkAGZlZABmZWQA////AP///wD///8AZmVkAGZlZABmZWT8ZmVk/2ZlZP9mZWT/ZmVk/2ZlZP9mZWT/ZmVk/2ZlZP9mZWT/ZmVk/2ZlZPlmZWQAZmVkAGZlZABmZWQAZmVkAGZlZABmZWQA////AP///wD///8AZmVkAGZlZABmZWT/ZmVk/2ZlZABmZWQAZmVkAGZlZABmZWQAZmVkAGZlZABmZWQAZmVk/2ZlZP9mZWQAZmVkAGZlZABmZWQAZmVkAGZlZABmZWQA////AP///wD///8AZmVkAGZlZABmZWT/ZmVk/2ZlZABmZWQAZmVkN2ZlZLRmZWQKZmVkAGZlZABmZWQAZmVk/2ZlZP9mZWQAZmVkAGZlZABmZWQAZmVkAGZlZABmZWQA////AP///wD///8AZmVkAGZlZABmZWT/ZmVk/2ZlZABmZWQyZmVk8GZlZP9mZWS9ZmVkCmZlZABmZWQAZmVk/2ZlZP9mZWQAZmVkAGZlZABmZWQAZmVkAGZlZABmZWQA////AP///wD///8AZmVkAGZlZABmZWT/ZmVk/2ZlZB1mZWTqZmVk/2ZlZOtmZWT/ZmVkt2ZlZAZmZWQAZmVk/2ZlZP9mZWQAZmVkAGZlZABmZWQAZmVkAGZlZABmZWQA////AP///wD///8AZmVkAGZlZABmZWT/ZmVk/2ZlZAFmZWSRZmVkjmZlZBVmZWTUZmVk/2ZlZK9mZWQGZmVk/2ZlZP9mZWQAZmVkAGZlZP9mZWT/ZmVk+mZlZIVmZWQA////AP///wD///8AZmVkAGZlZABmZWT/ZmVk/2ZlZABmZWQBZmVkAWZlZABmZWQZZmVk2mZlZK9mZWQGZmVk/2ZlZP9mZWQAZmVkAGZlZP9mZWT/ZmVk/2ZlZPlmZWQA////AP///wD///8AZmVkAGZlZABmZWT/ZmVk/2ZlZABmZWQAZmVkAGZlZABmZWQAZmVkGGZlZAZmZWQAZmVk/2ZlZP9mZWQAZmVkAGZlZABmZWQAZmVk/2ZlZP9mZWQA////AP///wD///8AZmVkAGZlZABmZWT/ZmVk/2ZlZABmZWQAZmVkAGZlZABmZWQAZmVkAGZlZABmZWQAZmVk/2ZlZP9mZWQAZmVkAGZlZABmZWQAZmVk/2ZlZP9mZWQA////AP///wD///8AZmVkAGZlZABmZWT8ZmVk/2ZlZP9mZWT/ZmVk/2ZlZP9mZWT/ZmVk/2ZlZP9mZWT/ZmVk/2ZlZPlmZWQAZmVkAGZlZABmZWQAZmVk/2ZlZP9mZWQA////AP///wD///8AZmVkAGZlZABmZWSFZmVk+WZlZP9mZWT/ZmVk/2ZlZP9mZWT/ZmVk/2ZlZP9mZWT/ZmVk+WZlZIVmZWQAZmVkAGZlZABmZWQAZmVk/2ZlZP9mZWQA////AP///wD///8AZmVkAGZlZABmZWQAZmVkAGZlZABmZWQAZmVkAGZlZABmZWQAZmVkAGZlZABmZWQAZmVkAGZlZABmZWQAZmVkAGZlZABmZWQAZmVk/2ZlZP9mZWQA////AP///wD///8AZmVkAGZlZABmZWQAZmVkAGZlZABmZWQAZmVkAGZlZABmZWQAZmVkAGZlZABmZWQAZmVkAGZlZABmZWQAZmVkAGZlZABmZWQAZmVk/2ZlZP9mZWQA////AP///wD///8AZmVkAGZlZABmZWQAZmVkAGZlZABmZWQAZmVkAGZlZABmZWT/ZmVk/2ZlZABmZWQAZmVkAGZlZABmZWQAZmVkAGZlZABmZWQAZmVk/2ZlZP9mZWQA////AP///wD///8AZmVkAGZlZABmZWQAZmVkAGZlZABmZWQAZmVkAGZlZABmZWT/ZmVk/2ZlZABmZWQAZmVkAGZlZABmZWQAZmVkAGZlZABmZWQAZmVk/2ZlZP9mZWQA////AP///wD///8AZmVkAGZlZABmZWQAZmVkAGZlZABmZWQAZmVkAGZlZABmZWT8ZmVk/2ZlZP9mZWT/ZmVk/2ZlZP9mZWT/ZmVk/2ZlZP9mZWT/ZmVk/2ZlZPlmZWQA////AP///wD///8AZmVkAGZlZABmZWQAZmVkAGZlZABmZWQAZmVkAGZlZABmZWSFZmVk+WZlZP9mZWT/ZmVk/2ZlZP9mZWT/ZmVk/2ZlZP9mZWT/ZmVk+WZlZIVmZWQA////AP///wD///8AZmVkAGZlZABmZWQAZmVkAGZlZABmZWQAZmVkAGZlZABmZWQAZmVkAGZlZABmZWQAZmVkAGZlZABmZWQAZmVkAGZlZABmZWQAZmVkAGZlZABmZWQA////AP///wD///8AZmVkAGZlZABmZWQAZmVkAGZlZABmZWQAZmVkAGZlZABmZWQAZmVkAGZlZABmZWQAZmVkAGZlZABmZWQAZmVkAGZlZABmZWQAZmVkAGZlZABmZWQA////AP///wD///8A////AP///wD///8A////AP///wD///8A////AP///wD///8A////AP///wD///8A////AP///wD///8A////AP///wD///8A////AP///wD///8A////AP///wAAAAAAAAAAAAAAAAAAAAAAAAAAAAAAAAAAAAAAAAAAAAAAAAAAAAAAAAAAAAAAAAAAAAAAAAAAAAAAAAAAAAAAAAAAAAAAAAAAAAAAAAAAAAAAAAAAAAAAAAAAAAAAAAA=</IcoData>
      </ToDoView>
      <ToDoView Name="Created Recently" Visible="false">
        <UI ActionFlt="4">
          <HightlightFormat bold="1" inherit="0" options="0"/>
        </UI>
        <Group>
          <Grp1 GroupBy="20" Asc="false"/>
        </Group>
        <Sort Srt1="-11" Srt2="1" Srt3="1" Srt4="1" Manual="false"/>
        <AdvFlt/>
        <AdvFltParent/>
        <AdvFltChild/>
        <Columns>
          <Column ID="0" Pos="0" Width="516"/>
          <Column ID="7" Pos="7" Width="79"/>
          <Column ID="11" Pos="11" Width="180"/>
          <Column ID="27" Pos="27" Width="22"/>
        </Columns>
        <IcoData Caption="Modified Recently">AAABAAEAGBgAAAEAIACICQAAFgAAACgAAAAYAAAAMAAAAAEAIAAAAAAAYAkAAAAAAAAAAAAAAAAAAAAAAAD///8A////AP///wD///8A////AP///wD///8A////AP///wD///8A////AP///wD///8A////AP///wD///8A////AP///wD///8A////AP///wD///8A////AP///wD///8A////AP///wD///8A////AP///wD///8A////AP///wD///8A////AP///wD///8A////AP///wD///8A////AP///wD///8A////AP///wD///8A////AP///wD///8AZmVkAGZlZABmZWQAZmVkAGZlZABmZWQAZmVkAGZlZABmZWQAZmVkAGZlZABmZWQAZmVkAGZlZABmZWQAZmVkAGZlZABmZWQAZmVkAGZlZABmZWQA////AP///wD///8AZmVkAGZlZABmZWSFZmVk+WZlZP9mZWT/ZmVk/2ZlZP9mZWT/ZmVk/2ZlZP9mZWT/ZmVk+mZlZIVmZWQAZmVkAGZlZABmZWQAZmVkAGZlZABmZWQA////AP///wD///8AZmVkAGZlZABmZWT8ZmVk/2ZlZP9mZWT/ZmVk/2ZlZP9mZWT/ZmVk/2ZlZP9mZWT/ZmVk/2ZlZPlmZWQAZmVkAGZlZABmZWQAZmVkAGZlZABmZWQA////AP///wD///8AZmVkAGZlZABmZWT/ZmVk/2ZlZABmZWQAZmVkAGZlZABmZWQAZmVkAGZlZABmZWQAZmVk/2ZlZP9mZWQAZmVkAGZlZABmZWQAZmVkAGZlZABmZWQA////AP///wD///8AZmVkAGZlZABmZWT/ZmVk/2ZlZABmZWQAZmVkN2ZlZLRmZWQKZmVkAGZlZABmZWQAZmVk/2ZlZP9mZWQAZmVkAGZlZABmZWQAZmVkAGZlZABmZWQA////AP///wD///8AZmVkAGZlZABmZWT/ZmVk/2ZlZABmZWQyZmVk8GZlZP9mZWS9ZmVkCmZlZABmZWQAZmVk/2ZlZP9mZWQAZmVkAGZlZABmZWQAZmVkAGZlZABmZWQA////AP///wD///8AZmVkAGZlZABmZWT/ZmVk/2ZlZB1mZWTqZmVk/2ZlZOtmZWT/ZmVkt2ZlZAZmZWQAZmVk/2ZlZP9mZWQAZmVkAGZlZABmZWQAZmVkAGZlZABmZWQA////AP///wD///8AZmVkAGZlZABmZWT/ZmVk/2ZlZAFmZWSRZmVkjmZlZBVmZWTUZmVk/2ZlZK9mZWQGZmVk/2ZlZP9mZWQAZmVkAGZlZP9mZWT/ZmVk+mZlZIVmZWQA////AP///wD///8AZmVkAGZlZABmZWT/ZmVk/2ZlZABmZWQBZmVkAWZlZABmZWQZZmVk2mZlZK9mZWQGZmVk/2ZlZP9mZWQAZmVkAGZlZP9mZWT/ZmVk/2ZlZPlmZWQA////AP///wD///8AZmVkAGZlZABmZWT/ZmVk/2ZlZABmZWQAZmVkAGZlZABmZWQAZmVkGGZlZAZmZWQAZmVk/2ZlZP9mZWQAZmVkAGZlZABmZWQAZmVk/2ZlZP9mZWQA////AP///wD///8AZmVkAGZlZABmZWT/ZmVk/2ZlZABmZWQAZmVkAGZlZABmZWQAZmVkAGZlZABmZWQAZmVk/2ZlZP9mZWQAZmVkAGZlZABmZWQAZmVk/2ZlZP9mZWQA////AP///wD///8AZmVkAGZlZABmZWT8ZmVk/2ZlZP9mZWT/ZmVk/2ZlZP9mZWT/ZmVk/2ZlZP9mZWT/ZmVk/2ZlZPlmZWQAZmVkAGZlZABmZWQAZmVk/2ZlZP9mZWQA////AP///wD///8AZmVkAGZlZABmZWSFZmVk+WZlZP9mZWT/ZmVk/2ZlZP9mZWT/ZmVk/2ZlZP9mZWT/ZmVk+WZlZIVmZWQAZmVkAGZlZABmZWQAZmVk/2ZlZP9mZWQA////AP///wD///8AZmVkAGZlZABmZWQAZmVkAGZlZABmZWQAZmVkAGZlZABmZWQAZmVkAGZlZABmZWQAZmVkAGZlZABmZWQAZmVkAGZlZABmZWQAZmVk/2ZlZP9mZWQA////AP///wD///8AZmVkAGZlZABmZWQAZmVkAGZlZABmZWQAZmVkAGZlZABmZWQAZmVkAGZlZABmZWQAZmVkAGZlZABmZWQAZmVkAGZlZABmZWQAZmVk/2ZlZP9mZWQA////AP///wD///8AZmVkAGZlZABmZWQAZmVkAGZlZABmZWQAZmVkAGZlZABmZWT/ZmVk/2ZlZABmZWQAZmVkAGZlZABmZWQAZmVkAGZlZABmZWQAZmVk/2ZlZP9mZWQA////AP///wD///8AZmVkAGZlZABmZWQAZmVkAGZlZABmZWQAZmVkAGZlZABmZWT/ZmVk/2ZlZABmZWQAZmVkAGZlZABmZWQAZmVkAGZlZABmZWQAZmVk/2ZlZP9mZWQA////AP///wD///8AZmVkAGZlZABmZWQAZmVkAGZlZABmZWQAZmVkAGZlZABmZWT8ZmVk/2ZlZP9mZWT/ZmVk/2ZlZP9mZWT/ZmVk/2ZlZP9mZWT/ZmVk/2ZlZPlmZWQA////AP///wD///8AZmVkAGZlZABmZWQAZmVkAGZlZABmZWQAZmVkAGZlZABmZWSFZmVk+WZlZP9mZWT/ZmVk/2ZlZP9mZWT/ZmVk/2ZlZP9mZWT/ZmVk+WZlZIVmZWQA////AP///wD///8AZmVkAGZlZABmZWQAZmVkAGZlZABmZWQAZmVkAGZlZABmZWQAZmVkAGZlZABmZWQAZmVkAGZlZABmZWQAZmVkAGZlZABmZWQAZmVkAGZlZABmZWQA////AP///wD///8AZmVkAGZlZABmZWQAZmVkAGZlZABmZWQAZmVkAGZlZABmZWQAZmVkAGZlZABmZWQAZmVkAGZlZABmZWQAZmVkAGZlZABmZWQAZmVkAGZlZABmZWQA////AP///wD///8A////AP///wD///8A////AP///wD///8A////AP///wD///8A////AP///wD///8A////AP///wD///8A////AP///wD///8A////AP///wD///8A////AP///wAAAAAAAAAAAAAAAAAAAAAAAAAAAAAAAAAAAAAAAAAAAAAAAAAAAAAAAAAAAAAAAAAAAAAAAAAAAAAAAAAAAAAAAAAAAAAAAAAAAAAAAAAAAAAAAAAAAAAAAAAAAAAAAAA=</IcoData>
      </ToDoView>
    </ToDoView>
    <ToDoView Name="More Views" Visible="false" IsFolder="true">
      <UI ActionFlt="4">
        <HightlightFormat bold="1" inherit="0" options="0"/>
      </UI>
      <Group/>
      <Sort Srt1="1" Srt2="1" Srt3="1" Srt4="1" Manual="false"/>
      <AdvFlt/>
      <AdvFltParent/>
      <AdvFltChild/>
      <Columns>
        <Column ID="0" Pos="0" Width="481"/>
        <Column ID="4" Pos="4" Width="100"/>
        <Column ID="7" Pos="7" Width="79"/>
        <Column ID="27" Pos="27" Width="22"/>
      </Columns>
      <ToDoView Name="By Start Date">
        <UI ActionFlt="4" UseAdvFlt="true">
          <HightlightFormat bold="1" inherit="0" options="0"/>
        </UI>
        <Group>
          <Grp1 GroupBy="9"/>
        </Group>
        <Sort Srt1="14" Srt2="1" Srt3="1" Srt4="1" Manual="false"/>
        <AdvFlt>
          <RootRule>
            <Rule Field="StartDateTime" ConditionName="exists" ConditionID="429"/>
          </RootRule>
        </AdvFlt>
        <AdvFltParent/>
        <AdvFltChild/>
        <Columns>
          <Column ID="0" Pos="0" Width="481"/>
          <Column ID="3" Pos="3" Width="100"/>
          <Column ID="7" Pos="7" Width="79"/>
          <Column ID="27" Pos="27" Width="22"/>
        </Columns>
      </ToDoView>
      <ToDoView Name="By Due Date">
        <UI ActionFlt="4" UseAdvFlt="true">
          <HightlightFormat bold="1" inherit="0" options="0"/>
        </UI>
        <Group>
          <Grp1 GroupBy="10"/>
        </Group>
        <Sort Srt1="4" Srt2="1" Srt3="1" Srt4="1" Manual="false"/>
        <AdvFlt>
          <RootRule>
            <Rule Field="DueDateTime" ConditionName="exists" ConditionID="429"/>
          </RootRule>
        </AdvFlt>
        <AdvFltParent/>
        <AdvFltChild/>
        <Columns>
          <Column ID="0" Pos="0" Width="481"/>
          <Column ID="4" Pos="4" Width="100"/>
          <Column ID="7" Pos="7" Width="79"/>
          <Column ID="27" Pos="27" Width="22"/>
        </Columns>
      </ToDoView>
    </ToDoView>
    <ToDoView Name="Completed 1" Visible="false" IsFolder="true">
      <UI ActionFlt="4">
        <HightlightFormat bold="1" inherit="0" options="0"/>
      </UI>
      <Group/>
      <Sort Srt1="1" Srt2="1" Srt3="1" Srt4="1" Manual="false"/>
      <AdvFlt/>
      <AdvFltParent/>
      <AdvFltChild/>
      <Columns>
        <Column ID="0" Pos="0" Width="481"/>
        <Column ID="4" Pos="4" Width="100"/>
        <Column ID="7" Pos="7" Width="79"/>
        <Column ID="27" Pos="27" Width="22"/>
      </Columns>
      <ToDoView Name="Completed in Outline 1">
        <UI ActionFlt="4" UseAdvFlt="true" UseHierarchy="true">
          <HightlightFormat bold="1" inherit="0" options="0"/>
        </UI>
        <Group/>
        <Sort Srt1="1" Srt2="1" Srt3="1" Srt4="1" Manual="false"/>
        <AdvFlt>
          <RootRule>
            <Rule Field="Complete" ConditionName="is true" ConditionID="310"/>
          </RootRule>
        </AdvFlt>
        <AdvFltParent/>
        <AdvFltChild/>
        <Columns>
          <Column ID="0" Pos="0" Width="347"/>
          <Column ID="7" Pos="7" Width="79"/>
          <Column ID="13" Pos="13" Width="100"/>
          <Column ID="27" Pos="27" Width="22"/>
        </Columns>
        <IcoData Caption="Completed in Outline">AAABAAEAGBgAAAEAIACICQAAFgAAACgAAAAYAAAAMAAAAAEAIAAAAAAAYAkAAAAAAAAAAAAAAAAAAAAAAAD///8A////AP///wD///8A////AP///wD///8A////AP///wD///8A////AP///wD///8A////AP///wD///8A////AP///wD///8A////AP///wD///8A////AP///wD///8A////AP///wD///8A////AP///wD///8A////AP///wD///8A////AP///wD///8A////AP///wD///8A////AP///wD///8A////AP///wD///8A////AP///wD///8A////AP///wD///8A////AP///wD///8A////AP///wD///8A////AP///wD///8A////AP///wD///8A////AP///wD///8A////AP///wD///8A////AP///wD///8A////AP///wD///8A////AP///wD///8A////AP///wD///8A////AP///wD///8A////AP///wD///8A////AP///wD///8A////AP///wD///8A////AP///wD///8A////AP///wD///8AZmVkSmZlZOdmZWT/ZmVk/2ZlZP9mZWT/ZmVk/2ZlZP9mZWT/ZmVk/2ZlZP9mZWT/ZmVk/2ZlZP9mZWTkZmVkSv///wD///8A////AP///wD///8A////AP///wD///8AZmVk5mZlZP9mZWT/ZmVk/2ZlZP9mZWT/ZmVk/2ZlZP9mZWT/ZmVk/2ZlZP9mZWT/ZmVk/2ZlZP9mZWT/ZmVk5////wD///8A////AP///wD///8A////AP///wD///8AZmVk/2ZlZP9mZWQ8////AP///wD///8A////AP///wD///8A////AP///wD///8A////AGZlZDtmZWT/ZmVk/////wD///8A////AP///wD///8A////AP///wD///8AZmVk/2ZlZP////8A////AP///wD///8AZmVkCP///wD///8A////AP///wD///8A////AP///wBmZWT/ZmVk/////wD///8A////AP///wD///8A////AP///wD///8AZmVk/2ZlZP////8A////AP///wBmZWQ1ZmVk5mZlZD7///8A////AP///wD///8A////AP///wBmZWT/ZmVk/////wD///8A////AP///wD///8A////AP///wD///8AZmVk/2ZlZP////8A////AGZlZDRmZWTwZmVk/2ZlZPRmZWQ8////AP///wD///8A////AP///wBmZWT/ZmVk/////wD///8A////AP///wD///8A////AP///wD///8AZmVk/2ZlZP////8AZmVkMGZlZOxmZWT/ZmVk/2ZlZP9mZWTyZmVkO////wD///8A////AP///wBmZWT/ZmVk/////wD///8A////AP///wD///8A////AP///wD///8AZmVk/2ZlZP9mZWQGZmVk4WZlZP9mZWTzZmVkamZlZPBmZWT/ZmVk8WZlZDr///8A////AP///wBmZWT/ZmVk/////wD///8A////AP///wD///8A////AP///wD///8AZmVk/2ZlZP////8AZmVkP2ZlZOpmZWQ9////AGZlZDVmZWTwZmVk/2ZlZPBmZWQ3////AP///wBmZWT/ZmVk/////wD///8A////AP///wD///8A////AP///wD///8AZmVk/2ZlZP////8A////AGZlZAn///8A////AP///wBmZWQ3ZmVk8GZlZP9mZWTwZmVkNf///wBmZWT/ZmVk/////wD///8A////AP///wD///8A////AP///wD///8AZmVk/2ZlZP////8A////AP///wD///8A////AP///wD///8AZmVkOmZlZPFmZWT/ZmVk4mZlZAZmZWT/ZmVk/////wD///8A////AP///wD///8A////AP///wD///8AZmVk/2ZlZP////8A////AP///wD///8A////AP///wD///8A////AGZlZDtmZWTkZmVkO////wBmZWT/ZmVk/////wD///8A////AP///wD///8A////AP///wD///8AZmVk/2ZlZP////8A////AP///wD///8A////AP///wD///8A////AP///wBmZWQJ////AP///wBmZWT/ZmVk/////wD///8A////AP///wD///8A////AP///wD///8AZmVk/2ZlZP9mZWQ8////AP///wD///8A////AP///wD///8A////AP///wD///8A////AGZlZDxmZWT/ZmVk/////wD///8A////AP///wD///8A////AP///wD///8AZmVk5mZlZP9mZWT/ZmVk/2ZlZP9mZWT/ZmVk/2ZlZP9mZWT/ZmVk/2ZlZP9mZWT/ZmVk/2ZlZP9mZWT/ZmVk5v///wD///8A////AP///wD///8A////AP///wD///8AZmVkSWZlZOZmZWT/ZmVk/2ZlZP9mZWT/ZmVk/2ZlZP9mZWT/ZmVk/2ZlZP9mZWT/ZmVk/2ZlZP9mZWTmZmVkSf///wD///8A////AP///wD///8A////AP///wD///8A////AP///wD///8A////AP///wD///8A////AP///wD///8A////AP///wD///8A////AP///wD///8A////AP///wD///8A////AP///wD///8A////AP///wD///8A////AP///wD///8A////AP///wD///8A////AP///wD///8A////AP///wD///8A////AP///wD///8A////AP///wD///8A////AP///wD///8A////AP///wD///8A////AP///wD///8A////AP///wD///8A////AP///wD///8A////AP///wD///8A////AP///wD///8A////AP///wD///8A////AP///wD///8A////AP///wD///8A////AP///wD///8A////AP///wD///8A////AP///wD///8A////AP///wD///8A////AP///wD///8A////AP///wD///8A////AP///wAAAAAAAAAAAAAAAAAAAAAAAAAAAAAAAAAAAAAAAAAAAAAAAAAAAAAAAAAAAAAAAAAAAAAAAAAAAAAAAAAAAAAAAAAAAAAAAAAAAAAAAAAAAAAAAAAAAAAAAAAAAAAAAAA=</IcoData>
      </ToDoView>
      <ToDoView Name="Completed by Context 1">
        <UI ActionFlt="4" UseAdvFlt="true">
          <HightlightFormat bold="1" inherit="0" options="0"/>
        </UI>
        <Group>
          <Grp1 GroupBy="2"/>
        </Group>
        <Sort Srt1="-2" Srt2="1" Srt3="1" Srt4="1" Manual="false"/>
        <AdvFlt>
          <RootRule>
            <Rule Field="Complete" ConditionName="is true" ConditionID="310"/>
          </RootRule>
        </AdvFlt>
        <AdvFltParent/>
        <AdvFltChild/>
        <Columns>
          <Column ID="0" Pos="0" Width="347"/>
          <Column ID="7" Pos="7" Width="79"/>
          <Column ID="13" Pos="13" Width="100"/>
          <Column ID="27" Pos="27" Width="22"/>
        </Columns>
        <IcoData Caption="Completed in Outline">AAABAAEAGBgAAAEAIACICQAAFgAAACgAAAAYAAAAMAAAAAEAIAAAAAAAYAkAAAAAAAAAAAAAAAAAAAAAAAD///8A////AP///wD///8A////AP///wD///8A////AP///wD///8A////AP///wD///8A////AP///wD///8A////AP///wD///8A////AP///wD///8A////AP///wD///8A////AP///wD///8A////AP///wD///8A////AP///wD///8A////AP///wD///8A////AP///wD///8A////AP///wD///8A////AP///wD///8A////AP///wD///8A////AP///wD///8A////AP///wD///8A////AP///wD///8A////AP///wD///8A////AP///wD///8A////AP///wD///8A////AP///wD///8A////AP///wD///8A////AP///wD///8A////AP///wD///8A////AP///wD///8A////AP///wD///8A////AP///wD///8A////AP///wD///8A////AP///wD///8A////AP///wD///8A////AP///wD///8AZmVkSmZlZOdmZWT/ZmVk/2ZlZP9mZWT/ZmVk/2ZlZP9mZWT/ZmVk/2ZlZP9mZWT/ZmVk/2ZlZP9mZWTkZmVkSv///wD///8A////AP///wD///8A////AP///wD///8AZmVk5mZlZP9mZWT/ZmVk/2ZlZP9mZWT/ZmVk/2ZlZP9mZWT/ZmVk/2ZlZP9mZWT/ZmVk/2ZlZP9mZWT/ZmVk5////wD///8A////AP///wD///8A////AP///wD///8AZmVk/2ZlZP9mZWQ8////AP///wD///8A////AP///wD///8A////AP///wD///8A////AGZlZDtmZWT/ZmVk/////wD///8A////AP///wD///8A////AP///wD///8AZmVk/2ZlZP////8A////AP///wD///8AZmVkCP///wD///8A////AP///wD///8A////AP///wBmZWT/ZmVk/////wD///8A////AP///wD///8A////AP///wD///8AZmVk/2ZlZP////8A////AP///wBmZWQ1ZmVk5mZlZD7///8A////AP///wD///8A////AP///wBmZWT/ZmVk/////wD///8A////AP///wD///8A////AP///wD///8AZmVk/2ZlZP////8A////AGZlZDRmZWTwZmVk/2ZlZPRmZWQ8////AP///wD///8A////AP///wBmZWT/ZmVk/////wD///8A////AP///wD///8A////AP///wD///8AZmVk/2ZlZP////8AZmVkMGZlZOxmZWT/ZmVk/2ZlZP9mZWTyZmVkO////wD///8A////AP///wBmZWT/ZmVk/////wD///8A////AP///wD///8A////AP///wD///8AZmVk/2ZlZP9mZWQGZmVk4WZlZP9mZWTzZmVkamZlZPBmZWT/ZmVk8WZlZDr///8A////AP///wBmZWT/ZmVk/////wD///8A////AP///wD///8A////AP///wD///8AZmVk/2ZlZP////8AZmVkP2ZlZOpmZWQ9////AGZlZDVmZWTwZmVk/2ZlZPBmZWQ3////AP///wBmZWT/ZmVk/////wD///8A////AP///wD///8A////AP///wD///8AZmVk/2ZlZP////8A////AGZlZAn///8A////AP///wBmZWQ3ZmVk8GZlZP9mZWTwZmVkNf///wBmZWT/ZmVk/////wD///8A////AP///wD///8A////AP///wD///8AZmVk/2ZlZP////8A////AP///wD///8A////AP///wD///8AZmVkOmZlZPFmZWT/ZmVk4mZlZAZmZWT/ZmVk/////wD///8A////AP///wD///8A////AP///wD///8AZmVk/2ZlZP////8A////AP///wD///8A////AP///wD///8A////AGZlZDtmZWTkZmVkO////wBmZWT/ZmVk/////wD///8A////AP///wD///8A////AP///wD///8AZmVk/2ZlZP////8A////AP///wD///8A////AP///wD///8A////AP///wBmZWQJ////AP///wBmZWT/ZmVk/////wD///8A////AP///wD///8A////AP///wD///8AZmVk/2ZlZP9mZWQ8////AP///wD///8A////AP///wD///8A////AP///wD///8A////AGZlZDxmZWT/ZmVk/////wD///8A////AP///wD///8A////AP///wD///8AZmVk5mZlZP9mZWT/ZmVk/2ZlZP9mZWT/ZmVk/2ZlZP9mZWT/ZmVk/2ZlZP9mZWT/ZmVk/2ZlZP9mZWT/ZmVk5v///wD///8A////AP///wD///8A////AP///wD///8AZmVkSWZlZOZmZWT/ZmVk/2ZlZP9mZWT/ZmVk/2ZlZP9mZWT/ZmVk/2ZlZP9mZWT/ZmVk/2ZlZP9mZWTmZmVkSf///wD///8A////AP///wD///8A////AP///wD///8A////AP///wD///8A////AP///wD///8A////AP///wD///8A////AP///wD///8A////AP///wD///8A////AP///wD///8A////AP///wD///8A////AP///wD///8A////AP///wD///8A////AP///wD///8A////AP///wD///8A////AP///wD///8A////AP///wD///8A////AP///wD///8A////AP///wD///8A////AP///wD///8A////AP///wD///8A////AP///wD///8A////AP///wD///8A////AP///wD///8A////AP///wD///8A////AP///wD///8A////AP///wD///8A////AP///wD///8A////AP///wD///8A////AP///wD///8A////AP///wD///8A////AP///wD///8A////AP///wD///8A////AP///wD///8A////AP///wAAAAAAAAAAAAAAAAAAAAAAAAAAAAAAAAAAAAAAAAAAAAAAAAAAAAAAAAAAAAAAAAAAAAAAAAAAAAAAAAAAAAAAAAAAAAAAAAAAAAAAAAAAAAAAAAAAAAAAAAAAAAAAAAA=</IcoData>
      </ToDoView>
      <ToDoView Name="Completed by Project 1">
        <UI ActionFlt="4" UseAdvFlt="true">
          <HightlightFormat bold="1" inherit="0" options="0"/>
        </UI>
        <Group>
          <Grp1 GroupBy="6" Asc="false"/>
        </Group>
        <Sort Srt1="-2" Srt2="1" Srt3="1" Srt4="1" Manual="false"/>
        <AdvFlt>
          <RootRule>
            <Rule Field="Complete" ConditionName="is true" ConditionID="310"/>
            <Rule Field="ProjectName" ConditionName="is not empty" ConditionID="519"/>
          </RootRule>
        </AdvFlt>
        <AdvFltParent/>
        <AdvFltChild/>
        <Columns>
          <Column ID="0" Pos="0" Width="347"/>
          <Column ID="7" Pos="7" Width="79"/>
          <Column ID="13" Pos="13" Width="100"/>
          <Column ID="27" Pos="27" Width="22"/>
        </Columns>
        <IcoData Caption="Completed in Outline">AAABAAEAGBgAAAEAIACICQAAFgAAACgAAAAYAAAAMAAAAAEAIAAAAAAAYAkAAAAAAAAAAAAAAAAAAAAAAAD///8A////AP///wD///8A////AP///wD///8A////AP///wD///8A////AP///wD///8A////AP///wD///8A////AP///wD///8A////AP///wD///8A////AP///wD///8A////AP///wD///8A////AP///wD///8A////AP///wD///8A////AP///wD///8A////AP///wD///8A////AP///wD///8A////AP///wD///8A////AP///wD///8A////AP///wD///8A////AP///wD///8A////AP///wD///8A////AP///wD///8A////AP///wD///8A////AP///wD///8A////AP///wD///8A////AP///wD///8A////AP///wD///8A////AP///wD///8A////AP///wD///8A////AP///wD///8A////AP///wD///8A////AP///wD///8A////AP///wD///8A////AP///wD///8A////AP///wD///8AZmVkSmZlZOdmZWT/ZmVk/2ZlZP9mZWT/ZmVk/2ZlZP9mZWT/ZmVk/2ZlZP9mZWT/ZmVk/2ZlZP9mZWTkZmVkSv///wD///8A////AP///wD///8A////AP///wD///8AZmVk5mZlZP9mZWT/ZmVk/2ZlZP9mZWT/ZmVk/2ZlZP9mZWT/ZmVk/2ZlZP9mZWT/ZmVk/2ZlZP9mZWT/ZmVk5////wD///8A////AP///wD///8A////AP///wD///8AZmVk/2ZlZP9mZWQ8////AP///wD///8A////AP///wD///8A////AP///wD///8A////AGZlZDtmZWT/ZmVk/////wD///8A////AP///wD///8A////AP///wD///8AZmVk/2ZlZP////8A////AP///wD///8AZmVkCP///wD///8A////AP///wD///8A////AP///wBmZWT/ZmVk/////wD///8A////AP///wD///8A////AP///wD///8AZmVk/2ZlZP////8A////AP///wBmZWQ1ZmVk5mZlZD7///8A////AP///wD///8A////AP///wBmZWT/ZmVk/////wD///8A////AP///wD///8A////AP///wD///8AZmVk/2ZlZP////8A////AGZlZDRmZWTwZmVk/2ZlZPRmZWQ8////AP///wD///8A////AP///wBmZWT/ZmVk/////wD///8A////AP///wD///8A////AP///wD///8AZmVk/2ZlZP////8AZmVkMGZlZOxmZWT/ZmVk/2ZlZP9mZWTyZmVkO////wD///8A////AP///wBmZWT/ZmVk/////wD///8A////AP///wD///8A////AP///wD///8AZmVk/2ZlZP9mZWQGZmVk4WZlZP9mZWTzZmVkamZlZPBmZWT/ZmVk8WZlZDr///8A////AP///wBmZWT/ZmVk/////wD///8A////AP///wD///8A////AP///wD///8AZmVk/2ZlZP////8AZmVkP2ZlZOpmZWQ9////AGZlZDVmZWTwZmVk/2ZlZPBmZWQ3////AP///wBmZWT/ZmVk/////wD///8A////AP///wD///8A////AP///wD///8AZmVk/2ZlZP////8A////AGZlZAn///8A////AP///wBmZWQ3ZmVk8GZlZP9mZWTwZmVkNf///wBmZWT/ZmVk/////wD///8A////AP///wD///8A////AP///wD///8AZmVk/2ZlZP////8A////AP///wD///8A////AP///wD///8AZmVkOmZlZPFmZWT/ZmVk4mZlZAZmZWT/ZmVk/////wD///8A////AP///wD///8A////AP///wD///8AZmVk/2ZlZP////8A////AP///wD///8A////AP///wD///8A////AGZlZDtmZWTkZmVkO////wBmZWT/ZmVk/////wD///8A////AP///wD///8A////AP///wD///8AZmVk/2ZlZP////8A////AP///wD///8A////AP///wD///8A////AP///wBmZWQJ////AP///wBmZWT/ZmVk/////wD///8A////AP///wD///8A////AP///wD///8AZmVk/2ZlZP9mZWQ8////AP///wD///8A////AP///wD///8A////AP///wD///8A////AGZlZDxmZWT/ZmVk/////wD///8A////AP///wD///8A////AP///wD///8AZmVk5mZlZP9mZWT/ZmVk/2ZlZP9mZWT/ZmVk/2ZlZP9mZWT/ZmVk/2ZlZP9mZWT/ZmVk/2ZlZP9mZWT/ZmVk5v///wD///8A////AP///wD///8A////AP///wD///8AZmVkSWZlZOZmZWT/ZmVk/2ZlZP9mZWT/ZmVk/2ZlZP9mZWT/ZmVk/2ZlZP9mZWT/ZmVk/2ZlZP9mZWTmZmVkSf///wD///8A////AP///wD///8A////AP///wD///8A////AP///wD///8A////AP///wD///8A////AP///wD///8A////AP///wD///8A////AP///wD///8A////AP///wD///8A////AP///wD///8A////AP///wD///8A////AP///wD///8A////AP///wD///8A////AP///wD///8A////AP///wD///8A////AP///wD///8A////AP///wD///8A////AP///wD///8A////AP///wD///8A////AP///wD///8A////AP///wD///8A////AP///wD///8A////AP///wD///8A////AP///wD///8A////AP///wD///8A////AP///wD///8A////AP///wD///8A////AP///wD///8A////AP///wD///8A////AP///wD///8A////AP///wD///8A////AP///wD///8A////AP///wD///8A////AP///wAAAAAAAAAAAAAAAAAAAAAAAAAAAAAAAAAAAAAAAAAAAAAAAAAAAAAAAAAAAAAAAAAAAAAAAAAAAAAAAAAAAAAAAAAAAAAAAAAAAAAAAAAAAAAAAAAAAAAAAAAAAAAAAAA=</IcoData>
      </ToDoView>
      <ToDoView Name="Completed by Flag 1">
        <UI ActionFlt="4" UseAdvFlt="true">
          <HightlightFormat bold="1" inherit="0" options="0"/>
        </UI>
        <Group>
          <Grp1 GroupBy="26"/>
        </Group>
        <Sort Srt1="-2" Srt2="1" Srt3="1" Srt4="1" Manual="false"/>
        <AdvFlt>
          <RootRule>
            <Rule Field="Complete" ConditionName="is true" ConditionID="310"/>
          </RootRule>
        </AdvFlt>
        <AdvFltParent/>
        <AdvFltChild/>
        <Columns>
          <Column ID="0" Pos="0" Width="378"/>
          <Column ID="1" Pos="1" Width="21"/>
          <Column ID="7" Pos="7" Width="79"/>
          <Column ID="13" Pos="13" Width="145"/>
          <Column ID="27" Pos="27" Width="22"/>
        </Columns>
        <IcoData Caption="Completed in Outline">AAABAAEAGBgAAAEAIACICQAAFgAAACgAAAAYAAAAMAAAAAEAIAAAAAAAYAkAAAAAAAAAAAAAAAAAAAAAAAD///8A////AP///wD///8A////AP///wD///8A////AP///wD///8A////AP///wD///8A////AP///wD///8A////AP///wD///8A////AP///wD///8A////AP///wD///8A////AP///wD///8A////AP///wD///8A////AP///wD///8A////AP///wD///8A////AP///wD///8A////AP///wD///8A////AP///wD///8A////AP///wD///8A////AP///wD///8A////AP///wD///8A////AP///wD///8A////AP///wD///8A////AP///wD///8A////AP///wD///8A////AP///wD///8A////AP///wD///8A////AP///wD///8A////AP///wD///8A////AP///wD///8A////AP///wD///8A////AP///wD///8A////AP///wD///8A////AP///wD///8A////AP///wD///8A////AP///wD///8AZmVkSmZlZOdmZWT/ZmVk/2ZlZP9mZWT/ZmVk/2ZlZP9mZWT/ZmVk/2ZlZP9mZWT/ZmVk/2ZlZP9mZWTkZmVkSv///wD///8A////AP///wD///8A////AP///wD///8AZmVk5mZlZP9mZWT/ZmVk/2ZlZP9mZWT/ZmVk/2ZlZP9mZWT/ZmVk/2ZlZP9mZWT/ZmVk/2ZlZP9mZWT/ZmVk5////wD///8A////AP///wD///8A////AP///wD///8AZmVk/2ZlZP9mZWQ8////AP///wD///8A////AP///wD///8A////AP///wD///8A////AGZlZDtmZWT/ZmVk/////wD///8A////AP///wD///8A////AP///wD///8AZmVk/2ZlZP////8A////AP///wD///8AZmVkCP///wD///8A////AP///wD///8A////AP///wBmZWT/ZmVk/////wD///8A////AP///wD///8A////AP///wD///8AZmVk/2ZlZP////8A////AP///wBmZWQ1ZmVk5mZlZD7///8A////AP///wD///8A////AP///wBmZWT/ZmVk/////wD///8A////AP///wD///8A////AP///wD///8AZmVk/2ZlZP////8A////AGZlZDRmZWTwZmVk/2ZlZPRmZWQ8////AP///wD///8A////AP///wBmZWT/ZmVk/////wD///8A////AP///wD///8A////AP///wD///8AZmVk/2ZlZP////8AZmVkMGZlZOxmZWT/ZmVk/2ZlZP9mZWTyZmVkO////wD///8A////AP///wBmZWT/ZmVk/////wD///8A////AP///wD///8A////AP///wD///8AZmVk/2ZlZP9mZWQGZmVk4WZlZP9mZWTzZmVkamZlZPBmZWT/ZmVk8WZlZDr///8A////AP///wBmZWT/ZmVk/////wD///8A////AP///wD///8A////AP///wD///8AZmVk/2ZlZP////8AZmVkP2ZlZOpmZWQ9////AGZlZDVmZWTwZmVk/2ZlZPBmZWQ3////AP///wBmZWT/ZmVk/////wD///8A////AP///wD///8A////AP///wD///8AZmVk/2ZlZP////8A////AGZlZAn///8A////AP///wBmZWQ3ZmVk8GZlZP9mZWTwZmVkNf///wBmZWT/ZmVk/////wD///8A////AP///wD///8A////AP///wD///8AZmVk/2ZlZP////8A////AP///wD///8A////AP///wD///8AZmVkOmZlZPFmZWT/ZmVk4mZlZAZmZWT/ZmVk/////wD///8A////AP///wD///8A////AP///wD///8AZmVk/2ZlZP////8A////AP///wD///8A////AP///wD///8A////AGZlZDtmZWTkZmVkO////wBmZWT/ZmVk/////wD///8A////AP///wD///8A////AP///wD///8AZmVk/2ZlZP////8A////AP///wD///8A////AP///wD///8A////AP///wBmZWQJ////AP///wBmZWT/ZmVk/////wD///8A////AP///wD///8A////AP///wD///8AZmVk/2ZlZP9mZWQ8////AP///wD///8A////AP///wD///8A////AP///wD///8A////AGZlZDxmZWT/ZmVk/////wD///8A////AP///wD///8A////AP///wD///8AZmVk5mZlZP9mZWT/ZmVk/2ZlZP9mZWT/ZmVk/2ZlZP9mZWT/ZmVk/2ZlZP9mZWT/ZmVk/2ZlZP9mZWT/ZmVk5v///wD///8A////AP///wD///8A////AP///wD///8AZmVkSWZlZOZmZWT/ZmVk/2ZlZP9mZWT/ZmVk/2ZlZP9mZWT/ZmVk/2ZlZP9mZWT/ZmVk/2ZlZP9mZWTmZmVkSf///wD///8A////AP///wD///8A////AP///wD///8A////AP///wD///8A////AP///wD///8A////AP///wD///8A////AP///wD///8A////AP///wD///8A////AP///wD///8A////AP///wD///8A////AP///wD///8A////AP///wD///8A////AP///wD///8A////AP///wD///8A////AP///wD///8A////AP///wD///8A////AP///wD///8A////AP///wD///8A////AP///wD///8A////AP///wD///8A////AP///wD///8A////AP///wD///8A////AP///wD///8A////AP///wD///8A////AP///wD///8A////AP///wD///8A////AP///wD///8A////AP///wD///8A////AP///wD///8A////AP///wD///8A////AP///wD///8A////AP///wD///8A////AP///wD///8A////AP///wAAAAAAAAAAAAAAAAAAAAAAAAAAAAAAAAAAAAAAAAAAAAAAAAAAAAAAAAAAAAAAAAAAAAAAAAAAAAAAAAAAAAAAAAAAAAAAAAAAAAAAAAAAAAAAAAAAAAAAAAAAAAAAAAA=</IcoData>
      </ToDoView>
    </ToDoView>
  </ToDoViewsRoot>
  <AutoformatRoot>
    <AutoFormatItem Name="--- Default Rules ---" Enabled="false" FormatEnabled="true" IconEnabled="true">
      <Condition/>
      <Fmt inherit="0" options="2"/>
      <Ico IconPos="1"/>
    </AutoFormatItem>
    <AutoFormatItem Name="No icon 0" IconEnabled="true">
      <Condition>
        <RootRule>
          <Rule Field="Goal" ConditionName="=" DataValue="None" DataType="Integer" ConditionID="701"/>
          <Rule Field="IsFolder" ConditionName="is false" ConditionID="311"/>
        </RootRule>
      </Condition>
      <Fmt inherit="0" options="0"/>
      <Ico IconPos="0"/>
    </AutoFormatItem>
    <AutoFormatItem Name="Any Goal Completed" IconEnabled="true">
      <Condition>
        <RootRule>
          <Rule Field="Goal" ConditionName="&lt;&gt;" DataValue="None" DataType="Integer" ConditionID="702"/>
          <Rule Field="Complete" ConditionName="is true" ConditionID="310"/>
        </RootRule>
      </Condition>
      <Fmt inherit="0" options="2"/>
      <Ico IconPos="0" IconType="3"/>
      <IcoData Caption="goal!_completed">AAABAAEAEBAAAAEAIABoBAAAFgAAACgAAAAQAAAAIAAAAAEAIAAAAAAAQAQAAAAAAAAAAAAAAAAAAAAAAAAfiC8AH4gvAB+ILwAfiC8AH4gvAB+ILwAfiC8AH4gvAB+ILwAfiC8AH4gvAB+ILwAfiC8AH4gvAB+ILwAfiC8AH4gvAB+ILwAfiC8AH4gvAB+ILx8fiC++H4gvHx+ILwAfiC8AH4gvAB+ILwAfiC8AH4gvAB+ILwAfiC8AH4gvAB+ILwAfiC8AH4gvAB+ILx8fiC/fH4gv/x+IL94fiC8fH4gvAB+ILwAfiC8AH4gvAB+ILwAfiC8AH4gvAB+ILwAfiC8AH4gvAB+ILx8fiC/fH4gv/x+IL/8fiC//H4gv3h+ILx8fiC8AH4gvAB+ILwAfiC8AH4gvAB+ILwAfiC8AH4gvAB+ILx8fiC/fH4gv/x+IL/8fiC//H4gv/x+IL/8fiC/eH4gvHx+ILwAfiC8AH4gvAB+ILwAfiC8AH4gvAB+ILx8fiC/fH4gv/x+IL/8fiC/3H4gvfh+IL/cfiC//H4gv/x+IL94fiC8fH4gvAB+ILwAfiC8AH4gvAB+ILwAfiC/CH4gv/x+IL/8fiC/3H4gvRx+ILwAfiC9HH4gv9x+IL/8fiC//H4gv3h+ILx8fiC8AH4gvAB+ILwAfiC8AH4gvIx+IL+IfiC/3H4gvRx+ILwAfiC8AH4gvAB+IL0cfiC/3H4gv/x+IL/8fiC/eH4gvHx+ILwAfiC8AH4gvAB+ILwAfiC8jH4gvQx+ILwAfiC8AH4gvAB+ILwAfiC8AH4gvRx+IL/cfiC//H4gv/x+IL94fiC8fH4gvAB+ILwAfiC8AH4gvAB+ILwAfiC8AH4gvAB+ILwAfiC8AH4gvAB+ILwAfiC9HH4gv9x+IL/8fiC//H4gv3h+ILx8fiC8AH4gvAB+ILwAfiC8AH4gvAB+ILwAfiC8AH4gvAB+ILwAfiC8AH4gvAB+IL0cfiC/3H4gv/x+IL/8fiC/eH4gvHx+ILwAfiC8AH4gvAB+ILwAfiC8AH4gvAB+ILwAfiC8AH4gvAB+ILwAfiC8AH4gvRx+IL/cfiC//H4gv/x+IL7sfiC8AH4gvAB+ILwAfiC8AH4gvAB+ILwAfiC8AH4gvAB+ILwAfiC8AH4gvAB+ILwAfiC9HH4gv9x+IL9wfiC8cH4gvAB+ILwAfiC8AH4gvAB+ILwAfiC8AH4gvAB+ILwAfiC8AH4gvAB+ILwAfiC8AH4gvAB+IL0IfiC8cH4gvAB+ILwAfiC8AH4gvAB+ILwAfiC8AH4gvAB+ILwAfiC8AH4gvAB+ILwAfiC8AH4gvAB+ILwAfiC8AH4gvAB+ILwD///8A////AP///wD///8A////AP///wD///8A////AP///wD///8A////AP///wD///8A////AP///wD///8AAAAAAAAAAAAAAAAAAAAAAAAAAAAAAAAAAAAAAAAAAAAAAAAAAAAAAAAAAAAAAAAAAAAAAAAAAAAAAAAAAAAAAA==</IcoData>
    </AutoFormatItem>
    <AutoFormatItem Name="Weekly Goal Hidden" IconEnabled="true">
      <Condition>
        <RootRule>
          <Rule Field="Goal" ConditionName="=" DataValue="Week" DataType="Integer" ConditionID="701"/>
          <Rule Field="HideInToDo" ConditionName="is true" ConditionID="310"/>
        </RootRule>
      </Condition>
      <Fmt inherit="0" options="2"/>
      <Ico IconPos="0" IconType="3"/>
      <IcoData Caption="goal!_gray">AAABAAEAEBAAAAEAIABoBAAAFgAAACgAAAAQAAAAIAAAAAEAIAAAAAAAQAQAAAAAAAAAAAAAAAAAAAAAAAD///8A////AP///wD///8A////AIGBgQCBgYEAgYGB+oGBgf+BgYH6gYGBAIGBgQD///8A////AP///wD///8A////AP///wD///8A////AP///wCBgYEAgYGBAIGBgf+BgYH/gYGB/4GBgQCBgYEA////AP///wD///8A////AP///wD///8A////AP///wD///8AgYGBAIGBgQCBgYH6gYGB/4GBgfqBgYEAgYGBAP///wD///8A////AP///wD///8A////AP///wD///8A////AIGBgQCBgYEAgYGBAIGBgQCBgYEAgYGBAIGBgQD///8A////AP///wD///8A////AP///wD///8A////AP///wCBgYEAgYGBAIGBgQCBgYEAgYGBAIGBgQCBgYEA////AP///wD///8A////AP///wD///8A////AP///wD///8AgYGBAIGBgQCBgYHSgYGB/4GBgc6BgYEAgYGBAP///wD///8A////AP///wD///8A////AP///wD///8A////AIGBgQCBgYEAgYGB4YGBgf+BgYHhgYGBAIGBgQD///8A////AP///wD///8A////AP///wD///8A////AP///wCBgYEAgYGBAIGBgeGBgYH/gYGB4YGBgQCBgYEA////AP///wD///8A////AP///wD///8A////AP///wD///8AgYGBAIGBgQCBgYHigYGB/4GBgeGBgYEAgYGBAP///wD///8A////AP///wD///8A////AP///wD///8A////AIGBgQCBgYEAgYGB8IGBgf+BgYHugYGBAIGBgQD///8A////AP///wD///8A////AP///wD///8A////AP///wCBgYEAgYGBAIGBgfCBgYH/gYGB8IGBgQCBgYEA////AP///wD///8A////AP///wD///8A////AP///wD///8AgYGBAIGBgQCBgYHwgYGB/4GBgfCBgYEAgYGBAP///wD///8A////AP///wD///8A////AP///wD///8A////AIGBgQCBgYEAgYGB/IGBgf+BgYH6gYGBAIGBgQD///8A////AP///wD///8A////AP///wD///8A////AP///wCBgYEAgYGBAIGBgf+BgYH/gYGB/4GBgQCBgYEA////AP///wD///8A////AP///wD///8A////AP///wD///8AgYGBAIGBgQCBgYH/gYGB/4GBgf+BgYEAgYGBAP///wD///8A////AP///wD///8A////AP///wD///8A////AIGBgQCBgYEDgYGB/IGBgf+BgYH8gYGBAoGBgQD///8A////AP///wD///8AAAAAAAAAAAAAAAAAAAAAAAAAAAAAAAAAAAAAAAAAAAAAAAAAAAAAAAAAAAAAAAAAAAAAAAAAAAAAAAAAAAAAAA==</IcoData>
    </AutoFormatItem>
    <AutoFormatItem Name="Weekly Goal" IconEnabled="true">
      <Condition>
        <RootRule>
          <Rule Field="Goal" ConditionName="=" DataValue="Week" DataType="Integer" ConditionID="701"/>
        </RootRule>
      </Condition>
      <Fmt inherit="0" options="2"/>
      <Ico IconPos="0" IconType="3"/>
      <IcoData Caption="goal!">AAABAAEAEBAAAAEAIABoBAAAFgAAACgAAAAQAAAAIAAAAAEAIAAAAAAAQAQAAAAAAAAAAAAAAAAAAAAAAAD///8A////AP///wD///8A////AAwMfwAMDH8ADAx/+gwMf/8MDH/6DAx/AAwMfwD///8A////AP///wD///8A////AP///wD///8A////AP///wAMDH8ADAx/AAwMf/8MDH//DAx//wwMfwAMDH8A////AP///wD///8A////AP///wD///8A////AP///wD///8ADAx/AAwMfwAMDH/6DAx//wwMf/oMDH8ADAx/AP///wD///8A////AP///wD///8A////AP///wD///8A////AAwMfwAMDH8ADAx/AAwMfwAMDH8ADAx/AAwMfwD///8A////AP///wD///8A////AP///wD///8A////AP///wAMDH8ADAx/AAwMfwAMDH8ADAx/AAwMfwAMDH8A////AP///wD///8A////AP///wD///8A////AP///wD///8ADAx/AAwMfwAMDH/SDAx//wwMf84MDH8ADAx/AP///wD///8A////AP///wD///8A////AP///wD///8A////AAwMfwAMDH8ADAx/4QwMf/8MDH/hDAx/AAwMfwD///8A////AP///wD///8A////AP///wD///8A////AP///wAMDH8ADAx/AAwMf+EMDH//DAx/4QwMfwAMDH8A////AP///wD///8A////AP///wD///8A////AP///wD///8ADAx/AAwMfwAMDH/iDAx//wwMf+EMDH8ADAx/AP///wD///8A////AP///wD///8A////AP///wD///8A////AAwMfwAMDH8ADAx/8AwMf/8MDH/uDAx/AAwMfwD///8A////AP///wD///8A////AP///wD///8A////AP///wAMDH8ADAx/AAwMf/AMDH//DAx/8AwMfwAMDH8A////AP///wD///8A////AP///wD///8A////AP///wD///8ADAx/AAwMfwAMDH/wDAx//wwMf/AMDH8ADAx/AP///wD///8A////AP///wD///8A////AP///wD///8A////AAwMfwAMDH8ADAx//AwMf/8MDH/6DAx/AAwMfwD///8A////AP///wD///8A////AP///wD///8A////AP///wAMDH8ADAx/AAwMf/8MDH//DAx//wwMfwAMDH8A////AP///wD///8A////AP///wD///8A////AP///wD///8ADAx/AAwMfwAMDH//DAx//wwMf/8MDH8ADAx/AP///wD///8A////AP///wD///8A////AP///wD///8A////AAwMfwAMDH8DDAx//AwMf/8MDH/8DAx/AgwMfwD///8A////AP///wD///8AAAAAAAAAAAAAAAAAAAAAAAAAAAAAAAAAAAAAAAAAAAAAAAAAAAAAAAAAAAAAAAAAAAAAAAAAAAAAAAAAAAAAAA==</IcoData>
    </AutoFormatItem>
    <AutoFormatItem Name="Folder" FormatEnabled="true" IconEnabled="true">
      <Condition>
        <RootRule>
          <Rule Field="IsFolder" ConditionName="is true" ConditionID="310"/>
          <Rule Field="HideInToDo" ConditionName="is false" ConditionID="311"/>
        </RootRule>
      </Condition>
      <Fmt bold="1" underline="0" fontcolor="0" inherit="0" SideBarColor="10855845" bgcolor1_1="15921906" underlRowColor="8210719" underlRowThick="2" options="0"/>
      <Ico IconPos="0"/>
      <IcoData Caption="Projects">AAABAAEAGBgAAAEAIACICQAAFgAAACgAAAAYAAAAMAAAAAEAIAAAAAAAYAkAAAAAAAAAAAAAAAAAAAAAAAD///8A////AP///wD///8A////AP///wD///8A////AP///wD///8A////AP///wD///8A////AP///wD///8A////AP///wD///8A////AP///wD///8A////AP///wD///8A////AP///wD///8A////AP///wD///8A////AP///wD///8A////AP///wD///8A////AP///wD///8A////AP///wD///8A////AP///wD///8A////AP///wD///8A////AP///wD///8A////AP///wD///8A////AP///wD///8A////AP///wD///8A////AP///wD///8A////AP///wD///8A////AP///wD///8A////AP///wD///8A////AP///wD///8A////AP///wD///8A////AP///wD///8A////AP///wD///8A////AP///wD///8A////AP///wD///8A////AP///wD///8A////AP///wD///8A////AP///wD///8A////AP///wD///8A////AP///wD///8A////AP///wD///8A////AP///wD///8A////AP///wD///8A////AP///wD///8A////AP///wD///8A////AP///wD///8A////AP///wD///8A////AP///wD///8A////AP///wD///8A////AP///wD///8A////AP///wD///8A////AP///wD///8A////AP///wD///8A////AGZlZAZmZWSRZmVk7mZlZP9mZWT/ZmVk/2ZlZP9mZWT/ZmVk/2ZlZP9mZWT/ZmVk/2ZlZP9mZWT/ZmVk/2ZlZP9mZWT/ZmVk/2ZlZP9mZWT/ZmVk/////wD///8A////AGZlZJBmZWT/ZmVk/2ZlZP9mZWT/ZmVk/2ZlZP9mZWT/ZmVk/2ZlZP9mZWT/ZmVk/2ZlZP9mZWT/ZmVk/2ZlZP9mZWT/ZmVk/2ZlZP9mZWT/ZmVk/////wD///8A////AGZlZO1mZWT/ZmVk0GZlZBhmZWRVZmVk/2ZlZOdmZWQO////AGZlZLxmZWT/ZmVkkf///wBmZWQoZmVk/2ZlZP////8A////AP///wD///8A////AP///wD///8A////AGZlZP9mZWT/ZmVk52ZlZAxmZWQBZmVkwmZlZP9mZWSK////AGZlZCxmZWT7ZmVk+mZlZCj///8AZmVk/2ZlZP////8A////AP///wD///8A////AP///wD///8A////AGZlZP9mZWT/ZmVk/2ZlZIL///8AZmVkMmZlZP1mZWT4ZmVkJf///wBmZWSWZmVk/2ZlZLf///8AZmVk/2ZlZP////8A////AP///wD///8A////AP///wD///8A////AGZlZP9mZWT/ZmVk/mZlZPdmZWQf////AGZlZJtmZWT/ZmVkr////wBmZWQTZmVk72ZlZP9mZWRKZmVk/2ZlZP////8A////AP///wD///8A////AP///wD///8A////AGZlZP9mZWT/ZmVkomZlZP9mZWSq////AGZlZBhmZWTxZmVk/2ZlZET///8AZmVkbmZlZP9mZWTXZmVk/2ZlZP////8A////AP///wD///8A////AP///wD///8A////AGZlZP9mZWT/ZmVkG2ZlZPNmZWT/ZmVkPf///wBmZWR1ZmVk/2ZlZNNmZWQEZmVkBWZlZNdmZWT/ZmVk/2ZlZP////8A////AP///wD///8A////AP///wD///8A////AGZlZP9mZWT/ZmVkGWZlZH1mZWT/ZmVkzWZlZAJmZWQHZmVk22ZlZP9mZWRp////AGZlZElmZWT/ZmVk/2ZlZP////8A////AP///wD///8A////AP///wD///8A////AGZlZO1mZWT/ZmVktmZlZCBmZWTgZmVk/2ZlZGT///8AZmVkUGZlZP9mZWTsZmVkEP///wBmZWS1ZmVk/2ZlZP////8A////AP///wD///8A////AP///wD///8A////AGZlZJBmZWT/ZmVk/2ZlZP9mZWT/ZmVk/2ZlZP9mZWT/ZmVk/2ZlZP9mZWT/ZmVk/2ZlZP9mZWT/ZmVk/2ZlZP9mZWT/ZmVk/2ZlZP9mZWT/ZmVk/////wD///8A////AGZlZAZmZWSRZmVk7WZlZP9mZWT/ZmVk/2ZlZP9mZWT/ZmVk/2ZlZP9mZWT/ZmVk/2ZlZP9mZWT/ZmVk/2ZlZP9mZWT/ZmVk/2ZlZP9mZWT/ZmVk/////wD///8A////AP///wD///8A////AP///wD///8A////AP///wD///8A////AP///wD///8A////AP///wD///8A////AP///wD///8A////AP///wD///8A////AP///wD///8A////AP///wD///8A////AP///wD///8A////AP///wD///8A////AP///wD///8A////AP///wD///8A////AP///wD///8A////AP///wD///8A////AP///wD///8A////AP///wD///8A////AP///wD///8A////AP///wD///8A////AP///wD///8A////AP///wD///8A////AP///wD///8A////AP///wD///8A////AP///wD///8A////AP///wD///8A////AP///wD///8A////AP///wD///8A////AP///wD///8A////AP///wD///8A////AP///wD///8A////AP///wD///8A////AP///wD///8A////AP///wD///8A////AP///wD///8A////AP///wD///8A////AP///wD///8A////AP///wD///8A////AP///wD///8A////AP///wD///8A////AP///wD///8A////AP///wD///8A////AP///wD///8A////AP///wD///8A////AP///wD///8A////AP///wD///8A////AP///wD///8A////AP///wD///8A////AP///wAAAAAAAAAAAAAAAAAAAAAAAAAAAAAAAAAAAAAAAAAAAAAAAAAAAAAAAAAAAAAAAAAAAAAAAAAAAAAAAAAAAAAAAAAAAAAAAAAAAAAAAAAAAAAAAAAAAAAAAAAAAAAAAAA=</IcoData>
    </AutoFormatItem>
    <AutoFormatItem Name="Non-Prio Folder" FormatEnabled="true" IconEnabled="true">
      <Condition>
        <RootRule>
          <Rule Field="IsFolder" ConditionName="is true" ConditionID="310"/>
          <Rule Field="HideInToDo" ConditionName="is true" ConditionID="310"/>
        </RootRule>
      </Condition>
      <Fmt bold="0" underline="0" fontcolor="10855845" inherit="0" bgcolor1_1="15921906" options="0"/>
      <Ico IconPos="0"/>
      <IcoData Caption="Projects">AAABAAEAGBgAAAEAIACICQAAFgAAACgAAAAYAAAAMAAAAAEAIAAAAAAAYAkAAAAAAAAAAAAAAAAAAAAAAAD///8A////AP///wD///8A////AP///wD///8A////AP///wD///8A////AP///wD///8A////AP///wD///8A////AP///wD///8A////AP///wD///8A////AP///wD///8A////AP///wD///8A////AP///wD///8A////AP///wD///8A////AP///wD///8A////AP///wD///8A////AP///wD///8A////AP///wD///8A////AP///wD///8A////AP///wD///8A////AP///wD///8A////AP///wD///8A////AP///wD///8A////AP///wD///8A////AP///wD///8A////AP///wD///8A////AP///wD///8A////AP///wD///8A////AP///wD///8A////AP///wD///8A////AP///wD///8A////AP///wD///8A////AP///wD///8A////AP///wD///8A////AP///wD///8A////AP///wD///8A////AP///wD///8A////AP///wD///8A////AP///wD///8A////AP///wD///8A////AP///wD///8A////AP///wD///8A////AP///wD///8A////AP///wD///8A////AP///wD///8A////AP///wD///8A////AP///wD///8A////AP///wD///8A////AP///wD///8A////AP///wD///8A////AP///wD///8A////AGZlZAZmZWSRZmVk7mZlZP9mZWT/ZmVk/2ZlZP9mZWT/ZmVk/2ZlZP9mZWT/ZmVk/2ZlZP9mZWT/ZmVk/2ZlZP9mZWT/ZmVk/2ZlZP9mZWT/ZmVk/////wD///8A////AGZlZJBmZWT/ZmVk/2ZlZP9mZWT/ZmVk/2ZlZP9mZWT/ZmVk/2ZlZP9mZWT/ZmVk/2ZlZP9mZWT/ZmVk/2ZlZP9mZWT/ZmVk/2ZlZP9mZWT/ZmVk/////wD///8A////AGZlZO1mZWT/ZmVk0GZlZBhmZWRVZmVk/2ZlZOdmZWQO////AGZlZLxmZWT/ZmVkkf///wBmZWQoZmVk/2ZlZP////8A////AP///wD///8A////AP///wD///8A////AGZlZP9mZWT/ZmVk52ZlZAxmZWQBZmVkwmZlZP9mZWSK////AGZlZCxmZWT7ZmVk+mZlZCj///8AZmVk/2ZlZP////8A////AP///wD///8A////AP///wD///8A////AGZlZP9mZWT/ZmVk/2ZlZIL///8AZmVkMmZlZP1mZWT4ZmVkJf///wBmZWSWZmVk/2ZlZLf///8AZmVk/2ZlZP////8A////AP///wD///8A////AP///wD///8A////AGZlZP9mZWT/ZmVk/mZlZPdmZWQf////AGZlZJtmZWT/ZmVkr////wBmZWQTZmVk72ZlZP9mZWRKZmVk/2ZlZP////8A////AP///wD///8A////AP///wD///8A////AGZlZP9mZWT/ZmVkomZlZP9mZWSq////AGZlZBhmZWTxZmVk/2ZlZET///8AZmVkbmZlZP9mZWTXZmVk/2ZlZP////8A////AP///wD///8A////AP///wD///8A////AGZlZP9mZWT/ZmVkG2ZlZPNmZWT/ZmVkPf///wBmZWR1ZmVk/2ZlZNNmZWQEZmVkBWZlZNdmZWT/ZmVk/2ZlZP////8A////AP///wD///8A////AP///wD///8A////AGZlZP9mZWT/ZmVkGWZlZH1mZWT/ZmVkzWZlZAJmZWQHZmVk22ZlZP9mZWRp////AGZlZElmZWT/ZmVk/2ZlZP////8A////AP///wD///8A////AP///wD///8A////AGZlZO1mZWT/ZmVktmZlZCBmZWTgZmVk/2ZlZGT///8AZmVkUGZlZP9mZWTsZmVkEP///wBmZWS1ZmVk/2ZlZP////8A////AP///wD///8A////AP///wD///8A////AGZlZJBmZWT/ZmVk/2ZlZP9mZWT/ZmVk/2ZlZP9mZWT/ZmVk/2ZlZP9mZWT/ZmVk/2ZlZP9mZWT/ZmVk/2ZlZP9mZWT/ZmVk/2ZlZP9mZWT/ZmVk/////wD///8A////AGZlZAZmZWSRZmVk7WZlZP9mZWT/ZmVk/2ZlZP9mZWT/ZmVk/2ZlZP9mZWT/ZmVk/2ZlZP9mZWT/ZmVk/2ZlZP9mZWT/ZmVk/2ZlZP9mZWT/ZmVk/////wD///8A////AP///wD///8A////AP///wD///8A////AP///wD///8A////AP///wD///8A////AP///wD///8A////AP///wD///8A////AP///wD///8A////AP///wD///8A////AP///wD///8A////AP///wD///8A////AP///wD///8A////AP///wD///8A////AP///wD///8A////AP///wD///8A////AP///wD///8A////AP///wD///8A////AP///wD///8A////AP///wD///8A////AP///wD///8A////AP///wD///8A////AP///wD///8A////AP///wD///8A////AP///wD///8A////AP///wD///8A////AP///wD///8A////AP///wD///8A////AP///wD///8A////AP///wD///8A////AP///wD///8A////AP///wD///8A////AP///wD///8A////AP///wD///8A////AP///wD///8A////AP///wD///8A////AP///wD///8A////AP///wD///8A////AP///wD///8A////AP///wD///8A////AP///wD///8A////AP///wD///8A////AP///wD///8A////AP///wD///8A////AP///wD///8A////AP///wD///8A////AP///wD///8A////AP///wD///8A////AP///wD///8A////AP///wAAAAAAAAAAAAAAAAAAAAAAAAAAAAAAAAAAAAAAAAAAAAAAAAAAAAAAAAAAAAAAAAAAAAAAAAAAAAAAAAAAAAAAAAAAAAAAAAAAAAAAAAAAAAAAAAAAAAAAAAAAAAAAAAA=</IcoData>
    </AutoFormatItem>
    <AutoFormatItem Name="Reminder" IconEnabled="true">
      <Condition>
        <RootRule>
          <Rule Field="Reminder" ConditionName="is true" ConditionID="310"/>
        </RootRule>
      </Condition>
      <Fmt inherit="0" options="2"/>
      <Ico IconPos="1" IconType="1"/>
      <IcoData Caption="reminder">AAABAAEAEBAAAAEAIABoBAAAFgAAACgAAAAQAAAAIAAAAAEAIAAAAAAAQAQAAAAAAAAAAAAAAAAAAAAAAAD///8A////AP///wD///8A////AP///wDHx8c5x8fH28fHx9vHx8c5////AP///wD///8A////AP///wD///8A////AP///wD///8A////AP///wD///8Ax8fH3cfHx//Hx8f/x8fH2////wD///8A////AP///wD///8A////AP///wD///8Ax8fH18fHx//Hx8f/x8fH/8fHx//Hx8f/x8fH/8fHx//Hx8f/x8fH/8fHx//Hx8fX////AP///wD///8A////AMfHx4LHx8f/x8fH/8fHx//Hx8f/x8fH/8fHx//Hx8f/x8fH/8fHx//Hx8f/x8fHgv///wD///8A////AP///wDHx8cvx8fH/8fHx/////8A////AP///wD///8A////AP///wDHx8f/x8fH/8fHxzD///8A////AP///wD///8A////AMfHx//Hx8f/////AP///wD///8A////AP///wD///8Ax8fH/8fHx/////8A////AP///wD///8A////AP///wDHx8f/x8fH/////wD///8A////AP///wD///8A////AMfHx//Hx8f/////AP///wD///8A////AP///wD///8Ax8fH/8fHx/////8A////AP///wD///8A////AP///wDHx8f/x8fH/////wD///8A////AP///wD///8A////AMfHx//Hx8f/////AP///wD///8A////AP///wD///8Ax8fH/8fHx/////8A////AP///wD///8A////AP///wDHx8f+x8fH/8fHxwf///8A////AP///wD///8Ax8fHB8fHx//Hx8f+////AP///wD///8A////AP///wD///8Ax8fH4MfHx//Hx8dP////AP///wD///8A////AMfHx0/Hx8f/x8fH4f///wD///8A////AP///wD///8A////AMfHx33Hx8f/x8fH68fHx1bHx8cNx8fHD8fHx1/Hx8ftx8fH/8fHx3////8A////AP///wD///8A////AP///wDHx8cGx8fHscfHx//Hx8f/x8fH/8fHx//Hx8f/x8fH/8fHx7PHx8cG////AP///wD///8A////AP///wD///8A////AMfHxwHHx8dfx8fHwsfHx//Hx8f/x8fHwsfHx1/Hx8cB////AP///wD///8A////AP///wD///8A////AP///wD///8A////AP///wDHx8f/x8fH/////wD///8A////AP///wD///8A////AP///wD///8A////AP///wD///8A////AP///wD///8Ax8fHw8fHx8P///8A////AP///wD///8A////AP///wD///8AAAAAAAAAAAAAAAAAAAAAAAAAAAAAAAAAAAAAAAAAAAAAAAAAAAAAAAAAAAAAAAAAAAAAAAAAAAAAAAAAAAAAAA==</IcoData>
    </AutoFormatItem>
    <AutoFormatItem Name="No icon 2" IconEnabled="true">
      <Condition>
        <RootRule>
          <Rule Field="Notes" ConditionName="is empty" ConditionID="518"/>
        </RootRule>
      </Condition>
      <Fmt inherit="0" options="0"/>
      <Ico IconPos="2"/>
    </AutoFormatItem>
    <AutoFormatItem Name="Notes" IconEnabled="true">
      <Condition>
        <RootRule>
          <Rule Field="Notes" ConditionName="is not empty" ConditionID="519"/>
        </RootRule>
      </Condition>
      <Fmt inherit="0" options="2"/>
      <Ico IconPos="2" IconType="2"/>
      <IcoData Caption="note">AAABAAEAEBAAAAEAIABoBAAAFgAAACgAAAAQAAAAIAAAAAEAIAAAAAAAQAQAAAAAAAAAAAAAAAAAAAAAAAD///8A////AMfHx4jHx8f5x8fH/8fHx//Hx8f/x8fH/8fHx//Hx8f/x8fH/8fHx//Hx8f6x8fHiP///wD///8A////AP///wDHx8f8x8fH/8fHx//Hx8f/x8fH/8fHx//Hx8f/x8fH/8fHx//Hx8f/x8fH/8fHx/r///8A////AP///wD///8Ax8fH/8fHx//Hx8dzx8fHBP///wD///8A////AP///wDHx8cEx8fHc8fHx//Hx8f/////AP///wD///8A////AMfHx//Hx8f/x8fHAv///wD///8A////AP///wD///8A////AMfHxwTHx8f/x8fH/////wD///8A////AP///wDHx8f/x8fH/////wD///8A////AP///wD///8A////AP///wD///8Ax8fH/8fHx/////8A////AP///wD///8Ax8fH/8fHx/////8A////AP///wD///8A////AP///wD///8A////AMfHx//Hx8f/////AP///wD///8A////AMfHx//Hx8f/////AP///wD///8A////AP///wD///8A////AP///wDHx8f/x8fH/////wD///8A////AP///wDHx8f/x8fH/////wD///8A////AP///wD///8A////AP///wD///8Ax8fH/8fHx/////8A////AP///wD///8Ax8fH/8fHx/////8A////AMfHx//Hx8f/x8fH/8fHx//Hx8f/x8fH/8fHx//Hx8f/////AP///wD///8A////AMfHx//Hx8f/////AP///wDHx8f/x8fH/8fHx//Hx8f/x8fH/8fHx//Hx8f/x8fH/////wD///8A////AP///wDHx8f/x8fH/////wD///8Ax8fH/8fHx/////8A////AP///wDHx8chx8fH/8fHx/////8A////AP///wD///8Ax8fH/8fHx/////8A////AMfHx//Hx8f/////AP///wDHx8cix8fH4cfHx//Hx8e3////AP///wD///8A////AMfHx//Hx8f/x8fHAv///wDHx8f/x8fH/////wDHx8clx8fH48fHx//Hx8exx8fHBv///wD///8A////AP///wDHx8f/x8fH/8fHx3THx8cEx8fH/8fHx//Hx8cmx8fH5MfHx//Hx8epx8fHBv///wD///8A////AP///wD///8Ax8fH/MfHx//Hx8f/x8fH/8fHx//Hx8f/x8fH/8fHx//Hx8ejx8fHA////wD///8A////AP///wD///8A////AMfHx4jHx8f5x8fH/8fHx//Hx8f/x8fH/8fHx//Hx8ecx8fHA////wD///8A////AP///wD///8AAAAAAAAAAAAAAAAAAAAAAAAAAAAAAAAAAAAAAAAAAAAAAAAAAAAAAAAAAAAAAAAAAAAAAAAAAAAAAAAAAAAAAA==</IcoData>
    </AutoFormatItem>
    <AutoFormatItem Name="No icon 3" IconEnabled="true">
      <Condition>
        <RootRule>
          <Rule Field="HasDependency" ConditionName="is false" ConditionID="311"/>
        </RootRule>
      </Condition>
      <Fmt inherit="0" options="0"/>
      <Ico IconPos="3"/>
    </AutoFormatItem>
    <AutoFormatItem Name="Dependency" IconEnabled="true">
      <Condition>
        <RootRule>
          <Rule Field="HasIncompleteDependency" ConditionName="is true" ConditionID="310"/>
        </RootRule>
      </Condition>
      <Fmt inherit="0" options="2"/>
      <Ico IconPos="3" IconType="4"/>
      <IcoData Caption="dependency_incomplete">AAABAAEAEBAAAAEAIABoBAAAFgAAACgAAAAQAAAAIAAAAAEAIAAAAAAAAAQAAAAAAAAAAAAAAAAAAAAAAADHx8cAx8fHAMfHx0/Hx8fYx8fH/8fHx8rHx8c1x8fHAMfHxwDHx8cAx8fHAMfHxwDHx8cAx8fHAMfHxwDHx8cAx8fHAMfHx1zHx8f8x8fH/8fHx//Hx8f/x8fH88fHxzzHx8cAx8fHAMfHxwDHx8cAx8fHAMfHxwDHx8cAx8fHAMfHx0zHx8f8x8fH/8fHx4LHx8cOx8fHnsfHx8LHx8eDx8fHA8fHxwDHx8cAx8fHAMfHxwDHx8cAx8fHAMfHxwDHx8fZx8fH/8fHx4HHx8cAx8fHAMfHxwDHx8cAx8fHAMfHxwDHx8cAx8fHAMfHxwDHx8cAx8fHAMfHxwDHx8cAx8fH/sfHx//Hx8cNx8fHAMfHxwDHx8cAx8fHBsfHx3THx8ezx8fHn8fHxyHHx8cAx8fHAMfHxwDHx8cAx8fHAMfHx8jHx8f/x8fHp8fHxwPHx8cAx8fHDcfHx8PHx8f/x8fH/8fHx//Hx8fzx8fHPMfHxwDHx8cAx8fHAMfHxwDHx8c2x8fH88fHx//Hx8elx8fHA8fHx57Hx8f/x8fH4sfHx1bHx8esx8fH/8fHx/PHx8c8x8fHAMfHxwDHx8cAx8fHAMfHxzzHx8fzx8fH/8fHx6XHx8cZx8fHuMfHxyPHx8cAx8fHA8fHx6XHx8f/x8fH88fHxzzHx8cAx8fHAMfHxwDHx8cAx8fHPMfHx/LHx8f/x8fHpcfHxwPHx8cAx8fHM8fHx8THx8cZx8fHpMfHx//Hx8fzx8fHPMfHxwDHx8cAx8fHAMfHxwDHx8c8x8fH8sfHx//Hx8evx8fHZsfHx+7Hx8f/x8fHjcfHxwPHx8ekx8fH/8fHx/LHx8c1x8fHAMfHxwDHx8cAx8fHAMfHxzzHx8fxx8fH/8fHx//Hx8f/x8fHrsfHxwbHx8cAx8fHA8fHx6fHx8f/x8fHwcfHxwDHx8cAx8fHAMfHxwDHx8cAx8fHHsfHx5THx8eox8fHYcfHxwHHx8cAx8fHAMfHxwDHx8cbx8fH/8fHx/DHx8cAx8fHAMfHxwDHx8cAx8fHAMfHxwDHx8cAx8fHAMfHxwDHx8cAx8fHAMfHxwDHx8cBx8fHnMfHx//Hx8fFx8fHAMfHxwDHx8cAx8fHAMfHxwDHx8cAx8fHAMfHxwHHx8dxx8fHscfHx53Hx8cbx8fHnMfHx//Hx8f1x8fHPMfHxwDHx8cAx8fHAMfHxwDHx8cAx8fHAMfHxwDHx8cAx8fHPMfHx/LHx8f/x8fH/8fHx//Hx8f2x8fHRsfHxwDHx8cAx8fHAMfHxwDHx8cAx8fHAMfHxwDHx8cAx8fHAMfHxwDHx8csx8fHucfHx+rHx8fEx8fHM8fHxwDHx8cAwf8AAID/AAAAfwAAH/8AABwfAAAIDwAAAAcAAICDAADBAQAA4AAAAPAQAAD4OAAA//AAAP4AAAD/AQAA/4MAAA==</IcoData>
    </AutoFormatItem>
    <AutoFormatItem Name="Dependency Done Completed" IconEnabled="true">
      <Condition>
        <RootRule>
          <Rule Field="Complete" ConditionName="is true" ConditionID="310"/>
          <Rule Field="HasDependency" ConditionName="is true" ConditionID="310"/>
        </RootRule>
      </Condition>
      <Fmt inherit="0" options="2"/>
      <Ico IconPos="3" IconType="4"/>
      <IcoData Caption="dependency_complete_gray">AAABAAEAEBAAAAEAIABoBAAAFgAAACgAAAAQAAAAIAAAAAEAIAAAAAAAAAQAAAAAAAAAAAAAAAAAAAAAAAD///8A////AP///wCBgYEAgYGBAIGBgQCBgYEAgYGBAIGBgQCBgYGBgYGBfIGBgQCBgYEAgYGBAIGBgQCBgYEA////AP///wD///8AgYGBAIGBgQCBgYEAgYGBAIGBgQCBgYGBgYGB/4GBgf+BgYF8gYGBAIGBgQCBgYEAgYGBAMfHxwDHx8cAx8fHAIGBgQCBgYEAgYGBAIGBgQCBgYGBgYGB/4GBgd2BgYHfgYGB/4GBgXyBgYEAgYGBAIGBgQDHx8cAx8fHAMfHxwCBgYEAgYGBAIGBgQCBgYEXgYGB6oGBgd2BgYEdgYGBIIGBgd+BgYH/gYGBfIGBgQCBgYEAx8fHAMfHxyvHx8fNx8fH9sfHx6DHx8cJgYGBAIGBgSuBgYEdgYGBAIGBgQCBgYEggYGB34GBgf+BgYF8gYGBAMfHxy3Hx8fqx8fH5cfHx5vHx8e/x8fHUIGBgQCBgYEAgYGBAIGBgQCBgYEAgYGBAIGBgSCBgYHfgYGB/4GBgXnHx8fKx8fH5MfHxyWBgYEAx8fHEcfHx0zHx8cqgYGBAIGBgQCBgYEAgYGBAIGBgQCBgYEAgYGBIIGBgdiBgYFIx8fH8MfHx5nHx8cAgYGBAMfHxwXHx8eCx8fHxcfHx4rHx8cIgYGBAIGBgQCBgYEAgYGBAIGBgQCBgYEEgYGBAMfHx53Hx8f8x8fHYMfHxwXHx8esx8fH/sfHx8jHx8f9x8fHucfHxwmBgYEAgYGBAIGBgQCBgYEAgYGBAIGBgQDHx8cKx8fHusfHx/zHx8dhx8fHkMfHx2+BgYEAx8fHYcfHx/3Hx8e5x8fHCYGBgQCBgYEAgYGBAIGBgQCBgYEAx8fHAMfHxwrHx8e6x8fH/MfHx2CBgYEAx8fHcMfHx47Hx8dhx8fH/cfHx7nHx8cJgYGBAIGBgQCBgYEAgYGBAMfHxwDHx8cAx8fHCsfHx7rHx8f9x8fHzMfHx/7Hx8esx8fHBcfHx2HHx8f9x8fHoYGBgQCBgYEAgYGBAIGBgQDHx8cAx8fHAMfHxwDHx8cJx8fHh8fHx8bHx8d9x8fHBYGBgQCBgYEAx8fHnsfHx/CBgYEAgYGBAIGBgQCBgYEAx8fHAMfHxwDHx8cAgYGBAIGBgQDHx8cQx8fHVMfHx0uBgYEAx8fHJcfHx+XHx8fKgYGBAIGBgQCBgYEAgYGBAMfHxwDHx8cAx8fHAIGBgQCBgYEAx8fHCsfHx7nHx8f8x8fHm8fHx+bHx8fqx8fHLIGBgQCBgYEAgYGBAIGBgQDHx8cAx8fHAMfHxwCBgYEAgYGBAIGBgQDHx8cKx8fHocfHx/bHx8fNx8fHK4GBgQCBgYEAgYGBAIGBgQCBgYEA/58AAP8PAAD+BwAA/AMAAIJhAAAD8AAAEfgAADB9AAAAPwAAAh8AAIQPAADADwAA4M8AAPiPAAD4DwAA/B8AAA==</IcoData>
    </AutoFormatItem>
    <AutoFormatItem Name="Dependency Done" IconEnabled="true">
      <Condition>
        <RootRule>
          <Rule Field="HasDependency" ConditionName="is true" ConditionID="310"/>
        </RootRule>
      </Condition>
      <Fmt inherit="0" options="2"/>
      <Ico IconPos="3" IconType="4"/>
      <IcoData Caption="dependency_complete">AAABAAEAEBAAAAEAIABoBAAAFgAAACgAAAAQAAAAIAAAAAEAIAAAAAAAAAQAAAAAAAAAAAAAAAAAAAAAAAD///8A////AP///wAvV/AAL1fwAC9X8AAvV/AAL1fwAC9X8AAvV/CBL1fwfC9X8AAvV/AAL1fwAC9X8AAvV/AA////AP///wD///8AL1fwAC9X8AAvV/AAL1fwAC9X8AAvV/CBL1fw/y9X8P8vV/B8L1fwAC9X8AAvV/AAL1fwAMfHxwDHx8cAx8fHAC9X8AAvV/AAL1fwAC9X8AAvV/CBL1fw/y9X8N0vV/DfL1fw/y9X8HwvV/AAL1fwAC9X8ADHx8cAx8fHAMfHxwAvV/AAL1fwAC9X8AAvV/AXL1fw6i9X8N0vV/AdL1fwIC9X8N8vV/D/L1fwfC9X8AAvV/AAx8fHAMfHxyvHx8fNx8fH9sfHx6DHx8cJL1fwAC9X8CsvV/AdL1fwAC9X8AAvV/AgL1fw3y9X8P8vV/B9L1fwAMfHxy3Hx8fqx8fH5cfHx5vHx8e/x8fHUC9X8AAvV/AAL1fwAC9X8AAvV/AAL1fwAC9X8CAvV/DfL1fw/y9X8HrHx8fKx8fH5MfHxyUvV/AAx8fHEcfHx0zHx8cqL1fwAC9X8AAvV/AAL1fwAC9X8AAvV/AAL1fwIC9X8NgvV/BIx8fH8MfHx5nHx8cAL1fwAMfHxwXHx8eCx8fHxcfHx4rHx8cIL1fwAC9X8AAvV/AAL1fwAC9X8AAvV/AEL1fwAMfHx53Hx8f8x8fHYMfHxwXHx8esx8fH/sfHx8jHx8f9x8fHucfHxwkvV/AAL1fwAC9X8AAvV/AAL1fwAC9X8ADHx8cKx8fHusfHx/zHx8dhx8fHkMfHx28vV/AAx8fHYcfHx/3Hx8e5x8fHCS9X8AAvV/AAL1fwAC9X8AAvV/AAx8fHAMfHxwrHx8e6x8fH/MfHx2AvV/AAx8fHcMfHx47Hx8dhx8fH/cfHx7nHx8cJL1fwAC9X8AAvV/AAL1fwAMfHxwDHx8cAx8fHCsfHx7rHx8f9x8fHzMfHx/7Hx8esx8fHBcfHx2HHx8f9x8fHoS9X8AAvV/AAL1fwAC9X8ADHx8cAx8fHAMfHxwDHx8cJx8fHhsfHx8XHx8d9x8fHBS9X8AAvV/AAx8fHnsfHx/AvV/AAL1fwAC9X8AAvV/AAx8fHAMfHxwDHx8cAL1fwAC9X8ADHx8cQx8fHVMfHx0svV/AAx8fHJcfHx+XHx8fKL1fwAC9X8AAvV/AAL1fwAMfHxwDHx8cAx8fHAC9X8AAvV/AAx8fHCsfHx7nHx8f8x8fHm8fHx+bHx8fqx8fHLC9X8AAvV/AAL1fwAC9X8ADHx8cAx8fHAMfHxwAvV/AAL1fwAC9X8ADHx8cKx8fHocfHx/bHx8fNx8fHKy9X8AAvV/AAL1fwAC9X8AAvV/AA/58AAP8PAAD+BwAA/AMAAIJhAAAD8AAAEfgAADB9AAAAPwAAAh8AAIQPAADADwAA4M8AAPiPAAD4DwAA/B8AAA==</IcoData>
    </AutoFormatItem>
    <AutoFormatItem Name="--- Add custom rules here ---" Enabled="false">
      <Condition/>
      <Fmt inherit="0" options="2"/>
      <Ico IconPos="1"/>
    </AutoFormatItem>
    <AutoFormatItem Name="Custom rule" Enabled="false">
      <Condition>
        <RootRule>
          <Rule Field="Caption" ConditionName="contains" DataValue="'custom'" DataType="string" ConditionID="510"/>
        </RootRule>
      </Condition>
      <Fmt inherit="0" options="2"/>
      <Ico IconPos="1"/>
    </AutoFormatItem>
    <AutoFormatItem Name="Hidden Tasks" FormatEnabled="true">
      <Condition>
        <RootRule>
          <Rule Field="HideInToDo" ConditionName="is true" ConditionID="310"/>
        </RootRule>
      </Condition>
      <Fmt fontcolor="12566463" inherit="0" options="0"/>
      <Ico IconPos="1"/>
    </AutoFormatItem>
    <AutoFormatItem Name="Project" FormatEnabled="true">
      <Condition>
        <RootRule>
          <Rule Field="IsProject" ConditionName="is true" ConditionID="310"/>
        </RootRule>
      </Condition>
      <Fmt underline="0" inherit="0" underlRowThick="2" options="0"/>
      <Ico IconPos="1"/>
    </AutoFormatItem>
    <AutoFormatItem Name="Project In Progress" FormatEnabled="true">
      <Condition>
        <RootRule>
          <Rule Field="IsProject" ConditionName="is true" ConditionID="310"/>
          <Rule Field="ProjectStatus" ConditionName="=" DataValue="In Progress" DataType="Integer" ConditionID="901"/>
        </RootRule>
      </Condition>
      <Fmt bold="1" underline="1" fontcolor="9592886" inherit="0" underlRowColor="8210719" underlRowThick="2" options="0"/>
      <Ico IconPos="1"/>
    </AutoFormatItem>
    <AutoFormatItem Name="Project Suspended" FormatEnabled="true">
      <Condition>
        <RootRule>
          <Rule Field="IsProject" ConditionName="is true" ConditionID="310"/>
          <Rule Field="ProjectStatus" ConditionName="=" DataValue="Suspended" DataType="Integer" ConditionID="901"/>
        </RootRule>
      </Condition>
      <Fmt bold="1" fontcolor="12566463" inherit="0" underlRowThick="2" options="0"/>
      <Ico IconPos="1"/>
    </AutoFormatItem>
    <AutoFormatItem Name="Starred" FormatEnabled="true">
      <Condition>
        <RootRule>
          <Rule Field="Starred" ConditionName="is true" ConditionID="310"/>
        </RootRule>
      </Condition>
      <Fmt bold="1" fontcolor="12419407" inherit="0" SideBarColor="12611584" options="0" IndentLnBg="0"/>
      <Ico IconPos="1"/>
    </AutoFormatItem>
    <AutoFormatItem Name="ALERT" FormatEnabled="true" IconEnabled="true">
      <Condition>
        <RootRule>
          <Rule Field="Urgency" ConditionName="=" DataValue="200" DataType="Integer" ConditionID="0"/>
        </RootRule>
      </Condition>
      <Fmt bold="0" underline="0" fontcolor="0" inherit="0" SideBarColor="0" bgcolor1_1="617699" underlRowColor="255" options="0"/>
      <Ico IconPos="1"/>
      <IcoData Caption="flag-red">AAABAAcAEBAAAAEAIABoBAAAdgAAABgYAAABACAAiAkAAN4EAAAgIAAAAQAgAKgQAABmDgAAICAAAAEAIACoEAAADh8AADAwAAABACAAqCUAALYvAABAQAAAAQAgAChCAABeVQAASEgAAAEAIACIVAAAhpcAACgAAAAQAAAAIAAAAAEAIAAAAAAAAAAAAAAAAAAAAAAAAAAAAAAAAAD///8A////AP///wD///8A////AP///wD///8A////AP///wD///8A////AP///wD///8A////AP///wD///8A////ADZD9P82Q/T/NkP0ADZD9AA2Q/QANkP0ADZD9AA2Q/QANkP0ADZD9AA2Q/QANkP0ADZD9AA2Q/QANkP0AP///wA2Q/T/NkP0/zZD9AA2Q/QANkP0ADZD9AA2Q/QANkP0ADZD9AA2Q/QANkP0ADZD9AA2Q/QANkP0ADZD9AD///8ANkP0/zZD9P82Q/QANkP0ADZD9AA2Q/QANkP0ADZD9AA2Q/QANkP0ADZD9AA2Q/QANkP0ADZD9AA2Q/QA////ADZD9P82Q/T/NkP0ADZD9AA2Q/QANkP0ADZD9AA2Q/QANkP0ADZD9AA2Q/QANkP0ADZD9AA2Q/QANkP0AP///wA2Q/T/NkP0/zZD9AA2Q/QANkP0ADZD9AA2Q/QANkP0ADZD9AA2Q/QANkP0ADZD9AA2Q/QANkP0ADZD9AD///8ANkP0/zZD9P82Q/QANkP0ADZD9AA2Q/QANkP0ADZD9P82Q/T/NkP0/zZD9P82Q/T/NkP0/zZD9P82Q/T/////ADZD9P82Q/T/NkP0ADZD9AA2Q/QANkP0ADZD9AA2Q/T/NkP0/zZD9P82Q/T/NkP0/zZD9P82Q/T/NkP0/////wA2Q/T/NkP0/zZD9AA2Q/T/NkP0/zZD9P82Q/QaNkP0/zZD9P82Q/T/NkP0/zZD9P82Q/T/NkP0/zZD9P////8ANkP0/zZD9P82Q/QANkP0/zZD9P82Q/T/NkP0GjZD9P82Q/T/NkP0/zZD9P82Q/T/NkP0/zZD9P82Q/T/////ADZD9P82Q/T/NkP0ADZD9P82Q/T/NkP0/zZD9Bo2Q/T/NkP0/zZD9P82Q/T/NkP0/zZD9P82Q/T/NkP0/////wA2Q/T/NkP0/zZD9AA2Q/T/NkP0/zZD9P82Q/QaNkP0/zZD9P82Q/T/NkP0/zZD9P82Q/T/NkP0/zZD9P////8ANkP0/zZD9P82Q/QANkP0/zZD9P82Q/T/NkP0GjZD9P82Q/T/NkP0/zZD9P82Q/T/NkP0/zZD9P82Q/T/////ADZD9P82Q/T/NkP0ADZD9P82Q/T/NkP0/zZD9Bo2Q/QaNkP0GjZD9Bo2Q/QaNkP0ADZD9AA2Q/QANkP0AP///wA2Q/T/NkP0/zZD9AA2Q/T/NkP0/zZD9P82Q/T/NkP0/zZD9P82Q/T/NkP0/zZD9AA2Q/QANkP0ADZD9AD///8A////AP///wD///8A////AP///wD///8A////AP///wD///8A////AP///wD///8A////AP///wD///8A//8AAJ//AACf/wAAn/8AAJ//AACf/wAAnwAAAJ8AAACQAAAAkAAAAJAAAACQAAAAkAAAAJAPAACQDwAA//8AACgAAAAYAAAAMAAAAAEAIAAAAAAAAAAAAAAAAAAAAAAAAAAAAAAAAAD///8ANkP0/zZD9P82Q/T/NkP0ADZD9AA2Q/QANkP0ADZD9AA2Q/QANkP0ADZD9AA2Q/QANkP0ADZD9AA2Q/QANkP0ADZD9AA2Q/QANkP0ADZD9AA2Q/QANkP0ADZD9AD///8ANkP0/zZD9P82Q/T/NkP0ADZD9AA2Q/QANkP0ADZD9AA2Q/QANkP0ADZD9AA2Q/QANkP0ADZD9AA2Q/QANkP0ADZD9AA2Q/QANkP0ADZD9AA2Q/QANkP0ADZD9AD///8ANkP0/zZD9P82Q/T/NkP0ADZD9AA2Q/QANkP0ADZD9AA2Q/QANkP0ADZD9AA2Q/QANkP0ADZD9AA2Q/QANkP0ADZD9AA2Q/QANkP0ADZD9AA2Q/QANkP0ADZD9AD///8ANkP0/zZD9P82Q/T/NkP0ADZD9AA2Q/QANkP0ADZD9AA2Q/QANkP0ADZD9AA2Q/QANkP0ADZD9AA2Q/QANkP0ADZD9AA2Q/QANkP0ADZD9AA2Q/QANkP0ADZD9AD///8ANkP0/zZD9P82Q/T/NkP0ADZD9AA2Q/QANkP0ADZD9AA2Q/QANkP0ADZD9AA2Q/QANkP0ADZD9AA2Q/QANkP0ADZD9AA2Q/QANkP0ADZD9AA2Q/QANkP0ADZD9AD///8ANkP0/zZD9P82Q/T/NkP0ADZD9AA2Q/QANkP0ADZD9AA2Q/QANkP0ADZD9AA2Q/QANkP0ADZD9AA2Q/QANkP0ADZD9AA2Q/QANkP0ADZD9AA2Q/QANkP0ADZD9AD///8ANkP0/zZD9P82Q/T/NkP0ADZD9AA2Q/QANkP0ADZD9AA2Q/QANkP0ADZD9AA2Q/QANkP0ADZD9AA2Q/QANkP0ADZD9AA2Q/QANkP0ADZD9AA2Q/QANkP0ADZD9AD///8ANkP0/zZD9P82Q/T/NkP0ADZD9AA2Q/QANkP0ADZD9AA2Q/QANkP0ADZD9AA2Q/QANkP0ADZD9AA2Q/QANkP0ADZD9AA2Q/QANkP0ADZD9AA2Q/QANkP0ADZD9AD///8ANkP0/zZD9P82Q/T/NkP0ADZD9AA2Q/QANkP0ADZD9AA2Q/QANkP0ADZD9AA2Q/QANkP0ADZD9AA2Q/QANkP0ADZD9AA2Q/QANkP0ADZD9AA2Q/QANkP0ADZD9AD///8ANkP0/zZD9P82Q/T/NkP0ADZD9AA2Q/QANkP0ADZD9AA2Q/QANkP0ADZD9AA2Q/T/NkP0/zZD9P82Q/T/NkP0/zZD9P82Q/T/NkP0/zZD9P82Q/T/NkP0/zZD9P////8ANkP0/zZD9P82Q/T/NkP0ADZD9AA2Q/QANkP0ADZD9AA2Q/QANkP0ADZD9AA2Q/T/NkP0/zZD9P82Q/T/NkP0/zZD9P82Q/T/NkP0/zZD9P82Q/T/NkP0/zZD9P////8ANkP0/zZD9P82Q/T/NkP0ADZD9AA2Q/QANkP0ADZD9AA2Q/QANkP0ADZD9AA2Q/T/NkP0/zZD9P82Q/T/NkP0/zZD9P82Q/T/NkP0/zZD9P82Q/T/NkP0/zZD9P////8ANkP0/zZD9P82Q/T/NkP0ADZD9AA2Q/QANkP0ADZD9AA2Q/QANkP0ADZD9AA2Q/T/NkP0/zZD9P82Q/T/NkP0/zZD9P82Q/T/NkP0/zZD9P82Q/T/NkP0/zZD9P////8ANkP0/zZD9P82Q/T/NkP0ADZD9P82Q/T/NkP0/zZD9P82Q/T/NkP0/zZD9Bo2Q/T/NkP0/zZD9P82Q/T/NkP0/zZD9P82Q/T/NkP0/zZD9P82Q/T/NkP0/zZD9P////8ANkP0/zZD9P82Q/T/NkP0ADZD9P82Q/T/NkP0/zZD9P82Q/T/NkP0/zZD9Bo2Q/T/NkP0/zZD9P82Q/T/NkP0/zZD9P82Q/T/NkP0/zZD9P82Q/T/NkP0/zZD9P////8ANkP0/zZD9P82Q/T/NkP0ADZD9P82Q/T/NkP0/zZD9P82Q/T/NkP0/zZD9Bo2Q/T/NkP0/zZD9P82Q/T/NkP0/zZD9P82Q/T/NkP0/zZD9P82Q/T/NkP0/zZD9P////8ANkP0/zZD9P82Q/T/NkP0ADZD9P82Q/T/NkP0/zZD9P82Q/T/NkP0/zZD9Bo2Q/T/NkP0/zZD9P82Q/T/NkP0/zZD9P82Q/T/NkP0/zZD9P82Q/T/NkP0/zZD9P////8ANkP0/zZD9P82Q/T/NkP0ADZD9P82Q/T/NkP0/zZD9P82Q/T/NkP0/zZD9Bo2Q/T/NkP0/zZD9P82Q/T/NkP0/zZD9P82Q/T/NkP0/zZD9P82Q/T/NkP0/zZD9P////8ANkP0/zZD9P82Q/T/NkP0ADZD9P82Q/T/NkP0/zZD9P82Q/T/NkP0/zZD9Bo2Q/T/NkP0/zZD9P82Q/T/NkP0/zZD9P82Q/T/NkP0/zZD9P82Q/T/NkP0/zZD9P////8ANkP0/zZD9P82Q/T/NkP0ADZD9P82Q/T/NkP0/zZD9P82Q/T/NkP0/zZD9Bo2Q/T/NkP0/zZD9P82Q/T/NkP0/zZD9P82Q/T/NkP0/zZD9P82Q/T/NkP0/zZD9P////8ANkP0/zZD9P82Q/T/NkP0ADZD9P82Q/T/NkP0/zZD9P82Q/T/NkP0/zZD9Bo2Q/QaNkP0GjZD9Bo2Q/QaNkP0GjZD9AA2Q/QANkP0ADZD9AA2Q/QANkP0ADZD9AD///8ANkP0/zZD9P82Q/T/NkP0ADZD9P82Q/T/NkP0/zZD9P82Q/T/NkP0/zZD9P82Q/T/NkP0/zZD9P82Q/T/NkP0/zZD9AA2Q/QANkP0ADZD9AA2Q/QANkP0ADZD9AD///8ANkP0/zZD9P82Q/T/NkP0ADZD9P82Q/T/NkP0/zZD9P82Q/T/NkP0/zZD9P82Q/T/NkP0/zZD9P82Q/T/NkP0/zZD9AA2Q/QANkP0ADZD9AA2Q/QANkP0ADZD9AD///8ANkP0/zZD9P82Q/T/NkP0ADZD9P82Q/T/NkP0/zZD9P82Q/T/NkP0/zZD9P82Q/T/NkP0/zZD9P82Q/T/NkP0/zZD9AA2Q/QANkP0ADZD9AA2Q/QANkP0ADZD9ACP//8Aj///AI///wCP//8Aj///AI///wCP//8Aj///AI///wCP8AAAj/AAAI/wAACP8AAAiAAAAIgAAACIAAAAiAAAAIgAAACIAAAAiAAAAIgAfwCIAH8AiAB/AIgAfwAoAAAAIAAAAEAAAAABACAAAAAAAAAAAAAAAAAAAAAAAAAAAAAAAAAA////AP///wD///8A////AFJS2e1SUtkA////AP///wD///8A////AP///wD///8A////AP///wD///8A////AP///wD///8A////AP///wD///8A////AP///wD///8A////AP///wD///8A////AP///wD///8A////AP///wD///8A////AP///wD///8AUlLZ/1JS2QD///8A////AP///wD///8A////AP///wD///8A////AP///wD///8A////AP///wD///8A////AP///wD///8A////AP///wD///8A////AP///wD///8A////AP///wD///8A////AP///wD///8A////AP///wBSUtn/UlLZAP///wD///8A////AP///wD///8A////AP///wD///8A////AP///wD///8A////AP///wD///8A////AP///wD///8A////AP///wD///8A////AP///wD///8A////AP///wD///8A////AP///wD///8A////AFJS2f9SUtkA////AP///wD///8A////AP///wD///8A////AP///wD///8A////AP///wD///8A////AP///wD///8A////AP///wD///8A////AP///wD///8A////AP///wD///8A////AP///wD///8A////AP///wD///8AUlLZ/1JS2QD///8A////AP///wD///8A////AP///wD///8A////AP///wD///8A////AP///wD///8A////AP///wD///8A////AP///wD///8A////AP///wD///8A////AP///wD///8A////AP///wD///8A////AP///wBSUtn/UlLZAP///wD///8A////AP///wD///8A////AP///wD///8A////AP///wD///8A////AP///wD///8A////AP///wD///8A////AP///wD///8A////AP///wD///8A////AP///wD///8A////AP///wD///8A////AFJS2f9SUtkA////AP///wD///8A////AP///wD///8A////AP///wD///8A////AP///wD///8A////AP///wD///8A////AP///wD///8A////AP///wD///8A////AP///wD///8A////AP///wD///8A////AP///wD///8AUlLZ/1JS2QD///8A////AP///wD///8A////AP///wD///8A////AP///wD///8A////AP///wD///8A////AP///wD///8A////AP///wD///8A////AP///wD///8A////AP///wD///8A////AP///wD///8A////AP///wBSUtn/UlLZAP///wD///8A////AP///wD///8A////AP///wD///8A////AP///wD///8A////AP///wD///8A////AP///wD///8A////AP///wD///8A////AP///wD///8A////AP///wD///8A////AP///wD///8A////AFJS2f9SUtkA////AP///wD///8A////AP///wD///8A////AP///wD///8A////AP///wD///8A////AP///wD///8A////AP///wD///8A////AP///wD///8A////AP///wD///8A////AP///wD///8A////AP///wD///8AUlLZ/1JS2QD///8A////AP///wD///8A////AP///wD///8A////AP///wD///8A////AP///wD///8A////AP///wD///8A////AP///wD///8A////AP///wD///8A////AP///wD///8A////AP///wD///8A////AP///wBSUtn/UlLZAP///wD///8A////AP///wD///8A////AP///wD///8A////AP///wD///8A////AP///wD///8A////AP///wD///8A////AP///wD///8A////AP///wD///8A////AP///wD///8A////AP///wD///8A////AFJS2f9SUtkA////AP///wD///8A////AP///wD///8A////AP///wD///8A////AP///wD///8A////AP///wD///8A////AP///wD///8A////AP///wD///8A////AP///wD///8A////AP///wD///8A////AP///wD///8AUlLZ/1JS2WBSUtkM////AP///wD///8A////AP///wD///8A////AP///wD///8A////AFJS2RdSUtlZUlLZmlJS2c1SUtnvUlLZ/1JS2f1SUtnnUlLZyVJS2ZxSUtlpUlLZJv///wD///8A////AP///wD///8A////AP///wBSUtn/WFjn/1JS2fdSUtm7UlLZdVJS2T1SUtkXUlLZB1JS2RBSUtkmUlLZVVJS2ZJSUtnUUlLZ/ldX5v9bW/D/Xl74/2Bg/f9hYf//YWH//2Bg+/9eXvf/W1vw/1hY6f9SUtn/////AP///wD///8A////AP///wD///8A////AFJS2f9hYf//YWH+/11d9f9ZWer/Vlbi/1NT3P9SUtr/U1Pb/1RU3/9XV+b/W1vv/15e+f9hYf//YWH//2Fh//9hYf//YWH//2Fh//9hYf//YWH//2Fh//9hYf//YWH//1JS2f////8A////AP///wD///8A////AP///wD///8AUlLZ/2Fh//9hYf//YWH//2Fh//9hYf//YWH//2Fh//9hYf//YWH//2Fh//9hYf//YWH//2Fh//9hYf//YWH//2Fh//9hYf//YWH//2Fh//9hYf//YWH//2Fh//9hYf//UlLZ/////wD///8A////AP///wD///8A////AP///wBSUtn/YWH//2Fh//9hYf//YWH//2Fh//9hYf//YWH//2Fh//9hYf//YWH//2Fh//9hYf//YWH//2Fh//9hYf//YWH//2Fh//9hYf//YWH//2Fh//9hYf//YWH//2Fh//9SUtn/////AP///wD///8A////AP///wD///8A////AFJS2f9hYf//YWH//2Fh//9hYf//YWH//2Fh//9hYf//YWH//2Fh//9hYf//YWH//2Fh//9hYf//YWH//2Fh//9hYf//YWH//2Fh//9hYf//YWH//2Fh//9hYf//YWH//1JS2f////8A////AP///wD///8A////AP///wD///8AUlLZ/2Fh//9hYf//YWH//2Fh//9hYf//YWH//2Fh//9hYf//YWH//2Fh//9hYf//YWH//2Fh//9hYf//YWH//2Fh//9hYf//YWH//2Fh//9hYf//YWH//2Fh//9hYf//UlLZ/////wD///8A////AP///wD///8A////AP///wBSUtn/YWH//2Fh//9hYf//YWH//2Fh//9hYf//YWH//2Fh//9hYf//YWH//2Fh//9hYf//YWH//2Fh//9hYf//YWH//2Fh//9hYf//YWH//2Fh//9hYf//YWH//2Fh//9SUtn/////AP///wD///8A////AP///wD///8A////AFJS2f9hYf//YWH//2Fh//9hYf//YWH//2Fh//9hYf//YWH//2Fh//9hYf//YWH//2Fh//9hYf//YWH//2Fh//9hYf//YWH//2Fh//9hYf//YWH//2Fh//9hYf//YWH//1JS2f////8A////AP///wD///8A////AP///wD///8AUlLZ/2Fh//9hYf//YWH//2Fh//9hYf//YWH//2Fh//9hYf//YWH//2Fh//9hYf//YWH//2Fh//9hYf//YWH//2Fh//9hYf//YWH//2Fh//9hYf//YWH//2Fh//9hYf//UlLZ/////wD///8A////AP///wD///8A////AP///wBSUtn/YWH//2Fh//9hYf//YWH//2Fh//9hYf//YWH//2Fh//9hYf//YWH//2Fh//9hYf//YWH//2Fh//9hYf//YWH//2Fh//9hYf//YWH//2Fh//9hYf//YWH//2Fh//9SUtn/////AP///wD///8A////AP///wD///8A////AFJS2f9hYf//YWH//2Fh//9hYf//YWH//2Fh//9hYf//YWH//2Fh//9hYf//YWH//2Fh//9hYf//YWH//2Fh//9hYf//YWH//2Fh//9hYf//YWH//2Fh//9hYf//YWH//1JS2f////8A////AP///wD///8A////AP///wD///8AUlLZ/2Fh//9hYf//YWH//2Fh//9hYf//YWH//2Fh//9hYf//YWH//2Fh//9hYf//YWH//2Fh//9hYf//YWH//2Fh//9hYf//YWH//2Fh//9hYf//YWH//2Fh//9hYf//UlLZ/////wD///8A////AP///wD///8A////AP///wBSUtn/YWH//2Fh//9hYf//YWH//2Fh//9hYf//YWH//2Fh//9hYf//YWH//2Fh//9hYf//YWH//2Fh//9hYf//YWH//2Fh//9hYf//YWH//2Fh//9hYf//YWH//2Fh//9SUtn/////AP///wD///8A////AP///wD///8A////AFJS2f9hYf//YWH//2Fh//9hYf//YWH//2Fh//9hYf//YWH//2Fh//9hYf//YWH//2Fh//9hYf//YWH//2Fh//9hYf//YWH//2Fh//9hYf//YWH//2Fh//9hYf//YWH//1JS2f////8A////AP///wD///8A////AP///wD///8AUlLZ/1tb8P9gYPz/YWH//2Fh//9hYf//YWH//2Fh//9hYf//YWH//2Fh//9hYf//YWH//2Bg/P9cXPL/WFjo/1VV4P9TU9z/UlLZ/1JS2f9TU93/VVXh/1hY6P9bW/D/UlLZ/////wD///8A////AP///wD///8A////AP///wBSUtk0UlLZmVJS2e1WVuL/Wlrt/11d9v9gYPz/YWH+/2Bg/f9fX/r/XFzz/1lZ6v9VVeD/UlLZ6FJS2aZSUtljUlLZMVJS2RH///8AUlLZA1JS2RlSUtk5UlLZZVJS2ZpSUtnc////AP///wD///8A////AP///wD///8A////AFJS2QBSUtkAUlLZBlJS2T5SUtmGUlLZwFJS2ehSUtn6UlLZ8VJS2dtSUtmvUlLZb1JS2SxSUtkB////AP///wD///8A////AP///wD///8A////AP///wD///8A////AP///wD///8A////AP///wD///8A////AP///wD///8A////AP///wD///8A////AP///wD///8A////AP///wD///8A////AP///wD///8A////AP///wD///8A////AP///wD///8A////AP///wD///8A////AP///wD///8A////AP///wD///8A////APf////3////9/////f////3////9/////f////3////9/////f////3////9/////f////x/4AH8AAAB/AAAAfwAAAH8AAAB/AAAAfwAAAH8AAAB/AAAAfwAAAH8AAAB/AAAAfwAAAH8AAAB/AAAAfwAAAH8AACB/wAP///////KAAAACAAAABAAAAAAQAgAAAAAAAAAAAAAAAAAAAAAAAAAAAAAAAAAP///wD///8A////AP///wD///8A////AP///wD///8A////AP///wD///8A////AP///wD///8A////AP///wD///8A////AP///wD///8A////AP///wD///8A////AP///wD///8A////AP///wD///8A////AP///wD///8A////AP///wD///8A////AP///wD///8A////AP///wD///8A////AP///wD///8A////AP///wD///8A////AP///wD///8A////AP///wD///8A////AP///wD///8A////AP///wD///8A////AP///wD///8A////AP///wD///8A////ADZD9P82Q/T/NkP0/zZD9AA2Q/QANkP0ADZD9AA2Q/QANkP0ADZD9AA2Q/QANkP0ADZD9AA2Q/QANkP0ADZD9AA2Q/QANkP0ADZD9AA2Q/QANkP0ADZD9AA2Q/QANkP0ADZD9AA2Q/QANkP0ADZD9AD///8A////AP///wD///8ANkP0/zZD9P82Q/T/NkP0ADZD9AA2Q/QANkP0ADZD9AA2Q/QANkP0ADZD9AA2Q/QANkP0ADZD9AA2Q/QANkP0ADZD9AA2Q/QANkP0ADZD9AA2Q/QANkP0ADZD9AA2Q/QANkP0ADZD9AA2Q/QANkP0AP///wD///8A////AP///wA2Q/T/NkP0/zZD9P82Q/QANkP0ADZD9AA2Q/QANkP0ADZD9AA2Q/QANkP0ADZD9AA2Q/QANkP0ADZD9AA2Q/QANkP0ADZD9AA2Q/QANkP0ADZD9AA2Q/QANkP0ADZD9AA2Q/QANkP0ADZD9AA2Q/QA////AP///wD///8A////ADZD9P82Q/T/NkP0/zZD9AA2Q/QANkP0ADZD9AA2Q/QANkP0ADZD9AA2Q/QANkP0ADZD9AA2Q/QANkP0ADZD9AA2Q/QANkP0ADZD9AA2Q/QANkP0ADZD9AA2Q/QANkP0ADZD9AA2Q/QANkP0ADZD9AD///8A////AP///wD///8ANkP0/zZD9P82Q/T/NkP0ADZD9AA2Q/QANkP0ADZD9AA2Q/QANkP0ADZD9AA2Q/QANkP0ADZD9AA2Q/QANkP0ADZD9AA2Q/QANkP0ADZD9AA2Q/QANkP0ADZD9AA2Q/QANkP0ADZD9AA2Q/QANkP0AP///wD///8A////AP///wA2Q/T/NkP0/zZD9P82Q/QANkP0ADZD9AA2Q/QANkP0ADZD9AA2Q/QANkP0ADZD9AA2Q/QANkP0ADZD9AA2Q/QANkP0ADZD9AA2Q/QANkP0ADZD9AA2Q/QANkP0ADZD9AA2Q/QANkP0ADZD9AA2Q/QA////AP///wD///8A////ADZD9P82Q/T/NkP0/zZD9AA2Q/QANkP0ADZD9AA2Q/QANkP0ADZD9AA2Q/QANkP0ADZD9AA2Q/QANkP0ADZD9AA2Q/QANkP0ADZD9AA2Q/QANkP0ADZD9AA2Q/QANkP0ADZD9AA2Q/QANkP0ADZD9AD///8A////AP///wD///8ANkP0/zZD9P82Q/T/NkP0ADZD9AA2Q/QANkP0ADZD9AA2Q/QANkP0ADZD9AA2Q/QANkP0ADZD9AA2Q/QANkP0ADZD9AA2Q/QANkP0ADZD9AA2Q/QANkP0ADZD9AA2Q/QANkP0ADZD9AA2Q/QANkP0AP///wD///8A////AP///wA2Q/T/NkP0/zZD9P82Q/QANkP0ADZD9AA2Q/QANkP0ADZD9AA2Q/QANkP0ADZD9AA2Q/QANkP0ADZD9AA2Q/QANkP0ADZD9AA2Q/QANkP0ADZD9AA2Q/QANkP0ADZD9AA2Q/QANkP0ADZD9AA2Q/QA////AP///wD///8A////ADZD9P82Q/T/NkP0/zZD9AA2Q/QANkP0ADZD9AA2Q/QANkP0ADZD9AA2Q/QANkP0ADZD9AA2Q/QANkP0ADZD9AA2Q/QANkP0ADZD9AA2Q/QANkP0ADZD9AA2Q/QANkP0ADZD9AA2Q/QANkP0ADZD9AD///8A////AP///wD///8ANkP0/zZD9P82Q/T/NkP0ADZD9AA2Q/QANkP0ADZD9AA2Q/QANkP0ADZD9AA2Q/QANkP0/zZD9P82Q/T/NkP0/zZD9P82Q/T/NkP0/zZD9P82Q/T/NkP0/zZD9P82Q/T/NkP0/zZD9P82Q/T/NkP0/////wD///8A////AP///wA2Q/T/NkP0/zZD9P82Q/QANkP0ADZD9AA2Q/QANkP0ADZD9AA2Q/QANkP0ADZD9AA2Q/T/NkP0/zZD9P82Q/T/NkP0/zZD9P82Q/T/NkP0/zZD9P82Q/T/NkP0/zZD9P82Q/T/NkP0/zZD9P82Q/T/////AP///wD///8A////ADZD9P82Q/T/NkP0/zZD9AA2Q/QANkP0ADZD9AA2Q/QANkP0ADZD9AA2Q/QANkP0ADZD9P82Q/T/NkP0/zZD9P82Q/T/NkP0/zZD9P82Q/T/NkP0/zZD9P82Q/T/NkP0/zZD9P82Q/T/NkP0/zZD9P////8A////AP///wD///8ANkP0/zZD9P82Q/T/NkP0ADZD9AA2Q/QANkP0ADZD9AA2Q/QANkP0ADZD9AA2Q/QANkP0/zZD9P82Q/T/NkP0/zZD9P82Q/T/NkP0/zZD9P82Q/T/NkP0/zZD9P82Q/T/NkP0/zZD9P82Q/T/NkP0/////wD///8A////AP///wA2Q/T/NkP0/zZD9P82Q/QANkP0/zZD9P82Q/T/NkP0/zZD9P82Q/T/NkP0/zZD9Bo2Q/T/NkP0/zZD9P82Q/T/NkP0/zZD9P82Q/T/NkP0/zZD9P82Q/T/NkP0/zZD9P82Q/T/NkP0/zZD9P82Q/T/////AP///wD///8A////ADZD9P82Q/T/NkP0/zZD9AA2Q/T/NkP0/zZD9P82Q/T/NkP0/zZD9P82Q/T/NkP0GjZD9P82Q/T/NkP0/zZD9P82Q/T/NkP0/zZD9P82Q/T/NkP0/zZD9P82Q/T/NkP0/zZD9P82Q/T/NkP0/zZD9P////8A////AP///wD///8ANkP0/zZD9P82Q/T/NkP0ADZD9P82Q/T/NkP0/zZD9P82Q/T/NkP0/zZD9P82Q/QaNkP0/zZD9P82Q/T/NkP0/zZD9P82Q/T/NkP0/zZD9P82Q/T/NkP0/zZD9P82Q/T/NkP0/zZD9P82Q/T/NkP0/////wD///8A////AP///wA2Q/T/NkP0/zZD9P82Q/QANkP0/zZD9P82Q/T/NkP0/zZD9P82Q/T/NkP0/zZD9Bo2Q/T/NkP0/zZD9P82Q/T/NkP0/zZD9P82Q/T/NkP0/zZD9P82Q/T/NkP0/zZD9P82Q/T/NkP0/zZD9P82Q/T/////AP///wD///8A////ADZD9P82Q/T/NkP0/zZD9AA2Q/T/NkP0/zZD9P82Q/T/NkP0/zZD9P82Q/T/NkP0GjZD9P82Q/T/NkP0/zZD9P82Q/T/NkP0/zZD9P82Q/T/NkP0/zZD9P82Q/T/NkP0/zZD9P82Q/T/NkP0/zZD9P////8A////AP///wD///8ANkP0/zZD9P82Q/T/NkP0ADZD9P82Q/T/NkP0/zZD9P82Q/T/NkP0/zZD9P82Q/QaNkP0/zZD9P82Q/T/NkP0/zZD9P82Q/T/NkP0/zZD9P82Q/T/NkP0/zZD9P82Q/T/NkP0/zZD9P82Q/T/NkP0/////wD///8A////AP///wA2Q/T/NkP0/zZD9P82Q/QANkP0/zZD9P82Q/T/NkP0/zZD9P82Q/T/NkP0/zZD9Bo2Q/T/NkP0/zZD9P82Q/T/NkP0/zZD9P82Q/T/NkP0/zZD9P82Q/T/NkP0/zZD9P82Q/T/NkP0/zZD9P82Q/T/////AP///wD///8A////ADZD9P82Q/T/NkP0/zZD9AA2Q/T/NkP0/zZD9P82Q/T/NkP0/zZD9P82Q/T/NkP0GjZD9P82Q/T/NkP0/zZD9P82Q/T/NkP0/zZD9P82Q/T/NkP0/zZD9P82Q/T/NkP0/zZD9P82Q/T/NkP0/zZD9P////8A////AP///wD///8ANkP0/zZD9P82Q/T/NkP0ADZD9P82Q/T/NkP0/zZD9P82Q/T/NkP0/zZD9P82Q/QaNkP0/zZD9P82Q/T/NkP0/zZD9P82Q/T/NkP0/zZD9P82Q/T/NkP0/zZD9P82Q/T/NkP0/zZD9P82Q/T/NkP0/////wD///8A////AP///wA2Q/T/NkP0/zZD9P82Q/QANkP0/zZD9P82Q/T/NkP0/zZD9P82Q/T/NkP0/zZD9Bo2Q/T/NkP0/zZD9P82Q/T/NkP0/zZD9P82Q/T/NkP0/zZD9P82Q/T/NkP0/zZD9P82Q/T/NkP0/zZD9P82Q/T/////AP///wD///8A////ADZD9P82Q/T/NkP0/zZD9AA2Q/T/NkP0/zZD9P82Q/T/NkP0/zZD9P82Q/T/NkP0GjZD9Bo2Q/QaNkP0GjZD9Bo2Q/QaNkP0GjZD9Bo2Q/QANkP0ADZD9AA2Q/QANkP0ADZD9AA2Q/QANkP0ADZD9AD///8A////AP///wD///8ANkP0/zZD9P82Q/T/NkP0ADZD9P82Q/T/NkP0/zZD9P82Q/T/NkP0/zZD9P82Q/T/NkP0/zZD9P82Q/T/NkP0/zZD9P82Q/T/NkP0/zZD9P82Q/QANkP0ADZD9AA2Q/QANkP0ADZD9AA2Q/QANkP0AP///wD///8A////AP///wA2Q/T/NkP0/zZD9P82Q/QANkP0/zZD9P82Q/T/NkP0/zZD9P82Q/T/NkP0/zZD9P82Q/T/NkP0/zZD9P82Q/T/NkP0/zZD9P82Q/T/NkP0/zZD9AA2Q/QANkP0ADZD9AA2Q/QANkP0ADZD9AA2Q/QA////AP///wD///8A////ADZD9P82Q/T/NkP0/zZD9AA2Q/T/NkP0/zZD9P82Q/T/NkP0/zZD9P82Q/T/NkP0/zZD9P82Q/T/NkP0/zZD9P82Q/T/NkP0/zZD9P82Q/T/NkP0ADZD9AA2Q/QANkP0ADZD9AA2Q/QANkP0ADZD9AD///8A////AP///wD///8A////AP///wD///8A////AP///wD///8A////AP///wD///8A////AP///wD///8A////AP///wD///8A////AP///wD///8A////AP///wD///8A////AP///wD///8A////AP///wD///8A////AP///wD///8A////AP///wD///8A////AP///wD///8A////AP///wD///8A////AP///wD///8A////AP///wD///8A////AP///wD///8A////AP///wD///8A////AP///wD///8A////AP///wD///8A////AP///wD///8A////AP///wD//////////8f////H////x////8f////H////x////8f////H////x////8f////H/AADx/wAA8f8AAPH/AADxAAAA8QAAAPEAAADxAAAA8QAAAPEAAADxAAAA8QAAAPEAAADxAAAA8QAB//EAAP/xAAD/8QAA////////////ygAAAAwAAAAYAAAAAEAIAAAAAAAAAAAAAAAAAAAAAAAAAAAAAAAAAD///8A////AP///wD///8A////AP///wD///8A////AP///wD///8A////AP///wD///8A////AP///wD///8A////AP///wD///8A////AP///wD///8A////AP///wD///8A////AP///wD///8A////AP///wD///8A////AP///wD///8A////AP///wD///8A////AP///wD///8A////AP///wD///8A////AP///wD///8A////AP///wD///8A////AP///wD///8A////AP///wD///8A////AP///wD///8A////AP///wD///8A////AP///wD///8A////AP///wD///8A////AP///wD///8A////AP///wD///8A////AP///wD///8A////AP///wD///8A////AP///wD///8A////AP///wD///8A////AP///wD///8A////AP///wD///8A////AP///wD///8A////AP///wD///8A////AP///wD///8A////AP///wD///8A////AP///wD///8A////AP///wD///8A////AP///wD///8A////AP///wD///8A////AP///wD///8A////AP///wD///8A////AP///wD///8A////AP///wD///8A////AP///wD///8A////AP///wD///8A////AP///wD///8A////AP///wD///8A////AP///wD///8A////AP///wD///8A////AP///wD///8A////AP///wD///8A////AP///wD///8A////AP///wD///8A////AP///wD///8A////AP///wD///8A////AP///wD///8A////AP///wD///8A////AP///wD///8A////AP///wD///8A////AP///wD///8A////AP///wD///8A////AP///wD///8A////AP///wD///8A////AP///wD///8A////AP///wD///8A////AP///wD///8A////ADZD9P82Q/T/NkP0/////wD///8A////AP///wD///8A////AP///wD///8ANkP0ADZD9AA2Q/QANkP0ADZD9AA2Q/QANkP0ADZD9AA2Q/QANkP0ADZD9AA2Q/QANkP0ADZD9AA2Q/QANkP0AP///wD///8A////AP///wD///8A////AP///wD///8A////AP///wD///8A////AP///wD///8A////AP///wD///8A////AP///wD///8A////ADZD9P82Q/T/NkP0/////wD///8A////AP///wD///8A////AP///wD///8ANkP0ADZD9AA2Q/QANkP0ADZD9AA2Q/QANkP0ADZD9AA2Q/QANkP0ADZD9AA2Q/QANkP0ADZD9AA2Q/QANkP0AP///wD///8A////AP///wD///8A////AP///wD///8A////AP///wD///8A////AP///wD///8A////AP///wD///8A////AP///wD///8A////ADZD9P82Q/T/NkP0/////wD///8A////AP///wD///8A////AP///wD///8ANkP0ADZD9AA2Q/QANkP0ADZD9AA2Q/QANkP0ADZD9AA2Q/QANkP0ADZD9AA2Q/QANkP0ADZD9AA2Q/QANkP0AP///wD///8A////AP///wD///8A////AP///wD///8A////AP///wD///8A////AP///wD///8A////AP///wD///8A////AP///wD///8A////ADZD9P82Q/T/NkP0/////wD///8A////AP///wD///8A////AP///wD///8ANkP0ADZD9AA2Q/QANkP0ADZD9AA2Q/QANkP0ADZD9AA2Q/QANkP0ADZD9AA2Q/QANkP0ADZD9AA2Q/QANkP0AP///wD///8A////AP///wD///8A////AP///wD///8A////AP///wD///8A////AP///wD///8A////AP///wD///8A////AP///wD///8A////ADZD9P82Q/T/NkP0/////wD///8A////AP///wD///8A////AP///wD///8ANkP0ADZD9AA2Q/QANkP0ADZD9AA2Q/QANkP0ADZD9AA2Q/QANkP0ADZD9AA2Q/QANkP0ADZD9AA2Q/QANkP0AP///wD///8A////AP///wD///8A////AP///wD///8A////AP///wD///8A////AP///wD///8A////AP///wD///8A////AP///wD///8A////ADZD9P82Q/T/NkP0/////wD///8A////AP///wD///8A////AP///wD///8ANkP0ADZD9AA2Q/QANkP0ADZD9AA2Q/QANkP0ADZD9AA2Q/QANkP0ADZD9AA2Q/QANkP0ADZD9AA2Q/QANkP0AP///wD///8A////AP///wD///8A////AP///wD///8A////AP///wD///8A////AP///wD///8A////AP///wD///8A////AP///wD///8A////ADZD9P82Q/T/NkP0/////wD///8A////AP///wD///8A////AP///wD///8ANkP0ADZD9AA2Q/QANkP0ADZD9AA2Q/QANkP0ADZD9AA2Q/QANkP0ADZD9AA2Q/QANkP0ADZD9AA2Q/QANkP0AP///wD///8A////AP///wD///8A////AP///wD///8A////AP///wD///8A////AP///wD///8A////AP///wD///8A////AP///wD///8A////ADZD9P82Q/T/NkP0/////wD///8A////AP///wD///8A////AP///wD///8ANkP0ADZD9AA2Q/QANkP0ADZD9AA2Q/QANkP0ADZD9AA2Q/QANkP0ADZD9AA2Q/QANkP0ADZD9AA2Q/QANkP0AP///wD///8A////AP///wD///8A////AP///wD///8A////AP///wD///8A////AP///wD///8A////AP///wD///8A////AP///wD///8A////ADZD9P82Q/T/NkP0/////wD///8A////AP///wD///8A////AP///wD///8ANkP0ADZD9AA2Q/QANkP0ADZD9AA2Q/QANkP0ADZD9AA2Q/QANkP0ADZD9AA2Q/QANkP0ADZD9AA2Q/QANkP0AP///wD///8A////AP///wD///8A////AP///wD///8A////AP///wD///8A////AP///wD///8A////AP///wD///8A////AP///wD///8A////ADZD9P82Q/T/NkP0/////wD///8A////AP///wD///8A////AP///wD///8ANkP0ADZD9AA2Q/QANkP0ADZD9AA2Q/QANkP0ADZD9AA2Q/QANkP0ADZD9AA2Q/QANkP0ADZD9AA2Q/QANkP0AP///wD///8A////AP///wD///8A////AP///wD///8A////AP///wD///8A////AP///wD///8A////AP///wD///8A////AP///wD///8A////ADZD9P82Q/T/NkP0/////wD///8A////AP///wD///8A////AP///wD///8ANkP0ADZD9AA2Q/QANkP0ADZD9AA2Q/QANkP0ADZD9AA2Q/QANkP0ADZD9AA2Q/QANkP0ADZD9AA2Q/QANkP0AP///wD///8A////AP///wD///8A////AP///wD///8A////AP///wD///8A////AP///wD///8A////AP///wD///8A////AP///wD///8A////ADZD9P82Q/T/NkP0/////wD///8A////AP///wD///8A////AP///wD///8ANkP0ADZD9AA2Q/QANkP0ADZD9AA2Q/QANkP0ADZD9AA2Q/QANkP0ADZD9AA2Q/QANkP0ADZD9AA2Q/QANkP0AP///wD///8A////AP///wD///8A////AP///wD///8A////AP///wD///8A////AP///wD///8A////AP///wD///8A////AP///wD///8A////ADZD9P82Q/T/NkP0/////wD///8A////AP///wD///8A////AP///wD///8ANkP0ADZD9AA2Q/QANkP0ADZD9AA2Q/QANkP0ADZD9AA2Q/QANkP0ADZD9AA2Q/QANkP0ADZD9AA2Q/QANkP0AP///wD///8A////AP///wD///8A////AP///wD///8A////AP///wD///8A////AP///wD///8A////AP///wD///8A////AP///wD///8A////ADZD9P82Q/T/NkP0/////wD///8A////AP///wD///8A////AP///wD///8ANkP0ADZD9AA2Q/QANkP0ADZD9AA2Q/QANkP0ADZD9AA2Q/QANkP0ADZD9AA2Q/QANkP0ADZD9AA2Q/QANkP0AP///wD///8A////AP///wD///8A////AP///wD///8A////AP///wD///8A////AP///wD///8A////AP///wD///8A////AP///wD///8A////ADZD9P82Q/T/NkP0/////wD///8A////AP///wD///8A////AP///wD///8ANkP0ADZD9AA2Q/QANkP0ADZD9AA2Q/QANkP0/zZD9P82Q/T/NkP0/zZD9P82Q/T/NkP0/zZD9P82Q/T/NkP0/zZD9P82Q/T/NkP0/zZD9P82Q/T/NkP0/zZD9P82Q/T/NkP0/zZD9P82Q/T/NkP0/////wD///8A////AP///wD///8A////AP///wD///8A////ADZD9P82Q/T/NkP0/////wD///8A////AP///wD///8A////AP///wD///8ANkP0ADZD9AA2Q/QANkP0ADZD9AA2Q/QANkP0/zZD9P82Q/T/NkP0/zZD9P82Q/T/NkP0/zZD9P82Q/T/NkP0/zZD9P82Q/T/NkP0/zZD9P82Q/T/NkP0/zZD9P82Q/T/NkP0/zZD9P82Q/T/NkP0/////wD///8A////AP///wD///8A////AP///wD///8A////ADZD9P82Q/T/NkP0/////wD///8A////AP///wD///8A////AP///wD///8ANkP0ADZD9AA2Q/QANkP0ADZD9AA2Q/QANkP0/zZD9P82Q/T/NkP0/zZD9P82Q/T/NkP0/zZD9P82Q/T/NkP0/zZD9P82Q/T/NkP0/zZD9P82Q/T/NkP0/zZD9P82Q/T/NkP0/zZD9P82Q/T/NkP0/////wD///8A////AP///wD///8A////AP///wD///8A////ADZD9P82Q/T/NkP0/////wD///8A////AP///wD///8A////AP///wD///8ANkP0ADZD9AA2Q/QANkP0ADZD9AA2Q/QANkP0/zZD9P82Q/T/NkP0/zZD9P82Q/T/NkP0/zZD9P82Q/T/NkP0/zZD9P82Q/T/NkP0/zZD9P82Q/T/NkP0/zZD9P82Q/T/NkP0/zZD9P82Q/T/NkP0/////wD///8A////AP///wD///8A////AP///wD///8A////ADZD9P82Q/T/NkP0/////wD///8A////AP///wD///8A////AP///wD///8ANkP0ADZD9AA2Q/QANkP0ADZD9AA2Q/QANkP0/zZD9P82Q/T/NkP0/zZD9P82Q/T/NkP0/zZD9P82Q/T/NkP0/zZD9P82Q/T/NkP0/zZD9P82Q/T/NkP0/zZD9P82Q/T/NkP0/zZD9P82Q/T/NkP0/////wD///8A////AP///wD///8A////AP///wD///8A////ADZD9P82Q/T/NkP0/////wD///8A////AP///wD///8A////AP///wD///8ANkP0ADZD9AA2Q/QANkP0ADZD9AA2Q/QANkP0/zZD9P82Q/T/NkP0/zZD9P82Q/T/NkP0/zZD9P82Q/T/NkP0/zZD9P82Q/T/NkP0/zZD9P82Q/T/NkP0/zZD9P82Q/T/NkP0/zZD9P82Q/T/NkP0/////wD///8A////AP///wD///8A////AP///wD///8A////ADZD9P82Q/T/NkP0/////wD///8ANkP0/zZD9P82Q/T/NkP0/zZD9P82Q/T/NkP0/zZD9P82Q/T/NkP0/zZD9AA2Q/QANkP0/zZD9P82Q/T/NkP0/zZD9P82Q/T/NkP0/zZD9P82Q/T/NkP0/zZD9P82Q/T/NkP0/zZD9P82Q/T/NkP0/zZD9P82Q/T/NkP0/zZD9P82Q/T/NkP0/////wD///8A////AP///wD///8A////AP///wD///8A////ADZD9P82Q/T/NkP0/////wD///8ANkP0/zZD9P82Q/T/NkP0/zZD9P82Q/T/NkP0/zZD9P82Q/T/NkP0/zZD9AA2Q/QANkP0/zZD9P82Q/T/NkP0/zZD9P82Q/T/NkP0/zZD9P82Q/T/NkP0/zZD9P82Q/T/NkP0/zZD9P82Q/T/NkP0/zZD9P82Q/T/NkP0/zZD9P82Q/T/NkP0/////wD///8A////AP///wD///8A////AP///wD///8A////ADZD9P82Q/T/NkP0/////wD///8ANkP0/zZD9P82Q/T/NkP0/zZD9P82Q/T/NkP0/zZD9P82Q/T/NkP0/zZD9AA2Q/QANkP0/zZD9P82Q/T/NkP0/zZD9P82Q/T/NkP0/zZD9P82Q/T/NkP0/zZD9P82Q/T/NkP0/zZD9P82Q/T/NkP0/zZD9P82Q/T/NkP0/zZD9P82Q/T/NkP0/////wD///8A////AP///wD///8A////AP///wD///8A////ADZD9P82Q/T/NkP0/////wD///8ANkP0/zZD9P82Q/T/NkP0/zZD9P82Q/T/NkP0/zZD9P82Q/T/NkP0/zZD9AA2Q/QANkP0/zZD9P82Q/T/NkP0/zZD9P82Q/T/NkP0/zZD9P82Q/T/NkP0/zZD9P82Q/T/NkP0/zZD9P82Q/T/NkP0/zZD9P82Q/T/NkP0/zZD9P82Q/T/NkP0/////wD///8A////AP///wD///8A////AP///wD///8A////ADZD9P82Q/T/NkP0/////wD///8ANkP0/zZD9P82Q/T/NkP0/zZD9P82Q/T/NkP0/zZD9P82Q/T/NkP0/zZD9AA2Q/QANkP0/zZD9P82Q/T/NkP0/zZD9P82Q/T/NkP0/zZD9P82Q/T/NkP0/zZD9P82Q/T/NkP0/zZD9P82Q/T/NkP0/zZD9P82Q/T/NkP0/zZD9P82Q/T/NkP0/////wD///8A////AP///wD///8A////AP///wD///8A////ADZD9P82Q/T/NkP0/////wD///8ANkP0/zZD9P82Q/T/NkP0/zZD9P82Q/T/NkP0/zZD9P82Q/T/NkP0/zZD9AA2Q/QANkP0/zZD9P82Q/T/NkP0/zZD9P82Q/T/NkP0/zZD9P82Q/T/NkP0/zZD9P82Q/T/NkP0/zZD9P82Q/T/NkP0/zZD9P82Q/T/NkP0/zZD9P82Q/T/NkP0/////wD///8A////AP///wD///8A////AP///wD///8A////ADZD9P82Q/T/NkP0/////wD///8ANkP0/zZD9P82Q/T/NkP0/zZD9P82Q/T/NkP0/zZD9P82Q/T/NkP0/zZD9AA2Q/QANkP0/zZD9P82Q/T/NkP0/zZD9P82Q/T/NkP0/zZD9P82Q/T/NkP0/zZD9P82Q/T/NkP0/zZD9P82Q/T/NkP0/zZD9P82Q/T/NkP0/zZD9P82Q/T/NkP0/////wD///8A////AP///wD///8A////AP///wD///8A////ADZD9P82Q/T/NkP0/////wD///8ANkP0/zZD9P82Q/T/NkP0/zZD9P82Q/T/NkP0/zZD9P82Q/T/NkP0/zZD9AA2Q/QANkP0/zZD9P82Q/T/NkP0/zZD9P82Q/T/NkP0/zZD9P82Q/T/NkP0/zZD9P82Q/T/NkP0/zZD9P82Q/T/NkP0/zZD9P82Q/T/NkP0/zZD9P82Q/T/NkP0/////wD///8A////AP///wD///8A////AP///wD///8A////ADZD9P82Q/T/NkP0/////wD///8ANkP0/zZD9P82Q/T/NkP0/zZD9P82Q/T/NkP0/zZD9P82Q/T/NkP0/zZD9AA2Q/QANkP0/zZD9P82Q/T/NkP0/zZD9P82Q/T/NkP0/zZD9P82Q/T/NkP0/zZD9P82Q/T/NkP0/zZD9P82Q/T/NkP0/zZD9P82Q/T/NkP0/zZD9P82Q/T/NkP0/////wD///8A////AP///wD///8A////AP///wD///8A////ADZD9P82Q/T/NkP0/////wD///8ANkP0/zZD9P82Q/T/NkP0/zZD9P82Q/T/NkP0/zZD9P82Q/T/NkP0/zZD9AA2Q/QANkP0/zZD9P82Q/T/NkP0/zZD9P82Q/T/NkP0/zZD9P82Q/T/NkP0/zZD9P82Q/T/NkP0/zZD9P82Q/T/NkP0/zZD9P82Q/T/NkP0/zZD9P82Q/T/NkP0/////wD///8A////AP///wD///8A////AP///wD///8A////ADZD9P82Q/T/NkP0/////wD///8ANkP0/zZD9P82Q/T/NkP0/zZD9P82Q/T/NkP0/zZD9P82Q/T/NkP0/zZD9AA2Q/QANkP0/zZD9P82Q/T/NkP0/zZD9P82Q/T/NkP0/zZD9P82Q/T/NkP0/zZD9P82Q/T/NkP0/zZD9P82Q/T/NkP0/zZD9P82Q/T/NkP0/zZD9P82Q/T/NkP0/////wD///8A////AP///wD///8A////AP///wD///8A////ADZD9P82Q/T/NkP0/////wD///8ANkP0/zZD9P82Q/T/NkP0/zZD9P82Q/T/NkP0/zZD9P82Q/T/NkP0/zZD9AA2Q/QANkP0/zZD9P82Q/T/NkP0/zZD9P82Q/T/NkP0/zZD9P82Q/T/NkP0/zZD9P82Q/T/NkP0/zZD9P82Q/T/NkP0/zZD9P82Q/T/NkP0/zZD9P82Q/T/NkP0/////wD///8A////AP///wD///8A////AP///wD///8A////ADZD9P82Q/T/NkP0/////wD///8ANkP0/zZD9P82Q/T/NkP0/zZD9P82Q/T/NkP0/zZD9P82Q/T/NkP0/zZD9AA2Q/QANkP0/zZD9P82Q/T/NkP0/zZD9P82Q/T/NkP0/zZD9P82Q/T/NkP0/zZD9P82Q/T/NkP0/zZD9P82Q/T/NkP0/zZD9P82Q/T/NkP0/zZD9P82Q/T/NkP0/////wD///8A////AP///wD///8A////AP///wD///8A////ADZD9P82Q/T/NkP0/////wD///8ANkP0/zZD9P82Q/T/NkP0/zZD9P82Q/T/NkP0/zZD9P82Q/T/NkP0/zZD9AA2Q/QANkP0/zZD9P82Q/T/NkP0/zZD9P82Q/T/NkP0/zZD9P82Q/T/NkP0/zZD9P82Q/T/NkP0/zZD9P82Q/T/NkP0/zZD9P82Q/T/NkP0/zZD9P82Q/T/NkP0/////wD///8A////AP///wD///8A////AP///wD///8A////ADZD9P82Q/T/NkP0/////wD///8ANkP0/zZD9P82Q/T/NkP0/zZD9P82Q/T/NkP0/zZD9P82Q/T/NkP0/zZD9AA2Q/QANkP0MjZD9Jg2Q/TyNkP0/zZD9P82Q/T/NkP0/zZD9P82Q/T/NkP0/////wD///8A////AP///wD///8A////AP///wD///8A////AP///wD///8A////AP///wD///8A////AP///wD///8A////AP///wD///8A////ADZD9P82Q/T/NkP0/////wD///8ANkP0/zZD9P82Q/T/NkP0/zZD9P82Q/T/NkP0/zZD9P82Q/T/NkP0/zZD9MA2Q/RANkP0ADZD9AA2Q/QMNkP0ZTZD9Ms2Q/T/NkP0/zZD9P82Q/T/NkP0/////wD///8A////AP///wD///8A////AP///wD///8A////AP///wD///8A////AP///wD///8A////AP///wD///8A////AP///wD///8A////ADZD9P82Q/T/NkP0/////wD///8ANkP0/zZD9P82Q/T/NkP0/zZD9P82Q/T/NkP0/zZD9P82Q/T/NkP0/zZD9P82Q/T/NkP0zTZD9Gc2Q/QNNkP0ADZD9AA2Q/QyNkP0mDZD9PI2Q/T/NkP0/////wD///8A////AP///wD///8A////AP///wD///8A////AP///wD///8A////AP///wD///8A////AP///wD///8A////AP///wD///8A////ADZD9P82Q/T/NkP0/////wD///8ANkP0/zZD9P82Q/T/NkP0/zZD9P82Q/T/NkP0/zZD9P82Q/T/NkP0/zZD9P82Q/T/NkP0/zZD9P82Q/TzNkP0mjZD9DQ2Q/QANkP0ADZD9Aw2Q/RlNkP0y////wD///8A////AP///wD///8A////AP///wD///8A////AP///wD///8A////AP///wD///8A////AP///wD///8A////AP///wD///8A////ADZD9P82Q/T/NkP0/////wD///8ANkP0/zZD9P82Q/T/NkP0/zZD9P82Q/T/NkP0/zZD9P82Q/T/NkP0/zZD9P82Q/T/NkP0/zZD9P82Q/T/NkP0/zZD9P82Q/TNNkP0ZzZD9A02Q/QANkP0AP///wD///8A////AP///wD///8A////AP///wD///8A////AP///wD///8A////AP///wD///8A////AP///wD///8A////AP///wD///8A////ADZD9P82Q/T/NkP0/////wD///8ANkP0/zZD9P82Q/T/NkP0/zZD9P82Q/T/NkP0/zZD9P82Q/T/NkP0/zZD9P82Q/T/NkP0/zZD9P82Q/T/NkP0/zZD9P82Q/T/NkP0/zZD9PM2Q/QANkP0AP///wD///8A////AP///wD///8A////AP///wD///8A////AP///wD///8A////AP///wD///8A////AP///wD///8A////AP///wD///8A////AP///wD///8A////AP///wD///8A////AP///wD///8A////AP///wD///8A////AP///wD///8A////AP///wD///8A////AP///wD///8A////AP///wD///8A////AP///wD///8A////AP///wD///8A////AP///wD///8A////AP///wD///8A////AP///wD///8A////AP///wD///8A////AP///wD///8A////AP///wD///8A////AP///wD///8A////AP///wD///8A////AP///wD///8A////AP///wD///8A////AP///wD///8A////AP///wD///8A////AP///wD///8A////AP///wD///8A////AP///wD///8A////AP///wD///8A////AP///wD///8A////AP///wD///8A////AP///wD///8A////AP///wD///8A////AP///wD///8A////AP///wD///8A////AP///wD///8A////AP///wD///8A////AP///wD///8A////AP///wD///8A////AP///wD///8A////AP///wD///8A////AP///wD///8A////AP///wD///8A////AP///wD///8A////AP///wD///8A////AP///wD///8A////AP///wD///8A////AP///wD///8A////AP///wD///8A////AP///wD///8A////AP///wD///8A////AP///wD///8A////AP///wD///8A////AP///wD///8A////AP///wD///8A////AP///wD///8A////AP///wD///8A////AP///wD///8A////AP///wD///8A////AP///wD///8A////AP///wD///8A////AP///wD///8A////AP///wD///8A////AP///wD///8A////AP///wD///8A////AP///wD///////8AAP///////wAA////////AAD///////8AAPj//////wAA+P//////AAD4//////8AAPj//////wAA+P//////AAD4//////8AAPj//////wAA+P//////AAD4//////8AAPj//////wAA+P//////AAD4//////8AAPj//////wAA+P//////AAD4//wAAA8AAPj//AAADwAA+P/8AAAPAAD4//wAAA8AAPj//AAADwAA+P/8AAAPAAD4wAwAAA8AAPjADAAADwAA+MAMAAAPAAD4wAwAAA8AAPjADAAADwAA+MAMAAAPAAD4wAwAAA8AAPjADAAADwAA+MAMAAAPAAD4wAwAAA8AAPjADAAADwAA+MAMAAAPAAD4wAwAAA8AAPjADAAADwAA+MAMAP//AAD4wAMA//8AAPjAAGD//wAA+MAAGP//AAD4wAAD//8AAPjAAAP//wAA////////AAD///////8AAP///////wAA////////AAAoAAAAQAAAAIAAAAABACAAAAAAAAAAAAAAAAAAAAAAAAAAAAAAAAAA////AP///wD///8A////AP///wD///8A////AP///wD///8A////AP///wD///8A////AP///wD///8A////AP///wD///8A////AP///wD///8A////AP///wD///8A////AP///wD///8A////AP///wD///8A////AP///wD///8A////AP///wD///8A////AP///wD///8A////AP///wD///8A////AP///wD///8A////AP///wD///8A////AP///wD///8A////AP///wD///8A////AP///wD///8A////AP///wD///8A////AP///wD///8A////AP///wD///8A////AP///wD///8A////AP///wBSUtngUlLZAP///wD///8A////AP///wD///8A////AP///wD///8A////AP///wD///8A////AP///wD///8A////AP///wD///8A////AP///wD///8A////AP///wD///8A////AP///wD///8A////AP///wD///8A////AP///wD///8A////AP///wD///8A////AP///wD///8A////AP///wD///8A////AP///wD///8A////AP///wD///8A////AP///wD///8A////AP///wD///8A////AP///wD///8A////AP///wD///8A////AP///wD///8AUlLZ/1JS2QD///8A////AP///wD///8A////AP///wD///8A////AP///wD///8A////AP///wD///8A////AP///wD///8A////AP///wD///8A////AP///wD///8A////AP///wD///8A////AP///wD///8A////AP///wD///8A////AP///wD///8A////AP///wD///8A////AP///wD///8A////AP///wD///8A////AP///wD///8A////AP///wD///8A////AP///wD///8A////AP///wD///8A////AP///wD///8A////AP///wD///8A////AFJS2f9SUtkA////AP///wD///8A////AP///wD///8A////AP///wD///8A////AP///wD///8A////AP///wD///8A////AP///wD///8A////AP///wD///8A////AP///wD///8A////AP///wD///8A////AP///wD///8A////AP///wD///8A////AP///wD///8A////AP///wD///8A////AP///wD///8A////AP///wD///8A////AP///wD///8A////AP///wD///8A////AP///wD///8A////AP///wD///8A////AP///wD///8A////AP///wBSUtn/UlLZAP///wD///8A////AP///wD///8A////AP///wD///8A////AP///wD///8A////AP///wD///8A////AP///wD///8A////AP///wD///8A////AP///wD///8A////AP///wD///8A////AP///wD///8A////AP///wD///8A////AP///wD///8A////AP///wD///8A////AP///wD///8A////AP///wD///8A////AP///wD///8A////AP///wD///8A////AP///wD///8A////AP///wD///8A////AP///wD///8A////AP///wD///8AUlLZ/1JS2QD///8A////AP///wD///8A////AP///wD///8A////AP///wD///8A////AP///wD///8A////AP///wD///8A////AP///wD///8A////AP///wD///8A////AP///wD///8A////AP///wD///8A////AP///wD///8A////AP///wD///8A////AP///wD///8A////AP///wD///8A////AP///wD///8A////AP///wD///8A////AP///wD///8A////AP///wD///8A////AP///wD///8A////AP///wD///8A////AP///wD///8A////AFJS2f9SUtkA////AP///wD///8A////AP///wD///8A////AP///wD///8A////AP///wD///8A////AP///wD///8A////AP///wD///8A////AP///wD///8A////AP///wD///8A////AP///wD///8A////AP///wD///8A////AP///wD///8A////AP///wD///8A////AP///wD///8A////AP///wD///8A////AP///wD///8A////AP///wD///8A////AP///wD///8A////AP///wD///8A////AP///wD///8A////AP///wD///8A////AP///wBSUtn/UlLZAP///wD///8A////AP///wD///8A////AP///wD///8A////AP///wD///8A////AP///wD///8A////AP///wD///8A////AP///wD///8A////AP///wD///8A////AP///wD///8A////AP///wD///8A////AP///wD///8A////AP///wD///8A////AP///wD///8A////AP///wD///8A////AP///wD///8A////AP///wD///8A////AP///wD///8A////AP///wD///8A////AP///wD///8A////AP///wD///8A////AP///wD///8AUlLZ/1JS2QD///8A////AP///wD///8A////AP///wD///8A////AP///wD///8A////AP///wD///8A////AP///wD///8A////AP///wD///8A////AP///wD///8A////AP///wD///8A////AP///wD///8A////AP///wD///8A////AP///wD///8A////AP///wD///8A////AP///wD///8A////AP///wD///8A////AP///wD///8A////AP///wD///8A////AP///wD///8A////AP///wD///8A////AP///wD///8A////AP///wD///8A////AFJS2f9SUtkA////AP///wD///8A////AP///wD///8A////AP///wD///8A////AP///wD///8A////AP///wD///8A////AP///wD///8A////AP///wD///8A////AP///wD///8A////AP///wD///8A////AP///wD///8A////AP///wD///8A////AP///wD///8A////AP///wD///8A////AP///wD///8A////AP///wD///8A////AP///wD///8A////AP///wD///8A////AP///wD///8A////AP///wD///8A////AP///wD///8A////AP///wBSUtn/UlLZAP///wD///8A////AP///wD///8A////AP///wD///8A////AP///wD///8A////AP///wD///8A////AP///wD///8A////AP///wD///8A////AP///wD///8A////AP///wD///8A////AP///wD///8A////AP///wD///8A////AP///wD///8A////AP///wD///8A////AP///wD///8A////AP///wD///8A////AP///wD///8A////AP///wD///8A////AP///wD///8A////AP///wD///8A////AP///wD///8A////AP///wD///8AUlLZ/1JS2QD///8A////AP///wD///8A////AP///wD///8A////AP///wD///8A////AP///wD///8A////AP///wD///8A////AP///wD///8A////AP///wD///8A////AP///wD///8A////AP///wD///8A////AP///wD///8A////AP///wD///8A////AP///wD///8A////AP///wD///8A////AP///wD///8A////AP///wD///8A////AP///wD///8A////AP///wD///8A////AP///wD///8A////AP///wD///8A////AP///wD///8A////AFJS2f9SUtkA////AP///wD///8A////AP///wD///8A////AP///wD///8A////AP///wD///8A////AP///wD///8A////AP///wD///8A////AP///wD///8A////AP///wD///8A////AP///wD///8A////AP///wD///8A////AP///wD///8A////AP///wD///8A////AP///wD///8A////AP///wD///8A////AP///wD///8A////AP///wD///8A////AP///wD///8A////AP///wD///8A////AP///wD///8A////AP///wD///8A////AP///wBSUtn/UlLZAP///wD///8A////AP///wD///8A////AP///wD///8A////AP///wD///8A////AP///wD///8A////AP///wD///8A////AP///wD///8A////AP///wD///8A////AP///wD///8A////AP///wD///8A////AP///wD///8A////AP///wD///8A////AP///wD///8A////AP///wD///8A////AP///wD///8A////AP///wD///8A////AP///wD///8A////AP///wD///8A////AP///wD///8A////AP///wD///8A////AP///wD///8AUlLZ/1JS2QD///8A////AP///wD///8A////AP///wD///8A////AP///wD///8A////AP///wD///8A////AP///wD///8A////AP///wD///8A////AP///wD///8A////AP///wD///8A////AP///wD///8A////AP///wD///8A////AP///wD///8A////AP///wD///8A////AP///wD///8A////AP///wD///8A////AP///wD///8A////AP///wD///8A////AP///wD///8A////AP///wD///8A////AP///wD///8A////AP///wD///8A////AFJS2f9SUtkA////AP///wD///8A////AP///wD///8A////AP///wD///8A////AP///wD///8A////AP///wD///8A////AP///wD///8A////AP///wD///8A////AP///wD///8A////AP///wD///8A////AP///wD///8A////AP///wD///8A////AP///wD///8A////AP///wD///8A////AP///wD///8A////AP///wD///8A////AP///wD///8A////AP///wD///8A////AP///wD///8A////AP///wD///8A////AP///wD///8A////AP///wBSUtn/UlLZAP///wD///8A////AP///wD///8A////AP///wD///8A////AP///wD///8A////AP///wD///8A////AP///wD///8A////AP///wD///8A////AP///wD///8A////AP///wD///8A////AP///wD///8A////AP///wD///8A////AP///wD///8A////AP///wD///8A////AP///wD///8A////AP///wD///8A////AP///wD///8A////AP///wD///8A////AP///wD///8A////AP///wD///8A////AP///wD///8A////AP///wD///8AUlLZ/1JS2QD///8A////AP///wD///8A////AP///wD///8A////AP///wD///8A////AP///wD///8A////AP///wD///8A////AP///wD///8A////AP///wD///8A////AP///wD///8A////AP///wD///8A////AP///wD///8A////AP///wD///8A////AP///wD///8A////AP///wD///8A////AP///wD///8A////AP///wD///8A////AP///wD///8A////AP///wD///8A////AP///wD///8A////AP///wD///8A////AP///wD///8A////AFJS2f9SUtkA////AP///wD///8A////AP///wD///8A////AP///wD///8A////AP///wD///8A////AP///wD///8A////AP///wD///8A////AP///wD///8A////AP///wD///8A////AP///wD///8A////AP///wD///8A////AP///wD///8A////AP///wD///8A////AP///wD///8A////AP///wD///8A////AP///wD///8A////AP///wD///8A////AP///wD///8A////AP///wD///8A////AP///wD///8A////AP///wD///8A////AP///wBSUtn/UlLZAP///wD///8A////AP///wD///8A////AP///wD///8A////AP///wD///8A////AP///wD///8A////AP///wD///8A////AP///wD///8A////AP///wD///8A////AP///wD///8A////AP///wD///8A////AP///wD///8A////AP///wD///8A////AP///wD///8A////AP///wD///8A////AP///wD///8A////AP///wD///8A////AP///wD///8A////AP///wD///8A////AP///wD///8A////AP///wD///8A////AP///wD///8AUlLZ/1JS2QD///8A////AP///wD///8A////AP///wD///8A////AP///wD///8A////AP///wD///8A////AP///wD///8A////AP///wD///8A////AP///wD///8A////AP///wD///8A////AP///wD///8A////AP///wD///8A////AP///wD///8A////AP///wD///8A////AP///wD///8A////AP///wD///8A////AP///wD///8A////AP///wD///8A////AP///wD///8A////AP///wD///8A////AP///wD///8A////AP///wD///8A////AFJS2f9SUtkA////AP///wD///8A////AP///wD///8A////AP///wD///8A////AP///wD///8A////AP///wD///8A////AP///wD///8A////AP///wD///8A////AP///wD///8A////AP///wD///8A////AP///wD///8A////AP///wD///8A////AP///wD///8A////AP///wD///8A////AP///wD///8A////AP///wD///8A////AP///wD///8A////AP///wD///8A////AP///wD///8A////AP///wD///8A////AP///wD///8A////AP///wBSUtn/UlLZAP///wD///8A////AP///wD///8A////AP///wD///8A////AP///wD///8A////AP///wD///8A////AP///wD///8A////AP///wD///8A////AP///wD///8A////AP///wD///8A////AP///wD///8A////AP///wD///8A////AP///wD///8A////AP///wD///8A////AP///wD///8A////AP///wD///8A////AP///wD///8A////AP///wD///8A////AP///wD///8A////AP///wD///8A////AP///wD///8A////AP///wD///8AUlLZ/1JS2QD///8A////AP///wD///8A////AP///wD///8A////AP///wD///8A////AP///wD///8A////AP///wD///8A////AP///wD///8A////AP///wD///8A////AP///wD///8A////AP///wD///8A////AP///wD///8A////AP///wD///8A////AP///wD///8A////AP///wD///8A////AP///wD///8A////AP///wD///8A////AP///wD///8A////AP///wD///8A////AP///wD///8A////AP///wD///8A////AP///wD///8A////AFJS2f9SUtkA////AP///wD///8A////AP///wD///8A////AP///wD///8A////AP///wD///8A////AP///wD///8A////AP///wD///8A////AP///wD///8A////AP///wD///8A////AP///wD///8A////AP///wD///8A////AP///wD///8A////AP///wD///8A////AP///wD///8A////AP///wD///8A////AP///wD///8A////AP///wD///8A////AP///wD///8A////AP///wD///8A////AP///wD///8A////AP///wD///8A////AP///wBSUtn/UlLZAP///wD///8A////AP///wD///8A////AP///wD///8A////AP///wD///8A////AP///wD///8A////AP///wD///8A////AP///wD///8A////AP///wD///8A////AP///wD///8A////AP///wD///8A////AP///wD///8A////AP///wD///8A////AP///wD///8A////AP///wD///8A////AP///wD///8A////AP///wD///8A////AP///wD///8A////AP///wD///8A////AP///wD///8A////AP///wD///8A////AP///wD///8AUlLZ/1JS2QD///8A////AP///wD///8A////AP///wD///8AUlLZAFJS2QBSUtkAUlLZAFJS2QBSUtkAUlLZAFJS2QBSUtkAUlLZAFJS2QBSUtkAUlLZAFJS2QBSUtkAUlLZAFJS2QBSUtkAUlLZAFJS2QBSUtkAUlLZAFJS2QBSUtkAUlLZAFJS2QBSUtkAUlLZAFJS2QBSUtkAUlLZAFJS2QD///8A////AP///wD///8A////AP///wD///8A////AP///wD///8A////AP///wD///8A////AP///wD///8A////AP///wD///8A////AP///wD///8A////AFJS2f9SUtlUUlLZBf///wD///8A////AP///wD///8A////AFJS2QBSUtkAUlLZAFJS2QBSUtkAUlLZAFJS2QBSUtkAUlLZAFJS2QBSUtkAUlLZAFJS2QBSUtkAUlLZAFJS2QBSUtkAUlLZAFJS2QBSUtkAUlLZAFJS2RVSUtlQUlLZgVJS2apSUtnUUlLZ6lJS2fxSUtn/UlLZ81JS2e1SUtnXUlLZwVJS2aBSUtl1UlLZSlJS2SD///8A////AP///wD///8A////AP///wD///8A////AP///wD///8A////AP///wD///8A////AP///wD///8A////AP///wBSUtn/V1fm/1JS2eZSUtmIUlLZLf///wD///8A////AP///wBSUtkAUlLZAFJS2QBSUtkAUlLZAFJS2QBSUtkAUlLZAFJS2QBSUtkAUlLZAFJS2QBSUtkAUlLZAFJS2QBSUtkAUlLZAFJS2QxSUtlLUlLZk1JS2dVSUtn+V1fl/1pa7P9cXPL/Xl75/2Bg/P9hYf//YWH//2Bg/f9gYPz/X1/5/11d9v9bW/H/WVnq/1ZW5P9UVN7/UlLZ6lJS2alSUtllUlLZIv///wD///8A////AP///wD///8A////AP///wD///8A////AP///wD///8A////AP///wD///8AUlLZ/2Fh//9gYPv/Wlrt/1VV4P9SUtnVUlLZh1JS2TtSUtkFUlLZAFJS2QBSUtkAUlLZAFJS2QBSUtkAUlLZAFJS2QBSUtkAUlLZAFJS2QBSUtkAUlLZAFJS2QRSUtk0UlLZeFJS2b1SUtn5Vlbk/1tb7/9fX/n/YWH//2Fh//9hYf//YWH//2Fh//9hYf//YWH//2Fh//9hYf//YWH//2Fh//9hYf//YWH//2Fh//9hYf//YWH//2Bg/P9cXPL/WFjo/1JS2f////8A////AP///wD///8A////AP///wD///8A////AP///wD///8A////AP///wD///8A////AFJS2f9hYf//YWH//2Fh//9hYf//X1/5/1pa7f9VVeL/UlLZ9VJS2bxSUtmIUlLZX1JS2TRSUtkZUlLZCVJS2QBSUtkKUlLZGlJS2TRSUtldUlLZiFJS2blSUtnyVVXh/1lZ6/9dXfX/YWH+/2Fh//9hYf//YWH//2Fh//9hYf//YWH//2Fh//9hYf//YWH//2Fh//9hYf//YWH//2Fh//9hYf//YWH//2Fh//9hYf//YWH//2Fh//9hYf//YWH//2Fh//9SUtn/////AP///wD///8A////AP///wD///8A////AP///wD///8A////AP///wD///8A////AP///wBSUtn/YWH//2Fh//9hYf//YWH//2Fh//9hYf//YWH//2Bg/v9dXfX/Wlrt/1hY5/9VVeH/U1Pd/1NT2v9SUtn/U1Pa/1RU3f9VVeH/V1fn/1pa7f9dXfX/YGD9/2Fh//9hYf//YWH//2Fh//9hYf//YWH//2Fh//9hYf//YWH//2Fh//9hYf//YWH//2Fh//9hYf//YWH//2Fh//9hYf//YWH//2Fh//9hYf//YWH//2Fh//9hYf//YWH//2Fh//9hYf//UlLZ/////wD///8A////AP///wD///8A////AP///wD///8A////AP///wD///8A////AP///wD///8AUlLZ/2Fh//9hYf//YWH//2Fh//9hYf//YWH//2Fh//9hYf//YWH//2Fh//9hYf//YWH//2Fh//9hYf//YWH//2Fh//9hYf//YWH//2Fh//9hYf//YWH//2Fh//9hYf//YWH//2Fh//9hYf//YWH//2Fh//9hYf//YWH//2Fh//9hYf//YWH//2Fh//9hYf//YWH//2Fh//9hYf//YWH//2Fh//9hYf//YWH//2Fh//9hYf//YWH//2Fh//9hYf//YWH//1JS2f////8A////AP///wD///8A////AP///wD///8A////AP///wD///8A////AP///wD///8A////AFJS2f9hYf//YWH//2Fh//9hYf//YWH//2Fh//9hYf//YWH//2Fh//9hYf//YWH//2Fh//9hYf//YWH//2Fh//9hYf//YWH//2Fh//9hYf//YWH//2Fh//9hYf//YWH//2Fh//9hYf//YWH//2Fh//9hYf//YWH//2Fh//9hYf//YWH//2Fh//9hYf//YWH//2Fh//9hYf//YWH//2Fh//9hYf//YWH//2Fh//9hYf//YWH//2Fh//9hYf//YWH//2Fh//9SUtn/////AP///wD///8A////AP///wD///8A////AP///wD///8A////AP///wD///8A////AP///wBSUtn/YWH//2Fh//9hYf//YWH//2Fh//9hYf//YWH//2Fh//9hYf//YWH//2Fh//9hYf//YWH//2Fh//9hYf//YWH//2Fh//9hYf//YWH//2Fh//9hYf//YWH//2Fh//9hYf//YWH//2Fh//9hYf//YWH//2Fh//9hYf//YWH//2Fh//9hYf//YWH//2Fh//9hYf//YWH//2Fh//9hYf//YWH//2Fh//9hYf//YWH//2Fh//9hYf//YWH//2Fh//9hYf//UlLZ/////wD///8A////AP///wD///8A////AP///wD///8A////AP///wD///8A////AP///wD///8AUlLZ/2Fh//9hYf//YWH//2Fh//9hYf//YWH//2Fh//9hYf//YWH//2Fh//9hYf//YWH//2Fh//9hYf//YWH//2Fh//9hYf//YWH//2Fh//9hYf//YWH//2Fh//9hYf//YWH//2Fh//9hYf//YWH//2Fh//9hYf//YWH//2Fh//9hYf//YWH//2Fh//9hYf//YWH//2Fh//9hYf//YWH//2Fh//9hYf//YWH//2Fh//9hYf//YWH//2Fh//9hYf//YWH//1JS2f////8A////AP///wD///8A////AP///wD///8A////AP///wD///8A////AP///wD///8A////AFJS2f9hYf//YWH//2Fh//9hYf//YWH//2Fh//9hYf//YWH//2Fh//9hYf//YWH//2Fh//9hYf//YWH//2Fh//9hYf//YWH//2Fh//9hYf//YWH//2Fh//9hYf//YWH//2Fh//9hYf//YWH//2Fh//9hYf//YWH//2Fh//9hYf//YWH//2Fh//9hYf//YWH//2Fh//9hYf//YWH//2Fh//9hYf//YWH//2Fh//9hYf//YWH//2Fh//9hYf//YWH//2Fh//9SUtn/////AP///wD///8A////AP///wD///8A////AP///wD///8A////AP///wD///8A////AP///wBSUtn/YWH//2Fh//9hYf//YWH//2Fh//9hYf//YWH//2Fh//9hYf//YWH//2Fh//9hYf//YWH//2Fh//9hYf//YWH//2Fh//9hYf//YWH//2Fh//9hYf//YWH//2Fh//9hYf//YWH//2Fh//9hYf//YWH//2Fh//9hYf//YWH//2Fh//9hYf//YWH//2Fh//9hYf//YWH//2Fh//9hYf//YWH//2Fh//9hYf//YWH//2Fh//9hYf//YWH//2Fh//9hYf//UlLZ/////wD///8A////AP///wD///8A////AP///wD///8A////AP///wD///8A////AP///wD///8AUlLZ/2Fh//9hYf//YWH//2Fh//9hYf//YWH//2Fh//9hYf//YWH//2Fh//9hYf//YWH//2Fh//9hYf//YWH//2Fh//9hYf//YWH//2Fh//9hYf//YWH//2Fh//9hYf//YWH//2Fh//9hYf//YWH//2Fh//9hYf//YWH//2Fh//9hYf//YWH//2Fh//9hYf//YWH//2Fh//9hYf//YWH//2Fh//9hYf//YWH//2Fh//9hYf//YWH//2Fh//9hYf//YWH//1JS2f////8A////AP///wD///8A////AP///wD///8A////AP///wD///8A////AP///wD///8A////AFJS2f9hYf//YWH//2Fh//9hYf//YWH//2Fh//9hYf//YWH//2Fh//9hYf//YWH//2Fh//9hYf//YWH//2Fh//9hYf//YWH//2Fh//9hYf//YWH//2Fh//9hYf//YWH//2Fh//9hYf//YWH//2Fh//9hYf//YWH//2Fh//9hYf//YWH//2Fh//9hYf//YWH//2Fh//9hYf//YWH//2Fh//9hYf//YWH//2Fh//9hYf//YWH//2Fh//9hYf//YWH//2Fh//9SUtn/////AP///wD///8A////AP///wD///8A////AP///wD///8A////AP///wD///8A////AP///wBSUtn/YWH//2Fh//9hYf//YWH//2Fh//9hYf//YWH//2Fh//9hYf//YWH//2Fh//9hYf//YWH//2Fh//9hYf//YWH//2Fh//9hYf//YWH//2Fh//9hYf//YWH//2Fh//9hYf//YWH//2Fh//9hYf//YWH//2Fh//9hYf//YWH//2Fh//9hYf//YWH//2Fh//9hYf//YWH//2Fh//9hYf//YWH//2Fh//9hYf//YWH//2Fh//9hYf//YWH//2Fh//9hYf//UlLZ/////wD///8A////AP///wD///8A////AP///wD///8A////AP///wD///8A////AP///wD///8AUlLZ/2Fh//9hYf//YWH//2Fh//9hYf//YWH//2Fh//9hYf//YWH//2Fh//9hYf//YWH//2Fh//9hYf//YWH//2Fh//9hYf//YWH//2Fh//9hYf//YWH//2Fh//9hYf//YWH//2Fh//9hYf//YWH//2Fh//9hYf//YWH//2Fh//9hYf//YWH//2Fh//9hYf//YWH//2Fh//9hYf//YWH//2Fh//9hYf//YWH//2Fh//9hYf//YWH//2Fh//9hYf//YWH//1JS2f////8A////AP///wD///8A////AP///wD///8A////AP///wD///8A////AP///wD///8A////AFJS2f9hYf//YWH//2Fh//9hYf//YWH//2Fh//9hYf//YWH//2Fh//9hYf//YWH//2Fh//9hYf//YWH//2Fh//9hYf//YWH//2Fh//9hYf//YWH//2Fh//9hYf//YWH//2Fh//9hYf//YWH//2Fh//9hYf//YWH//2Fh//9hYf//YWH//2Fh//9hYf//YWH//2Fh//9hYf//YWH//2Fh//9hYf//YWH//2Fh//9hYf//YWH//2Fh//9hYf//YWH//2Fh//9SUtn/////AP///wD///8A////AP///wD///8A////AP///wD///8A////AP///wD///8A////AP///wBSUtn/YWH//2Fh//9hYf//YWH//2Fh//9hYf//YWH//2Fh//9hYf//YWH//2Fh//9hYf//YWH//2Fh//9hYf//YWH//2Fh//9hYf//YWH//2Fh//9hYf//YWH//2Fh//9hYf//YWH//2Fh//9hYf//YWH//2Fh//9hYf//YWH//2Fh//9hYf//YWH//2Fh//9hYf//YWH//2Fh//9hYf//YWH//2Fh//9hYf//YWH//2Fh//9hYf//YWH//2Fh//9hYf//UlLZ/////wD///8A////AP///wD///8A////AP///wD///8A////AP///wD///8A////AP///wD///8AUlLZ/2Fh//9hYf//YWH//2Fh//9hYf//YWH//2Fh//9hYf//YWH//2Fh//9hYf//YWH//2Fh//9hYf//YWH//2Fh//9hYf//YWH//2Fh//9hYf//YWH//2Fh//9hYf//YWH//2Fh//9hYf//YWH//2Fh//9hYf//YWH//2Fh//9hYf//YWH//2Fh//9hYf//YWH//2Fh//9hYf//YWH//2Fh//9hYf//YWH//2Fh//9hYf//YWH//2Fh//9hYf//YWH//1JS2f////8A////AP///wD///8A////AP///wD///8A////AP///wD///8A////AP///wD///8A////AFJS2f9hYf//YWH//2Fh//9hYf//YWH//2Fh//9hYf//YWH//2Fh//9hYf//YWH//2Fh//9hYf//YWH//2Fh//9hYf//YWH//2Fh//9hYf//YWH//2Fh//9hYf//YWH//2Fh//9hYf//YWH//2Fh//9hYf//YWH//2Fh//9hYf//YWH//2Fh//9hYf//YWH//2Fh//9hYf//YWH//2Fh//9hYf//YWH//2Fh//9hYf//YWH//2Fh//9hYf//YWH//2Fh//9SUtn/////AP///wD///8A////AP///wD///8A////AP///wD///8A////AP///wD///8A////AP///wBSUtn/YWH//2Fh//9hYf//YWH//2Fh//9hYf//YWH//2Fh//9hYf//YWH//2Fh//9hYf//YWH//2Fh//9hYf//YWH//2Fh//9hYf//YWH//2Fh//9hYf//YWH//2Fh//9hYf//YWH//2Fh//9hYf//YWH//2Fh//9hYf//YWH//2Fh//9hYf//YWH//2Fh//9hYf//YWH//2Fh//9hYf//YWH//2Fh//9hYf//YWH//2Fh//9hYf//YWH//2Fh//9hYf//UlLZ/////wD///8A////AP///wD///8A////AP///wD///8A////AP///wD///8A////AP///wD///8AUlLZ/2Fh//9hYf//YWH//2Fh//9hYf//YWH//2Fh//9hYf//YWH//2Fh//9hYf//YWH//2Fh//9hYf//YWH//2Fh//9hYf//YWH//2Fh//9hYf//YWH//2Fh//9hYf//YWH//2Fh//9hYf//YWH//2Fh//9hYf//YWH//2Fh//9hYf//YWH//2Fh//9hYf//YWH//2Fh//9hYf//YWH//2Fh//9hYf//YWH//2Fh//9hYf//YWH//2Fh//9hYf//YWH//1JS2f////8A////AP///wD///8A////AP///wD///8A////AP///wD///8A////AP///wD///8A////AFJS2f9hYf//YWH//2Fh//9hYf//YWH//2Fh//9hYf//YWH//2Fh//9hYf//YWH//2Fh//9hYf//YWH//2Fh//9hYf//YWH//2Fh//9hYf//YWH//2Fh//9hYf//YWH//2Fh//9hYf//YWH//2Fh//9hYf//YWH//2Fh//9hYf//YWH//2Fh//9hYf//YWH//2Fh//9hYf//YWH//2Fh//9hYf//YWH//2Fh//9hYf//YWH//2Fh//9hYf//YWH//2Fh//9SUtn/////AP///wD///8A////AP///wD///8A////AP///wD///8A////AP///wD///8A////AP///wBSUtn/YWH//2Fh//9hYf//YWH//2Fh//9hYf//YWH//2Fh//9hYf//YWH//2Fh//9hYf//YWH//2Fh//9hYf//YWH//2Fh//9hYf//YWH//2Fh//9hYf//YWH//2Fh//9hYf//YWH//2Fh//9hYf//YWH//2Fh//9hYf//YWH//2Fh//9hYf//YWH//2Fh//9hYf//YWH//2Fh//9hYf//YWH//2Fh//9hYf//YWH//2Fh//9hYf//YWH//2Fh//9hYf//UlLZ/////wD///8A////AP///wD///8A////AP///wD///8A////AP///wD///8A////AP///wD///8AUlLZ/2Fh//9hYf//YWH//2Fh//9hYf//YWH//2Fh//9hYf//YWH//2Fh//9hYf//YWH//2Fh//9hYf//YWH//2Fh//9hYf//YWH//2Fh//9hYf//YWH//2Fh//9hYf//YWH//2Fh//9hYf//YWH//2Fh//9hYf//YWH//2Fh//9hYf//YWH//2Fh//9hYf//YWH//2Fh//9hYf//YWH//2Fh//9hYf//YWH//2Fh//9hYf//YWH//2Fh//9hYf//YWH//1JS2f////8A////AP///wD///8A////AP///wD///8A////AP///wD///8A////AP///wD///8A////AFJS2f9hYf//YWH//2Fh//9hYf//YWH//2Fh//9hYf//YWH//2Fh//9hYf//YWH//2Fh//9hYf//YWH//2Fh//9hYf//YWH//2Fh//9hYf//YWH//2Fh//9hYf//YWH//2Fh//9hYf//YWH//2Fh//9hYf//YWH//2Fh//9hYf//YWH//2Fh//9hYf//YWH//2Fh//9hYf//YWH//2Fh//9hYf//YWH//2Fh//9hYf//YWH//2Fh//9hYf//YWH//2Fh//9SUtn/////AP///wD///8A////AP///wD///8A////AP///wD///8A////AP///wD///8A////AP///wBSUtn/YWH//2Fh//9hYf//YWH//2Fh//9hYf//YWH//2Fh//9hYf//YWH//2Fh//9hYf//YWH//2Fh//9hYf//YWH//2Fh//9hYf//YWH//2Fh//9hYf//YWH//2Fh//9hYf//YWH//2Fh//9hYf//YWH//2Fh//9hYf//YWH//2Fh//9hYf//YWH//2Fh//9hYf//YWH//2Fh//9hYf//YWH//2Fh//9hYf//YWH//2Fh//9hYf//YWH//2Fh//9hYf//UlLZ/////wD///8A////AP///wD///8A////AP///wD///8A////AP///wD///8A////AP///wD///8AUlLZ/2Fh//9hYf//YWH//2Fh//9hYf//YWH//2Fh//9hYf//YWH//2Fh//9hYf//YWH//2Fh//9hYf//YWH//2Fh//9hYf//YWH//2Fh//9hYf//YWH//2Fh//9hYf//YWH//2Fh//9hYf//YWH//2Fh//9hYf//YWH//2Fh//9hYf//YWH//2Fh//9hYf//YWH//2Fh//9hYf//YWH//2Fh//9hYf//YWH//2Fh//9hYf//YWH//2Fh//9hYf//YWH//1JS2f////8A////AP///wD///8A////AP///wD///8A////AP///wD///8A////AP///wD///8A////AFJS2f9hYf//YWH//2Fh//9hYf//YWH//2Fh//9hYf//YWH//2Fh//9hYf//YWH//2Fh//9hYf//YWH//2Fh//9hYf//YWH//2Fh//9hYf//YWH//2Fh//9hYf//YWH//2Fh//9hYf//YWH//2Fh//9hYf//YWH//2Fh//9hYf//YWH//2Fh//9hYf//YWH//2Fh//9hYf//YWH//2Fh//9hYf//YWH//2Fh//9hYf//YWH//2Fh//9hYf//YWH//2Fh//9SUtn/////AP///wD///8A////AP///wD///8A////AP///wD///8A////AP///wD///8A////AP///wBSUtn/YWH//2Fh//9hYf//YWH//2Fh//9hYf//YWH//2Fh//9hYf//YWH//2Fh//9hYf//YWH//2Fh//9hYf//YWH//2Fh//9hYf//YWH//2Fh//9hYf//YWH//2Fh//9hYf//YWH//2Fh//9hYf//YWH//2Fh//9hYf//YWH//2Fh//9hYf//YWH//2Fh//9hYf//YWH//2Fh//9hYf//YWH//2Fh//9hYf//YWH//2Fh//9hYf//YWH//2Fh//9hYf//UlLZ/////wD///8A////AP///wD///8A////AP///wD///8A////AP///wD///8A////AP///wD///8AUlLZ/2Fh//9hYf//YWH//2Fh//9hYf//YWH//2Fh//9hYf//YWH//2Fh//9hYf//YWH//2Fh//9hYf//YWH//2Fh//9hYf//YWH//2Fh//9hYf//YWH//2Fh//9hYf//YWH//2Fh//9hYf//YWH//2Fh//9hYf//YWH//2Fh//9hYf//YWH//2Fh//9hYf//YWH//2Fh//9hYf//YWH//2Fh//9hYf//YWH//2Fh//9hYf//YWH//2Fh//9hYf//YWH//1JS2f////8A////AP///wD///8A////AP///wD///8A////AP///wD///8A////AP///wD///8A////AFJS2f9hYf//YWH//2Fh//9hYf//YWH//2Fh//9hYf//YWH//2Fh//9hYf//YWH//2Fh//9hYf//YWH//2Fh//9hYf//YWH//2Fh//9hYf//YWH//2Fh//9hYf//YWH//2Fh//9hYf//YWH//2Fh//9hYf//YWH//2Fh//9hYf//YWH//2Fh//9hYf//YWH//2Fh//9hYf//YWH//2Fh//9hYf//YWH//2Fh//9hYf//YWH//2Fh//9hYf//YWH//2Fh//9SUtn/////AP///wD///8A////AP///wD///8A////AP///wD///8A////AP///wD///8A////AP///wBSUtn/W1vx/2Bg/v9hYf//YWH//2Fh//9hYf//YWH//2Fh//9hYf//YWH//2Fh//9hYf//YWH//2Fh//9hYf//YWH//2Fh//9hYf//YWH//2Fh//9hYf//YWH//2Fh//9hYf//YWH//2Fh//9hYf//YWH//2Fh//9fX/v/XFzy/1lZ6/9XV+X/VFTf/1NT3P9SUtn/UlLZ/1NT2/9TU9z/VFTf/1ZW4v9YWOj/Wlru/11d9P9fX/v/YWH//2Fh//9hYf//UlLZ/////wD///8A////AP///wD///8A////AP///wD///8A////AP///wD///8A////AP///wD///8AUlLZ51JS2aNSUtn2WFjn/11d9v9hYf//YWH//2Fh//9hYf//YWH//2Fh//9hYf//YWH//2Fh//9hYf//YWH//2Fh//9hYf//YWH//2Fh//9hYf//YWH//2Fh//9hYf//YWH//2Fh//9gYP3/XFzz/1hY6P9UVN7/UlLZ5FJS2ahSUtl5UlLZUVJS2SlSUtkUUlLZAlJS2QBSUtkMUlLZE1JS2SlSUtk/UlLZYlJS2YpSUtm3UlLZ4VNT3P9XV+b/W1vw/1JS2f////8A////AP///wD///8A////AP///wD///8A////AP///wD///8A////AP///wD///8A////AFJS2QBSUtkAUlLZDFJS2WBSUtnBUlLZ/lhY6P9dXfT/YGD9/2Fh//9hYf//YWH//2Fh//9hYf//YWH//2Fh//9hYf//YWH//2Fh//9hYf//YWH//2Fh//9hYf//Xl73/1pa7f9WVuL/UlLZ8FJS2axSUtlkUlLZI1JS2QBSUtkAUlLZAFJS2QBSUtkAUlLZAFJS2QBSUtkAUlLZAFJS2QBSUtkA////AP///wD///8A////AP///wBSUtkXUlLZWFJS2ZpSUtnd////AP///wD///8A////AP///wD///8A////AP///wD///8A////AP///wD///8A////AP///wBSUtkAUlLZAP///wD///8A////AFJS2RtSUtlnUlLZtFJS2fJVVeH/WFjp/1tb8P9eXvb/X1/7/2Bg/v9hYf//YGD+/2Bg+/9eXvf/XFzx/1lZ6/9WVuT/UlLZ/FJS2ctSUtmGUlLZPlJS2QRSUtkAUlLZAFJS2QBSUtkAUlLZAFJS2QBSUtkAUlLZAFJS2QBSUtkAUlLZAFJS2QBSUtkAUlLZAP///wD///8A////AP///wD///8A////AP///wD///8A////AP///wD///8A////AP///wD///8A////AP///wD///8A////AP///wD///8A////AP///wD///8A////AP///wD///8A////AP///wD///8A////AP///wBSUtkEUlLZNVJS2W5SUtmZUlLZxVJS2eRSUtn1UlLZ/1JS2fZSUtnmUlLZzFJS2aNSUtl5UlLZSVJS2Q1SUtkAUlLZAFJS2QBSUtkAUlLZAFJS2QBSUtkAUlLZAFJS2QBSUtkAUlLZAFJS2QBSUtkAUlLZAFJS2QBSUtkAUlLZAFJS2QD///8A////AP///wD///8A////AP///wD///8A////AP///wD///8A////AP///wD///8A////AP///wD///8A////AP///wD///8A////AP///wD///8A////AP///wD///8A////AP///wD///8A////AP///wD///8A////AP///wD///8A////AP///wD///8A////AP///wD///8A////AP///wD///8A////AP///wD///8A////AP///wD///8A////AP///wD///8A////AP///wD///8A////AP///wD///8A////AP///wD///8A////AP///wD///8A////AP///wD///8A////AP///wD///8A////AP///wD///8A////AP///wD///8A////AP///wD///8A////AP///////////v/////////+//////////7//////////v/////////+//////////7//////////v/////////+//////////7//////////v/////////+//////////7//////////v/////////+//////////7//////////v/////////+//////////7//////////v/////////+//////////7//////////v/////////+//////////7//////////v/////////+//////////4////4AAf//g///4AAAH/+AP/4AAAAf/4AAgAAAAB//gAAAAAAAH/+AAAAAAAAf/4AAAAAAAB//gAAAAAAAH/+AAAAAAAAf/4AAAAAAAB//gAAAAAAAH/+AAAAAAAAf/4AAAAAAAB//gAAAAAAAH/+AAAAAAAAf/4AAAAAAAB//gAAAAAAAH/+AAAAAAAAf/4AAAAAAAB//gAAAAAAAH/+AAAAAAAAf/4AAAAAAAB//gAAAAAAAH/+AAAAAAAAf/4AAAAAAAB//gAAAAAAAH/+AAAAAAAAf/4AAAAAAAB//gAAAAAAAH/+AAAAAAAAf/4AAAAAAAB//gAAAAAAAH/+AAAAAAgAf/+AAAAH//h///AAAD///////gAD////////////////KAAAAEgAAACQAAAAAQAgAAAAAAAAAAAAAAAAAAAAAAAAAAAAAAAAAP///wD///8A////AP///wD///8A////AP///wD///8A////AP///wD///8A////AP///wD///8A////AP///wD///8A////AP///wD///8A////AP///wD///8A////AP///wD///8A////AP///wD///8A////AP///wD///8A////AP///wD///8A////AP///wD///8A////AP///wD///8A////AP///wD///8A////AP///wD///8A////AP///wD///8A////AP///wD///8A////AP///wD///8A////AP///wD///8A////AP///wD///8A////AP///wD///8A////AP///wD///8A////AP///wD///8A////AP///wD///8A////AP///wD///8A////AP///wD///8A////AP///wD///8A////AP///wD///8A////AP///wD///8A////AP///wD///8A////AP///wD///8A////AP///wD///8A////AP///wD///8A////AP///wD///8A////AP///wD///8A////AP///wD///8A////AP///wD///8A////AP///wD///8A////AP///wD///8A////AP///wD///8A////AP///wD///8A////AP///wD///8A////AP///wD///8A////AP///wD///8A////AP///wD///8A////AP///wD///8A////AP///wD///8A////AP///wD///8A////AP///wD///8A////ADZD9P82Q/T/NkP0/zZD9P82Q/QANkP0ADZD9AA2Q/QANkP0ADZD9AA2Q/QANkP0ADZD9AA2Q/QANkP0ADZD9AA2Q/QANkP0ADZD9AA2Q/QANkP0ADZD9AA2Q/QANkP0ADZD9AA2Q/QANkP0ADZD9AA2Q/QANkP0ADZD9AA2Q/QANkP0ADZD9AA2Q/QANkP0ADZD9AA2Q/QANkP0ADZD9AA2Q/QANkP0ADZD9AA2Q/QANkP0ADZD9AA2Q/QANkP0ADZD9AA2Q/QANkP0ADZD9AA2Q/QANkP0ADZD9AA2Q/QANkP0ADZD9AA2Q/QANkP0AP///wD///8A////AP///wD///8A////AP///wD///8A////AP///wD///8A////ADZD9P82Q/T/NkP0/zZD9P82Q/QANkP0ADZD9AA2Q/QANkP0ADZD9AA2Q/QANkP0ADZD9AA2Q/QANkP0ADZD9AA2Q/QANkP0ADZD9AA2Q/QANkP0ADZD9AA2Q/QANkP0ADZD9AA2Q/QANkP0ADZD9AA2Q/QANkP0ADZD9AA2Q/QANkP0ADZD9AA2Q/QANkP0ADZD9AA2Q/QANkP0ADZD9AA2Q/QANkP0ADZD9AA2Q/QANkP0ADZD9AA2Q/QANkP0ADZD9AA2Q/QANkP0ADZD9AA2Q/QANkP0ADZD9AA2Q/QANkP0ADZD9AA2Q/QANkP0AP///wD///8A////AP///wD///8A////AP///wD///8A////AP///wD///8A////ADZD9P82Q/T/NkP0/zZD9P82Q/QANkP0ADZD9AA2Q/QANkP0ADZD9AA2Q/QANkP0ADZD9AA2Q/QANkP0ADZD9AA2Q/QANkP0ADZD9AA2Q/QANkP0ADZD9AA2Q/QANkP0ADZD9AA2Q/QANkP0ADZD9AA2Q/QANkP0ADZD9AA2Q/QANkP0ADZD9AA2Q/QANkP0ADZD9AA2Q/QANkP0ADZD9AA2Q/QANkP0ADZD9AA2Q/QANkP0ADZD9AA2Q/QANkP0ADZD9AA2Q/QANkP0ADZD9AA2Q/QANkP0ADZD9AA2Q/QANkP0ADZD9AA2Q/QANkP0AP///wD///8A////AP///wD///8A////AP///wD///8A////AP///wD///8A////ADZD9P82Q/T/NkP0/zZD9P82Q/QANkP0ADZD9AA2Q/QANkP0ADZD9AA2Q/QANkP0ADZD9AA2Q/QANkP0ADZD9AA2Q/QANkP0ADZD9AA2Q/QANkP0ADZD9AA2Q/QANkP0ADZD9AA2Q/QANkP0ADZD9AA2Q/QANkP0ADZD9AA2Q/QANkP0ADZD9AA2Q/QANkP0ADZD9AA2Q/QANkP0ADZD9AA2Q/QANkP0ADZD9AA2Q/QANkP0ADZD9AA2Q/QANkP0ADZD9AA2Q/QANkP0ADZD9AA2Q/QANkP0ADZD9AA2Q/QANkP0ADZD9AA2Q/QANkP0AP///wD///8A////AP///wD///8A////AP///wD///8A////AP///wD///8A////ADZD9P82Q/T/NkP0/zZD9P82Q/QANkP0ADZD9AA2Q/QANkP0ADZD9AA2Q/QANkP0ADZD9AA2Q/QANkP0ADZD9AA2Q/QANkP0ADZD9AA2Q/QANkP0ADZD9AA2Q/QANkP0ADZD9AA2Q/QANkP0ADZD9AA2Q/QANkP0ADZD9AA2Q/QANkP0ADZD9AA2Q/QANkP0ADZD9AA2Q/QANkP0ADZD9AA2Q/QANkP0ADZD9AA2Q/QANkP0ADZD9AA2Q/QANkP0ADZD9AA2Q/QANkP0ADZD9AA2Q/QANkP0ADZD9AA2Q/QANkP0ADZD9AA2Q/QANkP0AP///wD///8A////AP///wD///8A////AP///wD///8A////AP///wD///8A////ADZD9P82Q/T/NkP0/zZD9P82Q/QANkP0ADZD9AA2Q/QANkP0ADZD9AA2Q/QANkP0ADZD9AA2Q/QANkP0ADZD9AA2Q/QANkP0ADZD9AA2Q/QANkP0ADZD9AA2Q/QANkP0ADZD9AA2Q/QANkP0ADZD9AA2Q/QANkP0ADZD9AA2Q/QANkP0ADZD9AA2Q/QANkP0ADZD9AA2Q/QANkP0ADZD9AA2Q/QANkP0ADZD9AA2Q/QANkP0ADZD9AA2Q/QANkP0ADZD9AA2Q/QANkP0ADZD9AA2Q/QANkP0ADZD9AA2Q/QANkP0ADZD9AA2Q/QANkP0AP///wD///8A////AP///wD///8A////AP///wD///8A////AP///wD///8A////ADZD9P82Q/T/NkP0/zZD9P82Q/QANkP0ADZD9AA2Q/QANkP0ADZD9AA2Q/QANkP0ADZD9AA2Q/QANkP0ADZD9AA2Q/QANkP0ADZD9AA2Q/QANkP0ADZD9AA2Q/QANkP0ADZD9AA2Q/QANkP0ADZD9AA2Q/QANkP0ADZD9AA2Q/QANkP0ADZD9AA2Q/QANkP0ADZD9AA2Q/QANkP0ADZD9AA2Q/QANkP0ADZD9AA2Q/QANkP0ADZD9AA2Q/QANkP0ADZD9AA2Q/QANkP0ADZD9AA2Q/QANkP0ADZD9AA2Q/QANkP0ADZD9AA2Q/QANkP0AP///wD///8A////AP///wD///8A////AP///wD///8A////AP///wD///8A////ADZD9P82Q/T/NkP0/zZD9P82Q/QANkP0ADZD9AA2Q/QANkP0ADZD9AA2Q/QANkP0ADZD9AA2Q/QANkP0ADZD9AA2Q/QANkP0ADZD9AA2Q/QANkP0ADZD9AA2Q/QANkP0ADZD9AA2Q/QANkP0ADZD9AA2Q/QANkP0ADZD9AA2Q/QANkP0ADZD9AA2Q/QANkP0ADZD9AA2Q/QANkP0ADZD9AA2Q/QANkP0ADZD9AA2Q/QANkP0ADZD9AA2Q/QANkP0ADZD9AA2Q/QANkP0ADZD9AA2Q/QANkP0ADZD9AA2Q/QANkP0ADZD9AA2Q/QANkP0AP///wD///8A////AP///wD///8A////AP///wD///8A////AP///wD///8A////ADZD9P82Q/T/NkP0/zZD9P82Q/QANkP0ADZD9AA2Q/QANkP0ADZD9AA2Q/QANkP0ADZD9AA2Q/QANkP0ADZD9AA2Q/QANkP0ADZD9AA2Q/QANkP0ADZD9AA2Q/QANkP0ADZD9AA2Q/QANkP0ADZD9AA2Q/QANkP0ADZD9AA2Q/QANkP0ADZD9AA2Q/QANkP0ADZD9AA2Q/QANkP0ADZD9AA2Q/QANkP0ADZD9AA2Q/QANkP0ADZD9AA2Q/QANkP0ADZD9AA2Q/QANkP0ADZD9AA2Q/QANkP0ADZD9AA2Q/QANkP0ADZD9AA2Q/QANkP0AP///wD///8A////AP///wD///8A////AP///wD///8A////AP///wD///8A////ADZD9P82Q/T/NkP0/zZD9P82Q/QANkP0ADZD9AA2Q/QANkP0ADZD9AA2Q/QANkP0ADZD9AA2Q/QANkP0ADZD9AA2Q/QANkP0ADZD9AA2Q/QANkP0ADZD9AA2Q/QANkP0ADZD9AA2Q/QANkP0ADZD9AA2Q/QANkP0ADZD9AA2Q/QANkP0ADZD9AA2Q/QANkP0ADZD9AA2Q/QANkP0ADZD9AA2Q/QANkP0ADZD9AA2Q/QANkP0ADZD9AA2Q/QANkP0ADZD9AA2Q/QANkP0ADZD9AA2Q/QANkP0ADZD9AA2Q/QANkP0ADZD9AA2Q/QANkP0AP///wD///8A////AP///wD///8A////AP///wD///8A////AP///wD///8A////ADZD9P82Q/T/NkP0/zZD9P82Q/QANkP0ADZD9AA2Q/QANkP0ADZD9AA2Q/QANkP0ADZD9AA2Q/QANkP0ADZD9AA2Q/QANkP0ADZD9AA2Q/QANkP0ADZD9AA2Q/QANkP0ADZD9AA2Q/QANkP0ADZD9AA2Q/QANkP0ADZD9AA2Q/QANkP0ADZD9AA2Q/QANkP0ADZD9AA2Q/QANkP0ADZD9AA2Q/QANkP0ADZD9AA2Q/QANkP0ADZD9AA2Q/QANkP0ADZD9AA2Q/QANkP0ADZD9AA2Q/QANkP0ADZD9AA2Q/QANkP0ADZD9AA2Q/QANkP0AP///wD///8A////AP///wD///8A////AP///wD///8A////AP///wD///8A////ADZD9P82Q/T/NkP0/zZD9P82Q/QANkP0ADZD9AA2Q/QANkP0ADZD9AA2Q/QANkP0ADZD9AA2Q/QANkP0ADZD9AA2Q/QANkP0ADZD9AA2Q/QANkP0ADZD9AA2Q/QANkP0ADZD9AA2Q/QANkP0ADZD9AA2Q/QANkP0ADZD9AA2Q/QANkP0ADZD9AA2Q/QANkP0ADZD9AA2Q/QANkP0ADZD9AA2Q/QANkP0ADZD9AA2Q/QANkP0ADZD9AA2Q/QANkP0ADZD9AA2Q/QANkP0ADZD9AA2Q/QANkP0ADZD9AA2Q/QANkP0ADZD9AA2Q/QANkP0AP///wD///8A////AP///wD///8A////AP///wD///8A////AP///wD///8A////ADZD9P82Q/T/NkP0/zZD9P82Q/QANkP0ADZD9AA2Q/QANkP0ADZD9AA2Q/QANkP0ADZD9AA2Q/QANkP0ADZD9AA2Q/QANkP0ADZD9AA2Q/QANkP0ADZD9AA2Q/QANkP0ADZD9AA2Q/QANkP0ADZD9AA2Q/QANkP0ADZD9AA2Q/QANkP0ADZD9AA2Q/QANkP0ADZD9AA2Q/QANkP0ADZD9AA2Q/QANkP0ADZD9AA2Q/QANkP0ADZD9AA2Q/QANkP0ADZD9AA2Q/QANkP0ADZD9AA2Q/QANkP0ADZD9AA2Q/QANkP0ADZD9AA2Q/QANkP0AP///wD///8A////AP///wD///8A////AP///wD///8A////AP///wD///8A////ADZD9P82Q/T/NkP0/zZD9P82Q/QANkP0ADZD9AA2Q/QANkP0ADZD9AA2Q/QANkP0ADZD9AA2Q/QANkP0ADZD9AA2Q/QANkP0ADZD9AA2Q/QANkP0ADZD9AA2Q/QANkP0ADZD9AA2Q/QANkP0ADZD9AA2Q/QANkP0ADZD9AA2Q/QANkP0ADZD9AA2Q/QANkP0ADZD9AA2Q/QANkP0ADZD9AA2Q/QANkP0ADZD9AA2Q/QANkP0ADZD9AA2Q/QANkP0ADZD9AA2Q/QANkP0ADZD9AA2Q/QANkP0ADZD9AA2Q/QANkP0ADZD9AA2Q/QANkP0AP///wD///8A////AP///wD///8A////AP///wD///8A////AP///wD///8A////ADZD9P82Q/T/NkP0/zZD9P82Q/QANkP0ADZD9AA2Q/QANkP0ADZD9AA2Q/QANkP0ADZD9AA2Q/QANkP0ADZD9AA2Q/QANkP0ADZD9AA2Q/QANkP0ADZD9AA2Q/QANkP0ADZD9AA2Q/QANkP0ADZD9AA2Q/QANkP0ADZD9AA2Q/QANkP0ADZD9AA2Q/QANkP0ADZD9AA2Q/QANkP0ADZD9AA2Q/QANkP0ADZD9AA2Q/QANkP0ADZD9AA2Q/QANkP0ADZD9AA2Q/QANkP0ADZD9AA2Q/QANkP0ADZD9AA2Q/QANkP0ADZD9AA2Q/QANkP0AP///wD///8A////AP///wD///8A////AP///wD///8A////AP///wD///8A////ADZD9P82Q/T/NkP0/zZD9P82Q/QANkP0ADZD9AA2Q/QANkP0ADZD9AA2Q/QANkP0ADZD9AA2Q/QANkP0ADZD9AA2Q/QANkP0ADZD9AA2Q/QANkP0ADZD9AA2Q/QANkP0ADZD9AA2Q/QANkP0ADZD9AA2Q/QANkP0ADZD9AA2Q/QANkP0ADZD9AA2Q/QANkP0ADZD9AA2Q/QANkP0ADZD9AA2Q/QANkP0ADZD9AA2Q/QANkP0ADZD9AA2Q/QANkP0ADZD9AA2Q/QANkP0ADZD9AA2Q/QANkP0ADZD9AA2Q/QANkP0ADZD9AA2Q/QANkP0AP///wD///8A////AP///wD///8A////AP///wD///8A////AP///wD///8A////ADZD9P82Q/T/NkP0/zZD9P82Q/QANkP0ADZD9AA2Q/QANkP0ADZD9AA2Q/QANkP0ADZD9AA2Q/QANkP0ADZD9AA2Q/QANkP0ADZD9AA2Q/QANkP0ADZD9AA2Q/QANkP0ADZD9AA2Q/QANkP0ADZD9AA2Q/QANkP0ADZD9AA2Q/QANkP0ADZD9AA2Q/QANkP0ADZD9AA2Q/QANkP0ADZD9AA2Q/QANkP0ADZD9AA2Q/QANkP0ADZD9AA2Q/QANkP0ADZD9AA2Q/QANkP0ADZD9AA2Q/QANkP0ADZD9AA2Q/QANkP0ADZD9AA2Q/QANkP0AP///wD///8A////AP///wD///8A////AP///wD///8A////AP///wD///8A////ADZD9P82Q/T/NkP0/zZD9P82Q/QANkP0ADZD9AA2Q/QANkP0ADZD9AA2Q/QANkP0ADZD9AA2Q/QANkP0ADZD9AA2Q/QANkP0ADZD9AA2Q/QANkP0ADZD9AA2Q/QANkP0ADZD9AA2Q/QANkP0ADZD9AA2Q/QANkP0ADZD9AA2Q/QANkP0ADZD9AA2Q/QANkP0ADZD9AA2Q/QANkP0ADZD9AA2Q/QANkP0ADZD9AA2Q/QANkP0ADZD9AA2Q/QANkP0ADZD9AA2Q/QANkP0ADZD9AA2Q/QANkP0ADZD9AA2Q/QANkP0ADZD9AA2Q/QANkP0AP///wD///8A////AP///wD///8A////AP///wD///8A////AP///wD///8A////ADZD9P82Q/T/NkP0/zZD9P82Q/QANkP0ADZD9AA2Q/QANkP0ADZD9AA2Q/QANkP0ADZD9AA2Q/QANkP0ADZD9AA2Q/QANkP0ADZD9AA2Q/QANkP0ADZD9AA2Q/QANkP0ADZD9AA2Q/QANkP0ADZD9AA2Q/QANkP0ADZD9AA2Q/QANkP0ADZD9AA2Q/QANkP0ADZD9AA2Q/QANkP0ADZD9AA2Q/QANkP0ADZD9AA2Q/QANkP0ADZD9AA2Q/QANkP0ADZD9AA2Q/QANkP0ADZD9AA2Q/QANkP0ADZD9AA2Q/QANkP0ADZD9AA2Q/QANkP0AP///wD///8A////AP///wD///8A////AP///wD///8A////AP///wD///8A////ADZD9P82Q/T/NkP0/zZD9P82Q/QANkP0ADZD9AA2Q/QANkP0ADZD9AA2Q/QANkP0ADZD9AA2Q/QANkP0ADZD9AA2Q/QANkP0ADZD9AA2Q/QANkP0ADZD9AA2Q/QANkP0ADZD9AA2Q/QANkP0ADZD9AA2Q/QANkP0ADZD9AA2Q/QANkP0ADZD9AA2Q/QANkP0ADZD9AA2Q/QANkP0ADZD9AA2Q/QANkP0ADZD9AA2Q/QANkP0ADZD9AA2Q/QANkP0ADZD9AA2Q/QANkP0ADZD9AA2Q/QANkP0ADZD9AA2Q/QANkP0ADZD9AA2Q/QANkP0AP///wD///8A////AP///wD///8A////AP///wD///8A////AP///wD///8A////ADZD9P82Q/T/NkP0/zZD9P82Q/QANkP0ADZD9AA2Q/QANkP0ADZD9AA2Q/QANkP0ADZD9AA2Q/QANkP0ADZD9AA2Q/QANkP0ADZD9AA2Q/QANkP0ADZD9AA2Q/QANkP0ADZD9AA2Q/QANkP0ADZD9AA2Q/QANkP0ADZD9AA2Q/QANkP0ADZD9AA2Q/QANkP0ADZD9AA2Q/QANkP0ADZD9AA2Q/QANkP0ADZD9AA2Q/QANkP0ADZD9AA2Q/QANkP0ADZD9AA2Q/QANkP0ADZD9AA2Q/QANkP0ADZD9AA2Q/QANkP0ADZD9AA2Q/QANkP0AP///wD///8A////AP///wD///8A////AP///wD///8A////AP///wD///8A////ADZD9P82Q/T/NkP0/zZD9P82Q/QANkP0ADZD9AA2Q/QANkP0ADZD9AA2Q/QANkP0ADZD9AA2Q/QANkP0ADZD9AA2Q/QANkP0ADZD9AA2Q/QANkP0ADZD9AA2Q/QANkP0ADZD9AA2Q/QANkP0ADZD9AA2Q/QANkP0ADZD9AA2Q/QANkP0ADZD9AA2Q/QANkP0ADZD9AA2Q/QANkP0ADZD9AA2Q/QANkP0ADZD9AA2Q/QANkP0ADZD9AA2Q/QANkP0ADZD9AA2Q/QANkP0ADZD9AA2Q/QANkP0ADZD9AA2Q/QANkP0ADZD9AA2Q/QANkP0AP///wD///8A////AP///wD///8A////AP///wD///8A////AP///wD///8A////ADZD9P82Q/T/NkP0/zZD9P82Q/QANkP0ADZD9AA2Q/QANkP0ADZD9AA2Q/QANkP0ADZD9AA2Q/QANkP0ADZD9AA2Q/QANkP0ADZD9AA2Q/QANkP0ADZD9AA2Q/QANkP0ADZD9AA2Q/QANkP0ADZD9AA2Q/QANkP0ADZD9AA2Q/QANkP0ADZD9AA2Q/QANkP0ADZD9AA2Q/QANkP0ADZD9AA2Q/QANkP0ADZD9AA2Q/QANkP0ADZD9AA2Q/QANkP0ADZD9AA2Q/QANkP0ADZD9AA2Q/QANkP0ADZD9AA2Q/QANkP0ADZD9AA2Q/QANkP0AP///wD///8A////AP///wD///8A////AP///wD///8A////AP///wD///8A////ADZD9P82Q/T/NkP0/zZD9P82Q/QANkP0ADZD9AA2Q/QANkP0ADZD9AA2Q/QANkP0ADZD9AA2Q/QANkP0ADZD9AA2Q/QANkP0ADZD9AA2Q/QANkP0ADZD9AA2Q/QANkP0ADZD9AA2Q/QANkP0ADZD9P82Q/T/NkP0/zZD9P82Q/T/NkP0/zZD9P82Q/T/NkP0/zZD9P82Q/T/NkP0/zZD9P82Q/T/NkP0/zZD9P82Q/T/NkP0/zZD9P82Q/T/NkP0/zZD9P82Q/T/NkP0/zZD9P82Q/T/NkP0/zZD9P82Q/T/NkP0/zZD9P82Q/T/NkP0/////wD///8A////AP///wD///8A////AP///wD///8A////AP///wD///8A////ADZD9P82Q/T/NkP0/zZD9P82Q/QANkP0ADZD9AA2Q/QANkP0ADZD9AA2Q/QANkP0ADZD9AA2Q/QANkP0ADZD9AA2Q/QANkP0ADZD9AA2Q/QANkP0ADZD9AA2Q/QANkP0ADZD9AA2Q/QANkP0ADZD9P82Q/T/NkP0/zZD9P82Q/T/NkP0/zZD9P82Q/T/NkP0/zZD9P82Q/T/NkP0/zZD9P82Q/T/NkP0/zZD9P82Q/T/NkP0/zZD9P82Q/T/NkP0/zZD9P82Q/T/NkP0/zZD9P82Q/T/NkP0/zZD9P82Q/T/NkP0/zZD9P82Q/T/NkP0/////wD///8A////AP///wD///8A////AP///wD///8A////AP///wD///8A////ADZD9P82Q/T/NkP0/zZD9P82Q/QANkP0ADZD9AA2Q/QANkP0ADZD9AA2Q/QANkP0ADZD9AA2Q/QANkP0ADZD9AA2Q/QANkP0ADZD9AA2Q/QANkP0ADZD9AA2Q/QANkP0ADZD9AA2Q/QANkP0ADZD9P82Q/T/NkP0/zZD9P82Q/T/NkP0/zZD9P82Q/T/NkP0/zZD9P82Q/T/NkP0/zZD9P82Q/T/NkP0/zZD9P82Q/T/NkP0/zZD9P82Q/T/NkP0/zZD9P82Q/T/NkP0/zZD9P82Q/T/NkP0/zZD9P82Q/T/NkP0/zZD9P82Q/T/NkP0/////wD///8A////AP///wD///8A////AP///wD///8A////AP///wD///8A////ADZD9P82Q/T/NkP0/zZD9P82Q/QANkP0ADZD9AA2Q/QANkP0ADZD9AA2Q/QANkP0ADZD9AA2Q/QANkP0ADZD9AA2Q/QANkP0ADZD9AA2Q/QANkP0ADZD9AA2Q/QANkP0ADZD9AA2Q/QANkP0ADZD9P82Q/T/NkP0/zZD9P82Q/T/NkP0/zZD9P82Q/T/NkP0/zZD9P82Q/T/NkP0/zZD9P82Q/T/NkP0/zZD9P82Q/T/NkP0/zZD9P82Q/T/NkP0/zZD9P82Q/T/NkP0/zZD9P82Q/T/NkP0/zZD9P82Q/T/NkP0/zZD9P82Q/T/NkP0/////wD///8A////AP///wD///8A////AP///wD///8A////AP///wD///8A////ADZD9P82Q/T/NkP0/zZD9P82Q/QANkP0ADZD9AA2Q/QANkP0ADZD9AA2Q/QANkP0ADZD9AA2Q/QANkP0ADZD9AA2Q/QANkP0ADZD9AA2Q/QANkP0ADZD9AA2Q/QANkP0ADZD9AA2Q/QANkP0ADZD9P82Q/T/NkP0/zZD9P82Q/T/NkP0/zZD9P82Q/T/NkP0/zZD9P82Q/T/NkP0/zZD9P82Q/T/NkP0/zZD9P82Q/T/NkP0/zZD9P82Q/T/NkP0/zZD9P82Q/T/NkP0/zZD9P82Q/T/NkP0/zZD9P82Q/T/NkP0/zZD9P82Q/T/NkP0/////wD///8A////AP///wD///8A////AP///wD///8A////AP///wD///8A////ADZD9P82Q/T/NkP0/zZD9P82Q/QANkP0ADZD9AA2Q/QANkP0ADZD9AA2Q/QANkP0ADZD9AA2Q/QANkP0ADZD9AA2Q/QANkP0ADZD9AA2Q/QANkP0ADZD9AA2Q/QANkP0ADZD9AA2Q/QANkP0ADZD9P82Q/T/NkP0/zZD9P82Q/T/NkP0/zZD9P82Q/T/NkP0/zZD9P82Q/T/NkP0/zZD9P82Q/T/NkP0/zZD9P82Q/T/NkP0/zZD9P82Q/T/NkP0/zZD9P82Q/T/NkP0/zZD9P82Q/T/NkP0/zZD9P82Q/T/NkP0/zZD9P82Q/T/NkP0/////wD///8A////AP///wD///8A////AP///wD///8A////AP///wD///8A////ADZD9P82Q/T/NkP0/zZD9P82Q/QANkP0ADZD9AA2Q/QANkP0ADZD9AA2Q/QANkP0ADZD9AA2Q/QANkP0ADZD9AA2Q/QANkP0ADZD9AA2Q/QANkP0ADZD9AA2Q/QANkP0ADZD9AA2Q/QANkP0ADZD9P82Q/T/NkP0/zZD9P82Q/T/NkP0/zZD9P82Q/T/NkP0/zZD9P82Q/T/NkP0/zZD9P82Q/T/NkP0/zZD9P82Q/T/NkP0/zZD9P82Q/T/NkP0/zZD9P82Q/T/NkP0/zZD9P82Q/T/NkP0/zZD9P82Q/T/NkP0/zZD9P82Q/T/NkP0/////wD///8A////AP///wD///8A////AP///wD///8A////AP///wD///8A////ADZD9P82Q/T/NkP0/zZD9P82Q/QANkP0ADZD9AA2Q/QANkP0ADZD9AA2Q/QANkP0ADZD9AA2Q/QANkP0ADZD9AA2Q/QANkP0ADZD9AA2Q/QANkP0ADZD9AA2Q/QANkP0ADZD9AA2Q/QANkP0ADZD9P82Q/T/NkP0/zZD9P82Q/T/NkP0/zZD9P82Q/T/NkP0/zZD9P82Q/T/NkP0/zZD9P82Q/T/NkP0/zZD9P82Q/T/NkP0/zZD9P82Q/T/NkP0/zZD9P82Q/T/NkP0/zZD9P82Q/T/NkP0/zZD9P82Q/T/NkP0/zZD9P82Q/T/NkP0/////wD///8A////AP///wD///8A////AP///wD///8A////AP///wD///8A////ADZD9P82Q/T/NkP0/zZD9P82Q/QANkP0ADZD9AA2Q/QANkP0/zZD9P82Q/T/NkP0/zZD9P82Q/T/NkP0/zZD9P82Q/T/NkP0/zZD9P82Q/T/NkP0/zZD9P82Q/T/NkP0ADZD9AA2Q/QANkP0ADZD9P82Q/T/NkP0/zZD9P82Q/T/NkP0/zZD9P82Q/T/NkP0/zZD9P82Q/T/NkP0/zZD9P82Q/T/NkP0/zZD9P82Q/T/NkP0/zZD9P82Q/T/NkP0/zZD9P82Q/T/NkP0/zZD9P82Q/T/NkP0/zZD9P82Q/T/NkP0/zZD9P82Q/T/NkP0/////wD///8A////AP///wD///8A////AP///wD///8A////AP///wD///8A////ADZD9P82Q/T/NkP0/zZD9P82Q/QANkP0ADZD9AA2Q/QANkP0/zZD9P82Q/T/NkP0/zZD9P82Q/T/NkP0/zZD9P82Q/T/NkP0/zZD9P82Q/T/NkP0/zZD9P82Q/T/NkP0ADZD9AA2Q/QANkP0ADZD9P82Q/T/NkP0/zZD9P82Q/T/NkP0/zZD9P82Q/T/NkP0/zZD9P82Q/T/NkP0/zZD9P82Q/T/NkP0/zZD9P82Q/T/NkP0/zZD9P82Q/T/NkP0/zZD9P82Q/T/NkP0/zZD9P82Q/T/NkP0/zZD9P82Q/T/NkP0/zZD9P82Q/T/NkP0/////wD///8A////AP///wD///8A////AP///wD///8A////AP///wD///8A////ADZD9P82Q/T/NkP0/zZD9P82Q/QANkP0ADZD9AA2Q/QANkP0/zZD9P82Q/T/NkP0/zZD9P82Q/T/NkP0/zZD9P82Q/T/NkP0/zZD9P82Q/T/NkP0/zZD9P82Q/T/NkP0ADZD9AA2Q/QANkP0ADZD9P82Q/T/NkP0/zZD9P82Q/T/NkP0/zZD9P82Q/T/NkP0/zZD9P82Q/T/NkP0/zZD9P82Q/T/NkP0/zZD9P82Q/T/NkP0/zZD9P82Q/T/NkP0/zZD9P82Q/T/NkP0/zZD9P82Q/T/NkP0/zZD9P82Q/T/NkP0/zZD9P82Q/T/NkP0/////wD///8A////AP///wD///8A////AP///wD///8A////AP///wD///8A////ADZD9P82Q/T/NkP0/zZD9P82Q/QANkP0ADZD9AA2Q/QANkP0/zZD9P82Q/T/NkP0/zZD9P82Q/T/NkP0/zZD9P82Q/T/NkP0/zZD9P82Q/T/NkP0/zZD9P82Q/T/NkP0ADZD9AA2Q/QANkP0ADZD9P82Q/T/NkP0/zZD9P82Q/T/NkP0/zZD9P82Q/T/NkP0/zZD9P82Q/T/NkP0/zZD9P82Q/T/NkP0/zZD9P82Q/T/NkP0/zZD9P82Q/T/NkP0/zZD9P82Q/T/NkP0/zZD9P82Q/T/NkP0/zZD9P82Q/T/NkP0/zZD9P82Q/T/NkP0/////wD///8A////AP///wD///8A////AP///wD///8A////AP///wD///8A////ADZD9P82Q/T/NkP0/zZD9P82Q/QANkP0ADZD9AA2Q/QANkP0/zZD9P82Q/T/NkP0/zZD9P82Q/T/NkP0/zZD9P82Q/T/NkP0/zZD9P82Q/T/NkP0/zZD9P82Q/T/NkP0ADZD9AA2Q/QANkP0ADZD9P82Q/T/NkP0/zZD9P82Q/T/NkP0/zZD9P82Q/T/NkP0/zZD9P82Q/T/NkP0/zZD9P82Q/T/NkP0/zZD9P82Q/T/NkP0/zZD9P82Q/T/NkP0/zZD9P82Q/T/NkP0/zZD9P82Q/T/NkP0/zZD9P82Q/T/NkP0/zZD9P82Q/T/NkP0/////wD///8A////AP///wD///8A////AP///wD///8A////AP///wD///8A////ADZD9P82Q/T/NkP0/zZD9P82Q/QANkP0ADZD9AA2Q/QANkP0/zZD9P82Q/T/NkP0/zZD9P82Q/T/NkP0/zZD9P82Q/T/NkP0/zZD9P82Q/T/NkP0/zZD9P82Q/T/NkP0ADZD9AA2Q/QANkP0ADZD9P82Q/T/NkP0/zZD9P82Q/T/NkP0/zZD9P82Q/T/NkP0/zZD9P82Q/T/NkP0/zZD9P82Q/T/NkP0/zZD9P82Q/T/NkP0/zZD9P82Q/T/NkP0/zZD9P82Q/T/NkP0/zZD9P82Q/T/NkP0/zZD9P82Q/T/NkP0/zZD9P82Q/T/NkP0/////wD///8A////AP///wD///8A////AP///wD///8A////AP///wD///8A////ADZD9P82Q/T/NkP0/zZD9P82Q/QANkP0ADZD9AA2Q/QANkP0/zZD9P82Q/T/NkP0/zZD9P82Q/T/NkP0/zZD9P82Q/T/NkP0/zZD9P82Q/T/NkP0/zZD9P82Q/T/NkP0ADZD9AA2Q/QANkP0ADZD9P82Q/T/NkP0/zZD9P82Q/T/NkP0/zZD9P82Q/T/NkP0/zZD9P82Q/T/NkP0/zZD9P82Q/T/NkP0/zZD9P82Q/T/NkP0/zZD9P82Q/T/NkP0/zZD9P82Q/T/NkP0/zZD9P82Q/T/NkP0/zZD9P82Q/T/NkP0/zZD9P82Q/T/NkP0/////wD///8A////AP///wD///8A////AP///wD///8A////AP///wD///8A////ADZD9P82Q/T/NkP0/zZD9P82Q/QANkP0ADZD9AA2Q/QANkP0/zZD9P82Q/T/NkP0/zZD9P82Q/T/NkP0/zZD9P82Q/T/NkP0/zZD9P82Q/T/NkP0/zZD9P82Q/T/NkP0ADZD9AA2Q/QANkP0ADZD9P82Q/T/NkP0/zZD9P82Q/T/NkP0/zZD9P82Q/T/NkP0/zZD9P82Q/T/NkP0/zZD9P82Q/T/NkP0/zZD9P82Q/T/NkP0/zZD9P82Q/T/NkP0/zZD9P82Q/T/NkP0/zZD9P82Q/T/NkP0/zZD9P82Q/T/NkP0/zZD9P82Q/T/NkP0/////wD///8A////AP///wD///8A////AP///wD///8A////AP///wD///8A////ADZD9P82Q/T/NkP0/zZD9P82Q/QANkP0ADZD9AA2Q/QANkP0/zZD9P82Q/T/NkP0/zZD9P82Q/T/NkP0/zZD9P82Q/T/NkP0/zZD9P82Q/T/NkP0/zZD9P82Q/T/NkP0ADZD9AA2Q/QANkP0ADZD9P82Q/T/NkP0/zZD9P82Q/T/NkP0/zZD9P82Q/T/NkP0/zZD9P82Q/T/NkP0/zZD9P82Q/T/NkP0/zZD9P82Q/T/NkP0/zZD9P82Q/T/NkP0/zZD9P82Q/T/NkP0/zZD9P82Q/T/NkP0/zZD9P82Q/T/NkP0/zZD9P82Q/T/NkP0/////wD///8A////AP///wD///8A////AP///wD///8A////AP///wD///8A////ADZD9P82Q/T/NkP0/zZD9P82Q/QANkP0ADZD9AA2Q/QANkP0/zZD9P82Q/T/NkP0/zZD9P82Q/T/NkP0/zZD9P82Q/T/NkP0/zZD9P82Q/T/NkP0/zZD9P82Q/T/NkP0ADZD9AA2Q/QANkP0ADZD9P82Q/T/NkP0/zZD9P82Q/T/NkP0/zZD9P82Q/T/NkP0/zZD9P82Q/T/NkP0/zZD9P82Q/T/NkP0/zZD9P82Q/T/NkP0/zZD9P82Q/T/NkP0/zZD9P82Q/T/NkP0/zZD9P82Q/T/NkP0/zZD9P82Q/T/NkP0/zZD9P82Q/T/NkP0/////wD///8A////AP///wD///8A////AP///wD///8A////AP///wD///8A////ADZD9P82Q/T/NkP0/zZD9P82Q/QANkP0ADZD9AA2Q/QANkP0/zZD9P82Q/T/NkP0/zZD9P82Q/T/NkP0/zZD9P82Q/T/NkP0/zZD9P82Q/T/NkP0/zZD9P82Q/T/NkP0ADZD9AA2Q/QANkP0ADZD9P82Q/T/NkP0/zZD9P82Q/T/NkP0/zZD9P82Q/T/NkP0/zZD9P82Q/T/NkP0/zZD9P82Q/T/NkP0/zZD9P82Q/T/NkP0/zZD9P82Q/T/NkP0/zZD9P82Q/T/NkP0/zZD9P82Q/T/NkP0/zZD9P82Q/T/NkP0/zZD9P82Q/T/NkP0/////wD///8A////AP///wD///8A////AP///wD///8A////AP///wD///8A////ADZD9P82Q/T/NkP0/zZD9P82Q/QANkP0ADZD9AA2Q/QANkP0/zZD9P82Q/T/NkP0/zZD9P82Q/T/NkP0/zZD9P82Q/T/NkP0/zZD9P82Q/T/NkP0/zZD9P82Q/T/NkP0ADZD9AA2Q/QANkP0ADZD9P82Q/T/NkP0/zZD9P82Q/T/NkP0/zZD9P82Q/T/NkP0/zZD9P82Q/T/NkP0/zZD9P82Q/T/NkP0/zZD9P82Q/T/NkP0/zZD9P82Q/T/NkP0/zZD9P82Q/T/NkP0/zZD9P82Q/T/NkP0/zZD9P82Q/T/NkP0/zZD9P82Q/T/NkP0/////wD///8A////AP///wD///8A////AP///wD///8A////AP///wD///8A////ADZD9P82Q/T/NkP0/zZD9P82Q/QANkP0ADZD9AA2Q/QANkP0/zZD9P82Q/T/NkP0/zZD9P82Q/T/NkP0/zZD9P82Q/T/NkP0/zZD9P82Q/T/NkP0/zZD9P82Q/T/NkP0ADZD9AA2Q/QANkP0ADZD9P82Q/T/NkP0/zZD9P82Q/T/NkP0/zZD9P82Q/T/NkP0/zZD9P82Q/T/NkP0/zZD9P82Q/T/NkP0/zZD9P82Q/T/NkP0/zZD9P82Q/T/NkP0/zZD9P82Q/T/NkP0/zZD9P82Q/T/NkP0/zZD9P82Q/T/NkP0/zZD9P82Q/T/NkP0/////wD///8A////AP///wD///8A////AP///wD///8A////AP///wD///8A////ADZD9P82Q/T/NkP0/zZD9P82Q/QANkP0ADZD9AA2Q/QANkP0/zZD9P82Q/T/NkP0/zZD9P82Q/T/NkP0/zZD9P82Q/T/NkP0/zZD9P82Q/T/NkP0/zZD9P82Q/T/NkP0ADZD9AA2Q/QANkP0ADZD9P82Q/T/NkP0/zZD9P82Q/T/NkP0/zZD9P82Q/T/NkP0/zZD9P82Q/T/NkP0/zZD9P82Q/T/NkP0/zZD9P82Q/T/NkP0/zZD9P82Q/T/NkP0/zZD9P82Q/T/NkP0/zZD9P82Q/T/NkP0/zZD9P82Q/T/NkP0/zZD9P82Q/T/NkP0/////wD///8A////AP///wD///8A////AP///wD///8A////AP///wD///8A////ADZD9P82Q/T/NkP0/zZD9P82Q/QANkP0ADZD9AA2Q/QANkP0/zZD9P82Q/T/NkP0/zZD9P82Q/T/NkP0/zZD9P82Q/T/NkP0/zZD9P82Q/T/NkP0/zZD9P82Q/T/NkP0ADZD9AA2Q/QANkP0ADZD9P82Q/T/NkP0/zZD9P82Q/T/NkP0/zZD9P82Q/T/NkP0/zZD9P82Q/T/NkP0/zZD9P82Q/T/NkP0/zZD9P82Q/T/NkP0/zZD9P82Q/T/NkP0/zZD9P82Q/T/NkP0/zZD9P82Q/T/NkP0/zZD9P82Q/T/NkP0/zZD9P82Q/T/NkP0/////wD///8A////AP///wD///8A////AP///wD///8A////AP///wD///8A////ADZD9P82Q/T/NkP0/zZD9P82Q/QANkP0ADZD9AA2Q/QANkP0/zZD9P82Q/T/NkP0/zZD9P82Q/T/NkP0/zZD9P82Q/T/NkP0/zZD9P82Q/T/NkP0/zZD9P82Q/T/NkP0ADZD9AA2Q/QANkP0ADZD9P82Q/T/NkP0/zZD9P82Q/T/NkP0/zZD9P82Q/T/NkP0/zZD9P82Q/T/NkP0/zZD9P82Q/T/NkP0/zZD9P82Q/T/NkP0/zZD9P82Q/T/NkP0/zZD9P82Q/T/NkP0/zZD9P82Q/T/NkP0/zZD9P82Q/T/NkP0/zZD9P82Q/T/NkP0/////wD///8A////AP///wD///8A////AP///wD///8A////AP///wD///8A////ADZD9P82Q/T/NkP0/zZD9P82Q/QANkP0ADZD9AA2Q/QANkP0/zZD9P82Q/T/NkP0/zZD9P82Q/T/NkP0/zZD9P82Q/T/NkP0/zZD9P82Q/T/NkP0/zZD9P82Q/T/NkP0ADZD9AA2Q/QANkP0ADZD9P82Q/T/NkP0/zZD9P82Q/T/NkP0/zZD9P82Q/T/NkP0/zZD9P82Q/T/NkP0/zZD9P82Q/T/NkP0/zZD9P82Q/T/NkP0/zZD9P82Q/T/NkP0/zZD9P82Q/T/NkP0/zZD9P82Q/T/NkP0/zZD9P82Q/T/NkP0/zZD9P82Q/T/NkP0/////wD///8A////AP///wD///8A////AP///wD///8A////AP///wD///8A////ADZD9P82Q/T/NkP0/zZD9P82Q/QANkP0ADZD9AA2Q/QANkP0/zZD9P82Q/T/NkP0/zZD9P82Q/T/NkP0/zZD9P82Q/T/NkP0/zZD9P82Q/T/NkP0/zZD9P82Q/T/NkP0ADZD9AA2Q/QANkP0ADZD9P82Q/T/NkP0/zZD9P82Q/T/NkP0/zZD9P82Q/T/NkP0/zZD9P82Q/T/NkP0/zZD9P82Q/T/NkP0/zZD9P82Q/T/NkP0/zZD9P82Q/T/NkP0/zZD9P82Q/T/NkP0/zZD9P82Q/T/NkP0/zZD9P82Q/T/NkP0/zZD9P82Q/T/NkP0/////wD///8A////AP///wD///8A////AP///wD///8A////AP///wD///8A////ADZD9P82Q/T/NkP0/zZD9P82Q/QANkP0ADZD9AA2Q/QANkP0/zZD9P82Q/T/NkP0/zZD9P82Q/T/NkP0/zZD9P82Q/T/NkP0/zZD9P82Q/T/NkP0/zZD9P82Q/T/NkP0ADZD9AA2Q/QANkP0ADZD9P82Q/T/NkP0/zZD9P82Q/T/NkP0/zZD9P82Q/T/NkP0/zZD9P82Q/T/NkP0/zZD9P82Q/T/NkP0/zZD9P82Q/T/NkP0/zZD9P82Q/T/NkP0/zZD9P82Q/T/NkP0/zZD9P82Q/T/NkP0/zZD9P82Q/T/NkP0/zZD9P82Q/T/NkP0/////wD///8A////AP///wD///8A////AP///wD///8A////AP///wD///8A////ADZD9P82Q/T/NkP0/zZD9P82Q/QANkP0ADZD9AA2Q/QANkP0/zZD9P82Q/T/NkP0/zZD9P82Q/T/NkP0/zZD9P82Q/T/NkP0/zZD9P82Q/T/NkP0/zZD9P82Q/T/NkP0ADZD9AA2Q/QANkP0ADZD9P82Q/T/NkP0/zZD9P82Q/T/NkP0/zZD9P82Q/T/NkP0/zZD9P82Q/T/NkP0/zZD9P82Q/T/NkP0/zZD9P82Q/T/NkP0/zZD9P82Q/T/NkP0/zZD9P82Q/T/NkP0/zZD9P82Q/T/NkP0/zZD9P82Q/T/NkP0/zZD9P82Q/T/NkP0/////wD///8A////AP///wD///8A////AP///wD///8A////AP///wD///8A////ADZD9P82Q/T/NkP0/zZD9P82Q/QANkP0ADZD9AA2Q/QANkP0/zZD9P82Q/T/NkP0/zZD9P82Q/T/NkP0/zZD9P82Q/T/NkP0/zZD9P82Q/T/NkP0/zZD9P82Q/T/NkP0ADZD9AA2Q/QANkP0ADZD9P82Q/T/NkP0/zZD9P82Q/T/NkP0/zZD9P82Q/T/NkP0/zZD9P82Q/T/NkP0/zZD9P82Q/T/NkP0/zZD9P82Q/T/NkP0/zZD9P82Q/T/NkP0/zZD9P82Q/T/NkP0/zZD9P82Q/T/NkP0/zZD9P82Q/T/NkP0/zZD9P82Q/T/NkP0/////wD///8A////AP///wD///8A////AP///wD///8A////AP///wD///8A////ADZD9P82Q/T/NkP0/zZD9P82Q/QANkP0ADZD9AA2Q/QANkP0/zZD9P82Q/T/NkP0/zZD9P82Q/T/NkP0/zZD9P82Q/T/NkP0/zZD9P82Q/T/NkP0/zZD9P82Q/T/NkP0ADZD9AA2Q/QANkP0ADZD9P82Q/T/NkP0/zZD9P82Q/T/NkP0/zZD9P82Q/T/NkP0/zZD9P82Q/T/NkP0/zZD9P82Q/T/NkP0/zZD9P82Q/T/NkP0/zZD9P82Q/T/NkP0/zZD9P82Q/T/NkP0/zZD9P82Q/T/NkP0/zZD9P82Q/T/NkP0/zZD9P82Q/T/NkP0/////wD///8A////AP///wD///8A////AP///wD///8A////AP///wD///8A////ADZD9P82Q/T/NkP0/zZD9P82Q/QANkP0ADZD9AA2Q/QANkP0/zZD9P82Q/T/NkP0/zZD9P82Q/T/NkP0/zZD9P82Q/T/NkP0/zZD9P82Q/T/NkP0/zZD9P82Q/T/NkP0ADZD9AA2Q/QANkP0ADZD9CE2Q/SFNkP05jZD9P82Q/T/NkP0/zZD9P82Q/T/NkP0/zZD9P82Q/T/NkP0/zZD9P82Q/T/NkP0ADZD9AA2Q/QANkP0ADZD9AA2Q/QANkP0ADZD9AA2Q/QANkP0ADZD9AA2Q/QANkP0ADZD9AA2Q/QANkP0ADZD9AA2Q/QANkP0AP///wD///8A////AP///wD///8A////AP///wD///8A////AP///wD///8A////ADZD9P82Q/T/NkP0/zZD9P82Q/QANkP0ADZD9AA2Q/QANkP0/zZD9P82Q/T/NkP0/zZD9P82Q/T/NkP0/zZD9P82Q/T/NkP0/zZD9P82Q/T/NkP0/zZD9P82Q/T/NkP0WzZD9Ak2Q/QANkP0ADZD9AA2Q/QANkP0BTZD9FI2Q/S4NkP0/TZD9P82Q/T/NkP0/zZD9P82Q/T/NkP0/zZD9P82Q/T/NkP0ADZD9AA2Q/QANkP0ADZD9AA2Q/QANkP0ADZD9AA2Q/QANkP0ADZD9AA2Q/QANkP0ADZD9AA2Q/QANkP0ADZD9AA2Q/QANkP0AP///wD///8A////AP///wD///8A////AP///wD///8A////AP///wD///8A////ADZD9P82Q/T/NkP0/zZD9P82Q/QANkP0ADZD9AA2Q/QANkP0/zZD9P82Q/T/NkP0/zZD9P82Q/T/NkP0/zZD9P82Q/T/NkP0/zZD9P82Q/T/NkP0/zZD9P82Q/T/NkP0/zZD9PA2Q/SUNkP0KzZD9AA2Q/QANkP0ADZD9AA2Q/QANkP0ITZD9IU2Q/TmNkP0/zZD9P82Q/T/NkP0/zZD9P82Q/T/NkP0ADZD9AA2Q/QANkP0ADZD9AA2Q/QANkP0ADZD9AA2Q/QANkP0ADZD9AA2Q/QANkP0ADZD9AA2Q/QANkP0ADZD9AA2Q/QANkP0AP///wD///8A////AP///wD///8A////AP///wD///8A////AP///wD///8A////ADZD9P82Q/T/NkP0/zZD9P82Q/QANkP0ADZD9AA2Q/QANkP0/zZD9P82Q/T/NkP0/zZD9P82Q/T/NkP0/zZD9P82Q/T/NkP0/zZD9P82Q/T/NkP0/zZD9P82Q/T/NkP0/zZD9P82Q/T/NkP0/zZD9MM2Q/RdNkP0CTZD9AA2Q/QANkP0ADZD9AA2Q/QFNkP0UjZD9Lg2Q/T9NkP0/zZD9P82Q/T/NkP0ADZD9AA2Q/QANkP0ADZD9AA2Q/QANkP0ADZD9AA2Q/QANkP0ADZD9AA2Q/QANkP0ADZD9AA2Q/QANkP0ADZD9AA2Q/QANkP0AP///wD///8A////AP///wD///8A////AP///wD///8A////AP///wD///8A////ADZD9P82Q/T/NkP0/zZD9P82Q/QANkP0ADZD9AA2Q/QANkP0/zZD9P82Q/T/NkP0/zZD9P82Q/T/NkP0/zZD9P82Q/T/NkP0/zZD9P82Q/T/NkP0/zZD9P82Q/T/NkP0/zZD9P82Q/T/NkP0/zZD9P82Q/T/NkP07TZD9I82Q/QpNkP0ADZD9AA2Q/QANkP0ADZD9AA2Q/QhNkP0hjZD9Oc2Q/T/NkP0ADZD9AA2Q/QANkP0ADZD9AA2Q/QANkP0ADZD9AA2Q/QANkP0ADZD9AA2Q/QANkP0ADZD9AA2Q/QANkP0ADZD9AA2Q/QANkP0AP///wD///8A////AP///wD///8A////AP///wD///8A////AP///wD///8A////ADZD9P82Q/T/NkP0/zZD9P82Q/QANkP0ADZD9AA2Q/QANkP0/zZD9P82Q/T/NkP0/zZD9P82Q/T/NkP0/zZD9P82Q/T/NkP0/zZD9P82Q/T/NkP0/zZD9P82Q/T/NkP0/zZD9P82Q/T/NkP0/zZD9P82Q/T/NkP0/zZD9P82Q/T/NkP0wjZD9Fw2Q/QINkP0ADZD9AA2Q/QANkP0ADZD9AU2Q/RTNkP0ADZD9AA2Q/QANkP0ADZD9AA2Q/QANkP0ADZD9AA2Q/QANkP0ADZD9AA2Q/QANkP0ADZD9AA2Q/QANkP0ADZD9AA2Q/QANkP0AP///wD///8A////AP///wD///8A////AP///wD///8A////AP///wD///8A////ADZD9P82Q/T/NkP0/zZD9P82Q/QANkP0ADZD9AA2Q/QANkP0/zZD9P82Q/T/NkP0/zZD9P82Q/T/NkP0/zZD9P82Q/T/NkP0/zZD9P82Q/T/NkP0/zZD9P82Q/T/NkP0/zZD9P82Q/T/NkP0/zZD9P82Q/T/NkP0/zZD9P82Q/T/NkP0/zZD9P82Q/TtNkP0jzZD9Ck2Q/QANkP0ADZD9AA2Q/QANkP0ADZD9AA2Q/QANkP0ADZD9AA2Q/QANkP0ADZD9AA2Q/QANkP0ADZD9AA2Q/QANkP0ADZD9AA2Q/QANkP0ADZD9AA2Q/QANkP0AP///wD///8A////AP///wD///8A////AP///wD///8A////AP///wD///8A////ADZD9P82Q/T/NkP0/zZD9P82Q/QANkP0ADZD9AA2Q/QANkP0/zZD9P82Q/T/NkP0/zZD9P82Q/T/NkP0/zZD9P82Q/T/NkP0/zZD9P82Q/T/NkP0/zZD9P82Q/T/NkP0/zZD9P82Q/T/NkP0/zZD9P82Q/T/NkP0/zZD9P82Q/T/NkP0/zZD9P82Q/T/NkP0/zZD9P82Q/TCNkP0ADZD9AA2Q/QANkP0ADZD9AA2Q/QANkP0ADZD9AA2Q/QANkP0ADZD9AA2Q/QANkP0ADZD9AA2Q/QANkP0ADZD9AA2Q/QANkP0ADZD9AA2Q/QANkP0AP///wD///8A////AP///wD///8A////AP///wD///8A////AP///wD///8A////AP///wD///8A////AP///wD///8A////AP///wD///8A////AP///wD///8A////AP///wD///8A////AP///wD///8A////AP///wD///8A////AP///wD///8A////AP///wD///8A////AP///wD///8A////AP///wD///8A////AP///wD///8A////AP///wD///8A////AP///wD///8A////AP///wD///8A////AP///wD///8A////AP///wD///8A////AP///wD///8A////AP///wD///8A////AP///wD///8A////AP///wD///8A////AP///wD///8A////AP///wD///8A////AP///wD///8A////AP///wD///8A////AP///wD///8A////AP///wD///8A////AP///wD///8A////AP///wD///8A////AP///wD///8A////AP///wD///8A////AP///wD///8A////AP///wD///8A////AP///wD///8A////AP///wD///8A////AP///wD///8A////AP///wD///8A////AP///wD///8A////AP///wD///8A////AP///wD///8A////AP///wD///8A////AP///wD///8A////AP///wD///8A////AP///wD///8A////AP///wD///8A////AP///wD///8A////AP///wD///8A////AP///wD///8A////AP///wD///8A////AP///wD///8A////AP///wD///8A////AP///wD///8A////AP///wD///8A////AP///wD///8A////AP///wD///8A////AP///wD///8A////AP///wD///8A////AP///wD///8A////AP///wD///8A////AP///wD///8A////AP///wD///8A////AP///wD///8A////AP///wD///8A////AP///wD///8A////AP///wD///8A////AP///wD///8A////AP///wD///8A////AP///wD///8A////AP///wD///8A////AP///wD///8A////AP///wD///8A////AP///wD///8A////AP///wD///8A////AP///wD///8A////AP///wD///8A////AP///wD///8A////AP///wD///8A////AP///wD///8A////AP///wD///8A////AP///wD///8A////AP///wD///8A////AP///wD///8A////AP///wD///8A////AP///wD///8A////AP///wD///8A////AP///wD///8A////AP///wD///8A////AP///wD///8A////AP///wD///8A////AP///wD///8A////AP///wD///8A////AP///wD///8A////AP///wD///8A////AP///wD///8A////AP///wD///8A////AP///wD///8A////AP///wD///8A////AP///wD///8A////AP///wD///8A////AP///wD///8A////AP///wD///8A////AP///wD///8A////AP///wD///8A////AP///wD///8A////AP///wD///8A////AP///wD///8A////AP///wD///8A////AP///wD///8A////AP///wD///8A////AP///wD///8A////AP///wD///8A////AP///wD///8A////AP///wD///8A////AP///wD///8A////AP///wD///8A////AP///wD///8A////AP///wD///8A////AP///wD///8A////AP///wD///8A////AP///wD///8A////AP///wD///8A////AP///wD///8A////AP///wD///8A////AP///wD///8A////AP///wD///8A////AP///wD///8A////AP///wD///8A////AP///wD///8A////AP///wD///8A////AP///wD///8A////AP///wD///8A////AP///wD///8A////AP///wD///8A////AP///wD///8A////AP///wD///8A////AP///wD///8A////AP///wD///8A////AP///wD///8A////AP///wD///8A////AP///wD///8A////AP///wD///8A////AP///wD///8A////AP///wD///8A////AP///wD///8A////AP///wD///8A////AP///wD///8A////AP///wD///8A////AP///wD///8A////AP///wD///8A////AP///wD///8A////AP///wD///8A////AP///wD///8A////AP///wD///8A////AP///wD///8A////AP///wD///8A////AP///wD///8A////AP///wD///8A////AP///wD///8A////AP///wD///8A////AP///wD///8A////AP///wD///8A////AP///wD///8A////AP///wD///8A////AP///wD///8A////AP///wD///8A////AP///wD///8A////AP///wD///8A////AP///wD///8A////AP///wD///8A////AP///wD///8A////AP///wD///8A////AP///wD///8A////AP///wD///8A////AP///wD///8A////AP///wD///8A////AP///wD///8A////AP///wD///8A////AP///wD///8A////AP///wD///8A////AP///wD///8A////AP///wD///8A////AP///wD///8A////AP///wD///8A////AP///wD///8A////AP///wD///8A////AP///wD///8A////AP///wD///8A////AP///wD///8A////AP///wD///8A////AP///wD///8A////AP///wD///8A////AP///wD///8A////AP///wD///8A////AP///wD///8A////AP///wD///8A////AP///wD///8A////AP///wD///8A////AP///wD///8A////AP///wD///8A////AP///wD///8A////AP///wD///8A////AP///wD///8A////AP///wD///8A////AP///wD///8A////AP///wD///8A////AP///wD///8A////AP///wD///8A////AP///wD///8A////AP///wD///8A////AP///wD///8A////AP///wD///8A////AP///wD///8A////AP///wD///8A////AP///wD///8A////AP///////////wAAAP///////////wAAAPw//////////wAAAPw//////////wAAAPw//////////wAAAPw//////////wAAAPw//////////wAAAPw//////////wAAAPw//////////wAAAPw//////////wAAAPw//////////wAAAPw//////////wAAAPw//////////wAAAPw//////////wAAAPw//////////wAAAPw//////////wAAAPw//////////wAAAPw//////////wAAAPw//////////wAAAPw//////////wAAAPw//////////wAAAPw//////////wAAAPw//////////wAAAPw//////////wAAAPw//////////wAAAPw///+AAAAAPwAAAPw///+AAAAAPwAAAPw///+AAAAAPwAAAPw///+AAAAAPwAAAPw///+AAAAAPwAAAPw///+AAAAAPwAAAPw///+AAAAAPwAAAPw///+AAAAAPwAAAPw8AAeAAAAAPwAAAPw8AAeAAAAAPwAAAPw8AAeAAAAAPwAAAPw8AAeAAAAAPwAAAPw8AAeAAAAAPwAAAPw8AAeAAAAAPwAAAPw8AAeAAAAAPwAAAPw8AAeAAAAAPwAAAPw8AAeAAAAAPwAAAPw8AAeAAAAAPwAAAPw8AAeAAAAAPwAAAPw8AAeAAAAAPwAAAPw8AAeAAAAAPwAAAPw8AAeAAAAAPwAAAPw8AAeAAAAAPwAAAPw8AAeAAAAAPwAAAPw8AAeAAAAAPwAAAPw8AAeAAAAAPwAAAPw8AAeAAAAAPwAAAPw8AAeAAAAAPwAAAPw8AAeAAAAAPwAAAPw8AAeAAAAAPwAAAPw8AAeAAf///wAAAPw8AAHgAf///wAAAPw8AAB8Af///wAAAPw8AAAPAf///wAAAPw8AAAD4f///wAAAPw8AAAAef///wAAAPw8AAAAH////wAAAPw8AAAAD////wAAAP///////////wAAAP///////////wAAAP///////////wAAAP///////////wAAAP///////////wAAAP///////////wAAAP///////////wAAAP///////////wAAAP///////////wAAAA==</IcoData>
    </AutoFormatItem>
    <AutoFormatItem Name="Prio 1" FormatEnabled="true" IconEnabled="true">
      <Condition>
        <RootRule>
          <Rule Field="Urgency" ConditionName="&gt;=" DataValue="175" DataType="Integer" ConditionID="105"/>
          <Rule Field="Urgency" ConditionName="&lt;" DataValue="200" DataType="Integer" ConditionID="104"/>
        </RootRule>
      </Condition>
      <Fmt inherit="0" bgcolor1_1="43775" options="0"/>
      <Ico IconPos="1"/>
      <IcoData Caption="reminder-yellow">AAABAAEAEBAAAAEAIABoBAAAFgAAACgAAAAQAAAAIAAAAAEAIAAAAAAAQAQAAAAAAAAAAAAAAAAAAAAAAAD///8A////AP///wD///8A////AP///wA3jdg5N43Y2zeN2Ns3jdg5////AP///wD///8A////AP///wD///8A////AP///wD///8A////AP///wD///8AN43Y3TeN2P83jdj/N43Y2////wD///8A////AP///wD///8A////AP///wD///8AN43Y1zeN2P83jdj/N43Y/zeN2P83jdj/N43Y/zeN2P83jdj/N43Y/zeN2P83jdjX////AP///wD///8A////ADeN2II3jdj/N43Y/zeN2P83jdj/N43Y/zeN2P83jdj/N43Y/zeN2P83jdj/N43Ygv///wD///8A////AP///wA3jdgvN43Y/zeN2P////8A////AP///wD///8A////AP///wA3jdj/N43Y/zeN2DD///8A////AP///wD///8A////ADeN2P83jdj/////AP///wD///8A////AP///wD///8AN43Y/zeN2P////8A////AP///wD///8A////AP///wA3jdj/N43Y/////wD///8A////AP///wD///8A////ADeN2P83jdj/////AP///wD///8A////AP///wD///8AN43Y/zeN2P////8A////AP///wD///8A////AP///wA3jdj/N43Y/////wD///8A////AP///wD///8A////ADeN2P83jdj/////AP///wD///8A////AP///wD///8AN43Y/zeN2P////8A////AP///wD///8A////AP///wA3jdj+N43Y/zeN2Af///8A////AP///wD///8AN43YBzeN2P83jdj+////AP///wD///8A////AP///wD///8AN43Y4DeN2P83jdhP////AP///wD///8A////ADeN2E83jdj/N43Y4f///wD///8A////AP///wD///8A////ADeN2H03jdj/N43Y6zeN2FY3jdgNN43YDzeN2F83jdjtN43Y/zeN2H////8A////AP///wD///8A////AP///wA3jdgGN43YsTeN2P83jdj/N43Y/zeN2P83jdj/N43Y/zeN2LM3jdgG////AP///wD///8A////AP///wD///8A////ADeN2AE3jdhfN43YwjeN2P83jdj/N43YwjeN2F83jdgB////AP///wD///8A////AP///wD///8A////AP///wD///8A////AP///wA3jdj/N43Y/////wD///8A////AP///wD///8A////AP///wD///8A////AP///wD///8A////AP///wD///8AN43YwzeN2MP///8A////AP///wD///8A////AP///wD///8AAAAAAAAAAAAAAAAAAAAAAAAAAAAAAAAAAAAAAAAAAAAAAAAAAAAAAAAAAAAAAAAAAAAAAAAAAAAAAAAAAAAAAA==</IcoData>
    </AutoFormatItem>
    <AutoFormatItem Name="Prio 2" FormatEnabled="true" IconEnabled="true">
      <Condition>
        <RootRule>
          <Rule Field="Urgency" ConditionName="&gt;=" DataValue="150" DataType="Integer" ConditionID="105"/>
          <Rule Field="Urgency" ConditionName="&lt;" DataValue="175" DataType="Integer" ConditionID="104"/>
        </RootRule>
      </Condition>
      <Fmt inherit="0" bgcolor1_1="11195647" options="0"/>
      <Ico IconPos="1"/>
      <IcoData Caption="reminder">AAABAAEAEBAAAAEAIABoBAAAFgAAACgAAAAQAAAAIAAAAAEAIAAAAAAAQAQAAAAAAAAAAAAAAAAAAAAAAAD///8A////AP///wD///8A////AP///wDHx8c5x8fH28fHx9vHx8c5////AP///wD///8A////AP///wD///8A////AP///wD///8A////AP///wD///8Ax8fH3cfHx//Hx8f/x8fH2////wD///8A////AP///wD///8A////AP///wD///8Ax8fH18fHx//Hx8f/x8fH/8fHx//Hx8f/x8fH/8fHx//Hx8f/x8fH/8fHx//Hx8fX////AP///wD///8A////AMfHx4LHx8f/x8fH/8fHx//Hx8f/x8fH/8fHx//Hx8f/x8fH/8fHx//Hx8f/x8fHgv///wD///8A////AP///wDHx8cvx8fH/8fHx/////8A////AP///wD///8A////AP///wDHx8f/x8fH/8fHxzD///8A////AP///wD///8A////AMfHx//Hx8f/////AP///wD///8A////AP///wD///8Ax8fH/8fHx/////8A////AP///wD///8A////AP///wDHx8f/x8fH/////wD///8A////AP///wD///8A////AMfHx//Hx8f/////AP///wD///8A////AP///wD///8Ax8fH/8fHx/////8A////AP///wD///8A////AP///wDHx8f/x8fH/////wD///8A////AP///wD///8A////AMfHx//Hx8f/////AP///wD///8A////AP///wD///8Ax8fH/8fHx/////8A////AP///wD///8A////AP///wDHx8f+x8fH/8fHxwf///8A////AP///wD///8Ax8fHB8fHx//Hx8f+////AP///wD///8A////AP///wD///8Ax8fH4MfHx//Hx8dP////AP///wD///8A////AMfHx0/Hx8f/x8fH4f///wD///8A////AP///wD///8A////AMfHx33Hx8f/x8fH68fHx1bHx8cNx8fHD8fHx1/Hx8ftx8fH/8fHx3////8A////AP///wD///8A////AP///wDHx8cGx8fHscfHx//Hx8f/x8fH/8fHx//Hx8f/x8fH/8fHx7PHx8cG////AP///wD///8A////AP///wD///8A////AMfHxwHHx8dfx8fHwsfHx//Hx8f/x8fHwsfHx1/Hx8cB////AP///wD///8A////AP///wD///8A////AP///wD///8A////AP///wDHx8f/x8fH/////wD///8A////AP///wD///8A////AP///wD///8A////AP///wD///8A////AP///wD///8Ax8fHw8fHx8P///8A////AP///wD///8A////AP///wD///8AAAAAAAAAAAAAAAAAAAAAAAAAAAAAAAAAAAAAAAAAAAAAAAAAAAAAAAAAAAAAAAAAAAAAAAAAAAAAAAAAAAAAAA==</IcoData>
    </AutoFormatItem>
    <AutoFormatItem Name="Prio 3" FormatEnabled="true">
      <Condition>
        <RootRule>
          <Rule Field="Urgency" ConditionName="&gt;=" DataValue="125" DataType="Integer" ConditionID="105"/>
          <Rule Field="Urgency" ConditionName="&lt;" DataValue="150" DataType="Integer" ConditionID="104"/>
        </RootRule>
      </Condition>
      <Fmt inherit="0" bgcolor1_1="14347005" options="0"/>
      <Ico IconPos="1"/>
    </AutoFormatItem>
    <AutoFormatItem Name="More Important" FormatEnabled="true">
      <Condition>
        <RootRule>
          <Rule Field="Importance" ConditionName="&gt;=" DataValue="150" DataType="Integer" ConditionID="105"/>
          <Rule Field="Importance" ConditionName="&lt;" DataValue="175" DataType="Integer" ConditionID="104"/>
        </RootRule>
      </Condition>
      <Fmt bold="1" underline="0" inherit="0" SideBarColor="8355711" bgcolor1_1="15986395" options="0"/>
      <Ico IconPos="1"/>
    </AutoFormatItem>
    <AutoFormatItem Name="A lot Important" FormatEnabled="true">
      <Condition>
        <RootRule>
          <Rule Field="Importance" ConditionName="&gt;=" DataValue="175" DataType="Integer" ConditionID="105"/>
          <Rule Field="Importance" ConditionName="&lt;" DataValue="200" DataType="Integer" ConditionID="104"/>
        </RootRule>
      </Condition>
      <Fmt bold="1" underline="1" inherit="0" SideBarColor="8355711" bgcolor1_1="15261111" options="0" IndentLnBg="1"/>
      <Ico IconPos="1"/>
    </AutoFormatItem>
    <AutoFormatItem Name="Max Important" FormatEnabled="true">
      <Condition>
        <RootRule>
          <Rule Field="Importance" ConditionName="=" DataValue="200" DataType="Integer" ConditionID="0"/>
        </RootRule>
      </Condition>
      <Fmt bold="1" underline="1" inherit="0" SideBarColor="8355711" bgcolor1_1="13083314" options="0" IndentLnBg="1"/>
      <Ico IconPos="1"/>
    </AutoFormatItem>
    <AutoFormatItem Name="Recurring Wk Item" IconEnabled="true">
      <Condition>
        <RootRule>
          <Rule Field="Recurrence" ConditionName="=" DataValue="Weekly" DataType="Integer" ConditionID="1201"/>
        </RootRule>
      </Condition>
      <Fmt inherit="0" options="0"/>
      <Ico IconPos="1"/>
      <IcoData Caption="Start Next 7 days">AAABAAEAGBgAAAEAIACICQAAFgAAACgAAAAYAAAAMAAAAAEAIAAAAAAAYAkAAAAAAAAAAAAAAAAAAAAAAAD///8A////AP///wD///8A////AP///wD///8A////AP///wD///8A////AP///wD///8A////AP///wD///8A////AP///wD///8A////AP///wD///8A////AP///wD///8A////AP///wD///8A////AP///wD///8A////AP///wD///8A////AP///wD///8A////AP///wD///8A////AP///wD///8A////AP///wD///8A////AP///wD///8A////AP///wD///8A////AP///wD///8AZmVkBmZlZFpmZWSqZmVk32ZlZPpmZWT5ZmVk3mZlZKNmZWRQZmVkBf///wD///8A////AP///wD///8A////AP///wD///8A////AP///wD///8A////AP///wBmZWRPZmVk4GZlZP9mZWT/ZmVk/2ZlZP9mZWT/ZmVk/2ZlZP9mZWT/ZmVk32ZlZEv///8A////AP///wD///8A////AP///wD///8A////AP///wD///8AZmVkAWZlZIlmZWT/ZmVk/2ZlZNtmZWRtZmVkLGZlZAxmZWQGZmVkKWZlZHFmZWTcZmVk/2ZlZP5mZWSEZmVkAf///wD///8A////AP///wD///8A////AP///wD///8AZmVkhmZlZP9mZWT+ZmVkf2ZlZAb///8A////AP///wD///8A////AP///wBmZWQIZmVkhWZlZP5mZWT/ZmVkhP///wD///8A////AP///wD///8A////AP///wBmZWRHZmVk/mZlZP5mZWRf////AP///wD///8A////AP///wD///8A////AP///wD///8A////AGZlZGNmZWT/ZmVk/mZlZEP///8A////AP///wD///8A////AGZlZAJmZWTTZmVk/2ZlZIn///8A////AP///wD///8A////AP///wD///8A////AP///wD///8A////AP///wBmZWSSZmVk/2ZlZNZmZWQC////AP///wD///8A////AGZlZE5mZWT/ZmVk5mZlZAr///8A////AP///wD///8AZmVkS2ZlZP9mZWT/ZmVkQv///wD///8A////AP///wBmZWQPZmVk7WZlZP9mZWRL////AP///wD///8A////AGZlZJtmZWT/ZmVkiP///wD///8A////AP///wD///8AZmVkAWZlZNBmZWT/ZmVkuf///wD///8A////AP///wD///8AZmVkjWZlZP9mZWSe////AP///wD///8A////AGZlZN1mZWT/ZmVkPf///wD///8A////AP///wD///8A////AGZlZFlmZWT/ZmVk/2ZlZDL///8A////AP///wD///8AZmVkQ2ZlZP9mZWTY////AP///wD///8A////AGZlZPxmZWT/ZmVkFv///wD///8A////AP///wD///8A////AGZlZARmZWTcZmVk/2ZlZKn///8A////AP///wD///8AZmVkGGZlZP9mZWT2////AP///wD///8A////AGZlZP9mZWT/ZmVkAv///wD///8A////AP///wD///8A////AP///wBmZWRnZmVk/2ZlZP1mZWQk////AP///wD///8AZmVkCGZlZP9mZWT9////AP///wD///8A////AGZlZPFmZWT/ZmVkFv///wD///8A////AP///wD///8A////AP///wBmZWQIZmVk5mZlZP9mZWSa////AP///wD///8AZmVkGWZlZP9mZWTo////AP///wD///8A////AGZlZMNmZWT/ZmVkPf///wD///8A////AP///wBmZWT/ZmVk/2ZlZP9mZWT/ZmVk/2ZlZP9mZWT5////AP///wD///8AZmVkQ2ZlZP9mZWS+////AP///wD///8A////AGZlZH9mZWT/ZmVkaP///wD///8A////AP///wBmZWT/ZmVk/2ZlZP9mZWT/ZmVk/2ZlZP9mZWT/////AP///wD///8AZmVkjWZlZP9mZWR3////AP///wD///8A////AGZlZBJmZWR6ZmVkE////wD///8A////AP///wD///8A////AP///wD///8A////AP///wD///8A////AP///wBmZWQPZmVk7mZlZPlmZWQc////AP///wD///8A////AP///wD///8A////AP///wD///8A////AP///wD///8A////AP///wD///8A////AP///wD///8A////AP///wBmZWSTZmVk/2ZlZJH///8A////AP///wD///8A////AP///wD///8A////AP///wD///8A////AP///wD///8A////AP///wD///8A////AP///wD///8A////AGZlZGNmZWT/ZmVk0mZlZAv///8A////AP///wD///8A////AP///wD///8A////AP///wD///8A////AP///wD///8A////AP///wD///8A////AP///wBmZWQIZmVkhWZlZP5mZWThZmVkI////wD///8A////AP///wD///8A////AP///wD///8A////AP///wD///8A////AP///wD///8AZmVkJ2ZlZNpmZWTUZmVkHmZlZB1mZWTpZmVk/2ZlZMJmZWQY////AP///wD///8A////AP///wD///8A////AP///wD///8A////AP///wD///8A////AP///wD///8AZmVkfWZlZP9mZWT/ZmVkbWZlZBZmZWTBZmVkYGZlZAH///8A////AP///wD///8A////AP///wD///8A////AP///wD///8A////AP///wD///8A////AP///wD///8AZmVkJmZlZNlmZWTTZmVkHf///wD///8A////AP///wD///8A////AP///wD///8A////AP///wD///8A////AP///wD///8A////AP///wD///8A////AP///wD///8A////AP///wD///8A////AP///wD///8A////AP///wD///8A////AP///wD///8A////AP///wAAAAAAAAAAAAAAAAAAAAAAAAAAAAAAAAAAAAAAAAAAAAAAAAAAAAAAAAAAAAAAAAAAAAAAAAAAAAAAAAAAAAAAAAAAAAAAAAAAAAAAAAAAAAAAAAAAAAAAAAAAAAAAAAA=</IcoData>
    </AutoFormatItem>
    <AutoFormatItem Name="Recurring Day Item" IconEnabled="true">
      <Condition>
        <RootRule>
          <Rule Field="Recurrence" ConditionName="=" DataValue="Daily" DataType="Integer" ConditionID="1201"/>
        </RootRule>
      </Condition>
      <Fmt inherit="0" options="0"/>
      <Ico IconPos="1"/>
      <IcoData Caption="Active by Context">AAABAAEAGBgAAAEAIACICQAAFgAAACgAAAAYAAAAMAAAAAEAIAAAAAAAYAkAAAAAAAAAAAAAAAAAAAAAAAD///8A////AP///wD///8A////AP///wD///8A////AP///wD///8A////AP///wD///8A////AP///wD///8A////AP///wD///8A////AP///wD///8A////AP///wD///8A////AP///wD///8A////AP///wD///8A////AP///wD///8A////AP///wD///8A////AP///wD///8A////AP///wD///8A////AP///wD///8A////AP///wD///8A////AP///wD///8A////AP///wBmZWQOZmVkaGZlZLFmZWTYZmVk7GZlZPhmZWTjZmVkuWZlZHBmZWQN////AP///wD///8A////AP///wD///8A////AP///wD///8A////AP///wD///8A////AGZlZGRmZWTvZmVk/2ZlZP9mZWT/ZmVk/2ZlZP9mZWT/ZmVk/2ZlZP9mZWRc////AP///wD///8A////AP///wD///8A////AP///wD///8A////AP///wD///8AZmVkimZlZP9mZWT/ZmVkumZlZFVmZWQfZmVkCf///wBmZWQSZmVkPmZlZIlmZWQb////AP///wD///8A////AP///wD///8A////AP///wD///8A////AP///wBmZWRjZmVk/2ZlZPlmZWRa////AP///wD///8A////AP///wD///8A////AP///wBmZWQUZmVkGf///wD///8A////AP///wD///8A////AP///wD///8A////AGZlZAtmZWTqZmVk/2ZlZF3///8A////AP///wD///8A////AP///wD///8AZmVkIWZlZMdmZWT/ZmVk/2ZlZOJmZWRl////AP///wD///8A////AP///wD///8A////AGZlZGBmZWT/ZmVky////wD///8A////AP///wD///8A////AP///wD///8AZmVkuGZlZP9mZWTtZmVktGZlZPFmZWT/ZmVkef///wD///8A////AP///wD///8A////AGZlZK9mZWT/ZmVkav///wD///8AZmVkSmZlZOdmZWT/ZmVk/2ZlZP9mZWT/ZmVk/2ZlZP9mZWTpZmVkSmZlZCJmZWTtZmVk+mZlZCP///8A////AP///wD///8A////AGZlZOZmZWT/ZmVkIf///wD///8AZmVk5mZlZP9mZWT/ZmVk/2ZlZP9mZWT/ZmVk/2ZlZP9mZWT/ZmVk5////wBmZWR8ZmVk/2ZlZIT///8A////AP///wD///8A////AGZlZPxmZWT/ZmVkAv///wD///8AZmVk/2ZlZP9mZWQ8ZmVkA2ZlZKBmZWR2////AGZlZDtmZWT/ZmVk/////wBmZWQyZmVk/2ZlZMj///8A////AP///wD///8A////AGZlZPlmZWT/ZmVkBv///wD///8AZmVk/2ZlZP9mZWQGZmVkq2ZlZP9mZWT/ZmVkh////wBmZWR/ZmVk/////wBmZWQPZmVk/2ZlZOv///8A////AP///wD///8A////AGZlZOJmZWT/ZmVkIv///wD///8AZmVk/2ZlZP9mZWSqZmVk/2ZlZNVmZWToZmVk/2ZlZJZmZWQCZmVkf////wD///8AZmVk/2ZlZP////8A////AP///wD///8A////AGZlZLhmZWT/ZmVkSf///wD///8AZmVk/2ZlZP9mZWQ4ZmVkuWZlZBFmZWQnZmVk4WZlZP9mZWSkZmVkBf///wBmZWQDZmVk/2ZlZPT///8A////AP///wD///8A////AGZlZHNmZWT/ZmVkjf///wD///8AZmVk/2ZlZP////8A////AP///wD///8AZmVkHmZlZNhmZWT/ZmVkqP///wBmZWQeZmVk/2ZlZN3///8A////AP///wD///8A////AGZlZCVmZWT+ZmVk62ZlZAn///8AZmVk/2ZlZP9mZWQ8////AP///wD///8A////AGZlZBZmZWTAZmVkPv///wBmZWRTZmVk/2ZlZKz///8A////AP///wD///8A////AP///wBmZWS2ZmVk/2ZlZG7///8AZmVk5mZlZP9mZWT/ZmVk/2ZlZP9mZWT/ZmVk/2ZlZID///8A////AP///wBmZWSsZmVk/2ZlZGn///8A////AP///wD///8A////AP///wBmZWQxZmVk+mZlZPJmZWQtZmVkSWZlZOZmZWT/ZmVk/2ZlZP9mZWT/ZmVk/2ZlZP9mZWRv////AGZlZDpmZWT9ZmVk8GZlZBD///8A////AP///wD///8A////AP///wD///8AZmVkdWZlZP9mZWToZmVkQ////wD///8A////AP///wD///8A////AP///wD///8AZmVkHGZlZN5mZWT/ZmVkYv///wD///8A////AP///wD///8A////AP///wD///8A////AGZlZIVmZWT/ZmVk/2ZlZLNmZWRUZmVkF2ZlZAFmZWQEZmVkGGZlZEpmZWSkZmVk+2ZlZP9mZWSS////AP///wD///8A////AP///wD///8A////AP///wD///8A////AP///wBmZWRNZmVk22ZlZP9mZWT/ZmVk/2ZlZP1mZWT/ZmVk/2ZlZP9mZWT/ZmVk72ZlZGz///8A////AP///wD///8A////AP///wD///8A////AP///wD///8A////AP///wD///8AZmVkBmZlZGBmZWSuZmVk32ZlZPdmZWT6ZmVk5mZlZLRmZWRsZmVkEv///wD///8A////AP///wD///8A////AP///wD///8A////AP///wD///8A////AP///wD///8A////AP///wD///8A////AP///wD///8A////AP///wD///8A////AP///wD///8A////AP///wD///8A////AP///wD///8A////AP///wD///8A////AP///wD///8A////AP///wD///8A////AP///wD///8A////AP///wD///8A////AP///wD///8A////AP///wD///8A////AP///wAAAAAAAAAAAAAAAAAAAAAAAAAAAAAAAAAAAAAAAAAAAAAAAAAAAAAAAAAAAAAAAAAAAAAAAAAAAAAAAAAAAAAAAAAAAAAAAAAAAAAAAAAAAAAAAAAAAAAAAAAAAAAAAAA=</IcoData>
    </AutoFormatItem>
    <AutoFormatItem Name="GOAL" FormatEnabled="true" IconEnabled="true">
      <Condition>
        <RootRule>
          <Rule Field="Goal" ConditionName="=" DataValue="Year" DataType="Integer" ConditionID="701" LinkExpr="OR"/>
          <Rule Field="Goal" ConditionName="=" DataValue="Month" DataType="Integer" ConditionID="701"/>
        </RootRule>
      </Condition>
      <Fmt bold="1" inherit="0" bgcolor1_1="65535" options="0"/>
      <Ico IconPos="0"/>
      <IcoData Caption="Goals">AAABAAEAGBgAAAEAIACICQAAFgAAACgAAAAYAAAAMAAAAAEAIAAAAAAAYAkAAAAAAAAAAAAAAAAAAAAAAAD///8A////AP///wD///8A////AP///wD///8A////AP///wD///8A////AP///wD///8A////AP///wD///8A////AP///wD///8A////AP///wD///8A////AP///wD///8A////AP///wD///8A////AP///wD///8A////AP///wD///8A////AP///wD///8A////AP///wD///8A////AP///wD///8A////AP///wD///8A////AP///wD///8A////AP///wD///8A////AP///wD///8A////AGZlZDBmZWSMZmVkx2ZlZORmZWT3ZmVk5GZlZMdmZWSMZmVkMP///wD///8A////AP///wD///8A////AP///wD///8A////AP///wD///8A////AP///wBmZWQiZmVkrWZlZP5mZWT/ZmVk/2ZlZP9mZWT/ZmVk/2ZlZP9mZWT/ZmVk/mZlZKxmZWQi////AP///wD///8A////AP///wD///8A////AP///wD///8A////AGZlZEhmZWTwZmVk/2ZlZPNmZWSOZmVkQGZlZBX///8AZmVkFWZlZEFmZWSOZmVk82ZlZP9mZWTvZmVkR////wD///8A////AP///wD///8A////AP///wD///8AZmVkTmZlZPxmZWT/ZmVkomZlZBj///8A////AP///wD///8A////AP///wD///8AZmVkGWZlZKVmZWT/ZmVk/GZlZE7///8A////AP///wD///8A////AP///wBmZWQlZmVk82ZlZP9mZWR/////AP///wBmZWQ+ZmVkqWZlZOVmZWT7ZmVk5WZlZKhmZWQ9////AP///wBmZWSAZmVk/2ZlZPNmZWQm////AP///wD///8A////AP///wBmZWSuZmVk/2ZlZKL///8AZmVkBWZlZJdmZWT/ZmVk/2ZlZP9mZWT/ZmVk/2ZlZP9mZWT/ZmVklWZlZAP///8AZmVko2ZlZP9mZWS3////AP///wD///8A////AGZlZDJmZWT/ZmVk72ZlZBH///8AZmVklGZlZP9mZWT1ZmVkfWZlZCJmZWQFZmVkI2ZlZH5mZWT2ZmVk/2ZlZJT///8AZmVkE2ZlZO9mZWT/ZmVkM////wD///8A////AGZlZI5mZWT/ZmVkj////wBmZWQ8ZmVk/2ZlZPVmZWQ5////AP///wD///8A////AP///wBmZWQ5ZmVk9WZlZP9mZWQ6////AGZlZJJmZWT/ZmVkjP///wD///8A////AGZlZMxmZWT/ZmVkQv///wBmZWSnZmVk/2ZlZH7///8AZmVkIGZlZMBmZWT3ZmVku2ZlZB////8AZmVkfWZlZP9mZWSl////AGZlZENmZWT/ZmVkyP///wD///8A////AGZlZPBmZWT/ZmVkFv///wBmZWToZmVk/2ZlZCH///8AZmVkwGZlZP9mZWT/ZmVk/2ZlZL////8AZmVkImZlZP9mZWTm////AGZlZBdmZWT/ZmVk5f///wD///8A////AGZlZP9mZWT/ZmVkAv///wBmZWT/ZmVk/2ZlZAT///8AZmVk/WZlZP9mZWT/ZmVk/2ZlZPn///8AZmVkBmZlZP9mZWT9////AGZlZARmZWT/ZmVk/P///wD///8A////AGZlZPFmZWT/ZmVkFv///wBmZWToZmVk/2ZlZCH///8AZmVkwmZlZP9mZWT/ZmVk/2ZlZMD///8AZmVkImZlZP9mZWTm////AGZlZBdmZWT/ZmVk7v///wD///8A////AGZlZMxmZWT/ZmVkQf///wBmZWSnZmVk/2ZlZH3///8AZmVkIGZlZMBmZWT4ZmVku2ZlZCD///8AZmVkfGZlZP9mZWSl////AGZlZEJmZWT/ZmVky////wD///8A////AGZlZI5mZWT/ZmVkj////wBmZWQ8ZmVk/2ZlZPVmZWQ5////AP///wD///8A////AP///wBmZWQ5ZmVk9WZlZP9mZWQ7////AGZlZJFmZWT/ZmVkjf///wD///8A////AGZlZDNmZWT/ZmVk72ZlZBD///8AZmVklWZlZP9mZWT1ZmVkfWZlZCJmZWQEZmVkImZlZH1mZWT1ZmVk/2ZlZJT///8AZmVkEmZlZO9mZWT/ZmVkNP///wD///8A////AP///wBmZWSvZmVk/2ZlZKH///8AZmVkBWZlZJdmZWT/ZmVk/2ZlZP9mZWT/ZmVk/2ZlZP9mZWT/ZmVklmZlZAT///8AZmVkomZlZP9mZWS3////AP///wD///8A////AP///wBmZWQlZmVk9GZlZP9mZWR+////AP///wBmZWQ/ZmVkqWZlZOZmZWT9ZmVk5mZlZKlmZWQ+////AP///wBmZWSAZmVk/2ZlZPNmZWQm////AP///wD///8A////AP///wD///8AZmVkT2ZlZPxmZWT/ZmVkoWZlZBb///8A////AP///wD///8A////AP///wD///8AZmVkGGZlZKVmZWT/ZmVk/GZlZE7///8A////AP///wD///8A////AP///wD///8A////AGZlZEpmZWTwZmVk/2ZlZPNmZWSOZmVkP2ZlZBL///8AZmVkEmZlZD9mZWSOZmVk82ZlZP9mZWTwZmVkSf///wD///8A////AP///wD///8A////AP///wD///8A////AP///wBmZWQkZmVkrmZlZP9mZWT/ZmVk/2ZlZP9mZWT/ZmVk/2ZlZP9mZWT/ZmVk/mZlZK5mZWQi////AP///wD///8A////AP///wD///8A////AP///wD///8A////AP///wD///8A////AGZlZDBmZWSNZmVkyGZlZOVmZWT5ZmVk5WZlZMhmZWSNZmVkMP///wD///8A////AP///wD///8A////AP///wD///8A////AP///wD///8A////AP///wD///8A////AP///wD///8A////AP///wD///8A////AP///wD///8A////AP///wD///8A////AP///wD///8A////AP///wAAAAAAAAAAAAAAAAAAAAAAAAAAAAAAAAAAAAAAAAAAAAAAAAAAAAAAAAAAAAAAAAAAAAAAAAAAAAAAAAAAAAAAAAAAAAAAAAAAAAAAAAAAAAAAAAAAAAAAAAAAAAAAAAA=</IcoData>
    </AutoFormatItem>
    <AutoFormatItem Name="--- End of custom rules ---" Enabled="false">
      <Condition/>
      <Fmt inherit="0" options="2"/>
      <Ico IconPos="1"/>
    </AutoFormatItem>
    <AutoFormatItem Name="--- Optional (check to activate) ---" Enabled="false">
      <Condition/>
      <Fmt inherit="0" options="2"/>
      <Ico IconPos="1"/>
    </AutoFormatItem>
    <AutoFormatItem Name="New Task" Enabled="false" IconEnabled="true">
      <Condition>
        <RootRule>
          <Rule Field="CreatedDateTime" ConditionName="on or after" DataValue="now - 1" DataType="TDateTime" ConditionID="413"/>
        </RootRule>
      </Condition>
      <Fmt inherit="0" options="2"/>
      <Ico IconPos="4" IconHint="New Task"/>
      <IcoData Caption="New">AAABAAEAEBAAAAEAIABoBAAAFgAAACgAAAAQAAAAIAAAAAEAIAAAAAAAQAQAAAAAAAAAAAAAAAAAAAAAAAA2suIANrLiADay4gA2suIANrLiADay4sA2suJqNrLiADay4gA2suJqNrLiwDay4gA2suIANrLiADay4gA2suIANrLiADay4gA2suIANrLiADay4gA2suLkNrLi/zay4ng2suJ4NrLi/zay4uQ2suIANrLiADay4gA2suIANrLiADay4gA2suIdNrLiRTay4io2suIONrLi9jay4v82suL/NrLi/zay4v82suL2NrLiDjay4io2suJFNrLiHDay4gA2suIANrLiazay4v82suL/NrLi/zay4v82suL/NrLi/zay4v82suL/NrLi/zay4v82suL/NrLi/zay4ms2suIANrLiADay4gU2suLYNrLi/zay4v82suL/NrLi/zay4v82suL/NrLi/zay4v82suL/NrLi/zay4tg2suIFNrLiADay4gA2suIANrLiSzay4v82suL/NrLi/zay4v82suL/NrLi/zay4v82suL/NrLi/zay4v82suJLNrLiADay4gA2suIPNrLiazay4s02suL/NrLi/zay4v82suL/NrLi/zay4v82suL/NrLi/zay4v82suL/NrLizTay4ms2suIPNrLi4jay4v82suL/NrLi/zay4v82suL/NrLi/zay4v82suL/NrLi/zay4v82suL/NrLi/zay4v82suL/NrLi2jay4g82suJpNrLizDay4v82suL/NrLi/zay4v82suL/NrLi/zay4v82suL/NrLi/zay4v82suLMNrLiaTay4g82suIANrLiADay4ks2suL/NrLi/zay4v82suL/NrLi/zay4v82suL/NrLi/zay4v82suL/NrLiSzay4gA2suIANrLiADay4gU2suLZNrLi/zay4v82suL/NrLi/zay4v82suL/NrLi/zay4v82suL/NrLi/zay4tk2suIFNrLiADay4gA2suJrNrLi/zay4v82suL/NrLi/zay4v82suL/NrLi/zay4v82suL/NrLi/zay4v82suL/NrLiazay4gA2suIANrLiHTay4kU2suIqNrLiDDay4vY2suL/NrLi/zay4v82suL/NrLi9jay4gw2suIqNrLiRTay4hw2suIANrLiADay4gA2suIANrLiADay4gA2suLkNrLi/zay4ng2suJ4NrLi/zay4uQ2suIANrLiADay4gA2suIANrLiADay4gA2suIANrLiADay4gA2suIANrLivzay4mo2suIANrLiADay4mo2suK/NrLiADay4gA2suIANrLiADay4gA2suIANrLiADay4gA2suIANrLiADay4gA2suIANrLiADay4gA2suIANrLiADay4gA2suIANrLiADay4gA2suIAAAAAAAAAAAAAAAAAAAAAAAAAAAAAAAAAAAAAAAAAAAAAAAAAAAAAAAAAAAAAAAAAAAAAAAAAAAAAAAAAAAAAAA==</IcoData>
    </AutoFormatItem>
    <AutoFormatItem Name="Updated within 15 min" FormatEnabled="true">
      <Condition>
        <RootRule>
          <Rule Field="ModifiedDateTime" ConditionName="on or after" DataValue="now - 0.0104166667" DataType="TDateTime" ConditionID="413"/>
        </RootRule>
      </Condition>
      <Fmt inherit="0" SideBarColor="13168351" options="0"/>
      <Ico IconPos="1"/>
    </AutoFormatItem>
    <AutoFormatItem Name="--- End of optional rules ---" Enabled="false">
      <Condition/>
      <Fmt inherit="0" options="2"/>
      <Ico IconPos="1"/>
    </AutoFormatItem>
  </AutoformatRoot>
  <Workspaces>
    <Workspace Name="My Workspace" View="All tasks-main"/>
  </Workspaces>
</MyLifeOrganized-xml>
